2026-03-09 14:30:56,537 - utils.logger2026-03-09-14.30.56 - INFO - The number of training samples = 1750
2026-03-09 14:30:56,537 - utils.logger2026-03-09-14.30.56 - INFO - The number of testing samples = 224
2026-03-09 14:30:59,311 - utils.logger2026-03-09-14.30.56 - INFO - Cur epoch 1 loss TA:1.0377 TV:1.0343 VA:2.0738 CE:3.2876
2026-03-09 14:31:00,035 - utils.logger2026-03-09-14.30.56 - INFO - Cur epoch 1 loss TA:1.0352 TV:1.0360 VA:2.0721 CE:2.6177
2026-03-09 14:31:00,653 - utils.logger2026-03-09-14.30.56 - INFO - saving the model at the end of epoch 1, iters 28
2026-03-09 14:31:00,857 - utils.logger2026-03-09-14.30.56 - INFO - End of training epoch 1 / 40 	 Time Taken: 3 sec
2026-03-09 14:31:00,857 - utils.logger2026-03-09-14.30.56 - INFO - learning rate = 0.0002000
2026-03-09 14:31:01,416 - utils.logger2026-03-09-14.30.56 - INFO - Val result of epoch 1 / 40 mae 1.4044 corr 0.3947 f1 0.7231
2026-03-09 14:31:01,941 - utils.logger2026-03-09-14.30.56 - INFO - Tst result of epoch 1 / 40 mae 1.3509 corr 0.1130 f1 0.5962
2026-03-09 14:31:02,465 - utils.logger2026-03-09-14.30.56 - INFO - Cur epoch 2 loss TA:1.0354 TV:1.0317 VA:2.0648 CE:2.9204
2026-03-09 14:31:03,149 - utils.logger2026-03-09-14.30.56 - INFO - Cur epoch 2 loss TA:1.0310 TV:1.0329 VA:2.0647 CE:2.2587
2026-03-09 14:31:03,871 - utils.logger2026-03-09-14.30.56 - INFO - Cur epoch 2 loss TA:1.0235 TV:1.0243 VA:2.0495 CE:2.5598
2026-03-09 14:31:04,230 - utils.logger2026-03-09-14.30.56 - INFO - saving the model at the end of epoch 2, iters 56
2026-03-09 14:31:04,362 - utils.logger2026-03-09-14.30.56 - INFO - End of training epoch 2 / 40 	 Time Taken: 2 sec
2026-03-09 14:31:04,362 - utils.logger2026-03-09-14.30.56 - INFO - learning rate = 0.0002000
2026-03-09 14:31:04,974 - utils.logger2026-03-09-14.30.56 - INFO - Val result of epoch 2 / 40 mae 1.3671 corr 0.4995 f1 0.7777
2026-03-09 14:31:05,639 - utils.logger2026-03-09-14.30.56 - INFO - Tst result of epoch 2 / 40 mae 1.3352 corr 0.1656 f1 0.5879
2026-03-09 14:31:06,505 - utils.logger2026-03-09-14.30.56 - INFO - Cur epoch 3 loss TA:1.0164 TV:1.0127 VA:2.0389 CE:2.4609
2026-03-09 14:31:07,070 - utils.logger2026-03-09-14.30.56 - INFO - Cur epoch 3 loss TA:0.9868 TV:0.9889 VA:1.9838 CE:2.1113
2026-03-09 14:31:07,849 - utils.logger2026-03-09-14.30.56 - INFO - Cur epoch 3 loss TA:0.9822 TV:0.9853 VA:1.9811 CE:1.9983
2026-03-09 14:31:08,199 - utils.logger2026-03-09-14.30.56 - INFO - saving the model at the end of epoch 3, iters 84
2026-03-09 14:31:08,476 - utils.logger2026-03-09-14.30.56 - INFO - End of training epoch 3 / 40 	 Time Taken: 2 sec
2026-03-09 14:31:08,477 - utils.logger2026-03-09-14.30.56 - INFO - learning rate = 0.0002000
2026-03-09 14:31:09,124 - utils.logger2026-03-09-14.30.56 - INFO - Val result of epoch 3 / 40 mae 1.2516 corr 0.5999 f1 0.7785
2026-03-09 14:31:09,802 - utils.logger2026-03-09-14.30.56 - INFO - Tst result of epoch 3 / 40 mae 1.2855 corr 0.2523 f1 0.6522
2026-03-09 14:31:10,796 - utils.logger2026-03-09-14.30.56 - INFO - Cur epoch 4 loss TA:0.9686 TV:0.9619 VA:1.9263 CE:1.7586
2026-03-09 14:31:11,691 - utils.logger2026-03-09-14.30.56 - INFO - Cur epoch 4 loss TA:0.9588 TV:0.9458 VA:1.9199 CE:2.2007
2026-03-09 14:31:12,238 - utils.logger2026-03-09-14.30.56 - INFO - Cur epoch 4 loss TA:0.9553 TV:0.9603 VA:1.9295 CE:2.1565
2026-03-09 14:31:12,486 - utils.logger2026-03-09-14.30.56 - INFO - saving the model at the end of epoch 4, iters 112
2026-03-09 14:31:12,976 - utils.logger2026-03-09-14.30.56 - INFO - End of training epoch 4 / 40 	 Time Taken: 3 sec
2026-03-09 14:31:12,977 - utils.logger2026-03-09-14.30.56 - INFO - learning rate = 0.0002000
2026-03-09 14:31:13,622 - utils.logger2026-03-09-14.30.56 - INFO - Val result of epoch 4 / 40 mae 1.1859 corr 0.6730 f1 0.8261
2026-03-09 14:31:14,206 - utils.logger2026-03-09-14.30.56 - INFO - Tst result of epoch 4 / 40 mae 1.2289 corr 0.3923 f1 0.6966
2026-03-09 14:31:15,330 - utils.logger2026-03-09-14.30.56 - INFO - Cur epoch 5 loss TA:0.9074 TV:0.9237 VA:1.7855 CE:2.0041
2026-03-09 14:31:16,067 - utils.logger2026-03-09-14.30.56 - INFO - Cur epoch 5 loss TA:0.9417 TV:0.9333 VA:1.8171 CE:2.0226
2026-03-09 14:31:16,779 - utils.logger2026-03-09-14.30.56 - INFO - Cur epoch 5 loss TA:0.6183 TV:0.6450 VA:1.2443 CE:1.6849
2026-03-09 14:31:16,862 - utils.logger2026-03-09-14.30.56 - INFO - saving the model at the end of epoch 5, iters 140
2026-03-09 14:31:17,129 - utils.logger2026-03-09-14.30.56 - INFO - End of training epoch 5 / 40 	 Time Taken: 2 sec
2026-03-09 14:31:17,129 - utils.logger2026-03-09-14.30.56 - INFO - learning rate = 0.0002000
2026-03-09 14:31:17,793 - utils.logger2026-03-09-14.30.56 - INFO - Val result of epoch 5 / 40 mae 1.0620 corr 0.6852 f1 0.8267
2026-03-09 14:31:18,488 - utils.logger2026-03-09-14.30.56 - INFO - Tst result of epoch 5 / 40 mae 1.1228 corr 0.4994 f1 0.7791
2026-03-09 14:31:19,920 - utils.logger2026-03-09-14.30.56 - INFO - Cur epoch 6 loss TA:0.9086 TV:0.9105 VA:1.7604 CE:1.6322
2026-03-09 14:31:20,789 - utils.logger2026-03-09-14.30.56 - INFO - Cur epoch 6 loss TA:0.8872 TV:0.9014 VA:1.7674 CE:1.0216
2026-03-09 14:31:21,349 - utils.logger2026-03-09-14.30.56 - INFO - saving the model at the end of epoch 6, iters 168
2026-03-09 14:31:21,632 - utils.logger2026-03-09-14.30.56 - INFO - End of training epoch 6 / 40 	 Time Taken: 3 sec
2026-03-09 14:31:21,632 - utils.logger2026-03-09-14.30.56 - INFO - learning rate = 0.0002000
2026-03-09 14:31:22,292 - utils.logger2026-03-09-14.30.56 - INFO - Val result of epoch 6 / 40 mae 1.1359 corr 0.7011 f1 0.7861
2026-03-09 14:31:23,005 - utils.logger2026-03-09-14.30.56 - INFO - Tst result of epoch 6 / 40 mae 1.1636 corr 0.5186 f1 0.7304
2026-03-09 14:31:23,725 - utils.logger2026-03-09-14.30.56 - INFO - Cur epoch 7 loss TA:0.8811 TV:0.8913 VA:1.6704 CE:1.1892
2026-03-09 14:31:24,576 - utils.logger2026-03-09-14.30.56 - INFO - Cur epoch 7 loss TA:0.8662 TV:0.8496 VA:1.6619 CE:1.7030
2026-03-09 14:31:25,277 - utils.logger2026-03-09-14.30.56 - INFO - Cur epoch 7 loss TA:0.8791 TV:0.8881 VA:1.6919 CE:0.9782
2026-03-09 14:31:25,796 - utils.logger2026-03-09-14.30.56 - INFO - saving the model at the end of epoch 7, iters 196
2026-03-09 14:31:26,247 - utils.logger2026-03-09-14.30.56 - INFO - End of training epoch 7 / 40 	 Time Taken: 3 sec
2026-03-09 14:31:26,247 - utils.logger2026-03-09-14.30.56 - INFO - learning rate = 0.0002000
2026-03-09 14:31:26,888 - utils.logger2026-03-09-14.30.56 - INFO - Val result of epoch 7 / 40 mae 0.9981 corr 0.7161 f1 0.8212
2026-03-09 14:31:27,500 - utils.logger2026-03-09-14.30.56 - INFO - Tst result of epoch 7 / 40 mae 1.0950 corr 0.5265 f1 0.7777
2026-03-09 14:31:28,530 - utils.logger2026-03-09-14.30.56 - INFO - Cur epoch 8 loss TA:0.8254 TV:0.8530 VA:1.6152 CE:1.3422
2026-03-09 14:31:29,263 - utils.logger2026-03-09-14.30.56 - INFO - Cur epoch 8 loss TA:0.8482 TV:0.8469 VA:1.5775 CE:1.2501
2026-03-09 14:31:30,023 - utils.logger2026-03-09-14.30.56 - INFO - Cur epoch 8 loss TA:0.8612 TV:0.8796 VA:1.5502 CE:1.3098
2026-03-09 14:31:30,439 - utils.logger2026-03-09-14.30.56 - INFO - saving the model at the end of epoch 8, iters 224
2026-03-09 14:31:30,760 - utils.logger2026-03-09-14.30.56 - INFO - End of training epoch 8 / 40 	 Time Taken: 3 sec
2026-03-09 14:31:30,760 - utils.logger2026-03-09-14.30.56 - INFO - learning rate = 0.0002000
2026-03-09 14:31:31,475 - utils.logger2026-03-09-14.30.56 - INFO - Val result of epoch 8 / 40 mae 1.0249 corr 0.7113 f1 0.7957
2026-03-09 14:31:32,195 - utils.logger2026-03-09-14.30.56 - INFO - Tst result of epoch 8 / 40 mae 1.0861 corr 0.5605 f1 0.7352
2026-03-09 14:31:33,090 - utils.logger2026-03-09-14.30.56 - INFO - Cur epoch 9 loss TA:0.8609 TV:0.8469 VA:1.5066 CE:1.0208
2026-03-09 14:31:34,020 - utils.logger2026-03-09-14.30.56 - INFO - Cur epoch 9 loss TA:0.8388 TV:0.8227 VA:1.5439 CE:1.0118
2026-03-09 14:31:34,744 - utils.logger2026-03-09-14.30.56 - INFO - Cur epoch 9 loss TA:0.8115 TV:0.8351 VA:1.5580 CE:1.1452
2026-03-09 14:31:35,104 - utils.logger2026-03-09-14.30.56 - INFO - saving the model at the end of epoch 9, iters 252
2026-03-09 14:31:35,386 - utils.logger2026-03-09-14.30.56 - INFO - End of training epoch 9 / 40 	 Time Taken: 3 sec
2026-03-09 14:31:35,387 - utils.logger2026-03-09-14.30.56 - INFO - learning rate = 0.0002000
2026-03-09 14:31:36,015 - utils.logger2026-03-09-14.30.56 - INFO - Val result of epoch 9 / 40 mae 0.9063 corr 0.7361 f1 0.8407
2026-03-09 14:31:36,660 - utils.logger2026-03-09-14.30.56 - INFO - Tst result of epoch 9 / 40 mae 1.0430 corr 0.5771 f1 0.7553
2026-03-09 14:31:37,753 - utils.logger2026-03-09-14.30.56 - INFO - Cur epoch 10 loss TA:0.8081 TV:0.8028 VA:1.5125 CE:1.0196
2026-03-09 14:31:38,535 - utils.logger2026-03-09-14.30.56 - INFO - Cur epoch 10 loss TA:0.8078 TV:0.8400 VA:1.4737 CE:1.0877
2026-03-09 14:31:39,349 - utils.logger2026-03-09-14.30.56 - INFO - Cur epoch 10 loss TA:0.5346 TV:0.5502 VA:0.9540 CE:1.2514
2026-03-09 14:31:39,423 - utils.logger2026-03-09-14.30.56 - INFO - saving the model at the end of epoch 10, iters 280
2026-03-09 14:31:39,731 - utils.logger2026-03-09-14.30.56 - INFO - End of training epoch 10 / 40 	 Time Taken: 3 sec
2026-03-09 14:31:39,731 - utils.logger2026-03-09-14.30.56 - INFO - learning rate = 0.0002000
2026-03-09 14:31:40,428 - utils.logger2026-03-09-14.30.56 - INFO - Val result of epoch 10 / 40 mae 0.8931 corr 0.7386 f1 0.8382
2026-03-09 14:31:41,146 - utils.logger2026-03-09-14.30.56 - INFO - Tst result of epoch 10 / 40 mae 1.0378 corr 0.5798 f1 0.7752
2026-03-09 14:31:42,488 - utils.logger2026-03-09-14.30.56 - INFO - Cur epoch 11 loss TA:0.7784 TV:0.7720 VA:1.3915 CE:1.0499
2026-03-09 14:31:43,160 - utils.logger2026-03-09-14.30.56 - INFO - Cur epoch 11 loss TA:0.7939 TV:0.8422 VA:1.4828 CE:0.7167
2026-03-09 14:31:43,752 - utils.logger2026-03-09-14.30.56 - INFO - saving the model at the end of epoch 11, iters 308
2026-03-09 14:31:44,126 - utils.logger2026-03-09-14.30.56 - INFO - End of training epoch 11 / 40 	 Time Taken: 2 sec
2026-03-09 14:31:44,127 - utils.logger2026-03-09-14.30.56 - INFO - learning rate = 0.0002000
2026-03-09 14:31:44,810 - utils.logger2026-03-09-14.30.56 - INFO - Val result of epoch 11 / 40 mae 0.9134 corr 0.7214 f1 0.8154
2026-03-09 14:31:45,389 - utils.logger2026-03-09-14.30.56 - INFO - Tst result of epoch 11 / 40 mae 1.0148 corr 0.5999 f1 0.7850
2026-03-09 14:31:46,042 - utils.logger2026-03-09-14.30.56 - INFO - Cur epoch 12 loss TA:0.7755 TV:0.7786 VA:1.3484 CE:0.8908
2026-03-09 14:31:46,773 - utils.logger2026-03-09-14.30.56 - INFO - Cur epoch 12 loss TA:0.7653 TV:0.7850 VA:1.3439 CE:0.5480
2026-03-09 14:31:47,370 - utils.logger2026-03-09-14.30.56 - INFO - Cur epoch 12 loss TA:0.7421 TV:0.7484 VA:1.3399 CE:0.7754
2026-03-09 14:31:48,003 - utils.logger2026-03-09-14.30.56 - INFO - saving the model at the end of epoch 12, iters 336
2026-03-09 14:31:48,238 - utils.logger2026-03-09-14.30.56 - INFO - End of training epoch 12 / 40 	 Time Taken: 2 sec
2026-03-09 14:31:48,239 - utils.logger2026-03-09-14.30.56 - INFO - learning rate = 0.0002000
2026-03-09 14:31:48,885 - utils.logger2026-03-09-14.30.56 - INFO - Val result of epoch 12 / 40 mae 1.0019 corr 0.7010 f1 0.7861
2026-03-09 14:31:49,606 - utils.logger2026-03-09-14.30.56 - INFO - Tst result of epoch 12 / 40 mae 1.0401 corr 0.6148 f1 0.7689
2026-03-09 14:31:50,599 - utils.logger2026-03-09-14.30.56 - INFO - Cur epoch 13 loss TA:0.7293 TV:0.7243 VA:1.3362 CE:0.8473
2026-03-09 14:31:51,450 - utils.logger2026-03-09-14.30.56 - INFO - Cur epoch 13 loss TA:0.7712 TV:0.7804 VA:1.3568 CE:0.7854
2026-03-09 14:31:52,105 - utils.logger2026-03-09-14.30.56 - INFO - Cur epoch 13 loss TA:0.7438 TV:0.7476 VA:1.3783 CE:0.6164
2026-03-09 14:31:52,616 - utils.logger2026-03-09-14.30.56 - INFO - saving the model at the end of epoch 13, iters 364
2026-03-09 14:31:52,895 - utils.logger2026-03-09-14.30.56 - INFO - End of training epoch 13 / 40 	 Time Taken: 3 sec
2026-03-09 14:31:52,895 - utils.logger2026-03-09-14.30.56 - INFO - learning rate = 0.0002000
2026-03-09 14:31:53,519 - utils.logger2026-03-09-14.30.56 - INFO - Val result of epoch 13 / 40 mae 0.9524 corr 0.7134 f1 0.8306
2026-03-09 14:31:54,132 - utils.logger2026-03-09-14.30.56 - INFO - Tst result of epoch 13 / 40 mae 1.0255 corr 0.6045 f1 0.7861
2026-03-09 14:31:55,232 - utils.logger2026-03-09-14.30.56 - INFO - Cur epoch 14 loss TA:0.7256 TV:0.7379 VA:1.2923 CE:0.4410
2026-03-09 14:31:56,053 - utils.logger2026-03-09-14.30.56 - INFO - Cur epoch 14 loss TA:0.7093 TV:0.7369 VA:1.3906 CE:0.5700
2026-03-09 14:31:56,844 - utils.logger2026-03-09-14.30.56 - INFO - Cur epoch 14 loss TA:0.6795 TV:0.7143 VA:1.2304 CE:0.6408
2026-03-09 14:31:57,085 - utils.logger2026-03-09-14.30.56 - INFO - saving the model at the end of epoch 14, iters 392
2026-03-09 14:31:57,333 - utils.logger2026-03-09-14.30.56 - INFO - End of training epoch 14 / 40 	 Time Taken: 3 sec
2026-03-09 14:31:57,334 - utils.logger2026-03-09-14.30.56 - INFO - learning rate = 0.0002000
2026-03-09 14:31:57,983 - utils.logger2026-03-09-14.30.56 - INFO - Val result of epoch 14 / 40 mae 0.9247 corr 0.7220 f1 0.8149
2026-03-09 14:31:58,619 - utils.logger2026-03-09-14.30.56 - INFO - Tst result of epoch 14 / 40 mae 1.0190 corr 0.5914 f1 0.7511
2026-03-09 14:31:59,664 - utils.logger2026-03-09-14.30.56 - INFO - Cur epoch 15 loss TA:0.6644 TV:0.6706 VA:1.2399 CE:0.6863
2026-03-09 14:32:00,457 - utils.logger2026-03-09-14.30.56 - INFO - Cur epoch 15 loss TA:0.6799 TV:0.6924 VA:1.2653 CE:0.4293
2026-03-09 14:32:01,191 - utils.logger2026-03-09-14.30.56 - INFO - Cur epoch 15 loss TA:0.4322 TV:0.4546 VA:0.7291 CE:0.2528
2026-03-09 14:32:01,266 - utils.logger2026-03-09-14.30.56 - INFO - saving the model at the end of epoch 15, iters 420
2026-03-09 14:32:01,570 - utils.logger2026-03-09-14.30.56 - INFO - End of training epoch 15 / 40 	 Time Taken: 2 sec
2026-03-09 14:32:01,571 - utils.logger2026-03-09-14.30.56 - INFO - learning rate = 0.0002000
2026-03-09 14:32:02,174 - utils.logger2026-03-09-14.30.56 - INFO - Val result of epoch 15 / 40 mae 0.9925 corr 0.6870 f1 0.7813
2026-03-09 14:32:02,897 - utils.logger2026-03-09-14.30.56 - INFO - Tst result of epoch 15 / 40 mae 1.0389 corr 0.6137 f1 0.7494
2026-03-09 14:32:04,368 - utils.logger2026-03-09-14.30.56 - INFO - Cur epoch 16 loss TA:0.7070 TV:0.7094 VA:1.2387 CE:0.4489
2026-03-09 14:32:05,102 - utils.logger2026-03-09-14.30.56 - INFO - Cur epoch 16 loss TA:0.6991 TV:0.7184 VA:1.2525 CE:0.5252
2026-03-09 14:32:05,944 - utils.logger2026-03-09-14.30.56 - INFO - saving the model at the end of epoch 16, iters 448
2026-03-09 14:32:06,236 - utils.logger2026-03-09-14.30.56 - INFO - End of training epoch 16 / 40 	 Time Taken: 3 sec
2026-03-09 14:32:06,236 - utils.logger2026-03-09-14.30.56 - INFO - learning rate = 0.0002000
2026-03-09 14:32:06,985 - utils.logger2026-03-09-14.30.56 - INFO - Val result of epoch 16 / 40 mae 0.9131 corr 0.7160 f1 0.8037
2026-03-09 14:32:07,751 - utils.logger2026-03-09-14.30.56 - INFO - Tst result of epoch 16 / 40 mae 0.9987 corr 0.6121 f1 0.7653
2026-03-09 14:32:08,453 - utils.logger2026-03-09-14.30.56 - INFO - Cur epoch 17 loss TA:0.6681 TV:0.6726 VA:1.2023 CE:0.5454
2026-03-09 14:32:09,198 - utils.logger2026-03-09-14.30.56 - INFO - Cur epoch 17 loss TA:0.6930 TV:0.6851 VA:1.2356 CE:0.5161
2026-03-09 14:32:10,121 - utils.logger2026-03-09-14.30.56 - INFO - Cur epoch 17 loss TA:0.6666 TV:0.6844 VA:1.2112 CE:0.6299
2026-03-09 14:32:10,566 - utils.logger2026-03-09-14.30.56 - INFO - saving the model at the end of epoch 17, iters 476
2026-03-09 14:32:10,864 - utils.logger2026-03-09-14.30.56 - INFO - End of training epoch 17 / 40 	 Time Taken: 3 sec
2026-03-09 14:32:10,865 - utils.logger2026-03-09-14.30.56 - INFO - learning rate = 0.0002000
2026-03-09 14:32:11,469 - utils.logger2026-03-09-14.30.56 - INFO - Val result of epoch 17 / 40 mae 0.8675 corr 0.7273 f1 0.8185
2026-03-09 14:32:12,160 - utils.logger2026-03-09-14.30.56 - INFO - Tst result of epoch 17 / 40 mae 0.9726 corr 0.6208 f1 0.7880
2026-03-09 14:32:13,154 - utils.logger2026-03-09-14.30.56 - INFO - Cur epoch 18 loss TA:0.6350 TV:0.6513 VA:1.1880 CE:0.3597
2026-03-09 14:32:13,869 - utils.logger2026-03-09-14.30.56 - INFO - Cur epoch 18 loss TA:0.6874 TV:0.6920 VA:1.1984 CE:0.4068
2026-03-09 14:32:14,648 - utils.logger2026-03-09-14.30.56 - INFO - Cur epoch 18 loss TA:0.6719 TV:0.6734 VA:1.2112 CE:0.3976
2026-03-09 14:32:15,006 - utils.logger2026-03-09-14.30.56 - INFO - saving the model at the end of epoch 18, iters 504
2026-03-09 14:32:15,310 - utils.logger2026-03-09-14.30.56 - INFO - End of training epoch 18 / 40 	 Time Taken: 3 sec
2026-03-09 14:32:15,310 - utils.logger2026-03-09-14.30.56 - INFO - learning rate = 0.0002000
2026-03-09 14:32:15,981 - utils.logger2026-03-09-14.30.56 - INFO - Val result of epoch 18 / 40 mae 1.0497 corr 0.7013 f1 0.7626
2026-03-09 14:32:16,656 - utils.logger2026-03-09-14.30.56 - INFO - Tst result of epoch 18 / 40 mae 1.0977 corr 0.5902 f1 0.7541
2026-03-09 14:32:17,659 - utils.logger2026-03-09-14.30.56 - INFO - Cur epoch 19 loss TA:0.6485 TV:0.6577 VA:1.2133 CE:0.4109
2026-03-09 14:32:18,374 - utils.logger2026-03-09-14.30.56 - INFO - Cur epoch 19 loss TA:0.6203 TV:0.6556 VA:1.1916 CE:0.2981
2026-03-09 14:32:19,177 - utils.logger2026-03-09-14.30.56 - INFO - Cur epoch 19 loss TA:0.6184 TV:0.6086 VA:1.1219 CE:0.3286
2026-03-09 14:32:19,353 - utils.logger2026-03-09-14.30.56 - INFO - saving the model at the end of epoch 19, iters 532
2026-03-09 14:32:19,501 - utils.logger2026-03-09-14.30.56 - INFO - End of training epoch 19 / 40 	 Time Taken: 2 sec
2026-03-09 14:32:19,501 - utils.logger2026-03-09-14.30.56 - INFO - learning rate = 0.0002000
2026-03-09 14:32:20,151 - utils.logger2026-03-09-14.30.56 - INFO - Val result of epoch 19 / 40 mae 0.9610 corr 0.7066 f1 0.8057
2026-03-09 14:32:20,729 - utils.logger2026-03-09-14.30.56 - INFO - Tst result of epoch 19 / 40 mae 1.0185 corr 0.6208 f1 0.7744
2026-03-09 14:32:21,511 - utils.logger2026-03-09-14.30.56 - INFO - Cur epoch 20 loss TA:0.6716 TV:0.7055 VA:1.1797 CE:0.2429
2026-03-09 14:32:22,192 - utils.logger2026-03-09-14.30.56 - INFO - Cur epoch 20 loss TA:0.6249 TV:0.6388 VA:1.1495 CE:0.3800
2026-03-09 14:32:22,645 - utils.logger2026-03-09-14.30.56 - INFO - Cur epoch 20 loss TA:0.3006 TV:0.3077 VA:0.6073 CE:0.6069
2026-03-09 14:32:22,697 - utils.logger2026-03-09-14.30.56 - INFO - saving the model at the end of epoch 20, iters 560
2026-03-09 14:32:23,001 - utils.logger2026-03-09-14.30.56 - INFO - End of training epoch 20 / 40 	 Time Taken: 2 sec
2026-03-09 14:32:23,002 - utils.logger2026-03-09-14.30.56 - INFO - learning rate = 0.0001905
2026-03-09 14:32:23,723 - utils.logger2026-03-09-14.30.56 - INFO - Val result of epoch 20 / 40 mae 0.8638 corr 0.7334 f1 0.8111
2026-03-09 14:32:24,369 - utils.logger2026-03-09-14.30.56 - INFO - Tst result of epoch 20 / 40 mae 0.9870 corr 0.6174 f1 0.7821
2026-03-09 14:32:25,609 - utils.logger2026-03-09-14.30.56 - INFO - Cur epoch 21 loss TA:0.6503 TV:0.6429 VA:1.1378 CE:0.3842
2026-03-09 14:32:26,560 - utils.logger2026-03-09-14.30.56 - INFO - Cur epoch 21 loss TA:0.6465 TV:0.6522 VA:1.1618 CE:0.3773
2026-03-09 14:32:27,248 - utils.logger2026-03-09-14.30.56 - INFO - saving the model at the end of epoch 21, iters 588
2026-03-09 14:32:27,475 - utils.logger2026-03-09-14.30.56 - INFO - End of training epoch 21 / 40 	 Time Taken: 3 sec
2026-03-09 14:32:27,475 - utils.logger2026-03-09-14.30.56 - INFO - learning rate = 0.0001810
2026-03-09 14:32:28,156 - utils.logger2026-03-09-14.30.56 - INFO - Val result of epoch 21 / 40 mae 1.0168 corr 0.7147 f1 0.7908
2026-03-09 14:32:28,932 - utils.logger2026-03-09-14.30.56 - INFO - Tst result of epoch 21 / 40 mae 1.0585 corr 0.6177 f1 0.7828
2026-03-09 14:32:29,613 - utils.logger2026-03-09-14.30.56 - INFO - Cur epoch 22 loss TA:0.6077 TV:0.6217 VA:1.1063 CE:0.3226
2026-03-09 14:32:30,330 - utils.logger2026-03-09-14.30.56 - INFO - Cur epoch 22 loss TA:0.6010 TV:0.6192 VA:1.1123 CE:0.2258
2026-03-09 14:32:30,994 - utils.logger2026-03-09-14.30.56 - INFO - Cur epoch 22 loss TA:0.6351 TV:0.6282 VA:1.1323 CE:0.3699
2026-03-09 14:32:31,540 - utils.logger2026-03-09-14.30.56 - INFO - saving the model at the end of epoch 22, iters 616
2026-03-09 14:32:32,005 - utils.logger2026-03-09-14.30.56 - INFO - End of training epoch 22 / 40 	 Time Taken: 3 sec
2026-03-09 14:32:32,005 - utils.logger2026-03-09-14.30.56 - INFO - learning rate = 0.0001714
2026-03-09 14:32:32,623 - utils.logger2026-03-09-14.30.56 - INFO - Val result of epoch 22 / 40 mae 0.9737 corr 0.7070 f1 0.7814
2026-03-09 14:32:33,241 - utils.logger2026-03-09-14.30.56 - INFO - Tst result of epoch 22 / 40 mae 1.0173 corr 0.6157 f1 0.7650
2026-03-09 14:32:34,132 - utils.logger2026-03-09-14.30.56 - INFO - Cur epoch 23 loss TA:0.5964 TV:0.5931 VA:1.0833 CE:0.3960
2026-03-09 14:32:34,833 - utils.logger2026-03-09-14.30.56 - INFO - Cur epoch 23 loss TA:0.6216 TV:0.6204 VA:1.0781 CE:0.2685
2026-03-09 14:32:35,792 - utils.logger2026-03-09-14.30.56 - INFO - Cur epoch 23 loss TA:0.6280 TV:0.6351 VA:1.1641 CE:0.3549
2026-03-09 14:32:36,183 - utils.logger2026-03-09-14.30.56 - INFO - saving the model at the end of epoch 23, iters 644
2026-03-09 14:32:36,515 - utils.logger2026-03-09-14.30.56 - INFO - End of training epoch 23 / 40 	 Time Taken: 3 sec
2026-03-09 14:32:36,515 - utils.logger2026-03-09-14.30.56 - INFO - learning rate = 0.0001619
2026-03-09 14:32:37,244 - utils.logger2026-03-09-14.30.56 - INFO - Val result of epoch 23 / 40 mae 0.8854 corr 0.7230 f1 0.8175
2026-03-09 14:32:37,887 - utils.logger2026-03-09-14.30.56 - INFO - Tst result of epoch 23 / 40 mae 0.9828 corr 0.6156 f1 0.7788
2026-03-09 14:32:39,024 - utils.logger2026-03-09-14.30.56 - INFO - Cur epoch 24 loss TA:0.5861 TV:0.6077 VA:1.1009 CE:0.3462
2026-03-09 14:32:39,679 - utils.logger2026-03-09-14.30.56 - INFO - Cur epoch 24 loss TA:0.5945 TV:0.5938 VA:1.0880 CE:0.2185
2026-03-09 14:32:40,370 - utils.logger2026-03-09-14.30.56 - INFO - Cur epoch 24 loss TA:0.6084 TV:0.6110 VA:1.0887 CE:0.2629
2026-03-09 14:32:40,569 - utils.logger2026-03-09-14.30.56 - INFO - saving the model at the end of epoch 24, iters 672
2026-03-09 14:32:40,860 - utils.logger2026-03-09-14.30.56 - INFO - End of training epoch 24 / 40 	 Time Taken: 2 sec
2026-03-09 14:32:40,861 - utils.logger2026-03-09-14.30.56 - INFO - learning rate = 0.0001524
2026-03-09 14:32:41,530 - utils.logger2026-03-09-14.30.56 - INFO - Val result of epoch 24 / 40 mae 0.9814 corr 0.7106 f1 0.8054
2026-03-09 14:32:42,154 - utils.logger2026-03-09-14.30.56 - INFO - Tst result of epoch 24 / 40 mae 1.0190 corr 0.6221 f1 0.7881
2026-03-09 14:32:43,314 - utils.logger2026-03-09-14.30.56 - INFO - Cur epoch 25 loss TA:0.5572 TV:0.5677 VA:1.0740 CE:0.3171
2026-03-09 14:32:44,276 - utils.logger2026-03-09-14.30.56 - INFO - Cur epoch 25 loss TA:0.5690 TV:0.5652 VA:1.0554 CE:0.3328
2026-03-09 14:32:44,939 - utils.logger2026-03-09-14.30.56 - INFO - Cur epoch 25 loss TA:0.2904 TV:0.3286 VA:0.5650 CE:0.3482
2026-03-09 14:32:45,012 - utils.logger2026-03-09-14.30.56 - INFO - saving the model at the end of epoch 25, iters 700
2026-03-09 14:32:45,308 - utils.logger2026-03-09-14.30.56 - INFO - End of training epoch 25 / 40 	 Time Taken: 3 sec
2026-03-09 14:32:45,308 - utils.logger2026-03-09-14.30.56 - INFO - learning rate = 0.0001429
2026-03-09 14:32:45,962 - utils.logger2026-03-09-14.30.56 - INFO - Val result of epoch 25 / 40 mae 0.9910 corr 0.7003 f1 0.7908
2026-03-09 14:32:46,689 - utils.logger2026-03-09-14.30.56 - INFO - Tst result of epoch 25 / 40 mae 1.0158 corr 0.6290 f1 0.7779
2026-03-09 14:32:48,116 - utils.logger2026-03-09-14.30.56 - INFO - Cur epoch 26 loss TA:0.6135 TV:0.6315 VA:1.0781 CE:0.2373
2026-03-09 14:32:48,834 - utils.logger2026-03-09-14.30.56 - INFO - Cur epoch 26 loss TA:0.5830 TV:0.5899 VA:1.0624 CE:0.2798
2026-03-09 14:32:49,395 - utils.logger2026-03-09-14.30.56 - INFO - saving the model at the end of epoch 26, iters 728
2026-03-09 14:32:49,830 - utils.logger2026-03-09-14.30.56 - INFO - End of training epoch 26 / 40 	 Time Taken: 3 sec
2026-03-09 14:32:49,830 - utils.logger2026-03-09-14.30.56 - INFO - learning rate = 0.0001333
2026-03-09 14:32:50,529 - utils.logger2026-03-09-14.30.56 - INFO - Val result of epoch 26 / 40 mae 0.9811 corr 0.7070 f1 0.8007
2026-03-09 14:32:51,178 - utils.logger2026-03-09-14.30.56 - INFO - Tst result of epoch 26 / 40 mae 1.0244 corr 0.6191 f1 0.7786
2026-03-09 14:32:51,872 - utils.logger2026-03-09-14.30.56 - INFO - Cur epoch 27 loss TA:0.5494 TV:0.5626 VA:1.0575 CE:0.3382
2026-03-09 14:32:52,628 - utils.logger2026-03-09-14.30.56 - INFO - Cur epoch 27 loss TA:0.5731 TV:0.5779 VA:1.0764 CE:0.3394
2026-03-09 14:32:53,524 - utils.logger2026-03-09-14.30.56 - INFO - Cur epoch 27 loss TA:0.5863 TV:0.6045 VA:1.1027 CE:0.2481
2026-03-09 14:32:53,972 - utils.logger2026-03-09-14.30.56 - INFO - saving the model at the end of epoch 27, iters 756
2026-03-09 14:32:54,205 - utils.logger2026-03-09-14.30.56 - INFO - End of training epoch 27 / 40 	 Time Taken: 3 sec
2026-03-09 14:32:54,205 - utils.logger2026-03-09-14.30.56 - INFO - learning rate = 0.0001238
2026-03-09 14:32:54,900 - utils.logger2026-03-09-14.30.56 - INFO - Val result of epoch 27 / 40 mae 0.9477 corr 0.7117 f1 0.8247
2026-03-09 14:32:55,564 - utils.logger2026-03-09-14.30.56 - INFO - Tst result of epoch 27 / 40 mae 1.0176 corr 0.6128 f1 0.7891
2026-03-09 14:32:56,370 - utils.logger2026-03-09-14.30.56 - INFO - Cur epoch 28 loss TA:0.5645 TV:0.5631 VA:1.0643 CE:0.3070
2026-03-09 14:32:57,294 - utils.logger2026-03-09-14.30.56 - INFO - Cur epoch 28 loss TA:0.5505 TV:0.5525 VA:1.0443 CE:0.2876
2026-03-09 14:32:57,954 - utils.logger2026-03-09-14.30.56 - INFO - Cur epoch 28 loss TA:0.5841 TV:0.5878 VA:1.1035 CE:0.3074
2026-03-09 14:32:58,221 - utils.logger2026-03-09-14.30.56 - INFO - saving the model at the end of epoch 28, iters 784
2026-03-09 14:32:58,639 - utils.logger2026-03-09-14.30.56 - INFO - End of training epoch 28 / 40 	 Time Taken: 3 sec
2026-03-09 14:32:58,639 - utils.logger2026-03-09-14.30.56 - INFO - learning rate = 0.0001143
2026-03-09 14:32:59,287 - utils.logger2026-03-09-14.30.56 - INFO - Val result of epoch 28 / 40 mae 0.9747 corr 0.7162 f1 0.8152
2026-03-09 14:33:00,032 - utils.logger2026-03-09-14.30.56 - INFO - Tst result of epoch 28 / 40 mae 1.0355 corr 0.6140 f1 0.7797
2026-03-09 14:33:00,914 - utils.logger2026-03-09-14.30.56 - INFO - Cur epoch 29 loss TA:0.5433 TV:0.5474 VA:1.0333 CE:0.2309
2026-03-09 14:33:01,663 - utils.logger2026-03-09-14.30.56 - INFO - Cur epoch 29 loss TA:0.5660 TV:0.5629 VA:1.0650 CE:0.2849
2026-03-09 14:33:02,588 - utils.logger2026-03-09-14.30.56 - INFO - Cur epoch 29 loss TA:0.5722 TV:0.5808 VA:1.0723 CE:0.2735
2026-03-09 14:33:02,761 - utils.logger2026-03-09-14.30.56 - INFO - saving the model at the end of epoch 29, iters 812
2026-03-09 14:33:02,915 - utils.logger2026-03-09-14.30.56 - INFO - End of training epoch 29 / 40 	 Time Taken: 2 sec
2026-03-09 14:33:02,916 - utils.logger2026-03-09-14.30.56 - INFO - learning rate = 0.0001048
2026-03-09 14:33:03,530 - utils.logger2026-03-09-14.30.56 - INFO - Val result of epoch 29 / 40 mae 0.9202 corr 0.7211 f1 0.8300
2026-03-09 14:33:04,115 - utils.logger2026-03-09-14.30.56 - INFO - Tst result of epoch 29 / 40 mae 0.9952 corr 0.6342 f1 0.7762
2026-03-09 14:33:05,166 - utils.logger2026-03-09-14.30.56 - INFO - Cur epoch 30 loss TA:0.5678 TV:0.5693 VA:1.0787 CE:0.2868
2026-03-09 14:33:05,854 - utils.logger2026-03-09-14.30.56 - INFO - Cur epoch 30 loss TA:0.5358 TV:0.5555 VA:0.9865 CE:0.1920
2026-03-09 14:33:06,562 - utils.logger2026-03-09-14.30.56 - INFO - Cur epoch 30 loss TA:0.2540 TV:0.2546 VA:0.3890 CE:0.2382
2026-03-09 14:33:06,628 - utils.logger2026-03-09-14.30.56 - INFO - saving the model at the end of epoch 30, iters 840
2026-03-09 14:33:06,934 - utils.logger2026-03-09-14.30.56 - INFO - End of training epoch 30 / 40 	 Time Taken: 2 sec
2026-03-09 14:33:06,934 - utils.logger2026-03-09-14.30.56 - INFO - learning rate = 0.0000952
2026-03-09 14:33:07,545 - utils.logger2026-03-09-14.30.56 - INFO - Val result of epoch 30 / 40 mae 0.9238 corr 0.7139 f1 0.8206
2026-03-09 14:33:08,211 - utils.logger2026-03-09-14.30.56 - INFO - Tst result of epoch 30 / 40 mae 0.9856 corr 0.6411 f1 0.7905
2026-03-09 14:33:09,546 - utils.logger2026-03-09-14.30.56 - INFO - Cur epoch 31 loss TA:0.4979 TV:0.4998 VA:0.9717 CE:0.2149
2026-03-09 14:33:10,239 - utils.logger2026-03-09-14.30.56 - INFO - Cur epoch 31 loss TA:0.5757 TV:0.5769 VA:1.0249 CE:0.2492
2026-03-09 14:33:10,834 - utils.logger2026-03-09-14.30.56 - INFO - saving the model at the end of epoch 31, iters 868
2026-03-09 14:33:11,152 - utils.logger2026-03-09-14.30.56 - INFO - End of training epoch 31 / 40 	 Time Taken: 2 sec
2026-03-09 14:33:11,152 - utils.logger2026-03-09-14.30.56 - INFO - learning rate = 0.0000857
2026-03-09 14:33:11,760 - utils.logger2026-03-09-14.30.56 - INFO - Val result of epoch 31 / 40 mae 0.9756 corr 0.7028 f1 0.7909
2026-03-09 14:33:12,335 - utils.logger2026-03-09-14.30.56 - INFO - Tst result of epoch 31 / 40 mae 1.0205 corr 0.6255 f1 0.7647
2026-03-09 14:33:12,959 - utils.logger2026-03-09-14.30.56 - INFO - Cur epoch 32 loss TA:0.5305 TV:0.5426 VA:1.0046 CE:0.2396
2026-03-09 14:33:13,747 - utils.logger2026-03-09-14.30.56 - INFO - Cur epoch 32 loss TA:0.5380 TV:0.5452 VA:1.0155 CE:0.2706
2026-03-09 14:33:14,458 - utils.logger2026-03-09-14.30.56 - INFO - Cur epoch 32 loss TA:0.5469 TV:0.5658 VA:1.0551 CE:0.2607
2026-03-09 14:33:14,892 - utils.logger2026-03-09-14.30.56 - INFO - saving the model at the end of epoch 32, iters 896
2026-03-09 14:33:15,216 - utils.logger2026-03-09-14.30.56 - INFO - End of training epoch 32 / 40 	 Time Taken: 2 sec
2026-03-09 14:33:15,216 - utils.logger2026-03-09-14.30.56 - INFO - learning rate = 0.0000762
2026-03-09 14:33:15,878 - utils.logger2026-03-09-14.30.56 - INFO - Val result of epoch 32 / 40 mae 0.9751 corr 0.6979 f1 0.7911
2026-03-09 14:33:16,540 - utils.logger2026-03-09-14.30.56 - INFO - Tst result of epoch 32 / 40 mae 1.0182 corr 0.6249 f1 0.7744
2026-03-09 14:33:17,379 - utils.logger2026-03-09-14.30.56 - INFO - Cur epoch 33 loss TA:0.5292 TV:0.5236 VA:1.0008 CE:0.2929
2026-03-09 14:33:18,144 - utils.logger2026-03-09-14.30.56 - INFO - Cur epoch 33 loss TA:0.5232 TV:0.5379 VA:1.0296 CE:0.2122
2026-03-09 14:33:18,884 - utils.logger2026-03-09-14.30.56 - INFO - Cur epoch 33 loss TA:0.5390 TV:0.5525 VA:1.0503 CE:0.2378
2026-03-09 14:33:19,346 - utils.logger2026-03-09-14.30.56 - INFO - saving the model at the end of epoch 33, iters 924
2026-03-09 14:33:19,509 - utils.logger2026-03-09-14.30.56 - INFO - End of training epoch 33 / 40 	 Time Taken: 2 sec
2026-03-09 14:33:19,509 - utils.logger2026-03-09-14.30.56 - INFO - learning rate = 0.0000667
2026-03-09 14:33:20,170 - utils.logger2026-03-09-14.30.56 - INFO - Val result of epoch 33 / 40 mae 0.9573 corr 0.7156 f1 0.8247
2026-03-09 14:33:20,874 - utils.logger2026-03-09-14.30.56 - INFO - Tst result of epoch 33 / 40 mae 1.0213 corr 0.6183 f1 0.7850
2026-03-09 14:33:21,758 - utils.logger2026-03-09-14.30.56 - INFO - Cur epoch 34 loss TA:0.5366 TV:0.5215 VA:0.9911 CE:0.2042
2026-03-09 14:33:22,567 - utils.logger2026-03-09-14.30.56 - INFO - Cur epoch 34 loss TA:0.5672 TV:0.5732 VA:1.1061 CE:0.2773
2026-03-09 14:33:23,436 - utils.logger2026-03-09-14.30.56 - INFO - Cur epoch 34 loss TA:0.5303 TV:0.5460 VA:1.0566 CE:0.1966
2026-03-09 14:33:23,635 - utils.logger2026-03-09-14.30.56 - INFO - saving the model at the end of epoch 34, iters 952
2026-03-09 14:33:23,792 - utils.logger2026-03-09-14.30.56 - INFO - End of training epoch 34 / 40 	 Time Taken: 2 sec
2026-03-09 14:33:23,793 - utils.logger2026-03-09-14.30.56 - INFO - learning rate = 0.0000571
2026-03-09 14:33:24,450 - utils.logger2026-03-09-14.30.56 - INFO - Val result of epoch 34 / 40 mae 0.9600 corr 0.7151 f1 0.8199
2026-03-09 14:33:25,179 - utils.logger2026-03-09-14.30.56 - INFO - Tst result of epoch 34 / 40 mae 1.0245 corr 0.6170 f1 0.7846
2026-03-09 14:33:26,224 - utils.logger2026-03-09-14.30.56 - INFO - Cur epoch 35 loss TA:0.5848 TV:0.5710 VA:1.0318 CE:0.1788
2026-03-09 14:33:27,101 - utils.logger2026-03-09-14.30.56 - INFO - Cur epoch 35 loss TA:0.5246 TV:0.5299 VA:1.0065 CE:0.1931
2026-03-09 14:33:27,828 - utils.logger2026-03-09-14.30.56 - INFO - Cur epoch 35 loss TA:0.2374 TV:0.2282 VA:0.3931 CE:0.2308
2026-03-09 14:33:27,892 - utils.logger2026-03-09-14.30.56 - INFO - saving the model at the end of epoch 35, iters 980
2026-03-09 14:33:28,053 - utils.logger2026-03-09-14.30.56 - INFO - End of training epoch 35 / 40 	 Time Taken: 2 sec
2026-03-09 14:33:28,053 - utils.logger2026-03-09-14.30.56 - INFO - learning rate = 0.0000476
2026-03-09 14:33:28,715 - utils.logger2026-03-09-14.30.56 - INFO - Val result of epoch 35 / 40 mae 0.9483 corr 0.7114 f1 0.8152
2026-03-09 14:33:29,366 - utils.logger2026-03-09-14.30.56 - INFO - Tst result of epoch 35 / 40 mae 1.0105 corr 0.6203 f1 0.7801
2026-03-09 14:33:30,575 - utils.logger2026-03-09-14.30.56 - INFO - Cur epoch 36 loss TA:0.5020 TV:0.5064 VA:0.9710 CE:0.2581
2026-03-09 14:33:31,233 - utils.logger2026-03-09-14.30.56 - INFO - Cur epoch 36 loss TA:0.5187 TV:0.5201 VA:1.0144 CE:0.2018
2026-03-09 14:33:31,868 - utils.logger2026-03-09-14.30.56 - INFO - saving the model at the end of epoch 36, iters 1008
2026-03-09 14:33:32,108 - utils.logger2026-03-09-14.30.56 - INFO - End of training epoch 36 / 40 	 Time Taken: 2 sec
2026-03-09 14:33:32,109 - utils.logger2026-03-09-14.30.56 - INFO - learning rate = 0.0000381
2026-03-09 14:33:32,758 - utils.logger2026-03-09-14.30.56 - INFO - Val result of epoch 36 / 40 mae 0.9348 corr 0.7089 f1 0.8344
2026-03-09 14:33:33,377 - utils.logger2026-03-09-14.30.56 - INFO - Tst result of epoch 36 / 40 mae 1.0057 corr 0.6207 f1 0.7762
2026-03-09 14:33:34,073 - utils.logger2026-03-09-14.30.56 - INFO - Cur epoch 37 loss TA:0.5058 TV:0.5177 VA:0.9348 CE:0.2077
2026-03-09 14:33:34,926 - utils.logger2026-03-09-14.30.56 - INFO - Cur epoch 37 loss TA:0.5620 TV:0.5515 VA:1.0268 CE:0.2553
2026-03-09 14:33:35,526 - utils.logger2026-03-09-14.30.56 - INFO - Cur epoch 37 loss TA:0.4895 TV:0.4971 VA:0.9443 CE:0.1604
2026-03-09 14:33:36,030 - utils.logger2026-03-09-14.30.56 - INFO - saving the model at the end of epoch 37, iters 1036
2026-03-09 14:33:36,393 - utils.logger2026-03-09-14.30.56 - INFO - End of training epoch 37 / 40 	 Time Taken: 3 sec
2026-03-09 14:33:36,393 - utils.logger2026-03-09-14.30.56 - INFO - learning rate = 0.0000286
2026-03-09 14:33:36,878 - utils.logger2026-03-09-14.30.56 - INFO - Val result of epoch 37 / 40 mae 0.9463 corr 0.7056 f1 0.8102
2026-03-09 14:33:37,433 - utils.logger2026-03-09-14.30.56 - INFO - Tst result of epoch 37 / 40 mae 1.0084 corr 0.6182 f1 0.7801
2026-03-09 14:33:38,084 - utils.logger2026-03-09-14.30.56 - INFO - Cur epoch 38 loss TA:0.5137 TV:0.5128 VA:1.0133 CE:0.1891
2026-03-09 14:33:38,759 - utils.logger2026-03-09-14.30.56 - INFO - Cur epoch 38 loss TA:0.5408 TV:0.5681 VA:1.0129 CE:0.1989
2026-03-09 14:33:39,401 - utils.logger2026-03-09-14.30.56 - INFO - Cur epoch 38 loss TA:0.5534 TV:0.5553 VA:1.0495 CE:0.2239
2026-03-09 14:33:39,606 - utils.logger2026-03-09-14.30.56 - INFO - saving the model at the end of epoch 38, iters 1064
2026-03-09 14:33:39,726 - utils.logger2026-03-09-14.30.56 - INFO - End of training epoch 38 / 40 	 Time Taken: 2 sec
2026-03-09 14:33:39,726 - utils.logger2026-03-09-14.30.56 - INFO - learning rate = 0.0000190
2026-03-09 14:33:40,310 - utils.logger2026-03-09-14.30.56 - INFO - Val result of epoch 38 / 40 mae 0.9655 corr 0.7050 f1 0.8102
2026-03-09 14:33:41,045 - utils.logger2026-03-09-14.30.56 - INFO - Tst result of epoch 38 / 40 mae 1.0184 corr 0.6171 f1 0.7797
2026-03-09 14:33:42,006 - utils.logger2026-03-09-14.30.56 - INFO - Cur epoch 39 loss TA:0.5081 TV:0.5181 VA:0.9877 CE:0.1694
2026-03-09 14:33:42,653 - utils.logger2026-03-09-14.30.56 - INFO - Cur epoch 39 loss TA:0.4929 TV:0.5041 VA:0.9677 CE:0.1797
2026-03-09 14:33:43,389 - utils.logger2026-03-09-14.30.56 - INFO - Cur epoch 39 loss TA:0.5276 TV:0.5273 VA:1.0040 CE:0.1528
2026-03-09 14:33:43,726 - utils.logger2026-03-09-14.30.56 - INFO - saving the model at the end of epoch 39, iters 1092
2026-03-09 14:33:44,091 - utils.logger2026-03-09-14.30.56 - INFO - End of training epoch 39 / 40 	 Time Taken: 3 sec
2026-03-09 14:33:44,092 - utils.logger2026-03-09-14.30.56 - INFO - learning rate = 0.0000095
2026-03-09 14:33:44,702 - utils.logger2026-03-09-14.30.56 - INFO - Val result of epoch 39 / 40 mae 0.9405 corr 0.7088 f1 0.8066
2026-03-09 14:33:45,370 - utils.logger2026-03-09-14.30.56 - INFO - Tst result of epoch 39 / 40 mae 1.0124 corr 0.6169 f1 0.7718
2026-03-09 14:33:46,490 - utils.logger2026-03-09-14.30.56 - INFO - Cur epoch 40 loss TA:0.5081 TV:0.5087 VA:1.0217 CE:0.1479
2026-03-09 14:33:47,140 - utils.logger2026-03-09-14.30.56 - INFO - Cur epoch 40 loss TA:0.5361 TV:0.5314 VA:1.0241 CE:0.1491
2026-03-09 14:33:47,917 - utils.logger2026-03-09-14.30.56 - INFO - Cur epoch 40 loss TA:0.2383 TV:0.2299 VA:0.4162 CE:0.2114
2026-03-09 14:33:48,008 - utils.logger2026-03-09-14.30.56 - INFO - saving the model at the end of epoch 40, iters 1120
2026-03-09 14:33:48,253 - utils.logger2026-03-09-14.30.56 - INFO - End of training epoch 40 / 40 	 Time Taken: 2 sec
2026-03-09 14:33:48,253 - utils.logger2026-03-09-14.30.56 - INFO - learning rate = 0.0000000
2026-03-09 14:33:48,931 - utils.logger2026-03-09-14.30.56 - INFO - Val result of epoch 40 / 40 mae 0.9531 corr 0.7057 f1 0.8102
2026-03-09 14:33:49,565 - utils.logger2026-03-09-14.30.56 - INFO - Tst result of epoch 40 / 40 mae 1.0152 corr 0.6167 f1 0.7752
2026-03-09 14:33:49,566 - utils.logger2026-03-09-14.30.56 - INFO - Best eval epoch 17 found with MAE 0.972596
2026-03-09 14:33:49,566 - utils.logger2026-03-09-14.30.56 - INFO - Loading best model found on val set: epoch-17
2026-03-09 14:33:51,115 - utils.logger2026-03-09-14.30.56 - INFO - Tst result mae 0.9726 corr 0.6208 f1 0.7880
