2026-03-09 11:26:12,800 - utils.logger2026-03-09-11.26.12 - INFO - The number of training samples = 1750
2026-03-09 11:26:15,610 - utils.logger2026-03-09-11.26.12 - INFO - Cur epoch 1 loss TA:1.0371 TV:1.0352 VA:2.0745 CE:3.4162
2026-03-09 11:26:16,507 - utils.logger2026-03-09-11.26.12 - INFO - Cur epoch 1 loss TA:1.0364 TV:1.0363 VA:2.0732 CE:3.0147
2026-03-09 11:26:17,018 - utils.logger2026-03-09-11.26.12 - INFO - saving the model at the end of epoch 1, iters 28
2026-03-09 11:26:17,127 - utils.logger2026-03-09-11.26.12 - INFO - End of training epoch 1 / 40 	 Time Taken: 3 sec
2026-03-09 11:26:17,127 - utils.logger2026-03-09-11.26.12 - INFO - learning rate = 0.0002000
2026-03-09 11:26:17,517 - utils.logger2026-03-09-11.26.12 - INFO - Val result of epoch 1 / 40 acc 0.4420 MAE 0.4550 f1 0.5387
2026-03-09 11:26:17,929 - utils.logger2026-03-09-11.26.12 - INFO - Tst result of epoch 1 / 40 acc 0.4420 MAE 0.4551 f1 0.5387
2026-03-09 11:26:18,421 - utils.logger2026-03-09-11.26.12 - INFO - Cur epoch 2 loss TA:1.0342 TV:1.0307 VA:2.0655 CE:2.3233
2026-03-09 11:26:19,152 - utils.logger2026-03-09-11.26.12 - INFO - Cur epoch 2 loss TA:1.0296 TV:1.0287 VA:2.0587 CE:2.0596
2026-03-09 11:26:19,760 - utils.logger2026-03-09-11.26.12 - INFO - Cur epoch 2 loss TA:1.0259 TV:1.0227 VA:2.0593 CE:2.4855
2026-03-09 11:26:20,217 - utils.logger2026-03-09-11.26.12 - INFO - saving the model at the end of epoch 2, iters 56
2026-03-09 11:26:20,570 - utils.logger2026-03-09-11.26.12 - INFO - End of training epoch 2 / 40 	 Time Taken: 2 sec
2026-03-09 11:26:20,570 - utils.logger2026-03-09-11.26.12 - INFO - learning rate = 0.0002000
2026-03-09 11:26:20,972 - utils.logger2026-03-09-11.26.12 - INFO - Val result of epoch 2 / 40 acc 0.6875 MAE 0.5661 f1 0.6873
2026-03-09 11:26:21,346 - utils.logger2026-03-09-11.26.12 - INFO - Tst result of epoch 2 / 40 acc 0.6875 MAE 0.5661 f1 0.6873
2026-03-09 11:26:21,992 - utils.logger2026-03-09-11.26.12 - INFO - Cur epoch 3 loss TA:1.0178 TV:1.0181 VA:2.0307 CE:2.0850
2026-03-09 11:26:23,031 - utils.logger2026-03-09-11.26.12 - INFO - Cur epoch 3 loss TA:0.9988 TV:0.9944 VA:2.0075 CE:2.4217
2026-03-09 11:26:24,100 - utils.logger2026-03-09-11.26.12 - INFO - Cur epoch 3 loss TA:0.9838 TV:0.9709 VA:1.9618 CE:2.1845
2026-03-09 11:26:24,554 - utils.logger2026-03-09-11.26.12 - INFO - saving the model at the end of epoch 3, iters 84
2026-03-09 11:26:24,839 - utils.logger2026-03-09-11.26.12 - INFO - End of training epoch 3 / 40 	 Time Taken: 3 sec
2026-03-09 11:26:24,839 - utils.logger2026-03-09-11.26.12 - INFO - learning rate = 0.0002000
2026-03-09 11:26:25,181 - utils.logger2026-03-09-11.26.12 - INFO - Val result of epoch 3 / 40 acc 0.7723 MAE 0.6125 f1 0.7861
2026-03-09 11:26:25,558 - utils.logger2026-03-09-11.26.12 - INFO - Tst result of epoch 3 / 40 acc 0.7723 MAE 0.6125 f1 0.7861
2026-03-09 11:26:26,146 - utils.logger2026-03-09-11.26.12 - INFO - Cur epoch 4 loss TA:0.9607 TV:0.9583 VA:1.9071 CE:2.2857
2026-03-09 11:26:26,862 - utils.logger2026-03-09-11.26.12 - INFO - Cur epoch 4 loss TA:0.9589 TV:0.9449 VA:1.8765 CE:1.9660
2026-03-09 11:26:27,506 - utils.logger2026-03-09-11.26.12 - INFO - Cur epoch 4 loss TA:0.9544 TV:0.9537 VA:1.8765 CE:2.0631
2026-03-09 11:26:27,704 - utils.logger2026-03-09-11.26.12 - INFO - saving the model at the end of epoch 4, iters 112
2026-03-09 11:26:27,825 - utils.logger2026-03-09-11.26.12 - INFO - End of training epoch 4 / 40 	 Time Taken: 2 sec
2026-03-09 11:26:27,825 - utils.logger2026-03-09-11.26.12 - INFO - learning rate = 0.0002000
2026-03-09 11:26:28,181 - utils.logger2026-03-09-11.26.12 - INFO - Val result of epoch 4 / 40 acc 0.7812 MAE 0.6779 f1 0.8011
2026-03-09 11:26:28,589 - utils.logger2026-03-09-11.26.12 - INFO - Tst result of epoch 4 / 40 acc 0.7812 MAE 0.6779 f1 0.8011
2026-03-09 11:26:29,343 - utils.logger2026-03-09-11.26.12 - INFO - Cur epoch 5 loss TA:0.9409 TV:0.9289 VA:1.8323 CE:1.5694
2026-03-09 11:26:29,901 - utils.logger2026-03-09-11.26.12 - INFO - Cur epoch 5 loss TA:0.9277 TV:0.9238 VA:1.8058 CE:1.9273
2026-03-09 11:26:30,511 - utils.logger2026-03-09-11.26.12 - INFO - Cur epoch 5 loss TA:0.6412 TV:0.6317 VA:1.2494 CE:1.3305
2026-03-09 11:26:30,566 - utils.logger2026-03-09-11.26.12 - INFO - saving the model at the end of epoch 5, iters 140
2026-03-09 11:26:30,985 - utils.logger2026-03-09-11.26.12 - INFO - End of training epoch 5 / 40 	 Time Taken: 2 sec
2026-03-09 11:26:30,985 - utils.logger2026-03-09-11.26.12 - INFO - learning rate = 0.0002000
2026-03-09 11:26:31,399 - utils.logger2026-03-09-11.26.12 - INFO - Val result of epoch 5 / 40 acc 0.8125 MAE 0.6847 f1 0.8415
2026-03-09 11:26:31,811 - utils.logger2026-03-09-11.26.12 - INFO - Tst result of epoch 5 / 40 acc 0.8125 MAE 0.6847 f1 0.8415
2026-03-09 11:26:33,134 - utils.logger2026-03-09-11.26.12 - INFO - Cur epoch 6 loss TA:0.9060 TV:0.9151 VA:1.8188 CE:1.6152
2026-03-09 11:26:33,723 - utils.logger2026-03-09-11.26.12 - INFO - Cur epoch 6 loss TA:0.9118 TV:0.9181 VA:1.7707 CE:1.1123
2026-03-09 11:26:34,293 - utils.logger2026-03-09-11.26.12 - INFO - saving the model at the end of epoch 6, iters 168
2026-03-09 11:26:34,469 - utils.logger2026-03-09-11.26.12 - INFO - End of training epoch 6 / 40 	 Time Taken: 2 sec
2026-03-09 11:26:34,469 - utils.logger2026-03-09-11.26.12 - INFO - learning rate = 0.0002000
2026-03-09 11:26:34,848 - utils.logger2026-03-09-11.26.12 - INFO - Val result of epoch 6 / 40 acc 0.7723 MAE 0.7037 f1 0.7813
2026-03-09 11:26:35,277 - utils.logger2026-03-09-11.26.12 - INFO - Tst result of epoch 6 / 40 acc 0.7723 MAE 0.7037 f1 0.7813
2026-03-09 11:26:35,807 - utils.logger2026-03-09-11.26.12 - INFO - Cur epoch 7 loss TA:0.8858 TV:0.8953 VA:1.7187 CE:1.0576
2026-03-09 11:26:36,434 - utils.logger2026-03-09-11.26.12 - INFO - Cur epoch 7 loss TA:0.8937 TV:0.8854 VA:1.7078 CE:1.1848
2026-03-09 11:26:37,027 - utils.logger2026-03-09-11.26.12 - INFO - Cur epoch 7 loss TA:0.8745 TV:0.8785 VA:1.7232 CE:1.0068
2026-03-09 11:26:37,540 - utils.logger2026-03-09-11.26.12 - INFO - saving the model at the end of epoch 7, iters 196
2026-03-09 11:26:37,882 - utils.logger2026-03-09-11.26.12 - INFO - End of training epoch 7 / 40 	 Time Taken: 2 sec
2026-03-09 11:26:37,882 - utils.logger2026-03-09-11.26.12 - INFO - learning rate = 0.0002000
2026-03-09 11:26:38,303 - utils.logger2026-03-09-11.26.12 - INFO - Val result of epoch 7 / 40 acc 0.8125 MAE 0.7017 f1 0.8352
2026-03-09 11:26:38,666 - utils.logger2026-03-09-11.26.12 - INFO - Tst result of epoch 7 / 40 acc 0.8125 MAE 0.7017 f1 0.8352
2026-03-09 11:26:39,255 - utils.logger2026-03-09-11.26.12 - INFO - Cur epoch 8 loss TA:0.8652 TV:0.8677 VA:1.6417 CE:1.5726
2026-03-09 11:26:40,311 - utils.logger2026-03-09-11.26.12 - INFO - Cur epoch 8 loss TA:0.8681 TV:0.8531 VA:1.6479 CE:1.1597
2026-03-09 11:26:41,379 - utils.logger2026-03-09-11.26.12 - INFO - Cur epoch 8 loss TA:0.8571 TV:0.8681 VA:1.6072 CE:1.4009
2026-03-09 11:26:41,840 - utils.logger2026-03-09-11.26.12 - INFO - saving the model at the end of epoch 8, iters 224
2026-03-09 11:26:42,128 - utils.logger2026-03-09-11.26.12 - INFO - End of training epoch 8 / 40 	 Time Taken: 3 sec
2026-03-09 11:26:42,128 - utils.logger2026-03-09-11.26.12 - INFO - learning rate = 0.0002000
2026-03-09 11:26:42,489 - utils.logger2026-03-09-11.26.12 - INFO - Val result of epoch 8 / 40 acc 0.7902 MAE 0.7012 f1 0.8053
2026-03-09 11:26:42,823 - utils.logger2026-03-09-11.26.12 - INFO - Tst result of epoch 8 / 40 acc 0.7902 MAE 0.7012 f1 0.8053
2026-03-09 11:26:43,416 - utils.logger2026-03-09-11.26.12 - INFO - Cur epoch 9 loss TA:0.8437 TV:0.8229 VA:1.5762 CE:1.1020
2026-03-09 11:26:44,021 - utils.logger2026-03-09-11.26.12 - INFO - Cur epoch 9 loss TA:0.8503 TV:0.8628 VA:1.6095 CE:1.1360
2026-03-09 11:26:44,702 - utils.logger2026-03-09-11.26.12 - INFO - Cur epoch 9 loss TA:0.8626 TV:0.8406 VA:1.5876 CE:0.8079
2026-03-09 11:26:44,880 - utils.logger2026-03-09-11.26.12 - INFO - saving the model at the end of epoch 9, iters 252
2026-03-09 11:26:44,994 - utils.logger2026-03-09-11.26.12 - INFO - End of training epoch 9 / 40 	 Time Taken: 2 sec
2026-03-09 11:26:44,994 - utils.logger2026-03-09-11.26.12 - INFO - learning rate = 0.0002000
2026-03-09 11:26:45,338 - utils.logger2026-03-09-11.26.12 - INFO - Val result of epoch 9 / 40 acc 0.8036 MAE 0.7033 f1 0.8199
2026-03-09 11:26:45,764 - utils.logger2026-03-09-11.26.12 - INFO - Tst result of epoch 9 / 40 acc 0.8036 MAE 0.7033 f1 0.8199
2026-03-09 11:26:46,475 - utils.logger2026-03-09-11.26.12 - INFO - Cur epoch 10 loss TA:0.8378 TV:0.8068 VA:1.5200 CE:1.0041
2026-03-09 11:26:46,965 - utils.logger2026-03-09-11.26.12 - INFO - Cur epoch 10 loss TA:0.7731 TV:0.8058 VA:1.5219 CE:1.0895
2026-03-09 11:26:47,496 - utils.logger2026-03-09-11.26.12 - INFO - Cur epoch 10 loss TA:0.4889 TV:0.4842 VA:0.9264 CE:0.6491
2026-03-09 11:26:47,588 - utils.logger2026-03-09-11.26.12 - INFO - saving the model at the end of epoch 10, iters 280
2026-03-09 11:26:47,762 - utils.logger2026-03-09-11.26.12 - INFO - End of training epoch 10 / 40 	 Time Taken: 1 sec
2026-03-09 11:26:47,763 - utils.logger2026-03-09-11.26.12 - INFO - learning rate = 0.0002000
2026-03-09 11:26:48,364 - utils.logger2026-03-09-11.26.12 - INFO - Val result of epoch 10 / 40 acc 0.8125 MAE 0.7014 f1 0.8344
2026-03-09 11:26:48,939 - utils.logger2026-03-09-11.26.12 - INFO - Tst result of epoch 10 / 40 acc 0.8125 MAE 0.7014 f1 0.8344
2026-03-09 11:26:50,004 - utils.logger2026-03-09-11.26.12 - INFO - Cur epoch 11 loss TA:0.7765 TV:0.7699 VA:1.4634 CE:0.7616
2026-03-09 11:26:50,830 - utils.logger2026-03-09-11.26.12 - INFO - Cur epoch 11 loss TA:0.7561 TV:0.7840 VA:1.4214 CE:0.9825
2026-03-09 11:26:51,370 - utils.logger2026-03-09-11.26.12 - INFO - saving the model at the end of epoch 11, iters 308
2026-03-09 11:26:51,540 - utils.logger2026-03-09-11.26.12 - INFO - End of training epoch 11 / 40 	 Time Taken: 2 sec
2026-03-09 11:26:51,540 - utils.logger2026-03-09-11.26.12 - INFO - learning rate = 0.0002000
2026-03-09 11:26:52,011 - utils.logger2026-03-09-11.26.12 - INFO - Val result of epoch 11 / 40 acc 0.7991 MAE 0.6941 f1 0.8099
2026-03-09 11:26:52,534 - utils.logger2026-03-09-11.26.12 - INFO - Tst result of epoch 11 / 40 acc 0.7991 MAE 0.6941 f1 0.8099
2026-03-09 11:26:53,112 - utils.logger2026-03-09-11.26.12 - INFO - Cur epoch 12 loss TA:0.7639 TV:0.7663 VA:1.3718 CE:0.8189
2026-03-09 11:26:53,812 - utils.logger2026-03-09-11.26.12 - INFO - Cur epoch 12 loss TA:0.7843 TV:0.8177 VA:1.4909 CE:0.5507
2026-03-09 11:26:54,369 - utils.logger2026-03-09-11.26.12 - INFO - Cur epoch 12 loss TA:0.7419 TV:0.7525 VA:1.3860 CE:0.8518
2026-03-09 11:26:54,779 - utils.logger2026-03-09-11.26.12 - INFO - saving the model at the end of epoch 12, iters 336
2026-03-09 11:26:54,965 - utils.logger2026-03-09-11.26.12 - INFO - End of training epoch 12 / 40 	 Time Taken: 2 sec
2026-03-09 11:26:54,965 - utils.logger2026-03-09-11.26.12 - INFO - learning rate = 0.0002000
2026-03-09 11:26:55,328 - utils.logger2026-03-09-11.26.12 - INFO - Val result of epoch 12 / 40 acc 0.7634 MAE 0.6655 f1 0.7671
2026-03-09 11:26:55,696 - utils.logger2026-03-09-11.26.12 - INFO - Tst result of epoch 12 / 40 acc 0.7634 MAE 0.6655 f1 0.7671
2026-03-09 11:26:56,195 - utils.logger2026-03-09-11.26.12 - INFO - Cur epoch 13 loss TA:0.7475 TV:0.7406 VA:1.3228 CE:0.6819
2026-03-09 11:26:56,776 - utils.logger2026-03-09-11.26.12 - INFO - Cur epoch 13 loss TA:0.7230 TV:0.7470 VA:1.4238 CE:0.5403
2026-03-09 11:26:57,847 - utils.logger2026-03-09-11.26.12 - INFO - Cur epoch 13 loss TA:0.6980 TV:0.7305 VA:1.3587 CE:0.7206
2026-03-09 11:26:58,305 - utils.logger2026-03-09-11.26.12 - INFO - saving the model at the end of epoch 13, iters 364
2026-03-09 11:26:58,832 - utils.logger2026-03-09-11.26.12 - INFO - End of training epoch 13 / 40 	 Time Taken: 3 sec
2026-03-09 11:26:58,833 - utils.logger2026-03-09-11.26.12 - INFO - learning rate = 0.0002000
2026-03-09 11:26:59,250 - utils.logger2026-03-09-11.26.12 - INFO - Val result of epoch 13 / 40 acc 0.8036 MAE 0.7039 f1 0.8149
2026-03-09 11:26:59,642 - utils.logger2026-03-09-11.26.12 - INFO - Tst result of epoch 13 / 40 acc 0.8036 MAE 0.7039 f1 0.8149
2026-03-09 11:27:00,244 - utils.logger2026-03-09-11.26.12 - INFO - Cur epoch 14 loss TA:0.7197 TV:0.7187 VA:1.2773 CE:0.5282
2026-03-09 11:27:00,768 - utils.logger2026-03-09-11.26.12 - INFO - Cur epoch 14 loss TA:0.7308 TV:0.7327 VA:1.3349 CE:0.7562
2026-03-09 11:27:01,340 - utils.logger2026-03-09-11.26.12 - INFO - Cur epoch 14 loss TA:0.7424 TV:0.7619 VA:1.3100 CE:0.4802
2026-03-09 11:27:01,528 - utils.logger2026-03-09-11.26.12 - INFO - saving the model at the end of epoch 14, iters 392
2026-03-09 11:27:01,864 - utils.logger2026-03-09-11.26.12 - INFO - End of training epoch 14 / 40 	 Time Taken: 2 sec
2026-03-09 11:27:01,864 - utils.logger2026-03-09-11.26.12 - INFO - learning rate = 0.0002000
2026-03-09 11:27:02,260 - utils.logger2026-03-09-11.26.12 - INFO - Val result of epoch 14 / 40 acc 0.7902 MAE 0.7031 f1 0.8009
2026-03-09 11:27:02,636 - utils.logger2026-03-09-11.26.12 - INFO - Tst result of epoch 14 / 40 acc 0.7902 MAE 0.7031 f1 0.8009
2026-03-09 11:27:03,460 - utils.logger2026-03-09-11.26.12 - INFO - Cur epoch 15 loss TA:0.6859 TV:0.6884 VA:1.2167 CE:0.4337
2026-03-09 11:27:04,179 - utils.logger2026-03-09-11.26.12 - INFO - Cur epoch 15 loss TA:0.6417 TV:0.6773 VA:1.2766 CE:0.4944
2026-03-09 11:27:04,767 - utils.logger2026-03-09-11.26.12 - INFO - Cur epoch 15 loss TA:0.4235 TV:0.4728 VA:0.7343 CE:0.4933
2026-03-09 11:27:04,823 - utils.logger2026-03-09-11.26.12 - INFO - saving the model at the end of epoch 15, iters 420
2026-03-09 11:27:04,955 - utils.logger2026-03-09-11.26.12 - INFO - End of training epoch 15 / 40 	 Time Taken: 2 sec
2026-03-09 11:27:04,955 - utils.logger2026-03-09-11.26.12 - INFO - learning rate = 0.0002000
2026-03-09 11:27:05,383 - utils.logger2026-03-09-11.26.12 - INFO - Val result of epoch 15 / 40 acc 0.8125 MAE 0.7089 f1 0.8318
2026-03-09 11:27:05,779 - utils.logger2026-03-09-11.26.12 - INFO - Tst result of epoch 15 / 40 acc 0.8125 MAE 0.7089 f1 0.8318
2026-03-09 11:27:07,099 - utils.logger2026-03-09-11.26.12 - INFO - Cur epoch 16 loss TA:0.6669 TV:0.6704 VA:1.2292 CE:0.5804
2026-03-09 11:27:08,054 - utils.logger2026-03-09-11.26.12 - INFO - Cur epoch 16 loss TA:0.7093 TV:0.7361 VA:1.2801 CE:0.4910
2026-03-09 11:27:08,557 - utils.logger2026-03-09-11.26.12 - INFO - saving the model at the end of epoch 16, iters 448
2026-03-09 11:27:08,729 - utils.logger2026-03-09-11.26.12 - INFO - End of training epoch 16 / 40 	 Time Taken: 2 sec
2026-03-09 11:27:08,730 - utils.logger2026-03-09-11.26.12 - INFO - learning rate = 0.0002000
2026-03-09 11:27:09,132 - utils.logger2026-03-09-11.26.12 - INFO - Val result of epoch 16 / 40 acc 0.7812 MAE 0.6988 f1 0.7909
2026-03-09 11:27:09,549 - utils.logger2026-03-09-11.26.12 - INFO - Tst result of epoch 16 / 40 acc 0.7812 MAE 0.6988 f1 0.7909
2026-03-09 11:27:10,071 - utils.logger2026-03-09-11.26.12 - INFO - Cur epoch 17 loss TA:0.6691 TV:0.7031 VA:1.2253 CE:0.4912
2026-03-09 11:27:10,768 - utils.logger2026-03-09-11.26.12 - INFO - Cur epoch 17 loss TA:0.6646 TV:0.6843 VA:1.2575 CE:0.4380
2026-03-09 11:27:11,360 - utils.logger2026-03-09-11.26.12 - INFO - Cur epoch 17 loss TA:0.6459 TV:0.6608 VA:1.1866 CE:0.3236
2026-03-09 11:27:11,834 - utils.logger2026-03-09-11.26.12 - INFO - saving the model at the end of epoch 17, iters 476
2026-03-09 11:27:12,054 - utils.logger2026-03-09-11.26.12 - INFO - End of training epoch 17 / 40 	 Time Taken: 2 sec
2026-03-09 11:27:12,054 - utils.logger2026-03-09-11.26.12 - INFO - learning rate = 0.0002000
2026-03-09 11:27:12,432 - utils.logger2026-03-09-11.26.12 - INFO - Val result of epoch 17 / 40 acc 0.8170 MAE 0.6998 f1 0.8300
2026-03-09 11:27:12,828 - utils.logger2026-03-09-11.26.12 - INFO - Tst result of epoch 17 / 40 acc 0.8170 MAE 0.6998 f1 0.8300
2026-03-09 11:27:13,365 - utils.logger2026-03-09-11.26.12 - INFO - Cur epoch 18 loss TA:0.6447 TV:0.6420 VA:1.1766 CE:0.4641
2026-03-09 11:27:14,351 - utils.logger2026-03-09-11.26.12 - INFO - Cur epoch 18 loss TA:0.6560 TV:0.6673 VA:1.2391 CE:0.3259
2026-03-09 11:27:15,418 - utils.logger2026-03-09-11.26.12 - INFO - Cur epoch 18 loss TA:0.6436 TV:0.6442 VA:1.2308 CE:0.3677
2026-03-09 11:27:15,915 - utils.logger2026-03-09-11.26.12 - INFO - saving the model at the end of epoch 18, iters 504
2026-03-09 11:27:16,375 - utils.logger2026-03-09-11.26.12 - INFO - End of training epoch 18 / 40 	 Time Taken: 3 sec
2026-03-09 11:27:16,375 - utils.logger2026-03-09-11.26.12 - INFO - learning rate = 0.0002000
2026-03-09 11:27:16,760 - utils.logger2026-03-09-11.26.12 - INFO - Val result of epoch 18 / 40 acc 0.8304 MAE 0.7143 f1 0.8491
2026-03-09 11:27:17,153 - utils.logger2026-03-09-11.26.12 - INFO - Tst result of epoch 18 / 40 acc 0.8304 MAE 0.7143 f1 0.8491
2026-03-09 11:27:17,775 - utils.logger2026-03-09-11.26.12 - INFO - Cur epoch 19 loss TA:0.6401 TV:0.6545 VA:1.2066 CE:0.4367
2026-03-09 11:27:18,511 - utils.logger2026-03-09-11.26.12 - INFO - Cur epoch 19 loss TA:0.6360 TV:0.6525 VA:1.1551 CE:0.4191
2026-03-09 11:27:19,180 - utils.logger2026-03-09-11.26.12 - INFO - Cur epoch 19 loss TA:0.6305 TV:0.6385 VA:1.1426 CE:0.3440
2026-03-09 11:27:19,324 - utils.logger2026-03-09-11.26.12 - INFO - saving the model at the end of epoch 19, iters 532
2026-03-09 11:27:19,500 - utils.logger2026-03-09-11.26.12 - INFO - End of training epoch 19 / 40 	 Time Taken: 2 sec
2026-03-09 11:27:19,500 - utils.logger2026-03-09-11.26.12 - INFO - learning rate = 0.0002000
2026-03-09 11:27:19,926 - utils.logger2026-03-09-11.26.12 - INFO - Val result of epoch 19 / 40 acc 0.7232 MAE 0.6868 f1 0.7304
2026-03-09 11:27:20,334 - utils.logger2026-03-09-11.26.12 - INFO - Tst result of epoch 19 / 40 acc 0.7232 MAE 0.6868 f1 0.7304
2026-03-09 11:27:21,036 - utils.logger2026-03-09-11.26.12 - INFO - Cur epoch 20 loss TA:0.6387 TV:0.6312 VA:1.1725 CE:0.3658
2026-03-09 11:27:21,672 - utils.logger2026-03-09-11.26.12 - INFO - Cur epoch 20 loss TA:0.6229 TV:0.6414 VA:1.1984 CE:0.3473
2026-03-09 11:27:22,767 - utils.logger2026-03-09-11.26.12 - INFO - Cur epoch 20 loss TA:0.3391 TV:0.3211 VA:0.5027 CE:0.3512
2026-03-09 11:27:22,823 - utils.logger2026-03-09-11.26.12 - INFO - saving the model at the end of epoch 20, iters 560
2026-03-09 11:27:23,322 - utils.logger2026-03-09-11.26.12 - INFO - End of training epoch 20 / 40 	 Time Taken: 2 sec
2026-03-09 11:27:23,322 - utils.logger2026-03-09-11.26.12 - INFO - learning rate = 0.0002000
2026-03-09 11:27:23,719 - utils.logger2026-03-09-11.26.12 - INFO - Val result of epoch 20 / 40 acc 0.8036 MAE 0.7117 f1 0.8101
2026-03-09 11:27:24,113 - utils.logger2026-03-09-11.26.12 - INFO - Tst result of epoch 20 / 40 acc 0.8036 MAE 0.7117 f1 0.8101
2026-03-09 11:27:24,949 - utils.logger2026-03-09-11.26.12 - INFO - Cur epoch 21 loss TA:0.6208 TV:0.6298 VA:1.1717 CE:0.3915
2026-03-09 11:27:25,550 - utils.logger2026-03-09-11.26.12 - INFO - Cur epoch 21 loss TA:0.6322 TV:0.6340 VA:1.1286 CE:0.2920
2026-03-09 11:27:26,035 - utils.logger2026-03-09-11.26.12 - INFO - saving the model at the end of epoch 21, iters 588
2026-03-09 11:27:26,223 - utils.logger2026-03-09-11.26.12 - INFO - End of training epoch 21 / 40 	 Time Taken: 2 sec
2026-03-09 11:27:26,223 - utils.logger2026-03-09-11.26.12 - INFO - learning rate = 0.0002000
2026-03-09 11:27:26,652 - utils.logger2026-03-09-11.26.12 - INFO - Val result of epoch 21 / 40 acc 0.7946 MAE 0.7062 f1 0.8122
2026-03-09 11:27:27,074 - utils.logger2026-03-09-11.26.12 - INFO - Tst result of epoch 21 / 40 acc 0.7946 MAE 0.7062 f1 0.8122
2026-03-09 11:27:27,436 - utils.logger2026-03-09-11.26.12 - INFO - Cur epoch 22 loss TA:0.6192 TV:0.6306 VA:1.1924 CE:0.4093
2026-03-09 11:27:28,061 - utils.logger2026-03-09-11.26.12 - INFO - Cur epoch 22 loss TA:0.6071 TV:0.6277 VA:1.1707 CE:0.2877
2026-03-09 11:27:28,678 - utils.logger2026-03-09-11.26.12 - INFO - Cur epoch 22 loss TA:0.5897 TV:0.6135 VA:1.1255 CE:0.3436
2026-03-09 11:27:29,215 - utils.logger2026-03-09-11.26.12 - INFO - saving the model at the end of epoch 22, iters 616
2026-03-09 11:27:29,406 - utils.logger2026-03-09-11.26.12 - INFO - End of training epoch 22 / 40 	 Time Taken: 2 sec
2026-03-09 11:27:29,406 - utils.logger2026-03-09-11.26.12 - INFO - learning rate = 0.0002000
2026-03-09 11:27:29,804 - utils.logger2026-03-09-11.26.12 - INFO - Val result of epoch 22 / 40 acc 0.7812 MAE 0.6908 f1 0.8007
2026-03-09 11:27:30,192 - utils.logger2026-03-09-11.26.12 - INFO - Tst result of epoch 22 / 40 acc 0.7812 MAE 0.6908 f1 0.8007
2026-03-09 11:27:30,899 - utils.logger2026-03-09-11.26.12 - INFO - Cur epoch 23 loss TA:0.5674 TV:0.5760 VA:1.0835 CE:0.2887
2026-03-09 11:27:31,906 - utils.logger2026-03-09-11.26.12 - INFO - Cur epoch 23 loss TA:0.5883 TV:0.5797 VA:1.1099 CE:0.3316
2026-03-09 11:27:32,978 - utils.logger2026-03-09-11.26.12 - INFO - Cur epoch 23 loss TA:0.5836 TV:0.5856 VA:1.1162 CE:0.3732
2026-03-09 11:27:33,450 - utils.logger2026-03-09-11.26.12 - INFO - saving the model at the end of epoch 23, iters 644
2026-03-09 11:27:33,631 - utils.logger2026-03-09-11.26.12 - INFO - End of training epoch 23 / 40 	 Time Taken: 3 sec
2026-03-09 11:27:33,631 - utils.logger2026-03-09-11.26.12 - INFO - learning rate = 0.0002000
2026-03-09 11:27:34,076 - utils.logger2026-03-09-11.26.12 - INFO - Val result of epoch 23 / 40 acc 0.7634 MAE 0.7020 f1 0.7718
2026-03-09 11:27:34,451 - utils.logger2026-03-09-11.26.12 - INFO - Tst result of epoch 23 / 40 acc 0.7634 MAE 0.7020 f1 0.7718
2026-03-09 11:27:35,064 - utils.logger2026-03-09-11.26.12 - INFO - Cur epoch 24 loss TA:0.5497 TV:0.5560 VA:1.0692 CE:0.2890
2026-03-09 11:27:35,739 - utils.logger2026-03-09-11.26.12 - INFO - Cur epoch 24 loss TA:0.5759 TV:0.5750 VA:1.0998 CE:0.3053
2026-03-09 11:27:36,381 - utils.logger2026-03-09-11.26.12 - INFO - Cur epoch 24 loss TA:0.5621 TV:0.5851 VA:1.0854 CE:0.2452
2026-03-09 11:27:36,520 - utils.logger2026-03-09-11.26.12 - INFO - saving the model at the end of epoch 24, iters 672
2026-03-09 11:27:36,698 - utils.logger2026-03-09-11.26.12 - INFO - End of training epoch 24 / 40 	 Time Taken: 2 sec
2026-03-09 11:27:36,698 - utils.logger2026-03-09-11.26.12 - INFO - learning rate = 0.0002000
2026-03-09 11:27:37,085 - utils.logger2026-03-09-11.26.12 - INFO - Val result of epoch 24 / 40 acc 0.7812 MAE 0.6928 f1 0.7908
2026-03-09 11:27:37,543 - utils.logger2026-03-09-11.26.12 - INFO - Tst result of epoch 24 / 40 acc 0.7812 MAE 0.6928 f1 0.7908
2026-03-09 11:27:38,354 - utils.logger2026-03-09-11.26.12 - INFO - Cur epoch 25 loss TA:0.5940 TV:0.5987 VA:1.0927 CE:0.2550
2026-03-09 11:27:38,947 - utils.logger2026-03-09-11.26.12 - INFO - Cur epoch 25 loss TA:0.6035 TV:0.6235 VA:1.0978 CE:0.2203
2026-03-09 11:27:39,701 - utils.logger2026-03-09-11.26.12 - INFO - Cur epoch 25 loss TA:0.3237 TV:0.3119 VA:0.5372 CE:0.4976
2026-03-09 11:27:39,758 - utils.logger2026-03-09-11.26.12 - INFO - saving the model at the end of epoch 25, iters 700
2026-03-09 11:27:40,188 - utils.logger2026-03-09-11.26.12 - INFO - End of training epoch 25 / 40 	 Time Taken: 2 sec
2026-03-09 11:27:40,188 - utils.logger2026-03-09-11.26.12 - INFO - learning rate = 0.0002000
2026-03-09 11:27:40,585 - utils.logger2026-03-09-11.26.12 - INFO - Val result of epoch 25 / 40 acc 0.7768 MAE 0.6847 f1 0.7814
2026-03-09 11:27:40,999 - utils.logger2026-03-09-11.26.12 - INFO - Tst result of epoch 25 / 40 acc 0.7768 MAE 0.6847 f1 0.7814
2026-03-09 11:27:42,206 - utils.logger2026-03-09-11.26.12 - INFO - Cur epoch 26 loss TA:0.5818 TV:0.6012 VA:1.0571 CE:0.2830
2026-03-09 11:27:42,822 - utils.logger2026-03-09-11.26.12 - INFO - Cur epoch 26 loss TA:0.5789 TV:0.6014 VA:1.1179 CE:0.2976
2026-03-09 11:27:43,324 - utils.logger2026-03-09-11.26.12 - INFO - saving the model at the end of epoch 26, iters 728
2026-03-09 11:27:43,470 - utils.logger2026-03-09-11.26.12 - INFO - End of training epoch 26 / 40 	 Time Taken: 2 sec
2026-03-09 11:27:43,470 - utils.logger2026-03-09-11.26.12 - INFO - learning rate = 0.0002000
2026-03-09 11:27:43,872 - utils.logger2026-03-09-11.26.12 - INFO - Val result of epoch 26 / 40 acc 0.7679 MAE 0.6881 f1 0.7766
2026-03-09 11:27:44,353 - utils.logger2026-03-09-11.26.12 - INFO - Tst result of epoch 26 / 40 acc 0.7679 MAE 0.6881 f1 0.7766
2026-03-09 11:27:44,810 - utils.logger2026-03-09-11.26.12 - INFO - Cur epoch 27 loss TA:0.5711 TV:0.5869 VA:1.0903 CE:0.2571
2026-03-09 11:27:45,422 - utils.logger2026-03-09-11.26.12 - INFO - Cur epoch 27 loss TA:0.5326 TV:0.5367 VA:1.0649 CE:0.3931
2026-03-09 11:27:45,978 - utils.logger2026-03-09-11.26.12 - INFO - Cur epoch 27 loss TA:0.5659 TV:0.5732 VA:1.0359 CE:0.3026
2026-03-09 11:27:46,507 - utils.logger2026-03-09-11.26.12 - INFO - saving the model at the end of epoch 27, iters 756
2026-03-09 11:27:46,835 - utils.logger2026-03-09-11.26.12 - INFO - End of training epoch 27 / 40 	 Time Taken: 2 sec
2026-03-09 11:27:46,835 - utils.logger2026-03-09-11.26.12 - INFO - learning rate = 0.0002000
2026-03-09 11:27:47,222 - utils.logger2026-03-09-11.26.12 - INFO - Val result of epoch 27 / 40 acc 0.8036 MAE 0.6869 f1 0.8229
2026-03-09 11:27:47,614 - utils.logger2026-03-09-11.26.12 - INFO - Tst result of epoch 27 / 40 acc 0.8036 MAE 0.6869 f1 0.8229
2026-03-09 11:27:48,299 - utils.logger2026-03-09-11.26.12 - INFO - Cur epoch 28 loss TA:0.5692 TV:0.5848 VA:1.0316 CE:0.2431
2026-03-09 11:27:49,354 - utils.logger2026-03-09-11.26.12 - INFO - Cur epoch 28 loss TA:0.5692 TV:0.5839 VA:1.0470 CE:0.2115
2026-03-09 11:27:50,448 - utils.logger2026-03-09-11.26.12 - INFO - Cur epoch 28 loss TA:0.5339 TV:0.5452 VA:1.0673 CE:0.2652
2026-03-09 11:27:50,929 - utils.logger2026-03-09-11.26.12 - INFO - saving the model at the end of epoch 28, iters 784
2026-03-09 11:27:51,073 - utils.logger2026-03-09-11.26.12 - INFO - End of training epoch 28 / 40 	 Time Taken: 3 sec
2026-03-09 11:27:51,074 - utils.logger2026-03-09-11.26.12 - INFO - learning rate = 0.0002000
2026-03-09 11:27:51,452 - utils.logger2026-03-09-11.26.12 - INFO - Val result of epoch 28 / 40 acc 0.7991 MAE 0.6986 f1 0.8154
2026-03-09 11:27:51,848 - utils.logger2026-03-09-11.26.12 - INFO - Tst result of epoch 28 / 40 acc 0.7991 MAE 0.6986 f1 0.8154
2026-03-09 11:27:52,465 - utils.logger2026-03-09-11.26.12 - INFO - Cur epoch 29 loss TA:0.5255 TV:0.5381 VA:1.0280 CE:0.2709
2026-03-09 11:27:53,164 - utils.logger2026-03-09-11.26.12 - INFO - Cur epoch 29 loss TA:0.5684 TV:0.5883 VA:1.0251 CE:0.1996
2026-03-09 11:27:53,765 - utils.logger2026-03-09-11.26.12 - INFO - Cur epoch 29 loss TA:0.5445 TV:0.5526 VA:1.0306 CE:0.2196
2026-03-09 11:27:53,906 - utils.logger2026-03-09-11.26.12 - INFO - saving the model at the end of epoch 29, iters 812
2026-03-09 11:27:54,119 - utils.logger2026-03-09-11.26.12 - INFO - End of training epoch 29 / 40 	 Time Taken: 2 sec
2026-03-09 11:27:54,119 - utils.logger2026-03-09-11.26.12 - INFO - learning rate = 0.0002000
2026-03-09 11:27:54,577 - utils.logger2026-03-09-11.26.12 - INFO - Val result of epoch 29 / 40 acc 0.7946 MAE 0.6947 f1 0.8004
2026-03-09 11:27:54,989 - utils.logger2026-03-09-11.26.12 - INFO - Tst result of epoch 29 / 40 acc 0.7946 MAE 0.6947 f1 0.8004
2026-03-09 11:27:55,744 - utils.logger2026-03-09-11.26.12 - INFO - Cur epoch 30 loss TA:0.5174 TV:0.5208 VA:1.0107 CE:0.2638
2026-03-09 11:27:56,397 - utils.logger2026-03-09-11.26.12 - INFO - Cur epoch 30 loss TA:0.5357 TV:0.5578 VA:1.0472 CE:0.3621
2026-03-09 11:27:57,418 - utils.logger2026-03-09-11.26.12 - INFO - Cur epoch 30 loss TA:0.2435 TV:0.2470 VA:0.4821 CE:0.2009
2026-03-09 11:27:57,478 - utils.logger2026-03-09-11.26.12 - INFO - saving the model at the end of epoch 30, iters 840
2026-03-09 11:27:57,954 - utils.logger2026-03-09-11.26.12 - INFO - End of training epoch 30 / 40 	 Time Taken: 2 sec
2026-03-09 11:27:57,954 - utils.logger2026-03-09-11.26.12 - INFO - learning rate = 0.0001818
2026-03-09 11:27:58,386 - utils.logger2026-03-09-11.26.12 - INFO - Val result of epoch 30 / 40 acc 0.7946 MAE 0.6845 f1 0.8104
2026-03-09 11:27:58,823 - utils.logger2026-03-09-11.26.12 - INFO - Tst result of epoch 30 / 40 acc 0.7946 MAE 0.6845 f1 0.8104
2026-03-09 11:27:59,689 - utils.logger2026-03-09-11.26.12 - INFO - Cur epoch 31 loss TA:0.5608 TV:0.5407 VA:1.0298 CE:0.2902
2026-03-09 11:28:00,285 - utils.logger2026-03-09-11.26.12 - INFO - Cur epoch 31 loss TA:0.5336 TV:0.5617 VA:1.0690 CE:0.2012
2026-03-09 11:28:00,770 - utils.logger2026-03-09-11.26.12 - INFO - saving the model at the end of epoch 31, iters 868
2026-03-09 11:28:00,859 - utils.logger2026-03-09-11.26.12 - INFO - End of training epoch 31 / 40 	 Time Taken: 2 sec
2026-03-09 11:28:00,859 - utils.logger2026-03-09-11.26.12 - INFO - learning rate = 0.0001636
2026-03-09 11:28:01,291 - utils.logger2026-03-09-11.26.12 - INFO - Val result of epoch 31 / 40 acc 0.7991 MAE 0.6806 f1 0.8203
2026-03-09 11:28:01,681 - utils.logger2026-03-09-11.26.12 - INFO - Tst result of epoch 31 / 40 acc 0.7991 MAE 0.6806 f1 0.8203
2026-03-09 11:28:02,064 - utils.logger2026-03-09-11.26.12 - INFO - Cur epoch 32 loss TA:0.5312 TV:0.5411 VA:1.0019 CE:0.1993
2026-03-09 11:28:02,635 - utils.logger2026-03-09-11.26.12 - INFO - Cur epoch 32 loss TA:0.5295 TV:0.5276 VA:1.0123 CE:0.2205
2026-03-09 11:28:03,201 - utils.logger2026-03-09-11.26.12 - INFO - Cur epoch 32 loss TA:0.5287 TV:0.5420 VA:1.0224 CE:0.2002
2026-03-09 11:28:03,720 - utils.logger2026-03-09-11.26.12 - INFO - saving the model at the end of epoch 32, iters 896
2026-03-09 11:28:03,945 - utils.logger2026-03-09-11.26.12 - INFO - End of training epoch 32 / 40 	 Time Taken: 2 sec
2026-03-09 11:28:03,945 - utils.logger2026-03-09-11.26.12 - INFO - learning rate = 0.0001455
2026-03-09 11:28:04,321 - utils.logger2026-03-09-11.26.12 - INFO - Val result of epoch 32 / 40 acc 0.7946 MAE 0.6863 f1 0.8101
2026-03-09 11:28:04,711 - utils.logger2026-03-09-11.26.12 - INFO - Tst result of epoch 32 / 40 acc 0.7946 MAE 0.6863 f1 0.8101
2026-03-09 11:28:05,376 - utils.logger2026-03-09-11.26.12 - INFO - Cur epoch 33 loss TA:0.5160 TV:0.5238 VA:1.0108 CE:0.2346
2026-03-09 11:28:06,413 - utils.logger2026-03-09-11.26.12 - INFO - Cur epoch 33 loss TA:0.5131 TV:0.5316 VA:0.9954 CE:0.2691
2026-03-09 11:28:07,503 - utils.logger2026-03-09-11.26.12 - INFO - Cur epoch 33 loss TA:0.5151 TV:0.5306 VA:1.0098 CE:0.2635
2026-03-09 11:28:07,903 - utils.logger2026-03-09-11.26.12 - INFO - saving the model at the end of epoch 33, iters 924
2026-03-09 11:28:08,073 - utils.logger2026-03-09-11.26.12 - INFO - End of training epoch 33 / 40 	 Time Taken: 3 sec
2026-03-09 11:28:08,073 - utils.logger2026-03-09-11.26.12 - INFO - learning rate = 0.0001273
2026-03-09 11:28:08,440 - utils.logger2026-03-09-11.26.12 - INFO - Val result of epoch 33 / 40 acc 0.8080 MAE 0.6944 f1 0.8247
2026-03-09 11:28:08,826 - utils.logger2026-03-09-11.26.12 - INFO - Tst result of epoch 33 / 40 acc 0.8080 MAE 0.6944 f1 0.8247
2026-03-09 11:28:09,466 - utils.logger2026-03-09-11.26.12 - INFO - Cur epoch 34 loss TA:0.4900 TV:0.4887 VA:0.9540 CE:0.2001
2026-03-09 11:28:10,196 - utils.logger2026-03-09-11.26.12 - INFO - Cur epoch 34 loss TA:0.5093 TV:0.5222 VA:1.0184 CE:0.1819
2026-03-09 11:28:10,783 - utils.logger2026-03-09-11.26.12 - INFO - Cur epoch 34 loss TA:0.5264 TV:0.5264 VA:0.9858 CE:0.2057
2026-03-09 11:28:10,944 - utils.logger2026-03-09-11.26.12 - INFO - saving the model at the end of epoch 34, iters 952
2026-03-09 11:28:11,137 - utils.logger2026-03-09-11.26.12 - INFO - End of training epoch 34 / 40 	 Time Taken: 2 sec
2026-03-09 11:28:11,137 - utils.logger2026-03-09-11.26.12 - INFO - learning rate = 0.0001091
2026-03-09 11:28:11,584 - utils.logger2026-03-09-11.26.12 - INFO - Val result of epoch 34 / 40 acc 0.7812 MAE 0.6966 f1 0.8004
2026-03-09 11:28:11,974 - utils.logger2026-03-09-11.26.12 - INFO - Tst result of epoch 34 / 40 acc 0.7812 MAE 0.6966 f1 0.8004
2026-03-09 11:28:12,739 - utils.logger2026-03-09-11.26.12 - INFO - Cur epoch 35 loss TA:0.5043 TV:0.5175 VA:0.9668 CE:0.2230
2026-03-09 11:28:13,501 - utils.logger2026-03-09-11.26.12 - INFO - Cur epoch 35 loss TA:0.5198 TV:0.5321 VA:1.0006 CE:0.1644
2026-03-09 11:28:14,595 - utils.logger2026-03-09-11.26.12 - INFO - Cur epoch 35 loss TA:0.2105 TV:0.2475 VA:0.5124 CE:0.2539
2026-03-09 11:28:14,661 - utils.logger2026-03-09-11.26.12 - INFO - saving the model at the end of epoch 35, iters 980
2026-03-09 11:28:15,017 - utils.logger2026-03-09-11.26.12 - INFO - End of training epoch 35 / 40 	 Time Taken: 3 sec
2026-03-09 11:28:15,017 - utils.logger2026-03-09-11.26.12 - INFO - learning rate = 0.0000909
2026-03-09 11:28:15,436 - utils.logger2026-03-09-11.26.12 - INFO - Val result of epoch 35 / 40 acc 0.7634 MAE 0.6962 f1 0.7766
2026-03-09 11:28:15,849 - utils.logger2026-03-09-11.26.12 - INFO - Tst result of epoch 35 / 40 acc 0.7634 MAE 0.6962 f1 0.7766
2026-03-09 11:28:16,719 - utils.logger2026-03-09-11.26.12 - INFO - Cur epoch 36 loss TA:0.4906 TV:0.4897 VA:0.9790 CE:0.2171
2026-03-09 11:28:17,294 - utils.logger2026-03-09-11.26.12 - INFO - Cur epoch 36 loss TA:0.5398 TV:0.5457 VA:1.0058 CE:0.2132
2026-03-09 11:28:17,784 - utils.logger2026-03-09-11.26.12 - INFO - saving the model at the end of epoch 36, iters 1008
2026-03-09 11:28:17,984 - utils.logger2026-03-09-11.26.12 - INFO - End of training epoch 36 / 40 	 Time Taken: 2 sec
2026-03-09 11:28:17,984 - utils.logger2026-03-09-11.26.12 - INFO - learning rate = 0.0000727
2026-03-09 11:28:18,511 - utils.logger2026-03-09-11.26.12 - INFO - Val result of epoch 36 / 40 acc 0.7991 MAE 0.7030 f1 0.8149
2026-03-09 11:28:18,956 - utils.logger2026-03-09-11.26.12 - INFO - Tst result of epoch 36 / 40 acc 0.7991 MAE 0.7030 f1 0.8149
2026-03-09 11:28:19,387 - utils.logger2026-03-09-11.26.12 - INFO - Cur epoch 37 loss TA:0.5105 TV:0.5193 VA:0.9693 CE:0.2134
2026-03-09 11:28:19,979 - utils.logger2026-03-09-11.26.12 - INFO - Cur epoch 37 loss TA:0.5215 TV:0.5274 VA:1.0123 CE:0.1790
2026-03-09 11:28:20,771 - utils.logger2026-03-09-11.26.12 - INFO - Cur epoch 37 loss TA:0.5001 TV:0.5098 VA:0.9955 CE:0.2101
2026-03-09 11:28:21,186 - utils.logger2026-03-09-11.26.12 - INFO - saving the model at the end of epoch 37, iters 1036
2026-03-09 11:28:21,360 - utils.logger2026-03-09-11.26.12 - INFO - End of training epoch 37 / 40 	 Time Taken: 2 sec
2026-03-09 11:28:21,360 - utils.logger2026-03-09-11.26.12 - INFO - learning rate = 0.0000545
2026-03-09 11:28:21,757 - utils.logger2026-03-09-11.26.12 - INFO - Val result of epoch 37 / 40 acc 0.8080 MAE 0.7086 f1 0.8245
2026-03-09 11:28:22,201 - utils.logger2026-03-09-11.26.12 - INFO - Tst result of epoch 37 / 40 acc 0.8080 MAE 0.7086 f1 0.8245
2026-03-09 11:28:22,880 - utils.logger2026-03-09-11.26.12 - INFO - Cur epoch 38 loss TA:0.4793 TV:0.4817 VA:0.9473 CE:0.1823
2026-03-09 11:28:23,907 - utils.logger2026-03-09-11.26.12 - INFO - Cur epoch 38 loss TA:0.5061 TV:0.5096 VA:0.9826 CE:0.1514
2026-03-09 11:28:24,890 - utils.logger2026-03-09-11.26.12 - INFO - Cur epoch 38 loss TA:0.5041 TV:0.5131 VA:1.0030 CE:0.1159
2026-03-09 11:28:25,247 - utils.logger2026-03-09-11.26.12 - INFO - saving the model at the end of epoch 38, iters 1064
2026-03-09 11:28:25,474 - utils.logger2026-03-09-11.26.12 - INFO - End of training epoch 38 / 40 	 Time Taken: 3 sec
2026-03-09 11:28:25,474 - utils.logger2026-03-09-11.26.12 - INFO - learning rate = 0.0000364
2026-03-09 11:28:25,858 - utils.logger2026-03-09-11.26.12 - INFO - Val result of epoch 38 / 40 acc 0.8170 MAE 0.7093 f1 0.8346
2026-03-09 11:28:26,247 - utils.logger2026-03-09-11.26.12 - INFO - Tst result of epoch 38 / 40 acc 0.8170 MAE 0.7093 f1 0.8346
2026-03-09 11:28:27,048 - utils.logger2026-03-09-11.26.12 - INFO - Cur epoch 39 loss TA:0.4811 TV:0.5032 VA:0.9669 CE:0.1268
2026-03-09 11:28:27,700 - utils.logger2026-03-09-11.26.12 - INFO - Cur epoch 39 loss TA:0.5204 TV:0.5257 VA:1.0210 CE:0.1298
2026-03-09 11:28:28,270 - utils.logger2026-03-09-11.26.12 - INFO - Cur epoch 39 loss TA:0.4785 TV:0.4853 VA:0.9429 CE:0.1550
2026-03-09 11:28:28,406 - utils.logger2026-03-09-11.26.12 - INFO - saving the model at the end of epoch 39, iters 1092
2026-03-09 11:28:28,606 - utils.logger2026-03-09-11.26.12 - INFO - End of training epoch 39 / 40 	 Time Taken: 2 sec
2026-03-09 11:28:28,606 - utils.logger2026-03-09-11.26.12 - INFO - learning rate = 0.0000182
2026-03-09 11:28:29,104 - utils.logger2026-03-09-11.26.12 - INFO - Val result of epoch 39 / 40 acc 0.8125 MAE 0.7050 f1 0.8295
2026-03-09 11:28:29,542 - utils.logger2026-03-09-11.26.12 - INFO - Tst result of epoch 39 / 40 acc 0.8125 MAE 0.7050 f1 0.8295
2026-03-09 11:28:30,287 - utils.logger2026-03-09-11.26.12 - INFO - Cur epoch 40 loss TA:0.4938 TV:0.4999 VA:0.9844 CE:0.2127
2026-03-09 11:28:30,998 - utils.logger2026-03-09-11.26.12 - INFO - Cur epoch 40 loss TA:0.4921 TV:0.4982 VA:0.9869 CE:0.1688
2026-03-09 11:28:32,057 - utils.logger2026-03-09-11.26.12 - INFO - Cur epoch 40 loss TA:0.2367 TV:0.2415 VA:0.4767 CE:0.2179
2026-03-09 11:28:32,114 - utils.logger2026-03-09-11.26.12 - INFO - saving the model at the end of epoch 40, iters 1120
2026-03-09 11:28:32,668 - utils.logger2026-03-09-11.26.12 - INFO - End of training epoch 40 / 40 	 Time Taken: 3 sec
2026-03-09 11:28:32,668 - utils.logger2026-03-09-11.26.12 - INFO - learning rate = 0.0000000
2026-03-09 11:28:33,064 - utils.logger2026-03-09-11.26.12 - INFO - Val result of epoch 40 / 40 acc 0.8080 MAE 0.7026 f1 0.8244
2026-03-09 11:28:33,444 - utils.logger2026-03-09-11.26.12 - INFO - Tst result of epoch 40 / 40 acc 0.8080 MAE 0.7026 f1 0.8244
2026-03-09 11:28:33,444 - utils.logger2026-03-09-11.26.12 - INFO - Best eval epoch 18 found with f1 0.849147
