2026-03-09 13:59:38,994 - utils.logger2026-03-09-13.59.38 - INFO - The number of training samples = 1750
2026-03-09 13:59:38,994 - utils.logger2026-03-09-13.59.38 - INFO - The number of testing samples = 224
2026-03-09 13:59:40,742 - utils.logger2026-03-09-13.59.38 - INFO - Cur epoch 1 loss TA:1.0375 TV:1.0379 VA:2.0709 CE:3.2181
2026-03-09 13:59:41,201 - utils.logger2026-03-09-13.59.38 - INFO - Cur epoch 1 loss TA:1.0338 TV:1.0359 VA:2.0694 CE:2.4200
2026-03-09 13:59:41,544 - utils.logger2026-03-09-13.59.38 - INFO - saving the model at the end of epoch 1, iters 28
2026-03-09 13:59:41,788 - utils.logger2026-03-09-13.59.38 - INFO - End of training epoch 1 / 40 	 Time Taken: 2 sec
2026-03-09 13:59:41,789 - utils.logger2026-03-09-13.59.38 - INFO - learning rate = 0.0002000
2026-03-09 13:59:42,245 - utils.logger2026-03-09-13.59.38 - INFO - Val result of epoch 1 / 40 mae 1.5357 corr 0.4222 f1 0.5305
2026-03-09 13:59:42,703 - utils.logger2026-03-09-13.59.38 - INFO - Tst result of epoch 1 / 40 mae 1.4677 corr 0.0725 f1 0.5429
2026-03-09 13:59:43,168 - utils.logger2026-03-09-13.59.38 - INFO - Cur epoch 2 loss TA:1.0246 TV:1.0241 VA:2.0542 CE:2.2784
2026-03-09 13:59:43,711 - utils.logger2026-03-09-13.59.38 - INFO - Cur epoch 2 loss TA:1.0202 TV:1.0174 VA:2.0466 CE:1.8674
2026-03-09 13:59:44,123 - utils.logger2026-03-09-13.59.38 - INFO - Cur epoch 2 loss TA:1.0053 TV:1.0030 VA:2.0283 CE:3.0177
2026-03-09 13:59:44,544 - utils.logger2026-03-09-13.59.38 - INFO - saving the model at the end of epoch 2, iters 56
2026-03-09 13:59:44,653 - utils.logger2026-03-09-13.59.38 - INFO - End of training epoch 2 / 40 	 Time Taken: 1 sec
2026-03-09 13:59:44,653 - utils.logger2026-03-09-13.59.38 - INFO - learning rate = 0.0002000
2026-03-09 13:59:45,144 - utils.logger2026-03-09-13.59.38 - INFO - Val result of epoch 2 / 40 mae 1.4111 corr 0.5791 f1 0.6592
2026-03-09 13:59:45,566 - utils.logger2026-03-09-13.59.38 - INFO - Tst result of epoch 2 / 40 mae 1.3934 corr 0.1228 f1 0.5104
2026-03-09 13:59:46,087 - utils.logger2026-03-09-13.59.38 - INFO - Cur epoch 3 loss TA:0.9898 TV:0.9744 VA:1.9868 CE:2.0220
2026-03-09 13:59:46,636 - utils.logger2026-03-09-13.59.38 - INFO - Cur epoch 3 loss TA:0.9760 TV:0.9553 VA:1.9435 CE:2.1016
2026-03-09 13:59:47,156 - utils.logger2026-03-09-13.59.38 - INFO - Cur epoch 3 loss TA:0.9696 TV:0.9573 VA:1.9289 CE:2.3310
2026-03-09 13:59:47,391 - utils.logger2026-03-09-13.59.38 - INFO - saving the model at the end of epoch 3, iters 84
2026-03-09 13:59:47,497 - utils.logger2026-03-09-13.59.38 - INFO - End of training epoch 3 / 40 	 Time Taken: 1 sec
2026-03-09 13:59:47,497 - utils.logger2026-03-09-13.59.38 - INFO - learning rate = 0.0002000
2026-03-09 13:59:47,936 - utils.logger2026-03-09-13.59.38 - INFO - Val result of epoch 3 / 40 mae 1.2797 corr 0.6089 f1 0.7528
2026-03-09 13:59:48,409 - utils.logger2026-03-09-13.59.38 - INFO - Tst result of epoch 3 / 40 mae 1.2964 corr 0.2881 f1 0.6168
2026-03-09 13:59:49,216 - utils.logger2026-03-09-13.59.38 - INFO - Cur epoch 4 loss TA:0.9233 TV:0.9294 VA:1.8705 CE:2.0494
2026-03-09 13:59:49,625 - utils.logger2026-03-09-13.59.38 - INFO - Cur epoch 4 loss TA:0.9398 TV:0.9446 VA:1.8406 CE:1.7545
2026-03-09 13:59:50,141 - utils.logger2026-03-09-13.59.38 - INFO - Cur epoch 4 loss TA:0.9479 TV:0.9381 VA:1.8487 CE:2.0064
2026-03-09 13:59:50,261 - utils.logger2026-03-09-13.59.38 - INFO - saving the model at the end of epoch 4, iters 112
2026-03-09 13:59:50,367 - utils.logger2026-03-09-13.59.38 - INFO - End of training epoch 4 / 40 	 Time Taken: 1 sec
2026-03-09 13:59:50,367 - utils.logger2026-03-09-13.59.38 - INFO - learning rate = 0.0002000
2026-03-09 13:59:50,883 - utils.logger2026-03-09-13.59.38 - INFO - Val result of epoch 4 / 40 mae 1.2494 corr 0.6539 f1 0.7209
2026-03-09 13:59:51,409 - utils.logger2026-03-09-13.59.38 - INFO - Tst result of epoch 4 / 40 mae 1.2840 corr 0.3362 f1 0.6016
2026-03-09 13:59:52,230 - utils.logger2026-03-09-13.59.38 - INFO - Cur epoch 5 loss TA:0.9136 TV:0.9194 VA:1.7948 CE:1.4417
2026-03-09 13:59:52,633 - utils.logger2026-03-09-13.59.38 - INFO - Cur epoch 5 loss TA:0.9140 TV:0.9035 VA:1.7448 CE:2.0129
2026-03-09 13:59:53,127 - utils.logger2026-03-09-13.59.38 - INFO - Cur epoch 5 loss TA:0.6460 TV:0.6084 VA:1.2066 CE:1.2051
2026-03-09 13:59:53,176 - utils.logger2026-03-09-13.59.38 - INFO - saving the model at the end of epoch 5, iters 140
2026-03-09 13:59:53,273 - utils.logger2026-03-09-13.59.38 - INFO - End of training epoch 5 / 40 	 Time Taken: 1 sec
2026-03-09 13:59:53,273 - utils.logger2026-03-09-13.59.38 - INFO - learning rate = 0.0002000
2026-03-09 13:59:53,737 - utils.logger2026-03-09-13.59.38 - INFO - Val result of epoch 5 / 40 mae 1.1767 corr 0.6829 f1 0.7670
2026-03-09 13:59:54,178 - utils.logger2026-03-09-13.59.38 - INFO - Tst result of epoch 5 / 40 mae 1.2023 corr 0.4565 f1 0.7019
2026-03-09 13:59:55,075 - utils.logger2026-03-09-13.59.38 - INFO - Cur epoch 6 loss TA:0.8905 TV:0.8958 VA:1.7476 CE:1.6052
2026-03-09 13:59:55,462 - utils.logger2026-03-09-13.59.38 - INFO - Cur epoch 6 loss TA:0.8833 TV:0.8764 VA:1.7312 CE:1.6769
2026-03-09 13:59:55,948 - utils.logger2026-03-09-13.59.38 - INFO - saving the model at the end of epoch 6, iters 168
2026-03-09 13:59:56,048 - utils.logger2026-03-09-13.59.38 - INFO - End of training epoch 6 / 40 	 Time Taken: 1 sec
2026-03-09 13:59:56,048 - utils.logger2026-03-09-13.59.38 - INFO - learning rate = 0.0002000
2026-03-09 13:59:56,480 - utils.logger2026-03-09-13.59.38 - INFO - Val result of epoch 6 / 40 mae 1.0861 corr 0.7111 f1 0.8400
2026-03-09 13:59:56,927 - utils.logger2026-03-09-13.59.38 - INFO - Tst result of epoch 6 / 40 mae 1.1451 corr 0.4895 f1 0.7620
2026-03-09 13:59:57,383 - utils.logger2026-03-09-13.59.38 - INFO - Cur epoch 7 loss TA:0.8528 TV:0.8806 VA:1.6838 CE:1.8037
2026-03-09 13:59:57,874 - utils.logger2026-03-09-13.59.38 - INFO - Cur epoch 7 loss TA:0.8861 TV:0.8769 VA:1.6945 CE:1.2040
2026-03-09 13:59:58,281 - utils.logger2026-03-09-13.59.38 - INFO - Cur epoch 7 loss TA:0.8737 TV:0.8766 VA:1.7125 CE:1.3665
2026-03-09 13:59:58,543 - utils.logger2026-03-09-13.59.38 - INFO - saving the model at the end of epoch 7, iters 196
2026-03-09 13:59:58,784 - utils.logger2026-03-09-13.59.38 - INFO - End of training epoch 7 / 40 	 Time Taken: 1 sec
2026-03-09 13:59:58,784 - utils.logger2026-03-09-13.59.38 - INFO - learning rate = 0.0002000
2026-03-09 13:59:59,221 - utils.logger2026-03-09-13.59.38 - INFO - Val result of epoch 7 / 40 mae 1.0555 corr 0.7189 f1 0.8249
2026-03-09 13:59:59,681 - utils.logger2026-03-09-13.59.38 - INFO - Tst result of epoch 7 / 40 mae 1.1109 corr 0.5198 f1 0.7659
2026-03-09 14:00:00,216 - utils.logger2026-03-09-13.59.38 - INFO - Cur epoch 8 loss TA:0.8121 TV:0.8378 VA:1.5999 CE:1.2874
2026-03-09 14:00:00,661 - utils.logger2026-03-09-13.59.38 - INFO - Cur epoch 8 loss TA:0.8393 TV:0.8415 VA:1.6119 CE:1.2989
2026-03-09 14:00:01,129 - utils.logger2026-03-09-13.59.38 - INFO - Cur epoch 8 loss TA:0.8328 TV:0.8444 VA:1.6253 CE:1.0915
2026-03-09 14:00:01,320 - utils.logger2026-03-09-13.59.38 - INFO - saving the model at the end of epoch 8, iters 224
2026-03-09 14:00:01,563 - utils.logger2026-03-09-13.59.38 - INFO - End of training epoch 8 / 40 	 Time Taken: 1 sec
2026-03-09 14:00:01,563 - utils.logger2026-03-09-13.59.38 - INFO - learning rate = 0.0002000
2026-03-09 14:00:02,040 - utils.logger2026-03-09-13.59.38 - INFO - Val result of epoch 8 / 40 mae 0.9536 corr 0.7314 f1 0.8595
2026-03-09 14:00:02,546 - utils.logger2026-03-09-13.59.38 - INFO - Tst result of epoch 8 / 40 mae 1.0716 corr 0.5215 f1 0.7830
2026-03-09 14:00:03,209 - utils.logger2026-03-09-13.59.38 - INFO - Cur epoch 9 loss TA:0.8320 TV:0.8465 VA:1.5659 CE:1.3629
2026-03-09 14:00:03,733 - utils.logger2026-03-09-13.59.38 - INFO - Cur epoch 9 loss TA:0.8435 TV:0.8551 VA:1.5783 CE:0.9657
2026-03-09 14:00:04,247 - utils.logger2026-03-09-13.59.38 - INFO - Cur epoch 9 loss TA:0.8219 TV:0.8190 VA:1.5212 CE:0.8658
2026-03-09 14:00:04,408 - utils.logger2026-03-09-13.59.38 - INFO - saving the model at the end of epoch 9, iters 252
2026-03-09 14:00:04,508 - utils.logger2026-03-09-13.59.38 - INFO - End of training epoch 9 / 40 	 Time Taken: 1 sec
2026-03-09 14:00:04,508 - utils.logger2026-03-09-13.59.38 - INFO - learning rate = 0.0002000
2026-03-09 14:00:04,950 - utils.logger2026-03-09-13.59.38 - INFO - Val result of epoch 9 / 40 mae 0.9798 corr 0.7092 f1 0.8346
2026-03-09 14:00:05,372 - utils.logger2026-03-09-13.59.38 - INFO - Tst result of epoch 9 / 40 mae 1.0659 corr 0.5368 f1 0.7861
2026-03-09 14:00:06,051 - utils.logger2026-03-09-13.59.38 - INFO - Cur epoch 10 loss TA:0.7927 TV:0.7878 VA:1.4706 CE:1.2740
2026-03-09 14:00:06,582 - utils.logger2026-03-09-13.59.38 - INFO - Cur epoch 10 loss TA:0.7963 TV:0.8196 VA:1.4808 CE:0.9524
2026-03-09 14:00:07,014 - utils.logger2026-03-09-13.59.38 - INFO - Cur epoch 10 loss TA:0.5630 TV:0.5104 VA:0.9237 CE:0.9191
2026-03-09 14:00:07,063 - utils.logger2026-03-09-13.59.38 - INFO - saving the model at the end of epoch 10, iters 280
2026-03-09 14:00:07,225 - utils.logger2026-03-09-13.59.38 - INFO - End of training epoch 10 / 40 	 Time Taken: 1 sec
2026-03-09 14:00:07,225 - utils.logger2026-03-09-13.59.38 - INFO - learning rate = 0.0002000
2026-03-09 14:00:07,669 - utils.logger2026-03-09-13.59.38 - INFO - Val result of epoch 10 / 40 mae 1.0158 corr 0.7069 f1 0.8004
2026-03-09 14:00:08,082 - utils.logger2026-03-09-13.59.38 - INFO - Tst result of epoch 10 / 40 mae 1.0663 corr 0.5520 f1 0.7639
2026-03-09 14:00:08,907 - utils.logger2026-03-09-13.59.38 - INFO - Cur epoch 11 loss TA:0.7855 TV:0.7871 VA:1.3965 CE:0.7277
2026-03-09 14:00:09,423 - utils.logger2026-03-09-13.59.38 - INFO - Cur epoch 11 loss TA:0.7878 TV:0.8145 VA:1.4524 CE:1.0192
2026-03-09 14:00:09,759 - utils.logger2026-03-09-13.59.38 - INFO - saving the model at the end of epoch 11, iters 308
2026-03-09 14:00:10,013 - utils.logger2026-03-09-13.59.38 - INFO - End of training epoch 11 / 40 	 Time Taken: 1 sec
2026-03-09 14:00:10,013 - utils.logger2026-03-09-13.59.38 - INFO - learning rate = 0.0002000
2026-03-09 14:00:10,490 - utils.logger2026-03-09-13.59.38 - INFO - Val result of epoch 11 / 40 mae 0.9493 corr 0.7198 f1 0.8392
2026-03-09 14:00:10,923 - utils.logger2026-03-09-13.59.38 - INFO - Tst result of epoch 11 / 40 mae 1.0368 corr 0.5606 f1 0.7588
2026-03-09 14:00:11,427 - utils.logger2026-03-09-13.59.38 - INFO - Cur epoch 12 loss TA:0.7730 TV:0.8014 VA:1.3789 CE:0.7500
2026-03-09 14:00:11,962 - utils.logger2026-03-09-13.59.38 - INFO - Cur epoch 12 loss TA:0.7730 TV:0.7755 VA:1.4125 CE:0.7229
2026-03-09 14:00:12,422 - utils.logger2026-03-09-13.59.38 - INFO - Cur epoch 12 loss TA:0.7727 TV:0.7831 VA:1.3971 CE:0.6416
2026-03-09 14:00:12,750 - utils.logger2026-03-09-13.59.38 - INFO - saving the model at the end of epoch 12, iters 336
2026-03-09 14:00:12,853 - utils.logger2026-03-09-13.59.38 - INFO - End of training epoch 12 / 40 	 Time Taken: 1 sec
2026-03-09 14:00:12,854 - utils.logger2026-03-09-13.59.38 - INFO - learning rate = 0.0002000
2026-03-09 14:00:13,358 - utils.logger2026-03-09-13.59.38 - INFO - Val result of epoch 12 / 40 mae 0.9117 corr 0.7275 f1 0.8637
2026-03-09 14:00:13,856 - utils.logger2026-03-09-13.59.38 - INFO - Tst result of epoch 12 / 40 mae 1.0135 corr 0.5673 f1 0.7853
2026-03-09 14:00:14,438 - utils.logger2026-03-09-13.59.38 - INFO - Cur epoch 13 loss TA:0.7126 TV:0.7240 VA:1.2703 CE:0.6411
2026-03-09 14:00:14,866 - utils.logger2026-03-09-13.59.38 - INFO - Cur epoch 13 loss TA:0.7607 TV:0.7902 VA:1.3862 CE:0.5754
2026-03-09 14:00:15,383 - utils.logger2026-03-09-13.59.38 - INFO - Cur epoch 13 loss TA:0.7315 TV:0.7587 VA:1.3806 CE:0.7220
2026-03-09 14:00:15,602 - utils.logger2026-03-09-13.59.38 - INFO - saving the model at the end of epoch 13, iters 364
2026-03-09 14:00:15,834 - utils.logger2026-03-09-13.59.38 - INFO - End of training epoch 13 / 40 	 Time Taken: 1 sec
2026-03-09 14:00:15,834 - utils.logger2026-03-09-13.59.38 - INFO - learning rate = 0.0002000
2026-03-09 14:00:16,307 - utils.logger2026-03-09-13.59.38 - INFO - Val result of epoch 13 / 40 mae 0.9244 corr 0.7393 f1 0.8491
2026-03-09 14:00:16,751 - utils.logger2026-03-09-13.59.38 - INFO - Tst result of epoch 13 / 40 mae 1.0184 corr 0.5718 f1 0.7762
2026-03-09 14:00:17,343 - utils.logger2026-03-09-13.59.38 - INFO - Cur epoch 14 loss TA:0.7458 TV:0.7172 VA:1.2975 CE:0.6220
2026-03-09 14:00:17,899 - utils.logger2026-03-09-13.59.38 - INFO - Cur epoch 14 loss TA:0.7420 TV:0.7600 VA:1.3063 CE:0.7054
2026-03-09 14:00:18,284 - utils.logger2026-03-09-13.59.38 - INFO - Cur epoch 14 loss TA:0.7387 TV:0.7339 VA:1.3831 CE:0.5753
2026-03-09 14:00:18,415 - utils.logger2026-03-09-13.59.38 - INFO - saving the model at the end of epoch 14, iters 392
2026-03-09 14:00:18,624 - utils.logger2026-03-09-13.59.38 - INFO - End of training epoch 14 / 40 	 Time Taken: 1 sec
2026-03-09 14:00:18,624 - utils.logger2026-03-09-13.59.38 - INFO - learning rate = 0.0002000
2026-03-09 14:00:19,076 - utils.logger2026-03-09-13.59.38 - INFO - Val result of epoch 14 / 40 mae 0.9231 corr 0.7326 f1 0.8557
2026-03-09 14:00:19,516 - utils.logger2026-03-09-13.59.38 - INFO - Tst result of epoch 14 / 40 mae 1.0264 corr 0.5713 f1 0.7623
2026-03-09 14:00:20,189 - utils.logger2026-03-09-13.59.38 - INFO - Cur epoch 15 loss TA:0.7288 TV:0.7239 VA:1.3045 CE:0.5009
2026-03-09 14:00:20,702 - utils.logger2026-03-09-13.59.38 - INFO - Cur epoch 15 loss TA:0.7266 TV:0.7278 VA:1.2979 CE:0.6563
2026-03-09 14:00:21,080 - utils.logger2026-03-09-13.59.38 - INFO - Cur epoch 15 loss TA:0.5047 TV:0.5207 VA:0.8411 CE:0.4834
2026-03-09 14:00:21,121 - utils.logger2026-03-09-13.59.38 - INFO - saving the model at the end of epoch 15, iters 420
2026-03-09 14:00:21,340 - utils.logger2026-03-09-13.59.38 - INFO - End of training epoch 15 / 40 	 Time Taken: 1 sec
2026-03-09 14:00:21,340 - utils.logger2026-03-09-13.59.38 - INFO - learning rate = 0.0002000
2026-03-09 14:00:21,835 - utils.logger2026-03-09-13.59.38 - INFO - Val result of epoch 15 / 40 mae 0.9530 corr 0.7252 f1 0.8292
2026-03-09 14:00:22,253 - utils.logger2026-03-09-13.59.38 - INFO - Tst result of epoch 15 / 40 mae 1.0117 corr 0.5794 f1 0.7993
2026-03-09 14:00:23,052 - utils.logger2026-03-09-13.59.38 - INFO - Cur epoch 16 loss TA:0.7137 TV:0.7214 VA:1.2874 CE:0.5348
2026-03-09 14:00:23,491 - utils.logger2026-03-09-13.59.38 - INFO - Cur epoch 16 loss TA:0.6886 TV:0.6866 VA:1.2346 CE:0.6272
2026-03-09 14:00:23,867 - utils.logger2026-03-09-13.59.38 - INFO - saving the model at the end of epoch 16, iters 448
2026-03-09 14:00:24,040 - utils.logger2026-03-09-13.59.38 - INFO - End of training epoch 16 / 40 	 Time Taken: 1 sec
2026-03-09 14:00:24,041 - utils.logger2026-03-09-13.59.38 - INFO - learning rate = 0.0002000
2026-03-09 14:00:24,476 - utils.logger2026-03-09-13.59.38 - INFO - Val result of epoch 16 / 40 mae 0.9666 corr 0.7215 f1 0.8245
2026-03-09 14:00:24,890 - utils.logger2026-03-09-13.59.38 - INFO - Tst result of epoch 16 / 40 mae 1.0304 corr 0.5685 f1 0.7724
2026-03-09 14:00:25,347 - utils.logger2026-03-09-13.59.38 - INFO - Cur epoch 17 loss TA:0.6887 TV:0.6886 VA:1.2447 CE:0.5962
2026-03-09 14:00:25,738 - utils.logger2026-03-09-13.59.38 - INFO - Cur epoch 17 loss TA:0.7086 TV:0.7459 VA:1.3280 CE:0.4562
2026-03-09 14:00:26,240 - utils.logger2026-03-09-13.59.38 - INFO - Cur epoch 17 loss TA:0.6630 TV:0.6665 VA:1.2170 CE:0.4677
2026-03-09 14:00:26,504 - utils.logger2026-03-09-13.59.38 - INFO - saving the model at the end of epoch 17, iters 476
2026-03-09 14:00:26,751 - utils.logger2026-03-09-13.59.38 - INFO - End of training epoch 17 / 40 	 Time Taken: 1 sec
2026-03-09 14:00:26,751 - utils.logger2026-03-09-13.59.38 - INFO - learning rate = 0.0002000
2026-03-09 14:00:27,196 - utils.logger2026-03-09-13.59.38 - INFO - Val result of epoch 17 / 40 mae 0.9775 corr 0.7204 f1 0.8245
2026-03-09 14:00:27,626 - utils.logger2026-03-09-13.59.38 - INFO - Tst result of epoch 17 / 40 mae 1.0188 corr 0.5818 f1 0.7582
2026-03-09 14:00:28,126 - utils.logger2026-03-09-13.59.38 - INFO - Cur epoch 18 loss TA:0.6859 TV:0.6958 VA:1.2269 CE:0.4174
2026-03-09 14:00:28,573 - utils.logger2026-03-09-13.59.38 - INFO - Cur epoch 18 loss TA:0.6646 TV:0.6674 VA:1.2504 CE:0.4376
2026-03-09 14:00:29,032 - utils.logger2026-03-09-13.59.38 - INFO - Cur epoch 18 loss TA:0.7037 TV:0.7197 VA:1.2698 CE:0.3464
2026-03-09 14:00:29,230 - utils.logger2026-03-09-13.59.38 - INFO - saving the model at the end of epoch 18, iters 504
2026-03-09 14:00:29,487 - utils.logger2026-03-09-13.59.38 - INFO - End of training epoch 18 / 40 	 Time Taken: 1 sec
2026-03-09 14:00:29,487 - utils.logger2026-03-09-13.59.38 - INFO - learning rate = 0.0002000
2026-03-09 14:00:29,934 - utils.logger2026-03-09-13.59.38 - INFO - Val result of epoch 18 / 40 mae 0.9782 corr 0.7099 f1 0.8148
2026-03-09 14:00:30,336 - utils.logger2026-03-09-13.59.38 - INFO - Tst result of epoch 18 / 40 mae 1.0052 corr 0.6047 f1 0.7762
2026-03-09 14:00:30,943 - utils.logger2026-03-09-13.59.38 - INFO - Cur epoch 19 loss TA:0.6393 TV:0.6400 VA:1.1429 CE:0.3697
2026-03-09 14:00:31,463 - utils.logger2026-03-09-13.59.38 - INFO - Cur epoch 19 loss TA:0.6505 TV:0.6620 VA:1.2016 CE:0.3641
2026-03-09 14:00:31,826 - utils.logger2026-03-09-13.59.38 - INFO - Cur epoch 19 loss TA:0.6547 TV:0.6779 VA:1.1948 CE:0.4302
2026-03-09 14:00:31,938 - utils.logger2026-03-09-13.59.38 - INFO - saving the model at the end of epoch 19, iters 532
2026-03-09 14:00:32,193 - utils.logger2026-03-09-13.59.38 - INFO - End of training epoch 19 / 40 	 Time Taken: 1 sec
2026-03-09 14:00:32,193 - utils.logger2026-03-09-13.59.38 - INFO - learning rate = 0.0002000
2026-03-09 14:00:32,620 - utils.logger2026-03-09-13.59.38 - INFO - Val result of epoch 19 / 40 mae 1.0092 corr 0.7156 f1 0.8148
2026-03-09 14:00:33,014 - utils.logger2026-03-09-13.59.38 - INFO - Tst result of epoch 19 / 40 mae 1.0497 corr 0.5651 f1 0.7605
2026-03-09 14:00:33,688 - utils.logger2026-03-09-13.59.38 - INFO - Cur epoch 20 loss TA:0.6472 TV:0.6521 VA:1.2042 CE:0.3488
2026-03-09 14:00:34,179 - utils.logger2026-03-09-13.59.38 - INFO - Cur epoch 20 loss TA:0.6472 TV:0.6653 VA:1.1706 CE:0.3434
2026-03-09 14:00:34,574 - utils.logger2026-03-09-13.59.38 - INFO - Cur epoch 20 loss TA:0.3573 TV:0.3894 VA:0.6074 CE:0.4968
2026-03-09 14:00:34,631 - utils.logger2026-03-09-13.59.38 - INFO - saving the model at the end of epoch 20, iters 560
2026-03-09 14:00:34,871 - utils.logger2026-03-09-13.59.38 - INFO - End of training epoch 20 / 40 	 Time Taken: 1 sec
2026-03-09 14:00:34,871 - utils.logger2026-03-09-13.59.38 - INFO - learning rate = 0.0001905
2026-03-09 14:00:35,340 - utils.logger2026-03-09-13.59.38 - INFO - Val result of epoch 20 / 40 mae 1.1195 corr 0.6854 f1 0.7720
2026-03-09 14:00:35,773 - utils.logger2026-03-09-13.59.38 - INFO - Tst result of epoch 20 / 40 mae 1.0947 corr 0.5714 f1 0.7350
2026-03-09 14:00:36,506 - utils.logger2026-03-09-13.59.38 - INFO - Cur epoch 21 loss TA:0.5987 TV:0.6140 VA:1.1217 CE:0.4076
2026-03-09 14:00:37,018 - utils.logger2026-03-09-13.59.38 - INFO - Cur epoch 21 loss TA:0.6598 TV:0.6749 VA:1.2115 CE:0.2920
2026-03-09 14:00:37,373 - utils.logger2026-03-09-13.59.38 - INFO - saving the model at the end of epoch 21, iters 588
2026-03-09 14:00:37,616 - utils.logger2026-03-09-13.59.38 - INFO - End of training epoch 21 / 40 	 Time Taken: 1 sec
2026-03-09 14:00:37,617 - utils.logger2026-03-09-13.59.38 - INFO - learning rate = 0.0001810
2026-03-09 14:00:38,084 - utils.logger2026-03-09-13.59.38 - INFO - Val result of epoch 21 / 40 mae 0.9804 corr 0.7184 f1 0.8055
2026-03-09 14:00:38,540 - utils.logger2026-03-09-13.59.38 - INFO - Tst result of epoch 21 / 40 mae 1.0445 corr 0.5662 f1 0.7664
2026-03-09 14:00:39,019 - utils.logger2026-03-09-13.59.38 - INFO - Cur epoch 22 loss TA:0.6410 TV:0.6394 VA:1.1670 CE:0.3556
2026-03-09 14:00:39,524 - utils.logger2026-03-09-13.59.38 - INFO - Cur epoch 22 loss TA:0.6233 TV:0.6276 VA:1.1363 CE:0.3398
2026-03-09 14:00:39,889 - utils.logger2026-03-09-13.59.38 - INFO - Cur epoch 22 loss TA:0.6513 TV:0.6574 VA:1.1862 CE:0.2896
2026-03-09 14:00:40,278 - utils.logger2026-03-09-13.59.38 - INFO - saving the model at the end of epoch 22, iters 616
2026-03-09 14:00:40,377 - utils.logger2026-03-09-13.59.38 - INFO - End of training epoch 22 / 40 	 Time Taken: 1 sec
2026-03-09 14:00:40,378 - utils.logger2026-03-09-13.59.38 - INFO - learning rate = 0.0001714
2026-03-09 14:00:40,784 - utils.logger2026-03-09-13.59.38 - INFO - Val result of epoch 22 / 40 mae 0.9770 corr 0.7166 f1 0.8390
2026-03-09 14:00:41,193 - utils.logger2026-03-09-13.59.38 - INFO - Tst result of epoch 22 / 40 mae 1.0123 corr 0.5846 f1 0.7526
2026-03-09 14:00:41,685 - utils.logger2026-03-09-13.59.38 - INFO - Cur epoch 23 loss TA:0.6236 TV:0.6253 VA:1.1220 CE:0.3077
2026-03-09 14:00:42,134 - utils.logger2026-03-09-13.59.38 - INFO - Cur epoch 23 loss TA:0.6208 TV:0.6340 VA:1.1433 CE:0.3232
2026-03-09 14:00:42,598 - utils.logger2026-03-09-13.59.38 - INFO - Cur epoch 23 loss TA:0.6045 TV:0.6081 VA:1.1286 CE:0.2864
2026-03-09 14:00:42,800 - utils.logger2026-03-09-13.59.38 - INFO - saving the model at the end of epoch 23, iters 644
2026-03-09 14:00:43,059 - utils.logger2026-03-09-13.59.38 - INFO - End of training epoch 23 / 40 	 Time Taken: 1 sec
2026-03-09 14:00:43,059 - utils.logger2026-03-09-13.59.38 - INFO - learning rate = 0.0001619
2026-03-09 14:00:43,490 - utils.logger2026-03-09-13.59.38 - INFO - Val result of epoch 23 / 40 mae 1.0111 corr 0.6983 f1 0.7908
2026-03-09 14:00:43,902 - utils.logger2026-03-09-13.59.38 - INFO - Tst result of epoch 23 / 40 mae 1.0301 corr 0.5834 f1 0.7641
2026-03-09 14:00:44,496 - utils.logger2026-03-09-13.59.38 - INFO - Cur epoch 24 loss TA:0.5725 TV:0.5897 VA:1.1060 CE:0.3922
2026-03-09 14:00:45,045 - utils.logger2026-03-09-13.59.38 - INFO - Cur epoch 24 loss TA:0.6142 TV:0.6248 VA:1.1084 CE:0.3550
2026-03-09 14:00:45,550 - utils.logger2026-03-09-13.59.38 - INFO - Cur epoch 24 loss TA:0.6085 TV:0.6099 VA:1.1160 CE:0.2967
2026-03-09 14:00:45,714 - utils.logger2026-03-09-13.59.38 - INFO - saving the model at the end of epoch 24, iters 672
2026-03-09 14:00:45,817 - utils.logger2026-03-09-13.59.38 - INFO - End of training epoch 24 / 40 	 Time Taken: 1 sec
2026-03-09 14:00:45,818 - utils.logger2026-03-09-13.59.38 - INFO - learning rate = 0.0001524
2026-03-09 14:00:46,306 - utils.logger2026-03-09-13.59.38 - INFO - Val result of epoch 24 / 40 mae 0.9874 corr 0.7128 f1 0.8199
2026-03-09 14:00:46,726 - utils.logger2026-03-09-13.59.38 - INFO - Tst result of epoch 24 / 40 mae 1.0388 corr 0.5754 f1 0.7596
2026-03-09 14:00:47,361 - utils.logger2026-03-09-13.59.38 - INFO - Cur epoch 25 loss TA:0.5669 TV:0.5760 VA:1.0738 CE:0.3478
2026-03-09 14:00:47,717 - utils.logger2026-03-09-13.59.38 - INFO - Cur epoch 25 loss TA:0.5846 TV:0.6032 VA:1.1245 CE:0.2650
2026-03-09 14:00:48,071 - utils.logger2026-03-09-13.59.38 - INFO - Cur epoch 25 loss TA:0.3422 TV:0.3689 VA:0.6140 CE:0.2362
2026-03-09 14:00:48,118 - utils.logger2026-03-09-13.59.38 - INFO - saving the model at the end of epoch 25, iters 700
2026-03-09 14:00:48,203 - utils.logger2026-03-09-13.59.38 - INFO - End of training epoch 25 / 40 	 Time Taken: 1 sec
2026-03-09 14:00:48,203 - utils.logger2026-03-09-13.59.38 - INFO - learning rate = 0.0001429
2026-03-09 14:00:48,667 - utils.logger2026-03-09-13.59.38 - INFO - Val result of epoch 25 / 40 mae 0.9317 corr 0.7325 f1 0.8543
2026-03-09 14:00:49,084 - utils.logger2026-03-09-13.59.38 - INFO - Tst result of epoch 25 / 40 mae 1.0007 corr 0.5873 f1 0.7803
2026-03-09 14:00:49,803 - utils.logger2026-03-09-13.59.38 - INFO - Cur epoch 26 loss TA:0.5858 TV:0.6021 VA:1.0598 CE:0.3344
2026-03-09 14:00:50,157 - utils.logger2026-03-09-13.59.38 - INFO - Cur epoch 26 loss TA:0.5684 TV:0.5689 VA:1.0664 CE:0.3000
2026-03-09 14:00:50,481 - utils.logger2026-03-09-13.59.38 - INFO - saving the model at the end of epoch 26, iters 728
2026-03-09 14:00:50,548 - utils.logger2026-03-09-13.59.38 - INFO - End of training epoch 26 / 40 	 Time Taken: 1 sec
2026-03-09 14:00:50,549 - utils.logger2026-03-09-13.59.38 - INFO - learning rate = 0.0001333
2026-03-09 14:00:50,996 - utils.logger2026-03-09-13.59.38 - INFO - Val result of epoch 26 / 40 mae 0.9865 corr 0.7182 f1 0.8247
2026-03-09 14:00:51,471 - utils.logger2026-03-09-13.59.38 - INFO - Tst result of epoch 26 / 40 mae 1.0190 corr 0.6008 f1 0.7873
2026-03-09 14:00:52,199 - utils.logger2026-03-09-13.59.38 - INFO - Cur epoch 27 loss TA:0.5861 TV:0.5985 VA:1.1188 CE:0.2475
2026-03-09 14:00:52,618 - utils.logger2026-03-09-13.59.38 - INFO - Cur epoch 27 loss TA:0.5764 TV:0.5905 VA:1.1107 CE:0.3005
2026-03-09 14:00:53,093 - utils.logger2026-03-09-13.59.38 - INFO - Cur epoch 27 loss TA:0.5847 TV:0.5971 VA:1.1129 CE:0.2018
2026-03-09 14:00:53,385 - utils.logger2026-03-09-13.59.38 - INFO - saving the model at the end of epoch 27, iters 756
2026-03-09 14:00:53,491 - utils.logger2026-03-09-13.59.38 - INFO - End of training epoch 27 / 40 	 Time Taken: 2 sec
2026-03-09 14:00:53,491 - utils.logger2026-03-09-13.59.38 - INFO - learning rate = 0.0001238
2026-03-09 14:00:53,896 - utils.logger2026-03-09-13.59.38 - INFO - Val result of epoch 27 / 40 mae 0.9897 corr 0.7162 f1 0.8007
2026-03-09 14:00:54,296 - utils.logger2026-03-09-13.59.38 - INFO - Tst result of epoch 27 / 40 mae 1.0182 corr 0.5955 f1 0.7880
2026-03-09 14:00:54,818 - utils.logger2026-03-09-13.59.38 - INFO - Cur epoch 28 loss TA:0.5698 TV:0.5886 VA:1.0848 CE:0.1941
2026-03-09 14:00:55,338 - utils.logger2026-03-09-13.59.38 - INFO - Cur epoch 28 loss TA:0.5620 TV:0.5738 VA:1.0842 CE:0.2487
2026-03-09 14:00:55,814 - utils.logger2026-03-09-13.59.38 - INFO - Cur epoch 28 loss TA:0.6240 TV:0.6167 VA:1.1285 CE:0.3481
2026-03-09 14:00:56,050 - utils.logger2026-03-09-13.59.38 - INFO - saving the model at the end of epoch 28, iters 784
2026-03-09 14:00:56,156 - utils.logger2026-03-09-13.59.38 - INFO - End of training epoch 28 / 40 	 Time Taken: 1 sec
2026-03-09 14:00:56,156 - utils.logger2026-03-09-13.59.38 - INFO - learning rate = 0.0001143
2026-03-09 14:00:56,598 - utils.logger2026-03-09-13.59.38 - INFO - Val result of epoch 28 / 40 mae 1.0377 corr 0.7034 f1 0.7813
2026-03-09 14:00:57,023 - utils.logger2026-03-09-13.59.38 - INFO - Tst result of epoch 28 / 40 mae 1.0396 corr 0.5824 f1 0.7936
2026-03-09 14:00:57,777 - utils.logger2026-03-09-13.59.38 - INFO - Cur epoch 29 loss TA:0.5620 TV:0.5677 VA:1.0453 CE:0.2467
2026-03-09 14:00:58,209 - utils.logger2026-03-09-13.59.38 - INFO - Cur epoch 29 loss TA:0.5980 TV:0.6032 VA:1.0881 CE:0.2395
2026-03-09 14:00:58,735 - utils.logger2026-03-09-13.59.38 - INFO - Cur epoch 29 loss TA:0.5673 TV:0.5840 VA:1.0800 CE:0.2185
2026-03-09 14:00:58,866 - utils.logger2026-03-09-13.59.38 - INFO - saving the model at the end of epoch 29, iters 812
2026-03-09 14:00:58,973 - utils.logger2026-03-09-13.59.38 - INFO - End of training epoch 29 / 40 	 Time Taken: 1 sec
2026-03-09 14:00:58,973 - utils.logger2026-03-09-13.59.38 - INFO - learning rate = 0.0001048
2026-03-09 14:00:59,424 - utils.logger2026-03-09-13.59.38 - INFO - Val result of epoch 29 / 40 mae 0.9448 corr 0.7198 f1 0.8390
2026-03-09 14:00:59,842 - utils.logger2026-03-09-13.59.38 - INFO - Tst result of epoch 29 / 40 mae 0.9860 corr 0.5922 f1 0.7959
2026-03-09 14:01:00,492 - utils.logger2026-03-09-13.59.38 - INFO - Cur epoch 30 loss TA:0.5739 TV:0.5801 VA:1.0532 CE:0.1895
2026-03-09 14:01:01,011 - utils.logger2026-03-09-13.59.38 - INFO - Cur epoch 30 loss TA:0.5488 TV:0.5584 VA:1.0421 CE:0.1849
2026-03-09 14:01:01,404 - utils.logger2026-03-09-13.59.38 - INFO - Cur epoch 30 loss TA:0.3261 TV:0.3290 VA:0.4661 CE:0.2021
2026-03-09 14:01:01,453 - utils.logger2026-03-09-13.59.38 - INFO - saving the model at the end of epoch 30, iters 840
2026-03-09 14:01:01,706 - utils.logger2026-03-09-13.59.38 - INFO - End of training epoch 30 / 40 	 Time Taken: 1 sec
2026-03-09 14:01:01,706 - utils.logger2026-03-09-13.59.38 - INFO - learning rate = 0.0000952
2026-03-09 14:01:02,177 - utils.logger2026-03-09-13.59.38 - INFO - Val result of epoch 30 / 40 mae 0.9772 corr 0.7231 f1 0.8254
2026-03-09 14:01:02,591 - utils.logger2026-03-09-13.59.38 - INFO - Tst result of epoch 30 / 40 mae 1.0136 corr 0.5923 f1 0.7937
2026-03-09 14:01:03,503 - utils.logger2026-03-09-13.59.38 - INFO - Cur epoch 31 loss TA:0.5474 TV:0.5589 VA:1.0662 CE:0.2416
2026-03-09 14:01:03,899 - utils.logger2026-03-09-13.59.38 - INFO - Cur epoch 31 loss TA:0.5558 TV:0.5562 VA:1.0535 CE:0.1879
2026-03-09 14:01:04,368 - utils.logger2026-03-09-13.59.38 - INFO - saving the model at the end of epoch 31, iters 868
2026-03-09 14:01:04,478 - utils.logger2026-03-09-13.59.38 - INFO - End of training epoch 31 / 40 	 Time Taken: 1 sec
2026-03-09 14:01:04,478 - utils.logger2026-03-09-13.59.38 - INFO - learning rate = 0.0000857
2026-03-09 14:01:04,916 - utils.logger2026-03-09-13.59.38 - INFO - Val result of epoch 31 / 40 mae 1.0302 corr 0.6940 f1 0.7766
2026-03-09 14:01:05,331 - utils.logger2026-03-09-13.59.38 - INFO - Tst result of epoch 31 / 40 mae 1.0181 corr 0.5898 f1 0.7695
2026-03-09 14:01:05,784 - utils.logger2026-03-09-13.59.38 - INFO - Cur epoch 32 loss TA:0.5485 TV:0.5653 VA:1.0514 CE:0.2137
2026-03-09 14:01:06,312 - utils.logger2026-03-09-13.59.38 - INFO - Cur epoch 32 loss TA:0.5306 TV:0.5398 VA:1.0237 CE:0.2972
2026-03-09 14:01:06,692 - utils.logger2026-03-09-13.59.38 - INFO - Cur epoch 32 loss TA:0.5660 TV:0.5668 VA:1.0856 CE:0.1984
2026-03-09 14:01:07,099 - utils.logger2026-03-09-13.59.38 - INFO - saving the model at the end of epoch 32, iters 896
2026-03-09 14:01:07,204 - utils.logger2026-03-09-13.59.38 - INFO - End of training epoch 32 / 40 	 Time Taken: 1 sec
2026-03-09 14:01:07,204 - utils.logger2026-03-09-13.59.38 - INFO - learning rate = 0.0000762
2026-03-09 14:01:07,623 - utils.logger2026-03-09-13.59.38 - INFO - Val result of epoch 32 / 40 mae 0.9626 corr 0.7276 f1 0.8203
2026-03-09 14:01:08,043 - utils.logger2026-03-09-13.59.38 - INFO - Tst result of epoch 32 / 40 mae 1.0108 corr 0.5846 f1 0.7695
2026-03-09 14:01:08,597 - utils.logger2026-03-09-13.59.38 - INFO - Cur epoch 33 loss TA:0.5611 TV:0.5626 VA:1.0961 CE:0.2023
2026-03-09 14:01:09,114 - utils.logger2026-03-09-13.59.38 - INFO - Cur epoch 33 loss TA:0.5439 TV:0.5419 VA:1.0345 CE:0.1790
2026-03-09 14:01:09,587 - utils.logger2026-03-09-13.59.38 - INFO - Cur epoch 33 loss TA:0.5617 TV:0.5732 VA:1.0732 CE:0.2563
2026-03-09 14:01:09,818 - utils.logger2026-03-09-13.59.38 - INFO - saving the model at the end of epoch 33, iters 924
2026-03-09 14:01:09,919 - utils.logger2026-03-09-13.59.38 - INFO - End of training epoch 33 / 40 	 Time Taken: 1 sec
2026-03-09 14:01:09,919 - utils.logger2026-03-09-13.59.38 - INFO - learning rate = 0.0000667
2026-03-09 14:01:10,350 - utils.logger2026-03-09-13.59.38 - INFO - Val result of epoch 33 / 40 mae 1.0256 corr 0.7143 f1 0.7908
2026-03-09 14:01:10,839 - utils.logger2026-03-09-13.59.38 - INFO - Tst result of epoch 33 / 40 mae 1.0200 corr 0.6010 f1 0.7838
2026-03-09 14:01:11,530 - utils.logger2026-03-09-13.59.38 - INFO - Cur epoch 34 loss TA:0.5454 TV:0.5606 VA:1.0410 CE:0.2216
2026-03-09 14:01:11,924 - utils.logger2026-03-09-13.59.38 - INFO - Cur epoch 34 loss TA:0.5517 TV:0.5895 VA:1.0558 CE:0.1955
2026-03-09 14:01:12,419 - utils.logger2026-03-09-13.59.38 - INFO - Cur epoch 34 loss TA:0.5222 TV:0.5212 VA:1.0134 CE:0.2833
2026-03-09 14:01:12,540 - utils.logger2026-03-09-13.59.38 - INFO - saving the model at the end of epoch 34, iters 952
2026-03-09 14:01:12,790 - utils.logger2026-03-09-13.59.38 - INFO - End of training epoch 34 / 40 	 Time Taken: 1 sec
2026-03-09 14:01:12,790 - utils.logger2026-03-09-13.59.38 - INFO - learning rate = 0.0000571
2026-03-09 14:01:13,254 - utils.logger2026-03-09-13.59.38 - INFO - Val result of epoch 34 / 40 mae 1.0118 corr 0.7156 f1 0.7956
2026-03-09 14:01:13,698 - utils.logger2026-03-09-13.59.38 - INFO - Tst result of epoch 34 / 40 mae 1.0155 corr 0.5959 f1 0.7842
2026-03-09 14:01:14,481 - utils.logger2026-03-09-13.59.38 - INFO - Cur epoch 35 loss TA:0.5565 TV:0.5582 VA:1.0050 CE:0.1847
2026-03-09 14:01:14,888 - utils.logger2026-03-09-13.59.38 - INFO - Cur epoch 35 loss TA:0.5495 TV:0.5691 VA:1.0468 CE:0.2130
2026-03-09 14:01:15,386 - utils.logger2026-03-09-13.59.38 - INFO - Cur epoch 35 loss TA:0.2833 TV:0.2899 VA:0.4886 CE:0.1857
2026-03-09 14:01:15,431 - utils.logger2026-03-09-13.59.38 - INFO - saving the model at the end of epoch 35, iters 980
2026-03-09 14:01:15,540 - utils.logger2026-03-09-13.59.38 - INFO - End of training epoch 35 / 40 	 Time Taken: 1 sec
2026-03-09 14:01:15,540 - utils.logger2026-03-09-13.59.38 - INFO - learning rate = 0.0000476
2026-03-09 14:01:16,027 - utils.logger2026-03-09-13.59.38 - INFO - Val result of epoch 35 / 40 mae 0.9802 corr 0.7233 f1 0.8199
2026-03-09 14:01:16,451 - utils.logger2026-03-09-13.59.38 - INFO - Tst result of epoch 35 / 40 mae 0.9992 corr 0.6009 f1 0.7774
2026-03-09 14:01:17,347 - utils.logger2026-03-09-13.59.38 - INFO - Cur epoch 36 loss TA:0.4976 TV:0.5080 VA:0.9929 CE:0.2185
2026-03-09 14:01:17,864 - utils.logger2026-03-09-13.59.38 - INFO - Cur epoch 36 loss TA:0.5455 TV:0.5694 VA:1.0662 CE:0.1971
2026-03-09 14:01:18,198 - utils.logger2026-03-09-13.59.38 - INFO - saving the model at the end of epoch 36, iters 1008
2026-03-09 14:01:18,436 - utils.logger2026-03-09-13.59.38 - INFO - End of training epoch 36 / 40 	 Time Taken: 1 sec
2026-03-09 14:01:18,437 - utils.logger2026-03-09-13.59.38 - INFO - learning rate = 0.0000381
2026-03-09 14:01:18,901 - utils.logger2026-03-09-13.59.38 - INFO - Val result of epoch 36 / 40 mae 0.9858 corr 0.7177 f1 0.8102
2026-03-09 14:01:19,380 - utils.logger2026-03-09-13.59.38 - INFO - Tst result of epoch 36 / 40 mae 1.0049 corr 0.6000 f1 0.7910
2026-03-09 14:01:19,967 - utils.logger2026-03-09-13.59.38 - INFO - Cur epoch 37 loss TA:0.5689 TV:0.5774 VA:1.0352 CE:0.2276
2026-03-09 14:01:20,409 - utils.logger2026-03-09-13.59.38 - INFO - Cur epoch 37 loss TA:0.5305 TV:0.5363 VA:1.0233 CE:0.1485
2026-03-09 14:01:20,924 - utils.logger2026-03-09-13.59.38 - INFO - Cur epoch 37 loss TA:0.5404 TV:0.5535 VA:1.0390 CE:0.2020
2026-03-09 14:01:21,224 - utils.logger2026-03-09-13.59.38 - INFO - saving the model at the end of epoch 37, iters 1036
2026-03-09 14:01:21,481 - utils.logger2026-03-09-13.59.38 - INFO - End of training epoch 37 / 40 	 Time Taken: 2 sec
2026-03-09 14:01:21,481 - utils.logger2026-03-09-13.59.38 - INFO - learning rate = 0.0000286
2026-03-09 14:01:21,919 - utils.logger2026-03-09-13.59.38 - INFO - Val result of epoch 37 / 40 mae 0.9949 corr 0.7175 f1 0.8104
2026-03-09 14:01:22,338 - utils.logger2026-03-09-13.59.38 - INFO - Tst result of epoch 37 / 40 mae 1.0100 corr 0.6038 f1 0.7954
2026-03-09 14:01:22,865 - utils.logger2026-03-09-13.59.38 - INFO - Cur epoch 38 loss TA:0.5689 TV:0.5662 VA:1.0677 CE:0.1762
2026-03-09 14:01:23,384 - utils.logger2026-03-09-13.59.38 - INFO - Cur epoch 38 loss TA:0.5327 TV:0.5386 VA:1.0505 CE:0.1630
2026-03-09 14:01:23,889 - utils.logger2026-03-09-13.59.38 - INFO - Cur epoch 38 loss TA:0.5470 TV:0.5571 VA:1.0366 CE:0.1202
2026-03-09 14:01:24,117 - utils.logger2026-03-09-13.59.38 - INFO - saving the model at the end of epoch 38, iters 1064
2026-03-09 14:01:24,219 - utils.logger2026-03-09-13.59.38 - INFO - End of training epoch 38 / 40 	 Time Taken: 1 sec
2026-03-09 14:01:24,219 - utils.logger2026-03-09-13.59.38 - INFO - learning rate = 0.0000190
2026-03-09 14:01:24,640 - utils.logger2026-03-09-13.59.38 - INFO - Val result of epoch 38 / 40 mae 1.0076 corr 0.7173 f1 0.8196
2026-03-09 14:01:25,096 - utils.logger2026-03-09-13.59.38 - INFO - Tst result of epoch 38 / 40 mae 1.0159 corr 0.6030 f1 0.7806
2026-03-09 14:01:25,736 - utils.logger2026-03-09-13.59.38 - INFO - Cur epoch 39 loss TA:0.5236 TV:0.5321 VA:1.0382 CE:0.1941
2026-03-09 14:01:26,199 - utils.logger2026-03-09-13.59.38 - INFO - Cur epoch 39 loss TA:0.5199 TV:0.5396 VA:1.0045 CE:0.1721
2026-03-09 14:01:26,706 - utils.logger2026-03-09-13.59.38 - INFO - Cur epoch 39 loss TA:0.5389 TV:0.5491 VA:1.0433 CE:0.1990
2026-03-09 14:01:26,828 - utils.logger2026-03-09-13.59.38 - INFO - saving the model at the end of epoch 39, iters 1092
2026-03-09 14:01:26,933 - utils.logger2026-03-09-13.59.38 - INFO - End of training epoch 39 / 40 	 Time Taken: 1 sec
2026-03-09 14:01:26,934 - utils.logger2026-03-09-13.59.38 - INFO - learning rate = 0.0000095
2026-03-09 14:01:27,348 - utils.logger2026-03-09-13.59.38 - INFO - Val result of epoch 39 / 40 mae 0.9882 corr 0.7222 f1 0.8199
2026-03-09 14:01:27,762 - utils.logger2026-03-09-13.59.38 - INFO - Tst result of epoch 39 / 40 mae 1.0099 corr 0.6011 f1 0.7824
2026-03-09 14:01:28,579 - utils.logger2026-03-09-13.59.38 - INFO - Cur epoch 40 loss TA:0.5189 TV:0.5327 VA:1.0417 CE:0.1926
2026-03-09 14:01:29,068 - utils.logger2026-03-09-13.59.38 - INFO - Cur epoch 40 loss TA:0.5488 TV:0.5591 VA:1.0810 CE:0.1566
2026-03-09 14:01:29,472 - utils.logger2026-03-09-13.59.38 - INFO - Cur epoch 40 loss TA:0.2269 TV:0.2307 VA:0.4534 CE:0.2672
2026-03-09 14:01:29,521 - utils.logger2026-03-09-13.59.38 - INFO - saving the model at the end of epoch 40, iters 1120
2026-03-09 14:01:29,772 - utils.logger2026-03-09-13.59.38 - INFO - End of training epoch 40 / 40 	 Time Taken: 2 sec
2026-03-09 14:01:29,772 - utils.logger2026-03-09-13.59.38 - INFO - learning rate = 0.0000000
2026-03-09 14:01:30,239 - utils.logger2026-03-09-13.59.38 - INFO - Val result of epoch 40 / 40 mae 1.0034 corr 0.7174 f1 0.8149
2026-03-09 14:01:30,664 - utils.logger2026-03-09-13.59.38 - INFO - Tst result of epoch 40 / 40 mae 1.0135 corr 0.6009 f1 0.7806
2026-03-09 14:01:30,664 - utils.logger2026-03-09-13.59.38 - INFO - Best eval epoch 29 found with MAE 0.986025
2026-03-09 14:01:30,664 - utils.logger2026-03-09-13.59.38 - INFO - Loading best model found on val set: epoch-29
2026-03-09 14:01:31,539 - utils.logger2026-03-09-13.59.38 - INFO - Tst result mae 0.9860 corr 0.5922 f1 0.7959
