2026-03-04 21:54:59,168 - utils.logger2026-03-04-21.54.52 - INFO - The number of training samples = 1750
2026-03-04 21:54:59,169 - utils.logger2026-03-04-21.54.52 - INFO - The number of testing samples = 1344
2026-03-04 21:55:02,883 - utils.logger2026-03-04-21.54.52 - INFO - Cur epoch 1 loss CE:74.1223 mse:247.7279 consistent:146.8882
2026-03-04 21:55:03,915 - utils.logger2026-03-04-21.54.52 - INFO - Cur epoch 1 loss CE:17.8209 mse:76.3343 consistent:146.1123
2026-03-04 21:55:04,877 - utils.logger2026-03-04-21.54.52 - INFO - saving the model at the end of epoch 1, iters 28
2026-03-04 21:55:05,059 - utils.logger2026-03-04-21.54.52 - INFO - End of training epoch 1 / 40 	 Time Taken: 5 sec
2026-03-04 21:55:05,059 - utils.logger2026-03-04-21.54.52 - INFO - learning rate = 0.0002000
2026-03-04 21:55:07,538 - utils.logger2026-03-04-21.54.52 - INFO - Val result of epoch 1 / 40 mae 1.5512 corr -0.0242 f1 0.4681
2026-03-04 21:55:09,665 - utils.logger2026-03-04-21.54.52 - INFO - Tst result of epoch 1 / 40 mae 1.6341 corr -0.0911 f1 0.4986
2026-03-04 21:55:10,977 - utils.logger2026-03-04-21.54.52 - INFO - Cur epoch 2 loss CE:10.3523 mse:29.4658 consistent:147.6156
2026-03-04 21:55:11,983 - utils.logger2026-03-04-21.54.52 - INFO - Cur epoch 2 loss CE:4.5382 mse:15.2013 consistent:131.1099
2026-03-04 21:55:13,003 - utils.logger2026-03-04-21.54.52 - INFO - Cur epoch 2 loss CE:4.6509 mse:12.6247 consistent:130.9827
2026-03-04 21:55:13,803 - utils.logger2026-03-04-21.54.52 - INFO - saving the model at the end of epoch 2, iters 56
2026-03-04 21:55:14,014 - utils.logger2026-03-04-21.54.52 - INFO - End of training epoch 2 / 40 	 Time Taken: 4 sec
2026-03-04 21:55:14,015 - utils.logger2026-03-04-21.54.52 - INFO - learning rate = 0.0002000
2026-03-04 21:55:16,147 - utils.logger2026-03-04-21.54.52 - INFO - Val result of epoch 2 / 40 mae 1.3508 corr -0.0047 f1 0.6490
2026-03-04 21:55:18,258 - utils.logger2026-03-04-21.54.52 - INFO - Tst result of epoch 2 / 40 mae 1.5818 corr 0.0237 f1 0.5847
2026-03-04 21:55:19,799 - utils.logger2026-03-04-21.54.52 - INFO - Cur epoch 3 loss CE:4.0103 mse:11.8931 consistent:120.4583
2026-03-04 21:55:20,854 - utils.logger2026-03-04-21.54.52 - INFO - Cur epoch 3 loss CE:2.8708 mse:10.7557 consistent:120.6792
2026-03-04 21:55:21,833 - utils.logger2026-03-04-21.54.52 - INFO - Cur epoch 3 loss CE:2.1890 mse:9.5244 consistent:114.1261
2026-03-04 21:55:22,384 - utils.logger2026-03-04-21.54.52 - INFO - saving the model at the end of epoch 3, iters 84
2026-03-04 21:55:22,572 - utils.logger2026-03-04-21.54.52 - INFO - End of training epoch 3 / 40 	 Time Taken: 4 sec
2026-03-04 21:55:22,573 - utils.logger2026-03-04-21.54.52 - INFO - learning rate = 0.0002000
2026-03-04 21:55:24,599 - utils.logger2026-03-04-21.54.52 - INFO - Val result of epoch 3 / 40 mae 1.3558 corr 0.2071 f1 0.5363
2026-03-04 21:55:26,638 - utils.logger2026-03-04-21.54.52 - INFO - Tst result of epoch 3 / 40 mae 1.5053 corr 0.1780 f1 0.5482
2026-03-04 21:55:28,353 - utils.logger2026-03-04-21.54.52 - INFO - Cur epoch 4 loss CE:3.3493 mse:9.0973 consistent:124.4739
2026-03-04 21:55:29,377 - utils.logger2026-03-04-21.54.52 - INFO - Cur epoch 4 loss CE:2.6259 mse:7.6408 consistent:110.6421
2026-03-04 21:55:30,397 - utils.logger2026-03-04-21.54.52 - INFO - Cur epoch 4 loss CE:2.4607 mse:6.6681 consistent:121.0870
2026-03-04 21:55:30,746 - utils.logger2026-03-04-21.54.52 - INFO - saving the model at the end of epoch 4, iters 112
2026-03-04 21:55:30,949 - utils.logger2026-03-04-21.54.52 - INFO - End of training epoch 4 / 40 	 Time Taken: 4 sec
2026-03-04 21:55:30,949 - utils.logger2026-03-04-21.54.52 - INFO - learning rate = 0.0002000
2026-03-04 21:55:33,008 - utils.logger2026-03-04-21.54.52 - INFO - Val result of epoch 4 / 40 mae 1.3264 corr 0.2712 f1 0.6228
2026-03-04 21:55:35,038 - utils.logger2026-03-04-21.54.52 - INFO - Tst result of epoch 4 / 40 mae 1.4800 corr 0.3201 f1 0.6094
2026-03-04 21:55:37,004 - utils.logger2026-03-04-21.54.52 - INFO - Cur epoch 5 loss CE:2.4424 mse:5.9442 consistent:115.2294
2026-03-04 21:55:38,072 - utils.logger2026-03-04-21.54.52 - INFO - Cur epoch 5 loss CE:2.0334 mse:5.0642 consistent:125.8795
2026-03-04 21:55:39,086 - utils.logger2026-03-04-21.54.52 - INFO - Cur epoch 5 loss CE:2.1901 mse:4.3771 consistent:108.4662
2026-03-04 21:55:39,238 - utils.logger2026-03-04-21.54.52 - INFO - saving the model at the end of epoch 5, iters 140
2026-03-04 21:55:39,449 - utils.logger2026-03-04-21.54.52 - INFO - End of training epoch 5 / 40 	 Time Taken: 4 sec
2026-03-04 21:55:39,449 - utils.logger2026-03-04-21.54.52 - INFO - learning rate = 0.0002000
2026-03-04 21:55:41,555 - utils.logger2026-03-04-21.54.52 - INFO - Val result of epoch 5 / 40 mae 1.2887 corr 0.3661 f1 0.6047
2026-03-04 21:55:43,623 - utils.logger2026-03-04-21.54.52 - INFO - Tst result of epoch 5 / 40 mae 1.4261 corr 0.3787 f1 0.6147
2026-03-04 21:55:45,764 - utils.logger2026-03-04-21.54.52 - INFO - Cur epoch 6 loss CE:1.8472 mse:3.8464 consistent:111.6789
2026-03-04 21:55:46,776 - utils.logger2026-03-04-21.54.52 - INFO - Cur epoch 6 loss CE:2.1357 mse:3.4222 consistent:111.2743
2026-03-04 21:55:47,745 - utils.logger2026-03-04-21.54.52 - INFO - saving the model at the end of epoch 6, iters 168
2026-03-04 21:55:47,945 - utils.logger2026-03-04-21.54.52 - INFO - End of training epoch 6 / 40 	 Time Taken: 4 sec
2026-03-04 21:55:47,946 - utils.logger2026-03-04-21.54.52 - INFO - learning rate = 0.0002000
2026-03-04 21:55:50,093 - utils.logger2026-03-04-21.54.52 - INFO - Val result of epoch 6 / 40 mae 1.2928 corr 0.3623 f1 0.6036
2026-03-04 21:55:52,160 - utils.logger2026-03-04-21.54.52 - INFO - Tst result of epoch 6 / 40 mae 1.4219 corr 0.3972 f1 0.6375
2026-03-04 21:55:53,485 - utils.logger2026-03-04-21.54.52 - INFO - Cur epoch 7 loss CE:1.8995 mse:2.9718 consistent:113.8642
2026-03-04 21:55:54,538 - utils.logger2026-03-04-21.54.52 - INFO - Cur epoch 7 loss CE:1.7528 mse:2.9767 consistent:116.1272
2026-03-04 21:55:55,539 - utils.logger2026-03-04-21.54.52 - INFO - Cur epoch 7 loss CE:2.1374 mse:2.9314 consistent:108.0241
2026-03-04 21:55:56,316 - utils.logger2026-03-04-21.54.52 - INFO - saving the model at the end of epoch 7, iters 196
2026-03-04 21:55:56,527 - utils.logger2026-03-04-21.54.52 - INFO - End of training epoch 7 / 40 	 Time Taken: 4 sec
2026-03-04 21:55:56,527 - utils.logger2026-03-04-21.54.52 - INFO - learning rate = 0.0002000
2026-03-04 21:55:58,620 - utils.logger2026-03-04-21.54.52 - INFO - Val result of epoch 7 / 40 mae 1.2829 corr 0.3431 f1 0.6258
2026-03-04 21:56:00,706 - utils.logger2026-03-04-21.54.52 - INFO - Tst result of epoch 7 / 40 mae 1.4208 corr 0.3804 f1 0.6295
2026-03-04 21:56:02,271 - utils.logger2026-03-04-21.54.52 - INFO - Cur epoch 8 loss CE:1.9899 mse:2.8304 consistent:105.6558
2026-03-04 21:56:03,306 - utils.logger2026-03-04-21.54.52 - INFO - Cur epoch 8 loss CE:1.7717 mse:2.4584 consistent:107.6722
2026-03-04 21:56:04,375 - utils.logger2026-03-04-21.54.52 - INFO - Cur epoch 8 loss CE:1.7378 mse:2.2360 consistent:104.7065
2026-03-04 21:56:04,929 - utils.logger2026-03-04-21.54.52 - INFO - saving the model at the end of epoch 8, iters 224
2026-03-04 21:56:05,133 - utils.logger2026-03-04-21.54.52 - INFO - End of training epoch 8 / 40 	 Time Taken: 4 sec
2026-03-04 21:56:05,133 - utils.logger2026-03-04-21.54.52 - INFO - learning rate = 0.0002000
2026-03-04 21:56:07,259 - utils.logger2026-03-04-21.54.52 - INFO - Val result of epoch 8 / 40 mae 1.2719 corr 0.3769 f1 0.6060
2026-03-04 21:56:09,311 - utils.logger2026-03-04-21.54.52 - INFO - Tst result of epoch 8 / 40 mae 1.3951 corr 0.4284 f1 0.6544
2026-03-04 21:56:11,009 - utils.logger2026-03-04-21.54.52 - INFO - Cur epoch 9 loss CE:1.9174 mse:2.2792 consistent:123.5592
2026-03-04 21:56:12,054 - utils.logger2026-03-04-21.54.52 - INFO - Cur epoch 9 loss CE:1.9840 mse:2.0626 consistent:101.6573
2026-03-04 21:56:13,097 - utils.logger2026-03-04-21.54.52 - INFO - Cur epoch 9 loss CE:1.9891 mse:2.1363 consistent:111.0834
2026-03-04 21:56:13,453 - utils.logger2026-03-04-21.54.52 - INFO - saving the model at the end of epoch 9, iters 252
2026-03-04 21:56:13,665 - utils.logger2026-03-04-21.54.52 - INFO - End of training epoch 9 / 40 	 Time Taken: 4 sec
2026-03-04 21:56:13,665 - utils.logger2026-03-04-21.54.52 - INFO - learning rate = 0.0002000
2026-03-04 21:56:15,729 - utils.logger2026-03-04-21.54.52 - INFO - Val result of epoch 9 / 40 mae 1.2417 corr 0.3715 f1 0.6720
2026-03-04 21:56:17,767 - utils.logger2026-03-04-21.54.52 - INFO - Tst result of epoch 9 / 40 mae 1.4174 corr 0.4121 f1 0.6469
2026-03-04 21:56:19,658 - utils.logger2026-03-04-21.54.52 - INFO - Cur epoch 10 loss CE:1.7967 mse:2.1014 consistent:107.1516
2026-03-04 21:56:20,695 - utils.logger2026-03-04-21.54.52 - INFO - Cur epoch 10 loss CE:1.5753 mse:2.0458 consistent:106.7131
2026-03-04 21:56:21,744 - utils.logger2026-03-04-21.54.52 - INFO - Cur epoch 10 loss CE:1.0276 mse:1.8811 consistent:105.2291
2026-03-04 21:56:21,899 - utils.logger2026-03-04-21.54.52 - INFO - saving the model at the end of epoch 10, iters 280
2026-03-04 21:56:22,084 - utils.logger2026-03-04-21.54.52 - INFO - End of training epoch 10 / 40 	 Time Taken: 4 sec
2026-03-04 21:56:22,084 - utils.logger2026-03-04-21.54.52 - INFO - learning rate = 0.0002000
2026-03-04 21:56:24,115 - utils.logger2026-03-04-21.54.52 - INFO - Val result of epoch 10 / 40 mae 1.2882 corr 0.3872 f1 0.5827
2026-03-04 21:56:26,105 - utils.logger2026-03-04-21.54.52 - INFO - Tst result of epoch 10 / 40 mae 1.3971 corr 0.4293 f1 0.6516
2026-03-04 21:56:28,200 - utils.logger2026-03-04-21.54.52 - INFO - Cur epoch 11 loss CE:1.6299 mse:2.1207 consistent:102.8745
2026-03-04 21:56:29,108 - utils.logger2026-03-04-21.54.52 - INFO - Cur epoch 11 loss CE:1.6617 mse:1.7946 consistent:99.5427
2026-03-04 21:56:30,040 - utils.logger2026-03-04-21.54.52 - INFO - saving the model at the end of epoch 11, iters 308
2026-03-04 21:56:30,244 - utils.logger2026-03-04-21.54.52 - INFO - End of training epoch 11 / 40 	 Time Taken: 4 sec
2026-03-04 21:56:30,244 - utils.logger2026-03-04-21.54.52 - INFO - learning rate = 0.0002000
2026-03-04 21:56:32,318 - utils.logger2026-03-04-21.54.52 - INFO - Val result of epoch 11 / 40 mae 1.2968 corr 0.3663 f1 0.5749
2026-03-04 21:56:34,412 - utils.logger2026-03-04-21.54.52 - INFO - Tst result of epoch 11 / 40 mae 1.3960 corr 0.4259 f1 0.6642
2026-03-04 21:56:35,711 - utils.logger2026-03-04-21.54.52 - INFO - Cur epoch 12 loss CE:1.9269 mse:1.8371 consistent:102.1296
2026-03-04 21:56:36,641 - utils.logger2026-03-04-21.54.52 - INFO - Cur epoch 12 loss CE:1.5700 mse:1.7705 consistent:106.6789
2026-03-04 21:56:37,660 - utils.logger2026-03-04-21.54.52 - INFO - Cur epoch 12 loss CE:1.8626 mse:1.9309 consistent:108.9849
2026-03-04 21:56:38,406 - utils.logger2026-03-04-21.54.52 - INFO - saving the model at the end of epoch 12, iters 336
2026-03-04 21:56:38,602 - utils.logger2026-03-04-21.54.52 - INFO - End of training epoch 12 / 40 	 Time Taken: 4 sec
2026-03-04 21:56:38,603 - utils.logger2026-03-04-21.54.52 - INFO - learning rate = 0.0002000
2026-03-04 21:56:40,633 - utils.logger2026-03-04-21.54.52 - INFO - Val result of epoch 12 / 40 mae 1.2171 corr 0.3738 f1 0.6480
2026-03-04 21:56:42,727 - utils.logger2026-03-04-21.54.52 - INFO - Tst result of epoch 12 / 40 mae 1.3795 corr 0.4386 f1 0.6313
2026-03-04 21:56:44,365 - utils.logger2026-03-04-21.54.52 - INFO - Cur epoch 13 loss CE:1.2495 mse:1.6734 consistent:108.0138
2026-03-04 21:56:45,372 - utils.logger2026-03-04-21.54.52 - INFO - Cur epoch 13 loss CE:1.5392 mse:1.6949 consistent:108.7665
2026-03-04 21:56:46,472 - utils.logger2026-03-04-21.54.52 - INFO - Cur epoch 13 loss CE:1.9109 mse:1.7041 consistent:108.5037
2026-03-04 21:56:47,072 - utils.logger2026-03-04-21.54.52 - INFO - saving the model at the end of epoch 13, iters 364
2026-03-04 21:56:47,300 - utils.logger2026-03-04-21.54.52 - INFO - End of training epoch 13 / 40 	 Time Taken: 4 sec
2026-03-04 21:56:47,300 - utils.logger2026-03-04-21.54.52 - INFO - learning rate = 0.0002000
2026-03-04 21:56:49,391 - utils.logger2026-03-04-21.54.52 - INFO - Val result of epoch 13 / 40 mae 1.2505 corr 0.3506 f1 0.6057
2026-03-04 21:56:51,532 - utils.logger2026-03-04-21.54.52 - INFO - Tst result of epoch 13 / 40 mae 1.3822 corr 0.4144 f1 0.6544
2026-03-04 21:56:53,339 - utils.logger2026-03-04-21.54.52 - INFO - Cur epoch 14 loss CE:1.3131 mse:1.6870 consistent:111.4132
2026-03-04 21:56:54,372 - utils.logger2026-03-04-21.54.52 - INFO - Cur epoch 14 loss CE:1.5682 mse:1.8846 consistent:108.0398
2026-03-04 21:56:55,421 - utils.logger2026-03-04-21.54.52 - INFO - Cur epoch 14 loss CE:1.4212 mse:1.7256 consistent:107.0165
2026-03-04 21:56:55,785 - utils.logger2026-03-04-21.54.52 - INFO - saving the model at the end of epoch 14, iters 392
2026-03-04 21:56:55,972 - utils.logger2026-03-04-21.54.52 - INFO - End of training epoch 14 / 40 	 Time Taken: 4 sec
2026-03-04 21:56:55,972 - utils.logger2026-03-04-21.54.52 - INFO - learning rate = 0.0002000
2026-03-04 21:56:58,070 - utils.logger2026-03-04-21.54.52 - INFO - Val result of epoch 14 / 40 mae 1.2197 corr 0.3828 f1 0.6766
2026-03-04 21:57:00,144 - utils.logger2026-03-04-21.54.52 - INFO - Tst result of epoch 14 / 40 mae 1.3767 corr 0.4408 f1 0.6541
2026-03-04 21:57:02,086 - utils.logger2026-03-04-21.54.52 - INFO - Cur epoch 15 loss CE:1.4130 mse:1.6389 consistent:101.8550
2026-03-04 21:57:03,084 - utils.logger2026-03-04-21.54.52 - INFO - Cur epoch 15 loss CE:1.8471 mse:1.8321 consistent:105.4985
2026-03-04 21:57:04,082 - utils.logger2026-03-04-21.54.52 - INFO - Cur epoch 15 loss CE:1.7416 mse:1.6950 consistent:106.8157
2026-03-04 21:57:04,231 - utils.logger2026-03-04-21.54.52 - INFO - saving the model at the end of epoch 15, iters 420
2026-03-04 21:57:04,427 - utils.logger2026-03-04-21.54.52 - INFO - End of training epoch 15 / 40 	 Time Taken: 4 sec
2026-03-04 21:57:04,427 - utils.logger2026-03-04-21.54.52 - INFO - learning rate = 0.0002000
2026-03-04 21:57:06,504 - utils.logger2026-03-04-21.54.52 - INFO - Val result of epoch 15 / 40 mae 1.2407 corr 0.3905 f1 0.6265
2026-03-04 21:57:08,621 - utils.logger2026-03-04-21.54.52 - INFO - Tst result of epoch 15 / 40 mae 1.3677 corr 0.4543 f1 0.6690
2026-03-04 21:57:10,713 - utils.logger2026-03-04-21.54.52 - INFO - Cur epoch 16 loss CE:1.7081 mse:1.5908 consistent:102.3344
2026-03-04 21:57:11,643 - utils.logger2026-03-04-21.54.52 - INFO - Cur epoch 16 loss CE:1.3817 mse:1.5087 consistent:101.3706
2026-03-04 21:57:12,536 - utils.logger2026-03-04-21.54.52 - INFO - saving the model at the end of epoch 16, iters 448
2026-03-04 21:57:12,741 - utils.logger2026-03-04-21.54.52 - INFO - End of training epoch 16 / 40 	 Time Taken: 4 sec
2026-03-04 21:57:12,741 - utils.logger2026-03-04-21.54.52 - INFO - learning rate = 0.0002000
2026-03-04 21:57:14,829 - utils.logger2026-03-04-21.54.52 - INFO - Val result of epoch 16 / 40 mae 1.3190 corr 0.3602 f1 0.5866
2026-03-04 21:57:16,870 - utils.logger2026-03-04-21.54.52 - INFO - Tst result of epoch 16 / 40 mae 1.3866 corr 0.4438 f1 0.6738
2026-03-04 21:57:18,203 - utils.logger2026-03-04-21.54.52 - INFO - Cur epoch 17 loss CE:1.6864 mse:1.6409 consistent:103.7653
2026-03-04 21:57:19,200 - utils.logger2026-03-04-21.54.52 - INFO - Cur epoch 17 loss CE:2.0141 mse:1.6734 consistent:97.3706
2026-03-04 21:57:20,190 - utils.logger2026-03-04-21.54.52 - INFO - Cur epoch 17 loss CE:1.7778 mse:1.7401 consistent:114.3016
2026-03-04 21:57:20,940 - utils.logger2026-03-04-21.54.52 - INFO - saving the model at the end of epoch 17, iters 476
2026-03-04 21:57:21,134 - utils.logger2026-03-04-21.54.52 - INFO - End of training epoch 17 / 40 	 Time Taken: 4 sec
2026-03-04 21:57:21,134 - utils.logger2026-03-04-21.54.52 - INFO - learning rate = 0.0002000
2026-03-04 21:57:23,258 - utils.logger2026-03-04-21.54.52 - INFO - Val result of epoch 17 / 40 mae 1.2537 corr 0.3436 f1 0.6160
2026-03-04 21:57:25,327 - utils.logger2026-03-04-21.54.52 - INFO - Tst result of epoch 17 / 40 mae 1.3850 corr 0.4284 f1 0.6427
2026-03-04 21:57:26,928 - utils.logger2026-03-04-21.54.52 - INFO - Cur epoch 18 loss CE:1.2874 mse:1.5121 consistent:106.2770
2026-03-04 21:57:27,966 - utils.logger2026-03-04-21.54.52 - INFO - Cur epoch 18 loss CE:1.4841 mse:1.6424 consistent:104.9895
2026-03-04 21:57:28,992 - utils.logger2026-03-04-21.54.52 - INFO - Cur epoch 18 loss CE:1.6028 mse:1.5750 consistent:109.1384
2026-03-04 21:57:29,588 - utils.logger2026-03-04-21.54.52 - INFO - saving the model at the end of epoch 18, iters 504
2026-03-04 21:57:29,785 - utils.logger2026-03-04-21.54.52 - INFO - End of training epoch 18 / 40 	 Time Taken: 4 sec
2026-03-04 21:57:29,785 - utils.logger2026-03-04-21.54.52 - INFO - learning rate = 0.0002000
2026-03-04 21:57:31,867 - utils.logger2026-03-04-21.54.52 - INFO - Val result of epoch 18 / 40 mae 1.2746 corr 0.3359 f1 0.6013
2026-03-04 21:57:33,919 - utils.logger2026-03-04-21.54.52 - INFO - Tst result of epoch 18 / 40 mae 1.3916 corr 0.4397 f1 0.6545
2026-03-04 21:57:35,690 - utils.logger2026-03-04-21.54.52 - INFO - Cur epoch 19 loss CE:1.3353 mse:1.7098 consistent:106.4127
2026-03-04 21:57:36,711 - utils.logger2026-03-04-21.54.52 - INFO - Cur epoch 19 loss CE:1.7925 mse:1.6350 consistent:108.8913
2026-03-04 21:57:37,725 - utils.logger2026-03-04-21.54.52 - INFO - Cur epoch 19 loss CE:1.5409 mse:1.6379 consistent:113.2121
2026-03-04 21:57:38,089 - utils.logger2026-03-04-21.54.52 - INFO - saving the model at the end of epoch 19, iters 532
2026-03-04 21:57:38,296 - utils.logger2026-03-04-21.54.52 - INFO - End of training epoch 19 / 40 	 Time Taken: 4 sec
2026-03-04 21:57:38,297 - utils.logger2026-03-04-21.54.52 - INFO - learning rate = 0.0002000
2026-03-04 21:57:40,368 - utils.logger2026-03-04-21.54.52 - INFO - Val result of epoch 19 / 40 mae 1.3004 corr 0.3759 f1 0.5880
2026-03-04 21:57:42,424 - utils.logger2026-03-04-21.54.52 - INFO - Tst result of epoch 19 / 40 mae 1.3829 corr 0.4386 f1 0.6528
2026-03-04 21:57:44,375 - utils.logger2026-03-04-21.54.52 - INFO - Cur epoch 20 loss CE:1.8751 mse:1.4788 consistent:98.8845
2026-03-04 21:57:45,355 - utils.logger2026-03-04-21.54.52 - INFO - Cur epoch 20 loss CE:1.3561 mse:1.4593 consistent:107.9248
2026-03-04 21:57:46,338 - utils.logger2026-03-04-21.54.52 - INFO - Cur epoch 20 loss CE:1.5114 mse:1.6926 consistent:116.8141
2026-03-04 21:57:46,488 - utils.logger2026-03-04-21.54.52 - INFO - saving the model at the end of epoch 20, iters 560
2026-03-04 21:57:46,678 - utils.logger2026-03-04-21.54.52 - INFO - End of training epoch 20 / 40 	 Time Taken: 4 sec
2026-03-04 21:57:46,679 - utils.logger2026-03-04-21.54.52 - INFO - learning rate = 0.0001905
2026-03-04 21:57:48,735 - utils.logger2026-03-04-21.54.52 - INFO - Val result of epoch 20 / 40 mae 1.2830 corr 0.3478 f1 0.6104
2026-03-04 21:57:50,819 - utils.logger2026-03-04-21.54.52 - INFO - Tst result of epoch 20 / 40 mae 1.3746 corr 0.4277 f1 0.6538
2026-03-04 21:57:52,928 - utils.logger2026-03-04-21.54.52 - INFO - Cur epoch 21 loss CE:1.4470 mse:1.4981 consistent:99.7802
2026-03-04 21:57:53,920 - utils.logger2026-03-04-21.54.52 - INFO - Cur epoch 21 loss CE:1.1513 mse:1.4823 consistent:98.0788
2026-03-04 21:57:54,817 - utils.logger2026-03-04-21.54.52 - INFO - saving the model at the end of epoch 21, iters 588
2026-03-04 21:57:55,008 - utils.logger2026-03-04-21.54.52 - INFO - End of training epoch 21 / 40 	 Time Taken: 4 sec
2026-03-04 21:57:55,008 - utils.logger2026-03-04-21.54.52 - INFO - learning rate = 0.0001810
2026-03-04 21:57:57,076 - utils.logger2026-03-04-21.54.52 - INFO - Val result of epoch 21 / 40 mae 1.3046 corr 0.3512 f1 0.5912
2026-03-04 21:57:59,043 - utils.logger2026-03-04-21.54.52 - INFO - Tst result of epoch 21 / 40 mae 1.3864 corr 0.4316 f1 0.6425
2026-03-04 21:58:00,387 - utils.logger2026-03-04-21.54.52 - INFO - Cur epoch 22 loss CE:1.6179 mse:1.4815 consistent:108.5271
2026-03-04 21:58:01,370 - utils.logger2026-03-04-21.54.52 - INFO - Cur epoch 22 loss CE:1.8716 mse:1.6942 consistent:101.4165
2026-03-04 21:58:02,516 - utils.logger2026-03-04-21.54.52 - INFO - Cur epoch 22 loss CE:1.4990 mse:1.4951 consistent:102.9584
2026-03-04 21:58:03,432 - utils.logger2026-03-04-21.54.52 - INFO - saving the model at the end of epoch 22, iters 616
2026-03-04 21:58:03,656 - utils.logger2026-03-04-21.54.52 - INFO - End of training epoch 22 / 40 	 Time Taken: 4 sec
2026-03-04 21:58:03,657 - utils.logger2026-03-04-21.54.52 - INFO - learning rate = 0.0001714
2026-03-04 21:58:05,744 - utils.logger2026-03-04-21.54.52 - INFO - Val result of epoch 22 / 40 mae 1.2766 corr 0.3802 f1 0.6217
2026-03-04 21:58:07,761 - utils.logger2026-03-04-21.54.52 - INFO - Tst result of epoch 22 / 40 mae 1.3792 corr 0.4409 f1 0.6506
2026-03-04 21:58:09,251 - utils.logger2026-03-04-21.54.52 - INFO - Cur epoch 23 loss CE:1.1674 mse:1.6217 consistent:108.8125
2026-03-04 21:58:10,186 - utils.logger2026-03-04-21.54.52 - INFO - Cur epoch 23 loss CE:1.5155 mse:1.4456 consistent:105.3405
2026-03-04 21:58:11,199 - utils.logger2026-03-04-21.54.52 - INFO - Cur epoch 23 loss CE:1.3915 mse:1.4556 consistent:106.0462
2026-03-04 21:58:11,787 - utils.logger2026-03-04-21.54.52 - INFO - saving the model at the end of epoch 23, iters 644
2026-03-04 21:58:11,965 - utils.logger2026-03-04-21.54.52 - INFO - End of training epoch 23 / 40 	 Time Taken: 4 sec
2026-03-04 21:58:11,966 - utils.logger2026-03-04-21.54.52 - INFO - learning rate = 0.0001619
2026-03-04 21:58:14,149 - utils.logger2026-03-04-21.54.52 - INFO - Val result of epoch 23 / 40 mae 1.2664 corr 0.3644 f1 0.6165
2026-03-04 21:58:16,209 - utils.logger2026-03-04-21.54.52 - INFO - Tst result of epoch 23 / 40 mae 1.3903 corr 0.4371 f1 0.6595
2026-03-04 21:58:18,061 - utils.logger2026-03-04-21.54.52 - INFO - Cur epoch 24 loss CE:1.4131 mse:1.5267 consistent:105.9318
2026-03-04 21:58:19,251 - utils.logger2026-03-04-21.54.52 - INFO - Cur epoch 24 loss CE:1.4525 mse:1.4350 consistent:99.4790
2026-03-04 21:58:20,314 - utils.logger2026-03-04-21.54.52 - INFO - Cur epoch 24 loss CE:1.1639 mse:1.5287 consistent:92.6384
2026-03-04 21:58:20,686 - utils.logger2026-03-04-21.54.52 - INFO - saving the model at the end of epoch 24, iters 672
2026-03-04 21:58:20,913 - utils.logger2026-03-04-21.54.52 - INFO - End of training epoch 24 / 40 	 Time Taken: 4 sec
2026-03-04 21:58:20,913 - utils.logger2026-03-04-21.54.52 - INFO - learning rate = 0.0001524
2026-03-04 21:58:22,995 - utils.logger2026-03-04-21.54.52 - INFO - Val result of epoch 24 / 40 mae 1.2696 corr 0.3758 f1 0.6278
2026-03-04 21:58:25,047 - utils.logger2026-03-04-21.54.52 - INFO - Tst result of epoch 24 / 40 mae 1.3838 corr 0.4396 f1 0.6599
2026-03-04 21:58:26,990 - utils.logger2026-03-04-21.54.52 - INFO - Cur epoch 25 loss CE:1.5630 mse:1.4865 consistent:99.0263
2026-03-04 21:58:28,042 - utils.logger2026-03-04-21.54.52 - INFO - Cur epoch 25 loss CE:1.1048 mse:1.4317 consistent:106.4578
2026-03-04 21:58:29,068 - utils.logger2026-03-04-21.54.52 - INFO - Cur epoch 25 loss CE:0.9887 mse:1.4411 consistent:104.4495
2026-03-04 21:58:29,233 - utils.logger2026-03-04-21.54.52 - INFO - saving the model at the end of epoch 25, iters 700
2026-03-04 21:58:29,432 - utils.logger2026-03-04-21.54.52 - INFO - End of training epoch 25 / 40 	 Time Taken: 4 sec
2026-03-04 21:58:29,433 - utils.logger2026-03-04-21.54.52 - INFO - learning rate = 0.0001429
2026-03-04 21:58:31,562 - utils.logger2026-03-04-21.54.52 - INFO - Val result of epoch 25 / 40 mae 1.3321 corr 0.3544 f1 0.5786
2026-03-04 21:58:33,637 - utils.logger2026-03-04-21.54.52 - INFO - Tst result of epoch 25 / 40 mae 1.3711 corr 0.4443 f1 0.6684
2026-03-04 21:58:35,728 - utils.logger2026-03-04-21.54.52 - INFO - Cur epoch 26 loss CE:1.1606 mse:1.5334 consistent:108.3722
2026-03-04 21:58:36,671 - utils.logger2026-03-04-21.54.52 - INFO - Cur epoch 26 loss CE:1.0955 mse:1.4047 consistent:99.7585
2026-03-04 21:58:37,600 - utils.logger2026-03-04-21.54.52 - INFO - saving the model at the end of epoch 26, iters 728
2026-03-04 21:58:37,784 - utils.logger2026-03-04-21.54.52 - INFO - End of training epoch 26 / 40 	 Time Taken: 4 sec
2026-03-04 21:58:37,784 - utils.logger2026-03-04-21.54.52 - INFO - learning rate = 0.0001333
2026-03-04 21:58:39,910 - utils.logger2026-03-04-21.54.52 - INFO - Val result of epoch 26 / 40 mae 1.2992 corr 0.3303 f1 0.5982
2026-03-04 21:58:41,936 - utils.logger2026-03-04-21.54.52 - INFO - Tst result of epoch 26 / 40 mae 1.3872 corr 0.4209 f1 0.6619
2026-03-04 21:58:43,295 - utils.logger2026-03-04-21.54.52 - INFO - Cur epoch 27 loss CE:1.0847 mse:1.4122 consistent:103.3039
2026-03-04 21:58:44,277 - utils.logger2026-03-04-21.54.52 - INFO - Cur epoch 27 loss CE:1.1793 mse:1.2980 consistent:100.4297
2026-03-04 21:58:45,249 - utils.logger2026-03-04-21.54.52 - INFO - Cur epoch 27 loss CE:1.3875 mse:1.5007 consistent:109.2540
2026-03-04 21:58:45,975 - utils.logger2026-03-04-21.54.52 - INFO - saving the model at the end of epoch 27, iters 756
2026-03-04 21:58:46,155 - utils.logger2026-03-04-21.54.52 - INFO - End of training epoch 27 / 40 	 Time Taken: 4 sec
2026-03-04 21:58:46,156 - utils.logger2026-03-04-21.54.52 - INFO - learning rate = 0.0001238
2026-03-04 21:58:48,214 - utils.logger2026-03-04-21.54.52 - INFO - Val result of epoch 27 / 40 mae 1.3158 corr 0.3469 f1 0.5873
2026-03-04 21:58:50,254 - utils.logger2026-03-04-21.54.52 - INFO - Tst result of epoch 27 / 40 mae 1.3831 corr 0.4297 f1 0.6583
2026-03-04 21:58:51,768 - utils.logger2026-03-04-21.54.52 - INFO - Cur epoch 28 loss CE:1.0719 mse:1.4838 consistent:96.6178
2026-03-04 21:58:52,830 - utils.logger2026-03-04-21.54.52 - INFO - Cur epoch 28 loss CE:1.5101 mse:1.6651 consistent:98.5437
2026-03-04 21:58:53,875 - utils.logger2026-03-04-21.54.52 - INFO - Cur epoch 28 loss CE:1.0300 mse:1.3807 consistent:108.8906
2026-03-04 21:58:54,451 - utils.logger2026-03-04-21.54.52 - INFO - saving the model at the end of epoch 28, iters 784
2026-03-04 21:58:54,657 - utils.logger2026-03-04-21.54.52 - INFO - End of training epoch 28 / 40 	 Time Taken: 4 sec
2026-03-04 21:58:54,657 - utils.logger2026-03-04-21.54.52 - INFO - learning rate = 0.0001143
2026-03-04 21:58:56,750 - utils.logger2026-03-04-21.54.52 - INFO - Val result of epoch 28 / 40 mae 1.3257 corr 0.3105 f1 0.5892
2026-03-04 21:58:58,872 - utils.logger2026-03-04-21.54.52 - INFO - Tst result of epoch 28 / 40 mae 1.3889 corr 0.4093 f1 0.6608
2026-03-04 21:59:00,569 - utils.logger2026-03-04-21.54.52 - INFO - Cur epoch 29 loss CE:1.0172 mse:1.3427 consistent:104.9659
2026-03-04 21:59:01,652 - utils.logger2026-03-04-21.54.52 - INFO - Cur epoch 29 loss CE:1.2382 mse:1.4099 consistent:104.3062
2026-03-04 21:59:02,731 - utils.logger2026-03-04-21.54.52 - INFO - Cur epoch 29 loss CE:1.0030 mse:1.5880 consistent:113.9789
2026-03-04 21:59:03,100 - utils.logger2026-03-04-21.54.52 - INFO - saving the model at the end of epoch 29, iters 812
2026-03-04 21:59:03,317 - utils.logger2026-03-04-21.54.52 - INFO - End of training epoch 29 / 40 	 Time Taken: 4 sec
2026-03-04 21:59:03,318 - utils.logger2026-03-04-21.54.52 - INFO - learning rate = 0.0001048
2026-03-04 21:59:05,454 - utils.logger2026-03-04-21.54.52 - INFO - Val result of epoch 29 / 40 mae 1.3424 corr 0.3201 f1 0.5730
2026-03-04 21:59:07,538 - utils.logger2026-03-04-21.54.52 - INFO - Tst result of epoch 29 / 40 mae 1.3920 corr 0.4038 f1 0.6523
2026-03-04 21:59:09,476 - utils.logger2026-03-04-21.54.52 - INFO - Cur epoch 30 loss CE:0.8193 mse:1.3726 consistent:99.3216
2026-03-04 21:59:10,495 - utils.logger2026-03-04-21.54.52 - INFO - Cur epoch 30 loss CE:0.8128 mse:1.3022 consistent:101.6879
2026-03-04 21:59:11,513 - utils.logger2026-03-04-21.54.52 - INFO - Cur epoch 30 loss CE:1.6743 mse:1.3094 consistent:92.6104
2026-03-04 21:59:11,680 - utils.logger2026-03-04-21.54.52 - INFO - saving the model at the end of epoch 30, iters 840
2026-03-04 21:59:11,883 - utils.logger2026-03-04-21.54.52 - INFO - End of training epoch 30 / 40 	 Time Taken: 4 sec
2026-03-04 21:59:11,883 - utils.logger2026-03-04-21.54.52 - INFO - learning rate = 0.0000952
2026-03-04 21:59:13,930 - utils.logger2026-03-04-21.54.52 - INFO - Val result of epoch 30 / 40 mae 1.3453 corr 0.2896 f1 0.5732
2026-03-04 21:59:16,030 - utils.logger2026-03-04-21.54.52 - INFO - Tst result of epoch 30 / 40 mae 1.4016 corr 0.3957 f1 0.6521
2026-03-04 21:59:18,219 - utils.logger2026-03-04-21.54.52 - INFO - Cur epoch 31 loss CE:1.2484 mse:1.4533 consistent:106.4249
2026-03-04 21:59:19,317 - utils.logger2026-03-04-21.54.52 - INFO - Cur epoch 31 loss CE:1.0896 mse:1.3088 consistent:102.7151
2026-03-04 21:59:20,316 - utils.logger2026-03-04-21.54.52 - INFO - saving the model at the end of epoch 31, iters 868
2026-03-04 21:59:20,519 - utils.logger2026-03-04-21.54.52 - INFO - End of training epoch 31 / 40 	 Time Taken: 4 sec
2026-03-04 21:59:20,520 - utils.logger2026-03-04-21.54.52 - INFO - learning rate = 0.0000857
2026-03-04 21:59:22,619 - utils.logger2026-03-04-21.54.52 - INFO - Val result of epoch 31 / 40 mae 1.3467 corr 0.3021 f1 0.5795
2026-03-04 21:59:24,738 - utils.logger2026-03-04-21.54.52 - INFO - Tst result of epoch 31 / 40 mae 1.3906 corr 0.4019 f1 0.6437
2026-03-04 21:59:26,056 - utils.logger2026-03-04-21.54.52 - INFO - Cur epoch 32 loss CE:0.9645 mse:1.2532 consistent:96.3446
2026-03-04 21:59:26,986 - utils.logger2026-03-04-21.54.52 - INFO - Cur epoch 32 loss CE:0.9302 mse:1.3892 consistent:101.2509
2026-03-04 21:59:27,980 - utils.logger2026-03-04-21.54.52 - INFO - Cur epoch 32 loss CE:1.3145 mse:1.3613 consistent:106.7611
2026-03-04 21:59:28,702 - utils.logger2026-03-04-21.54.52 - INFO - saving the model at the end of epoch 32, iters 896
2026-03-04 21:59:28,891 - utils.logger2026-03-04-21.54.52 - INFO - End of training epoch 32 / 40 	 Time Taken: 4 sec
2026-03-04 21:59:28,891 - utils.logger2026-03-04-21.54.52 - INFO - learning rate = 0.0000762
2026-03-04 21:59:30,911 - utils.logger2026-03-04-21.54.52 - INFO - Val result of epoch 32 / 40 mae 1.3264 corr 0.3257 f1 0.5790
2026-03-04 21:59:32,971 - utils.logger2026-03-04-21.54.52 - INFO - Tst result of epoch 32 / 40 mae 1.3840 corr 0.4250 f1 0.6556
2026-03-04 21:59:34,468 - utils.logger2026-03-04-21.54.52 - INFO - Cur epoch 33 loss CE:1.6023 mse:1.6236 consistent:110.2994
2026-03-04 21:59:35,448 - utils.logger2026-03-04-21.54.52 - INFO - Cur epoch 33 loss CE:1.4008 mse:1.5842 consistent:108.9852
2026-03-04 21:59:36,446 - utils.logger2026-03-04-21.54.52 - INFO - Cur epoch 33 loss CE:1.2331 mse:1.4425 consistent:98.8257
2026-03-04 21:59:36,983 - utils.logger2026-03-04-21.54.52 - INFO - saving the model at the end of epoch 33, iters 924
2026-03-04 21:59:37,182 - utils.logger2026-03-04-21.54.52 - INFO - End of training epoch 33 / 40 	 Time Taken: 4 sec
2026-03-04 21:59:37,182 - utils.logger2026-03-04-21.54.52 - INFO - learning rate = 0.0000667
2026-03-04 21:59:39,297 - utils.logger2026-03-04-21.54.52 - INFO - Val result of epoch 33 / 40 mae 1.2984 corr 0.3384 f1 0.5897
2026-03-04 21:59:41,291 - utils.logger2026-03-04-21.54.52 - INFO - Tst result of epoch 33 / 40 mae 1.3804 corr 0.4321 f1 0.6563
2026-03-04 21:59:43,038 - utils.logger2026-03-04-21.54.52 - INFO - Cur epoch 34 loss CE:0.9671 mse:1.4970 consistent:103.3127
2026-03-04 21:59:44,087 - utils.logger2026-03-04-21.54.52 - INFO - Cur epoch 34 loss CE:0.8436 mse:1.3268 consistent:97.5684
2026-03-04 21:59:45,228 - utils.logger2026-03-04-21.54.52 - INFO - Cur epoch 34 loss CE:1.3173 mse:1.4022 consistent:107.8404
2026-03-04 21:59:45,620 - utils.logger2026-03-04-21.54.52 - INFO - saving the model at the end of epoch 34, iters 952
2026-03-04 21:59:45,817 - utils.logger2026-03-04-21.54.52 - INFO - End of training epoch 34 / 40 	 Time Taken: 4 sec
2026-03-04 21:59:45,817 - utils.logger2026-03-04-21.54.52 - INFO - learning rate = 0.0000571
2026-03-04 21:59:47,992 - utils.logger2026-03-04-21.54.52 - INFO - Val result of epoch 34 / 40 mae 1.3176 corr 0.3162 f1 0.5955
2026-03-04 21:59:50,125 - utils.logger2026-03-04-21.54.52 - INFO - Tst result of epoch 34 / 40 mae 1.3888 corr 0.4122 f1 0.6561
2026-03-04 21:59:52,131 - utils.logger2026-03-04-21.54.52 - INFO - Cur epoch 35 loss CE:0.9032 mse:1.4076 consistent:105.5397
2026-03-04 21:59:53,154 - utils.logger2026-03-04-21.54.52 - INFO - Cur epoch 35 loss CE:1.0369 mse:1.4003 consistent:113.0135
2026-03-04 21:59:54,239 - utils.logger2026-03-04-21.54.52 - INFO - Cur epoch 35 loss CE:1.2845 mse:1.3811 consistent:95.6492
2026-03-04 21:59:54,405 - utils.logger2026-03-04-21.54.52 - INFO - saving the model at the end of epoch 35, iters 980
2026-03-04 21:59:54,617 - utils.logger2026-03-04-21.54.52 - INFO - End of training epoch 35 / 40 	 Time Taken: 4 sec
2026-03-04 21:59:54,617 - utils.logger2026-03-04-21.54.52 - INFO - learning rate = 0.0000476
2026-03-04 21:59:56,761 - utils.logger2026-03-04-21.54.52 - INFO - Val result of epoch 35 / 40 mae 1.3467 corr 0.3245 f1 0.5772
2026-03-04 21:59:58,821 - utils.logger2026-03-04-21.54.52 - INFO - Tst result of epoch 35 / 40 mae 1.3941 corr 0.4121 f1 0.6529
2026-03-04 22:00:01,114 - utils.logger2026-03-04-21.54.52 - INFO - Cur epoch 36 loss CE:1.1455 mse:1.3878 consistent:99.7281
2026-03-04 22:00:02,213 - utils.logger2026-03-04-21.54.52 - INFO - Cur epoch 36 loss CE:1.0025 mse:1.3523 consistent:101.6657
2026-03-04 22:00:03,254 - utils.logger2026-03-04-21.54.52 - INFO - saving the model at the end of epoch 36, iters 1008
2026-03-04 22:00:03,458 - utils.logger2026-03-04-21.54.52 - INFO - End of training epoch 36 / 40 	 Time Taken: 4 sec
2026-03-04 22:00:03,459 - utils.logger2026-03-04-21.54.52 - INFO - learning rate = 0.0000381
2026-03-04 22:00:05,542 - utils.logger2026-03-04-21.54.52 - INFO - Val result of epoch 36 / 40 mae 1.3566 corr 0.3185 f1 0.5730
2026-03-04 22:00:07,647 - utils.logger2026-03-04-21.54.52 - INFO - Tst result of epoch 36 / 40 mae 1.3971 corr 0.4068 f1 0.6468
2026-03-04 22:00:08,961 - utils.logger2026-03-04-21.54.52 - INFO - Cur epoch 37 loss CE:1.0273 mse:1.5369 consistent:104.4266
2026-03-04 22:00:09,922 - utils.logger2026-03-04-21.54.52 - INFO - Cur epoch 37 loss CE:1.0215 mse:1.3922 consistent:101.0888
2026-03-04 22:00:10,937 - utils.logger2026-03-04-21.54.52 - INFO - Cur epoch 37 loss CE:0.9669 mse:1.2920 consistent:96.1424
2026-03-04 22:00:11,628 - utils.logger2026-03-04-21.54.52 - INFO - saving the model at the end of epoch 37, iters 1036
2026-03-04 22:00:11,804 - utils.logger2026-03-04-21.54.52 - INFO - End of training epoch 37 / 40 	 Time Taken: 4 sec
2026-03-04 22:00:11,805 - utils.logger2026-03-04-21.54.52 - INFO - learning rate = 0.0000286
2026-03-04 22:00:13,845 - utils.logger2026-03-04-21.54.52 - INFO - Val result of epoch 37 / 40 mae 1.3391 corr 0.3188 f1 0.5783
2026-03-04 22:00:15,918 - utils.logger2026-03-04-21.54.52 - INFO - Tst result of epoch 37 / 40 mae 1.3927 corr 0.4142 f1 0.6485
2026-03-04 22:00:17,465 - utils.logger2026-03-04-21.54.52 - INFO - Cur epoch 38 loss CE:1.2290 mse:1.3328 consistent:106.9330
2026-03-04 22:00:18,414 - utils.logger2026-03-04-21.54.52 - INFO - Cur epoch 38 loss CE:0.9995 mse:1.4446 consistent:109.7682
2026-03-04 22:00:19,431 - utils.logger2026-03-04-21.54.52 - INFO - Cur epoch 38 loss CE:1.2144 mse:1.5205 consistent:104.2731
2026-03-04 22:00:20,019 - utils.logger2026-03-04-21.54.52 - INFO - saving the model at the end of epoch 38, iters 1064
2026-03-04 22:00:20,213 - utils.logger2026-03-04-21.54.52 - INFO - End of training epoch 38 / 40 	 Time Taken: 4 sec
2026-03-04 22:00:20,214 - utils.logger2026-03-04-21.54.52 - INFO - learning rate = 0.0000190
2026-03-04 22:00:22,292 - utils.logger2026-03-04-21.54.52 - INFO - Val result of epoch 38 / 40 mae 1.3421 corr 0.3113 f1 0.5848
2026-03-04 22:00:24,308 - utils.logger2026-03-04-21.54.52 - INFO - Tst result of epoch 38 / 40 mae 1.3930 corr 0.4121 f1 0.6539
2026-03-04 22:00:26,006 - utils.logger2026-03-04-21.54.52 - INFO - Cur epoch 39 loss CE:1.2897 mse:1.3763 consistent:107.6375
2026-03-04 22:00:26,998 - utils.logger2026-03-04-21.54.52 - INFO - Cur epoch 39 loss CE:0.9517 mse:1.3102 consistent:108.1866
2026-03-04 22:00:28,006 - utils.logger2026-03-04-21.54.52 - INFO - Cur epoch 39 loss CE:1.2661 mse:1.4078 consistent:98.2549
2026-03-04 22:00:28,392 - utils.logger2026-03-04-21.54.52 - INFO - saving the model at the end of epoch 39, iters 1092
2026-03-04 22:00:28,572 - utils.logger2026-03-04-21.54.52 - INFO - End of training epoch 39 / 40 	 Time Taken: 4 sec
2026-03-04 22:00:28,573 - utils.logger2026-03-04-21.54.52 - INFO - learning rate = 0.0000095
2026-03-04 22:00:30,636 - utils.logger2026-03-04-21.54.52 - INFO - Val result of epoch 39 / 40 mae 1.3289 corr 0.3142 f1 0.5850
2026-03-04 22:00:32,763 - utils.logger2026-03-04-21.54.52 - INFO - Tst result of epoch 39 / 40 mae 1.3865 corr 0.4133 f1 0.6482
2026-03-04 22:00:34,685 - utils.logger2026-03-04-21.54.52 - INFO - Cur epoch 40 loss CE:1.1405 mse:1.3996 consistent:113.1349
2026-03-04 22:00:35,737 - utils.logger2026-03-04-21.54.52 - INFO - Cur epoch 40 loss CE:1.3805 mse:1.5768 consistent:103.4441
2026-03-04 22:00:36,831 - utils.logger2026-03-04-21.54.52 - INFO - Cur epoch 40 loss CE:0.9448 mse:1.4347 consistent:107.0802
2026-03-04 22:00:36,998 - utils.logger2026-03-04-21.54.52 - INFO - saving the model at the end of epoch 40, iters 1120
2026-03-04 22:00:37,207 - utils.logger2026-03-04-21.54.52 - INFO - End of training epoch 40 / 40 	 Time Taken: 4 sec
2026-03-04 22:00:37,208 - utils.logger2026-03-04-21.54.52 - INFO - learning rate = 0.0000000
2026-03-04 22:00:39,352 - utils.logger2026-03-04-21.54.52 - INFO - Val result of epoch 40 / 40 mae 1.3363 corr 0.3125 f1 0.5854
2026-03-04 22:00:41,422 - utils.logger2026-03-04-21.54.52 - INFO - Tst result of epoch 40 / 40 mae 1.3881 corr 0.4128 f1 0.6526
2026-03-04 22:00:41,422 - utils.logger2026-03-04-21.54.52 - INFO - Best eval epoch 15 found with MAE 1.367660
2026-03-04 22:00:41,422 - utils.logger2026-03-04-21.54.52 - INFO - Loading best model found on val set: epoch-15
2026-03-04 22:00:45,697 - utils.logger2026-03-04-21.54.52 - INFO - Tst result mae 1.3677 corr 0.4543 f1 0.6690
