2026-03-09 14:52:50,377 - utils.logger2026-03-09-14.52.44 - INFO - The number of training samples = 1750
2026-03-09 14:52:50,377 - utils.logger2026-03-09-14.52.44 - INFO - The number of testing samples = 1344
2026-03-09 14:52:53,757 - utils.logger2026-03-09-14.52.44 - INFO - Cur epoch 1 loss CE:2.6076 mse:1.0254 consistent:3.4673
2026-03-09 14:52:54,370 - utils.logger2026-03-09-14.52.44 - INFO - Cur epoch 1 loss CE:1.9342 mse:0.5314 consistent:3.2486
2026-03-09 14:52:55,105 - utils.logger2026-03-09-14.52.44 - INFO - saving the model at the end of epoch 1, iters 28
2026-03-09 14:52:55,746 - utils.logger2026-03-09-14.52.44 - INFO - End of training epoch 1 / 40 	 Time Taken: 4 sec
2026-03-09 14:52:55,746 - utils.logger2026-03-09-14.52.44 - INFO - learning rate = 0.0002000
2026-03-09 14:52:57,627 - utils.logger2026-03-09-14.52.44 - INFO - Val result of epoch 1 / 40 mae 1.0510 corr 0.4469 f1 0.7039
2026-03-09 14:52:59,534 - utils.logger2026-03-09-14.52.44 - INFO - Tst result of epoch 1 / 40 mae 1.0762 corr 0.5098 f1 0.7213
2026-03-09 14:53:00,905 - utils.logger2026-03-09-14.52.44 - INFO - Cur epoch 2 loss CE:1.4901 mse:0.4818 consistent:2.8762
2026-03-09 14:53:01,615 - utils.logger2026-03-09-14.52.44 - INFO - Cur epoch 2 loss CE:2.3819 mse:0.4731 consistent:3.0118
2026-03-09 14:53:02,366 - utils.logger2026-03-09-14.52.44 - INFO - Cur epoch 2 loss CE:1.5441 mse:0.3586 consistent:2.7769
2026-03-09 14:53:02,983 - utils.logger2026-03-09-14.52.44 - INFO - saving the model at the end of epoch 2, iters 56
2026-03-09 14:53:03,525 - utils.logger2026-03-09-14.52.44 - INFO - End of training epoch 2 / 40 	 Time Taken: 3 sec
2026-03-09 14:53:03,525 - utils.logger2026-03-09-14.52.44 - INFO - learning rate = 0.0002000
2026-03-09 14:53:05,447 - utils.logger2026-03-09-14.52.44 - INFO - Val result of epoch 2 / 40 mae 1.0177 corr 0.4537 f1 0.6511
2026-03-09 14:53:07,412 - utils.logger2026-03-09-14.52.44 - INFO - Tst result of epoch 2 / 40 mae 1.0804 corr 0.5105 f1 0.6600
2026-03-09 14:53:08,621 - utils.logger2026-03-09-14.52.44 - INFO - Cur epoch 3 loss CE:2.0644 mse:0.3789 consistent:2.8247
2026-03-09 14:53:09,293 - utils.logger2026-03-09-14.52.44 - INFO - Cur epoch 3 loss CE:2.3039 mse:0.3034 consistent:2.6610
2026-03-09 14:53:09,990 - utils.logger2026-03-09-14.52.44 - INFO - Cur epoch 3 loss CE:1.3468 mse:0.2425 consistent:2.4793
2026-03-09 14:53:10,533 - utils.logger2026-03-09-14.52.44 - INFO - saving the model at the end of epoch 3, iters 84
2026-03-09 14:53:10,934 - utils.logger2026-03-09-14.52.44 - INFO - End of training epoch 3 / 40 	 Time Taken: 3 sec
2026-03-09 14:53:10,934 - utils.logger2026-03-09-14.52.44 - INFO - learning rate = 0.0002000
2026-03-09 14:53:12,831 - utils.logger2026-03-09-14.52.44 - INFO - Val result of epoch 3 / 40 mae 1.0375 corr 0.4476 f1 0.7043
2026-03-09 14:53:14,917 - utils.logger2026-03-09-14.52.44 - INFO - Tst result of epoch 3 / 40 mae 1.0758 corr 0.5118 f1 0.7342
2026-03-09 14:53:16,327 - utils.logger2026-03-09-14.52.44 - INFO - Cur epoch 4 loss CE:1.5311 mse:0.2546 consistent:2.6900
2026-03-09 14:53:16,959 - utils.logger2026-03-09-14.52.44 - INFO - Cur epoch 4 loss CE:1.6675 mse:0.3319 consistent:2.8267
2026-03-09 14:53:17,599 - utils.logger2026-03-09-14.52.44 - INFO - Cur epoch 4 loss CE:1.7862 mse:0.2759 consistent:2.4799
2026-03-09 14:53:17,901 - utils.logger2026-03-09-14.52.44 - INFO - saving the model at the end of epoch 4, iters 112
2026-03-09 14:53:18,433 - utils.logger2026-03-09-14.52.44 - INFO - End of training epoch 4 / 40 	 Time Taken: 3 sec
2026-03-09 14:53:18,434 - utils.logger2026-03-09-14.52.44 - INFO - learning rate = 0.0002000
2026-03-09 14:53:20,345 - utils.logger2026-03-09-14.52.44 - INFO - Val result of epoch 4 / 40 mae 1.0513 corr 0.4507 f1 0.7068
2026-03-09 14:53:22,226 - utils.logger2026-03-09-14.52.44 - INFO - Tst result of epoch 4 / 40 mae 1.0820 corr 0.5181 f1 0.7261
2026-03-09 14:53:23,793 - utils.logger2026-03-09-14.52.44 - INFO - Cur epoch 5 loss CE:1.3192 mse:0.2414 consistent:2.3517
2026-03-09 14:53:24,458 - utils.logger2026-03-09-14.52.44 - INFO - Cur epoch 5 loss CE:1.5789 mse:0.2212 consistent:2.2953
2026-03-09 14:53:25,085 - utils.logger2026-03-09-14.52.44 - INFO - Cur epoch 5 loss CE:1.5660 mse:0.2426 consistent:2.2341
2026-03-09 14:53:25,223 - utils.logger2026-03-09-14.52.44 - INFO - saving the model at the end of epoch 5, iters 140
2026-03-09 14:53:25,718 - utils.logger2026-03-09-14.52.44 - INFO - End of training epoch 5 / 40 	 Time Taken: 3 sec
2026-03-09 14:53:25,719 - utils.logger2026-03-09-14.52.44 - INFO - learning rate = 0.0002000
2026-03-09 14:53:27,632 - utils.logger2026-03-09-14.52.44 - INFO - Val result of epoch 5 / 40 mae 1.0143 corr 0.4613 f1 0.6985
2026-03-09 14:53:29,505 - utils.logger2026-03-09-14.52.44 - INFO - Tst result of epoch 5 / 40 mae 1.0616 corr 0.5356 f1 0.7193
2026-03-09 14:53:31,251 - utils.logger2026-03-09-14.52.44 - INFO - Cur epoch 6 loss CE:1.6666 mse:0.2595 consistent:2.3940
2026-03-09 14:53:31,925 - utils.logger2026-03-09-14.52.44 - INFO - Cur epoch 6 loss CE:1.4455 mse:0.2199 consistent:2.2452
2026-03-09 14:53:32,559 - utils.logger2026-03-09-14.52.44 - INFO - saving the model at the end of epoch 6, iters 168
2026-03-09 14:53:33,307 - utils.logger2026-03-09-14.52.44 - INFO - End of training epoch 6 / 40 	 Time Taken: 3 sec
2026-03-09 14:53:33,307 - utils.logger2026-03-09-14.52.44 - INFO - learning rate = 0.0002000
2026-03-09 14:53:35,159 - utils.logger2026-03-09-14.52.44 - INFO - Val result of epoch 6 / 40 mae 1.0581 corr 0.4412 f1 0.6187
2026-03-09 14:53:37,171 - utils.logger2026-03-09-14.52.44 - INFO - Tst result of epoch 6 / 40 mae 1.0964 corr 0.5234 f1 0.6286
2026-03-09 14:53:38,296 - utils.logger2026-03-09-14.52.44 - INFO - Cur epoch 7 loss CE:1.2524 mse:0.2273 consistent:2.2629
2026-03-09 14:53:39,011 - utils.logger2026-03-09-14.52.44 - INFO - Cur epoch 7 loss CE:1.2196 mse:0.2051 consistent:2.3230
2026-03-09 14:53:39,653 - utils.logger2026-03-09-14.52.44 - INFO - Cur epoch 7 loss CE:1.9944 mse:0.2746 consistent:2.3369
2026-03-09 14:53:40,258 - utils.logger2026-03-09-14.52.44 - INFO - saving the model at the end of epoch 7, iters 196
2026-03-09 14:53:40,895 - utils.logger2026-03-09-14.52.44 - INFO - End of training epoch 7 / 40 	 Time Taken: 3 sec
2026-03-09 14:53:40,895 - utils.logger2026-03-09-14.52.44 - INFO - learning rate = 0.0002000
2026-03-09 14:53:42,888 - utils.logger2026-03-09-14.52.44 - INFO - Val result of epoch 7 / 40 mae 1.0103 corr 0.4672 f1 0.6564
2026-03-09 14:53:45,079 - utils.logger2026-03-09-14.52.44 - INFO - Tst result of epoch 7 / 40 mae 1.0685 corr 0.5423 f1 0.6868
2026-03-09 14:53:46,376 - utils.logger2026-03-09-14.52.44 - INFO - Cur epoch 8 loss CE:1.7019 mse:0.2053 consistent:1.9982
2026-03-09 14:53:47,150 - utils.logger2026-03-09-14.52.44 - INFO - Cur epoch 8 loss CE:1.8375 mse:0.2534 consistent:2.0828
2026-03-09 14:53:47,808 - utils.logger2026-03-09-14.52.44 - INFO - Cur epoch 8 loss CE:1.7324 mse:0.2690 consistent:2.1592
2026-03-09 14:53:48,223 - utils.logger2026-03-09-14.52.44 - INFO - saving the model at the end of epoch 8, iters 224
2026-03-09 14:53:49,062 - utils.logger2026-03-09-14.52.44 - INFO - End of training epoch 8 / 40 	 Time Taken: 3 sec
2026-03-09 14:53:49,063 - utils.logger2026-03-09-14.52.44 - INFO - learning rate = 0.0002000
2026-03-09 14:53:50,967 - utils.logger2026-03-09-14.52.44 - INFO - Val result of epoch 8 / 40 mae 1.0109 corr 0.4586 f1 0.6875
2026-03-09 14:53:52,726 - utils.logger2026-03-09-14.52.44 - INFO - Tst result of epoch 8 / 40 mae 1.0563 corr 0.5360 f1 0.7159
2026-03-09 14:53:53,803 - utils.logger2026-03-09-14.52.44 - INFO - Cur epoch 9 loss CE:1.5422 mse:0.2289 consistent:2.2102
2026-03-09 14:53:54,382 - utils.logger2026-03-09-14.52.44 - INFO - Cur epoch 9 loss CE:1.2858 mse:0.2368 consistent:2.2011
2026-03-09 14:53:54,948 - utils.logger2026-03-09-14.52.44 - INFO - Cur epoch 9 loss CE:1.3761 mse:0.2203 consistent:2.1566
2026-03-09 14:53:55,132 - utils.logger2026-03-09-14.52.44 - INFO - saving the model at the end of epoch 9, iters 252
2026-03-09 14:53:55,843 - utils.logger2026-03-09-14.52.44 - INFO - End of training epoch 9 / 40 	 Time Taken: 3 sec
2026-03-09 14:53:55,843 - utils.logger2026-03-09-14.52.44 - INFO - learning rate = 0.0002000
2026-03-09 14:53:57,467 - utils.logger2026-03-09-14.52.44 - INFO - Val result of epoch 9 / 40 mae 0.9984 corr 0.4694 f1 0.6831
2026-03-09 14:53:59,509 - utils.logger2026-03-09-14.52.44 - INFO - Tst result of epoch 9 / 40 mae 1.0555 corr 0.5359 f1 0.7197
2026-03-09 14:54:01,417 - utils.logger2026-03-09-14.52.44 - INFO - Cur epoch 10 loss CE:1.3590 mse:0.2471 consistent:2.2820
2026-03-09 14:54:02,132 - utils.logger2026-03-09-14.52.44 - INFO - Cur epoch 10 loss CE:1.4273 mse:0.2309 consistent:1.9329
2026-03-09 14:54:02,814 - utils.logger2026-03-09-14.52.44 - INFO - Cur epoch 10 loss CE:1.8427 mse:0.2253 consistent:1.7967
2026-03-09 14:54:03,001 - utils.logger2026-03-09-14.52.44 - INFO - saving the model at the end of epoch 10, iters 280
2026-03-09 14:54:03,690 - utils.logger2026-03-09-14.52.44 - INFO - End of training epoch 10 / 40 	 Time Taken: 4 sec
2026-03-09 14:54:03,690 - utils.logger2026-03-09-14.52.44 - INFO - learning rate = 0.0002000
2026-03-09 14:54:05,836 - utils.logger2026-03-09-14.52.44 - INFO - Val result of epoch 10 / 40 mae 1.0234 corr 0.4547 f1 0.6929
2026-03-09 14:54:07,782 - utils.logger2026-03-09-14.52.44 - INFO - Tst result of epoch 10 / 40 mae 1.0537 corr 0.5443 f1 0.7204
2026-03-09 14:54:09,629 - utils.logger2026-03-09-14.52.44 - INFO - Cur epoch 11 loss CE:1.8384 mse:0.2532 consistent:1.8206
2026-03-09 14:54:10,265 - utils.logger2026-03-09-14.52.44 - INFO - Cur epoch 11 loss CE:1.3072 mse:0.2034 consistent:1.9471
2026-03-09 14:54:10,951 - utils.logger2026-03-09-14.52.44 - INFO - saving the model at the end of epoch 11, iters 308
2026-03-09 14:54:11,726 - utils.logger2026-03-09-14.52.44 - INFO - End of training epoch 11 / 40 	 Time Taken: 3 sec
2026-03-09 14:54:11,727 - utils.logger2026-03-09-14.52.44 - INFO - learning rate = 0.0002000
2026-03-09 14:54:13,763 - utils.logger2026-03-09-14.52.44 - INFO - Val result of epoch 11 / 40 mae 1.0556 corr 0.4206 f1 0.6406
2026-03-09 14:54:15,839 - utils.logger2026-03-09-14.52.44 - INFO - Tst result of epoch 11 / 40 mae 1.0901 corr 0.4972 f1 0.6627
2026-03-09 14:54:17,002 - utils.logger2026-03-09-14.52.44 - INFO - Cur epoch 12 loss CE:1.5573 mse:0.2761 consistent:2.0650
2026-03-09 14:54:17,694 - utils.logger2026-03-09-14.52.44 - INFO - Cur epoch 12 loss CE:1.3314 mse:0.2157 consistent:2.0139
2026-03-09 14:54:18,494 - utils.logger2026-03-09-14.52.44 - INFO - Cur epoch 12 loss CE:1.6804 mse:0.2366 consistent:1.8252
2026-03-09 14:54:19,126 - utils.logger2026-03-09-14.52.44 - INFO - saving the model at the end of epoch 12, iters 336
2026-03-09 14:54:20,035 - utils.logger2026-03-09-14.52.44 - INFO - End of training epoch 12 / 40 	 Time Taken: 4 sec
2026-03-09 14:54:20,035 - utils.logger2026-03-09-14.52.44 - INFO - learning rate = 0.0002000
2026-03-09 14:54:22,077 - utils.logger2026-03-09-14.52.44 - INFO - Val result of epoch 12 / 40 mae 1.0154 corr 0.4612 f1 0.6943
2026-03-09 14:54:24,074 - utils.logger2026-03-09-14.52.44 - INFO - Tst result of epoch 12 / 40 mae 1.0351 corr 0.5518 f1 0.7213
2026-03-09 14:54:25,605 - utils.logger2026-03-09-14.52.44 - INFO - Cur epoch 13 loss CE:1.4849 mse:0.1994 consistent:1.8398
2026-03-09 14:54:26,311 - utils.logger2026-03-09-14.52.44 - INFO - Cur epoch 13 loss CE:1.2097 mse:0.1887 consistent:1.8271
2026-03-09 14:54:27,117 - utils.logger2026-03-09-14.52.44 - INFO - Cur epoch 13 loss CE:1.3051 mse:0.2252 consistent:1.8271
2026-03-09 14:54:27,567 - utils.logger2026-03-09-14.52.44 - INFO - saving the model at the end of epoch 13, iters 364
2026-03-09 14:54:28,314 - utils.logger2026-03-09-14.52.44 - INFO - End of training epoch 13 / 40 	 Time Taken: 4 sec
2026-03-09 14:54:28,314 - utils.logger2026-03-09-14.52.44 - INFO - learning rate = 0.0002000
2026-03-09 14:54:30,314 - utils.logger2026-03-09-14.52.44 - INFO - Val result of epoch 13 / 40 mae 1.0167 corr 0.4646 f1 0.6805
2026-03-09 14:54:32,552 - utils.logger2026-03-09-14.52.44 - INFO - Tst result of epoch 13 / 40 mae 1.0452 corr 0.5502 f1 0.7217
2026-03-09 14:54:34,282 - utils.logger2026-03-09-14.52.44 - INFO - Cur epoch 14 loss CE:1.7081 mse:0.2359 consistent:1.8932
2026-03-09 14:54:34,998 - utils.logger2026-03-09-14.52.44 - INFO - Cur epoch 14 loss CE:1.4648 mse:0.2282 consistent:1.6223
2026-03-09 14:54:35,716 - utils.logger2026-03-09-14.52.44 - INFO - Cur epoch 14 loss CE:1.3935 mse:0.2595 consistent:1.7466
2026-03-09 14:54:36,022 - utils.logger2026-03-09-14.52.44 - INFO - saving the model at the end of epoch 14, iters 392
2026-03-09 14:54:36,791 - utils.logger2026-03-09-14.52.44 - INFO - End of training epoch 14 / 40 	 Time Taken: 4 sec
2026-03-09 14:54:36,792 - utils.logger2026-03-09-14.52.44 - INFO - learning rate = 0.0002000
2026-03-09 14:54:38,759 - utils.logger2026-03-09-14.52.44 - INFO - Val result of epoch 14 / 40 mae 1.0153 corr 0.4568 f1 0.6582
2026-03-09 14:54:40,894 - utils.logger2026-03-09-14.52.44 - INFO - Tst result of epoch 14 / 40 mae 1.0489 corr 0.5480 f1 0.6873
2026-03-09 14:54:42,531 - utils.logger2026-03-09-14.52.44 - INFO - Cur epoch 15 loss CE:1.3358 mse:0.2681 consistent:1.8879
2026-03-09 14:54:43,194 - utils.logger2026-03-09-14.52.44 - INFO - Cur epoch 15 loss CE:1.2132 mse:0.2318 consistent:1.7974
2026-03-09 14:54:43,988 - utils.logger2026-03-09-14.52.44 - INFO - Cur epoch 15 loss CE:1.3136 mse:0.2070 consistent:1.6855
2026-03-09 14:54:44,117 - utils.logger2026-03-09-14.52.44 - INFO - saving the model at the end of epoch 15, iters 420
2026-03-09 14:54:44,710 - utils.logger2026-03-09-14.52.44 - INFO - End of training epoch 15 / 40 	 Time Taken: 3 sec
2026-03-09 14:54:44,711 - utils.logger2026-03-09-14.52.44 - INFO - learning rate = 0.0002000
2026-03-09 14:54:46,855 - utils.logger2026-03-09-14.52.44 - INFO - Val result of epoch 15 / 40 mae 1.0215 corr 0.4492 f1 0.6795
2026-03-09 14:54:49,148 - utils.logger2026-03-09-14.52.44 - INFO - Tst result of epoch 15 / 40 mae 1.0282 corr 0.5527 f1 0.7138
2026-03-09 14:54:51,014 - utils.logger2026-03-09-14.52.44 - INFO - Cur epoch 16 loss CE:1.1835 mse:0.2266 consistent:1.7991
2026-03-09 14:54:51,686 - utils.logger2026-03-09-14.52.44 - INFO - Cur epoch 16 loss CE:1.2187 mse:0.2376 consistent:1.7929
2026-03-09 14:54:52,372 - utils.logger2026-03-09-14.52.44 - INFO - saving the model at the end of epoch 16, iters 448
2026-03-09 14:54:53,235 - utils.logger2026-03-09-14.52.44 - INFO - End of training epoch 16 / 40 	 Time Taken: 4 sec
2026-03-09 14:54:53,236 - utils.logger2026-03-09-14.52.44 - INFO - learning rate = 0.0002000
2026-03-09 14:54:55,160 - utils.logger2026-03-09-14.52.44 - INFO - Val result of epoch 16 / 40 mae 1.0099 corr 0.4637 f1 0.6777
2026-03-09 14:54:57,214 - utils.logger2026-03-09-14.52.44 - INFO - Tst result of epoch 16 / 40 mae 1.0438 corr 0.5498 f1 0.6971
2026-03-09 14:54:58,368 - utils.logger2026-03-09-14.52.44 - INFO - Cur epoch 17 loss CE:1.1403 mse:0.2569 consistent:1.6313
2026-03-09 14:54:59,044 - utils.logger2026-03-09-14.52.44 - INFO - Cur epoch 17 loss CE:1.3599 mse:0.2131 consistent:1.5402
2026-03-09 14:54:59,723 - utils.logger2026-03-09-14.52.44 - INFO - Cur epoch 17 loss CE:1.1752 mse:0.1851 consistent:1.6371
2026-03-09 14:55:00,265 - utils.logger2026-03-09-14.52.44 - INFO - saving the model at the end of epoch 17, iters 476
2026-03-09 14:55:00,908 - utils.logger2026-03-09-14.52.44 - INFO - End of training epoch 17 / 40 	 Time Taken: 3 sec
2026-03-09 14:55:00,908 - utils.logger2026-03-09-14.52.44 - INFO - learning rate = 0.0002000
2026-03-09 14:55:03,064 - utils.logger2026-03-09-14.52.44 - INFO - Val result of epoch 17 / 40 mae 1.0278 corr 0.4537 f1 0.6862
2026-03-09 14:55:05,129 - utils.logger2026-03-09-14.52.44 - INFO - Tst result of epoch 17 / 40 mae 1.0363 corr 0.5375 f1 0.7025
2026-03-09 14:55:06,488 - utils.logger2026-03-09-14.52.44 - INFO - Cur epoch 18 loss CE:1.3370 mse:0.2614 consistent:1.6486
2026-03-09 14:55:07,218 - utils.logger2026-03-09-14.52.44 - INFO - Cur epoch 18 loss CE:0.9618 mse:0.2023 consistent:1.6100
2026-03-09 14:55:07,883 - utils.logger2026-03-09-14.52.44 - INFO - Cur epoch 18 loss CE:1.2801 mse:0.2339 consistent:1.6366
2026-03-09 14:55:08,346 - utils.logger2026-03-09-14.52.44 - INFO - saving the model at the end of epoch 18, iters 504
2026-03-09 14:55:08,962 - utils.logger2026-03-09-14.52.44 - INFO - End of training epoch 18 / 40 	 Time Taken: 3 sec
2026-03-09 14:55:08,963 - utils.logger2026-03-09-14.52.44 - INFO - learning rate = 0.0002000
2026-03-09 14:55:10,821 - utils.logger2026-03-09-14.52.44 - INFO - Val result of epoch 18 / 40 mae 1.0303 corr 0.4439 f1 0.6596
2026-03-09 14:55:12,249 - utils.logger2026-03-09-14.52.44 - INFO - Tst result of epoch 18 / 40 mae 1.0485 corr 0.5312 f1 0.6862
2026-03-09 14:55:13,125 - utils.logger2026-03-09-14.52.44 - INFO - Cur epoch 19 loss CE:1.1482 mse:0.2270 consistent:1.5229
2026-03-09 14:55:13,724 - utils.logger2026-03-09-14.52.44 - INFO - Cur epoch 19 loss CE:1.0781 mse:0.2125 consistent:1.4366
2026-03-09 14:55:14,357 - utils.logger2026-03-09-14.52.44 - INFO - Cur epoch 19 loss CE:1.3486 mse:0.2014 consistent:1.4932
2026-03-09 14:55:14,622 - utils.logger2026-03-09-14.52.44 - INFO - saving the model at the end of epoch 19, iters 532
2026-03-09 14:55:15,063 - utils.logger2026-03-09-14.52.44 - INFO - End of training epoch 19 / 40 	 Time Taken: 2 sec
2026-03-09 14:55:15,063 - utils.logger2026-03-09-14.52.44 - INFO - learning rate = 0.0002000
2026-03-09 14:55:16,984 - utils.logger2026-03-09-14.52.44 - INFO - Val result of epoch 19 / 40 mae 1.0690 corr 0.4323 f1 0.6920
2026-03-09 14:55:19,026 - utils.logger2026-03-09-14.52.44 - INFO - Tst result of epoch 19 / 40 mae 1.0595 corr 0.5145 f1 0.7089
2026-03-09 14:55:20,595 - utils.logger2026-03-09-14.52.44 - INFO - Cur epoch 20 loss CE:1.5321 mse:0.2215 consistent:1.5135
2026-03-09 14:55:21,402 - utils.logger2026-03-09-14.52.44 - INFO - Cur epoch 20 loss CE:1.0249 mse:0.2017 consistent:1.4747
2026-03-09 14:55:22,113 - utils.logger2026-03-09-14.52.44 - INFO - Cur epoch 20 loss CE:1.6574 mse:0.2231 consistent:1.6150
2026-03-09 14:55:22,265 - utils.logger2026-03-09-14.52.44 - INFO - saving the model at the end of epoch 20, iters 560
2026-03-09 14:55:22,849 - utils.logger2026-03-09-14.52.44 - INFO - End of training epoch 20 / 40 	 Time Taken: 3 sec
2026-03-09 14:55:22,850 - utils.logger2026-03-09-14.52.44 - INFO - learning rate = 0.0001905
2026-03-09 14:55:24,807 - utils.logger2026-03-09-14.52.44 - INFO - Val result of epoch 20 / 40 mae 1.0634 corr 0.3957 f1 0.6730
2026-03-09 14:55:26,747 - utils.logger2026-03-09-14.52.44 - INFO - Tst result of epoch 20 / 40 mae 1.0716 corr 0.4865 f1 0.7184
2026-03-09 14:55:28,401 - utils.logger2026-03-09-14.52.44 - INFO - Cur epoch 21 loss CE:1.2557 mse:0.2224 consistent:1.4592
2026-03-09 14:55:29,225 - utils.logger2026-03-09-14.52.44 - INFO - Cur epoch 21 loss CE:1.2081 mse:0.2082 consistent:1.4656
2026-03-09 14:55:29,927 - utils.logger2026-03-09-14.52.44 - INFO - saving the model at the end of epoch 21, iters 588
2026-03-09 14:55:30,554 - utils.logger2026-03-09-14.52.44 - INFO - End of training epoch 21 / 40 	 Time Taken: 3 sec
2026-03-09 14:55:30,554 - utils.logger2026-03-09-14.52.44 - INFO - learning rate = 0.0001810
2026-03-09 14:55:32,461 - utils.logger2026-03-09-14.52.44 - INFO - Val result of epoch 21 / 40 mae 1.0503 corr 0.4323 f1 0.7000
2026-03-09 14:55:34,427 - utils.logger2026-03-09-14.52.44 - INFO - Tst result of epoch 21 / 40 mae 1.0425 corr 0.5243 f1 0.7066
2026-03-09 14:55:35,570 - utils.logger2026-03-09-14.52.44 - INFO - Cur epoch 22 loss CE:1.2206 mse:0.2282 consistent:1.4931
2026-03-09 14:55:36,335 - utils.logger2026-03-09-14.52.44 - INFO - Cur epoch 22 loss CE:0.5967 mse:0.1764 consistent:1.4714
2026-03-09 14:55:37,063 - utils.logger2026-03-09-14.52.44 - INFO - Cur epoch 22 loss CE:1.3868 mse:0.2336 consistent:1.4112
2026-03-09 14:55:37,636 - utils.logger2026-03-09-14.52.44 - INFO - saving the model at the end of epoch 22, iters 616
2026-03-09 14:55:38,362 - utils.logger2026-03-09-14.52.44 - INFO - End of training epoch 22 / 40 	 Time Taken: 3 sec
2026-03-09 14:55:38,363 - utils.logger2026-03-09-14.52.44 - INFO - learning rate = 0.0001714
2026-03-09 14:55:40,381 - utils.logger2026-03-09-14.52.44 - INFO - Val result of epoch 22 / 40 mae 1.0566 corr 0.4097 f1 0.6938
2026-03-09 14:55:42,306 - utils.logger2026-03-09-14.52.44 - INFO - Tst result of epoch 22 / 40 mae 1.0617 corr 0.4920 f1 0.6962
2026-03-09 14:55:43,790 - utils.logger2026-03-09-14.52.44 - INFO - Cur epoch 23 loss CE:1.0907 mse:0.1881 consistent:1.4949
2026-03-09 14:55:44,485 - utils.logger2026-03-09-14.52.44 - INFO - Cur epoch 23 loss CE:0.8588 mse:0.2140 consistent:1.3113
2026-03-09 14:55:45,125 - utils.logger2026-03-09-14.52.44 - INFO - Cur epoch 23 loss CE:1.1853 mse:0.2297 consistent:1.4452
2026-03-09 14:55:45,552 - utils.logger2026-03-09-14.52.44 - INFO - saving the model at the end of epoch 23, iters 644
2026-03-09 14:55:46,415 - utils.logger2026-03-09-14.52.44 - INFO - End of training epoch 23 / 40 	 Time Taken: 4 sec
2026-03-09 14:55:46,415 - utils.logger2026-03-09-14.52.44 - INFO - learning rate = 0.0001619
2026-03-09 14:55:48,232 - utils.logger2026-03-09-14.52.44 - INFO - Val result of epoch 23 / 40 mae 1.1150 corr 0.3753 f1 0.6333
2026-03-09 14:55:50,405 - utils.logger2026-03-09-14.52.44 - INFO - Tst result of epoch 23 / 40 mae 1.1170 corr 0.4694 f1 0.6652
2026-03-09 14:55:51,818 - utils.logger2026-03-09-14.52.44 - INFO - Cur epoch 24 loss CE:0.6617 mse:0.1883 consistent:1.3203
2026-03-09 14:55:52,527 - utils.logger2026-03-09-14.52.44 - INFO - Cur epoch 24 loss CE:0.8859 mse:0.2115 consistent:1.5071
2026-03-09 14:55:53,395 - utils.logger2026-03-09-14.52.44 - INFO - Cur epoch 24 loss CE:1.0420 mse:0.2094 consistent:1.4725
2026-03-09 14:55:53,727 - utils.logger2026-03-09-14.52.44 - INFO - saving the model at the end of epoch 24, iters 672
2026-03-09 14:55:54,500 - utils.logger2026-03-09-14.52.44 - INFO - End of training epoch 24 / 40 	 Time Taken: 4 sec
2026-03-09 14:55:54,500 - utils.logger2026-03-09-14.52.44 - INFO - learning rate = 0.0001524
2026-03-09 14:55:56,818 - utils.logger2026-03-09-14.52.44 - INFO - Val result of epoch 24 / 40 mae 1.0713 corr 0.3942 f1 0.6784
2026-03-09 14:55:58,881 - utils.logger2026-03-09-14.52.44 - INFO - Tst result of epoch 24 / 40 mae 1.0523 corr 0.4982 f1 0.7016
2026-03-09 14:56:00,559 - utils.logger2026-03-09-14.52.44 - INFO - Cur epoch 25 loss CE:0.7392 mse:0.2047 consistent:1.4311
2026-03-09 14:56:01,287 - utils.logger2026-03-09-14.52.44 - INFO - Cur epoch 25 loss CE:0.9410 mse:0.2232 consistent:1.3463
2026-03-09 14:56:01,995 - utils.logger2026-03-09-14.52.44 - INFO - Cur epoch 25 loss CE:0.5529 mse:0.1598 consistent:1.1431
2026-03-09 14:56:02,173 - utils.logger2026-03-09-14.52.44 - INFO - saving the model at the end of epoch 25, iters 700
2026-03-09 14:56:02,785 - utils.logger2026-03-09-14.52.44 - INFO - End of training epoch 25 / 40 	 Time Taken: 3 sec
2026-03-09 14:56:02,786 - utils.logger2026-03-09-14.52.44 - INFO - learning rate = 0.0001429
2026-03-09 14:56:04,826 - utils.logger2026-03-09-14.52.44 - INFO - Val result of epoch 25 / 40 mae 1.1132 corr 0.3819 f1 0.6504
2026-03-09 14:56:06,960 - utils.logger2026-03-09-14.52.44 - INFO - Tst result of epoch 25 / 40 mae 1.1010 corr 0.4757 f1 0.6893
2026-03-09 14:56:08,705 - utils.logger2026-03-09-14.52.44 - INFO - Cur epoch 26 loss CE:0.7109 mse:0.1749 consistent:1.2657
2026-03-09 14:56:09,454 - utils.logger2026-03-09-14.52.44 - INFO - Cur epoch 26 loss CE:0.9185 mse:0.2124 consistent:1.3399
2026-03-09 14:56:10,149 - utils.logger2026-03-09-14.52.44 - INFO - saving the model at the end of epoch 26, iters 728
2026-03-09 14:56:10,839 - utils.logger2026-03-09-14.52.44 - INFO - End of training epoch 26 / 40 	 Time Taken: 3 sec
2026-03-09 14:56:10,839 - utils.logger2026-03-09-14.52.44 - INFO - learning rate = 0.0001333
2026-03-09 14:56:12,882 - utils.logger2026-03-09-14.52.44 - INFO - Val result of epoch 26 / 40 mae 1.1016 corr 0.3960 f1 0.6428
2026-03-09 14:56:15,004 - utils.logger2026-03-09-14.52.44 - INFO - Tst result of epoch 26 / 40 mae 1.0931 corr 0.4958 f1 0.6835
2026-03-09 14:56:16,241 - utils.logger2026-03-09-14.52.44 - INFO - Cur epoch 27 loss CE:0.7443 mse:0.1550 consistent:1.1208
2026-03-09 14:56:17,040 - utils.logger2026-03-09-14.52.44 - INFO - Cur epoch 27 loss CE:0.8578 mse:0.2037 consistent:1.2641
2026-03-09 14:56:17,751 - utils.logger2026-03-09-14.52.44 - INFO - Cur epoch 27 loss CE:0.8304 mse:0.2084 consistent:1.3018
2026-03-09 14:56:18,371 - utils.logger2026-03-09-14.52.44 - INFO - saving the model at the end of epoch 27, iters 756
2026-03-09 14:56:19,162 - utils.logger2026-03-09-14.52.44 - INFO - End of training epoch 27 / 40 	 Time Taken: 4 sec
2026-03-09 14:56:19,163 - utils.logger2026-03-09-14.52.44 - INFO - learning rate = 0.0001238
2026-03-09 14:56:21,217 - utils.logger2026-03-09-14.52.44 - INFO - Val result of epoch 27 / 40 mae 1.0596 corr 0.4055 f1 0.6759
2026-03-09 14:56:23,145 - utils.logger2026-03-09-14.52.44 - INFO - Tst result of epoch 27 / 40 mae 1.0485 corr 0.5047 f1 0.6902
2026-03-09 14:56:24,462 - utils.logger2026-03-09-14.52.44 - INFO - Cur epoch 28 loss CE:0.7175 mse:0.1853 consistent:1.2958
2026-03-09 14:56:25,118 - utils.logger2026-03-09-14.52.44 - INFO - Cur epoch 28 loss CE:1.2892 mse:0.2171 consistent:1.2672
2026-03-09 14:56:25,701 - utils.logger2026-03-09-14.52.44 - INFO - Cur epoch 28 loss CE:0.9813 mse:0.1748 consistent:1.1456
2026-03-09 14:56:26,025 - utils.logger2026-03-09-14.52.44 - INFO - saving the model at the end of epoch 28, iters 784
2026-03-09 14:56:26,566 - utils.logger2026-03-09-14.52.44 - INFO - End of training epoch 28 / 40 	 Time Taken: 3 sec
2026-03-09 14:56:26,567 - utils.logger2026-03-09-14.52.44 - INFO - learning rate = 0.0001143
2026-03-09 14:56:27,934 - utils.logger2026-03-09-14.52.44 - INFO - Val result of epoch 28 / 40 mae 1.0616 corr 0.4059 f1 0.6582
2026-03-09 14:56:29,805 - utils.logger2026-03-09-14.52.44 - INFO - Tst result of epoch 28 / 40 mae 1.0545 corr 0.5014 f1 0.6747
2026-03-09 14:56:31,279 - utils.logger2026-03-09-14.52.44 - INFO - Cur epoch 29 loss CE:0.9200 mse:0.1964 consistent:1.2714
2026-03-09 14:56:31,895 - utils.logger2026-03-09-14.52.44 - INFO - Cur epoch 29 loss CE:0.6278 mse:0.1632 consistent:1.1864
2026-03-09 14:56:32,579 - utils.logger2026-03-09-14.52.44 - INFO - Cur epoch 29 loss CE:0.4481 mse:0.2077 consistent:1.2581
2026-03-09 14:56:32,849 - utils.logger2026-03-09-14.52.44 - INFO - saving the model at the end of epoch 29, iters 812
2026-03-09 14:56:33,543 - utils.logger2026-03-09-14.52.44 - INFO - End of training epoch 29 / 40 	 Time Taken: 3 sec
2026-03-09 14:56:33,543 - utils.logger2026-03-09-14.52.44 - INFO - learning rate = 0.0001048
2026-03-09 14:56:35,444 - utils.logger2026-03-09-14.52.44 - INFO - Val result of epoch 29 / 40 mae 1.0763 corr 0.3911 f1 0.6581
2026-03-09 14:56:37,460 - utils.logger2026-03-09-14.52.44 - INFO - Tst result of epoch 29 / 40 mae 1.0576 corr 0.4877 f1 0.6750
2026-03-09 14:56:39,104 - utils.logger2026-03-09-14.52.44 - INFO - Cur epoch 30 loss CE:0.4374 mse:0.1768 consistent:1.2506
2026-03-09 14:56:39,829 - utils.logger2026-03-09-14.52.44 - INFO - Cur epoch 30 loss CE:0.6896 mse:0.1515 consistent:1.0771
2026-03-09 14:56:40,491 - utils.logger2026-03-09-14.52.44 - INFO - Cur epoch 30 loss CE:0.4498 mse:0.1649 consistent:1.1066
2026-03-09 14:56:40,643 - utils.logger2026-03-09-14.52.44 - INFO - saving the model at the end of epoch 30, iters 840
2026-03-09 14:56:41,283 - utils.logger2026-03-09-14.52.44 - INFO - End of training epoch 30 / 40 	 Time Taken: 3 sec
2026-03-09 14:56:41,283 - utils.logger2026-03-09-14.52.44 - INFO - learning rate = 0.0000952
2026-03-09 14:56:43,202 - utils.logger2026-03-09-14.52.44 - INFO - Val result of epoch 30 / 40 mae 1.0767 corr 0.3935 f1 0.6772
2026-03-09 14:56:45,168 - utils.logger2026-03-09-14.52.44 - INFO - Tst result of epoch 30 / 40 mae 1.0511 corr 0.4946 f1 0.6928
2026-03-09 14:56:46,874 - utils.logger2026-03-09-14.52.44 - INFO - Cur epoch 31 loss CE:0.8807 mse:0.1884 consistent:1.1636
2026-03-09 14:56:47,727 - utils.logger2026-03-09-14.52.44 - INFO - Cur epoch 31 loss CE:0.7727 mse:0.2021 consistent:1.2273
2026-03-09 14:56:48,451 - utils.logger2026-03-09-14.52.44 - INFO - saving the model at the end of epoch 31, iters 868
2026-03-09 14:56:49,019 - utils.logger2026-03-09-14.52.44 - INFO - End of training epoch 31 / 40 	 Time Taken: 3 sec
2026-03-09 14:56:49,020 - utils.logger2026-03-09-14.52.44 - INFO - learning rate = 0.0000857
2026-03-09 14:56:51,265 - utils.logger2026-03-09-14.52.44 - INFO - Val result of epoch 31 / 40 mae 1.0816 corr 0.3949 f1 0.6779
2026-03-09 14:56:53,267 - utils.logger2026-03-09-14.52.44 - INFO - Tst result of epoch 31 / 40 mae 1.0424 corr 0.5026 f1 0.6907
2026-03-09 14:56:54,463 - utils.logger2026-03-09-14.52.44 - INFO - Cur epoch 32 loss CE:0.5237 mse:0.1912 consistent:1.2244
2026-03-09 14:56:55,162 - utils.logger2026-03-09-14.52.44 - INFO - Cur epoch 32 loss CE:0.9520 mse:0.2549 consistent:1.1635
2026-03-09 14:56:55,802 - utils.logger2026-03-09-14.52.44 - INFO - Cur epoch 32 loss CE:0.7779 mse:0.1634 consistent:1.1400
2026-03-09 14:56:56,373 - utils.logger2026-03-09-14.52.44 - INFO - saving the model at the end of epoch 32, iters 896
2026-03-09 14:56:56,961 - utils.logger2026-03-09-14.52.44 - INFO - End of training epoch 32 / 40 	 Time Taken: 3 sec
2026-03-09 14:56:56,961 - utils.logger2026-03-09-14.52.44 - INFO - learning rate = 0.0000762
2026-03-09 14:56:58,893 - utils.logger2026-03-09-14.52.44 - INFO - Val result of epoch 32 / 40 mae 1.0667 corr 0.4004 f1 0.6784
2026-03-09 14:57:00,845 - utils.logger2026-03-09-14.52.44 - INFO - Tst result of epoch 32 / 40 mae 1.0419 corr 0.5023 f1 0.6948
2026-03-09 14:57:02,185 - utils.logger2026-03-09-14.52.44 - INFO - Cur epoch 33 loss CE:0.4180 mse:0.1578 consistent:1.0874
2026-03-09 14:57:02,877 - utils.logger2026-03-09-14.52.44 - INFO - Cur epoch 33 loss CE:0.4557 mse:0.1897 consistent:1.1842
2026-03-09 14:57:03,560 - utils.logger2026-03-09-14.52.44 - INFO - Cur epoch 33 loss CE:0.8183 mse:0.1692 consistent:1.1471
2026-03-09 14:57:04,018 - utils.logger2026-03-09-14.52.44 - INFO - saving the model at the end of epoch 33, iters 924
2026-03-09 14:57:04,499 - utils.logger2026-03-09-14.52.44 - INFO - End of training epoch 33 / 40 	 Time Taken: 3 sec
2026-03-09 14:57:04,499 - utils.logger2026-03-09-14.52.44 - INFO - learning rate = 0.0000667
2026-03-09 14:57:06,387 - utils.logger2026-03-09-14.52.44 - INFO - Val result of epoch 33 / 40 mae 1.0658 corr 0.4050 f1 0.6797
2026-03-09 14:57:08,621 - utils.logger2026-03-09-14.52.44 - INFO - Tst result of epoch 33 / 40 mae 1.0437 corr 0.5010 f1 0.6935
2026-03-09 14:57:10,065 - utils.logger2026-03-09-14.52.44 - INFO - Cur epoch 34 loss CE:0.5592 mse:0.1629 consistent:1.1412
2026-03-09 14:57:10,718 - utils.logger2026-03-09-14.52.44 - INFO - Cur epoch 34 loss CE:0.7989 mse:0.1974 consistent:1.2266
2026-03-09 14:57:11,424 - utils.logger2026-03-09-14.52.44 - INFO - Cur epoch 34 loss CE:0.6282 mse:0.2135 consistent:1.1081
2026-03-09 14:57:11,722 - utils.logger2026-03-09-14.52.44 - INFO - saving the model at the end of epoch 34, iters 952
2026-03-09 14:57:12,242 - utils.logger2026-03-09-14.52.44 - INFO - End of training epoch 34 / 40 	 Time Taken: 3 sec
2026-03-09 14:57:12,242 - utils.logger2026-03-09-14.52.44 - INFO - learning rate = 0.0000571
2026-03-09 14:57:14,235 - utils.logger2026-03-09-14.52.44 - INFO - Val result of epoch 34 / 40 mae 1.0851 corr 0.3932 f1 0.6636
2026-03-09 14:57:16,339 - utils.logger2026-03-09-14.52.44 - INFO - Tst result of epoch 34 / 40 mae 1.0610 corr 0.4892 f1 0.6901
2026-03-09 14:57:18,071 - utils.logger2026-03-09-14.52.44 - INFO - Cur epoch 35 loss CE:0.3814 mse:0.1625 consistent:1.1214
2026-03-09 14:57:18,840 - utils.logger2026-03-09-14.52.44 - INFO - Cur epoch 35 loss CE:0.5947 mse:0.1898 consistent:1.2566
2026-03-09 14:57:19,488 - utils.logger2026-03-09-14.52.44 - INFO - Cur epoch 35 loss CE:0.4010 mse:0.1527 consistent:0.8721
2026-03-09 14:57:19,689 - utils.logger2026-03-09-14.52.44 - INFO - saving the model at the end of epoch 35, iters 980
2026-03-09 14:57:20,450 - utils.logger2026-03-09-14.52.44 - INFO - End of training epoch 35 / 40 	 Time Taken: 4 sec
2026-03-09 14:57:20,450 - utils.logger2026-03-09-14.52.44 - INFO - learning rate = 0.0000476
2026-03-09 14:57:22,571 - utils.logger2026-03-09-14.52.44 - INFO - Val result of epoch 35 / 40 mae 1.0876 corr 0.3822 f1 0.6775
2026-03-09 14:57:24,614 - utils.logger2026-03-09-14.52.44 - INFO - Tst result of epoch 35 / 40 mae 1.0597 corr 0.4844 f1 0.6942
2026-03-09 14:57:26,233 - utils.logger2026-03-09-14.52.44 - INFO - Cur epoch 36 loss CE:0.6681 mse:0.1542 consistent:1.0057
2026-03-09 14:57:27,071 - utils.logger2026-03-09-14.52.44 - INFO - Cur epoch 36 loss CE:0.3728 mse:0.1931 consistent:1.2043
2026-03-09 14:57:27,720 - utils.logger2026-03-09-14.52.44 - INFO - saving the model at the end of epoch 36, iters 1008
2026-03-09 14:57:28,257 - utils.logger2026-03-09-14.52.44 - INFO - End of training epoch 36 / 40 	 Time Taken: 3 sec
2026-03-09 14:57:28,257 - utils.logger2026-03-09-14.52.44 - INFO - learning rate = 0.0000381
2026-03-09 14:57:30,329 - utils.logger2026-03-09-14.52.44 - INFO - Val result of epoch 36 / 40 mae 1.0780 corr 0.3959 f1 0.6707
2026-03-09 14:57:32,290 - utils.logger2026-03-09-14.52.44 - INFO - Tst result of epoch 36 / 40 mae 1.0644 corr 0.4894 f1 0.6903
2026-03-09 14:57:33,463 - utils.logger2026-03-09-14.52.44 - INFO - Cur epoch 37 loss CE:0.4111 mse:0.1658 consistent:1.1918
2026-03-09 14:57:34,149 - utils.logger2026-03-09-14.52.44 - INFO - Cur epoch 37 loss CE:0.4053 mse:0.2090 consistent:1.1443
2026-03-09 14:57:34,827 - utils.logger2026-03-09-14.52.44 - INFO - Cur epoch 37 loss CE:0.5268 mse:0.1788 consistent:1.0457
2026-03-09 14:57:35,568 - utils.logger2026-03-09-14.52.44 - INFO - saving the model at the end of epoch 37, iters 1036
2026-03-09 14:57:36,086 - utils.logger2026-03-09-14.52.44 - INFO - End of training epoch 37 / 40 	 Time Taken: 3 sec
2026-03-09 14:57:36,086 - utils.logger2026-03-09-14.52.44 - INFO - learning rate = 0.0000286
2026-03-09 14:57:38,090 - utils.logger2026-03-09-14.52.44 - INFO - Val result of epoch 37 / 40 mae 1.0852 corr 0.3873 f1 0.6728
2026-03-09 14:57:39,647 - utils.logger2026-03-09-14.52.44 - INFO - Tst result of epoch 37 / 40 mae 1.0624 corr 0.4821 f1 0.7031
2026-03-09 14:57:40,552 - utils.logger2026-03-09-14.52.44 - INFO - Cur epoch 38 loss CE:0.5681 mse:0.1934 consistent:1.1998
2026-03-09 14:57:41,137 - utils.logger2026-03-09-14.52.44 - INFO - Cur epoch 38 loss CE:0.4063 mse:0.1805 consistent:1.1654
2026-03-09 14:57:41,607 - utils.logger2026-03-09-14.52.44 - INFO - Cur epoch 38 loss CE:0.9161 mse:0.2068 consistent:1.1007
2026-03-09 14:57:42,056 - utils.logger2026-03-09-14.52.44 - INFO - saving the model at the end of epoch 38, iters 1064
2026-03-09 14:57:42,433 - utils.logger2026-03-09-14.52.44 - INFO - End of training epoch 38 / 40 	 Time Taken: 2 sec
2026-03-09 14:57:42,434 - utils.logger2026-03-09-14.52.44 - INFO - learning rate = 0.0000190
2026-03-09 14:57:44,436 - utils.logger2026-03-09-14.52.44 - INFO - Val result of epoch 38 / 40 mae 1.0820 corr 0.3929 f1 0.6568
2026-03-09 14:57:46,444 - utils.logger2026-03-09-14.52.44 - INFO - Tst result of epoch 38 / 40 mae 1.0663 corr 0.4875 f1 0.6845
2026-03-09 14:57:47,946 - utils.logger2026-03-09-14.52.44 - INFO - Cur epoch 39 loss CE:0.4719 mse:0.1665 consistent:1.1741
2026-03-09 14:57:48,667 - utils.logger2026-03-09-14.52.44 - INFO - Cur epoch 39 loss CE:0.7353 mse:0.2057 consistent:1.2927
2026-03-09 14:57:49,409 - utils.logger2026-03-09-14.52.44 - INFO - Cur epoch 39 loss CE:0.6355 mse:0.1608 consistent:1.0311
2026-03-09 14:57:49,728 - utils.logger2026-03-09-14.52.44 - INFO - saving the model at the end of epoch 39, iters 1092
2026-03-09 14:57:50,455 - utils.logger2026-03-09-14.52.44 - INFO - End of training epoch 39 / 40 	 Time Taken: 4 sec
2026-03-09 14:57:50,455 - utils.logger2026-03-09-14.52.44 - INFO - learning rate = 0.0000095
2026-03-09 14:57:52,496 - utils.logger2026-03-09-14.52.44 - INFO - Val result of epoch 39 / 40 mae 1.0754 corr 0.3945 f1 0.6743
2026-03-09 14:57:54,677 - utils.logger2026-03-09-14.52.44 - INFO - Tst result of epoch 39 / 40 mae 1.0577 corr 0.4888 f1 0.6896
2026-03-09 14:57:56,455 - utils.logger2026-03-09-14.52.44 - INFO - Cur epoch 40 loss CE:0.5442 mse:0.1800 consistent:1.1227
2026-03-09 14:57:57,159 - utils.logger2026-03-09-14.52.44 - INFO - Cur epoch 40 loss CE:0.5210 mse:0.1671 consistent:1.1432
2026-03-09 14:57:57,832 - utils.logger2026-03-09-14.52.44 - INFO - Cur epoch 40 loss CE:0.2814 mse:0.1547 consistent:1.2053
2026-03-09 14:57:57,977 - utils.logger2026-03-09-14.52.44 - INFO - saving the model at the end of epoch 40, iters 1120
2026-03-09 14:57:58,667 - utils.logger2026-03-09-14.52.44 - INFO - End of training epoch 40 / 40 	 Time Taken: 3 sec
2026-03-09 14:57:58,667 - utils.logger2026-03-09-14.52.44 - INFO - learning rate = 0.0000000
2026-03-09 14:58:00,695 - utils.logger2026-03-09-14.52.44 - INFO - Val result of epoch 40 / 40 mae 1.0779 corr 0.3922 f1 0.6730
2026-03-09 14:58:02,712 - utils.logger2026-03-09-14.52.44 - INFO - Tst result of epoch 40 / 40 mae 1.0608 corr 0.4872 f1 0.6879
2026-03-09 14:58:02,712 - utils.logger2026-03-09-14.52.44 - INFO - Best eval epoch 15 found with MAE 1.028238
2026-03-09 14:58:02,713 - utils.logger2026-03-09-14.52.44 - INFO - Loading best model found on val set: epoch-15
2026-03-09 14:58:07,088 - utils.logger2026-03-09-14.52.44 - INFO - Tst result mae 1.0282 corr 0.5527 f1 0.7138
