2026-03-04 21:36:58,107 - utils.logger2026-03-04-21.36.51 - INFO - The number of training samples = 1750
2026-03-04 21:36:58,108 - utils.logger2026-03-04-21.36.51 - INFO - The number of testing samples = 1344
2026-03-04 21:37:02,285 - utils.logger2026-03-04-21.36.51 - INFO - Cur epoch 1 loss CE:67.0324 mse:283.1800 consistent:166.1980
2026-03-04 21:37:03,277 - utils.logger2026-03-04-21.36.51 - INFO - Cur epoch 1 loss CE:10.4745 mse:56.2847 consistent:161.4674
2026-03-04 21:37:04,221 - utils.logger2026-03-04-21.36.51 - INFO - saving the model at the end of epoch 1, iters 28
2026-03-04 21:37:04,409 - utils.logger2026-03-04-21.36.51 - INFO - End of training epoch 1 / 40 	 Time Taken: 5 sec
2026-03-04 21:37:04,409 - utils.logger2026-03-04-21.36.51 - INFO - learning rate = 0.0002000
2026-03-04 21:37:06,833 - utils.logger2026-03-04-21.36.51 - INFO - Val result of epoch 1 / 40 mae 1.4695 corr 0.0420 f1 0.5123
2026-03-04 21:37:08,910 - utils.logger2026-03-04-21.36.51 - INFO - Tst result of epoch 1 / 40 mae 1.4701 corr 0.0710 f1 0.5211
2026-03-04 21:37:10,260 - utils.logger2026-03-04-21.36.51 - INFO - Cur epoch 2 loss CE:7.7751 mse:22.9624 consistent:140.1670
2026-03-04 21:37:11,289 - utils.logger2026-03-04-21.36.51 - INFO - Cur epoch 2 loss CE:3.5708 mse:13.1960 consistent:143.5612
2026-03-04 21:37:12,270 - utils.logger2026-03-04-21.36.51 - INFO - Cur epoch 2 loss CE:3.4512 mse:11.1334 consistent:127.3501
2026-03-04 21:37:13,051 - utils.logger2026-03-04-21.36.51 - INFO - saving the model at the end of epoch 2, iters 56
2026-03-04 21:37:13,237 - utils.logger2026-03-04-21.36.51 - INFO - End of training epoch 2 / 40 	 Time Taken: 4 sec
2026-03-04 21:37:13,238 - utils.logger2026-03-04-21.36.51 - INFO - learning rate = 0.0002000
2026-03-04 21:37:15,334 - utils.logger2026-03-04-21.36.51 - INFO - Val result of epoch 2 / 40 mae 1.3438 corr 0.1934 f1 0.5685
2026-03-04 21:37:17,428 - utils.logger2026-03-04-21.36.51 - INFO - Tst result of epoch 2 / 40 mae 1.3608 corr 0.2186 f1 0.5770
2026-03-04 21:37:19,003 - utils.logger2026-03-04-21.36.51 - INFO - Cur epoch 3 loss CE:3.3031 mse:10.6139 consistent:129.5137
2026-03-04 21:37:19,998 - utils.logger2026-03-04-21.36.51 - INFO - Cur epoch 3 loss CE:3.2061 mse:10.0659 consistent:130.8529
2026-03-04 21:37:21,053 - utils.logger2026-03-04-21.36.51 - INFO - Cur epoch 3 loss CE:2.6176 mse:8.2281 consistent:132.1378
2026-03-04 21:37:21,639 - utils.logger2026-03-04-21.36.51 - INFO - saving the model at the end of epoch 3, iters 84
2026-03-04 21:37:21,833 - utils.logger2026-03-04-21.36.51 - INFO - End of training epoch 3 / 40 	 Time Taken: 4 sec
2026-03-04 21:37:21,833 - utils.logger2026-03-04-21.36.51 - INFO - learning rate = 0.0002000
2026-03-04 21:37:23,891 - utils.logger2026-03-04-21.36.51 - INFO - Val result of epoch 3 / 40 mae 1.2834 corr 0.2864 f1 0.5873
2026-03-04 21:37:25,993 - utils.logger2026-03-04-21.36.51 - INFO - Tst result of epoch 3 / 40 mae 1.2857 corr 0.3604 f1 0.6011
2026-03-04 21:37:27,711 - utils.logger2026-03-04-21.36.51 - INFO - Cur epoch 4 loss CE:1.9120 mse:6.8361 consistent:118.4713
2026-03-04 21:37:28,750 - utils.logger2026-03-04-21.36.51 - INFO - Cur epoch 4 loss CE:2.1761 mse:5.7751 consistent:118.5040
2026-03-04 21:37:29,921 - utils.logger2026-03-04-21.36.51 - INFO - Cur epoch 4 loss CE:2.0418 mse:4.8719 consistent:122.6742
2026-03-04 21:37:30,318 - utils.logger2026-03-04-21.36.51 - INFO - saving the model at the end of epoch 4, iters 112
2026-03-04 21:37:30,540 - utils.logger2026-03-04-21.36.51 - INFO - End of training epoch 4 / 40 	 Time Taken: 4 sec
2026-03-04 21:37:30,540 - utils.logger2026-03-04-21.36.51 - INFO - learning rate = 0.0002000
2026-03-04 21:37:32,640 - utils.logger2026-03-04-21.36.51 - INFO - Val result of epoch 4 / 40 mae 1.2682 corr 0.3736 f1 0.5990
2026-03-04 21:37:34,720 - utils.logger2026-03-04-21.36.51 - INFO - Tst result of epoch 4 / 40 mae 1.2653 corr 0.4411 f1 0.6110
2026-03-04 21:37:36,706 - utils.logger2026-03-04-21.36.51 - INFO - Cur epoch 5 loss CE:1.5573 mse:4.4232 consistent:117.3047
2026-03-04 21:37:37,749 - utils.logger2026-03-04-21.36.51 - INFO - Cur epoch 5 loss CE:2.0931 mse:3.8959 consistent:121.6405
2026-03-04 21:37:38,787 - utils.logger2026-03-04-21.36.51 - INFO - Cur epoch 5 loss CE:2.5007 mse:3.4711 consistent:99.1626
2026-03-04 21:37:38,949 - utils.logger2026-03-04-21.36.51 - INFO - saving the model at the end of epoch 5, iters 140
2026-03-04 21:37:39,137 - utils.logger2026-03-04-21.36.51 - INFO - End of training epoch 5 / 40 	 Time Taken: 4 sec
2026-03-04 21:37:39,137 - utils.logger2026-03-04-21.36.51 - INFO - learning rate = 0.0002000
2026-03-04 21:37:41,256 - utils.logger2026-03-04-21.36.51 - INFO - Val result of epoch 5 / 40 mae 1.2264 corr 0.4086 f1 0.6194
2026-03-04 21:37:43,433 - utils.logger2026-03-04-21.36.51 - INFO - Tst result of epoch 5 / 40 mae 1.2387 corr 0.4423 f1 0.6143
2026-03-04 21:37:45,631 - utils.logger2026-03-04-21.36.51 - INFO - Cur epoch 6 loss CE:2.1735 mse:3.3263 consistent:110.8104
2026-03-04 21:37:46,654 - utils.logger2026-03-04-21.36.51 - INFO - Cur epoch 6 loss CE:1.8289 mse:2.8795 consistent:120.9548
2026-03-04 21:37:47,608 - utils.logger2026-03-04-21.36.51 - INFO - saving the model at the end of epoch 6, iters 168
2026-03-04 21:37:47,809 - utils.logger2026-03-04-21.36.51 - INFO - End of training epoch 6 / 40 	 Time Taken: 4 sec
2026-03-04 21:37:47,810 - utils.logger2026-03-04-21.36.51 - INFO - learning rate = 0.0002000
2026-03-04 21:37:49,888 - utils.logger2026-03-04-21.36.51 - INFO - Val result of epoch 6 / 40 mae 1.2006 corr 0.3760 f1 0.6363
2026-03-04 21:37:51,943 - utils.logger2026-03-04-21.36.51 - INFO - Tst result of epoch 6 / 40 mae 1.1906 corr 0.4230 f1 0.6391
2026-03-04 21:37:53,288 - utils.logger2026-03-04-21.36.51 - INFO - Cur epoch 7 loss CE:2.4744 mse:2.6803 consistent:118.5074
2026-03-04 21:37:54,208 - utils.logger2026-03-04-21.36.51 - INFO - Cur epoch 7 loss CE:2.0856 mse:2.6384 consistent:120.1595
2026-03-04 21:37:55,143 - utils.logger2026-03-04-21.36.51 - INFO - Cur epoch 7 loss CE:2.9658 mse:2.5143 consistent:113.2631
2026-03-04 21:37:55,877 - utils.logger2026-03-04-21.36.51 - INFO - saving the model at the end of epoch 7, iters 196
2026-03-04 21:37:56,066 - utils.logger2026-03-04-21.36.51 - INFO - End of training epoch 7 / 40 	 Time Taken: 4 sec
2026-03-04 21:37:56,066 - utils.logger2026-03-04-21.36.51 - INFO - learning rate = 0.0002000
2026-03-04 21:37:58,189 - utils.logger2026-03-04-21.36.51 - INFO - Val result of epoch 7 / 40 mae 1.1939 corr 0.3858 f1 0.6363
2026-03-04 21:38:00,309 - utils.logger2026-03-04-21.36.51 - INFO - Tst result of epoch 7 / 40 mae 1.1851 corr 0.4318 f1 0.6407
2026-03-04 21:38:01,792 - utils.logger2026-03-04-21.36.51 - INFO - Cur epoch 8 loss CE:2.0470 mse:2.3032 consistent:118.4483
2026-03-04 21:38:02,853 - utils.logger2026-03-04-21.36.51 - INFO - Cur epoch 8 loss CE:2.0148 mse:2.5142 consistent:120.6824
2026-03-04 21:38:03,901 - utils.logger2026-03-04-21.36.51 - INFO - Cur epoch 8 loss CE:2.4384 mse:2.4889 consistent:112.6415
2026-03-04 21:38:04,495 - utils.logger2026-03-04-21.36.51 - INFO - saving the model at the end of epoch 8, iters 224
2026-03-04 21:38:04,707 - utils.logger2026-03-04-21.36.51 - INFO - End of training epoch 8 / 40 	 Time Taken: 4 sec
2026-03-04 21:38:04,707 - utils.logger2026-03-04-21.36.51 - INFO - learning rate = 0.0002000
2026-03-04 21:38:06,806 - utils.logger2026-03-04-21.36.51 - INFO - Val result of epoch 8 / 40 mae 1.1937 corr 0.3956 f1 0.6559
2026-03-04 21:38:08,957 - utils.logger2026-03-04-21.36.51 - INFO - Tst result of epoch 8 / 40 mae 1.1799 corr 0.4509 f1 0.6638
2026-03-04 21:38:10,727 - utils.logger2026-03-04-21.36.51 - INFO - Cur epoch 9 loss CE:1.9456 mse:2.4029 consistent:110.3864
2026-03-04 21:38:11,780 - utils.logger2026-03-04-21.36.51 - INFO - Cur epoch 9 loss CE:1.9557 mse:2.0704 consistent:113.2565
2026-03-04 21:38:12,846 - utils.logger2026-03-04-21.36.51 - INFO - Cur epoch 9 loss CE:1.8517 mse:2.0784 consistent:111.9530
2026-03-04 21:38:13,215 - utils.logger2026-03-04-21.36.51 - INFO - saving the model at the end of epoch 9, iters 252
2026-03-04 21:38:13,407 - utils.logger2026-03-04-21.36.51 - INFO - End of training epoch 9 / 40 	 Time Taken: 4 sec
2026-03-04 21:38:13,408 - utils.logger2026-03-04-21.36.51 - INFO - learning rate = 0.0002000
2026-03-04 21:38:15,437 - utils.logger2026-03-04-21.36.51 - INFO - Val result of epoch 9 / 40 mae 1.1954 corr 0.3985 f1 0.6725
2026-03-04 21:38:17,545 - utils.logger2026-03-04-21.36.51 - INFO - Tst result of epoch 9 / 40 mae 1.1788 corr 0.4563 f1 0.6604
2026-03-04 21:38:19,510 - utils.logger2026-03-04-21.36.51 - INFO - Cur epoch 10 loss CE:2.4417 mse:2.3345 consistent:111.6246
2026-03-04 21:38:20,589 - utils.logger2026-03-04-21.36.51 - INFO - Cur epoch 10 loss CE:1.4704 mse:2.2016 consistent:118.1851
2026-03-04 21:38:21,629 - utils.logger2026-03-04-21.36.51 - INFO - Cur epoch 10 loss CE:2.9683 mse:2.2712 consistent:113.6416
2026-03-04 21:38:21,799 - utils.logger2026-03-04-21.36.51 - INFO - saving the model at the end of epoch 10, iters 280
2026-03-04 21:38:22,010 - utils.logger2026-03-04-21.36.51 - INFO - End of training epoch 10 / 40 	 Time Taken: 4 sec
2026-03-04 21:38:22,010 - utils.logger2026-03-04-21.36.51 - INFO - learning rate = 0.0002000
2026-03-04 21:38:24,217 - utils.logger2026-03-04-21.36.51 - INFO - Val result of epoch 10 / 40 mae 1.2065 corr 0.4133 f1 0.6136
2026-03-04 21:38:26,357 - utils.logger2026-03-04-21.36.51 - INFO - Tst result of epoch 10 / 40 mae 1.1987 corr 0.4771 f1 0.6522
2026-03-04 21:38:28,545 - utils.logger2026-03-04-21.36.51 - INFO - Cur epoch 11 loss CE:1.6746 mse:1.8303 consistent:109.6228
2026-03-04 21:38:29,581 - utils.logger2026-03-04-21.36.51 - INFO - Cur epoch 11 loss CE:2.0117 mse:2.0848 consistent:122.8229
2026-03-04 21:38:30,549 - utils.logger2026-03-04-21.36.51 - INFO - saving the model at the end of epoch 11, iters 308
2026-03-04 21:38:30,739 - utils.logger2026-03-04-21.36.51 - INFO - End of training epoch 11 / 40 	 Time Taken: 4 sec
2026-03-04 21:38:30,739 - utils.logger2026-03-04-21.36.51 - INFO - learning rate = 0.0002000
2026-03-04 21:38:32,800 - utils.logger2026-03-04-21.36.51 - INFO - Val result of epoch 11 / 40 mae 1.1858 corr 0.4075 f1 0.6564
2026-03-04 21:38:34,909 - utils.logger2026-03-04-21.36.51 - INFO - Tst result of epoch 11 / 40 mae 1.1652 corr 0.4765 f1 0.6799
2026-03-04 21:38:36,259 - utils.logger2026-03-04-21.36.51 - INFO - Cur epoch 12 loss CE:1.6017 mse:1.7623 consistent:108.2979
2026-03-04 21:38:37,281 - utils.logger2026-03-04-21.36.51 - INFO - Cur epoch 12 loss CE:2.5967 mse:2.0647 consistent:120.7307
2026-03-04 21:38:38,204 - utils.logger2026-03-04-21.36.51 - INFO - Cur epoch 12 loss CE:1.5531 mse:1.8106 consistent:118.9124
2026-03-04 21:38:38,927 - utils.logger2026-03-04-21.36.51 - INFO - saving the model at the end of epoch 12, iters 336
2026-03-04 21:38:39,113 - utils.logger2026-03-04-21.36.51 - INFO - End of training epoch 12 / 40 	 Time Taken: 4 sec
2026-03-04 21:38:39,114 - utils.logger2026-03-04-21.36.51 - INFO - learning rate = 0.0002000
2026-03-04 21:38:41,194 - utils.logger2026-03-04-21.36.51 - INFO - Val result of epoch 12 / 40 mae 1.1901 corr 0.4090 f1 0.6285
2026-03-04 21:38:43,307 - utils.logger2026-03-04-21.36.51 - INFO - Tst result of epoch 12 / 40 mae 1.1749 corr 0.4695 f1 0.6416
2026-03-04 21:38:44,867 - utils.logger2026-03-04-21.36.51 - INFO - Cur epoch 13 loss CE:1.8268 mse:1.8921 consistent:109.6721
2026-03-04 21:38:45,796 - utils.logger2026-03-04-21.36.51 - INFO - Cur epoch 13 loss CE:1.6574 mse:1.8460 consistent:111.1030
2026-03-04 21:38:46,766 - utils.logger2026-03-04-21.36.51 - INFO - Cur epoch 13 loss CE:2.0164 mse:1.7632 consistent:118.4903
2026-03-04 21:38:47,329 - utils.logger2026-03-04-21.36.51 - INFO - saving the model at the end of epoch 13, iters 364
2026-03-04 21:38:47,514 - utils.logger2026-03-04-21.36.51 - INFO - End of training epoch 13 / 40 	 Time Taken: 4 sec
2026-03-04 21:38:47,514 - utils.logger2026-03-04-21.36.51 - INFO - learning rate = 0.0002000
2026-03-04 21:38:49,662 - utils.logger2026-03-04-21.36.51 - INFO - Val result of epoch 13 / 40 mae 1.2145 corr 0.3855 f1 0.6097
2026-03-04 21:38:51,740 - utils.logger2026-03-04-21.36.51 - INFO - Tst result of epoch 13 / 40 mae 1.2029 corr 0.4545 f1 0.6141
2026-03-04 21:38:53,534 - utils.logger2026-03-04-21.36.51 - INFO - Cur epoch 14 loss CE:1.2633 mse:1.6787 consistent:119.7431
2026-03-04 21:38:54,616 - utils.logger2026-03-04-21.36.51 - INFO - Cur epoch 14 loss CE:1.8028 mse:1.6804 consistent:109.2175
2026-03-04 21:38:55,671 - utils.logger2026-03-04-21.36.51 - INFO - Cur epoch 14 loss CE:1.9931 mse:1.8416 consistent:101.6254
2026-03-04 21:38:56,044 - utils.logger2026-03-04-21.36.51 - INFO - saving the model at the end of epoch 14, iters 392
2026-03-04 21:38:56,262 - utils.logger2026-03-04-21.36.51 - INFO - End of training epoch 14 / 40 	 Time Taken: 4 sec
2026-03-04 21:38:56,263 - utils.logger2026-03-04-21.36.51 - INFO - learning rate = 0.0002000
2026-03-04 21:38:58,330 - utils.logger2026-03-04-21.36.51 - INFO - Val result of epoch 14 / 40 mae 1.1850 corr 0.4057 f1 0.6529
2026-03-04 21:39:00,434 - utils.logger2026-03-04-21.36.51 - INFO - Tst result of epoch 14 / 40 mae 1.1683 corr 0.4669 f1 0.6669
2026-03-04 21:39:02,443 - utils.logger2026-03-04-21.36.51 - INFO - Cur epoch 15 loss CE:1.8447 mse:1.8246 consistent:100.8410
2026-03-04 21:39:03,555 - utils.logger2026-03-04-21.36.51 - INFO - Cur epoch 15 loss CE:1.3825 mse:1.8156 consistent:113.4903
2026-03-04 21:39:04,691 - utils.logger2026-03-04-21.36.51 - INFO - Cur epoch 15 loss CE:2.0377 mse:1.7578 consistent:112.8598
2026-03-04 21:39:04,857 - utils.logger2026-03-04-21.36.51 - INFO - saving the model at the end of epoch 15, iters 420
2026-03-04 21:39:05,105 - utils.logger2026-03-04-21.36.51 - INFO - End of training epoch 15 / 40 	 Time Taken: 4 sec
2026-03-04 21:39:05,106 - utils.logger2026-03-04-21.36.51 - INFO - learning rate = 0.0002000
2026-03-04 21:39:07,220 - utils.logger2026-03-04-21.36.51 - INFO - Val result of epoch 15 / 40 mae 1.1858 corr 0.4190 f1 0.6553
2026-03-04 21:39:09,347 - utils.logger2026-03-04-21.36.51 - INFO - Tst result of epoch 15 / 40 mae 1.1777 corr 0.4726 f1 0.6585
2026-03-04 21:39:11,517 - utils.logger2026-03-04-21.36.51 - INFO - Cur epoch 16 loss CE:1.4764 mse:1.6951 consistent:110.2567
2026-03-04 21:39:12,530 - utils.logger2026-03-04-21.36.51 - INFO - Cur epoch 16 loss CE:1.3314 mse:1.7281 consistent:114.2733
2026-03-04 21:39:13,537 - utils.logger2026-03-04-21.36.51 - INFO - saving the model at the end of epoch 16, iters 448
2026-03-04 21:39:13,732 - utils.logger2026-03-04-21.36.51 - INFO - End of training epoch 16 / 40 	 Time Taken: 4 sec
2026-03-04 21:39:13,733 - utils.logger2026-03-04-21.36.51 - INFO - learning rate = 0.0002000
2026-03-04 21:39:15,829 - utils.logger2026-03-04-21.36.51 - INFO - Val result of epoch 16 / 40 mae 1.1958 corr 0.4036 f1 0.6338
2026-03-04 21:39:17,900 - utils.logger2026-03-04-21.36.51 - INFO - Tst result of epoch 16 / 40 mae 1.1808 corr 0.4700 f1 0.6390
2026-03-04 21:39:19,268 - utils.logger2026-03-04-21.36.51 - INFO - Cur epoch 17 loss CE:1.5753 mse:1.7370 consistent:107.4364
2026-03-04 21:39:20,290 - utils.logger2026-03-04-21.36.51 - INFO - Cur epoch 17 loss CE:1.5460 mse:1.6704 consistent:109.6950
2026-03-04 21:39:21,253 - utils.logger2026-03-04-21.36.51 - INFO - Cur epoch 17 loss CE:1.3582 mse:1.6269 consistent:101.5325
2026-03-04 21:39:21,991 - utils.logger2026-03-04-21.36.51 - INFO - saving the model at the end of epoch 17, iters 476
2026-03-04 21:39:22,189 - utils.logger2026-03-04-21.36.51 - INFO - End of training epoch 17 / 40 	 Time Taken: 4 sec
2026-03-04 21:39:22,189 - utils.logger2026-03-04-21.36.51 - INFO - learning rate = 0.0002000
2026-03-04 21:39:24,229 - utils.logger2026-03-04-21.36.51 - INFO - Val result of epoch 17 / 40 mae 1.2043 corr 0.3620 f1 0.6094
2026-03-04 21:39:26,297 - utils.logger2026-03-04-21.36.51 - INFO - Tst result of epoch 17 / 40 mae 1.1758 corr 0.4385 f1 0.6300
2026-03-04 21:39:27,833 - utils.logger2026-03-04-21.36.51 - INFO - Cur epoch 18 loss CE:1.5914 mse:1.6648 consistent:101.7764
2026-03-04 21:39:28,765 - utils.logger2026-03-04-21.36.51 - INFO - Cur epoch 18 loss CE:1.8586 mse:1.7157 consistent:103.5478
2026-03-04 21:39:29,758 - utils.logger2026-03-04-21.36.51 - INFO - Cur epoch 18 loss CE:1.0685 mse:1.6989 consistent:113.1336
2026-03-04 21:39:30,330 - utils.logger2026-03-04-21.36.51 - INFO - saving the model at the end of epoch 18, iters 504
2026-03-04 21:39:30,538 - utils.logger2026-03-04-21.36.51 - INFO - End of training epoch 18 / 40 	 Time Taken: 4 sec
2026-03-04 21:39:30,538 - utils.logger2026-03-04-21.36.51 - INFO - learning rate = 0.0002000
2026-03-04 21:39:32,691 - utils.logger2026-03-04-21.36.51 - INFO - Val result of epoch 18 / 40 mae 1.2032 corr 0.3993 f1 0.6425
2026-03-04 21:39:34,820 - utils.logger2026-03-04-21.36.51 - INFO - Tst result of epoch 18 / 40 mae 1.1837 corr 0.4803 f1 0.6811
2026-03-04 21:39:36,551 - utils.logger2026-03-04-21.36.51 - INFO - Cur epoch 19 loss CE:1.6639 mse:1.6956 consistent:106.9930
2026-03-04 21:39:37,476 - utils.logger2026-03-04-21.36.51 - INFO - Cur epoch 19 loss CE:1.3533 mse:1.6945 consistent:110.4440
2026-03-04 21:39:38,562 - utils.logger2026-03-04-21.36.51 - INFO - Cur epoch 19 loss CE:1.5970 mse:1.6201 consistent:111.0364
2026-03-04 21:39:38,932 - utils.logger2026-03-04-21.36.51 - INFO - saving the model at the end of epoch 19, iters 532
2026-03-04 21:39:39,141 - utils.logger2026-03-04-21.36.51 - INFO - End of training epoch 19 / 40 	 Time Taken: 4 sec
2026-03-04 21:39:39,141 - utils.logger2026-03-04-21.36.51 - INFO - learning rate = 0.0002000
2026-03-04 21:39:41,253 - utils.logger2026-03-04-21.36.51 - INFO - Val result of epoch 19 / 40 mae 1.1956 corr 0.3980 f1 0.6416
2026-03-04 21:39:43,381 - utils.logger2026-03-04-21.36.51 - INFO - Tst result of epoch 19 / 40 mae 1.1853 corr 0.4647 f1 0.6677
2026-03-04 21:39:45,377 - utils.logger2026-03-04-21.36.51 - INFO - Cur epoch 20 loss CE:1.3556 mse:1.5726 consistent:109.1655
2026-03-04 21:39:46,451 - utils.logger2026-03-04-21.36.51 - INFO - Cur epoch 20 loss CE:1.4534 mse:1.5230 consistent:103.0817
2026-03-04 21:39:47,515 - utils.logger2026-03-04-21.36.51 - INFO - Cur epoch 20 loss CE:2.1895 mse:1.7771 consistent:110.8865
2026-03-04 21:39:47,682 - utils.logger2026-03-04-21.36.51 - INFO - saving the model at the end of epoch 20, iters 560
2026-03-04 21:39:47,877 - utils.logger2026-03-04-21.36.51 - INFO - End of training epoch 20 / 40 	 Time Taken: 4 sec
2026-03-04 21:39:47,877 - utils.logger2026-03-04-21.36.51 - INFO - learning rate = 0.0001905
2026-03-04 21:39:50,006 - utils.logger2026-03-04-21.36.51 - INFO - Val result of epoch 20 / 40 mae 1.2028 corr 0.4056 f1 0.6465
2026-03-04 21:39:52,106 - utils.logger2026-03-04-21.36.51 - INFO - Tst result of epoch 20 / 40 mae 1.1984 corr 0.4694 f1 0.6409
2026-03-04 21:39:54,390 - utils.logger2026-03-04-21.36.51 - INFO - Cur epoch 21 loss CE:1.8768 mse:1.7989 consistent:106.5703
2026-03-04 21:39:55,469 - utils.logger2026-03-04-21.36.51 - INFO - Cur epoch 21 loss CE:1.5082 mse:1.6611 consistent:107.7341
2026-03-04 21:39:56,516 - utils.logger2026-03-04-21.36.51 - INFO - saving the model at the end of epoch 21, iters 588
2026-03-04 21:39:56,725 - utils.logger2026-03-04-21.36.51 - INFO - End of training epoch 21 / 40 	 Time Taken: 4 sec
2026-03-04 21:39:56,726 - utils.logger2026-03-04-21.36.51 - INFO - learning rate = 0.0001810
2026-03-04 21:39:58,791 - utils.logger2026-03-04-21.36.51 - INFO - Val result of epoch 21 / 40 mae 1.1837 corr 0.4089 f1 0.6683
2026-03-04 21:40:00,900 - utils.logger2026-03-04-21.36.51 - INFO - Tst result of epoch 21 / 40 mae 1.1681 corr 0.4645 f1 0.6827
2026-03-04 21:40:02,275 - utils.logger2026-03-04-21.36.51 - INFO - Cur epoch 22 loss CE:1.5510 mse:1.5919 consistent:105.4556
2026-03-04 21:40:03,351 - utils.logger2026-03-04-21.36.51 - INFO - Cur epoch 22 loss CE:1.3595 mse:1.5555 consistent:104.9436
2026-03-04 21:40:04,371 - utils.logger2026-03-04-21.36.51 - INFO - Cur epoch 22 loss CE:1.4399 mse:1.6272 consistent:111.8901
2026-03-04 21:40:05,120 - utils.logger2026-03-04-21.36.51 - INFO - saving the model at the end of epoch 22, iters 616
2026-03-04 21:40:05,315 - utils.logger2026-03-04-21.36.51 - INFO - End of training epoch 22 / 40 	 Time Taken: 4 sec
2026-03-04 21:40:05,316 - utils.logger2026-03-04-21.36.51 - INFO - learning rate = 0.0001714
2026-03-04 21:40:07,512 - utils.logger2026-03-04-21.36.51 - INFO - Val result of epoch 22 / 40 mae 1.1925 corr 0.3973 f1 0.6465
2026-03-04 21:40:09,632 - utils.logger2026-03-04-21.36.51 - INFO - Tst result of epoch 22 / 40 mae 1.1756 corr 0.4515 f1 0.6534
2026-03-04 21:40:11,178 - utils.logger2026-03-04-21.36.51 - INFO - Cur epoch 23 loss CE:1.5579 mse:1.4857 consistent:105.9281
2026-03-04 21:40:12,162 - utils.logger2026-03-04-21.36.51 - INFO - Cur epoch 23 loss CE:1.2718 mse:1.5773 consistent:107.8573
2026-03-04 21:40:13,209 - utils.logger2026-03-04-21.36.51 - INFO - Cur epoch 23 loss CE:1.3473 mse:1.6119 consistent:101.2486
2026-03-04 21:40:13,804 - utils.logger2026-03-04-21.36.51 - INFO - saving the model at the end of epoch 23, iters 644
2026-03-04 21:40:14,004 - utils.logger2026-03-04-21.36.51 - INFO - End of training epoch 23 / 40 	 Time Taken: 4 sec
2026-03-04 21:40:14,004 - utils.logger2026-03-04-21.36.51 - INFO - learning rate = 0.0001619
2026-03-04 21:40:16,102 - utils.logger2026-03-04-21.36.51 - INFO - Val result of epoch 23 / 40 mae 1.1807 corr 0.4130 f1 0.6811
2026-03-04 21:40:18,248 - utils.logger2026-03-04-21.36.51 - INFO - Tst result of epoch 23 / 40 mae 1.1570 corr 0.4713 f1 0.6865
2026-03-04 21:40:20,046 - utils.logger2026-03-04-21.36.51 - INFO - Cur epoch 24 loss CE:1.3650 mse:1.6585 consistent:106.6026
2026-03-04 21:40:21,156 - utils.logger2026-03-04-21.36.51 - INFO - Cur epoch 24 loss CE:1.4111 mse:1.5716 consistent:105.7079
2026-03-04 21:40:22,192 - utils.logger2026-03-04-21.36.51 - INFO - Cur epoch 24 loss CE:1.2466 mse:1.4913 consistent:105.7789
2026-03-04 21:40:22,578 - utils.logger2026-03-04-21.36.51 - INFO - saving the model at the end of epoch 24, iters 672
2026-03-04 21:40:22,793 - utils.logger2026-03-04-21.36.51 - INFO - End of training epoch 24 / 40 	 Time Taken: 4 sec
2026-03-04 21:40:22,794 - utils.logger2026-03-04-21.36.51 - INFO - learning rate = 0.0001524
2026-03-04 21:40:24,989 - utils.logger2026-03-04-21.36.51 - INFO - Val result of epoch 24 / 40 mae 1.1898 corr 0.3982 f1 0.6504
2026-03-04 21:40:27,143 - utils.logger2026-03-04-21.36.51 - INFO - Tst result of epoch 24 / 40 mae 1.1732 corr 0.4691 f1 0.6585
2026-03-04 21:40:29,146 - utils.logger2026-03-04-21.36.51 - INFO - Cur epoch 25 loss CE:1.2160 mse:1.5386 consistent:103.8097
2026-03-04 21:40:30,252 - utils.logger2026-03-04-21.36.51 - INFO - Cur epoch 25 loss CE:0.9523 mse:1.4557 consistent:103.9865
2026-03-04 21:40:31,301 - utils.logger2026-03-04-21.36.51 - INFO - Cur epoch 25 loss CE:0.5961 mse:1.3694 consistent:96.4613
2026-03-04 21:40:31,471 - utils.logger2026-03-04-21.36.51 - INFO - saving the model at the end of epoch 25, iters 700
2026-03-04 21:40:31,658 - utils.logger2026-03-04-21.36.51 - INFO - End of training epoch 25 / 40 	 Time Taken: 4 sec
2026-03-04 21:40:31,658 - utils.logger2026-03-04-21.36.51 - INFO - learning rate = 0.0001429
2026-03-04 21:40:33,742 - utils.logger2026-03-04-21.36.51 - INFO - Val result of epoch 25 / 40 mae 1.2075 corr 0.4020 f1 0.6358
2026-03-04 21:40:35,831 - utils.logger2026-03-04-21.36.51 - INFO - Tst result of epoch 25 / 40 mae 1.2078 corr 0.4608 f1 0.6557
2026-03-04 21:40:38,020 - utils.logger2026-03-04-21.36.51 - INFO - Cur epoch 26 loss CE:1.3537 mse:1.5447 consistent:110.3772
2026-03-04 21:40:39,027 - utils.logger2026-03-04-21.36.51 - INFO - Cur epoch 26 loss CE:1.4586 mse:1.4809 consistent:104.8565
2026-03-04 21:40:39,947 - utils.logger2026-03-04-21.36.51 - INFO - saving the model at the end of epoch 26, iters 728
2026-03-04 21:40:40,138 - utils.logger2026-03-04-21.36.51 - INFO - End of training epoch 26 / 40 	 Time Taken: 4 sec
2026-03-04 21:40:40,139 - utils.logger2026-03-04-21.36.51 - INFO - learning rate = 0.0001333
2026-03-04 21:40:42,237 - utils.logger2026-03-04-21.36.51 - INFO - Val result of epoch 26 / 40 mae 1.1864 corr 0.4128 f1 0.6652
2026-03-04 21:40:44,291 - utils.logger2026-03-04-21.36.51 - INFO - Tst result of epoch 26 / 40 mae 1.1747 corr 0.4683 f1 0.6612
2026-03-04 21:40:45,603 - utils.logger2026-03-04-21.36.51 - INFO - Cur epoch 27 loss CE:1.5706 mse:1.5937 consistent:107.7783
2026-03-04 21:40:46,559 - utils.logger2026-03-04-21.36.51 - INFO - Cur epoch 27 loss CE:1.1915 mse:1.5535 consistent:104.5825
2026-03-04 21:40:47,566 - utils.logger2026-03-04-21.36.51 - INFO - Cur epoch 27 loss CE:1.1547 mse:1.5208 consistent:114.1419
2026-03-04 21:40:48,288 - utils.logger2026-03-04-21.36.51 - INFO - saving the model at the end of epoch 27, iters 756
2026-03-04 21:40:48,476 - utils.logger2026-03-04-21.36.51 - INFO - End of training epoch 27 / 40 	 Time Taken: 4 sec
2026-03-04 21:40:48,477 - utils.logger2026-03-04-21.36.51 - INFO - learning rate = 0.0001238
2026-03-04 21:40:50,504 - utils.logger2026-03-04-21.36.51 - INFO - Val result of epoch 27 / 40 mae 1.1927 corr 0.3911 f1 0.6325
2026-03-04 21:40:52,615 - utils.logger2026-03-04-21.36.51 - INFO - Tst result of epoch 27 / 40 mae 1.1743 corr 0.4565 f1 0.6354
2026-03-04 21:40:54,136 - utils.logger2026-03-04-21.36.51 - INFO - Cur epoch 28 loss CE:1.4514 mse:1.6061 consistent:103.9784
2026-03-04 21:40:55,077 - utils.logger2026-03-04-21.36.51 - INFO - Cur epoch 28 loss CE:1.0567 mse:1.5671 consistent:99.6141
2026-03-04 21:40:56,086 - utils.logger2026-03-04-21.36.51 - INFO - Cur epoch 28 loss CE:1.1554 mse:1.5028 consistent:109.3344
2026-03-04 21:40:56,674 - utils.logger2026-03-04-21.36.51 - INFO - saving the model at the end of epoch 28, iters 784
2026-03-04 21:40:56,873 - utils.logger2026-03-04-21.36.51 - INFO - End of training epoch 28 / 40 	 Time Taken: 4 sec
2026-03-04 21:40:56,873 - utils.logger2026-03-04-21.36.51 - INFO - learning rate = 0.0001143
2026-03-04 21:40:58,919 - utils.logger2026-03-04-21.36.51 - INFO - Val result of epoch 28 / 40 mae 1.2017 corr 0.3973 f1 0.6464
2026-03-04 21:41:01,021 - utils.logger2026-03-04-21.36.51 - INFO - Tst result of epoch 28 / 40 mae 1.1943 corr 0.4580 f1 0.6474
2026-03-04 21:41:02,811 - utils.logger2026-03-04-21.36.51 - INFO - Cur epoch 29 loss CE:1.2092 mse:1.6232 consistent:102.6346
2026-03-04 21:41:03,949 - utils.logger2026-03-04-21.36.51 - INFO - Cur epoch 29 loss CE:1.3079 mse:1.5356 consistent:113.4683
2026-03-04 21:41:05,028 - utils.logger2026-03-04-21.36.51 - INFO - Cur epoch 29 loss CE:1.6968 mse:1.6147 consistent:98.2964
2026-03-04 21:41:05,409 - utils.logger2026-03-04-21.36.51 - INFO - saving the model at the end of epoch 29, iters 812
2026-03-04 21:41:05,633 - utils.logger2026-03-04-21.36.51 - INFO - End of training epoch 29 / 40 	 Time Taken: 4 sec
2026-03-04 21:41:05,633 - utils.logger2026-03-04-21.36.51 - INFO - learning rate = 0.0001048
2026-03-04 21:41:07,726 - utils.logger2026-03-04-21.36.51 - INFO - Val result of epoch 29 / 40 mae 1.2031 corr 0.3973 f1 0.6296
2026-03-04 21:41:09,848 - utils.logger2026-03-04-21.36.51 - INFO - Tst result of epoch 29 / 40 mae 1.1921 corr 0.4631 f1 0.6475
2026-03-04 21:41:11,879 - utils.logger2026-03-04-21.36.51 - INFO - Cur epoch 30 loss CE:1.0167 mse:1.4555 consistent:101.3087
2026-03-04 21:41:13,016 - utils.logger2026-03-04-21.36.51 - INFO - Cur epoch 30 loss CE:0.9538 mse:1.5373 consistent:94.5041
2026-03-04 21:41:14,105 - utils.logger2026-03-04-21.36.51 - INFO - Cur epoch 30 loss CE:1.3612 mse:1.3044 consistent:92.0307
2026-03-04 21:41:14,279 - utils.logger2026-03-04-21.36.51 - INFO - saving the model at the end of epoch 30, iters 840
2026-03-04 21:41:14,506 - utils.logger2026-03-04-21.36.51 - INFO - End of training epoch 30 / 40 	 Time Taken: 4 sec
2026-03-04 21:41:14,507 - utils.logger2026-03-04-21.36.51 - INFO - learning rate = 0.0000952
2026-03-04 21:41:16,635 - utils.logger2026-03-04-21.36.51 - INFO - Val result of epoch 30 / 40 mae 1.2045 corr 0.4015 f1 0.6373
2026-03-04 21:41:18,771 - utils.logger2026-03-04-21.36.51 - INFO - Tst result of epoch 30 / 40 mae 1.1971 corr 0.4629 f1 0.6307
2026-03-04 21:41:20,877 - utils.logger2026-03-04-21.36.51 - INFO - Cur epoch 31 loss CE:1.0705 mse:1.5092 consistent:110.9415
2026-03-04 21:41:21,870 - utils.logger2026-03-04-21.36.51 - INFO - Cur epoch 31 loss CE:1.2139 mse:1.4102 consistent:95.1192
2026-03-04 21:41:22,876 - utils.logger2026-03-04-21.36.51 - INFO - saving the model at the end of epoch 31, iters 868
2026-03-04 21:41:23,065 - utils.logger2026-03-04-21.36.51 - INFO - End of training epoch 31 / 40 	 Time Taken: 4 sec
2026-03-04 21:41:23,065 - utils.logger2026-03-04-21.36.51 - INFO - learning rate = 0.0000857
2026-03-04 21:41:25,124 - utils.logger2026-03-04-21.36.51 - INFO - Val result of epoch 31 / 40 mae 1.1997 corr 0.3891 f1 0.6432
2026-03-04 21:41:27,242 - utils.logger2026-03-04-21.36.51 - INFO - Tst result of epoch 31 / 40 mae 1.1819 corr 0.4603 f1 0.6466
2026-03-04 21:41:28,627 - utils.logger2026-03-04-21.36.51 - INFO - Cur epoch 32 loss CE:1.3756 mse:1.5974 consistent:103.8287
2026-03-04 21:41:29,764 - utils.logger2026-03-04-21.36.51 - INFO - Cur epoch 32 loss CE:1.4122 mse:1.6218 consistent:109.1285
2026-03-04 21:41:30,798 - utils.logger2026-03-04-21.36.51 - INFO - Cur epoch 32 loss CE:1.1623 mse:1.3541 consistent:101.3719
2026-03-04 21:41:31,588 - utils.logger2026-03-04-21.36.51 - INFO - saving the model at the end of epoch 32, iters 896
2026-03-04 21:41:31,786 - utils.logger2026-03-04-21.36.51 - INFO - End of training epoch 32 / 40 	 Time Taken: 4 sec
2026-03-04 21:41:31,786 - utils.logger2026-03-04-21.36.51 - INFO - learning rate = 0.0000762
2026-03-04 21:41:33,908 - utils.logger2026-03-04-21.36.51 - INFO - Val result of epoch 32 / 40 mae 1.2026 corr 0.3825 f1 0.6254
2026-03-04 21:41:35,952 - utils.logger2026-03-04-21.36.51 - INFO - Tst result of epoch 32 / 40 mae 1.1819 corr 0.4533 f1 0.6399
2026-03-04 21:41:37,509 - utils.logger2026-03-04-21.36.51 - INFO - Cur epoch 33 loss CE:1.0454 mse:1.5164 consistent:98.1940
2026-03-04 21:41:38,515 - utils.logger2026-03-04-21.36.51 - INFO - Cur epoch 33 loss CE:0.9902 mse:1.4710 consistent:103.5157
2026-03-04 21:41:39,441 - utils.logger2026-03-04-21.36.51 - INFO - Cur epoch 33 loss CE:1.2160 mse:1.5358 consistent:100.9700
2026-03-04 21:41:39,970 - utils.logger2026-03-04-21.36.51 - INFO - saving the model at the end of epoch 33, iters 924
2026-03-04 21:41:40,169 - utils.logger2026-03-04-21.36.51 - INFO - End of training epoch 33 / 40 	 Time Taken: 4 sec
2026-03-04 21:41:40,169 - utils.logger2026-03-04-21.36.51 - INFO - learning rate = 0.0000667
2026-03-04 21:41:42,225 - utils.logger2026-03-04-21.36.51 - INFO - Val result of epoch 33 / 40 mae 1.1883 corr 0.3869 f1 0.6506
2026-03-04 21:41:44,293 - utils.logger2026-03-04-21.36.51 - INFO - Tst result of epoch 33 / 40 mae 1.1579 corr 0.4600 f1 0.6601
2026-03-04 21:41:46,040 - utils.logger2026-03-04-21.36.51 - INFO - Cur epoch 34 loss CE:0.9835 mse:1.5146 consistent:115.8428
2026-03-04 21:41:46,981 - utils.logger2026-03-04-21.36.51 - INFO - Cur epoch 34 loss CE:1.3158 mse:1.4337 consistent:100.8133
2026-03-04 21:41:47,939 - utils.logger2026-03-04-21.36.51 - INFO - Cur epoch 34 loss CE:1.5910 mse:1.6401 consistent:107.6246
2026-03-04 21:41:48,312 - utils.logger2026-03-04-21.36.51 - INFO - saving the model at the end of epoch 34, iters 952
2026-03-04 21:41:48,541 - utils.logger2026-03-04-21.36.51 - INFO - End of training epoch 34 / 40 	 Time Taken: 4 sec
2026-03-04 21:41:48,541 - utils.logger2026-03-04-21.36.51 - INFO - learning rate = 0.0000571
2026-03-04 21:41:50,630 - utils.logger2026-03-04-21.36.51 - INFO - Val result of epoch 34 / 40 mae 1.2219 corr 0.3836 f1 0.6266
2026-03-04 21:41:52,735 - utils.logger2026-03-04-21.36.51 - INFO - Tst result of epoch 34 / 40 mae 1.2132 corr 0.4516 f1 0.6343
2026-03-04 21:41:54,747 - utils.logger2026-03-04-21.36.51 - INFO - Cur epoch 35 loss CE:0.7250 mse:1.3330 consistent:104.3014
2026-03-04 21:41:55,806 - utils.logger2026-03-04-21.36.51 - INFO - Cur epoch 35 loss CE:1.3024 mse:1.5177 consistent:113.1413
2026-03-04 21:41:56,933 - utils.logger2026-03-04-21.36.51 - INFO - Cur epoch 35 loss CE:0.7946 mse:1.3105 consistent:100.8802
2026-03-04 21:41:57,099 - utils.logger2026-03-04-21.36.51 - INFO - saving the model at the end of epoch 35, iters 980
2026-03-04 21:41:57,315 - utils.logger2026-03-04-21.36.51 - INFO - End of training epoch 35 / 40 	 Time Taken: 4 sec
2026-03-04 21:41:57,315 - utils.logger2026-03-04-21.36.51 - INFO - learning rate = 0.0000476
2026-03-04 21:41:59,451 - utils.logger2026-03-04-21.36.51 - INFO - Val result of epoch 35 / 40 mae 1.2002 corr 0.3708 f1 0.6340
2026-03-04 21:42:01,533 - utils.logger2026-03-04-21.36.51 - INFO - Tst result of epoch 35 / 40 mae 1.1748 corr 0.4429 f1 0.6303
2026-03-04 21:42:03,847 - utils.logger2026-03-04-21.36.51 - INFO - Cur epoch 36 loss CE:1.0481 mse:1.3868 consistent:107.4764
2026-03-04 21:42:04,884 - utils.logger2026-03-04-21.36.51 - INFO - Cur epoch 36 loss CE:1.2285 mse:1.4881 consistent:114.8318
2026-03-04 21:42:05,830 - utils.logger2026-03-04-21.36.51 - INFO - saving the model at the end of epoch 36, iters 1008
2026-03-04 21:42:06,045 - utils.logger2026-03-04-21.36.51 - INFO - End of training epoch 36 / 40 	 Time Taken: 4 sec
2026-03-04 21:42:06,045 - utils.logger2026-03-04-21.36.51 - INFO - learning rate = 0.0000381
2026-03-04 21:42:08,124 - utils.logger2026-03-04-21.36.51 - INFO - Val result of epoch 36 / 40 mae 1.1977 corr 0.3832 f1 0.6358
2026-03-04 21:42:10,268 - utils.logger2026-03-04-21.36.51 - INFO - Tst result of epoch 36 / 40 mae 1.1810 corr 0.4521 f1 0.6381
2026-03-04 21:42:11,587 - utils.logger2026-03-04-21.36.51 - INFO - Cur epoch 37 loss CE:0.9647 mse:1.3906 consistent:96.8998
2026-03-04 21:42:12,645 - utils.logger2026-03-04-21.36.51 - INFO - Cur epoch 37 loss CE:1.0641 mse:1.4323 consistent:109.8062
2026-03-04 21:42:13,722 - utils.logger2026-03-04-21.36.51 - INFO - Cur epoch 37 loss CE:0.7687 mse:1.4383 consistent:101.0218
2026-03-04 21:42:14,628 - utils.logger2026-03-04-21.36.51 - INFO - saving the model at the end of epoch 37, iters 1036
2026-03-04 21:42:14,847 - utils.logger2026-03-04-21.36.51 - INFO - End of training epoch 37 / 40 	 Time Taken: 4 sec
2026-03-04 21:42:14,847 - utils.logger2026-03-04-21.36.51 - INFO - learning rate = 0.0000286
2026-03-04 21:42:16,909 - utils.logger2026-03-04-21.36.51 - INFO - Val result of epoch 37 / 40 mae 1.2063 corr 0.3812 f1 0.6374
2026-03-04 21:42:19,033 - utils.logger2026-03-04-21.36.51 - INFO - Tst result of epoch 37 / 40 mae 1.1921 corr 0.4479 f1 0.6332
2026-03-04 21:42:20,602 - utils.logger2026-03-04-21.36.51 - INFO - Cur epoch 38 loss CE:1.3094 mse:1.7056 consistent:109.3469
2026-03-04 21:42:21,722 - utils.logger2026-03-04-21.36.51 - INFO - Cur epoch 38 loss CE:1.4178 mse:1.5679 consistent:106.1787
2026-03-04 21:42:22,840 - utils.logger2026-03-04-21.36.51 - INFO - Cur epoch 38 loss CE:1.1447 mse:1.3949 consistent:101.6878
2026-03-04 21:42:23,454 - utils.logger2026-03-04-21.36.51 - INFO - saving the model at the end of epoch 38, iters 1064
2026-03-04 21:42:23,667 - utils.logger2026-03-04-21.36.51 - INFO - End of training epoch 38 / 40 	 Time Taken: 4 sec
2026-03-04 21:42:23,667 - utils.logger2026-03-04-21.36.51 - INFO - learning rate = 0.0000190
2026-03-04 21:42:25,757 - utils.logger2026-03-04-21.36.51 - INFO - Val result of epoch 38 / 40 mae 1.1993 corr 0.3894 f1 0.6300
2026-03-04 21:42:27,836 - utils.logger2026-03-04-21.36.51 - INFO - Tst result of epoch 38 / 40 mae 1.1848 corr 0.4497 f1 0.6339
2026-03-04 21:42:29,543 - utils.logger2026-03-04-21.36.51 - INFO - Cur epoch 39 loss CE:1.2848 mse:1.5274 consistent:106.9501
2026-03-04 21:42:30,550 - utils.logger2026-03-04-21.36.51 - INFO - Cur epoch 39 loss CE:0.8038 mse:1.4363 consistent:104.1990
2026-03-04 21:42:31,539 - utils.logger2026-03-04-21.36.51 - INFO - Cur epoch 39 loss CE:0.8216 mse:1.2526 consistent:101.7540
2026-03-04 21:42:31,891 - utils.logger2026-03-04-21.36.51 - INFO - saving the model at the end of epoch 39, iters 1092
2026-03-04 21:42:32,086 - utils.logger2026-03-04-21.36.51 - INFO - End of training epoch 39 / 40 	 Time Taken: 4 sec
2026-03-04 21:42:32,086 - utils.logger2026-03-04-21.36.51 - INFO - learning rate = 0.0000095
2026-03-04 21:42:34,147 - utils.logger2026-03-04-21.36.51 - INFO - Val result of epoch 39 / 40 mae 1.2002 corr 0.3848 f1 0.6310
2026-03-04 21:42:36,217 - utils.logger2026-03-04-21.36.51 - INFO - Tst result of epoch 39 / 40 mae 1.1843 corr 0.4492 f1 0.6369
2026-03-04 21:42:38,246 - utils.logger2026-03-04-21.36.51 - INFO - Cur epoch 40 loss CE:1.3854 mse:1.5090 consistent:106.1369
2026-03-04 21:42:39,267 - utils.logger2026-03-04-21.36.51 - INFO - Cur epoch 40 loss CE:1.2296 mse:1.4971 consistent:100.7532
2026-03-04 21:42:40,278 - utils.logger2026-03-04-21.36.51 - INFO - Cur epoch 40 loss CE:1.0373 mse:1.4519 consistent:107.0803
2026-03-04 21:42:40,443 - utils.logger2026-03-04-21.36.51 - INFO - saving the model at the end of epoch 40, iters 1120
2026-03-04 21:42:40,639 - utils.logger2026-03-04-21.36.51 - INFO - End of training epoch 40 / 40 	 Time Taken: 4 sec
2026-03-04 21:42:40,639 - utils.logger2026-03-04-21.36.51 - INFO - learning rate = 0.0000000
2026-03-04 21:42:42,736 - utils.logger2026-03-04-21.36.51 - INFO - Val result of epoch 40 / 40 mae 1.2012 corr 0.3809 f1 0.6381
2026-03-04 21:42:44,801 - utils.logger2026-03-04-21.36.51 - INFO - Tst result of epoch 40 / 40 mae 1.1824 corr 0.4462 f1 0.6394
2026-03-04 21:42:44,801 - utils.logger2026-03-04-21.36.51 - INFO - Best eval epoch 23 found with MAE 1.156967
2026-03-04 21:42:44,801 - utils.logger2026-03-04-21.36.51 - INFO - Loading best model found on val set: epoch-23
2026-03-04 21:42:49,108 - utils.logger2026-03-04-21.36.51 - INFO - Tst result mae 1.1570 corr 0.4713 f1 0.6865
