2026-03-09 19:55:46,408 - utils.logger2026-03-09-19.55.42 - INFO - The number of training samples = 1750
2026-03-09 19:55:46,408 - utils.logger2026-03-09-19.55.42 - INFO - The number of testing samples = 1344
2026-03-09 19:55:48,212 - utils.logger2026-03-09-19.55.42 - INFO - Cur epoch 1 loss CE:2.5584 mse:1.1460 consistent:3.0918
2026-03-09 19:55:48,683 - utils.logger2026-03-09-19.55.42 - INFO - Cur epoch 1 loss CE:2.4712 mse:0.7159 consistent:2.9299
2026-03-09 19:55:49,148 - utils.logger2026-03-09-19.55.42 - INFO - saving the model at the end of epoch 1, iters 28
2026-03-09 19:55:49,498 - utils.logger2026-03-09-19.55.42 - INFO - End of training epoch 1 / 40 	 Time Taken: 2 sec
2026-03-09 19:55:49,498 - utils.logger2026-03-09-19.55.42 - INFO - learning rate = 0.0002000
2026-03-09 19:55:50,536 - utils.logger2026-03-09-19.55.42 - INFO - Val result of epoch 1 / 40 mae 1.2617 corr 0.4635 f1 0.6385
2026-03-09 19:55:51,508 - utils.logger2026-03-09-19.55.42 - INFO - Tst result of epoch 1 / 40 mae 1.3696 corr 0.4968 f1 0.5941
2026-03-09 19:55:52,045 - utils.logger2026-03-09-19.55.42 - INFO - Cur epoch 2 loss CE:1.9156 mse:0.5683 consistent:2.8683
2026-03-09 19:55:52,514 - utils.logger2026-03-09-19.55.42 - INFO - Cur epoch 2 loss CE:1.6444 mse:0.4928 consistent:2.7123
2026-03-09 19:55:53,017 - utils.logger2026-03-09-19.55.42 - INFO - Cur epoch 2 loss CE:1.9896 mse:0.5171 consistent:2.8890
2026-03-09 19:55:53,345 - utils.logger2026-03-09-19.55.42 - INFO - saving the model at the end of epoch 2, iters 56
2026-03-09 19:55:53,643 - utils.logger2026-03-09-19.55.42 - INFO - End of training epoch 2 / 40 	 Time Taken: 2 sec
2026-03-09 19:55:53,643 - utils.logger2026-03-09-19.55.42 - INFO - learning rate = 0.0002000
2026-03-09 19:55:54,587 - utils.logger2026-03-09-19.55.42 - INFO - Val result of epoch 2 / 40 mae 1.1257 corr 0.4886 f1 0.6705
2026-03-09 19:55:55,512 - utils.logger2026-03-09-19.55.42 - INFO - Tst result of epoch 2 / 40 mae 1.1057 corr 0.5064 f1 0.7255
2026-03-09 19:55:56,126 - utils.logger2026-03-09-19.55.42 - INFO - Cur epoch 3 loss CE:1.9432 mse:0.5123 consistent:2.7484
2026-03-09 19:55:56,545 - utils.logger2026-03-09-19.55.42 - INFO - Cur epoch 3 loss CE:1.5839 mse:0.4213 consistent:2.7180
2026-03-09 19:55:57,035 - utils.logger2026-03-09-19.55.42 - INFO - Cur epoch 3 loss CE:2.2415 mse:0.4133 consistent:2.6641
2026-03-09 19:55:57,272 - utils.logger2026-03-09-19.55.42 - INFO - saving the model at the end of epoch 3, iters 84
2026-03-09 19:55:57,638 - utils.logger2026-03-09-19.55.42 - INFO - End of training epoch 3 / 40 	 Time Taken: 2 sec
2026-03-09 19:55:57,638 - utils.logger2026-03-09-19.55.42 - INFO - learning rate = 0.0002000
2026-03-09 19:55:58,627 - utils.logger2026-03-09-19.55.42 - INFO - Val result of epoch 3 / 40 mae 1.1060 corr 0.5050 f1 0.6385
2026-03-09 19:55:59,644 - utils.logger2026-03-09-19.55.42 - INFO - Tst result of epoch 3 / 40 mae 1.1171 corr 0.5083 f1 0.6939
2026-03-09 19:56:00,337 - utils.logger2026-03-09-19.55.42 - INFO - Cur epoch 4 loss CE:1.8916 mse:0.3993 consistent:2.4863
2026-03-09 19:56:00,757 - utils.logger2026-03-09-19.55.42 - INFO - Cur epoch 4 loss CE:2.0066 mse:0.3906 consistent:2.4978
2026-03-09 19:56:01,232 - utils.logger2026-03-09-19.55.42 - INFO - Cur epoch 4 loss CE:1.6334 mse:0.3382 consistent:2.3654
2026-03-09 19:56:01,384 - utils.logger2026-03-09-19.55.42 - INFO - saving the model at the end of epoch 4, iters 112
2026-03-09 19:56:01,734 - utils.logger2026-03-09-19.55.42 - INFO - End of training epoch 4 / 40 	 Time Taken: 2 sec
2026-03-09 19:56:01,734 - utils.logger2026-03-09-19.55.42 - INFO - learning rate = 0.0002000
2026-03-09 19:56:02,723 - utils.logger2026-03-09-19.55.42 - INFO - Val result of epoch 4 / 40 mae 1.1277 corr 0.5060 f1 0.6520
2026-03-09 19:56:03,700 - utils.logger2026-03-09-19.55.42 - INFO - Tst result of epoch 4 / 40 mae 1.1806 corr 0.5057 f1 0.6259
2026-03-09 19:56:04,478 - utils.logger2026-03-09-19.55.42 - INFO - Cur epoch 5 loss CE:1.8014 mse:0.3590 consistent:2.1972
2026-03-09 19:56:04,970 - utils.logger2026-03-09-19.55.42 - INFO - Cur epoch 5 loss CE:1.9087 mse:0.3787 consistent:2.2934
2026-03-09 19:56:05,407 - utils.logger2026-03-09-19.55.42 - INFO - Cur epoch 5 loss CE:1.6712 mse:0.2764 consistent:2.1134
2026-03-09 19:56:05,461 - utils.logger2026-03-09-19.55.42 - INFO - saving the model at the end of epoch 5, iters 140
2026-03-09 19:56:05,723 - utils.logger2026-03-09-19.55.42 - INFO - End of training epoch 5 / 40 	 Time Taken: 2 sec
2026-03-09 19:56:05,723 - utils.logger2026-03-09-19.55.42 - INFO - learning rate = 0.0002000
2026-03-09 19:56:06,690 - utils.logger2026-03-09-19.55.42 - INFO - Val result of epoch 5 / 40 mae 1.1161 corr 0.4825 f1 0.6499
2026-03-09 19:56:07,641 - utils.logger2026-03-09-19.55.42 - INFO - Tst result of epoch 5 / 40 mae 1.1355 corr 0.4867 f1 0.6353
2026-03-09 19:56:08,485 - utils.logger2026-03-09-19.55.42 - INFO - Cur epoch 6 loss CE:1.3947 mse:0.3418 consistent:2.3383
2026-03-09 19:56:08,982 - utils.logger2026-03-09-19.55.42 - INFO - Cur epoch 6 loss CE:1.6225 mse:0.3290 consistent:2.2344
2026-03-09 19:56:09,379 - utils.logger2026-03-09-19.55.42 - INFO - saving the model at the end of epoch 6, iters 168
2026-03-09 19:56:09,728 - utils.logger2026-03-09-19.55.42 - INFO - End of training epoch 6 / 40 	 Time Taken: 2 sec
2026-03-09 19:56:09,728 - utils.logger2026-03-09-19.55.42 - INFO - learning rate = 0.0002000
2026-03-09 19:56:10,734 - utils.logger2026-03-09-19.55.42 - INFO - Val result of epoch 6 / 40 mae 1.1235 corr 0.5029 f1 0.6667
2026-03-09 19:56:11,707 - utils.logger2026-03-09-19.55.42 - INFO - Tst result of epoch 6 / 40 mae 1.1539 corr 0.5076 f1 0.6569
2026-03-09 19:56:12,237 - utils.logger2026-03-09-19.55.42 - INFO - Cur epoch 7 loss CE:1.4001 mse:0.3458 consistent:2.1512
2026-03-09 19:56:12,650 - utils.logger2026-03-09-19.55.42 - INFO - Cur epoch 7 loss CE:1.6555 mse:0.3427 consistent:2.1446
2026-03-09 19:56:13,140 - utils.logger2026-03-09-19.55.42 - INFO - Cur epoch 7 loss CE:1.4017 mse:0.3073 consistent:2.1517
2026-03-09 19:56:13,437 - utils.logger2026-03-09-19.55.42 - INFO - saving the model at the end of epoch 7, iters 196
2026-03-09 19:56:13,796 - utils.logger2026-03-09-19.55.42 - INFO - End of training epoch 7 / 40 	 Time Taken: 2 sec
2026-03-09 19:56:13,796 - utils.logger2026-03-09-19.55.42 - INFO - learning rate = 0.0002000
2026-03-09 19:56:14,746 - utils.logger2026-03-09-19.55.42 - INFO - Val result of epoch 7 / 40 mae 1.1188 corr 0.4946 f1 0.6410
2026-03-09 19:56:15,672 - utils.logger2026-03-09-19.55.42 - INFO - Tst result of epoch 7 / 40 mae 1.1688 corr 0.5083 f1 0.6360
2026-03-09 19:56:16,276 - utils.logger2026-03-09-19.55.42 - INFO - Cur epoch 8 loss CE:2.0974 mse:0.3675 consistent:2.2815
2026-03-09 19:56:16,691 - utils.logger2026-03-09-19.55.42 - INFO - Cur epoch 8 loss CE:1.7164 mse:0.3292 consistent:2.1445
2026-03-09 19:56:17,182 - utils.logger2026-03-09-19.55.42 - INFO - Cur epoch 8 loss CE:1.0987 mse:0.2807 consistent:1.9255
2026-03-09 19:56:17,419 - utils.logger2026-03-09-19.55.42 - INFO - saving the model at the end of epoch 8, iters 224
2026-03-09 19:56:17,784 - utils.logger2026-03-09-19.55.42 - INFO - End of training epoch 8 / 40 	 Time Taken: 2 sec
2026-03-09 19:56:17,785 - utils.logger2026-03-09-19.55.42 - INFO - learning rate = 0.0002000
2026-03-09 19:56:18,776 - utils.logger2026-03-09-19.55.42 - INFO - Val result of epoch 8 / 40 mae 1.1076 corr 0.4960 f1 0.6627
2026-03-09 19:56:19,750 - utils.logger2026-03-09-19.55.42 - INFO - Tst result of epoch 8 / 40 mae 1.1455 corr 0.4961 f1 0.6300
2026-03-09 19:56:20,433 - utils.logger2026-03-09-19.55.42 - INFO - Cur epoch 9 loss CE:1.6729 mse:0.3258 consistent:2.0272
2026-03-09 19:56:20,937 - utils.logger2026-03-09-19.55.42 - INFO - Cur epoch 9 loss CE:1.5150 mse:0.3160 consistent:1.9771
2026-03-09 19:56:21,371 - utils.logger2026-03-09-19.55.42 - INFO - Cur epoch 9 loss CE:1.2182 mse:0.2674 consistent:1.8082
2026-03-09 19:56:21,504 - utils.logger2026-03-09-19.55.42 - INFO - saving the model at the end of epoch 9, iters 252
2026-03-09 19:56:21,844 - utils.logger2026-03-09-19.55.42 - INFO - End of training epoch 9 / 40 	 Time Taken: 2 sec
2026-03-09 19:56:21,844 - utils.logger2026-03-09-19.55.42 - INFO - learning rate = 0.0002000
2026-03-09 19:56:22,816 - utils.logger2026-03-09-19.55.42 - INFO - Val result of epoch 9 / 40 mae 1.0978 corr 0.4954 f1 0.6554
2026-03-09 19:56:23,810 - utils.logger2026-03-09-19.55.42 - INFO - Tst result of epoch 9 / 40 mae 1.1523 corr 0.4883 f1 0.6344
2026-03-09 19:56:24,581 - utils.logger2026-03-09-19.55.42 - INFO - Cur epoch 10 loss CE:1.5130 mse:0.3006 consistent:2.1462
2026-03-09 19:56:25,071 - utils.logger2026-03-09-19.55.42 - INFO - Cur epoch 10 loss CE:1.5998 mse:0.3157 consistent:2.0334
2026-03-09 19:56:25,479 - utils.logger2026-03-09-19.55.42 - INFO - Cur epoch 10 loss CE:1.0756 mse:0.2753 consistent:1.9049
2026-03-09 19:56:25,533 - utils.logger2026-03-09-19.55.42 - INFO - saving the model at the end of epoch 10, iters 280
2026-03-09 19:56:25,896 - utils.logger2026-03-09-19.55.42 - INFO - End of training epoch 10 / 40 	 Time Taken: 2 sec
2026-03-09 19:56:25,897 - utils.logger2026-03-09-19.55.42 - INFO - learning rate = 0.0002000
2026-03-09 19:56:26,863 - utils.logger2026-03-09-19.55.42 - INFO - Val result of epoch 10 / 40 mae 1.0947 corr 0.5060 f1 0.6423
2026-03-09 19:56:27,896 - utils.logger2026-03-09-19.55.42 - INFO - Tst result of epoch 10 / 40 mae 1.1442 corr 0.5059 f1 0.6781
2026-03-09 19:56:28,738 - utils.logger2026-03-09-19.55.42 - INFO - Cur epoch 11 loss CE:1.6531 mse:0.3110 consistent:1.9728
2026-03-09 19:56:29,232 - utils.logger2026-03-09-19.55.42 - INFO - Cur epoch 11 loss CE:0.9679 mse:0.2882 consistent:1.9798
2026-03-09 19:56:29,615 - utils.logger2026-03-09-19.55.42 - INFO - saving the model at the end of epoch 11, iters 308
2026-03-09 19:56:29,943 - utils.logger2026-03-09-19.55.42 - INFO - End of training epoch 11 / 40 	 Time Taken: 2 sec
2026-03-09 19:56:29,943 - utils.logger2026-03-09-19.55.42 - INFO - learning rate = 0.0002000
2026-03-09 19:56:30,901 - utils.logger2026-03-09-19.55.42 - INFO - Val result of epoch 11 / 40 mae 1.0910 corr 0.5065 f1 0.6791
2026-03-09 19:56:31,871 - utils.logger2026-03-09-19.55.42 - INFO - Tst result of epoch 11 / 40 mae 1.1287 corr 0.5065 f1 0.7280
2026-03-09 19:56:32,397 - utils.logger2026-03-09-19.55.42 - INFO - Cur epoch 12 loss CE:1.5056 mse:0.2724 consistent:1.8068
2026-03-09 19:56:32,825 - utils.logger2026-03-09-19.55.42 - INFO - Cur epoch 12 loss CE:1.6847 mse:0.2905 consistent:1.8432
2026-03-09 19:56:33,316 - utils.logger2026-03-09-19.55.42 - INFO - Cur epoch 12 loss CE:1.7603 mse:0.2562 consistent:1.8043
2026-03-09 19:56:33,613 - utils.logger2026-03-09-19.55.42 - INFO - saving the model at the end of epoch 12, iters 336
2026-03-09 19:56:33,964 - utils.logger2026-03-09-19.55.42 - INFO - End of training epoch 12 / 40 	 Time Taken: 2 sec
2026-03-09 19:56:33,964 - utils.logger2026-03-09-19.55.42 - INFO - learning rate = 0.0002000
2026-03-09 19:56:34,939 - utils.logger2026-03-09-19.55.42 - INFO - Val result of epoch 12 / 40 mae 1.0964 corr 0.5080 f1 0.6482
2026-03-09 19:56:35,913 - utils.logger2026-03-09-19.55.42 - INFO - Tst result of epoch 12 / 40 mae 1.1520 corr 0.5036 f1 0.6394
2026-03-09 19:56:36,503 - utils.logger2026-03-09-19.55.42 - INFO - Cur epoch 13 loss CE:1.3419 mse:0.2465 consistent:1.7881
2026-03-09 19:56:36,979 - utils.logger2026-03-09-19.55.42 - INFO - Cur epoch 13 loss CE:1.4971 mse:0.2529 consistent:1.7903
2026-03-09 19:56:37,443 - utils.logger2026-03-09-19.55.42 - INFO - Cur epoch 13 loss CE:1.2320 mse:0.2347 consistent:1.7187
2026-03-09 19:56:37,660 - utils.logger2026-03-09-19.55.42 - INFO - saving the model at the end of epoch 13, iters 364
2026-03-09 19:56:38,016 - utils.logger2026-03-09-19.55.42 - INFO - End of training epoch 13 / 40 	 Time Taken: 2 sec
2026-03-09 19:56:38,016 - utils.logger2026-03-09-19.55.42 - INFO - learning rate = 0.0002000
2026-03-09 19:56:38,987 - utils.logger2026-03-09-19.55.42 - INFO - Val result of epoch 13 / 40 mae 1.1093 corr 0.5063 f1 0.6535
2026-03-09 19:56:39,938 - utils.logger2026-03-09-19.55.42 - INFO - Tst result of epoch 13 / 40 mae 1.1600 corr 0.5049 f1 0.6632
2026-03-09 19:56:40,620 - utils.logger2026-03-09-19.55.42 - INFO - Cur epoch 14 loss CE:1.3067 mse:0.2430 consistent:1.6985
2026-03-09 19:56:41,084 - utils.logger2026-03-09-19.55.42 - INFO - Cur epoch 14 loss CE:1.4362 mse:0.2524 consistent:1.7162
2026-03-09 19:56:41,549 - utils.logger2026-03-09-19.55.42 - INFO - Cur epoch 14 loss CE:1.4295 mse:0.2294 consistent:1.6426
2026-03-09 19:56:41,682 - utils.logger2026-03-09-19.55.42 - INFO - saving the model at the end of epoch 14, iters 392
2026-03-09 19:56:42,071 - utils.logger2026-03-09-19.55.42 - INFO - End of training epoch 14 / 40 	 Time Taken: 2 sec
2026-03-09 19:56:42,071 - utils.logger2026-03-09-19.55.42 - INFO - learning rate = 0.0002000
2026-03-09 19:56:43,067 - utils.logger2026-03-09-19.55.42 - INFO - Val result of epoch 14 / 40 mae 1.0830 corr 0.5018 f1 0.6916
2026-03-09 19:56:44,100 - utils.logger2026-03-09-19.55.42 - INFO - Tst result of epoch 14 / 40 mae 1.0946 corr 0.5175 f1 0.7333
2026-03-09 19:56:44,992 - utils.logger2026-03-09-19.55.42 - INFO - Cur epoch 15 loss CE:1.6147 mse:0.2253 consistent:1.5738
2026-03-09 19:56:45,458 - utils.logger2026-03-09-19.55.42 - INFO - Cur epoch 15 loss CE:1.3338 mse:0.2399 consistent:1.6566
2026-03-09 19:56:45,969 - utils.logger2026-03-09-19.55.42 - INFO - Cur epoch 15 loss CE:2.2172 mse:0.2949 consistent:2.0146
2026-03-09 19:56:46,030 - utils.logger2026-03-09-19.55.42 - INFO - saving the model at the end of epoch 15, iters 420
2026-03-09 19:56:46,437 - utils.logger2026-03-09-19.55.42 - INFO - End of training epoch 15 / 40 	 Time Taken: 2 sec
2026-03-09 19:56:46,437 - utils.logger2026-03-09-19.55.42 - INFO - learning rate = 0.0002000
2026-03-09 19:56:47,460 - utils.logger2026-03-09-19.55.42 - INFO - Val result of epoch 15 / 40 mae 1.0922 corr 0.5013 f1 0.6357
2026-03-09 19:56:48,529 - utils.logger2026-03-09-19.55.42 - INFO - Tst result of epoch 15 / 40 mae 1.1014 corr 0.5181 f1 0.6978
2026-03-09 19:56:49,420 - utils.logger2026-03-09-19.55.42 - INFO - Cur epoch 16 loss CE:2.0289 mse:0.2512 consistent:1.5521
2026-03-09 19:56:49,898 - utils.logger2026-03-09-19.55.42 - INFO - Cur epoch 16 loss CE:1.7669 mse:0.2258 consistent:1.6757
2026-03-09 19:56:50,268 - utils.logger2026-03-09-19.55.42 - INFO - saving the model at the end of epoch 16, iters 448
2026-03-09 19:56:50,575 - utils.logger2026-03-09-19.55.42 - INFO - End of training epoch 16 / 40 	 Time Taken: 2 sec
2026-03-09 19:56:50,575 - utils.logger2026-03-09-19.55.42 - INFO - learning rate = 0.0002000
2026-03-09 19:56:51,571 - utils.logger2026-03-09-19.55.42 - INFO - Val result of epoch 16 / 40 mae 1.0875 corr 0.4902 f1 0.6389
2026-03-09 19:56:52,629 - utils.logger2026-03-09-19.55.42 - INFO - Tst result of epoch 16 / 40 mae 1.0752 corr 0.5265 f1 0.7061
2026-03-09 19:56:53,129 - utils.logger2026-03-09-19.55.42 - INFO - Cur epoch 17 loss CE:1.3140 mse:0.2163 consistent:1.5200
2026-03-09 19:56:53,625 - utils.logger2026-03-09-19.55.42 - INFO - Cur epoch 17 loss CE:1.8121 mse:0.2444 consistent:1.6054
2026-03-09 19:56:54,097 - utils.logger2026-03-09-19.55.42 - INFO - Cur epoch 17 loss CE:1.1567 mse:0.1985 consistent:1.5059
2026-03-09 19:56:54,414 - utils.logger2026-03-09-19.55.42 - INFO - saving the model at the end of epoch 17, iters 476
2026-03-09 19:56:54,680 - utils.logger2026-03-09-19.55.42 - INFO - End of training epoch 17 / 40 	 Time Taken: 2 sec
2026-03-09 19:56:54,681 - utils.logger2026-03-09-19.55.42 - INFO - learning rate = 0.0002000
2026-03-09 19:56:55,642 - utils.logger2026-03-09-19.55.42 - INFO - Val result of epoch 17 / 40 mae 1.0934 corr 0.4942 f1 0.6384
2026-03-09 19:56:56,694 - utils.logger2026-03-09-19.55.42 - INFO - Tst result of epoch 17 / 40 mae 1.1180 corr 0.5233 f1 0.7104
2026-03-09 19:56:57,293 - utils.logger2026-03-09-19.55.42 - INFO - Cur epoch 18 loss CE:1.2673 mse:0.1942 consistent:1.4388
2026-03-09 19:56:57,741 - utils.logger2026-03-09-19.55.42 - INFO - Cur epoch 18 loss CE:1.9992 mse:0.2317 consistent:1.5015
2026-03-09 19:56:58,224 - utils.logger2026-03-09-19.55.42 - INFO - Cur epoch 18 loss CE:1.0620 mse:0.1836 consistent:1.4171
2026-03-09 19:56:58,447 - utils.logger2026-03-09-19.55.42 - INFO - saving the model at the end of epoch 18, iters 504
2026-03-09 19:56:58,785 - utils.logger2026-03-09-19.55.42 - INFO - End of training epoch 18 / 40 	 Time Taken: 2 sec
2026-03-09 19:56:58,785 - utils.logger2026-03-09-19.55.42 - INFO - learning rate = 0.0002000
2026-03-09 19:56:59,780 - utils.logger2026-03-09-19.55.42 - INFO - Val result of epoch 18 / 40 mae 1.1069 corr 0.4656 f1 0.6377
2026-03-09 19:57:00,829 - utils.logger2026-03-09-19.55.42 - INFO - Tst result of epoch 18 / 40 mae 1.1109 corr 0.4918 f1 0.7053
2026-03-09 19:57:01,555 - utils.logger2026-03-09-19.55.42 - INFO - Cur epoch 19 loss CE:1.3765 mse:0.1995 consistent:1.5001
2026-03-09 19:57:02,063 - utils.logger2026-03-09-19.55.42 - INFO - Cur epoch 19 loss CE:1.2344 mse:0.1933 consistent:1.4756
2026-03-09 19:57:02,469 - utils.logger2026-03-09-19.55.42 - INFO - Cur epoch 19 loss CE:1.2863 mse:0.2261 consistent:1.4328
2026-03-09 19:57:02,651 - utils.logger2026-03-09-19.55.42 - INFO - saving the model at the end of epoch 19, iters 532
2026-03-09 19:57:02,924 - utils.logger2026-03-09-19.55.42 - INFO - End of training epoch 19 / 40 	 Time Taken: 2 sec
2026-03-09 19:57:02,924 - utils.logger2026-03-09-19.55.42 - INFO - learning rate = 0.0002000
2026-03-09 19:57:03,883 - utils.logger2026-03-09-19.55.42 - INFO - Val result of epoch 19 / 40 mae 1.1121 corr 0.4657 f1 0.6394
2026-03-09 19:57:04,847 - utils.logger2026-03-09-19.55.42 - INFO - Tst result of epoch 19 / 40 mae 1.1077 corr 0.5184 f1 0.7060
2026-03-09 19:57:05,602 - utils.logger2026-03-09-19.55.42 - INFO - Cur epoch 20 loss CE:1.6091 mse:0.1957 consistent:1.4684
2026-03-09 19:57:06,091 - utils.logger2026-03-09-19.55.42 - INFO - Cur epoch 20 loss CE:0.5629 mse:0.1793 consistent:1.3702
2026-03-09 19:57:06,529 - utils.logger2026-03-09-19.55.42 - INFO - Cur epoch 20 loss CE:0.9631 mse:0.2083 consistent:1.3152
2026-03-09 19:57:06,609 - utils.logger2026-03-09-19.55.42 - INFO - saving the model at the end of epoch 20, iters 560
2026-03-09 19:57:06,943 - utils.logger2026-03-09-19.55.42 - INFO - End of training epoch 20 / 40 	 Time Taken: 2 sec
2026-03-09 19:57:06,943 - utils.logger2026-03-09-19.55.42 - INFO - learning rate = 0.0001905
2026-03-09 19:57:07,941 - utils.logger2026-03-09-19.55.42 - INFO - Val result of epoch 20 / 40 mae 1.2409 corr 0.4029 f1 0.6526
2026-03-09 19:57:08,968 - utils.logger2026-03-09-19.55.42 - INFO - Tst result of epoch 20 / 40 mae 1.2834 corr 0.4572 f1 0.6650
2026-03-09 19:57:09,814 - utils.logger2026-03-09-19.55.42 - INFO - Cur epoch 21 loss CE:1.1862 mse:0.2087 consistent:1.4387
2026-03-09 19:57:10,310 - utils.logger2026-03-09-19.55.42 - INFO - Cur epoch 21 loss CE:1.0142 mse:0.1768 consistent:1.3662
2026-03-09 19:57:10,721 - utils.logger2026-03-09-19.55.42 - INFO - saving the model at the end of epoch 21, iters 588
2026-03-09 19:57:11,051 - utils.logger2026-03-09-19.55.42 - INFO - End of training epoch 21 / 40 	 Time Taken: 2 sec
2026-03-09 19:57:11,051 - utils.logger2026-03-09-19.55.42 - INFO - learning rate = 0.0001810
2026-03-09 19:57:12,069 - utils.logger2026-03-09-19.55.42 - INFO - Val result of epoch 21 / 40 mae 1.1936 corr 0.4050 f1 0.6347
2026-03-09 19:57:13,052 - utils.logger2026-03-09-19.55.42 - INFO - Tst result of epoch 21 / 40 mae 1.2226 corr 0.4578 f1 0.6639
2026-03-09 19:57:13,554 - utils.logger2026-03-09-19.55.42 - INFO - Cur epoch 22 loss CE:1.0228 mse:0.2002 consistent:1.3470
2026-03-09 19:57:14,007 - utils.logger2026-03-09-19.55.42 - INFO - Cur epoch 22 loss CE:0.7600 mse:0.1513 consistent:1.3040
2026-03-09 19:57:14,492 - utils.logger2026-03-09-19.55.42 - INFO - Cur epoch 22 loss CE:1.0282 mse:0.1925 consistent:1.2787
2026-03-09 19:57:14,797 - utils.logger2026-03-09-19.55.42 - INFO - saving the model at the end of epoch 22, iters 616
2026-03-09 19:57:15,137 - utils.logger2026-03-09-19.55.42 - INFO - End of training epoch 22 / 40 	 Time Taken: 2 sec
2026-03-09 19:57:15,137 - utils.logger2026-03-09-19.55.42 - INFO - learning rate = 0.0001714
2026-03-09 19:57:16,120 - utils.logger2026-03-09-19.55.42 - INFO - Val result of epoch 22 / 40 mae 1.1590 corr 0.4043 f1 0.6464
2026-03-09 19:57:17,096 - utils.logger2026-03-09-19.55.42 - INFO - Tst result of epoch 22 / 40 mae 1.1819 corr 0.4533 f1 0.6656
2026-03-09 19:57:17,703 - utils.logger2026-03-09-19.55.42 - INFO - Cur epoch 23 loss CE:1.2233 mse:0.1824 consistent:1.3481
2026-03-09 19:57:18,184 - utils.logger2026-03-09-19.55.42 - INFO - Cur epoch 23 loss CE:0.9615 mse:0.1879 consistent:1.3123
2026-03-09 19:57:18,667 - utils.logger2026-03-09-19.55.42 - INFO - Cur epoch 23 loss CE:0.9476 mse:0.1835 consistent:1.2880
2026-03-09 19:57:18,888 - utils.logger2026-03-09-19.55.42 - INFO - saving the model at the end of epoch 23, iters 644
2026-03-09 19:57:19,244 - utils.logger2026-03-09-19.55.42 - INFO - End of training epoch 23 / 40 	 Time Taken: 2 sec
2026-03-09 19:57:19,244 - utils.logger2026-03-09-19.55.42 - INFO - learning rate = 0.0001619
2026-03-09 19:57:20,252 - utils.logger2026-03-09-19.55.42 - INFO - Val result of epoch 23 / 40 mae 1.1730 corr 0.4102 f1 0.6485
2026-03-09 19:57:21,284 - utils.logger2026-03-09-19.55.42 - INFO - Tst result of epoch 23 / 40 mae 1.2248 corr 0.4316 f1 0.6681
2026-03-09 19:57:21,959 - utils.logger2026-03-09-19.55.42 - INFO - Cur epoch 24 loss CE:0.9430 mse:0.1866 consistent:1.3499
2026-03-09 19:57:22,448 - utils.logger2026-03-09-19.55.42 - INFO - Cur epoch 24 loss CE:1.3100 mse:0.1565 consistent:1.2288
2026-03-09 19:57:22,875 - utils.logger2026-03-09-19.55.42 - INFO - Cur epoch 24 loss CE:0.7392 mse:0.1524 consistent:1.1431
2026-03-09 19:57:23,036 - utils.logger2026-03-09-19.55.42 - INFO - saving the model at the end of epoch 24, iters 672
2026-03-09 19:57:23,332 - utils.logger2026-03-09-19.55.42 - INFO - End of training epoch 24 / 40 	 Time Taken: 2 sec
2026-03-09 19:57:23,333 - utils.logger2026-03-09-19.55.42 - INFO - learning rate = 0.0001524
2026-03-09 19:57:24,319 - utils.logger2026-03-09-19.55.42 - INFO - Val result of epoch 24 / 40 mae 1.1574 corr 0.3935 f1 0.6237
2026-03-09 19:57:25,276 - utils.logger2026-03-09-19.55.42 - INFO - Tst result of epoch 24 / 40 mae 1.1560 corr 0.4310 f1 0.6853
2026-03-09 19:57:26,053 - utils.logger2026-03-09-19.55.42 - INFO - Cur epoch 25 loss CE:0.6544 mse:0.1643 consistent:1.2205
2026-03-09 19:57:26,510 - utils.logger2026-03-09-19.55.42 - INFO - Cur epoch 25 loss CE:0.8321 mse:0.1797 consistent:1.2378
2026-03-09 19:57:26,957 - utils.logger2026-03-09-19.55.42 - INFO - Cur epoch 25 loss CE:0.6904 mse:0.1531 consistent:1.1199
2026-03-09 19:57:27,011 - utils.logger2026-03-09-19.55.42 - INFO - saving the model at the end of epoch 25, iters 700
2026-03-09 19:57:27,399 - utils.logger2026-03-09-19.55.42 - INFO - End of training epoch 25 / 40 	 Time Taken: 2 sec
2026-03-09 19:57:27,399 - utils.logger2026-03-09-19.55.42 - INFO - learning rate = 0.0001429
2026-03-09 19:57:28,405 - utils.logger2026-03-09-19.55.42 - INFO - Val result of epoch 25 / 40 mae 1.1565 corr 0.3948 f1 0.6445
2026-03-09 19:57:29,531 - utils.logger2026-03-09-19.55.42 - INFO - Tst result of epoch 25 / 40 mae 1.1227 corr 0.4503 f1 0.7202
2026-03-09 19:57:30,457 - utils.logger2026-03-09-19.55.42 - INFO - Cur epoch 26 loss CE:0.9203 mse:0.1772 consistent:1.1470
2026-03-09 19:57:30,921 - utils.logger2026-03-09-19.55.42 - INFO - Cur epoch 26 loss CE:0.9081 mse:0.1664 consistent:1.0815
2026-03-09 19:57:31,384 - utils.logger2026-03-09-19.55.42 - INFO - saving the model at the end of epoch 26, iters 728
2026-03-09 19:57:31,761 - utils.logger2026-03-09-19.55.42 - INFO - End of training epoch 26 / 40 	 Time Taken: 2 sec
2026-03-09 19:57:31,761 - utils.logger2026-03-09-19.55.42 - INFO - learning rate = 0.0001333
2026-03-09 19:57:32,764 - utils.logger2026-03-09-19.55.42 - INFO - Val result of epoch 26 / 40 mae 1.1616 corr 0.4117 f1 0.6496
2026-03-09 19:57:33,802 - utils.logger2026-03-09-19.55.42 - INFO - Tst result of epoch 26 / 40 mae 1.1983 corr 0.4440 f1 0.6806
2026-03-09 19:57:34,398 - utils.logger2026-03-09-19.55.42 - INFO - Cur epoch 27 loss CE:0.7517 mse:0.1874 consistent:1.1091
2026-03-09 19:57:34,886 - utils.logger2026-03-09-19.55.42 - INFO - Cur epoch 27 loss CE:0.6807 mse:0.1990 consistent:1.2407
2026-03-09 19:57:35,337 - utils.logger2026-03-09-19.55.42 - INFO - Cur epoch 27 loss CE:0.9053 mse:0.2041 consistent:1.3371
2026-03-09 19:57:35,719 - utils.logger2026-03-09-19.55.42 - INFO - saving the model at the end of epoch 27, iters 756
2026-03-09 19:57:36,096 - utils.logger2026-03-09-19.55.42 - INFO - End of training epoch 27 / 40 	 Time Taken: 2 sec
2026-03-09 19:57:36,096 - utils.logger2026-03-09-19.55.42 - INFO - learning rate = 0.0001238
2026-03-09 19:57:37,069 - utils.logger2026-03-09-19.55.42 - INFO - Val result of epoch 27 / 40 mae 1.2112 corr 0.3944 f1 0.6632
2026-03-09 19:57:38,116 - utils.logger2026-03-09-19.55.42 - INFO - Tst result of epoch 27 / 40 mae 1.2690 corr 0.4221 f1 0.6496
2026-03-09 19:57:38,706 - utils.logger2026-03-09-19.55.42 - INFO - Cur epoch 28 loss CE:0.6226 mse:0.1545 consistent:1.1404
2026-03-09 19:57:39,185 - utils.logger2026-03-09-19.55.42 - INFO - Cur epoch 28 loss CE:0.8336 mse:0.1705 consistent:1.2051
2026-03-09 19:57:39,619 - utils.logger2026-03-09-19.55.42 - INFO - Cur epoch 28 loss CE:0.9998 mse:0.1868 consistent:1.1330
2026-03-09 19:57:39,859 - utils.logger2026-03-09-19.55.42 - INFO - saving the model at the end of epoch 28, iters 784
2026-03-09 19:57:40,138 - utils.logger2026-03-09-19.55.42 - INFO - End of training epoch 28 / 40 	 Time Taken: 2 sec
2026-03-09 19:57:40,138 - utils.logger2026-03-09-19.55.42 - INFO - learning rate = 0.0001143
2026-03-09 19:57:41,142 - utils.logger2026-03-09-19.55.42 - INFO - Val result of epoch 28 / 40 mae 1.2050 corr 0.3630 f1 0.6312
2026-03-09 19:57:42,182 - utils.logger2026-03-09-19.55.42 - INFO - Tst result of epoch 28 / 40 mae 1.2270 corr 0.4005 f1 0.6658
2026-03-09 19:57:42,908 - utils.logger2026-03-09-19.55.42 - INFO - Cur epoch 29 loss CE:0.5627 mse:0.1544 consistent:1.0830
2026-03-09 19:57:43,409 - utils.logger2026-03-09-19.55.42 - INFO - Cur epoch 29 loss CE:1.3250 mse:0.1976 consistent:1.2268
2026-03-09 19:57:43,830 - utils.logger2026-03-09-19.55.42 - INFO - Cur epoch 29 loss CE:0.6660 mse:0.1377 consistent:1.0080
2026-03-09 19:57:43,973 - utils.logger2026-03-09-19.55.42 - INFO - saving the model at the end of epoch 29, iters 812
2026-03-09 19:57:44,300 - utils.logger2026-03-09-19.55.42 - INFO - End of training epoch 29 / 40 	 Time Taken: 2 sec
2026-03-09 19:57:44,300 - utils.logger2026-03-09-19.55.42 - INFO - learning rate = 0.0001048
2026-03-09 19:57:45,335 - utils.logger2026-03-09-19.55.42 - INFO - Val result of epoch 29 / 40 mae 1.1740 corr 0.3979 f1 0.6339
2026-03-09 19:57:46,397 - utils.logger2026-03-09-19.55.42 - INFO - Tst result of epoch 29 / 40 mae 1.2144 corr 0.4194 f1 0.6612
2026-03-09 19:57:47,248 - utils.logger2026-03-09-19.55.42 - INFO - Cur epoch 30 loss CE:0.7656 mse:0.1725 consistent:1.2161
2026-03-09 19:57:47,674 - utils.logger2026-03-09-19.55.42 - INFO - Cur epoch 30 loss CE:0.9949 mse:0.1801 consistent:1.2403
2026-03-09 19:57:48,187 - utils.logger2026-03-09-19.55.42 - INFO - Cur epoch 30 loss CE:0.3028 mse:0.1285 consistent:0.9412
2026-03-09 19:57:48,268 - utils.logger2026-03-09-19.55.42 - INFO - saving the model at the end of epoch 30, iters 840
2026-03-09 19:57:48,668 - utils.logger2026-03-09-19.55.42 - INFO - End of training epoch 30 / 40 	 Time Taken: 2 sec
2026-03-09 19:57:48,668 - utils.logger2026-03-09-19.55.42 - INFO - learning rate = 0.0000952
2026-03-09 19:57:49,675 - utils.logger2026-03-09-19.55.42 - INFO - Val result of epoch 30 / 40 mae 1.2022 corr 0.3665 f1 0.6417
2026-03-09 19:57:50,692 - utils.logger2026-03-09-19.55.42 - INFO - Tst result of epoch 30 / 40 mae 1.2213 corr 0.4147 f1 0.6681
2026-03-09 19:57:51,573 - utils.logger2026-03-09-19.55.42 - INFO - Cur epoch 31 loss CE:0.7708 mse:0.1865 consistent:1.1356
2026-03-09 19:57:52,032 - utils.logger2026-03-09-19.55.42 - INFO - Cur epoch 31 loss CE:0.7127 mse:0.1873 consistent:1.1312
2026-03-09 19:57:52,419 - utils.logger2026-03-09-19.55.42 - INFO - saving the model at the end of epoch 31, iters 868
2026-03-09 19:57:52,715 - utils.logger2026-03-09-19.55.42 - INFO - End of training epoch 31 / 40 	 Time Taken: 2 sec
2026-03-09 19:57:52,715 - utils.logger2026-03-09-19.55.42 - INFO - learning rate = 0.0000857
2026-03-09 19:57:53,716 - utils.logger2026-03-09-19.55.42 - INFO - Val result of epoch 31 / 40 mae 1.1896 corr 0.3747 f1 0.6364
2026-03-09 19:57:54,675 - utils.logger2026-03-09-19.55.42 - INFO - Tst result of epoch 31 / 40 mae 1.2183 corr 0.4190 f1 0.6675
2026-03-09 19:57:55,176 - utils.logger2026-03-09-19.55.42 - INFO - Cur epoch 32 loss CE:0.5194 mse:0.1752 consistent:1.2092
2026-03-09 19:57:55,608 - utils.logger2026-03-09-19.55.42 - INFO - Cur epoch 32 loss CE:0.8192 mse:0.1567 consistent:1.0776
2026-03-09 19:57:56,102 - utils.logger2026-03-09-19.55.42 - INFO - Cur epoch 32 loss CE:0.6796 mse:0.1486 consistent:1.1201
2026-03-09 19:57:56,388 - utils.logger2026-03-09-19.55.42 - INFO - saving the model at the end of epoch 32, iters 896
2026-03-09 19:57:56,749 - utils.logger2026-03-09-19.55.42 - INFO - End of training epoch 32 / 40 	 Time Taken: 2 sec
2026-03-09 19:57:56,749 - utils.logger2026-03-09-19.55.42 - INFO - learning rate = 0.0000762
2026-03-09 19:57:57,707 - utils.logger2026-03-09-19.55.42 - INFO - Val result of epoch 32 / 40 mae 1.1965 corr 0.3617 f1 0.6403
2026-03-09 19:57:58,684 - utils.logger2026-03-09-19.55.42 - INFO - Tst result of epoch 32 / 40 mae 1.1959 corr 0.4140 f1 0.6878
2026-03-09 19:57:59,292 - utils.logger2026-03-09-19.55.42 - INFO - Cur epoch 33 loss CE:0.7407 mse:0.1339 consistent:1.0686
2026-03-09 19:57:59,809 - utils.logger2026-03-09-19.55.42 - INFO - Cur epoch 33 loss CE:0.6178 mse:0.1703 consistent:1.1366
2026-03-09 19:58:00,261 - utils.logger2026-03-09-19.55.42 - INFO - Cur epoch 33 loss CE:0.6239 mse:0.1506 consistent:1.1146
2026-03-09 19:58:00,525 - utils.logger2026-03-09-19.55.42 - INFO - saving the model at the end of epoch 33, iters 924
2026-03-09 19:58:00,776 - utils.logger2026-03-09-19.55.42 - INFO - End of training epoch 33 / 40 	 Time Taken: 2 sec
2026-03-09 19:58:00,776 - utils.logger2026-03-09-19.55.42 - INFO - learning rate = 0.0000667
2026-03-09 19:58:01,767 - utils.logger2026-03-09-19.55.42 - INFO - Val result of epoch 33 / 40 mae 1.2140 corr 0.3674 f1 0.6364
2026-03-09 19:58:02,817 - utils.logger2026-03-09-19.55.42 - INFO - Tst result of epoch 33 / 40 mae 1.2351 corr 0.4185 f1 0.6625
2026-03-09 19:58:03,576 - utils.logger2026-03-09-19.55.42 - INFO - Cur epoch 34 loss CE:0.8095 mse:0.1578 consistent:1.1247
2026-03-09 19:58:04,013 - utils.logger2026-03-09-19.55.42 - INFO - Cur epoch 34 loss CE:0.5191 mse:0.1421 consistent:0.9461
2026-03-09 19:58:04,488 - utils.logger2026-03-09-19.55.42 - INFO - Cur epoch 34 loss CE:0.7321 mse:0.1750 consistent:1.0474
2026-03-09 19:58:04,639 - utils.logger2026-03-09-19.55.42 - INFO - saving the model at the end of epoch 34, iters 952
2026-03-09 19:58:05,032 - utils.logger2026-03-09-19.55.42 - INFO - End of training epoch 34 / 40 	 Time Taken: 2 sec
2026-03-09 19:58:05,032 - utils.logger2026-03-09-19.55.42 - INFO - learning rate = 0.0000571
2026-03-09 19:58:06,067 - utils.logger2026-03-09-19.55.42 - INFO - Val result of epoch 34 / 40 mae 1.2092 corr 0.3509 f1 0.6406
2026-03-09 19:58:07,059 - utils.logger2026-03-09-19.55.42 - INFO - Tst result of epoch 34 / 40 mae 1.2181 corr 0.3975 f1 0.6719
2026-03-09 19:58:07,811 - utils.logger2026-03-09-19.55.42 - INFO - Cur epoch 35 loss CE:0.6939 mse:0.1937 consistent:1.1803
2026-03-09 19:58:08,295 - utils.logger2026-03-09-19.55.42 - INFO - Cur epoch 35 loss CE:0.3439 mse:0.1164 consistent:0.8943
2026-03-09 19:58:08,766 - utils.logger2026-03-09-19.55.42 - INFO - Cur epoch 35 loss CE:0.5688 mse:0.2113 consistent:1.1188
2026-03-09 19:58:08,821 - utils.logger2026-03-09-19.55.42 - INFO - saving the model at the end of epoch 35, iters 980
2026-03-09 19:58:08,966 - utils.logger2026-03-09-19.55.42 - INFO - End of training epoch 35 / 40 	 Time Taken: 1 sec
2026-03-09 19:58:08,966 - utils.logger2026-03-09-19.55.42 - INFO - learning rate = 0.0000476
2026-03-09 19:58:09,886 - utils.logger2026-03-09-19.55.42 - INFO - Val result of epoch 35 / 40 mae 1.1831 corr 0.3717 f1 0.6349
2026-03-09 19:58:10,868 - utils.logger2026-03-09-19.55.42 - INFO - Tst result of epoch 35 / 40 mae 1.1915 corr 0.4188 f1 0.6784
2026-03-09 19:58:11,734 - utils.logger2026-03-09-19.55.42 - INFO - Cur epoch 36 loss CE:0.8535 mse:0.1751 consistent:1.0679
2026-03-09 19:58:12,185 - utils.logger2026-03-09-19.55.42 - INFO - Cur epoch 36 loss CE:0.6635 mse:0.1468 consistent:1.0366
2026-03-09 19:58:12,685 - utils.logger2026-03-09-19.55.42 - INFO - saving the model at the end of epoch 36, iters 1008
2026-03-09 19:58:12,903 - utils.logger2026-03-09-19.55.42 - INFO - End of training epoch 36 / 40 	 Time Taken: 2 sec
2026-03-09 19:58:12,903 - utils.logger2026-03-09-19.55.42 - INFO - learning rate = 0.0000381
2026-03-09 19:58:14,080 - utils.logger2026-03-09-19.55.42 - INFO - Val result of epoch 36 / 40 mae 1.1918 corr 0.3656 f1 0.6299
2026-03-09 19:58:15,184 - utils.logger2026-03-09-19.55.42 - INFO - Tst result of epoch 36 / 40 mae 1.2099 corr 0.4099 f1 0.6774
2026-03-09 19:58:15,750 - utils.logger2026-03-09-19.55.42 - INFO - Cur epoch 37 loss CE:0.4155 mse:0.1368 consistent:1.0207
2026-03-09 19:58:16,168 - utils.logger2026-03-09-19.55.42 - INFO - Cur epoch 37 loss CE:0.6546 mse:0.1719 consistent:1.1454
2026-03-09 19:58:16,671 - utils.logger2026-03-09-19.55.42 - INFO - Cur epoch 37 loss CE:0.6298 mse:0.1509 consistent:1.0632
2026-03-09 19:58:16,962 - utils.logger2026-03-09-19.55.42 - INFO - saving the model at the end of epoch 37, iters 1036
2026-03-09 19:58:17,324 - utils.logger2026-03-09-19.55.42 - INFO - End of training epoch 37 / 40 	 Time Taken: 2 sec
2026-03-09 19:58:17,324 - utils.logger2026-03-09-19.55.42 - INFO - learning rate = 0.0000286
2026-03-09 19:58:18,341 - utils.logger2026-03-09-19.55.42 - INFO - Val result of epoch 37 / 40 mae 1.1828 corr 0.3728 f1 0.6314
2026-03-09 19:58:19,387 - utils.logger2026-03-09-19.55.42 - INFO - Tst result of epoch 37 / 40 mae 1.1934 corr 0.4120 f1 0.6779
2026-03-09 19:58:20,020 - utils.logger2026-03-09-19.55.42 - INFO - Cur epoch 38 loss CE:0.6400 mse:0.1623 consistent:1.0643
2026-03-09 19:58:20,535 - utils.logger2026-03-09-19.55.42 - INFO - Cur epoch 38 loss CE:0.5208 mse:0.1704 consistent:1.0214
2026-03-09 19:58:20,944 - utils.logger2026-03-09-19.55.42 - INFO - Cur epoch 38 loss CE:0.9694 mse:0.1933 consistent:1.1553
2026-03-09 19:58:21,203 - utils.logger2026-03-09-19.55.42 - INFO - saving the model at the end of epoch 38, iters 1064
2026-03-09 19:58:21,455 - utils.logger2026-03-09-19.55.42 - INFO - End of training epoch 38 / 40 	 Time Taken: 2 sec
2026-03-09 19:58:21,455 - utils.logger2026-03-09-19.55.42 - INFO - learning rate = 0.0000190
2026-03-09 19:58:22,457 - utils.logger2026-03-09-19.55.42 - INFO - Val result of epoch 38 / 40 mae 1.1925 corr 0.3687 f1 0.6445
2026-03-09 19:58:23,459 - utils.logger2026-03-09-19.55.42 - INFO - Tst result of epoch 38 / 40 mae 1.2136 corr 0.4104 f1 0.6782
2026-03-09 19:58:24,132 - utils.logger2026-03-09-19.55.42 - INFO - Cur epoch 39 loss CE:1.0787 mse:0.1705 consistent:1.0674
2026-03-09 19:58:24,638 - utils.logger2026-03-09-19.55.42 - INFO - Cur epoch 39 loss CE:0.3318 mse:0.1265 consistent:0.9052
2026-03-09 19:58:25,047 - utils.logger2026-03-09-19.55.42 - INFO - Cur epoch 39 loss CE:0.5105 mse:0.1287 consistent:0.8703
2026-03-09 19:58:25,190 - utils.logger2026-03-09-19.55.42 - INFO - saving the model at the end of epoch 39, iters 1092
2026-03-09 19:58:25,464 - utils.logger2026-03-09-19.55.42 - INFO - End of training epoch 39 / 40 	 Time Taken: 2 sec
2026-03-09 19:58:25,465 - utils.logger2026-03-09-19.55.42 - INFO - learning rate = 0.0000095
2026-03-09 19:58:26,436 - utils.logger2026-03-09-19.55.42 - INFO - Val result of epoch 39 / 40 mae 1.1937 corr 0.3636 f1 0.6392
2026-03-09 19:58:27,499 - utils.logger2026-03-09-19.55.42 - INFO - Tst result of epoch 39 / 40 mae 1.2121 corr 0.4032 f1 0.6790
2026-03-09 19:58:28,388 - utils.logger2026-03-09-19.55.42 - INFO - Cur epoch 40 loss CE:0.5087 mse:0.1627 consistent:1.0467
2026-03-09 19:58:28,808 - utils.logger2026-03-09-19.55.42 - INFO - Cur epoch 40 loss CE:0.5265 mse:0.1584 consistent:1.0183
2026-03-09 19:58:29,302 - utils.logger2026-03-09-19.55.42 - INFO - Cur epoch 40 loss CE:0.4501 mse:0.1738 consistent:0.8915
2026-03-09 19:58:29,382 - utils.logger2026-03-09-19.55.42 - INFO - saving the model at the end of epoch 40, iters 1120
2026-03-09 19:58:29,753 - utils.logger2026-03-09-19.55.42 - INFO - End of training epoch 40 / 40 	 Time Taken: 2 sec
2026-03-09 19:58:29,753 - utils.logger2026-03-09-19.55.42 - INFO - learning rate = 0.0000000
2026-03-09 19:58:30,764 - utils.logger2026-03-09-19.55.42 - INFO - Val result of epoch 40 / 40 mae 1.1976 corr 0.3593 f1 0.6429
2026-03-09 19:58:31,809 - utils.logger2026-03-09-19.55.42 - INFO - Tst result of epoch 40 / 40 mae 1.2163 corr 0.3976 f1 0.6743
2026-03-09 19:58:31,810 - utils.logger2026-03-09-19.55.42 - INFO - Best eval epoch 16 found with MAE 1.075221
2026-03-09 19:58:31,810 - utils.logger2026-03-09-19.55.42 - INFO - Loading best model found on val set: epoch-16
2026-03-09 19:58:33,985 - utils.logger2026-03-09-19.55.42 - INFO - Tst result mae 1.0752 corr 0.5265 f1 0.7061
