2026-03-09 14:36:06,903 - utils.logger2026-03-09-14.36.01 - INFO - The number of training samples = 1750
2026-03-09 14:36:06,903 - utils.logger2026-03-09-14.36.01 - INFO - The number of testing samples = 1344
2026-03-09 14:36:09,961 - utils.logger2026-03-09-14.36.01 - INFO - Cur epoch 1 loss CE:2.8579 mse:1.2896 consistent:3.5135
2026-03-09 14:36:10,615 - utils.logger2026-03-09-14.36.01 - INFO - Cur epoch 1 loss CE:2.4280 mse:0.8508 consistent:3.5548
2026-03-09 14:36:11,313 - utils.logger2026-03-09-14.36.01 - INFO - saving the model at the end of epoch 1, iters 28
2026-03-09 14:36:11,970 - utils.logger2026-03-09-14.36.01 - INFO - End of training epoch 1 / 40 	 Time Taken: 4 sec
2026-03-09 14:36:11,970 - utils.logger2026-03-09-14.36.01 - INFO - learning rate = 0.0002000
2026-03-09 14:36:13,883 - utils.logger2026-03-09-14.36.01 - INFO - Val result of epoch 1 / 40 mae 1.2199 corr 0.4088 f1 0.6145
2026-03-09 14:36:15,854 - utils.logger2026-03-09-14.36.01 - INFO - Tst result of epoch 1 / 40 mae 1.3078 corr 0.4282 f1 0.6209
2026-03-09 14:36:16,980 - utils.logger2026-03-09-14.36.01 - INFO - Cur epoch 2 loss CE:1.9592 mse:0.5211 consistent:3.0154
2026-03-09 14:36:17,742 - utils.logger2026-03-09-14.36.01 - INFO - Cur epoch 2 loss CE:2.2464 mse:0.5774 consistent:3.0142
2026-03-09 14:36:18,494 - utils.logger2026-03-09-14.36.01 - INFO - Cur epoch 2 loss CE:1.6623 mse:0.4853 consistent:3.0918
2026-03-09 14:36:19,041 - utils.logger2026-03-09-14.36.01 - INFO - saving the model at the end of epoch 2, iters 56
2026-03-09 14:36:19,802 - utils.logger2026-03-09-14.36.01 - INFO - End of training epoch 2 / 40 	 Time Taken: 3 sec
2026-03-09 14:36:19,802 - utils.logger2026-03-09-14.36.01 - INFO - learning rate = 0.0002000
2026-03-09 14:36:21,679 - utils.logger2026-03-09-14.36.01 - INFO - Val result of epoch 2 / 40 mae 1.1890 corr 0.4877 f1 0.6518
2026-03-09 14:36:23,565 - utils.logger2026-03-09-14.36.01 - INFO - Tst result of epoch 2 / 40 mae 1.2785 corr 0.4857 f1 0.6347
2026-03-09 14:36:25,087 - utils.logger2026-03-09-14.36.01 - INFO - Cur epoch 3 loss CE:1.4557 mse:0.4270 consistent:2.8254
2026-03-09 14:36:25,728 - utils.logger2026-03-09-14.36.01 - INFO - Cur epoch 3 loss CE:1.3331 mse:0.3934 consistent:2.8075
2026-03-09 14:36:26,361 - utils.logger2026-03-09-14.36.01 - INFO - Cur epoch 3 loss CE:1.3172 mse:0.3393 consistent:2.8354
2026-03-09 14:36:26,741 - utils.logger2026-03-09-14.36.01 - INFO - saving the model at the end of epoch 3, iters 84
2026-03-09 14:36:27,521 - utils.logger2026-03-09-14.36.01 - INFO - End of training epoch 3 / 40 	 Time Taken: 3 sec
2026-03-09 14:36:27,522 - utils.logger2026-03-09-14.36.01 - INFO - learning rate = 0.0002000
2026-03-09 14:36:29,562 - utils.logger2026-03-09-14.36.01 - INFO - Val result of epoch 3 / 40 mae 1.1731 corr 0.4897 f1 0.6352
2026-03-09 14:36:31,572 - utils.logger2026-03-09-14.36.01 - INFO - Tst result of epoch 3 / 40 mae 1.2152 corr 0.5085 f1 0.6390
2026-03-09 14:36:33,006 - utils.logger2026-03-09-14.36.01 - INFO - Cur epoch 4 loss CE:1.7788 mse:0.3840 consistent:2.7074
2026-03-09 14:36:33,682 - utils.logger2026-03-09-14.36.01 - INFO - Cur epoch 4 loss CE:1.8297 mse:0.3970 consistent:2.8441
2026-03-09 14:36:34,465 - utils.logger2026-03-09-14.36.01 - INFO - Cur epoch 4 loss CE:1.4241 mse:0.3201 consistent:2.7131
2026-03-09 14:36:34,775 - utils.logger2026-03-09-14.36.01 - INFO - saving the model at the end of epoch 4, iters 112
2026-03-09 14:36:35,638 - utils.logger2026-03-09-14.36.01 - INFO - End of training epoch 4 / 40 	 Time Taken: 4 sec
2026-03-09 14:36:35,638 - utils.logger2026-03-09-14.36.01 - INFO - learning rate = 0.0002000
2026-03-09 14:36:37,567 - utils.logger2026-03-09-14.36.01 - INFO - Val result of epoch 4 / 40 mae 1.1185 corr 0.5011 f1 0.6620
2026-03-09 14:36:39,415 - utils.logger2026-03-09-14.36.01 - INFO - Tst result of epoch 4 / 40 mae 1.1962 corr 0.4887 f1 0.6391
2026-03-09 14:36:41,014 - utils.logger2026-03-09-14.36.01 - INFO - Cur epoch 5 loss CE:1.7505 mse:0.3190 consistent:2.4854
2026-03-09 14:36:41,610 - utils.logger2026-03-09-14.36.01 - INFO - Cur epoch 5 loss CE:1.5345 mse:0.3531 consistent:2.7108
2026-03-09 14:36:42,232 - utils.logger2026-03-09-14.36.01 - INFO - Cur epoch 5 loss CE:1.6226 mse:0.3027 consistent:2.3631
2026-03-09 14:36:42,373 - utils.logger2026-03-09-14.36.01 - INFO - saving the model at the end of epoch 5, iters 140
2026-03-09 14:36:43,210 - utils.logger2026-03-09-14.36.01 - INFO - End of training epoch 5 / 40 	 Time Taken: 3 sec
2026-03-09 14:36:43,210 - utils.logger2026-03-09-14.36.01 - INFO - learning rate = 0.0002000
2026-03-09 14:36:45,070 - utils.logger2026-03-09-14.36.01 - INFO - Val result of epoch 5 / 40 mae 1.0973 corr 0.5085 f1 0.6577
2026-03-09 14:36:46,943 - utils.logger2026-03-09-14.36.01 - INFO - Tst result of epoch 5 / 40 mae 1.1457 corr 0.5129 f1 0.6337
2026-03-09 14:36:48,644 - utils.logger2026-03-09-14.36.01 - INFO - Cur epoch 6 loss CE:1.7853 mse:0.2862 consistent:2.4017
2026-03-09 14:36:49,294 - utils.logger2026-03-09-14.36.01 - INFO - Cur epoch 6 loss CE:1.4938 mse:0.2762 consistent:2.1864
2026-03-09 14:36:50,137 - utils.logger2026-03-09-14.36.01 - INFO - saving the model at the end of epoch 6, iters 168
2026-03-09 14:36:50,625 - utils.logger2026-03-09-14.36.01 - INFO - End of training epoch 6 / 40 	 Time Taken: 3 sec
2026-03-09 14:36:50,626 - utils.logger2026-03-09-14.36.01 - INFO - learning rate = 0.0002000
2026-03-09 14:36:52,928 - utils.logger2026-03-09-14.36.01 - INFO - Val result of epoch 6 / 40 mae 1.0975 corr 0.5102 f1 0.6621
2026-03-09 14:36:55,115 - utils.logger2026-03-09-14.36.01 - INFO - Tst result of epoch 6 / 40 mae 1.1531 corr 0.4951 f1 0.6326
2026-03-09 14:36:56,348 - utils.logger2026-03-09-14.36.01 - INFO - Cur epoch 7 loss CE:2.0253 mse:0.3495 consistent:2.6197
2026-03-09 14:36:57,006 - utils.logger2026-03-09-14.36.01 - INFO - Cur epoch 7 loss CE:1.6053 mse:0.3124 consistent:2.3042
2026-03-09 14:36:57,702 - utils.logger2026-03-09-14.36.01 - INFO - Cur epoch 7 loss CE:1.4652 mse:0.3200 consistent:2.3686
2026-03-09 14:36:58,248 - utils.logger2026-03-09-14.36.01 - INFO - saving the model at the end of epoch 7, iters 196
2026-03-09 14:36:58,832 - utils.logger2026-03-09-14.36.01 - INFO - End of training epoch 7 / 40 	 Time Taken: 3 sec
2026-03-09 14:36:58,832 - utils.logger2026-03-09-14.36.01 - INFO - learning rate = 0.0002000
2026-03-09 14:37:00,905 - utils.logger2026-03-09-14.36.01 - INFO - Val result of epoch 7 / 40 mae 1.1245 corr 0.4949 f1 0.6345
2026-03-09 14:37:03,005 - utils.logger2026-03-09-14.36.01 - INFO - Tst result of epoch 7 / 40 mae 1.1994 corr 0.4936 f1 0.6527
2026-03-09 14:37:04,496 - utils.logger2026-03-09-14.36.01 - INFO - Cur epoch 8 loss CE:1.8348 mse:0.3534 consistent:2.5974
2026-03-09 14:37:05,236 - utils.logger2026-03-09-14.36.01 - INFO - Cur epoch 8 loss CE:1.6463 mse:0.3200 consistent:2.4143
2026-03-09 14:37:05,878 - utils.logger2026-03-09-14.36.01 - INFO - Cur epoch 8 loss CE:1.3802 mse:0.2870 consistent:2.2307
2026-03-09 14:37:06,336 - utils.logger2026-03-09-14.36.01 - INFO - saving the model at the end of epoch 8, iters 224
2026-03-09 14:37:07,198 - utils.logger2026-03-09-14.36.01 - INFO - End of training epoch 8 / 40 	 Time Taken: 4 sec
2026-03-09 14:37:07,199 - utils.logger2026-03-09-14.36.01 - INFO - learning rate = 0.0002000
2026-03-09 14:37:09,347 - utils.logger2026-03-09-14.36.01 - INFO - Val result of epoch 8 / 40 mae 1.1073 corr 0.5030 f1 0.6579
2026-03-09 14:37:11,259 - utils.logger2026-03-09-14.36.01 - INFO - Tst result of epoch 8 / 40 mae 1.1818 corr 0.4913 f1 0.6290
2026-03-09 14:37:12,627 - utils.logger2026-03-09-14.36.01 - INFO - Cur epoch 9 loss CE:1.3514 mse:0.2480 consistent:2.0967
2026-03-09 14:37:13,285 - utils.logger2026-03-09-14.36.01 - INFO - Cur epoch 9 loss CE:1.7371 mse:0.3381 consistent:2.3763
2026-03-09 14:37:14,090 - utils.logger2026-03-09-14.36.01 - INFO - Cur epoch 9 loss CE:2.0558 mse:0.2997 consistent:2.1203
2026-03-09 14:37:14,353 - utils.logger2026-03-09-14.36.01 - INFO - saving the model at the end of epoch 9, iters 252
2026-03-09 14:37:14,842 - utils.logger2026-03-09-14.36.01 - INFO - End of training epoch 9 / 40 	 Time Taken: 3 sec
2026-03-09 14:37:14,843 - utils.logger2026-03-09-14.36.01 - INFO - learning rate = 0.0002000
2026-03-09 14:37:16,575 - utils.logger2026-03-09-14.36.01 - INFO - Val result of epoch 9 / 40 mae 1.1025 corr 0.5004 f1 0.6526
2026-03-09 14:37:18,091 - utils.logger2026-03-09-14.36.01 - INFO - Tst result of epoch 9 / 40 mae 1.1266 corr 0.5123 f1 0.6533
2026-03-09 14:37:19,074 - utils.logger2026-03-09-14.36.01 - INFO - Cur epoch 10 loss CE:1.4410 mse:0.2695 consistent:2.2841
2026-03-09 14:37:19,608 - utils.logger2026-03-09-14.36.01 - INFO - Cur epoch 10 loss CE:1.8773 mse:0.2629 consistent:2.0460
2026-03-09 14:37:20,201 - utils.logger2026-03-09-14.36.01 - INFO - Cur epoch 10 loss CE:1.5004 mse:0.2614 consistent:2.1585
2026-03-09 14:37:20,359 - utils.logger2026-03-09-14.36.01 - INFO - saving the model at the end of epoch 10, iters 280
2026-03-09 14:37:20,728 - utils.logger2026-03-09-14.36.01 - INFO - End of training epoch 10 / 40 	 Time Taken: 2 sec
2026-03-09 14:37:20,729 - utils.logger2026-03-09-14.36.01 - INFO - learning rate = 0.0002000
2026-03-09 14:37:22,581 - utils.logger2026-03-09-14.36.01 - INFO - Val result of epoch 10 / 40 mae 1.1183 corr 0.5109 f1 0.6629
2026-03-09 14:37:24,606 - utils.logger2026-03-09-14.36.01 - INFO - Tst result of epoch 10 / 40 mae 1.1824 corr 0.5048 f1 0.6407
2026-03-09 14:37:26,303 - utils.logger2026-03-09-14.36.01 - INFO - Cur epoch 11 loss CE:1.0651 mse:0.2178 consistent:2.0085
2026-03-09 14:37:27,115 - utils.logger2026-03-09-14.36.01 - INFO - Cur epoch 11 loss CE:1.2327 mse:0.1945 consistent:1.9604
2026-03-09 14:37:27,822 - utils.logger2026-03-09-14.36.01 - INFO - saving the model at the end of epoch 11, iters 308
2026-03-09 14:37:28,485 - utils.logger2026-03-09-14.36.01 - INFO - End of training epoch 11 / 40 	 Time Taken: 3 sec
2026-03-09 14:37:28,485 - utils.logger2026-03-09-14.36.01 - INFO - learning rate = 0.0002000
2026-03-09 14:37:30,416 - utils.logger2026-03-09-14.36.01 - INFO - Val result of epoch 11 / 40 mae 1.0888 corr 0.5080 f1 0.6546
2026-03-09 14:37:32,360 - utils.logger2026-03-09-14.36.01 - INFO - Tst result of epoch 11 / 40 mae 1.1216 corr 0.5088 f1 0.7042
2026-03-09 14:37:33,538 - utils.logger2026-03-09-14.36.01 - INFO - Cur epoch 12 loss CE:2.0431 mse:0.2685 consistent:2.0270
2026-03-09 14:37:34,197 - utils.logger2026-03-09-14.36.01 - INFO - Cur epoch 12 loss CE:1.5343 mse:0.2397 consistent:2.0202
2026-03-09 14:37:34,833 - utils.logger2026-03-09-14.36.01 - INFO - Cur epoch 12 loss CE:1.3149 mse:0.2147 consistent:1.9862
2026-03-09 14:37:35,358 - utils.logger2026-03-09-14.36.01 - INFO - saving the model at the end of epoch 12, iters 336
2026-03-09 14:37:35,887 - utils.logger2026-03-09-14.36.01 - INFO - End of training epoch 12 / 40 	 Time Taken: 3 sec
2026-03-09 14:37:35,888 - utils.logger2026-03-09-14.36.01 - INFO - learning rate = 0.0002000
2026-03-09 14:37:37,863 - utils.logger2026-03-09-14.36.01 - INFO - Val result of epoch 12 / 40 mae 1.1221 corr 0.5052 f1 0.6618
2026-03-09 14:37:39,834 - utils.logger2026-03-09-14.36.01 - INFO - Tst result of epoch 12 / 40 mae 1.1916 corr 0.5073 f1 0.6443
2026-03-09 14:37:41,136 - utils.logger2026-03-09-14.36.01 - INFO - Cur epoch 13 loss CE:1.2754 mse:0.2146 consistent:1.9982
2026-03-09 14:37:41,826 - utils.logger2026-03-09-14.36.01 - INFO - Cur epoch 13 loss CE:1.0061 mse:0.1747 consistent:1.7502
2026-03-09 14:37:42,455 - utils.logger2026-03-09-14.36.01 - INFO - Cur epoch 13 loss CE:1.4288 mse:0.1966 consistent:1.8885
2026-03-09 14:37:42,916 - utils.logger2026-03-09-14.36.01 - INFO - saving the model at the end of epoch 13, iters 364
2026-03-09 14:37:43,582 - utils.logger2026-03-09-14.36.01 - INFO - End of training epoch 13 / 40 	 Time Taken: 3 sec
2026-03-09 14:37:43,582 - utils.logger2026-03-09-14.36.01 - INFO - learning rate = 0.0002000
2026-03-09 14:37:45,386 - utils.logger2026-03-09-14.36.01 - INFO - Val result of epoch 13 / 40 mae 1.1037 corr 0.4880 f1 0.6397
2026-03-09 14:37:47,338 - utils.logger2026-03-09-14.36.01 - INFO - Tst result of epoch 13 / 40 mae 1.1236 corr 0.5044 f1 0.6361
2026-03-09 14:37:48,756 - utils.logger2026-03-09-14.36.01 - INFO - Cur epoch 14 loss CE:1.2517 mse:0.2298 consistent:1.6700
2026-03-09 14:37:49,432 - utils.logger2026-03-09-14.36.01 - INFO - Cur epoch 14 loss CE:1.2804 mse:0.2088 consistent:1.8753
2026-03-09 14:37:50,146 - utils.logger2026-03-09-14.36.01 - INFO - Cur epoch 14 loss CE:1.1042 mse:0.1807 consistent:1.7267
2026-03-09 14:37:50,476 - utils.logger2026-03-09-14.36.01 - INFO - saving the model at the end of epoch 14, iters 392
2026-03-09 14:37:51,096 - utils.logger2026-03-09-14.36.01 - INFO - End of training epoch 14 / 40 	 Time Taken: 3 sec
2026-03-09 14:37:51,097 - utils.logger2026-03-09-14.36.01 - INFO - learning rate = 0.0002000
2026-03-09 14:37:53,282 - utils.logger2026-03-09-14.36.01 - INFO - Val result of epoch 14 / 40 mae 1.1262 corr 0.4992 f1 0.6401
2026-03-09 14:37:55,428 - utils.logger2026-03-09-14.36.01 - INFO - Tst result of epoch 14 / 40 mae 1.1719 corr 0.5127 f1 0.6656
2026-03-09 14:37:57,188 - utils.logger2026-03-09-14.36.01 - INFO - Cur epoch 15 loss CE:1.3578 mse:0.2067 consistent:1.9021
2026-03-09 14:37:57,852 - utils.logger2026-03-09-14.36.01 - INFO - Cur epoch 15 loss CE:1.2533 mse:0.2157 consistent:1.8043
2026-03-09 14:37:58,468 - utils.logger2026-03-09-14.36.01 - INFO - Cur epoch 15 loss CE:2.2834 mse:0.2115 consistent:1.7905
2026-03-09 14:37:58,621 - utils.logger2026-03-09-14.36.01 - INFO - saving the model at the end of epoch 15, iters 420
2026-03-09 14:37:59,466 - utils.logger2026-03-09-14.36.01 - INFO - End of training epoch 15 / 40 	 Time Taken: 4 sec
2026-03-09 14:37:59,467 - utils.logger2026-03-09-14.36.01 - INFO - learning rate = 0.0002000
2026-03-09 14:38:01,502 - utils.logger2026-03-09-14.36.01 - INFO - Val result of epoch 15 / 40 mae 1.1049 corr 0.4846 f1 0.6481
2026-03-09 14:38:03,582 - utils.logger2026-03-09-14.36.01 - INFO - Tst result of epoch 15 / 40 mae 1.1349 corr 0.5069 f1 0.6449
2026-03-09 14:38:05,423 - utils.logger2026-03-09-14.36.01 - INFO - Cur epoch 16 loss CE:1.4216 mse:0.1785 consistent:1.5612
2026-03-09 14:38:06,120 - utils.logger2026-03-09-14.36.01 - INFO - Cur epoch 16 loss CE:1.4689 mse:0.1888 consistent:1.7058
2026-03-09 14:38:06,791 - utils.logger2026-03-09-14.36.01 - INFO - saving the model at the end of epoch 16, iters 448
2026-03-09 14:38:07,396 - utils.logger2026-03-09-14.36.01 - INFO - End of training epoch 16 / 40 	 Time Taken: 3 sec
2026-03-09 14:38:07,396 - utils.logger2026-03-09-14.36.01 - INFO - learning rate = 0.0002000
2026-03-09 14:38:09,267 - utils.logger2026-03-09-14.36.01 - INFO - Val result of epoch 16 / 40 mae 1.1089 corr 0.4964 f1 0.6547
2026-03-09 14:38:11,246 - utils.logger2026-03-09-14.36.01 - INFO - Tst result of epoch 16 / 40 mae 1.1585 corr 0.5101 f1 0.6955
2026-03-09 14:38:12,416 - utils.logger2026-03-09-14.36.01 - INFO - Cur epoch 17 loss CE:1.8276 mse:0.2285 consistent:1.7532
2026-03-09 14:38:13,115 - utils.logger2026-03-09-14.36.01 - INFO - Cur epoch 17 loss CE:1.3850 mse:0.1719 consistent:1.6691
2026-03-09 14:38:13,759 - utils.logger2026-03-09-14.36.01 - INFO - Cur epoch 17 loss CE:1.3660 mse:0.1686 consistent:1.5644
2026-03-09 14:38:14,299 - utils.logger2026-03-09-14.36.01 - INFO - saving the model at the end of epoch 17, iters 476
2026-03-09 14:38:15,038 - utils.logger2026-03-09-14.36.01 - INFO - End of training epoch 17 / 40 	 Time Taken: 3 sec
2026-03-09 14:38:15,038 - utils.logger2026-03-09-14.36.01 - INFO - learning rate = 0.0002000
2026-03-09 14:38:17,030 - utils.logger2026-03-09-14.36.01 - INFO - Val result of epoch 17 / 40 mae 1.1459 corr 0.4938 f1 0.6491
2026-03-09 14:38:18,995 - utils.logger2026-03-09-14.36.01 - INFO - Tst result of epoch 17 / 40 mae 1.2181 corr 0.5158 f1 0.6481
2026-03-09 14:38:20,272 - utils.logger2026-03-09-14.36.01 - INFO - Cur epoch 18 loss CE:1.0333 mse:0.1459 consistent:1.4117
2026-03-09 14:38:20,959 - utils.logger2026-03-09-14.36.01 - INFO - Cur epoch 18 loss CE:1.3883 mse:0.1933 consistent:1.7592
2026-03-09 14:38:21,674 - utils.logger2026-03-09-14.36.01 - INFO - Cur epoch 18 loss CE:1.4376 mse:0.1777 consistent:1.6865
2026-03-09 14:38:22,076 - utils.logger2026-03-09-14.36.01 - INFO - saving the model at the end of epoch 18, iters 504
2026-03-09 14:38:22,664 - utils.logger2026-03-09-14.36.01 - INFO - End of training epoch 18 / 40 	 Time Taken: 3 sec
2026-03-09 14:38:22,665 - utils.logger2026-03-09-14.36.01 - INFO - learning rate = 0.0002000
2026-03-09 14:38:24,837 - utils.logger2026-03-09-14.36.01 - INFO - Val result of epoch 18 / 40 mae 1.1306 corr 0.4787 f1 0.6528
2026-03-09 14:38:26,739 - utils.logger2026-03-09-14.36.01 - INFO - Tst result of epoch 18 / 40 mae 1.1788 corr 0.5128 f1 0.6777
2026-03-09 14:38:28,177 - utils.logger2026-03-09-14.36.01 - INFO - Cur epoch 19 loss CE:1.3313 mse:0.2164 consistent:1.7806
2026-03-09 14:38:28,837 - utils.logger2026-03-09-14.36.01 - INFO - Cur epoch 19 loss CE:1.0717 mse:0.1841 consistent:1.5679
2026-03-09 14:38:29,628 - utils.logger2026-03-09-14.36.01 - INFO - Cur epoch 19 loss CE:1.3294 mse:0.1848 consistent:1.4879
2026-03-09 14:38:30,010 - utils.logger2026-03-09-14.36.01 - INFO - saving the model at the end of epoch 19, iters 532
2026-03-09 14:38:30,533 - utils.logger2026-03-09-14.36.01 - INFO - End of training epoch 19 / 40 	 Time Taken: 3 sec
2026-03-09 14:38:30,534 - utils.logger2026-03-09-14.36.01 - INFO - learning rate = 0.0002000
2026-03-09 14:38:32,540 - utils.logger2026-03-09-14.36.01 - INFO - Val result of epoch 19 / 40 mae 1.1101 corr 0.4652 f1 0.6723
2026-03-09 14:38:33,908 - utils.logger2026-03-09-14.36.01 - INFO - Tst result of epoch 19 / 40 mae 1.0874 corr 0.5063 f1 0.7280
2026-03-09 14:38:35,028 - utils.logger2026-03-09-14.36.01 - INFO - Cur epoch 20 loss CE:1.3820 mse:0.1636 consistent:1.5371
2026-03-09 14:38:35,545 - utils.logger2026-03-09-14.36.01 - INFO - Cur epoch 20 loss CE:0.9919 mse:0.1863 consistent:1.5560
2026-03-09 14:38:36,243 - utils.logger2026-03-09-14.36.01 - INFO - Cur epoch 20 loss CE:1.1763 mse:0.1938 consistent:1.7580
2026-03-09 14:38:36,469 - utils.logger2026-03-09-14.36.01 - INFO - saving the model at the end of epoch 20, iters 560
2026-03-09 14:38:36,945 - utils.logger2026-03-09-14.36.01 - INFO - End of training epoch 20 / 40 	 Time Taken: 3 sec
2026-03-09 14:38:36,946 - utils.logger2026-03-09-14.36.01 - INFO - learning rate = 0.0001905
2026-03-09 14:38:39,198 - utils.logger2026-03-09-14.36.01 - INFO - Val result of epoch 20 / 40 mae 1.1083 corr 0.4736 f1 0.6541
2026-03-09 14:38:41,238 - utils.logger2026-03-09-14.36.01 - INFO - Tst result of epoch 20 / 40 mae 1.1269 corr 0.5023 f1 0.6872
2026-03-09 14:38:42,960 - utils.logger2026-03-09-14.36.01 - INFO - Cur epoch 21 loss CE:0.9841 mse:0.1722 consistent:1.5747
2026-03-09 14:38:43,591 - utils.logger2026-03-09-14.36.01 - INFO - Cur epoch 21 loss CE:1.0480 mse:0.1535 consistent:1.3071
2026-03-09 14:38:44,243 - utils.logger2026-03-09-14.36.01 - INFO - saving the model at the end of epoch 21, iters 588
2026-03-09 14:38:44,903 - utils.logger2026-03-09-14.36.01 - INFO - End of training epoch 21 / 40 	 Time Taken: 3 sec
2026-03-09 14:38:44,903 - utils.logger2026-03-09-14.36.01 - INFO - learning rate = 0.0001810
2026-03-09 14:38:46,875 - utils.logger2026-03-09-14.36.01 - INFO - Val result of epoch 21 / 40 mae 1.1048 corr 0.4707 f1 0.6519
2026-03-09 14:38:48,928 - utils.logger2026-03-09-14.36.01 - INFO - Tst result of epoch 21 / 40 mae 1.1329 corr 0.4900 f1 0.6761
2026-03-09 14:38:50,244 - utils.logger2026-03-09-14.36.01 - INFO - Cur epoch 22 loss CE:1.1544 mse:0.1837 consistent:1.6028
2026-03-09 14:38:50,994 - utils.logger2026-03-09-14.36.01 - INFO - Cur epoch 22 loss CE:1.4374 mse:0.2225 consistent:1.5960
2026-03-09 14:38:51,665 - utils.logger2026-03-09-14.36.01 - INFO - Cur epoch 22 loss CE:1.2816 mse:0.1896 consistent:1.4696
2026-03-09 14:38:52,228 - utils.logger2026-03-09-14.36.01 - INFO - saving the model at the end of epoch 22, iters 616
2026-03-09 14:38:52,782 - utils.logger2026-03-09-14.36.01 - INFO - End of training epoch 22 / 40 	 Time Taken: 3 sec
2026-03-09 14:38:52,782 - utils.logger2026-03-09-14.36.01 - INFO - learning rate = 0.0001714
2026-03-09 14:38:54,765 - utils.logger2026-03-09-14.36.01 - INFO - Val result of epoch 22 / 40 mae 1.1180 corr 0.4580 f1 0.6490
2026-03-09 14:38:56,595 - utils.logger2026-03-09-14.36.01 - INFO - Tst result of epoch 22 / 40 mae 1.1472 corr 0.4763 f1 0.6893
2026-03-09 14:38:57,911 - utils.logger2026-03-09-14.36.01 - INFO - Cur epoch 23 loss CE:1.2647 mse:0.1779 consistent:1.5021
2026-03-09 14:38:58,611 - utils.logger2026-03-09-14.36.01 - INFO - Cur epoch 23 loss CE:1.0024 mse:0.1711 consistent:1.5331
2026-03-09 14:38:59,248 - utils.logger2026-03-09-14.36.01 - INFO - Cur epoch 23 loss CE:1.2622 mse:0.1453 consistent:1.2360
2026-03-09 14:38:59,670 - utils.logger2026-03-09-14.36.01 - INFO - saving the model at the end of epoch 23, iters 644
2026-03-09 14:39:00,526 - utils.logger2026-03-09-14.36.01 - INFO - End of training epoch 23 / 40 	 Time Taken: 3 sec
2026-03-09 14:39:00,526 - utils.logger2026-03-09-14.36.01 - INFO - learning rate = 0.0001619
2026-03-09 14:39:02,744 - utils.logger2026-03-09-14.36.01 - INFO - Val result of epoch 23 / 40 mae 1.1521 corr 0.4394 f1 0.6590
2026-03-09 14:39:04,693 - utils.logger2026-03-09-14.36.01 - INFO - Tst result of epoch 23 / 40 mae 1.2045 corr 0.4603 f1 0.6693
2026-03-09 14:39:06,299 - utils.logger2026-03-09-14.36.01 - INFO - Cur epoch 24 loss CE:0.7044 mse:0.1768 consistent:1.2786
2026-03-09 14:39:06,969 - utils.logger2026-03-09-14.36.01 - INFO - Cur epoch 24 loss CE:0.8600 mse:0.1680 consistent:1.4252
2026-03-09 14:39:07,661 - utils.logger2026-03-09-14.36.01 - INFO - Cur epoch 24 loss CE:0.9113 mse:0.1694 consistent:1.3762
2026-03-09 14:39:07,942 - utils.logger2026-03-09-14.36.01 - INFO - saving the model at the end of epoch 24, iters 672
2026-03-09 14:39:08,659 - utils.logger2026-03-09-14.36.01 - INFO - End of training epoch 24 / 40 	 Time Taken: 3 sec
2026-03-09 14:39:08,659 - utils.logger2026-03-09-14.36.01 - INFO - learning rate = 0.0001524
2026-03-09 14:39:10,582 - utils.logger2026-03-09-14.36.01 - INFO - Val result of epoch 24 / 40 mae 1.1376 corr 0.4614 f1 0.6541
2026-03-09 14:39:12,440 - utils.logger2026-03-09-14.36.01 - INFO - Tst result of epoch 24 / 40 mae 1.1926 corr 0.4660 f1 0.6640
2026-03-09 14:39:14,035 - utils.logger2026-03-09-14.36.01 - INFO - Cur epoch 25 loss CE:0.6674 mse:0.1602 consistent:1.4447
2026-03-09 14:39:14,711 - utils.logger2026-03-09-14.36.01 - INFO - Cur epoch 25 loss CE:0.7980 mse:0.1624 consistent:1.2636
2026-03-09 14:39:15,357 - utils.logger2026-03-09-14.36.01 - INFO - Cur epoch 25 loss CE:0.7805 mse:0.1319 consistent:1.3141
2026-03-09 14:39:15,495 - utils.logger2026-03-09-14.36.01 - INFO - saving the model at the end of epoch 25, iters 700
2026-03-09 14:39:16,251 - utils.logger2026-03-09-14.36.01 - INFO - End of training epoch 25 / 40 	 Time Taken: 3 sec
2026-03-09 14:39:16,251 - utils.logger2026-03-09-14.36.01 - INFO - learning rate = 0.0001429
2026-03-09 14:39:18,108 - utils.logger2026-03-09-14.36.01 - INFO - Val result of epoch 25 / 40 mae 1.1591 corr 0.4108 f1 0.6374
2026-03-09 14:39:20,221 - utils.logger2026-03-09-14.36.01 - INFO - Tst result of epoch 25 / 40 mae 1.1860 corr 0.4363 f1 0.6634
2026-03-09 14:39:22,153 - utils.logger2026-03-09-14.36.01 - INFO - Cur epoch 26 loss CE:0.8292 mse:0.1599 consistent:1.2151
2026-03-09 14:39:22,791 - utils.logger2026-03-09-14.36.01 - INFO - Cur epoch 26 loss CE:0.9348 mse:0.1648 consistent:1.3597
2026-03-09 14:39:23,479 - utils.logger2026-03-09-14.36.01 - INFO - saving the model at the end of epoch 26, iters 728
2026-03-09 14:39:24,298 - utils.logger2026-03-09-14.36.01 - INFO - End of training epoch 26 / 40 	 Time Taken: 4 sec
2026-03-09 14:39:24,299 - utils.logger2026-03-09-14.36.01 - INFO - learning rate = 0.0001333
2026-03-09 14:39:26,303 - utils.logger2026-03-09-14.36.01 - INFO - Val result of epoch 26 / 40 mae 1.1452 corr 0.4074 f1 0.6652
2026-03-09 14:39:28,358 - utils.logger2026-03-09-14.36.01 - INFO - Tst result of epoch 26 / 40 mae 1.1609 corr 0.4390 f1 0.6787
2026-03-09 14:39:29,727 - utils.logger2026-03-09-14.36.01 - INFO - Cur epoch 27 loss CE:0.5895 mse:0.1557 consistent:1.3114
2026-03-09 14:39:30,372 - utils.logger2026-03-09-14.36.01 - INFO - Cur epoch 27 loss CE:0.9534 mse:0.1435 consistent:1.2297
2026-03-09 14:39:31,121 - utils.logger2026-03-09-14.36.01 - INFO - Cur epoch 27 loss CE:0.8525 mse:0.1983 consistent:1.3746
2026-03-09 14:39:31,733 - utils.logger2026-03-09-14.36.01 - INFO - saving the model at the end of epoch 27, iters 756
2026-03-09 14:39:32,485 - utils.logger2026-03-09-14.36.01 - INFO - End of training epoch 27 / 40 	 Time Taken: 4 sec
2026-03-09 14:39:32,485 - utils.logger2026-03-09-14.36.01 - INFO - learning rate = 0.0001238
2026-03-09 14:39:34,485 - utils.logger2026-03-09-14.36.01 - INFO - Val result of epoch 27 / 40 mae 1.2518 corr 0.3770 f1 0.6656
2026-03-09 14:39:36,460 - utils.logger2026-03-09-14.36.01 - INFO - Tst result of epoch 27 / 40 mae 1.3081 corr 0.4122 f1 0.6589
2026-03-09 14:39:37,807 - utils.logger2026-03-09-14.36.01 - INFO - Cur epoch 28 loss CE:1.4075 mse:0.1803 consistent:1.3439
2026-03-09 14:39:38,502 - utils.logger2026-03-09-14.36.01 - INFO - Cur epoch 28 loss CE:0.8056 mse:0.1432 consistent:1.0625
2026-03-09 14:39:39,153 - utils.logger2026-03-09-14.36.01 - INFO - Cur epoch 28 loss CE:0.6949 mse:0.1545 consistent:1.2651
2026-03-09 14:39:39,552 - utils.logger2026-03-09-14.36.01 - INFO - saving the model at the end of epoch 28, iters 784
2026-03-09 14:39:39,916 - utils.logger2026-03-09-14.36.01 - INFO - End of training epoch 28 / 40 	 Time Taken: 3 sec
2026-03-09 14:39:39,917 - utils.logger2026-03-09-14.36.01 - INFO - learning rate = 0.0001143
2026-03-09 14:39:41,766 - utils.logger2026-03-09-14.36.01 - INFO - Val result of epoch 28 / 40 mae 1.1450 corr 0.4257 f1 0.6596
2026-03-09 14:39:43,843 - utils.logger2026-03-09-14.36.01 - INFO - Tst result of epoch 28 / 40 mae 1.1745 corr 0.4485 f1 0.6725
2026-03-09 14:39:45,335 - utils.logger2026-03-09-14.36.01 - INFO - Cur epoch 29 loss CE:0.7933 mse:0.1790 consistent:1.3443
2026-03-09 14:39:46,080 - utils.logger2026-03-09-14.36.01 - INFO - Cur epoch 29 loss CE:0.6697 mse:0.1703 consistent:1.2668
2026-03-09 14:39:46,800 - utils.logger2026-03-09-14.36.01 - INFO - Cur epoch 29 loss CE:0.7294 mse:0.1425 consistent:1.1194
2026-03-09 14:39:47,122 - utils.logger2026-03-09-14.36.01 - INFO - saving the model at the end of epoch 29, iters 812
2026-03-09 14:39:47,952 - utils.logger2026-03-09-14.36.01 - INFO - End of training epoch 29 / 40 	 Time Taken: 4 sec
2026-03-09 14:39:47,952 - utils.logger2026-03-09-14.36.01 - INFO - learning rate = 0.0001048
2026-03-09 14:39:49,342 - utils.logger2026-03-09-14.36.01 - INFO - Val result of epoch 29 / 40 mae 1.1779 corr 0.3883 f1 0.6589
2026-03-09 14:39:50,786 - utils.logger2026-03-09-14.36.01 - INFO - Tst result of epoch 29 / 40 mae 1.1881 corr 0.4418 f1 0.6821
2026-03-09 14:39:52,084 - utils.logger2026-03-09-14.36.01 - INFO - Cur epoch 30 loss CE:0.5352 mse:0.1392 consistent:1.1336
2026-03-09 14:39:52,711 - utils.logger2026-03-09-14.36.01 - INFO - Cur epoch 30 loss CE:0.7100 mse:0.1813 consistent:1.3384
2026-03-09 14:39:53,347 - utils.logger2026-03-09-14.36.01 - INFO - Cur epoch 30 loss CE:1.0732 mse:0.1759 consistent:1.4097
2026-03-09 14:39:53,499 - utils.logger2026-03-09-14.36.01 - INFO - saving the model at the end of epoch 30, iters 840
2026-03-09 14:39:53,987 - utils.logger2026-03-09-14.36.01 - INFO - End of training epoch 30 / 40 	 Time Taken: 3 sec
2026-03-09 14:39:53,987 - utils.logger2026-03-09-14.36.01 - INFO - learning rate = 0.0000952
2026-03-09 14:39:56,131 - utils.logger2026-03-09-14.36.01 - INFO - Val result of epoch 30 / 40 mae 1.1962 corr 0.4192 f1 0.6537
2026-03-09 14:39:58,206 - utils.logger2026-03-09-14.36.01 - INFO - Tst result of epoch 30 / 40 mae 1.2444 corr 0.4408 f1 0.6659
2026-03-09 14:39:59,921 - utils.logger2026-03-09-14.36.01 - INFO - Cur epoch 31 loss CE:0.6157 mse:0.1312 consistent:1.1890
2026-03-09 14:40:00,554 - utils.logger2026-03-09-14.36.01 - INFO - Cur epoch 31 loss CE:0.6407 mse:0.1563 consistent:1.1058
2026-03-09 14:40:01,247 - utils.logger2026-03-09-14.36.01 - INFO - saving the model at the end of epoch 31, iters 868
2026-03-09 14:40:02,009 - utils.logger2026-03-09-14.36.01 - INFO - End of training epoch 31 / 40 	 Time Taken: 3 sec
2026-03-09 14:40:02,010 - utils.logger2026-03-09-14.36.01 - INFO - learning rate = 0.0000857
2026-03-09 14:40:04,272 - utils.logger2026-03-09-14.36.01 - INFO - Val result of epoch 31 / 40 mae 1.1595 corr 0.4130 f1 0.6714
2026-03-09 14:40:06,324 - utils.logger2026-03-09-14.36.01 - INFO - Tst result of epoch 31 / 40 mae 1.1880 corr 0.4403 f1 0.6648
2026-03-09 14:40:07,493 - utils.logger2026-03-09-14.36.01 - INFO - Cur epoch 32 loss CE:0.3345 mse:0.1232 consistent:1.0191
2026-03-09 14:40:08,176 - utils.logger2026-03-09-14.36.01 - INFO - Cur epoch 32 loss CE:0.8525 mse:0.1559 consistent:1.1657
2026-03-09 14:40:08,810 - utils.logger2026-03-09-14.36.01 - INFO - Cur epoch 32 loss CE:0.5772 mse:0.1494 consistent:1.1461
2026-03-09 14:40:09,383 - utils.logger2026-03-09-14.36.01 - INFO - saving the model at the end of epoch 32, iters 896
2026-03-09 14:40:10,240 - utils.logger2026-03-09-14.36.01 - INFO - End of training epoch 32 / 40 	 Time Taken: 3 sec
2026-03-09 14:40:10,241 - utils.logger2026-03-09-14.36.01 - INFO - learning rate = 0.0000762
2026-03-09 14:40:12,355 - utils.logger2026-03-09-14.36.01 - INFO - Val result of epoch 32 / 40 mae 1.1789 corr 0.3898 f1 0.6584
2026-03-09 14:40:14,313 - utils.logger2026-03-09-14.36.01 - INFO - Tst result of epoch 32 / 40 mae 1.2127 corr 0.4187 f1 0.6660
2026-03-09 14:40:15,559 - utils.logger2026-03-09-14.36.01 - INFO - Cur epoch 33 loss CE:0.7929 mse:0.1483 consistent:1.0987
2026-03-09 14:40:16,254 - utils.logger2026-03-09-14.36.01 - INFO - Cur epoch 33 loss CE:0.7795 mse:0.1641 consistent:1.0875
2026-03-09 14:40:16,864 - utils.logger2026-03-09-14.36.01 - INFO - Cur epoch 33 loss CE:0.5359 mse:0.1538 consistent:1.2071
2026-03-09 14:40:17,259 - utils.logger2026-03-09-14.36.01 - INFO - saving the model at the end of epoch 33, iters 924
2026-03-09 14:40:17,757 - utils.logger2026-03-09-14.36.01 - INFO - End of training epoch 33 / 40 	 Time Taken: 3 sec
2026-03-09 14:40:17,758 - utils.logger2026-03-09-14.36.01 - INFO - learning rate = 0.0000667
2026-03-09 14:40:19,733 - utils.logger2026-03-09-14.36.01 - INFO - Val result of epoch 33 / 40 mae 1.2022 corr 0.3796 f1 0.6599
2026-03-09 14:40:21,822 - utils.logger2026-03-09-14.36.01 - INFO - Tst result of epoch 33 / 40 mae 1.2344 corr 0.4175 f1 0.6734
2026-03-09 14:40:23,209 - utils.logger2026-03-09-14.36.01 - INFO - Cur epoch 34 loss CE:0.7503 mse:0.1722 consistent:1.1981
2026-03-09 14:40:23,783 - utils.logger2026-03-09-14.36.01 - INFO - Cur epoch 34 loss CE:0.7778 mse:0.1467 consistent:1.1771
2026-03-09 14:40:24,418 - utils.logger2026-03-09-14.36.01 - INFO - Cur epoch 34 loss CE:0.4762 mse:0.1884 consistent:1.1748
2026-03-09 14:40:24,679 - utils.logger2026-03-09-14.36.01 - INFO - saving the model at the end of epoch 34, iters 952
2026-03-09 14:40:25,435 - utils.logger2026-03-09-14.36.01 - INFO - End of training epoch 34 / 40 	 Time Taken: 3 sec
2026-03-09 14:40:25,436 - utils.logger2026-03-09-14.36.01 - INFO - learning rate = 0.0000571
2026-03-09 14:40:27,436 - utils.logger2026-03-09-14.36.01 - INFO - Val result of epoch 34 / 40 mae 1.1802 corr 0.3857 f1 0.6677
2026-03-09 14:40:29,550 - utils.logger2026-03-09-14.36.01 - INFO - Tst result of epoch 34 / 40 mae 1.2006 corr 0.4285 f1 0.6766
2026-03-09 14:40:31,029 - utils.logger2026-03-09-14.36.01 - INFO - Cur epoch 35 loss CE:0.5196 mse:0.1270 consistent:1.0258
2026-03-09 14:40:31,682 - utils.logger2026-03-09-14.36.01 - INFO - Cur epoch 35 loss CE:0.5530 mse:0.1743 consistent:1.0608
2026-03-09 14:40:32,297 - utils.logger2026-03-09-14.36.01 - INFO - Cur epoch 35 loss CE:0.4910 mse:0.1494 consistent:1.0902
2026-03-09 14:40:32,445 - utils.logger2026-03-09-14.36.01 - INFO - saving the model at the end of epoch 35, iters 980
2026-03-09 14:40:33,103 - utils.logger2026-03-09-14.36.01 - INFO - End of training epoch 35 / 40 	 Time Taken: 3 sec
2026-03-09 14:40:33,103 - utils.logger2026-03-09-14.36.01 - INFO - learning rate = 0.0000476
2026-03-09 14:40:35,045 - utils.logger2026-03-09-14.36.01 - INFO - Val result of epoch 35 / 40 mae 1.1766 corr 0.3875 f1 0.6619
2026-03-09 14:40:37,060 - utils.logger2026-03-09-14.36.01 - INFO - Tst result of epoch 35 / 40 mae 1.2038 corr 0.4236 f1 0.6656
2026-03-09 14:40:38,819 - utils.logger2026-03-09-14.36.01 - INFO - Cur epoch 36 loss CE:0.7797 mse:0.1490 consistent:1.1081
2026-03-09 14:40:39,481 - utils.logger2026-03-09-14.36.01 - INFO - Cur epoch 36 loss CE:0.7637 mse:0.1653 consistent:1.0772
2026-03-09 14:40:40,156 - utils.logger2026-03-09-14.36.01 - INFO - saving the model at the end of epoch 36, iters 1008
2026-03-09 14:40:40,898 - utils.logger2026-03-09-14.36.01 - INFO - End of training epoch 36 / 40 	 Time Taken: 3 sec
2026-03-09 14:40:40,898 - utils.logger2026-03-09-14.36.01 - INFO - learning rate = 0.0000381
2026-03-09 14:40:42,765 - utils.logger2026-03-09-14.36.01 - INFO - Val result of epoch 36 / 40 mae 1.1808 corr 0.3985 f1 0.6546
2026-03-09 14:40:44,554 - utils.logger2026-03-09-14.36.01 - INFO - Tst result of epoch 36 / 40 mae 1.2109 corr 0.4384 f1 0.6715
2026-03-09 14:40:45,730 - utils.logger2026-03-09-14.36.01 - INFO - Cur epoch 37 loss CE:0.7337 mse:0.1644 consistent:1.1846
2026-03-09 14:40:46,359 - utils.logger2026-03-09-14.36.01 - INFO - Cur epoch 37 loss CE:0.7233 mse:0.1783 consistent:1.2809
2026-03-09 14:40:46,989 - utils.logger2026-03-09-14.36.01 - INFO - Cur epoch 37 loss CE:0.5768 mse:0.1483 consistent:1.1262
2026-03-09 14:40:47,504 - utils.logger2026-03-09-14.36.01 - INFO - saving the model at the end of epoch 37, iters 1036
2026-03-09 14:40:48,164 - utils.logger2026-03-09-14.36.01 - INFO - End of training epoch 37 / 40 	 Time Taken: 3 sec
2026-03-09 14:40:48,164 - utils.logger2026-03-09-14.36.01 - INFO - learning rate = 0.0000286
2026-03-09 14:40:50,170 - utils.logger2026-03-09-14.36.01 - INFO - Val result of epoch 37 / 40 mae 1.1878 corr 0.3937 f1 0.6540
2026-03-09 14:40:52,160 - utils.logger2026-03-09-14.36.01 - INFO - Tst result of epoch 37 / 40 mae 1.2299 corr 0.4231 f1 0.6693
2026-03-09 14:40:53,410 - utils.logger2026-03-09-14.36.01 - INFO - Cur epoch 38 loss CE:0.4600 mse:0.1392 consistent:1.0690
2026-03-09 14:40:54,082 - utils.logger2026-03-09-14.36.01 - INFO - Cur epoch 38 loss CE:0.4966 mse:0.1505 consistent:1.1418
2026-03-09 14:40:54,709 - utils.logger2026-03-09-14.36.01 - INFO - Cur epoch 38 loss CE:0.7536 mse:0.1505 consistent:1.0730
2026-03-09 14:40:55,086 - utils.logger2026-03-09-14.36.01 - INFO - saving the model at the end of epoch 38, iters 1064
2026-03-09 14:40:55,871 - utils.logger2026-03-09-14.36.01 - INFO - End of training epoch 38 / 40 	 Time Taken: 3 sec
2026-03-09 14:40:55,872 - utils.logger2026-03-09-14.36.01 - INFO - learning rate = 0.0000190
2026-03-09 14:40:57,854 - utils.logger2026-03-09-14.36.01 - INFO - Val result of epoch 38 / 40 mae 1.1784 corr 0.3957 f1 0.6543
2026-03-09 14:40:59,641 - utils.logger2026-03-09-14.36.01 - INFO - Tst result of epoch 38 / 40 mae 1.1977 corr 0.4369 f1 0.6750
2026-03-09 14:41:01,085 - utils.logger2026-03-09-14.36.01 - INFO - Cur epoch 39 loss CE:0.4974 mse:0.1711 consistent:1.1363
2026-03-09 14:41:01,795 - utils.logger2026-03-09-14.36.01 - INFO - Cur epoch 39 loss CE:0.3967 mse:0.1159 consistent:1.0653
2026-03-09 14:41:02,475 - utils.logger2026-03-09-14.36.01 - INFO - Cur epoch 39 loss CE:0.5851 mse:0.1451 consistent:1.0722
2026-03-09 14:41:02,718 - utils.logger2026-03-09-14.36.01 - INFO - saving the model at the end of epoch 39, iters 1092
2026-03-09 14:41:03,373 - utils.logger2026-03-09-14.36.01 - INFO - End of training epoch 39 / 40 	 Time Taken: 3 sec
2026-03-09 14:41:03,374 - utils.logger2026-03-09-14.36.01 - INFO - learning rate = 0.0000095
2026-03-09 14:41:05,229 - utils.logger2026-03-09-14.36.01 - INFO - Val result of epoch 39 / 40 mae 1.1911 corr 0.3862 f1 0.6521
2026-03-09 14:41:07,147 - utils.logger2026-03-09-14.36.01 - INFO - Tst result of epoch 39 / 40 mae 1.2292 corr 0.4155 f1 0.6643
2026-03-09 14:41:08,666 - utils.logger2026-03-09-14.36.01 - INFO - Cur epoch 40 loss CE:0.4513 mse:0.1574 consistent:1.1043
2026-03-09 14:41:09,312 - utils.logger2026-03-09-14.36.01 - INFO - Cur epoch 40 loss CE:0.6283 mse:0.1376 consistent:1.0852
2026-03-09 14:41:09,890 - utils.logger2026-03-09-14.36.01 - INFO - Cur epoch 40 loss CE:0.3036 mse:0.1752 consistent:1.3496
2026-03-09 14:41:09,980 - utils.logger2026-03-09-14.36.01 - INFO - saving the model at the end of epoch 40, iters 1120
2026-03-09 14:41:10,588 - utils.logger2026-03-09-14.36.01 - INFO - End of training epoch 40 / 40 	 Time Taken: 3 sec
2026-03-09 14:41:10,589 - utils.logger2026-03-09-14.36.01 - INFO - learning rate = 0.0000000
2026-03-09 14:41:11,832 - utils.logger2026-03-09-14.36.01 - INFO - Val result of epoch 40 / 40 mae 1.1868 corr 0.3877 f1 0.6568
2026-03-09 14:41:13,688 - utils.logger2026-03-09-14.36.01 - INFO - Tst result of epoch 40 / 40 mae 1.2213 corr 0.4193 f1 0.6729
2026-03-09 14:41:13,688 - utils.logger2026-03-09-14.36.01 - INFO - Best eval epoch 19 found with MAE 1.087433
2026-03-09 14:41:13,688 - utils.logger2026-03-09-14.36.01 - INFO - Loading best model found on val set: epoch-19
2026-03-09 14:41:17,738 - utils.logger2026-03-09-14.36.01 - INFO - Tst result mae 1.0874 corr 0.5063 f1 0.7280
