2026-03-04 20:46:04,159 - utils.logger2026-03-04-20.46.04 - INFO - The number of training samples = 1750
2026-03-04 20:46:07,163 - utils.logger2026-03-04-20.46.04 - INFO - Cur epoch 1 loss TA:1.0376 TV:1.0347 VA:2.0688 CE:9.4123
2026-03-04 20:46:08,046 - utils.logger2026-03-04-20.46.04 - INFO - Cur epoch 1 loss TA:1.0367 TV:1.0353 VA:2.0764 CE:5.2544
2026-03-04 20:46:08,841 - utils.logger2026-03-04-20.46.04 - INFO - saving the model at the end of epoch 1, iters 28
2026-03-04 20:46:08,991 - utils.logger2026-03-04-20.46.04 - INFO - End of training epoch 1 / 40 	 Time Taken: 4 sec
2026-03-04 20:46:08,991 - utils.logger2026-03-04-20.46.04 - INFO - learning rate = 0.0002000
2026-03-04 20:46:09,500 - utils.logger2026-03-04-20.46.04 - INFO - Val result of epoch 1 / 40 acc 0.5580 MAE 0.1558 f1 0.5743
2026-03-04 20:46:10,028 - utils.logger2026-03-04-20.46.04 - INFO - Tst result of epoch 1 / 40 acc 0.5580 MAE 0.1558 f1 0.5743
2026-03-04 20:46:10,615 - utils.logger2026-03-04-20.46.04 - INFO - Cur epoch 2 loss TA:1.0332 TV:1.0346 VA:2.0626 CE:4.1993
2026-03-04 20:46:11,580 - utils.logger2026-03-04-20.46.04 - INFO - Cur epoch 2 loss TA:1.0323 TV:1.0330 VA:2.0680 CE:3.2946
2026-03-04 20:46:12,507 - utils.logger2026-03-04-20.46.04 - INFO - Cur epoch 2 loss TA:1.0321 TV:1.0325 VA:2.0451 CE:3.0553
2026-03-04 20:46:13,131 - utils.logger2026-03-04-20.46.04 - INFO - saving the model at the end of epoch 2, iters 56
2026-03-04 20:46:13,282 - utils.logger2026-03-04-20.46.04 - INFO - End of training epoch 2 / 40 	 Time Taken: 3 sec
2026-03-04 20:46:13,282 - utils.logger2026-03-04-20.46.04 - INFO - learning rate = 0.0002000
2026-03-04 20:46:13,848 - utils.logger2026-03-04-20.46.04 - INFO - Val result of epoch 2 / 40 acc 0.5848 MAE 0.2066 f1 0.6014
2026-03-04 20:46:14,392 - utils.logger2026-03-04-20.46.04 - INFO - Tst result of epoch 2 / 40 acc 0.5848 MAE 0.2066 f1 0.6014
2026-03-04 20:46:15,137 - utils.logger2026-03-04-20.46.04 - INFO - Cur epoch 3 loss TA:1.0282 TV:1.0269 VA:2.0421 CE:3.0163
2026-03-04 20:46:16,157 - utils.logger2026-03-04-20.46.04 - INFO - Cur epoch 3 loss TA:1.0129 TV:1.0174 VA:2.0210 CE:2.4380
2026-03-04 20:46:17,139 - utils.logger2026-03-04-20.46.04 - INFO - Cur epoch 3 loss TA:1.0027 TV:1.0042 VA:2.0144 CE:2.6849
2026-03-04 20:46:17,562 - utils.logger2026-03-04-20.46.04 - INFO - saving the model at the end of epoch 3, iters 84
2026-03-04 20:46:17,721 - utils.logger2026-03-04-20.46.04 - INFO - End of training epoch 3 / 40 	 Time Taken: 3 sec
2026-03-04 20:46:17,721 - utils.logger2026-03-04-20.46.04 - INFO - learning rate = 0.0002000
2026-03-04 20:46:18,429 - utils.logger2026-03-04-20.46.04 - INFO - Val result of epoch 3 / 40 acc 0.6295 MAE 0.3093 f1 0.6364
2026-03-04 20:46:19,217 - utils.logger2026-03-04-20.46.04 - INFO - Tst result of epoch 3 / 40 acc 0.6295 MAE 0.3093 f1 0.6364
2026-03-04 20:46:20,470 - utils.logger2026-03-04-20.46.04 - INFO - Cur epoch 4 loss TA:0.9815 TV:0.9831 VA:1.9677 CE:2.4314
2026-03-04 20:46:21,441 - utils.logger2026-03-04-20.46.04 - INFO - Cur epoch 4 loss TA:0.9637 TV:0.9714 VA:1.9652 CE:2.1108
2026-03-04 20:46:22,411 - utils.logger2026-03-04-20.46.04 - INFO - Cur epoch 4 loss TA:0.9745 TV:0.9748 VA:1.9174 CE:2.2359
2026-03-04 20:46:22,656 - utils.logger2026-03-04-20.46.04 - INFO - saving the model at the end of epoch 4, iters 112
2026-03-04 20:46:22,810 - utils.logger2026-03-04-20.46.04 - INFO - End of training epoch 4 / 40 	 Time Taken: 3 sec
2026-03-04 20:46:22,810 - utils.logger2026-03-04-20.46.04 - INFO - learning rate = 0.0002000
2026-03-04 20:46:23,362 - utils.logger2026-03-04-20.46.04 - INFO - Val result of epoch 4 / 40 acc 0.6429 MAE 0.3695 f1 0.6575
2026-03-04 20:46:23,919 - utils.logger2026-03-04-20.46.04 - INFO - Tst result of epoch 4 / 40 acc 0.6429 MAE 0.3695 f1 0.6575
2026-03-04 20:46:25,087 - utils.logger2026-03-04-20.46.04 - INFO - Cur epoch 5 loss TA:0.9521 TV:0.9503 VA:1.8877 CE:1.7717
2026-03-04 20:46:26,108 - utils.logger2026-03-04-20.46.04 - INFO - Cur epoch 5 loss TA:0.9405 TV:0.9502 VA:1.9136 CE:2.8486
2026-03-04 20:46:27,079 - utils.logger2026-03-04-20.46.04 - INFO - Cur epoch 5 loss TA:0.6514 TV:0.6580 VA:1.2922 CE:1.8134
2026-03-04 20:46:27,136 - utils.logger2026-03-04-20.46.04 - INFO - saving the model at the end of epoch 5, iters 140
2026-03-04 20:46:27,291 - utils.logger2026-03-04-20.46.04 - INFO - End of training epoch 5 / 40 	 Time Taken: 3 sec
2026-03-04 20:46:27,292 - utils.logger2026-03-04-20.46.04 - INFO - learning rate = 0.0002000
2026-03-04 20:46:27,822 - utils.logger2026-03-04-20.46.04 - INFO - Val result of epoch 5 / 40 acc 0.7054 MAE 0.5088 f1 0.7199
2026-03-04 20:46:28,347 - utils.logger2026-03-04-20.46.04 - INFO - Tst result of epoch 5 / 40 acc 0.7054 MAE 0.5088 f1 0.7199
2026-03-04 20:46:29,724 - utils.logger2026-03-04-20.46.04 - INFO - Cur epoch 6 loss TA:0.9142 TV:0.9207 VA:1.8225 CE:1.5902
2026-03-04 20:46:30,700 - utils.logger2026-03-04-20.46.04 - INFO - Cur epoch 6 loss TA:0.9195 TV:0.9242 VA:1.8524 CE:2.2058
2026-03-04 20:46:31,494 - utils.logger2026-03-04-20.46.04 - INFO - saving the model at the end of epoch 6, iters 168
2026-03-04 20:46:31,657 - utils.logger2026-03-04-20.46.04 - INFO - End of training epoch 6 / 40 	 Time Taken: 3 sec
2026-03-04 20:46:31,658 - utils.logger2026-03-04-20.46.04 - INFO - learning rate = 0.0002000
2026-03-04 20:46:32,214 - utils.logger2026-03-04-20.46.04 - INFO - Val result of epoch 6 / 40 acc 0.6964 MAE 0.5813 f1 0.7102
2026-03-04 20:46:32,748 - utils.logger2026-03-04-20.46.04 - INFO - Tst result of epoch 6 / 40 acc 0.6964 MAE 0.5813 f1 0.7102
2026-03-04 20:46:33,325 - utils.logger2026-03-04-20.46.04 - INFO - Cur epoch 7 loss TA:0.9111 TV:0.9129 VA:1.8308 CE:1.8068
2026-03-04 20:46:34,286 - utils.logger2026-03-04-20.46.04 - INFO - Cur epoch 7 loss TA:0.9020 TV:0.8914 VA:1.7892 CE:1.9640
2026-03-04 20:46:35,311 - utils.logger2026-03-04-20.46.04 - INFO - Cur epoch 7 loss TA:0.9167 TV:0.9097 VA:1.7937 CE:1.4544
2026-03-04 20:46:35,974 - utils.logger2026-03-04-20.46.04 - INFO - saving the model at the end of epoch 7, iters 196
2026-03-04 20:46:36,131 - utils.logger2026-03-04-20.46.04 - INFO - End of training epoch 7 / 40 	 Time Taken: 3 sec
2026-03-04 20:46:36,132 - utils.logger2026-03-04-20.46.04 - INFO - learning rate = 0.0002000
2026-03-04 20:46:36,686 - utils.logger2026-03-04-20.46.04 - INFO - Val result of epoch 7 / 40 acc 0.7143 MAE 0.5958 f1 0.7229
2026-03-04 20:46:37,228 - utils.logger2026-03-04-20.46.04 - INFO - Tst result of epoch 7 / 40 acc 0.7143 MAE 0.5958 f1 0.7229
2026-03-04 20:46:38,041 - utils.logger2026-03-04-20.46.04 - INFO - Cur epoch 8 loss TA:0.9124 TV:0.8833 VA:1.7864 CE:1.7641
2026-03-04 20:46:39,037 - utils.logger2026-03-04-20.46.04 - INFO - Cur epoch 8 loss TA:0.8938 TV:0.8936 VA:1.7591 CE:1.2091
2026-03-04 20:46:39,924 - utils.logger2026-03-04-20.46.04 - INFO - Cur epoch 8 loss TA:0.8909 TV:0.8866 VA:1.7447 CE:1.3915
2026-03-04 20:46:40,315 - utils.logger2026-03-04-20.46.04 - INFO - saving the model at the end of epoch 8, iters 224
2026-03-04 20:46:40,463 - utils.logger2026-03-04-20.46.04 - INFO - End of training epoch 8 / 40 	 Time Taken: 3 sec
2026-03-04 20:46:40,463 - utils.logger2026-03-04-20.46.04 - INFO - learning rate = 0.0002000
2026-03-04 20:46:40,971 - utils.logger2026-03-04-20.46.04 - INFO - Val result of epoch 8 / 40 acc 0.7321 MAE 0.6261 f1 0.7489
2026-03-04 20:46:41,476 - utils.logger2026-03-04-20.46.04 - INFO - Tst result of epoch 8 / 40 acc 0.7321 MAE 0.6261 f1 0.7489
2026-03-04 20:46:42,332 - utils.logger2026-03-04-20.46.04 - INFO - Cur epoch 9 loss TA:0.8884 TV:0.8933 VA:1.7795 CE:0.8756
2026-03-04 20:46:43,310 - utils.logger2026-03-04-20.46.04 - INFO - Cur epoch 9 loss TA:0.8899 TV:0.8869 VA:1.7653 CE:1.2264
2026-03-04 20:46:44,155 - utils.logger2026-03-04-20.46.04 - INFO - Cur epoch 9 loss TA:0.8771 TV:0.8703 VA:1.7243 CE:1.2944
2026-03-04 20:46:44,370 - utils.logger2026-03-04-20.46.04 - INFO - saving the model at the end of epoch 9, iters 252
2026-03-04 20:46:44,510 - utils.logger2026-03-04-20.46.04 - INFO - End of training epoch 9 / 40 	 Time Taken: 3 sec
2026-03-04 20:46:44,511 - utils.logger2026-03-04-20.46.04 - INFO - learning rate = 0.0002000
2026-03-04 20:46:45,002 - utils.logger2026-03-04-20.46.04 - INFO - Val result of epoch 9 / 40 acc 0.6830 MAE 0.6313 f1 0.7025
2026-03-04 20:46:45,499 - utils.logger2026-03-04-20.46.04 - INFO - Tst result of epoch 9 / 40 acc 0.6830 MAE 0.6313 f1 0.7025
2026-03-04 20:46:46,538 - utils.logger2026-03-04-20.46.04 - INFO - Cur epoch 10 loss TA:0.8659 TV:0.8653 VA:1.6718 CE:1.1519
2026-03-04 20:46:47,473 - utils.logger2026-03-04-20.46.04 - INFO - Cur epoch 10 loss TA:0.8487 TV:0.8515 VA:1.7195 CE:1.0797
2026-03-04 20:46:48,427 - utils.logger2026-03-04-20.46.04 - INFO - Cur epoch 10 loss TA:0.5653 TV:0.5715 VA:1.0740 CE:0.9342
2026-03-04 20:46:48,494 - utils.logger2026-03-04-20.46.04 - INFO - saving the model at the end of epoch 10, iters 280
2026-03-04 20:46:48,645 - utils.logger2026-03-04-20.46.04 - INFO - End of training epoch 10 / 40 	 Time Taken: 3 sec
2026-03-04 20:46:48,646 - utils.logger2026-03-04-20.46.04 - INFO - learning rate = 0.0002000
2026-03-04 20:46:49,183 - utils.logger2026-03-04-20.46.04 - INFO - Val result of epoch 10 / 40 acc 0.7188 MAE 0.6491 f1 0.7336
2026-03-04 20:46:49,697 - utils.logger2026-03-04-20.46.04 - INFO - Tst result of epoch 10 / 40 acc 0.7188 MAE 0.6491 f1 0.7336
2026-03-04 20:46:51,089 - utils.logger2026-03-04-20.46.04 - INFO - Cur epoch 11 loss TA:0.8735 TV:0.8368 VA:1.6462 CE:0.7734
2026-03-04 20:46:52,025 - utils.logger2026-03-04-20.46.04 - INFO - Cur epoch 11 loss TA:0.8692 TV:0.8575 VA:1.6700 CE:0.9485
2026-03-04 20:46:52,859 - utils.logger2026-03-04-20.46.04 - INFO - saving the model at the end of epoch 11, iters 308
2026-03-04 20:46:53,040 - utils.logger2026-03-04-20.46.04 - INFO - End of training epoch 11 / 40 	 Time Taken: 3 sec
2026-03-04 20:46:53,040 - utils.logger2026-03-04-20.46.04 - INFO - learning rate = 0.0002000
2026-03-04 20:46:53,605 - utils.logger2026-03-04-20.46.04 - INFO - Val result of epoch 11 / 40 acc 0.7188 MAE 0.6468 f1 0.7382
2026-03-04 20:46:54,137 - utils.logger2026-03-04-20.46.04 - INFO - Tst result of epoch 11 / 40 acc 0.7188 MAE 0.6468 f1 0.7382
2026-03-04 20:46:54,725 - utils.logger2026-03-04-20.46.04 - INFO - Cur epoch 12 loss TA:0.8514 TV:0.8432 VA:1.6329 CE:0.9600
2026-03-04 20:46:55,724 - utils.logger2026-03-04-20.46.04 - INFO - Cur epoch 12 loss TA:0.8354 TV:0.8377 VA:1.6870 CE:0.8262
2026-03-04 20:46:56,655 - utils.logger2026-03-04-20.46.04 - INFO - Cur epoch 12 loss TA:0.8317 TV:0.8336 VA:1.6537 CE:0.9480
2026-03-04 20:46:57,313 - utils.logger2026-03-04-20.46.04 - INFO - saving the model at the end of epoch 12, iters 336
2026-03-04 20:46:57,475 - utils.logger2026-03-04-20.46.04 - INFO - End of training epoch 12 / 40 	 Time Taken: 3 sec
2026-03-04 20:46:57,475 - utils.logger2026-03-04-20.46.04 - INFO - learning rate = 0.0002000
2026-03-04 20:46:58,017 - utils.logger2026-03-04-20.46.04 - INFO - Val result of epoch 12 / 40 acc 0.7232 MAE 0.6464 f1 0.7429
2026-03-04 20:46:58,568 - utils.logger2026-03-04-20.46.04 - INFO - Tst result of epoch 12 / 40 acc 0.7232 MAE 0.6464 f1 0.7429
2026-03-04 20:46:59,369 - utils.logger2026-03-04-20.46.04 - INFO - Cur epoch 13 loss TA:0.8210 TV:0.8247 VA:1.6030 CE:1.0171
2026-03-04 20:47:00,312 - utils.logger2026-03-04-20.46.04 - INFO - Cur epoch 13 loss TA:0.8006 TV:0.8029 VA:1.5344 CE:0.6053
2026-03-04 20:47:01,314 - utils.logger2026-03-04-20.46.04 - INFO - Cur epoch 13 loss TA:0.8286 TV:0.8275 VA:1.5635 CE:0.7461
2026-03-04 20:47:01,764 - utils.logger2026-03-04-20.46.04 - INFO - saving the model at the end of epoch 13, iters 364
2026-03-04 20:47:01,912 - utils.logger2026-03-04-20.46.04 - INFO - End of training epoch 13 / 40 	 Time Taken: 3 sec
2026-03-04 20:47:01,912 - utils.logger2026-03-04-20.46.04 - INFO - learning rate = 0.0002000
2026-03-04 20:47:02,445 - utils.logger2026-03-04-20.46.04 - INFO - Val result of epoch 13 / 40 acc 0.7232 MAE 0.6558 f1 0.7432
2026-03-04 20:47:03,018 - utils.logger2026-03-04-20.46.04 - INFO - Tst result of epoch 13 / 40 acc 0.7232 MAE 0.6558 f1 0.7432
2026-03-04 20:47:03,952 - utils.logger2026-03-04-20.46.04 - INFO - Cur epoch 14 loss TA:0.8138 TV:0.8078 VA:1.5958 CE:0.6291
2026-03-04 20:47:04,921 - utils.logger2026-03-04-20.46.04 - INFO - Cur epoch 14 loss TA:0.7831 TV:0.7747 VA:1.5611 CE:0.9233
2026-03-04 20:47:05,892 - utils.logger2026-03-04-20.46.04 - INFO - Cur epoch 14 loss TA:0.8049 TV:0.8127 VA:1.5817 CE:0.7470
2026-03-04 20:47:06,112 - utils.logger2026-03-04-20.46.04 - INFO - saving the model at the end of epoch 14, iters 392
2026-03-04 20:47:06,291 - utils.logger2026-03-04-20.46.04 - INFO - End of training epoch 14 / 40 	 Time Taken: 3 sec
2026-03-04 20:47:06,292 - utils.logger2026-03-04-20.46.04 - INFO - learning rate = 0.0002000
2026-03-04 20:47:06,801 - utils.logger2026-03-04-20.46.04 - INFO - Val result of epoch 14 / 40 acc 0.7455 MAE 0.6494 f1 0.7663
2026-03-04 20:47:07,326 - utils.logger2026-03-04-20.46.04 - INFO - Tst result of epoch 14 / 40 acc 0.7455 MAE 0.6494 f1 0.7663
2026-03-04 20:47:08,453 - utils.logger2026-03-04-20.46.04 - INFO - Cur epoch 15 loss TA:0.8296 TV:0.7950 VA:1.5396 CE:0.9335
2026-03-04 20:47:09,407 - utils.logger2026-03-04-20.46.04 - INFO - Cur epoch 15 loss TA:0.8074 TV:0.8085 VA:1.5549 CE:0.9038
2026-03-04 20:47:10,375 - utils.logger2026-03-04-20.46.04 - INFO - Cur epoch 15 loss TA:0.5145 TV:0.5011 VA:0.9830 CE:0.2950
2026-03-04 20:47:10,438 - utils.logger2026-03-04-20.46.04 - INFO - saving the model at the end of epoch 15, iters 420
2026-03-04 20:47:10,623 - utils.logger2026-03-04-20.46.04 - INFO - End of training epoch 15 / 40 	 Time Taken: 3 sec
2026-03-04 20:47:10,623 - utils.logger2026-03-04-20.46.04 - INFO - learning rate = 0.0002000
2026-03-04 20:47:11,162 - utils.logger2026-03-04-20.46.04 - INFO - Val result of epoch 15 / 40 acc 0.7366 MAE 0.6458 f1 0.7522
2026-03-04 20:47:11,688 - utils.logger2026-03-04-20.46.04 - INFO - Tst result of epoch 15 / 40 acc 0.7366 MAE 0.6458 f1 0.7522
2026-03-04 20:47:12,992 - utils.logger2026-03-04-20.46.04 - INFO - Cur epoch 16 loss TA:0.7530 TV:0.7542 VA:1.5183 CE:0.6137
2026-03-04 20:47:13,952 - utils.logger2026-03-04-20.46.04 - INFO - Cur epoch 16 loss TA:0.8298 TV:0.8209 VA:1.6249 CE:0.6411
2026-03-04 20:47:14,736 - utils.logger2026-03-04-20.46.04 - INFO - saving the model at the end of epoch 16, iters 448
2026-03-04 20:47:14,889 - utils.logger2026-03-04-20.46.04 - INFO - End of training epoch 16 / 40 	 Time Taken: 3 sec
2026-03-04 20:47:14,889 - utils.logger2026-03-04-20.46.04 - INFO - learning rate = 0.0002000
2026-03-04 20:47:15,396 - utils.logger2026-03-04-20.46.04 - INFO - Val result of epoch 16 / 40 acc 0.7589 MAE 0.6584 f1 0.7756
2026-03-04 20:47:15,925 - utils.logger2026-03-04-20.46.04 - INFO - Tst result of epoch 16 / 40 acc 0.7589 MAE 0.6584 f1 0.7756
2026-03-04 20:47:16,484 - utils.logger2026-03-04-20.46.04 - INFO - Cur epoch 17 loss TA:0.7660 TV:0.7357 VA:1.4836 CE:0.6150
2026-03-04 20:47:17,449 - utils.logger2026-03-04-20.46.04 - INFO - Cur epoch 17 loss TA:0.8050 TV:0.8144 VA:1.5374 CE:0.6919
2026-03-04 20:47:18,377 - utils.logger2026-03-04-20.46.04 - INFO - Cur epoch 17 loss TA:0.7895 TV:0.7849 VA:1.5040 CE:0.7062
2026-03-04 20:47:18,992 - utils.logger2026-03-04-20.46.04 - INFO - saving the model at the end of epoch 17, iters 476
2026-03-04 20:47:19,151 - utils.logger2026-03-04-20.46.04 - INFO - End of training epoch 17 / 40 	 Time Taken: 3 sec
2026-03-04 20:47:19,152 - utils.logger2026-03-04-20.46.04 - INFO - learning rate = 0.0002000
2026-03-04 20:47:19,671 - utils.logger2026-03-04-20.46.04 - INFO - Val result of epoch 17 / 40 acc 0.7634 MAE 0.6514 f1 0.7756
2026-03-04 20:47:20,171 - utils.logger2026-03-04-20.46.04 - INFO - Tst result of epoch 17 / 40 acc 0.7634 MAE 0.6514 f1 0.7756
2026-03-04 20:47:20,865 - utils.logger2026-03-04-20.46.04 - INFO - Cur epoch 18 loss TA:0.7520 TV:0.7869 VA:1.4698 CE:0.7113
2026-03-04 20:47:21,821 - utils.logger2026-03-04-20.46.04 - INFO - Cur epoch 18 loss TA:0.7159 TV:0.7293 VA:1.4446 CE:0.5868
2026-03-04 20:47:22,717 - utils.logger2026-03-04-20.46.04 - INFO - Cur epoch 18 loss TA:0.7845 TV:0.7764 VA:1.4709 CE:0.5162
2026-03-04 20:47:23,157 - utils.logger2026-03-04-20.46.04 - INFO - saving the model at the end of epoch 18, iters 504
2026-03-04 20:47:23,305 - utils.logger2026-03-04-20.46.04 - INFO - End of training epoch 18 / 40 	 Time Taken: 3 sec
2026-03-04 20:47:23,305 - utils.logger2026-03-04-20.46.04 - INFO - learning rate = 0.0002000
2026-03-04 20:47:23,796 - utils.logger2026-03-04-20.46.04 - INFO - Val result of epoch 18 / 40 acc 0.7589 MAE 0.6444 f1 0.7630
2026-03-04 20:47:24,256 - utils.logger2026-03-04-20.46.04 - INFO - Tst result of epoch 18 / 40 acc 0.7589 MAE 0.6444 f1 0.7630
2026-03-04 20:47:25,160 - utils.logger2026-03-04-20.46.04 - INFO - Cur epoch 19 loss TA:0.7544 TV:0.7445 VA:1.4516 CE:0.5630
2026-03-04 20:47:26,066 - utils.logger2026-03-04-20.46.04 - INFO - Cur epoch 19 loss TA:0.7263 TV:0.7472 VA:1.4729 CE:0.6384
2026-03-04 20:47:26,968 - utils.logger2026-03-04-20.46.04 - INFO - Cur epoch 19 loss TA:0.7558 TV:0.7644 VA:1.5402 CE:0.4771
2026-03-04 20:47:27,206 - utils.logger2026-03-04-20.46.04 - INFO - saving the model at the end of epoch 19, iters 532
2026-03-04 20:47:27,351 - utils.logger2026-03-04-20.46.04 - INFO - End of training epoch 19 / 40 	 Time Taken: 3 sec
2026-03-04 20:47:27,351 - utils.logger2026-03-04-20.46.04 - INFO - learning rate = 0.0002000
2026-03-04 20:47:27,871 - utils.logger2026-03-04-20.46.04 - INFO - Val result of epoch 19 / 40 acc 0.7500 MAE 0.6509 f1 0.7621
2026-03-04 20:47:28,385 - utils.logger2026-03-04-20.46.04 - INFO - Tst result of epoch 19 / 40 acc 0.7500 MAE 0.6509 f1 0.7621
2026-03-04 20:47:29,471 - utils.logger2026-03-04-20.46.04 - INFO - Cur epoch 20 loss TA:0.7665 TV:0.7341 VA:1.5059 CE:0.5514
2026-03-04 20:47:30,429 - utils.logger2026-03-04-20.46.04 - INFO - Cur epoch 20 loss TA:0.7371 TV:0.7321 VA:1.4660 CE:0.6601
2026-03-04 20:47:31,441 - utils.logger2026-03-04-20.46.04 - INFO - Cur epoch 20 loss TA:0.4985 TV:0.4774 VA:0.9980 CE:0.3678
2026-03-04 20:47:31,503 - utils.logger2026-03-04-20.46.04 - INFO - saving the model at the end of epoch 20, iters 560
2026-03-04 20:47:31,655 - utils.logger2026-03-04-20.46.04 - INFO - End of training epoch 20 / 40 	 Time Taken: 3 sec
2026-03-04 20:47:31,656 - utils.logger2026-03-04-20.46.04 - INFO - learning rate = 0.0002000
2026-03-04 20:47:32,212 - utils.logger2026-03-04-20.46.04 - INFO - Val result of epoch 20 / 40 acc 0.7500 MAE 0.6630 f1 0.7626
2026-03-04 20:47:32,754 - utils.logger2026-03-04-20.46.04 - INFO - Tst result of epoch 20 / 40 acc 0.7500 MAE 0.6630 f1 0.7626
2026-03-04 20:47:34,108 - utils.logger2026-03-04-20.46.04 - INFO - Cur epoch 21 loss TA:0.7306 TV:0.6928 VA:1.4114 CE:0.6106
2026-03-04 20:47:35,090 - utils.logger2026-03-04-20.46.04 - INFO - Cur epoch 21 loss TA:0.7330 TV:0.7339 VA:1.4154 CE:0.5173
2026-03-04 20:47:35,908 - utils.logger2026-03-04-20.46.04 - INFO - saving the model at the end of epoch 21, iters 588
2026-03-04 20:47:36,048 - utils.logger2026-03-04-20.46.04 - INFO - End of training epoch 21 / 40 	 Time Taken: 3 sec
2026-03-04 20:47:36,048 - utils.logger2026-03-04-20.46.04 - INFO - learning rate = 0.0002000
2026-03-04 20:47:36,594 - utils.logger2026-03-04-20.46.04 - INFO - Val result of epoch 21 / 40 acc 0.7500 MAE 0.6610 f1 0.7617
2026-03-04 20:47:37,085 - utils.logger2026-03-04-20.46.04 - INFO - Tst result of epoch 21 / 40 acc 0.7500 MAE 0.6610 f1 0.7617
2026-03-04 20:47:37,642 - utils.logger2026-03-04-20.46.04 - INFO - Cur epoch 22 loss TA:0.7347 TV:0.7245 VA:1.4425 CE:0.4716
2026-03-04 20:47:38,598 - utils.logger2026-03-04-20.46.04 - INFO - Cur epoch 22 loss TA:0.7401 TV:0.7601 VA:1.5205 CE:0.6462
2026-03-04 20:47:39,557 - utils.logger2026-03-04-20.46.04 - INFO - Cur epoch 22 loss TA:0.7212 TV:0.7129 VA:1.4251 CE:0.4919
2026-03-04 20:47:40,206 - utils.logger2026-03-04-20.46.04 - INFO - saving the model at the end of epoch 22, iters 616
2026-03-04 20:47:40,347 - utils.logger2026-03-04-20.46.04 - INFO - End of training epoch 22 / 40 	 Time Taken: 3 sec
2026-03-04 20:47:40,347 - utils.logger2026-03-04-20.46.04 - INFO - learning rate = 0.0002000
2026-03-04 20:47:40,926 - utils.logger2026-03-04-20.46.04 - INFO - Val result of epoch 22 / 40 acc 0.7500 MAE 0.6596 f1 0.7663
2026-03-04 20:47:41,504 - utils.logger2026-03-04-20.46.04 - INFO - Tst result of epoch 22 / 40 acc 0.7500 MAE 0.6596 f1 0.7663
2026-03-04 20:47:42,281 - utils.logger2026-03-04-20.46.04 - INFO - Cur epoch 23 loss TA:0.7468 TV:0.7417 VA:1.3980 CE:0.5828
2026-03-04 20:47:43,273 - utils.logger2026-03-04-20.46.04 - INFO - Cur epoch 23 loss TA:0.7193 TV:0.7190 VA:1.3906 CE:0.5182
2026-03-04 20:47:44,251 - utils.logger2026-03-04-20.46.04 - INFO - Cur epoch 23 loss TA:0.7297 TV:0.7406 VA:1.4140 CE:0.4987
2026-03-04 20:47:44,737 - utils.logger2026-03-04-20.46.04 - INFO - saving the model at the end of epoch 23, iters 644
2026-03-04 20:47:44,894 - utils.logger2026-03-04-20.46.04 - INFO - End of training epoch 23 / 40 	 Time Taken: 3 sec
2026-03-04 20:47:44,895 - utils.logger2026-03-04-20.46.04 - INFO - learning rate = 0.0002000
2026-03-04 20:47:45,423 - utils.logger2026-03-04-20.46.04 - INFO - Val result of epoch 23 / 40 acc 0.7366 MAE 0.6584 f1 0.7429
2026-03-04 20:47:45,949 - utils.logger2026-03-04-20.46.04 - INFO - Tst result of epoch 23 / 40 acc 0.7366 MAE 0.6584 f1 0.7429
2026-03-04 20:47:46,947 - utils.logger2026-03-04-20.46.04 - INFO - Cur epoch 24 loss TA:0.7042 TV:0.7001 VA:1.4077 CE:0.5837
2026-03-04 20:47:47,932 - utils.logger2026-03-04-20.46.04 - INFO - Cur epoch 24 loss TA:0.6905 TV:0.7028 VA:1.3211 CE:0.4355
2026-03-04 20:47:48,897 - utils.logger2026-03-04-20.46.04 - INFO - Cur epoch 24 loss TA:0.6933 TV:0.7195 VA:1.3700 CE:0.5295
2026-03-04 20:47:49,147 - utils.logger2026-03-04-20.46.04 - INFO - saving the model at the end of epoch 24, iters 672
2026-03-04 20:47:49,305 - utils.logger2026-03-04-20.46.04 - INFO - End of training epoch 24 / 40 	 Time Taken: 3 sec
2026-03-04 20:47:49,306 - utils.logger2026-03-04-20.46.04 - INFO - learning rate = 0.0002000
2026-03-04 20:47:49,833 - utils.logger2026-03-04-20.46.04 - INFO - Val result of epoch 24 / 40 acc 0.7232 MAE 0.6534 f1 0.7335
2026-03-04 20:47:50,409 - utils.logger2026-03-04-20.46.04 - INFO - Tst result of epoch 24 / 40 acc 0.7232 MAE 0.6534 f1 0.7335
2026-03-04 20:47:51,571 - utils.logger2026-03-04-20.46.04 - INFO - Cur epoch 25 loss TA:0.6861 TV:0.7074 VA:1.3636 CE:0.4867
2026-03-04 20:47:52,505 - utils.logger2026-03-04-20.46.04 - INFO - Cur epoch 25 loss TA:0.7002 TV:0.7344 VA:1.4224 CE:0.3204
2026-03-04 20:47:53,421 - utils.logger2026-03-04-20.46.04 - INFO - Cur epoch 25 loss TA:0.4333 TV:0.4446 VA:0.7984 CE:0.4949
2026-03-04 20:47:53,488 - utils.logger2026-03-04-20.46.04 - INFO - saving the model at the end of epoch 25, iters 700
2026-03-04 20:47:53,638 - utils.logger2026-03-04-20.46.04 - INFO - End of training epoch 25 / 40 	 Time Taken: 3 sec
2026-03-04 20:47:53,639 - utils.logger2026-03-04-20.46.04 - INFO - learning rate = 0.0002000
2026-03-04 20:47:54,212 - utils.logger2026-03-04-20.46.04 - INFO - Val result of epoch 25 / 40 acc 0.7545 MAE 0.6594 f1 0.7616
2026-03-04 20:47:54,708 - utils.logger2026-03-04-20.46.04 - INFO - Tst result of epoch 25 / 40 acc 0.7545 MAE 0.6594 f1 0.7616
2026-03-04 20:47:56,058 - utils.logger2026-03-04-20.46.04 - INFO - Cur epoch 26 loss TA:0.6557 TV:0.6661 VA:1.3432 CE:0.5952
2026-03-04 20:47:56,961 - utils.logger2026-03-04-20.46.04 - INFO - Cur epoch 26 loss TA:0.6583 TV:0.6471 VA:1.3203 CE:0.3493
2026-03-04 20:47:57,716 - utils.logger2026-03-04-20.46.04 - INFO - saving the model at the end of epoch 26, iters 728
2026-03-04 20:47:57,870 - utils.logger2026-03-04-20.46.04 - INFO - End of training epoch 26 / 40 	 Time Taken: 3 sec
2026-03-04 20:47:57,870 - utils.logger2026-03-04-20.46.04 - INFO - learning rate = 0.0002000
2026-03-04 20:47:58,372 - utils.logger2026-03-04-20.46.04 - INFO - Val result of epoch 26 / 40 acc 0.7321 MAE 0.6673 f1 0.7479
2026-03-04 20:47:58,868 - utils.logger2026-03-04-20.46.04 - INFO - Tst result of epoch 26 / 40 acc 0.7321 MAE 0.6673 f1 0.7479
2026-03-04 20:47:59,370 - utils.logger2026-03-04-20.46.04 - INFO - Cur epoch 27 loss TA:0.6713 TV:0.6890 VA:1.2986 CE:0.4368
2026-03-04 20:48:00,213 - utils.logger2026-03-04-20.46.04 - INFO - Cur epoch 27 loss TA:0.6915 TV:0.6822 VA:1.3165 CE:0.4725
2026-03-04 20:48:01,099 - utils.logger2026-03-04-20.46.04 - INFO - Cur epoch 27 loss TA:0.6752 TV:0.6798 VA:1.3643 CE:0.3669
2026-03-04 20:48:01,669 - utils.logger2026-03-04-20.46.04 - INFO - saving the model at the end of epoch 27, iters 756
2026-03-04 20:48:01,812 - utils.logger2026-03-04-20.46.04 - INFO - End of training epoch 27 / 40 	 Time Taken: 2 sec
2026-03-04 20:48:01,812 - utils.logger2026-03-04-20.46.04 - INFO - learning rate = 0.0002000
2026-03-04 20:48:02,273 - utils.logger2026-03-04-20.46.04 - INFO - Val result of epoch 27 / 40 acc 0.7768 MAE 0.6638 f1 0.7896
2026-03-04 20:48:02,779 - utils.logger2026-03-04-20.46.04 - INFO - Tst result of epoch 27 / 40 acc 0.7768 MAE 0.6638 f1 0.7896
2026-03-04 20:48:03,462 - utils.logger2026-03-04-20.46.04 - INFO - Cur epoch 28 loss TA:0.6406 TV:0.6400 VA:1.2598 CE:0.4249
2026-03-04 20:48:04,281 - utils.logger2026-03-04-20.46.04 - INFO - Cur epoch 28 loss TA:0.6815 TV:0.6697 VA:1.3169 CE:0.3419
2026-03-04 20:48:05,134 - utils.logger2026-03-04-20.46.04 - INFO - Cur epoch 28 loss TA:0.7013 TV:0.6875 VA:1.3319 CE:0.4299
2026-03-04 20:48:05,514 - utils.logger2026-03-04-20.46.04 - INFO - saving the model at the end of epoch 28, iters 784
2026-03-04 20:48:05,659 - utils.logger2026-03-04-20.46.04 - INFO - End of training epoch 28 / 40 	 Time Taken: 2 sec
2026-03-04 20:48:05,659 - utils.logger2026-03-04-20.46.04 - INFO - learning rate = 0.0002000
2026-03-04 20:48:06,182 - utils.logger2026-03-04-20.46.04 - INFO - Val result of epoch 28 / 40 acc 0.7589 MAE 0.6657 f1 0.7709
2026-03-04 20:48:06,656 - utils.logger2026-03-04-20.46.04 - INFO - Tst result of epoch 28 / 40 acc 0.7589 MAE 0.6657 f1 0.7709
2026-03-04 20:48:07,539 - utils.logger2026-03-04-20.46.04 - INFO - Cur epoch 29 loss TA:0.6876 TV:0.6707 VA:1.3354 CE:0.3177
2026-03-04 20:48:08,437 - utils.logger2026-03-04-20.46.04 - INFO - Cur epoch 29 loss TA:0.6718 TV:0.6442 VA:1.3549 CE:0.4521
2026-03-04 20:48:09,389 - utils.logger2026-03-04-20.46.04 - INFO - Cur epoch 29 loss TA:0.6623 TV:0.6905 VA:1.3564 CE:0.3979
2026-03-04 20:48:09,659 - utils.logger2026-03-04-20.46.04 - INFO - saving the model at the end of epoch 29, iters 812
2026-03-04 20:48:09,808 - utils.logger2026-03-04-20.46.04 - INFO - End of training epoch 29 / 40 	 Time Taken: 3 sec
2026-03-04 20:48:09,808 - utils.logger2026-03-04-20.46.04 - INFO - learning rate = 0.0002000
2026-03-04 20:48:10,368 - utils.logger2026-03-04-20.46.04 - INFO - Val result of epoch 29 / 40 acc 0.7723 MAE 0.6789 f1 0.7896
2026-03-04 20:48:10,888 - utils.logger2026-03-04-20.46.04 - INFO - Tst result of epoch 29 / 40 acc 0.7723 MAE 0.6789 f1 0.7896
2026-03-04 20:48:12,018 - utils.logger2026-03-04-20.46.04 - INFO - Cur epoch 30 loss TA:0.6493 TV:0.6524 VA:1.3025 CE:0.3231
2026-03-04 20:48:12,949 - utils.logger2026-03-04-20.46.04 - INFO - Cur epoch 30 loss TA:0.6425 TV:0.6490 VA:1.2804 CE:0.3053
2026-03-04 20:48:13,904 - utils.logger2026-03-04-20.46.04 - INFO - Cur epoch 30 loss TA:0.4529 TV:0.4409 VA:0.7735 CE:0.3089
2026-03-04 20:48:13,973 - utils.logger2026-03-04-20.46.04 - INFO - saving the model at the end of epoch 30, iters 840
2026-03-04 20:48:14,113 - utils.logger2026-03-04-20.46.04 - INFO - End of training epoch 30 / 40 	 Time Taken: 3 sec
2026-03-04 20:48:14,113 - utils.logger2026-03-04-20.46.04 - INFO - learning rate = 0.0001818
2026-03-04 20:48:14,649 - utils.logger2026-03-04-20.46.04 - INFO - Val result of epoch 30 / 40 acc 0.7321 MAE 0.6751 f1 0.7529
2026-03-04 20:48:15,164 - utils.logger2026-03-04-20.46.04 - INFO - Tst result of epoch 30 / 40 acc 0.7321 MAE 0.6751 f1 0.7529
2026-03-04 20:48:16,392 - utils.logger2026-03-04-20.46.04 - INFO - Cur epoch 31 loss TA:0.6464 TV:0.6621 VA:1.3355 CE:0.3834
2026-03-04 20:48:17,310 - utils.logger2026-03-04-20.46.04 - INFO - Cur epoch 31 loss TA:0.6308 TV:0.6532 VA:1.2674 CE:0.3647
2026-03-04 20:48:18,074 - utils.logger2026-03-04-20.46.04 - INFO - saving the model at the end of epoch 31, iters 868
2026-03-04 20:48:18,230 - utils.logger2026-03-04-20.46.04 - INFO - End of training epoch 31 / 40 	 Time Taken: 3 sec
2026-03-04 20:48:18,230 - utils.logger2026-03-04-20.46.04 - INFO - learning rate = 0.0001636
2026-03-04 20:48:18,781 - utils.logger2026-03-04-20.46.04 - INFO - Val result of epoch 31 / 40 acc 0.7455 MAE 0.6742 f1 0.7617
2026-03-04 20:48:19,267 - utils.logger2026-03-04-20.46.04 - INFO - Tst result of epoch 31 / 40 acc 0.7455 MAE 0.6742 f1 0.7617
2026-03-04 20:48:19,793 - utils.logger2026-03-04-20.46.04 - INFO - Cur epoch 32 loss TA:0.6285 TV:0.6554 VA:1.3204 CE:0.4159
2026-03-04 20:48:20,805 - utils.logger2026-03-04-20.46.04 - INFO - Cur epoch 32 loss TA:0.6545 TV:0.6657 VA:1.3540 CE:0.3074
2026-03-04 20:48:21,737 - utils.logger2026-03-04-20.46.04 - INFO - Cur epoch 32 loss TA:0.6511 TV:0.6996 VA:1.3789 CE:0.4379
2026-03-04 20:48:22,343 - utils.logger2026-03-04-20.46.04 - INFO - saving the model at the end of epoch 32, iters 896
2026-03-04 20:48:22,493 - utils.logger2026-03-04-20.46.04 - INFO - End of training epoch 32 / 40 	 Time Taken: 3 sec
2026-03-04 20:48:22,494 - utils.logger2026-03-04-20.46.04 - INFO - learning rate = 0.0001455
2026-03-04 20:48:23,005 - utils.logger2026-03-04-20.46.04 - INFO - Val result of epoch 32 / 40 acc 0.7455 MAE 0.6756 f1 0.7618
2026-03-04 20:48:23,518 - utils.logger2026-03-04-20.46.04 - INFO - Tst result of epoch 32 / 40 acc 0.7455 MAE 0.6756 f1 0.7618
2026-03-04 20:48:24,205 - utils.logger2026-03-04-20.46.04 - INFO - Cur epoch 33 loss TA:0.6290 TV:0.6243 VA:1.2684 CE:0.3859
2026-03-04 20:48:25,129 - utils.logger2026-03-04-20.46.04 - INFO - Cur epoch 33 loss TA:0.6543 TV:0.6526 VA:1.2973 CE:0.3726
2026-03-04 20:48:26,052 - utils.logger2026-03-04-20.46.04 - INFO - Cur epoch 33 loss TA:0.6699 TV:0.6477 VA:1.3079 CE:0.2231
2026-03-04 20:48:26,473 - utils.logger2026-03-04-20.46.04 - INFO - saving the model at the end of epoch 33, iters 924
2026-03-04 20:48:26,620 - utils.logger2026-03-04-20.46.04 - INFO - End of training epoch 33 / 40 	 Time Taken: 3 sec
2026-03-04 20:48:26,620 - utils.logger2026-03-04-20.46.04 - INFO - learning rate = 0.0001273
2026-03-04 20:48:27,204 - utils.logger2026-03-04-20.46.04 - INFO - Val result of epoch 33 / 40 acc 0.7589 MAE 0.6768 f1 0.7757
2026-03-04 20:48:27,735 - utils.logger2026-03-04-20.46.04 - INFO - Tst result of epoch 33 / 40 acc 0.7589 MAE 0.6768 f1 0.7757
2026-03-04 20:48:28,758 - utils.logger2026-03-04-20.46.04 - INFO - Cur epoch 34 loss TA:0.6157 TV:0.6163 VA:1.2199 CE:0.3490
2026-03-04 20:48:29,733 - utils.logger2026-03-04-20.46.04 - INFO - Cur epoch 34 loss TA:0.6150 TV:0.6023 VA:1.2204 CE:0.3876
2026-03-04 20:48:30,713 - utils.logger2026-03-04-20.46.04 - INFO - Cur epoch 34 loss TA:0.6116 TV:0.6179 VA:1.2649 CE:0.3729
2026-03-04 20:48:30,984 - utils.logger2026-03-04-20.46.04 - INFO - saving the model at the end of epoch 34, iters 952
2026-03-04 20:48:31,138 - utils.logger2026-03-04-20.46.04 - INFO - End of training epoch 34 / 40 	 Time Taken: 3 sec
2026-03-04 20:48:31,138 - utils.logger2026-03-04-20.46.04 - INFO - learning rate = 0.0001091
2026-03-04 20:48:31,682 - utils.logger2026-03-04-20.46.04 - INFO - Val result of epoch 34 / 40 acc 0.7589 MAE 0.6834 f1 0.7756
2026-03-04 20:48:32,182 - utils.logger2026-03-04-20.46.04 - INFO - Tst result of epoch 34 / 40 acc 0.7589 MAE 0.6834 f1 0.7756
2026-03-04 20:48:33,275 - utils.logger2026-03-04-20.46.04 - INFO - Cur epoch 35 loss TA:0.6167 TV:0.6442 VA:1.2053 CE:0.2183
2026-03-04 20:48:34,201 - utils.logger2026-03-04-20.46.04 - INFO - Cur epoch 35 loss TA:0.6437 TV:0.6434 VA:1.3215 CE:0.2932
2026-03-04 20:48:35,155 - utils.logger2026-03-04-20.46.04 - INFO - Cur epoch 35 loss TA:0.3331 TV:0.3192 VA:0.6708 CE:0.4023
2026-03-04 20:48:35,220 - utils.logger2026-03-04-20.46.04 - INFO - saving the model at the end of epoch 35, iters 980
2026-03-04 20:48:35,395 - utils.logger2026-03-04-20.46.04 - INFO - End of training epoch 35 / 40 	 Time Taken: 3 sec
2026-03-04 20:48:35,396 - utils.logger2026-03-04-20.46.04 - INFO - learning rate = 0.0000909
2026-03-04 20:48:35,937 - utils.logger2026-03-04-20.46.04 - INFO - Val result of epoch 35 / 40 acc 0.7634 MAE 0.6767 f1 0.7803
2026-03-04 20:48:36,484 - utils.logger2026-03-04-20.46.04 - INFO - Tst result of epoch 35 / 40 acc 0.7634 MAE 0.6767 f1 0.7803
2026-03-04 20:48:37,797 - utils.logger2026-03-04-20.46.04 - INFO - Cur epoch 36 loss TA:0.6119 TV:0.6180 VA:1.2224 CE:0.2816
2026-03-04 20:48:38,731 - utils.logger2026-03-04-20.46.04 - INFO - Cur epoch 36 loss TA:0.5979 TV:0.6004 VA:1.2050 CE:0.2235
2026-03-04 20:48:39,510 - utils.logger2026-03-04-20.46.04 - INFO - saving the model at the end of epoch 36, iters 1008
2026-03-04 20:48:39,674 - utils.logger2026-03-04-20.46.04 - INFO - End of training epoch 36 / 40 	 Time Taken: 3 sec
2026-03-04 20:48:39,674 - utils.logger2026-03-04-20.46.04 - INFO - learning rate = 0.0000727
2026-03-04 20:48:40,236 - utils.logger2026-03-04-20.46.04 - INFO - Val result of epoch 36 / 40 acc 0.7589 MAE 0.6741 f1 0.7758
2026-03-04 20:48:40,803 - utils.logger2026-03-04-20.46.04 - INFO - Tst result of epoch 36 / 40 acc 0.7589 MAE 0.6741 f1 0.7758
2026-03-04 20:48:41,403 - utils.logger2026-03-04-20.46.04 - INFO - Cur epoch 37 loss TA:0.6185 TV:0.6311 VA:1.2646 CE:0.2144
2026-03-04 20:48:42,325 - utils.logger2026-03-04-20.46.04 - INFO - Cur epoch 37 loss TA:0.6080 TV:0.6451 VA:1.2559 CE:0.2662
2026-03-04 20:48:43,217 - utils.logger2026-03-04-20.46.04 - INFO - Cur epoch 37 loss TA:0.6312 TV:0.6009 VA:1.2318 CE:0.3740
2026-03-04 20:48:43,795 - utils.logger2026-03-04-20.46.04 - INFO - saving the model at the end of epoch 37, iters 1036
2026-03-04 20:48:43,939 - utils.logger2026-03-04-20.46.04 - INFO - End of training epoch 37 / 40 	 Time Taken: 3 sec
2026-03-04 20:48:43,940 - utils.logger2026-03-04-20.46.04 - INFO - learning rate = 0.0000545
2026-03-04 20:48:44,496 - utils.logger2026-03-04-20.46.04 - INFO - Val result of epoch 37 / 40 acc 0.7500 MAE 0.6766 f1 0.7617
2026-03-04 20:48:45,003 - utils.logger2026-03-04-20.46.04 - INFO - Tst result of epoch 37 / 40 acc 0.7500 MAE 0.6766 f1 0.7617
2026-03-04 20:48:45,651 - utils.logger2026-03-04-20.46.04 - INFO - Cur epoch 38 loss TA:0.5907 TV:0.5947 VA:1.2358 CE:0.2502
2026-03-04 20:48:46,517 - utils.logger2026-03-04-20.46.04 - INFO - Cur epoch 38 loss TA:0.6042 TV:0.6285 VA:1.2521 CE:0.2706
2026-03-04 20:48:47,343 - utils.logger2026-03-04-20.46.04 - INFO - Cur epoch 38 loss TA:0.6108 TV:0.6381 VA:1.2745 CE:0.3060
2026-03-04 20:48:47,723 - utils.logger2026-03-04-20.46.04 - INFO - saving the model at the end of epoch 38, iters 1064
2026-03-04 20:48:47,875 - utils.logger2026-03-04-20.46.04 - INFO - End of training epoch 38 / 40 	 Time Taken: 2 sec
2026-03-04 20:48:47,875 - utils.logger2026-03-04-20.46.04 - INFO - learning rate = 0.0000364
2026-03-04 20:48:48,368 - utils.logger2026-03-04-20.46.04 - INFO - Val result of epoch 38 / 40 acc 0.7634 MAE 0.6812 f1 0.7756
2026-03-04 20:48:48,867 - utils.logger2026-03-04-20.46.04 - INFO - Tst result of epoch 38 / 40 acc 0.7634 MAE 0.6812 f1 0.7756
2026-03-04 20:48:49,769 - utils.logger2026-03-04-20.46.04 - INFO - Cur epoch 39 loss TA:0.5829 TV:0.5835 VA:1.1854 CE:0.2909
2026-03-04 20:48:50,630 - utils.logger2026-03-04-20.46.04 - INFO - Cur epoch 39 loss TA:0.6119 TV:0.6138 VA:1.2414 CE:0.2576
2026-03-04 20:48:51,515 - utils.logger2026-03-04-20.46.04 - INFO - Cur epoch 39 loss TA:0.6093 TV:0.6101 VA:1.2238 CE:0.1985
2026-03-04 20:48:51,757 - utils.logger2026-03-04-20.46.04 - INFO - saving the model at the end of epoch 39, iters 1092
2026-03-04 20:48:51,925 - utils.logger2026-03-04-20.46.04 - INFO - End of training epoch 39 / 40 	 Time Taken: 3 sec
2026-03-04 20:48:51,925 - utils.logger2026-03-04-20.46.04 - INFO - learning rate = 0.0000182
2026-03-04 20:48:52,476 - utils.logger2026-03-04-20.46.04 - INFO - Val result of epoch 39 / 40 acc 0.7545 MAE 0.6829 f1 0.7710
2026-03-04 20:48:52,985 - utils.logger2026-03-04-20.46.04 - INFO - Tst result of epoch 39 / 40 acc 0.7545 MAE 0.6829 f1 0.7710
2026-03-04 20:48:54,009 - utils.logger2026-03-04-20.46.04 - INFO - Cur epoch 40 loss TA:0.6267 TV:0.6033 VA:1.2647 CE:0.2615
2026-03-04 20:48:54,916 - utils.logger2026-03-04-20.46.04 - INFO - Cur epoch 40 loss TA:0.5784 TV:0.5648 VA:1.1785 CE:0.2386
2026-03-04 20:48:55,812 - utils.logger2026-03-04-20.46.04 - INFO - Cur epoch 40 loss TA:0.2936 TV:0.2969 VA:0.5634 CE:0.3196
2026-03-04 20:48:55,864 - utils.logger2026-03-04-20.46.04 - INFO - saving the model at the end of epoch 40, iters 1120
2026-03-04 20:48:56,017 - utils.logger2026-03-04-20.46.04 - INFO - End of training epoch 40 / 40 	 Time Taken: 3 sec
2026-03-04 20:48:56,017 - utils.logger2026-03-04-20.46.04 - INFO - learning rate = 0.0000000
2026-03-04 20:48:56,539 - utils.logger2026-03-04-20.46.04 - INFO - Val result of epoch 40 / 40 acc 0.7545 MAE 0.6817 f1 0.7710
2026-03-04 20:48:57,083 - utils.logger2026-03-04-20.46.04 - INFO - Tst result of epoch 40 / 40 acc 0.7545 MAE 0.6817 f1 0.7710
2026-03-04 20:48:57,083 - utils.logger2026-03-04-20.46.04 - INFO - Best eval epoch 27 found with f1 0.789631
