2026-03-09 14:24:41,517 - utils.logger2026-03-09-14.24.41 - INFO - The number of training samples = 1750
2026-03-09 14:24:41,517 - utils.logger2026-03-09-14.24.41 - INFO - The number of testing samples = 224
2026-03-09 14:24:44,135 - utils.logger2026-03-09-14.24.41 - INFO - Cur epoch 1 loss TA:1.0363 TV:1.0377 VA:2.0680 CE:3.6657
2026-03-09 14:24:45,042 - utils.logger2026-03-09-14.24.41 - INFO - Cur epoch 1 loss TA:1.0363 TV:1.0345 VA:2.0685 CE:2.9655
2026-03-09 14:24:45,590 - utils.logger2026-03-09-14.24.41 - INFO - saving the model at the end of epoch 1, iters 28
2026-03-09 14:24:46,012 - utils.logger2026-03-09-14.24.41 - INFO - End of training epoch 1 / 40 	 Time Taken: 4 sec
2026-03-09 14:24:46,012 - utils.logger2026-03-09-14.24.41 - INFO - learning rate = 0.0002000
2026-03-09 14:24:46,728 - utils.logger2026-03-09-14.24.41 - INFO - Val result of epoch 1 / 40 mae 1.5162 corr 0.1372 f1 0.5717
2026-03-09 14:24:47,441 - utils.logger2026-03-09-14.24.41 - INFO - Tst result of epoch 1 / 40 mae 1.3485 corr 0.1716 f1 0.5900
2026-03-09 14:24:48,250 - utils.logger2026-03-09-14.24.41 - INFO - Cur epoch 2 loss TA:1.0311 TV:1.0282 VA:2.0646 CE:2.3858
2026-03-09 14:24:49,122 - utils.logger2026-03-09-14.24.41 - INFO - Cur epoch 2 loss TA:1.0212 TV:1.0221 VA:2.0529 CE:2.1408
2026-03-09 14:24:49,845 - utils.logger2026-03-09-14.24.41 - INFO - Cur epoch 2 loss TA:1.0116 TV:1.0036 VA:2.0357 CE:2.5651
2026-03-09 14:24:50,503 - utils.logger2026-03-09-14.24.41 - INFO - saving the model at the end of epoch 2, iters 56
2026-03-09 14:24:50,738 - utils.logger2026-03-09-14.24.41 - INFO - End of training epoch 2 / 40 	 Time Taken: 3 sec
2026-03-09 14:24:50,738 - utils.logger2026-03-09-14.24.41 - INFO - learning rate = 0.0002000
2026-03-09 14:24:51,497 - utils.logger2026-03-09-14.24.41 - INFO - Val result of epoch 2 / 40 mae 1.4641 corr 0.3855 f1 0.6689
2026-03-09 14:24:52,137 - utils.logger2026-03-09-14.24.41 - INFO - Tst result of epoch 2 / 40 mae 1.2602 corr 0.5207 f1 0.7528
2026-03-09 14:24:53,019 - utils.logger2026-03-09-14.24.41 - INFO - Cur epoch 3 loss TA:0.9856 TV:0.9773 VA:1.9681 CE:2.4257
2026-03-09 14:24:53,854 - utils.logger2026-03-09-14.24.41 - INFO - Cur epoch 3 loss TA:0.9680 TV:0.9760 VA:1.9125 CE:2.2559
2026-03-09 14:24:54,591 - utils.logger2026-03-09-14.24.41 - INFO - Cur epoch 3 loss TA:0.9657 TV:0.9543 VA:1.9138 CE:2.4256
2026-03-09 14:24:55,055 - utils.logger2026-03-09-14.24.41 - INFO - saving the model at the end of epoch 3, iters 84
2026-03-09 14:24:55,282 - utils.logger2026-03-09-14.24.41 - INFO - End of training epoch 3 / 40 	 Time Taken: 3 sec
2026-03-09 14:24:55,283 - utils.logger2026-03-09-14.24.41 - INFO - learning rate = 0.0002000
2026-03-09 14:24:55,972 - utils.logger2026-03-09-14.24.41 - INFO - Val result of epoch 3 / 40 mae 1.4215 corr 0.4858 f1 0.6352
2026-03-09 14:24:56,653 - utils.logger2026-03-09-14.24.41 - INFO - Tst result of epoch 3 / 40 mae 1.1911 corr 0.5657 f1 0.6892
2026-03-09 14:24:57,869 - utils.logger2026-03-09-14.24.41 - INFO - Cur epoch 4 loss TA:0.9439 TV:0.9401 VA:1.8570 CE:2.3595
2026-03-09 14:24:58,641 - utils.logger2026-03-09-14.24.41 - INFO - Cur epoch 4 loss TA:0.9322 TV:0.9341 VA:1.8223 CE:1.8261
2026-03-09 14:24:59,239 - utils.logger2026-03-09-14.24.41 - INFO - Cur epoch 4 loss TA:0.9277 TV:0.9332 VA:1.8132 CE:1.9150
2026-03-09 14:24:59,553 - utils.logger2026-03-09-14.24.41 - INFO - saving the model at the end of epoch 4, iters 112
2026-03-09 14:24:59,911 - utils.logger2026-03-09-14.24.41 - INFO - End of training epoch 4 / 40 	 Time Taken: 3 sec
2026-03-09 14:24:59,912 - utils.logger2026-03-09-14.24.41 - INFO - learning rate = 0.0002000
2026-03-09 14:25:00,629 - utils.logger2026-03-09-14.24.41 - INFO - Val result of epoch 4 / 40 mae 1.3312 corr 0.5191 f1 0.6588
2026-03-09 14:25:01,274 - utils.logger2026-03-09-14.24.41 - INFO - Tst result of epoch 4 / 40 mae 1.0592 corr 0.6124 f1 0.7317
2026-03-09 14:25:02,582 - utils.logger2026-03-09-14.24.41 - INFO - Cur epoch 5 loss TA:0.9254 TV:0.9129 VA:1.7860 CE:1.2267
2026-03-09 14:25:03,289 - utils.logger2026-03-09-14.24.41 - INFO - Cur epoch 5 loss TA:0.9136 TV:0.9240 VA:1.7888 CE:2.2555
2026-03-09 14:25:04,124 - utils.logger2026-03-09-14.24.41 - INFO - Cur epoch 5 loss TA:0.6255 TV:0.6223 VA:1.2172 CE:1.8462
2026-03-09 14:25:04,194 - utils.logger2026-03-09-14.24.41 - INFO - saving the model at the end of epoch 5, iters 140
2026-03-09 14:25:04,637 - utils.logger2026-03-09-14.24.41 - INFO - End of training epoch 5 / 40 	 Time Taken: 3 sec
2026-03-09 14:25:04,638 - utils.logger2026-03-09-14.24.41 - INFO - learning rate = 0.0002000
2026-03-09 14:25:05,356 - utils.logger2026-03-09-14.24.41 - INFO - Val result of epoch 5 / 40 mae 1.2715 corr 0.5677 f1 0.7553
2026-03-09 14:25:06,058 - utils.logger2026-03-09-14.24.41 - INFO - Tst result of epoch 5 / 40 mae 1.0213 corr 0.6238 f1 0.7930
2026-03-09 14:25:07,471 - utils.logger2026-03-09-14.24.41 - INFO - Cur epoch 6 loss TA:0.9135 TV:0.9120 VA:1.7525 CE:1.4261
2026-03-09 14:25:08,269 - utils.logger2026-03-09-14.24.41 - INFO - Cur epoch 6 loss TA:0.8984 TV:0.9070 VA:1.7082 CE:1.5826
2026-03-09 14:25:08,924 - utils.logger2026-03-09-14.24.41 - INFO - saving the model at the end of epoch 6, iters 168
2026-03-09 14:25:09,416 - utils.logger2026-03-09-14.24.41 - INFO - End of training epoch 6 / 40 	 Time Taken: 3 sec
2026-03-09 14:25:09,417 - utils.logger2026-03-09-14.24.41 - INFO - learning rate = 0.0002000
2026-03-09 14:25:10,166 - utils.logger2026-03-09-14.24.41 - INFO - Val result of epoch 6 / 40 mae 1.2042 corr 0.6047 f1 0.7768
2026-03-09 14:25:10,873 - utils.logger2026-03-09-14.24.41 - INFO - Tst result of epoch 6 / 40 mae 0.9564 corr 0.6410 f1 0.7759
2026-03-09 14:25:11,607 - utils.logger2026-03-09-14.24.41 - INFO - Cur epoch 7 loss TA:0.8743 TV:0.8844 VA:1.6657 CE:1.3175
2026-03-09 14:25:12,374 - utils.logger2026-03-09-14.24.41 - INFO - Cur epoch 7 loss TA:0.8549 TV:0.8470 VA:1.6145 CE:1.3510
2026-03-09 14:25:13,095 - utils.logger2026-03-09-14.24.41 - INFO - Cur epoch 7 loss TA:0.8798 TV:0.8846 VA:1.6851 CE:1.0600
2026-03-09 14:25:13,695 - utils.logger2026-03-09-14.24.41 - INFO - saving the model at the end of epoch 7, iters 196
2026-03-09 14:25:14,011 - utils.logger2026-03-09-14.24.41 - INFO - End of training epoch 7 / 40 	 Time Taken: 3 sec
2026-03-09 14:25:14,012 - utils.logger2026-03-09-14.24.41 - INFO - learning rate = 0.0002000
2026-03-09 14:25:14,799 - utils.logger2026-03-09-14.24.41 - INFO - Val result of epoch 7 / 40 mae 1.1733 corr 0.6243 f1 0.7731
2026-03-09 14:25:15,435 - utils.logger2026-03-09-14.24.41 - INFO - Tst result of epoch 7 / 40 mae 0.9503 corr 0.6388 f1 0.7881
2026-03-09 14:25:16,364 - utils.logger2026-03-09-14.24.41 - INFO - Cur epoch 8 loss TA:0.8670 TV:0.8620 VA:1.6097 CE:1.0603
2026-03-09 14:25:17,210 - utils.logger2026-03-09-14.24.41 - INFO - Cur epoch 8 loss TA:0.8539 TV:0.8587 VA:1.6156 CE:1.0368
2026-03-09 14:25:17,883 - utils.logger2026-03-09-14.24.41 - INFO - Cur epoch 8 loss TA:0.8370 TV:0.8662 VA:1.6031 CE:1.1351
2026-03-09 14:25:18,309 - utils.logger2026-03-09-14.24.41 - INFO - saving the model at the end of epoch 8, iters 224
2026-03-09 14:25:18,774 - utils.logger2026-03-09-14.24.41 - INFO - End of training epoch 8 / 40 	 Time Taken: 3 sec
2026-03-09 14:25:18,774 - utils.logger2026-03-09-14.24.41 - INFO - learning rate = 0.0002000
2026-03-09 14:25:19,539 - utils.logger2026-03-09-14.24.41 - INFO - Val result of epoch 8 / 40 mae 1.1314 corr 0.6381 f1 0.7817
2026-03-09 14:25:20,196 - utils.logger2026-03-09-14.24.41 - INFO - Tst result of epoch 8 / 40 mae 0.9226 corr 0.6475 f1 0.7910
2026-03-09 14:25:21,326 - utils.logger2026-03-09-14.24.41 - INFO - Cur epoch 9 loss TA:0.8078 TV:0.8235 VA:1.5247 CE:1.0572
2026-03-09 14:25:22,089 - utils.logger2026-03-09-14.24.41 - INFO - Cur epoch 9 loss TA:0.8326 TV:0.8385 VA:1.5106 CE:1.4663
2026-03-09 14:25:22,696 - utils.logger2026-03-09-14.24.41 - INFO - Cur epoch 9 loss TA:0.8553 TV:0.8545 VA:1.5588 CE:0.8449
2026-03-09 14:25:22,870 - utils.logger2026-03-09-14.24.41 - INFO - saving the model at the end of epoch 9, iters 252
2026-03-09 14:25:23,252 - utils.logger2026-03-09-14.24.41 - INFO - End of training epoch 9 / 40 	 Time Taken: 3 sec
2026-03-09 14:25:23,253 - utils.logger2026-03-09-14.24.41 - INFO - learning rate = 0.0002000
2026-03-09 14:25:23,991 - utils.logger2026-03-09-14.24.41 - INFO - Val result of epoch 9 / 40 mae 1.1243 corr 0.6503 f1 0.8000
2026-03-09 14:25:24,685 - utils.logger2026-03-09-14.24.41 - INFO - Tst result of epoch 9 / 40 mae 0.9279 corr 0.6441 f1 0.7985
2026-03-09 14:25:25,866 - utils.logger2026-03-09-14.24.41 - INFO - Cur epoch 10 loss TA:0.7986 TV:0.7921 VA:1.4525 CE:0.9841
2026-03-09 14:25:26,734 - utils.logger2026-03-09-14.24.41 - INFO - Cur epoch 10 loss TA:0.7970 TV:0.8095 VA:1.4714 CE:1.3468
2026-03-09 14:25:27,424 - utils.logger2026-03-09-14.24.41 - INFO - Cur epoch 10 loss TA:0.5026 TV:0.4960 VA:0.8870 CE:1.2679
2026-03-09 14:25:27,519 - utils.logger2026-03-09-14.24.41 - INFO - saving the model at the end of epoch 10, iters 280
2026-03-09 14:25:27,720 - utils.logger2026-03-09-14.24.41 - INFO - End of training epoch 10 / 40 	 Time Taken: 3 sec
2026-03-09 14:25:27,721 - utils.logger2026-03-09-14.24.41 - INFO - learning rate = 0.0002000
2026-03-09 14:25:28,410 - utils.logger2026-03-09-14.24.41 - INFO - Val result of epoch 10 / 40 mae 1.1418 corr 0.6428 f1 0.7648
2026-03-09 14:25:29,075 - utils.logger2026-03-09-14.24.41 - INFO - Tst result of epoch 10 / 40 mae 0.9394 corr 0.6466 f1 0.7828
2026-03-09 14:25:30,327 - utils.logger2026-03-09-14.24.41 - INFO - Cur epoch 11 loss TA:0.7821 TV:0.8029 VA:1.4796 CE:1.0858
2026-03-09 14:25:31,194 - utils.logger2026-03-09-14.24.41 - INFO - Cur epoch 11 loss TA:0.7914 TV:0.8113 VA:1.4471 CE:0.8843
2026-03-09 14:25:31,851 - utils.logger2026-03-09-14.24.41 - INFO - saving the model at the end of epoch 11, iters 308
2026-03-09 14:25:32,200 - utils.logger2026-03-09-14.24.41 - INFO - End of training epoch 11 / 40 	 Time Taken: 3 sec
2026-03-09 14:25:32,200 - utils.logger2026-03-09-14.24.41 - INFO - learning rate = 0.0002000
2026-03-09 14:25:32,870 - utils.logger2026-03-09-14.24.41 - INFO - Val result of epoch 11 / 40 mae 1.0936 corr 0.6477 f1 0.7861
2026-03-09 14:25:33,565 - utils.logger2026-03-09-14.24.41 - INFO - Tst result of epoch 11 / 40 mae 0.9202 corr 0.6438 f1 0.7707
2026-03-09 14:25:34,241 - utils.logger2026-03-09-14.24.41 - INFO - Cur epoch 12 loss TA:0.7670 TV:0.7990 VA:1.4162 CE:0.6238
2026-03-09 14:25:34,935 - utils.logger2026-03-09-14.24.41 - INFO - Cur epoch 12 loss TA:0.7691 TV:0.7837 VA:1.3935 CE:0.5583
2026-03-09 14:25:35,576 - utils.logger2026-03-09-14.24.41 - INFO - Cur epoch 12 loss TA:0.7326 TV:0.7433 VA:1.3434 CE:0.5540
2026-03-09 14:25:36,153 - utils.logger2026-03-09-14.24.41 - INFO - saving the model at the end of epoch 12, iters 336
2026-03-09 14:25:36,426 - utils.logger2026-03-09-14.24.41 - INFO - End of training epoch 12 / 40 	 Time Taken: 2 sec
2026-03-09 14:25:36,427 - utils.logger2026-03-09-14.24.41 - INFO - learning rate = 0.0002000
2026-03-09 14:25:37,137 - utils.logger2026-03-09-14.24.41 - INFO - Val result of epoch 12 / 40 mae 1.1005 corr 0.6521 f1 0.7818
2026-03-09 14:25:37,829 - utils.logger2026-03-09-14.24.41 - INFO - Tst result of epoch 12 / 40 mae 0.9305 corr 0.6458 f1 0.7866
2026-03-09 14:25:38,754 - utils.logger2026-03-09-14.24.41 - INFO - Cur epoch 13 loss TA:0.7849 TV:0.7944 VA:1.4146 CE:0.6304
2026-03-09 14:25:39,474 - utils.logger2026-03-09-14.24.41 - INFO - Cur epoch 13 loss TA:0.7162 TV:0.7343 VA:1.3627 CE:0.6901
2026-03-09 14:25:40,153 - utils.logger2026-03-09-14.24.41 - INFO - Cur epoch 13 loss TA:0.7324 TV:0.7385 VA:1.3345 CE:0.6653
2026-03-09 14:25:40,552 - utils.logger2026-03-09-14.24.41 - INFO - saving the model at the end of epoch 13, iters 364
2026-03-09 14:25:41,009 - utils.logger2026-03-09-14.24.41 - INFO - End of training epoch 13 / 40 	 Time Taken: 3 sec
2026-03-09 14:25:41,010 - utils.logger2026-03-09-14.24.41 - INFO - learning rate = 0.0002000
2026-03-09 14:25:41,743 - utils.logger2026-03-09-14.24.41 - INFO - Val result of epoch 13 / 40 mae 1.1059 corr 0.6482 f1 0.7768
2026-03-09 14:25:42,444 - utils.logger2026-03-09-14.24.41 - INFO - Tst result of epoch 13 / 40 mae 0.9338 corr 0.6361 f1 0.7800
2026-03-09 14:25:43,520 - utils.logger2026-03-09-14.24.41 - INFO - Cur epoch 14 loss TA:0.6837 TV:0.7056 VA:1.3061 CE:0.6250
2026-03-09 14:25:44,220 - utils.logger2026-03-09-14.24.41 - INFO - Cur epoch 14 loss TA:0.7185 TV:0.7204 VA:1.2728 CE:0.5877
2026-03-09 14:25:44,976 - utils.logger2026-03-09-14.24.41 - INFO - Cur epoch 14 loss TA:0.7278 TV:0.7789 VA:1.3938 CE:0.4919
2026-03-09 14:25:45,177 - utils.logger2026-03-09-14.24.41 - INFO - saving the model at the end of epoch 14, iters 392
2026-03-09 14:25:45,414 - utils.logger2026-03-09-14.24.41 - INFO - End of training epoch 14 / 40 	 Time Taken: 2 sec
2026-03-09 14:25:45,415 - utils.logger2026-03-09-14.24.41 - INFO - learning rate = 0.0002000
2026-03-09 14:25:46,039 - utils.logger2026-03-09-14.24.41 - INFO - Val result of epoch 14 / 40 mae 1.0994 corr 0.6431 f1 0.7913
2026-03-09 14:25:46,757 - utils.logger2026-03-09-14.24.41 - INFO - Tst result of epoch 14 / 40 mae 0.9065 corr 0.6512 f1 0.7856
2026-03-09 14:25:48,194 - utils.logger2026-03-09-14.24.41 - INFO - Cur epoch 15 loss TA:0.7522 TV:0.7544 VA:1.2871 CE:0.4387
2026-03-09 14:25:49,032 - utils.logger2026-03-09-14.24.41 - INFO - Cur epoch 15 loss TA:0.7455 TV:0.7502 VA:1.3575 CE:0.4594
2026-03-09 14:25:49,779 - utils.logger2026-03-09-14.24.41 - INFO - Cur epoch 15 loss TA:0.4483 TV:0.4332 VA:0.6840 CE:0.8757
2026-03-09 14:25:49,878 - utils.logger2026-03-09-14.24.41 - INFO - saving the model at the end of epoch 15, iters 420
2026-03-09 14:25:50,314 - utils.logger2026-03-09-14.24.41 - INFO - End of training epoch 15 / 40 	 Time Taken: 3 sec
2026-03-09 14:25:50,314 - utils.logger2026-03-09-14.24.41 - INFO - learning rate = 0.0002000
2026-03-09 14:25:50,997 - utils.logger2026-03-09-14.24.41 - INFO - Val result of epoch 15 / 40 mae 1.0661 corr 0.6685 f1 0.7955
2026-03-09 14:25:51,793 - utils.logger2026-03-09-14.24.41 - INFO - Tst result of epoch 15 / 40 mae 0.9194 corr 0.6375 f1 0.7894
2026-03-09 14:25:53,079 - utils.logger2026-03-09-14.24.41 - INFO - Cur epoch 16 loss TA:0.7020 TV:0.6834 VA:1.3065 CE:0.5310
2026-03-09 14:25:53,920 - utils.logger2026-03-09-14.24.41 - INFO - Cur epoch 16 loss TA:0.7108 TV:0.7241 VA:1.2427 CE:0.5826
2026-03-09 14:25:54,683 - utils.logger2026-03-09-14.24.41 - INFO - saving the model at the end of epoch 16, iters 448
2026-03-09 14:25:54,877 - utils.logger2026-03-09-14.24.41 - INFO - End of training epoch 16 / 40 	 Time Taken: 3 sec
2026-03-09 14:25:54,878 - utils.logger2026-03-09-14.24.41 - INFO - learning rate = 0.0002000
2026-03-09 14:25:55,495 - utils.logger2026-03-09-14.24.41 - INFO - Val result of epoch 16 / 40 mae 1.0695 corr 0.6598 f1 0.8093
2026-03-09 14:25:56,082 - utils.logger2026-03-09-14.24.41 - INFO - Tst result of epoch 16 / 40 mae 0.9373 corr 0.6321 f1 0.7701
2026-03-09 14:25:56,741 - utils.logger2026-03-09-14.24.41 - INFO - Cur epoch 17 loss TA:0.6467 TV:0.6573 VA:1.1926 CE:0.5051
2026-03-09 14:25:57,353 - utils.logger2026-03-09-14.24.41 - INFO - Cur epoch 17 loss TA:0.6954 TV:0.7158 VA:1.2624 CE:0.3616
2026-03-09 14:25:57,938 - utils.logger2026-03-09-14.24.41 - INFO - Cur epoch 17 loss TA:0.6845 TV:0.7086 VA:1.2188 CE:0.4428
2026-03-09 14:25:58,368 - utils.logger2026-03-09-14.24.41 - INFO - saving the model at the end of epoch 17, iters 476
2026-03-09 14:25:58,570 - utils.logger2026-03-09-14.24.41 - INFO - End of training epoch 17 / 40 	 Time Taken: 2 sec
2026-03-09 14:25:58,570 - utils.logger2026-03-09-14.24.41 - INFO - learning rate = 0.0002000
2026-03-09 14:25:59,302 - utils.logger2026-03-09-14.24.41 - INFO - Val result of epoch 17 / 40 mae 1.0718 corr 0.6623 f1 0.7629
2026-03-09 14:25:59,971 - utils.logger2026-03-09-14.24.41 - INFO - Tst result of epoch 17 / 40 mae 0.9244 corr 0.6323 f1 0.7655
2026-03-09 14:26:00,953 - utils.logger2026-03-09-14.24.41 - INFO - Cur epoch 18 loss TA:0.6583 TV:0.6843 VA:1.2461 CE:0.4955
2026-03-09 14:26:01,734 - utils.logger2026-03-09-14.24.41 - INFO - Cur epoch 18 loss TA:0.7079 TV:0.6930 VA:1.1962 CE:0.4388
2026-03-09 14:26:02,391 - utils.logger2026-03-09-14.24.41 - INFO - Cur epoch 18 loss TA:0.6537 TV:0.6860 VA:1.1838 CE:0.3346
2026-03-09 14:26:02,793 - utils.logger2026-03-09-14.24.41 - INFO - saving the model at the end of epoch 18, iters 504
2026-03-09 14:26:03,042 - utils.logger2026-03-09-14.24.41 - INFO - End of training epoch 18 / 40 	 Time Taken: 3 sec
2026-03-09 14:26:03,043 - utils.logger2026-03-09-14.24.41 - INFO - learning rate = 0.0002000
2026-03-09 14:26:03,804 - utils.logger2026-03-09-14.24.41 - INFO - Val result of epoch 18 / 40 mae 1.1052 corr 0.6583 f1 0.8009
2026-03-09 14:26:04,599 - utils.logger2026-03-09-14.24.41 - INFO - Tst result of epoch 18 / 40 mae 0.9550 corr 0.6434 f1 0.7505
2026-03-09 14:26:05,779 - utils.logger2026-03-09-14.24.41 - INFO - Cur epoch 19 loss TA:0.6455 TV:0.6928 VA:1.2454 CE:0.4512
2026-03-09 14:26:06,572 - utils.logger2026-03-09-14.24.41 - INFO - Cur epoch 19 loss TA:0.6319 TV:0.6445 VA:1.1681 CE:0.4090
2026-03-09 14:26:07,394 - utils.logger2026-03-09-14.24.41 - INFO - Cur epoch 19 loss TA:0.6425 TV:0.6876 VA:1.1505 CE:0.4711
2026-03-09 14:26:07,630 - utils.logger2026-03-09-14.24.41 - INFO - saving the model at the end of epoch 19, iters 532
2026-03-09 14:26:07,754 - utils.logger2026-03-09-14.24.41 - INFO - End of training epoch 19 / 40 	 Time Taken: 3 sec
2026-03-09 14:26:07,755 - utils.logger2026-03-09-14.24.41 - INFO - learning rate = 0.0002000
2026-03-09 14:26:08,484 - utils.logger2026-03-09-14.24.41 - INFO - Val result of epoch 19 / 40 mae 1.0824 corr 0.6434 f1 0.7628
2026-03-09 14:26:09,251 - utils.logger2026-03-09-14.24.41 - INFO - Tst result of epoch 19 / 40 mae 0.9154 corr 0.6502 f1 0.7843
2026-03-09 14:26:10,365 - utils.logger2026-03-09-14.24.41 - INFO - Cur epoch 20 loss TA:0.6117 TV:0.6288 VA:1.1052 CE:0.3549
2026-03-09 14:26:11,206 - utils.logger2026-03-09-14.24.41 - INFO - Cur epoch 20 loss TA:0.6461 TV:0.6578 VA:1.1767 CE:0.4533
2026-03-09 14:26:12,068 - utils.logger2026-03-09-14.24.41 - INFO - Cur epoch 20 loss TA:0.3397 TV:0.3978 VA:0.6245 CE:0.2425
2026-03-09 14:26:12,154 - utils.logger2026-03-09-14.24.41 - INFO - saving the model at the end of epoch 20, iters 560
2026-03-09 14:26:12,283 - utils.logger2026-03-09-14.24.41 - INFO - End of training epoch 20 / 40 	 Time Taken: 3 sec
2026-03-09 14:26:12,284 - utils.logger2026-03-09-14.24.41 - INFO - learning rate = 0.0001905
2026-03-09 14:26:12,930 - utils.logger2026-03-09-14.24.41 - INFO - Val result of epoch 20 / 40 mae 1.0994 corr 0.6457 f1 0.7675
2026-03-09 14:26:13,602 - utils.logger2026-03-09-14.24.41 - INFO - Tst result of epoch 20 / 40 mae 0.9229 corr 0.6496 f1 0.7568
2026-03-09 14:26:14,913 - utils.logger2026-03-09-14.24.41 - INFO - Cur epoch 21 loss TA:0.6204 TV:0.6327 VA:1.0754 CE:0.3377
2026-03-09 14:26:15,585 - utils.logger2026-03-09-14.24.41 - INFO - Cur epoch 21 loss TA:0.6091 TV:0.6184 VA:1.1199 CE:0.2917
2026-03-09 14:26:16,404 - utils.logger2026-03-09-14.24.41 - INFO - saving the model at the end of epoch 21, iters 588
2026-03-09 14:26:16,622 - utils.logger2026-03-09-14.24.41 - INFO - End of training epoch 21 / 40 	 Time Taken: 3 sec
2026-03-09 14:26:16,622 - utils.logger2026-03-09-14.24.41 - INFO - learning rate = 0.0001810
2026-03-09 14:26:17,302 - utils.logger2026-03-09-14.24.41 - INFO - Val result of epoch 21 / 40 mae 1.1013 corr 0.6477 f1 0.7721
2026-03-09 14:26:18,028 - utils.logger2026-03-09-14.24.41 - INFO - Tst result of epoch 21 / 40 mae 0.9080 corr 0.6563 f1 0.7759
2026-03-09 14:26:18,797 - utils.logger2026-03-09-14.24.41 - INFO - Cur epoch 22 loss TA:0.6169 TV:0.6346 VA:1.1048 CE:0.3483
2026-03-09 14:26:19,647 - utils.logger2026-03-09-14.24.41 - INFO - Cur epoch 22 loss TA:0.6201 TV:0.6443 VA:1.1355 CE:0.3513
2026-03-09 14:26:20,385 - utils.logger2026-03-09-14.24.41 - INFO - Cur epoch 22 loss TA:0.5724 TV:0.6002 VA:1.1026 CE:0.2985
2026-03-09 14:26:21,006 - utils.logger2026-03-09-14.24.41 - INFO - saving the model at the end of epoch 22, iters 616
2026-03-09 14:26:21,273 - utils.logger2026-03-09-14.24.41 - INFO - End of training epoch 22 / 40 	 Time Taken: 3 sec
2026-03-09 14:26:21,274 - utils.logger2026-03-09-14.24.41 - INFO - learning rate = 0.0001714
2026-03-09 14:26:21,964 - utils.logger2026-03-09-14.24.41 - INFO - Val result of epoch 22 / 40 mae 1.1126 corr 0.6413 f1 0.7769
2026-03-09 14:26:22,677 - utils.logger2026-03-09-14.24.41 - INFO - Tst result of epoch 22 / 40 mae 0.9130 corr 0.6512 f1 0.7894
2026-03-09 14:26:23,612 - utils.logger2026-03-09-14.24.41 - INFO - Cur epoch 23 loss TA:0.5987 TV:0.6038 VA:1.1116 CE:0.3595
2026-03-09 14:26:24,390 - utils.logger2026-03-09-14.24.41 - INFO - Cur epoch 23 loss TA:0.6120 TV:0.6392 VA:1.1655 CE:0.3798
2026-03-09 14:26:25,096 - utils.logger2026-03-09-14.24.41 - INFO - Cur epoch 23 loss TA:0.6079 TV:0.6316 VA:1.1603 CE:0.2997
2026-03-09 14:26:25,546 - utils.logger2026-03-09-14.24.41 - INFO - saving the model at the end of epoch 23, iters 644
2026-03-09 14:26:25,856 - utils.logger2026-03-09-14.24.41 - INFO - End of training epoch 23 / 40 	 Time Taken: 3 sec
2026-03-09 14:26:25,857 - utils.logger2026-03-09-14.24.41 - INFO - learning rate = 0.0001619
2026-03-09 14:26:26,593 - utils.logger2026-03-09-14.24.41 - INFO - Val result of epoch 23 / 40 mae 1.1119 corr 0.6430 f1 0.7778
2026-03-09 14:26:27,268 - utils.logger2026-03-09-14.24.41 - INFO - Tst result of epoch 23 / 40 mae 0.9024 corr 0.6666 f1 0.7905
2026-03-09 14:26:28,514 - utils.logger2026-03-09-14.24.41 - INFO - Cur epoch 24 loss TA:0.6037 TV:0.6205 VA:1.1236 CE:0.3657
2026-03-09 14:26:29,271 - utils.logger2026-03-09-14.24.41 - INFO - Cur epoch 24 loss TA:0.5712 TV:0.5920 VA:1.1105 CE:0.3125
2026-03-09 14:26:29,903 - utils.logger2026-03-09-14.24.41 - INFO - Cur epoch 24 loss TA:0.5864 TV:0.6009 VA:1.1016 CE:0.2920
2026-03-09 14:26:30,067 - utils.logger2026-03-09-14.24.41 - INFO - saving the model at the end of epoch 24, iters 672
2026-03-09 14:26:30,391 - utils.logger2026-03-09-14.24.41 - INFO - End of training epoch 24 / 40 	 Time Taken: 3 sec
2026-03-09 14:26:30,391 - utils.logger2026-03-09-14.24.41 - INFO - learning rate = 0.0001524
2026-03-09 14:26:31,074 - utils.logger2026-03-09-14.24.41 - INFO - Val result of epoch 24 / 40 mae 1.1216 corr 0.6478 f1 0.7790
2026-03-09 14:26:31,852 - utils.logger2026-03-09-14.24.41 - INFO - Tst result of epoch 24 / 40 mae 0.9288 corr 0.6579 f1 0.7599
2026-03-09 14:26:32,970 - utils.logger2026-03-09-14.24.41 - INFO - Cur epoch 25 loss TA:0.6032 TV:0.6169 VA:1.0874 CE:0.3246
2026-03-09 14:26:33,782 - utils.logger2026-03-09-14.24.41 - INFO - Cur epoch 25 loss TA:0.6018 TV:0.6121 VA:1.0472 CE:0.2449
2026-03-09 14:26:34,498 - utils.logger2026-03-09-14.24.41 - INFO - Cur epoch 25 loss TA:0.3037 TV:0.3136 VA:0.6367 CE:0.3599
2026-03-09 14:26:34,579 - utils.logger2026-03-09-14.24.41 - INFO - saving the model at the end of epoch 25, iters 700
2026-03-09 14:26:35,009 - utils.logger2026-03-09-14.24.41 - INFO - End of training epoch 25 / 40 	 Time Taken: 3 sec
2026-03-09 14:26:35,009 - utils.logger2026-03-09-14.24.41 - INFO - learning rate = 0.0001429
2026-03-09 14:26:35,723 - utils.logger2026-03-09-14.24.41 - INFO - Val result of epoch 25 / 40 mae 1.0729 corr 0.6569 f1 0.8001
2026-03-09 14:26:36,509 - utils.logger2026-03-09-14.24.41 - INFO - Tst result of epoch 25 / 40 mae 0.9023 corr 0.6637 f1 0.7755
2026-03-09 14:26:38,083 - utils.logger2026-03-09-14.24.41 - INFO - Cur epoch 26 loss TA:0.5186 TV:0.5294 VA:1.0379 CE:0.2644
2026-03-09 14:26:38,875 - utils.logger2026-03-09-14.24.41 - INFO - Cur epoch 26 loss TA:0.5814 TV:0.5983 VA:1.1084 CE:0.3632
2026-03-09 14:26:39,638 - utils.logger2026-03-09-14.24.41 - INFO - saving the model at the end of epoch 26, iters 728
2026-03-09 14:26:40,045 - utils.logger2026-03-09-14.24.41 - INFO - End of training epoch 26 / 40 	 Time Taken: 3 sec
2026-03-09 14:26:40,046 - utils.logger2026-03-09-14.24.41 - INFO - learning rate = 0.0001333
2026-03-09 14:26:40,742 - utils.logger2026-03-09-14.24.41 - INFO - Val result of epoch 26 / 40 mae 1.0881 corr 0.6580 f1 0.7956
2026-03-09 14:26:41,486 - utils.logger2026-03-09-14.24.41 - INFO - Tst result of epoch 26 / 40 mae 0.9213 corr 0.6536 f1 0.7696
2026-03-09 14:26:42,209 - utils.logger2026-03-09-14.24.41 - INFO - Cur epoch 27 loss TA:0.5720 TV:0.5782 VA:1.0505 CE:0.2486
2026-03-09 14:26:42,976 - utils.logger2026-03-09-14.24.41 - INFO - Cur epoch 27 loss TA:0.5367 TV:0.5460 VA:1.0632 CE:0.2488
2026-03-09 14:26:43,731 - utils.logger2026-03-09-14.24.41 - INFO - Cur epoch 27 loss TA:0.5662 TV:0.5666 VA:1.0676 CE:0.1965
2026-03-09 14:26:44,237 - utils.logger2026-03-09-14.24.41 - INFO - saving the model at the end of epoch 27, iters 756
2026-03-09 14:26:44,546 - utils.logger2026-03-09-14.24.41 - INFO - End of training epoch 27 / 40 	 Time Taken: 3 sec
2026-03-09 14:26:44,546 - utils.logger2026-03-09-14.24.41 - INFO - learning rate = 0.0001238
2026-03-09 14:26:45,181 - utils.logger2026-03-09-14.24.41 - INFO - Val result of epoch 27 / 40 mae 1.1053 corr 0.6420 f1 0.7676
2026-03-09 14:26:45,879 - utils.logger2026-03-09-14.24.41 - INFO - Tst result of epoch 27 / 40 mae 0.9065 corr 0.6615 f1 0.7650
2026-03-09 14:26:46,826 - utils.logger2026-03-09-14.24.41 - INFO - Cur epoch 28 loss TA:0.5409 TV:0.5668 VA:1.0906 CE:0.2147
2026-03-09 14:26:47,467 - utils.logger2026-03-09-14.24.41 - INFO - Cur epoch 28 loss TA:0.5311 TV:0.5373 VA:1.0256 CE:0.2683
2026-03-09 14:26:48,317 - utils.logger2026-03-09-14.24.41 - INFO - Cur epoch 28 loss TA:0.5219 TV:0.5248 VA:1.0443 CE:0.1844
2026-03-09 14:26:48,663 - utils.logger2026-03-09-14.24.41 - INFO - saving the model at the end of epoch 28, iters 784
2026-03-09 14:26:48,925 - utils.logger2026-03-09-14.24.41 - INFO - End of training epoch 28 / 40 	 Time Taken: 3 sec
2026-03-09 14:26:48,925 - utils.logger2026-03-09-14.24.41 - INFO - learning rate = 0.0001143
2026-03-09 14:26:49,588 - utils.logger2026-03-09-14.24.41 - INFO - Val result of epoch 28 / 40 mae 1.1010 corr 0.6471 f1 0.7768
2026-03-09 14:26:50,432 - utils.logger2026-03-09-14.24.41 - INFO - Tst result of epoch 28 / 40 mae 0.9026 corr 0.6698 f1 0.7795
2026-03-09 14:26:51,453 - utils.logger2026-03-09-14.24.41 - INFO - Cur epoch 29 loss TA:0.5889 TV:0.6051 VA:1.1369 CE:0.2938
2026-03-09 14:26:52,240 - utils.logger2026-03-09-14.24.41 - INFO - Cur epoch 29 loss TA:0.5724 TV:0.5692 VA:1.0426 CE:0.3165
2026-03-09 14:26:52,840 - utils.logger2026-03-09-14.24.41 - INFO - Cur epoch 29 loss TA:0.5717 TV:0.5990 VA:1.0951 CE:0.2347
2026-03-09 14:26:53,098 - utils.logger2026-03-09-14.24.41 - INFO - saving the model at the end of epoch 29, iters 812
2026-03-09 14:26:53,311 - utils.logger2026-03-09-14.24.41 - INFO - End of training epoch 29 / 40 	 Time Taken: 2 sec
2026-03-09 14:26:53,311 - utils.logger2026-03-09-14.24.41 - INFO - learning rate = 0.0001048
2026-03-09 14:26:53,952 - utils.logger2026-03-09-14.24.41 - INFO - Val result of epoch 29 / 40 mae 1.1113 corr 0.6448 f1 0.7726
2026-03-09 14:26:54,715 - utils.logger2026-03-09-14.24.41 - INFO - Tst result of epoch 29 / 40 mae 0.9170 corr 0.6649 f1 0.7694
2026-03-09 14:26:56,009 - utils.logger2026-03-09-14.24.41 - INFO - Cur epoch 30 loss TA:0.5348 TV:0.5349 VA:1.0051 CE:0.2149
2026-03-09 14:26:56,723 - utils.logger2026-03-09-14.24.41 - INFO - Cur epoch 30 loss TA:0.5322 TV:0.5331 VA:1.0276 CE:0.2781
2026-03-09 14:26:57,354 - utils.logger2026-03-09-14.24.41 - INFO - Cur epoch 30 loss TA:0.2638 TV:0.2614 VA:0.4862 CE:0.1843
2026-03-09 14:26:57,446 - utils.logger2026-03-09-14.24.41 - INFO - saving the model at the end of epoch 30, iters 840
2026-03-09 14:26:57,673 - utils.logger2026-03-09-14.24.41 - INFO - End of training epoch 30 / 40 	 Time Taken: 2 sec
2026-03-09 14:26:57,674 - utils.logger2026-03-09-14.24.41 - INFO - learning rate = 0.0000952
2026-03-09 14:26:58,462 - utils.logger2026-03-09-14.24.41 - INFO - Val result of epoch 30 / 40 mae 1.0933 corr 0.6557 f1 0.7768
2026-03-09 14:26:59,222 - utils.logger2026-03-09-14.24.41 - INFO - Tst result of epoch 30 / 40 mae 0.9042 corr 0.6622 f1 0.7797
2026-03-09 14:27:00,568 - utils.logger2026-03-09-14.24.41 - INFO - Cur epoch 31 loss TA:0.5374 TV:0.5514 VA:1.0425 CE:0.2515
2026-03-09 14:27:01,426 - utils.logger2026-03-09-14.24.41 - INFO - Cur epoch 31 loss TA:0.5377 TV:0.5508 VA:1.0359 CE:0.2540
2026-03-09 14:27:02,043 - utils.logger2026-03-09-14.24.41 - INFO - saving the model at the end of epoch 31, iters 868
2026-03-09 14:27:02,302 - utils.logger2026-03-09-14.24.41 - INFO - End of training epoch 31 / 40 	 Time Taken: 3 sec
2026-03-09 14:27:02,302 - utils.logger2026-03-09-14.24.41 - INFO - learning rate = 0.0000857
2026-03-09 14:27:03,003 - utils.logger2026-03-09-14.24.41 - INFO - Val result of epoch 31 / 40 mae 1.0936 corr 0.6562 f1 0.7768
2026-03-09 14:27:03,793 - utils.logger2026-03-09-14.24.41 - INFO - Tst result of epoch 31 / 40 mae 0.9083 corr 0.6610 f1 0.7658
2026-03-09 14:27:04,501 - utils.logger2026-03-09-14.24.41 - INFO - Cur epoch 32 loss TA:0.5138 TV:0.5246 VA:0.9820 CE:0.1982
2026-03-09 14:27:05,155 - utils.logger2026-03-09-14.24.41 - INFO - Cur epoch 32 loss TA:0.5358 TV:0.5662 VA:1.0341 CE:0.1828
2026-03-09 14:27:05,804 - utils.logger2026-03-09-14.24.41 - INFO - Cur epoch 32 loss TA:0.5186 TV:0.5333 VA:1.0233 CE:0.1831
2026-03-09 14:27:06,469 - utils.logger2026-03-09-14.24.41 - INFO - saving the model at the end of epoch 32, iters 896
2026-03-09 14:27:06,700 - utils.logger2026-03-09-14.24.41 - INFO - End of training epoch 32 / 40 	 Time Taken: 2 sec
2026-03-09 14:27:06,700 - utils.logger2026-03-09-14.24.41 - INFO - learning rate = 0.0000762
2026-03-09 14:27:07,353 - utils.logger2026-03-09-14.24.41 - INFO - Val result of epoch 32 / 40 mae 1.0853 corr 0.6538 f1 0.7814
2026-03-09 14:27:08,185 - utils.logger2026-03-09-14.24.41 - INFO - Tst result of epoch 32 / 40 mae 0.8913 corr 0.6658 f1 0.7752
2026-03-09 14:27:09,167 - utils.logger2026-03-09-14.24.41 - INFO - Cur epoch 33 loss TA:0.5311 TV:0.5480 VA:1.0310 CE:0.1756
2026-03-09 14:27:09,881 - utils.logger2026-03-09-14.24.41 - INFO - Cur epoch 33 loss TA:0.5390 TV:0.5538 VA:0.9994 CE:0.1600
2026-03-09 14:27:10,521 - utils.logger2026-03-09-14.24.41 - INFO - Cur epoch 33 loss TA:0.5213 TV:0.5353 VA:1.0010 CE:0.1686
2026-03-09 14:27:10,866 - utils.logger2026-03-09-14.24.41 - INFO - saving the model at the end of epoch 33, iters 924
2026-03-09 14:27:11,209 - utils.logger2026-03-09-14.24.41 - INFO - End of training epoch 33 / 40 	 Time Taken: 3 sec
2026-03-09 14:27:11,210 - utils.logger2026-03-09-14.24.41 - INFO - learning rate = 0.0000667
2026-03-09 14:27:11,976 - utils.logger2026-03-09-14.24.41 - INFO - Val result of epoch 33 / 40 mae 1.0872 corr 0.6557 f1 0.7767
2026-03-09 14:27:12,682 - utils.logger2026-03-09-14.24.41 - INFO - Tst result of epoch 33 / 40 mae 0.8956 corr 0.6684 f1 0.7701
2026-03-09 14:27:13,831 - utils.logger2026-03-09-14.24.41 - INFO - Cur epoch 34 loss TA:0.5099 TV:0.5129 VA:0.9965 CE:0.1176
2026-03-09 14:27:14,646 - utils.logger2026-03-09-14.24.41 - INFO - Cur epoch 34 loss TA:0.5254 TV:0.5400 VA:1.0227 CE:0.2450
2026-03-09 14:27:15,389 - utils.logger2026-03-09-14.24.41 - INFO - Cur epoch 34 loss TA:0.4968 TV:0.5103 VA:0.9792 CE:0.2147
2026-03-09 14:27:15,554 - utils.logger2026-03-09-14.24.41 - INFO - saving the model at the end of epoch 34, iters 952
2026-03-09 14:27:15,776 - utils.logger2026-03-09-14.24.41 - INFO - End of training epoch 34 / 40 	 Time Taken: 3 sec
2026-03-09 14:27:15,777 - utils.logger2026-03-09-14.24.41 - INFO - learning rate = 0.0000571
2026-03-09 14:27:16,380 - utils.logger2026-03-09-14.24.41 - INFO - Val result of epoch 34 / 40 mae 1.1036 corr 0.6615 f1 0.7769
2026-03-09 14:27:16,893 - utils.logger2026-03-09-14.24.41 - INFO - Tst result of epoch 34 / 40 mae 0.9115 corr 0.6667 f1 0.7746
2026-03-09 14:27:17,814 - utils.logger2026-03-09-14.24.41 - INFO - Cur epoch 35 loss TA:0.4922 TV:0.5013 VA:0.9590 CE:0.1452
2026-03-09 14:27:18,428 - utils.logger2026-03-09-14.24.41 - INFO - Cur epoch 35 loss TA:0.5355 TV:0.5473 VA:1.0183 CE:0.1903
2026-03-09 14:27:19,104 - utils.logger2026-03-09-14.24.41 - INFO - Cur epoch 35 loss TA:0.2771 TV:0.2840 VA:0.4679 CE:0.2356
2026-03-09 14:27:19,180 - utils.logger2026-03-09-14.24.41 - INFO - saving the model at the end of epoch 35, iters 980
2026-03-09 14:27:19,365 - utils.logger2026-03-09-14.24.41 - INFO - End of training epoch 35 / 40 	 Time Taken: 2 sec
2026-03-09 14:27:19,366 - utils.logger2026-03-09-14.24.41 - INFO - learning rate = 0.0000476
2026-03-09 14:27:20,116 - utils.logger2026-03-09-14.24.41 - INFO - Val result of epoch 35 / 40 mae 1.0979 corr 0.6598 f1 0.7723
2026-03-09 14:27:20,893 - utils.logger2026-03-09-14.24.41 - INFO - Tst result of epoch 35 / 40 mae 0.9048 corr 0.6674 f1 0.7650
2026-03-09 14:27:22,165 - utils.logger2026-03-09-14.24.41 - INFO - Cur epoch 36 loss TA:0.5437 TV:0.5318 VA:1.0229 CE:0.2332
2026-03-09 14:27:22,893 - utils.logger2026-03-09-14.24.41 - INFO - Cur epoch 36 loss TA:0.4967 TV:0.5019 VA:0.9926 CE:0.1470
2026-03-09 14:27:23,780 - utils.logger2026-03-09-14.24.41 - INFO - saving the model at the end of epoch 36, iters 1008
2026-03-09 14:27:24,049 - utils.logger2026-03-09-14.24.41 - INFO - End of training epoch 36 / 40 	 Time Taken: 3 sec
2026-03-09 14:27:24,049 - utils.logger2026-03-09-14.24.41 - INFO - learning rate = 0.0000381
2026-03-09 14:27:24,704 - utils.logger2026-03-09-14.24.41 - INFO - Val result of epoch 36 / 40 mae 1.0910 corr 0.6593 f1 0.7863
2026-03-09 14:27:25,431 - utils.logger2026-03-09-14.24.41 - INFO - Tst result of epoch 36 / 40 mae 0.9019 corr 0.6665 f1 0.7698
2026-03-09 14:27:26,182 - utils.logger2026-03-09-14.24.41 - INFO - Cur epoch 37 loss TA:0.5272 TV:0.5303 VA:1.0332 CE:0.1963
2026-03-09 14:27:26,919 - utils.logger2026-03-09-14.24.41 - INFO - Cur epoch 37 loss TA:0.5172 TV:0.5359 VA:1.0057 CE:0.2278
2026-03-09 14:27:27,602 - utils.logger2026-03-09-14.24.41 - INFO - Cur epoch 37 loss TA:0.5286 TV:0.5391 VA:0.9894 CE:0.1325
2026-03-09 14:27:28,094 - utils.logger2026-03-09-14.24.41 - INFO - saving the model at the end of epoch 37, iters 1036
2026-03-09 14:27:28,521 - utils.logger2026-03-09-14.24.41 - INFO - End of training epoch 37 / 40 	 Time Taken: 3 sec
2026-03-09 14:27:28,522 - utils.logger2026-03-09-14.24.41 - INFO - learning rate = 0.0000286
2026-03-09 14:27:29,185 - utils.logger2026-03-09-14.24.41 - INFO - Val result of epoch 37 / 40 mae 1.0982 corr 0.6581 f1 0.7768
2026-03-09 14:27:29,856 - utils.logger2026-03-09-14.24.41 - INFO - Tst result of epoch 37 / 40 mae 0.9001 corr 0.6691 f1 0.7752
2026-03-09 14:27:30,750 - utils.logger2026-03-09-14.24.41 - INFO - Cur epoch 38 loss TA:0.5168 TV:0.5446 VA:0.9922 CE:0.1064
2026-03-09 14:27:31,379 - utils.logger2026-03-09-14.24.41 - INFO - Cur epoch 38 loss TA:0.5422 TV:0.5385 VA:1.0185 CE:0.1827
2026-03-09 14:27:32,079 - utils.logger2026-03-09-14.24.41 - INFO - Cur epoch 38 loss TA:0.5185 TV:0.5206 VA:1.0173 CE:0.1472
2026-03-09 14:27:32,592 - utils.logger2026-03-09-14.24.41 - INFO - saving the model at the end of epoch 38, iters 1064
2026-03-09 14:27:32,895 - utils.logger2026-03-09-14.24.41 - INFO - End of training epoch 38 / 40 	 Time Taken: 3 sec
2026-03-09 14:27:32,895 - utils.logger2026-03-09-14.24.41 - INFO - learning rate = 0.0000190
2026-03-09 14:27:33,544 - utils.logger2026-03-09-14.24.41 - INFO - Val result of epoch 38 / 40 mae 1.0979 corr 0.6561 f1 0.7862
2026-03-09 14:27:34,158 - utils.logger2026-03-09-14.24.41 - INFO - Tst result of epoch 38 / 40 mae 0.9034 corr 0.6649 f1 0.7701
2026-03-09 14:27:35,190 - utils.logger2026-03-09-14.24.41 - INFO - Cur epoch 39 loss TA:0.5095 TV:0.5159 VA:0.9624 CE:0.1115
2026-03-09 14:27:35,888 - utils.logger2026-03-09-14.24.41 - INFO - Cur epoch 39 loss TA:0.5242 TV:0.5360 VA:1.0088 CE:0.1777
2026-03-09 14:27:36,688 - utils.logger2026-03-09-14.24.41 - INFO - Cur epoch 39 loss TA:0.5171 TV:0.5275 VA:1.0191 CE:0.2271
2026-03-09 14:27:36,880 - utils.logger2026-03-09-14.24.41 - INFO - saving the model at the end of epoch 39, iters 1092
2026-03-09 14:27:37,127 - utils.logger2026-03-09-14.24.41 - INFO - End of training epoch 39 / 40 	 Time Taken: 2 sec
2026-03-09 14:27:37,127 - utils.logger2026-03-09-14.24.41 - INFO - learning rate = 0.0000095
2026-03-09 14:27:37,806 - utils.logger2026-03-09-14.24.41 - INFO - Val result of epoch 39 / 40 mae 1.0889 corr 0.6584 f1 0.7907
2026-03-09 14:27:38,494 - utils.logger2026-03-09-14.24.41 - INFO - Tst result of epoch 39 / 40 mae 0.8992 corr 0.6642 f1 0.7701
2026-03-09 14:27:39,695 - utils.logger2026-03-09-14.24.41 - INFO - Cur epoch 40 loss TA:0.5136 TV:0.5317 VA:1.0088 CE:0.1478
2026-03-09 14:27:40,344 - utils.logger2026-03-09-14.24.41 - INFO - Cur epoch 40 loss TA:0.5082 TV:0.5298 VA:0.9844 CE:0.1540
2026-03-09 14:27:41,179 - utils.logger2026-03-09-14.24.41 - INFO - Cur epoch 40 loss TA:0.2601 TV:0.2631 VA:0.5023 CE:0.1799
2026-03-09 14:27:41,251 - utils.logger2026-03-09-14.24.41 - INFO - saving the model at the end of epoch 40, iters 1120
2026-03-09 14:27:41,428 - utils.logger2026-03-09-14.24.41 - INFO - End of training epoch 40 / 40 	 Time Taken: 2 sec
2026-03-09 14:27:41,428 - utils.logger2026-03-09-14.24.41 - INFO - learning rate = 0.0000000
2026-03-09 14:27:42,101 - utils.logger2026-03-09-14.24.41 - INFO - Val result of epoch 40 / 40 mae 1.0893 corr 0.6586 f1 0.7908
2026-03-09 14:27:42,838 - utils.logger2026-03-09-14.24.41 - INFO - Tst result of epoch 40 / 40 mae 0.9008 corr 0.6639 f1 0.7701
2026-03-09 14:27:42,838 - utils.logger2026-03-09-14.24.41 - INFO - Best eval epoch 32 found with MAE 0.891301
2026-03-09 14:27:42,838 - utils.logger2026-03-09-14.24.41 - INFO - Loading best model found on val set: epoch-32
2026-03-09 14:27:44,313 - utils.logger2026-03-09-14.24.41 - INFO - Tst result mae 0.8913 corr 0.6659 f1 0.7752
