2026-03-09 13:55:45,497 - utils.logger2026-03-09-13.55.45 - INFO - The number of training samples = 1750
2026-03-09 13:55:45,497 - utils.logger2026-03-09-13.55.45 - INFO - The number of testing samples = 224
2026-03-09 13:55:47,350 - utils.logger2026-03-09-13.55.45 - INFO - Cur epoch 1 loss TA:1.0389 TV:1.0358 VA:2.0709 CE:3.3498
2026-03-09 13:55:47,726 - utils.logger2026-03-09-13.55.45 - INFO - Cur epoch 1 loss TA:1.0362 TV:1.0352 VA:2.0687 CE:2.8012
2026-03-09 13:55:48,219 - utils.logger2026-03-09-13.55.45 - INFO - saving the model at the end of epoch 1, iters 28
2026-03-09 13:55:48,323 - utils.logger2026-03-09-13.55.45 - INFO - End of training epoch 1 / 40 	 Time Taken: 2 sec
2026-03-09 13:55:48,323 - utils.logger2026-03-09-13.55.45 - INFO - learning rate = 0.0002000
2026-03-09 13:55:48,764 - utils.logger2026-03-09-13.55.45 - INFO - Val result of epoch 1 / 40 mae 1.5073 corr 0.2431 f1 0.6344
2026-03-09 13:55:49,225 - utils.logger2026-03-09-13.55.45 - INFO - Tst result of epoch 1 / 40 mae 1.3176 corr 0.2994 f1 0.6712
2026-03-09 13:55:49,689 - utils.logger2026-03-09-13.55.45 - INFO - Cur epoch 2 loss TA:1.0324 TV:1.0336 VA:2.0649 CE:2.1757
2026-03-09 13:55:50,206 - utils.logger2026-03-09-13.55.45 - INFO - Cur epoch 2 loss TA:1.0289 TV:1.0246 VA:2.0658 CE:2.8862
2026-03-09 13:55:50,588 - utils.logger2026-03-09-13.55.45 - INFO - Cur epoch 2 loss TA:1.0248 TV:1.0235 VA:2.0471 CE:2.4439
2026-03-09 13:55:50,867 - utils.logger2026-03-09-13.55.45 - INFO - saving the model at the end of epoch 2, iters 56
2026-03-09 13:55:51,088 - utils.logger2026-03-09-13.55.45 - INFO - End of training epoch 2 / 40 	 Time Taken: 1 sec
2026-03-09 13:55:51,088 - utils.logger2026-03-09-13.55.45 - INFO - learning rate = 0.0002000
2026-03-09 13:55:51,565 - utils.logger2026-03-09-13.55.45 - INFO - Val result of epoch 2 / 40 mae 1.4425 corr 0.4184 f1 0.6904
2026-03-09 13:55:51,999 - utils.logger2026-03-09-13.55.45 - INFO - Tst result of epoch 2 / 40 mae 1.2585 corr 0.4390 f1 0.7024
2026-03-09 13:55:52,578 - utils.logger2026-03-09-13.55.45 - INFO - Cur epoch 3 loss TA:1.0019 TV:0.9904 VA:2.0011 CE:2.3165
2026-03-09 13:55:53,096 - utils.logger2026-03-09-13.55.45 - INFO - Cur epoch 3 loss TA:0.9890 TV:0.9765 VA:1.9957 CE:2.1724
2026-03-09 13:55:53,505 - utils.logger2026-03-09-13.55.45 - INFO - Cur epoch 3 loss TA:0.9648 TV:0.9508 VA:1.9503 CE:2.0764
2026-03-09 13:55:53,697 - utils.logger2026-03-09-13.55.45 - INFO - saving the model at the end of epoch 3, iters 84
2026-03-09 13:55:53,933 - utils.logger2026-03-09-13.55.45 - INFO - End of training epoch 3 / 40 	 Time Taken: 1 sec
2026-03-09 13:55:53,933 - utils.logger2026-03-09-13.55.45 - INFO - learning rate = 0.0002000
2026-03-09 13:55:54,369 - utils.logger2026-03-09-13.55.45 - INFO - Val result of epoch 3 / 40 mae 1.4268 corr 0.4466 f1 0.6897
2026-03-09 13:55:54,802 - utils.logger2026-03-09-13.55.45 - INFO - Tst result of epoch 3 / 40 mae 1.2361 corr 0.5138 f1 0.7149
2026-03-09 13:55:55,465 - utils.logger2026-03-09-13.55.45 - INFO - Cur epoch 4 loss TA:0.9420 TV:0.9483 VA:1.8734 CE:2.3522
2026-03-09 13:55:55,992 - utils.logger2026-03-09-13.55.45 - INFO - Cur epoch 4 loss TA:0.9778 TV:0.9466 VA:1.9289 CE:2.1367
2026-03-09 13:55:56,438 - utils.logger2026-03-09-13.55.45 - INFO - Cur epoch 4 loss TA:0.9468 TV:0.9355 VA:1.8554 CE:2.4534
2026-03-09 13:55:56,575 - utils.logger2026-03-09-13.55.45 - INFO - saving the model at the end of epoch 4, iters 112
2026-03-09 13:55:56,817 - utils.logger2026-03-09-13.55.45 - INFO - End of training epoch 4 / 40 	 Time Taken: 2 sec
2026-03-09 13:55:56,817 - utils.logger2026-03-09-13.55.45 - INFO - learning rate = 0.0002000
2026-03-09 13:55:57,259 - utils.logger2026-03-09-13.55.45 - INFO - Val result of epoch 4 / 40 mae 1.3056 corr 0.5277 f1 0.6942
2026-03-09 13:55:57,703 - utils.logger2026-03-09-13.55.45 - INFO - Tst result of epoch 4 / 40 mae 1.0715 corr 0.5823 f1 0.7449
2026-03-09 13:55:58,447 - utils.logger2026-03-09-13.55.45 - INFO - Cur epoch 5 loss TA:0.9111 TV:0.9071 VA:1.7880 CE:1.8077
2026-03-09 13:55:58,973 - utils.logger2026-03-09-13.55.45 - INFO - Cur epoch 5 loss TA:0.9325 TV:0.9120 VA:1.8443 CE:2.0130
2026-03-09 13:55:59,442 - utils.logger2026-03-09-13.55.45 - INFO - Cur epoch 5 loss TA:0.6466 TV:0.6168 VA:1.2898 CE:2.1102
2026-03-09 13:55:59,492 - utils.logger2026-03-09-13.55.45 - INFO - saving the model at the end of epoch 5, iters 140
2026-03-09 13:55:59,637 - utils.logger2026-03-09-13.55.45 - INFO - End of training epoch 5 / 40 	 Time Taken: 1 sec
2026-03-09 13:55:59,637 - utils.logger2026-03-09-13.55.45 - INFO - learning rate = 0.0002000
2026-03-09 13:56:00,085 - utils.logger2026-03-09-13.55.45 - INFO - Val result of epoch 5 / 40 mae 1.2490 corr 0.5621 f1 0.7562
2026-03-09 13:56:00,528 - utils.logger2026-03-09-13.55.45 - INFO - Tst result of epoch 5 / 40 mae 1.0176 corr 0.6039 f1 0.7788
2026-03-09 13:56:01,356 - utils.logger2026-03-09-13.55.45 - INFO - Cur epoch 6 loss TA:0.9049 TV:0.9053 VA:1.7323 CE:1.4036
2026-03-09 13:56:01,827 - utils.logger2026-03-09-13.55.45 - INFO - Cur epoch 6 loss TA:0.9152 TV:0.8978 VA:1.8135 CE:1.5256
2026-03-09 13:56:02,167 - utils.logger2026-03-09-13.55.45 - INFO - saving the model at the end of epoch 6, iters 168
2026-03-09 13:56:02,423 - utils.logger2026-03-09-13.55.45 - INFO - End of training epoch 6 / 40 	 Time Taken: 1 sec
2026-03-09 13:56:02,423 - utils.logger2026-03-09-13.55.45 - INFO - learning rate = 0.0002000
2026-03-09 13:56:02,861 - utils.logger2026-03-09-13.55.45 - INFO - Val result of epoch 6 / 40 mae 1.2623 corr 0.5845 f1 0.7446
2026-03-09 13:56:03,276 - utils.logger2026-03-09-13.55.45 - INFO - Tst result of epoch 6 / 40 mae 1.0469 corr 0.6146 f1 0.7716
2026-03-09 13:56:03,743 - utils.logger2026-03-09-13.55.45 - INFO - Cur epoch 7 loss TA:0.8818 TV:0.8633 VA:1.7394 CE:1.5904
2026-03-09 13:56:04,191 - utils.logger2026-03-09-13.55.45 - INFO - Cur epoch 7 loss TA:0.8633 TV:0.8926 VA:1.6830 CE:1.5065
2026-03-09 13:56:04,660 - utils.logger2026-03-09-13.55.45 - INFO - Cur epoch 7 loss TA:0.8743 TV:0.8683 VA:1.7007 CE:1.2733
2026-03-09 13:56:04,947 - utils.logger2026-03-09-13.55.45 - INFO - saving the model at the end of epoch 7, iters 196
2026-03-09 13:56:05,195 - utils.logger2026-03-09-13.55.45 - INFO - End of training epoch 7 / 40 	 Time Taken: 1 sec
2026-03-09 13:56:05,196 - utils.logger2026-03-09-13.55.45 - INFO - learning rate = 0.0002000
2026-03-09 13:56:05,719 - utils.logger2026-03-09-13.55.45 - INFO - Val result of epoch 7 / 40 mae 1.2401 corr 0.5964 f1 0.7722
2026-03-09 13:56:06,124 - utils.logger2026-03-09-13.55.45 - INFO - Tst result of epoch 7 / 40 mae 1.0189 corr 0.6198 f1 0.7800
2026-03-09 13:56:06,702 - utils.logger2026-03-09-13.55.45 - INFO - Cur epoch 8 loss TA:0.8353 TV:0.8487 VA:1.6450 CE:1.3616
2026-03-09 13:56:07,223 - utils.logger2026-03-09-13.55.45 - INFO - Cur epoch 8 loss TA:0.8363 TV:0.8436 VA:1.6640 CE:0.9011
2026-03-09 13:56:07,615 - utils.logger2026-03-09-13.55.45 - INFO - Cur epoch 8 loss TA:0.9063 TV:0.8994 VA:1.6837 CE:1.3275
2026-03-09 13:56:07,943 - utils.logger2026-03-09-13.55.45 - INFO - saving the model at the end of epoch 8, iters 224
2026-03-09 13:56:08,046 - utils.logger2026-03-09-13.55.45 - INFO - End of training epoch 8 / 40 	 Time Taken: 1 sec
2026-03-09 13:56:08,046 - utils.logger2026-03-09-13.55.45 - INFO - learning rate = 0.0002000
2026-03-09 13:56:08,467 - utils.logger2026-03-09-13.55.45 - INFO - Val result of epoch 8 / 40 mae 1.1710 corr 0.6190 f1 0.7675
2026-03-09 13:56:08,923 - utils.logger2026-03-09-13.55.45 - INFO - Tst result of epoch 8 / 40 mae 0.9557 corr 0.6365 f1 0.7954
2026-03-09 13:56:09,536 - utils.logger2026-03-09-13.55.45 - INFO - Cur epoch 9 loss TA:0.8190 TV:0.8193 VA:1.5394 CE:1.0275
2026-03-09 13:56:10,033 - utils.logger2026-03-09-13.55.45 - INFO - Cur epoch 9 loss TA:0.8487 TV:0.8594 VA:1.6130 CE:1.1135
2026-03-09 13:56:10,430 - utils.logger2026-03-09-13.55.45 - INFO - Cur epoch 9 loss TA:0.8160 TV:0.8157 VA:1.5463 CE:1.2134
2026-03-09 13:56:10,633 - utils.logger2026-03-09-13.55.45 - INFO - saving the model at the end of epoch 9, iters 252
2026-03-09 13:56:10,750 - utils.logger2026-03-09-13.55.45 - INFO - End of training epoch 9 / 40 	 Time Taken: 1 sec
2026-03-09 13:56:10,750 - utils.logger2026-03-09-13.55.45 - INFO - learning rate = 0.0002000
2026-03-09 13:56:11,178 - utils.logger2026-03-09-13.55.45 - INFO - Val result of epoch 9 / 40 mae 1.1965 corr 0.6141 f1 0.7814
2026-03-09 13:56:11,649 - utils.logger2026-03-09-13.55.45 - INFO - Tst result of epoch 9 / 40 mae 0.9710 corr 0.6357 f1 0.7797
2026-03-09 13:56:12,319 - utils.logger2026-03-09-13.55.45 - INFO - Cur epoch 10 loss TA:0.7695 TV:0.7768 VA:1.4908 CE:0.6166
2026-03-09 13:56:12,843 - utils.logger2026-03-09-13.55.45 - INFO - Cur epoch 10 loss TA:0.7883 TV:0.7839 VA:1.5251 CE:0.8307
2026-03-09 13:56:13,225 - utils.logger2026-03-09-13.55.45 - INFO - Cur epoch 10 loss TA:0.5376 TV:0.5625 VA:0.9800 CE:0.9753
2026-03-09 13:56:13,270 - utils.logger2026-03-09-13.55.45 - INFO - saving the model at the end of epoch 10, iters 280
2026-03-09 13:56:13,499 - utils.logger2026-03-09-13.55.45 - INFO - End of training epoch 10 / 40 	 Time Taken: 1 sec
2026-03-09 13:56:13,499 - utils.logger2026-03-09-13.55.45 - INFO - learning rate = 0.0002000
2026-03-09 13:56:13,936 - utils.logger2026-03-09-13.55.45 - INFO - Val result of epoch 10 / 40 mae 1.1678 corr 0.6240 f1 0.7696
2026-03-09 13:56:14,399 - utils.logger2026-03-09-13.55.45 - INFO - Tst result of epoch 10 / 40 mae 0.9492 corr 0.6393 f1 0.7791
2026-03-09 13:56:15,189 - utils.logger2026-03-09-13.55.45 - INFO - Cur epoch 11 loss TA:0.7570 TV:0.7733 VA:1.4214 CE:0.9776
2026-03-09 13:56:15,733 - utils.logger2026-03-09-13.55.45 - INFO - Cur epoch 11 loss TA:0.7663 TV:0.7830 VA:1.4337 CE:1.1955
2026-03-09 13:56:16,184 - utils.logger2026-03-09-13.55.45 - INFO - saving the model at the end of epoch 11, iters 308
2026-03-09 13:56:16,315 - utils.logger2026-03-09-13.55.45 - INFO - End of training epoch 11 / 40 	 Time Taken: 1 sec
2026-03-09 13:56:16,315 - utils.logger2026-03-09-13.55.45 - INFO - learning rate = 0.0002000
2026-03-09 13:56:16,790 - utils.logger2026-03-09-13.55.45 - INFO - Val result of epoch 11 / 40 mae 1.1314 corr 0.6317 f1 0.7814
2026-03-09 13:56:17,248 - utils.logger2026-03-09-13.55.45 - INFO - Tst result of epoch 11 / 40 mae 0.9141 corr 0.6476 f1 0.7937
2026-03-09 13:56:17,694 - utils.logger2026-03-09-13.55.45 - INFO - Cur epoch 12 loss TA:0.7437 TV:0.7717 VA:1.4042 CE:0.7673
2026-03-09 13:56:18,089 - utils.logger2026-03-09-13.55.45 - INFO - Cur epoch 12 loss TA:0.7688 TV:0.7619 VA:1.3956 CE:0.8369
2026-03-09 13:56:18,614 - utils.logger2026-03-09-13.55.45 - INFO - Cur epoch 12 loss TA:0.7969 TV:0.7843 VA:1.4249 CE:0.8074
2026-03-09 13:56:18,898 - utils.logger2026-03-09-13.55.45 - INFO - saving the model at the end of epoch 12, iters 336
2026-03-09 13:56:19,161 - utils.logger2026-03-09-13.55.45 - INFO - End of training epoch 12 / 40 	 Time Taken: 1 sec
2026-03-09 13:56:19,161 - utils.logger2026-03-09-13.55.45 - INFO - learning rate = 0.0002000
2026-03-09 13:56:19,600 - utils.logger2026-03-09-13.55.45 - INFO - Val result of epoch 12 / 40 mae 1.1504 corr 0.6387 f1 0.7820
2026-03-09 13:56:20,046 - utils.logger2026-03-09-13.55.45 - INFO - Tst result of epoch 12 / 40 mae 0.9317 corr 0.6456 f1 0.7822
2026-03-09 13:56:20,628 - utils.logger2026-03-09-13.55.45 - INFO - Cur epoch 13 loss TA:0.7715 TV:0.7692 VA:1.4082 CE:0.6692
2026-03-09 13:56:21,137 - utils.logger2026-03-09-13.55.45 - INFO - Cur epoch 13 loss TA:0.7185 TV:0.7306 VA:1.3643 CE:0.6460
2026-03-09 13:56:21,508 - utils.logger2026-03-09-13.55.45 - INFO - Cur epoch 13 loss TA:0.7107 TV:0.7478 VA:1.3588 CE:0.6223
2026-03-09 13:56:21,734 - utils.logger2026-03-09-13.55.45 - INFO - saving the model at the end of epoch 13, iters 364
2026-03-09 13:56:21,911 - utils.logger2026-03-09-13.55.45 - INFO - End of training epoch 13 / 40 	 Time Taken: 1 sec
2026-03-09 13:56:21,911 - utils.logger2026-03-09-13.55.45 - INFO - learning rate = 0.0002000
2026-03-09 13:56:22,337 - utils.logger2026-03-09-13.55.45 - INFO - Val result of epoch 13 / 40 mae 1.1315 corr 0.6343 f1 0.7814
2026-03-09 13:56:22,770 - utils.logger2026-03-09-13.55.45 - INFO - Tst result of epoch 13 / 40 mae 0.9187 corr 0.6564 f1 0.7937
2026-03-09 13:56:23,365 - utils.logger2026-03-09-13.55.45 - INFO - Cur epoch 14 loss TA:0.6898 TV:0.6865 VA:1.2634 CE:0.5900
2026-03-09 13:56:23,859 - utils.logger2026-03-09-13.55.45 - INFO - Cur epoch 14 loss TA:0.7131 TV:0.7311 VA:1.2719 CE:0.4709
2026-03-09 13:56:24,272 - utils.logger2026-03-09-13.55.45 - INFO - Cur epoch 14 loss TA:0.7048 TV:0.7167 VA:1.3189 CE:0.4918
2026-03-09 13:56:24,386 - utils.logger2026-03-09-13.55.45 - INFO - saving the model at the end of epoch 14, iters 392
2026-03-09 13:56:24,621 - utils.logger2026-03-09-13.55.45 - INFO - End of training epoch 14 / 40 	 Time Taken: 1 sec
2026-03-09 13:56:24,621 - utils.logger2026-03-09-13.55.45 - INFO - learning rate = 0.0002000
2026-03-09 13:56:25,088 - utils.logger2026-03-09-13.55.45 - INFO - Val result of epoch 14 / 40 mae 1.1595 corr 0.6341 f1 0.7644
2026-03-09 13:56:25,530 - utils.logger2026-03-09-13.55.45 - INFO - Tst result of epoch 14 / 40 mae 0.9278 corr 0.6547 f1 0.7877
2026-03-09 13:56:26,202 - utils.logger2026-03-09-13.55.45 - INFO - Cur epoch 15 loss TA:0.6908 TV:0.6963 VA:1.2770 CE:0.5243
2026-03-09 13:56:26,730 - utils.logger2026-03-09-13.55.45 - INFO - Cur epoch 15 loss TA:0.7037 TV:0.7187 VA:1.3014 CE:0.5045
2026-03-09 13:56:27,106 - utils.logger2026-03-09-13.55.45 - INFO - Cur epoch 15 loss TA:0.4066 TV:0.4715 VA:0.7581 CE:0.4613
2026-03-09 13:56:27,152 - utils.logger2026-03-09-13.55.45 - INFO - saving the model at the end of epoch 15, iters 420
2026-03-09 13:56:27,388 - utils.logger2026-03-09-13.55.45 - INFO - End of training epoch 15 / 40 	 Time Taken: 1 sec
2026-03-09 13:56:27,388 - utils.logger2026-03-09-13.55.45 - INFO - learning rate = 0.0002000
2026-03-09 13:56:27,817 - utils.logger2026-03-09-13.55.45 - INFO - Val result of epoch 15 / 40 mae 1.1228 corr 0.6367 f1 0.7721
2026-03-09 13:56:28,250 - utils.logger2026-03-09-13.55.45 - INFO - Tst result of epoch 15 / 40 mae 0.9183 corr 0.6515 f1 0.7789
2026-03-09 13:56:29,013 - utils.logger2026-03-09-13.55.45 - INFO - Cur epoch 16 loss TA:0.6649 TV:0.7044 VA:1.3107 CE:0.5388
2026-03-09 13:56:29,528 - utils.logger2026-03-09-13.55.45 - INFO - Cur epoch 16 loss TA:0.6588 TV:0.6818 VA:1.2795 CE:0.4197
2026-03-09 13:56:29,874 - utils.logger2026-03-09-13.55.45 - INFO - saving the model at the end of epoch 16, iters 448
2026-03-09 13:56:30,123 - utils.logger2026-03-09-13.55.45 - INFO - End of training epoch 16 / 40 	 Time Taken: 1 sec
2026-03-09 13:56:30,124 - utils.logger2026-03-09-13.55.45 - INFO - learning rate = 0.0002000
2026-03-09 13:56:30,593 - utils.logger2026-03-09-13.55.45 - INFO - Val result of epoch 16 / 40 mae 1.1416 corr 0.6330 f1 0.7730
2026-03-09 13:56:31,048 - utils.logger2026-03-09-13.55.45 - INFO - Tst result of epoch 16 / 40 mae 0.9240 corr 0.6490 f1 0.7954
2026-03-09 13:56:31,501 - utils.logger2026-03-09-13.55.45 - INFO - Cur epoch 17 loss TA:0.6786 TV:0.6981 VA:1.2281 CE:0.2913
2026-03-09 13:56:31,899 - utils.logger2026-03-09-13.55.45 - INFO - Cur epoch 17 loss TA:0.6934 TV:0.7162 VA:1.2015 CE:0.4742
2026-03-09 13:56:32,409 - utils.logger2026-03-09-13.55.45 - INFO - Cur epoch 17 loss TA:0.6746 TV:0.6580 VA:1.2207 CE:0.5313
2026-03-09 13:56:32,677 - utils.logger2026-03-09-13.55.45 - INFO - saving the model at the end of epoch 17, iters 476
2026-03-09 13:56:32,841 - utils.logger2026-03-09-13.55.45 - INFO - End of training epoch 17 / 40 	 Time Taken: 1 sec
2026-03-09 13:56:32,841 - utils.logger2026-03-09-13.55.45 - INFO - learning rate = 0.0002000
2026-03-09 13:56:33,280 - utils.logger2026-03-09-13.55.45 - INFO - Val result of epoch 17 / 40 mae 1.1381 corr 0.6423 f1 0.7957
2026-03-09 13:56:33,744 - utils.logger2026-03-09-13.55.45 - INFO - Tst result of epoch 17 / 40 mae 0.9400 corr 0.6500 f1 0.7837
2026-03-09 13:56:34,341 - utils.logger2026-03-09-13.55.45 - INFO - Cur epoch 18 loss TA:0.6654 TV:0.6692 VA:1.2901 CE:0.5285
2026-03-09 13:56:34,738 - utils.logger2026-03-09-13.55.45 - INFO - Cur epoch 18 loss TA:0.6846 TV:0.6817 VA:1.2336 CE:0.6452
2026-03-09 13:56:35,253 - utils.logger2026-03-09-13.55.45 - INFO - Cur epoch 18 loss TA:0.6700 TV:0.6448 VA:1.1926 CE:0.3574
2026-03-09 13:56:35,450 - utils.logger2026-03-09-13.55.45 - INFO - saving the model at the end of epoch 18, iters 504
2026-03-09 13:56:35,556 - utils.logger2026-03-09-13.55.45 - INFO - End of training epoch 18 / 40 	 Time Taken: 1 sec
2026-03-09 13:56:35,557 - utils.logger2026-03-09-13.55.45 - INFO - learning rate = 0.0002000
2026-03-09 13:56:35,980 - utils.logger2026-03-09-13.55.45 - INFO - Val result of epoch 18 / 40 mae 1.1328 corr 0.6363 f1 0.7815
2026-03-09 13:56:36,409 - utils.logger2026-03-09-13.55.45 - INFO - Tst result of epoch 18 / 40 mae 0.9225 corr 0.6493 f1 0.7994
2026-03-09 13:56:37,116 - utils.logger2026-03-09-13.55.45 - INFO - Cur epoch 19 loss TA:0.6539 TV:0.6592 VA:1.2066 CE:0.4136
2026-03-09 13:56:37,610 - utils.logger2026-03-09-13.55.45 - INFO - Cur epoch 19 loss TA:0.6412 TV:0.6408 VA:1.1904 CE:0.3590
2026-03-09 13:56:38,146 - utils.logger2026-03-09-13.55.45 - INFO - Cur epoch 19 loss TA:0.6289 TV:0.6557 VA:1.1835 CE:0.3812
2026-03-09 13:56:38,268 - utils.logger2026-03-09-13.55.45 - INFO - saving the model at the end of epoch 19, iters 532
2026-03-09 13:56:38,372 - utils.logger2026-03-09-13.55.45 - INFO - End of training epoch 19 / 40 	 Time Taken: 1 sec
2026-03-09 13:56:38,373 - utils.logger2026-03-09-13.55.45 - INFO - learning rate = 0.0002000
2026-03-09 13:56:38,875 - utils.logger2026-03-09-13.55.45 - INFO - Val result of epoch 19 / 40 mae 1.1213 corr 0.6429 f1 0.7861
2026-03-09 13:56:39,305 - utils.logger2026-03-09-13.55.45 - INFO - Tst result of epoch 19 / 40 mae 0.9217 corr 0.6479 f1 0.7886
2026-03-09 13:56:39,962 - utils.logger2026-03-09-13.55.45 - INFO - Cur epoch 20 loss TA:0.6251 TV:0.6319 VA:1.1816 CE:0.2698
2026-03-09 13:56:40,470 - utils.logger2026-03-09-13.55.45 - INFO - Cur epoch 20 loss TA:0.6587 TV:0.6642 VA:1.2410 CE:0.3228
2026-03-09 13:56:40,841 - utils.logger2026-03-09-13.55.45 - INFO - Cur epoch 20 loss TA:0.3728 TV:0.3937 VA:0.6458 CE:0.2733
2026-03-09 13:56:40,891 - utils.logger2026-03-09-13.55.45 - INFO - saving the model at the end of epoch 20, iters 560
2026-03-09 13:56:41,153 - utils.logger2026-03-09-13.55.45 - INFO - End of training epoch 20 / 40 	 Time Taken: 1 sec
2026-03-09 13:56:41,153 - utils.logger2026-03-09-13.55.45 - INFO - learning rate = 0.0001905
2026-03-09 13:56:41,607 - utils.logger2026-03-09-13.55.45 - INFO - Val result of epoch 20 / 40 mae 1.1330 corr 0.6319 f1 0.7721
2026-03-09 13:56:42,032 - utils.logger2026-03-09-13.55.45 - INFO - Tst result of epoch 20 / 40 mae 0.9368 corr 0.6366 f1 0.7846
2026-03-09 13:56:42,788 - utils.logger2026-03-09-13.55.45 - INFO - Cur epoch 21 loss TA:0.6389 TV:0.6409 VA:1.1562 CE:0.3055
2026-03-09 13:56:43,304 - utils.logger2026-03-09-13.55.45 - INFO - Cur epoch 21 loss TA:0.6254 TV:0.6632 VA:1.1959 CE:0.2539
2026-03-09 13:56:43,658 - utils.logger2026-03-09-13.55.45 - INFO - saving the model at the end of epoch 21, iters 588
2026-03-09 13:56:43,892 - utils.logger2026-03-09-13.55.45 - INFO - End of training epoch 21 / 40 	 Time Taken: 1 sec
2026-03-09 13:56:43,892 - utils.logger2026-03-09-13.55.45 - INFO - learning rate = 0.0001810
2026-03-09 13:56:44,332 - utils.logger2026-03-09-13.55.45 - INFO - Val result of epoch 21 / 40 mae 1.1569 corr 0.6314 f1 0.7724
2026-03-09 13:56:44,764 - utils.logger2026-03-09-13.55.45 - INFO - Tst result of epoch 21 / 40 mae 0.9349 corr 0.6470 f1 0.7946
2026-03-09 13:56:45,227 - utils.logger2026-03-09-13.55.45 - INFO - Cur epoch 22 loss TA:0.6138 TV:0.6046 VA:1.1426 CE:0.2660
2026-03-09 13:56:45,629 - utils.logger2026-03-09-13.55.45 - INFO - Cur epoch 22 loss TA:0.6018 TV:0.6122 VA:1.1306 CE:0.3753
2026-03-09 13:56:46,137 - utils.logger2026-03-09-13.55.45 - INFO - Cur epoch 22 loss TA:0.5975 TV:0.6074 VA:1.1352 CE:0.3573
2026-03-09 13:56:46,423 - utils.logger2026-03-09-13.55.45 - INFO - saving the model at the end of epoch 22, iters 616
2026-03-09 13:56:46,558 - utils.logger2026-03-09-13.55.45 - INFO - End of training epoch 22 / 40 	 Time Taken: 1 sec
2026-03-09 13:56:46,558 - utils.logger2026-03-09-13.55.45 - INFO - learning rate = 0.0001714
2026-03-09 13:56:46,969 - utils.logger2026-03-09-13.55.45 - INFO - Val result of epoch 22 / 40 mae 1.1235 corr 0.6461 f1 0.7675
2026-03-09 13:56:47,395 - utils.logger2026-03-09-13.55.45 - INFO - Tst result of epoch 22 / 40 mae 0.9200 corr 0.6534 f1 0.7891
2026-03-09 13:56:48,096 - utils.logger2026-03-09-13.55.45 - INFO - Cur epoch 23 loss TA:0.6203 TV:0.6301 VA:1.1558 CE:0.4165
2026-03-09 13:56:48,522 - utils.logger2026-03-09-13.55.45 - INFO - Cur epoch 23 loss TA:0.6242 TV:0.6330 VA:1.1907 CE:0.4040
2026-03-09 13:56:49,098 - utils.logger2026-03-09-13.55.45 - INFO - Cur epoch 23 loss TA:0.5941 TV:0.6023 VA:1.1294 CE:0.2002
2026-03-09 13:56:49,289 - utils.logger2026-03-09-13.55.45 - INFO - saving the model at the end of epoch 23, iters 644
2026-03-09 13:56:49,450 - utils.logger2026-03-09-13.55.45 - INFO - End of training epoch 23 / 40 	 Time Taken: 2 sec
2026-03-09 13:56:49,451 - utils.logger2026-03-09-13.55.45 - INFO - learning rate = 0.0001619
2026-03-09 13:56:49,980 - utils.logger2026-03-09-13.55.45 - INFO - Val result of epoch 23 / 40 mae 1.1363 corr 0.6401 f1 0.7633
2026-03-09 13:56:50,426 - utils.logger2026-03-09-13.55.45 - INFO - Tst result of epoch 23 / 40 mae 0.9260 corr 0.6495 f1 0.7856
2026-03-09 13:56:51,089 - utils.logger2026-03-09-13.55.45 - INFO - Cur epoch 24 loss TA:0.5898 TV:0.5963 VA:1.0803 CE:0.2660
2026-03-09 13:56:51,473 - utils.logger2026-03-09-13.55.45 - INFO - Cur epoch 24 loss TA:0.6130 TV:0.6190 VA:1.1660 CE:0.4049
2026-03-09 13:56:51,981 - utils.logger2026-03-09-13.55.45 - INFO - Cur epoch 24 loss TA:0.5797 TV:0.5887 VA:1.0984 CE:0.3663
2026-03-09 13:56:52,100 - utils.logger2026-03-09-13.55.45 - INFO - saving the model at the end of epoch 24, iters 672
2026-03-09 13:56:52,213 - utils.logger2026-03-09-13.55.45 - INFO - End of training epoch 24 / 40 	 Time Taken: 1 sec
2026-03-09 13:56:52,214 - utils.logger2026-03-09-13.55.45 - INFO - learning rate = 0.0001524
2026-03-09 13:56:52,665 - utils.logger2026-03-09-13.55.45 - INFO - Val result of epoch 24 / 40 mae 1.1247 corr 0.6518 f1 0.8000
2026-03-09 13:56:53,127 - utils.logger2026-03-09-13.55.45 - INFO - Tst result of epoch 24 / 40 mae 0.9316 corr 0.6576 f1 0.7932
2026-03-09 13:56:53,802 - utils.logger2026-03-09-13.55.45 - INFO - Cur epoch 25 loss TA:0.5714 TV:0.5733 VA:1.0564 CE:0.2546
2026-03-09 13:56:54,320 - utils.logger2026-03-09-13.55.45 - INFO - Cur epoch 25 loss TA:0.6057 TV:0.6087 VA:1.1041 CE:0.2825
2026-03-09 13:56:54,686 - utils.logger2026-03-09-13.55.45 - INFO - Cur epoch 25 loss TA:0.2528 TV:0.2623 VA:0.4456 CE:0.2155
2026-03-09 13:56:54,734 - utils.logger2026-03-09-13.55.45 - INFO - saving the model at the end of epoch 25, iters 700
2026-03-09 13:56:54,996 - utils.logger2026-03-09-13.55.45 - INFO - End of training epoch 25 / 40 	 Time Taken: 1 sec
2026-03-09 13:56:54,997 - utils.logger2026-03-09-13.55.45 - INFO - learning rate = 0.0001429
2026-03-09 13:56:55,480 - utils.logger2026-03-09-13.55.45 - INFO - Val result of epoch 25 / 40 mae 1.1029 corr 0.6524 f1 0.7817
2026-03-09 13:56:55,899 - utils.logger2026-03-09-13.55.45 - INFO - Tst result of epoch 25 / 40 mae 0.9097 corr 0.6587 f1 0.7852
2026-03-09 13:56:56,719 - utils.logger2026-03-09-13.55.45 - INFO - Cur epoch 26 loss TA:0.5637 TV:0.5751 VA:1.1168 CE:0.2546
2026-03-09 13:56:57,258 - utils.logger2026-03-09-13.55.45 - INFO - Cur epoch 26 loss TA:0.5621 TV:0.5645 VA:1.1272 CE:0.2612
2026-03-09 13:56:57,723 - utils.logger2026-03-09-13.55.45 - INFO - saving the model at the end of epoch 26, iters 728
2026-03-09 13:56:57,841 - utils.logger2026-03-09-13.55.45 - INFO - End of training epoch 26 / 40 	 Time Taken: 1 sec
2026-03-09 13:56:57,842 - utils.logger2026-03-09-13.55.45 - INFO - learning rate = 0.0001333
2026-03-09 13:56:58,284 - utils.logger2026-03-09-13.55.45 - INFO - Val result of epoch 26 / 40 mae 1.1099 corr 0.6477 f1 0.7907
2026-03-09 13:56:58,714 - utils.logger2026-03-09-13.55.45 - INFO - Tst result of epoch 26 / 40 mae 0.9273 corr 0.6499 f1 0.7797
2026-03-09 13:56:59,194 - utils.logger2026-03-09-13.55.45 - INFO - Cur epoch 27 loss TA:0.5783 TV:0.5844 VA:1.0979 CE:0.2135
2026-03-09 13:56:59,685 - utils.logger2026-03-09-13.55.45 - INFO - Cur epoch 27 loss TA:0.5567 TV:0.5668 VA:1.0377 CE:0.2376
2026-03-09 13:57:00,134 - utils.logger2026-03-09-13.55.45 - INFO - Cur epoch 27 loss TA:0.5606 TV:0.5691 VA:1.0508 CE:0.2975
2026-03-09 13:57:00,514 - utils.logger2026-03-09-13.55.45 - INFO - saving the model at the end of epoch 27, iters 756
2026-03-09 13:57:00,663 - utils.logger2026-03-09-13.55.45 - INFO - End of training epoch 27 / 40 	 Time Taken: 1 sec
2026-03-09 13:57:00,663 - utils.logger2026-03-09-13.55.45 - INFO - learning rate = 0.0001238
2026-03-09 13:57:01,161 - utils.logger2026-03-09-13.55.45 - INFO - Val result of epoch 27 / 40 mae 1.1206 corr 0.6586 f1 0.7908
2026-03-09 13:57:01,594 - utils.logger2026-03-09-13.55.45 - INFO - Tst result of epoch 27 / 40 mae 0.9303 corr 0.6481 f1 0.7849
2026-03-09 13:57:02,116 - utils.logger2026-03-09-13.55.45 - INFO - Cur epoch 28 loss TA:0.5626 TV:0.5561 VA:1.0282 CE:0.2354
2026-03-09 13:57:02,636 - utils.logger2026-03-09-13.55.45 - INFO - Cur epoch 28 loss TA:0.5586 TV:0.5590 VA:1.0261 CE:0.1813
2026-03-09 13:57:03,018 - utils.logger2026-03-09-13.55.45 - INFO - Cur epoch 28 loss TA:0.5891 TV:0.5818 VA:1.0770 CE:0.2660
2026-03-09 13:57:03,320 - utils.logger2026-03-09-13.55.45 - INFO - saving the model at the end of epoch 28, iters 784
2026-03-09 13:57:03,443 - utils.logger2026-03-09-13.55.45 - INFO - End of training epoch 28 / 40 	 Time Taken: 1 sec
2026-03-09 13:57:03,443 - utils.logger2026-03-09-13.55.45 - INFO - learning rate = 0.0001143
2026-03-09 13:57:03,931 - utils.logger2026-03-09-13.55.45 - INFO - Val result of epoch 28 / 40 mae 1.1145 corr 0.6468 f1 0.7910
2026-03-09 13:57:04,367 - utils.logger2026-03-09-13.55.45 - INFO - Tst result of epoch 28 / 40 mae 0.9245 corr 0.6487 f1 0.7934
2026-03-09 13:57:05,191 - utils.logger2026-03-09-13.55.45 - INFO - Cur epoch 29 loss TA:0.5790 TV:0.5628 VA:1.0518 CE:0.2685
2026-03-09 13:57:05,628 - utils.logger2026-03-09-13.55.45 - INFO - Cur epoch 29 loss TA:0.5642 TV:0.5557 VA:1.0801 CE:0.2428
2026-03-09 13:57:06,144 - utils.logger2026-03-09-13.55.45 - INFO - Cur epoch 29 loss TA:0.5664 TV:0.5620 VA:1.0988 CE:0.2524
2026-03-09 13:57:06,264 - utils.logger2026-03-09-13.55.45 - INFO - saving the model at the end of epoch 29, iters 812
2026-03-09 13:57:06,372 - utils.logger2026-03-09-13.55.45 - INFO - End of training epoch 29 / 40 	 Time Taken: 2 sec
2026-03-09 13:57:06,372 - utils.logger2026-03-09-13.55.45 - INFO - learning rate = 0.0001048
2026-03-09 13:57:06,813 - utils.logger2026-03-09-13.55.45 - INFO - Val result of epoch 29 / 40 mae 1.1137 corr 0.6503 f1 0.8002
2026-03-09 13:57:07,226 - utils.logger2026-03-09-13.55.45 - INFO - Tst result of epoch 29 / 40 mae 0.9257 corr 0.6505 f1 0.7886
2026-03-09 13:57:08,030 - utils.logger2026-03-09-13.55.45 - INFO - Cur epoch 30 loss TA:0.5662 TV:0.5732 VA:1.0532 CE:0.2197
2026-03-09 13:57:08,444 - utils.logger2026-03-09-13.55.45 - INFO - Cur epoch 30 loss TA:0.5718 TV:0.5737 VA:1.0984 CE:0.2305
2026-03-09 13:57:08,960 - utils.logger2026-03-09-13.55.45 - INFO - Cur epoch 30 loss TA:0.2706 TV:0.2269 VA:0.5759 CE:0.2344
2026-03-09 13:57:09,010 - utils.logger2026-03-09-13.55.45 - INFO - saving the model at the end of epoch 30, iters 840
2026-03-09 13:57:09,115 - utils.logger2026-03-09-13.55.45 - INFO - End of training epoch 30 / 40 	 Time Taken: 1 sec
2026-03-09 13:57:09,116 - utils.logger2026-03-09-13.55.45 - INFO - learning rate = 0.0000952
2026-03-09 13:57:09,549 - utils.logger2026-03-09-13.55.45 - INFO - Val result of epoch 30 / 40 mae 1.1200 corr 0.6531 f1 0.8047
2026-03-09 13:57:09,972 - utils.logger2026-03-09-13.55.45 - INFO - Tst result of epoch 30 / 40 mae 0.9365 corr 0.6454 f1 0.7982
2026-03-09 13:57:10,815 - utils.logger2026-03-09-13.55.45 - INFO - Cur epoch 31 loss TA:0.5554 TV:0.5623 VA:1.0352 CE:0.2414
2026-03-09 13:57:11,234 - utils.logger2026-03-09-13.55.45 - INFO - Cur epoch 31 loss TA:0.5632 TV:0.5583 VA:1.0613 CE:0.2079
2026-03-09 13:57:11,615 - utils.logger2026-03-09-13.55.45 - INFO - saving the model at the end of epoch 31, iters 868
2026-03-09 13:57:11,774 - utils.logger2026-03-09-13.55.45 - INFO - End of training epoch 31 / 40 	 Time Taken: 1 sec
2026-03-09 13:57:11,774 - utils.logger2026-03-09-13.55.45 - INFO - learning rate = 0.0000857
2026-03-09 13:57:12,216 - utils.logger2026-03-09-13.55.45 - INFO - Val result of epoch 31 / 40 mae 1.1213 corr 0.6552 f1 0.7860
2026-03-09 13:57:12,671 - utils.logger2026-03-09-13.55.45 - INFO - Tst result of epoch 31 / 40 mae 0.9380 corr 0.6486 f1 0.7937
2026-03-09 13:57:13,115 - utils.logger2026-03-09-13.55.45 - INFO - Cur epoch 32 loss TA:0.5082 TV:0.5163 VA:1.0066 CE:0.1631
2026-03-09 13:57:13,525 - utils.logger2026-03-09-13.55.45 - INFO - Cur epoch 32 loss TA:0.5221 TV:0.5214 VA:0.9925 CE:0.3372
2026-03-09 13:57:14,015 - utils.logger2026-03-09-13.55.45 - INFO - Cur epoch 32 loss TA:0.5210 TV:0.5260 VA:1.0066 CE:0.2698
2026-03-09 13:57:14,286 - utils.logger2026-03-09-13.55.45 - INFO - saving the model at the end of epoch 32, iters 896
2026-03-09 13:57:14,433 - utils.logger2026-03-09-13.55.45 - INFO - End of training epoch 32 / 40 	 Time Taken: 1 sec
2026-03-09 13:57:14,433 - utils.logger2026-03-09-13.55.45 - INFO - learning rate = 0.0000762
2026-03-09 13:57:14,916 - utils.logger2026-03-09-13.55.45 - INFO - Val result of epoch 32 / 40 mae 1.1075 corr 0.6559 f1 0.7861
2026-03-09 13:57:15,390 - utils.logger2026-03-09-13.55.45 - INFO - Tst result of epoch 32 / 40 mae 0.9247 corr 0.6497 f1 0.7800
2026-03-09 13:57:15,946 - utils.logger2026-03-09-13.55.45 - INFO - Cur epoch 33 loss TA:0.5581 TV:0.5425 VA:1.0835 CE:0.1611
2026-03-09 13:57:16,336 - utils.logger2026-03-09-13.55.45 - INFO - Cur epoch 33 loss TA:0.5033 TV:0.5084 VA:0.9823 CE:0.2049
2026-03-09 13:57:16,853 - utils.logger2026-03-09-13.55.45 - INFO - Cur epoch 33 loss TA:0.5472 TV:0.5390 VA:1.0336 CE:0.1939
2026-03-09 13:57:17,054 - utils.logger2026-03-09-13.55.45 - INFO - saving the model at the end of epoch 33, iters 924
2026-03-09 13:57:17,282 - utils.logger2026-03-09-13.55.45 - INFO - End of training epoch 33 / 40 	 Time Taken: 1 sec
2026-03-09 13:57:17,283 - utils.logger2026-03-09-13.55.45 - INFO - learning rate = 0.0000667
2026-03-09 13:57:17,752 - utils.logger2026-03-09-13.55.45 - INFO - Val result of epoch 33 / 40 mae 1.1103 corr 0.6623 f1 0.8000
2026-03-09 13:57:18,259 - utils.logger2026-03-09-13.55.45 - INFO - Tst result of epoch 33 / 40 mae 0.9330 corr 0.6553 f1 0.7746
2026-03-09 13:57:18,897 - utils.logger2026-03-09-13.55.45 - INFO - Cur epoch 34 loss TA:0.5273 TV:0.5312 VA:1.0054 CE:0.1386
2026-03-09 13:57:19,377 - utils.logger2026-03-09-13.55.45 - INFO - Cur epoch 34 loss TA:0.5335 TV:0.5475 VA:1.0493 CE:0.1388
2026-03-09 13:57:19,798 - utils.logger2026-03-09-13.55.45 - INFO - Cur epoch 34 loss TA:0.5246 TV:0.5307 VA:0.9944 CE:0.2151
2026-03-09 13:57:19,921 - utils.logger2026-03-09-13.55.45 - INFO - saving the model at the end of epoch 34, iters 952
2026-03-09 13:57:20,156 - utils.logger2026-03-09-13.55.45 - INFO - End of training epoch 34 / 40 	 Time Taken: 1 sec
2026-03-09 13:57:20,157 - utils.logger2026-03-09-13.55.45 - INFO - learning rate = 0.0000571
2026-03-09 13:57:20,651 - utils.logger2026-03-09-13.55.45 - INFO - Val result of epoch 34 / 40 mae 1.1149 corr 0.6615 f1 0.7907
2026-03-09 13:57:21,122 - utils.logger2026-03-09-13.55.45 - INFO - Tst result of epoch 34 / 40 mae 0.9188 corr 0.6640 f1 0.7888
2026-03-09 13:57:21,814 - utils.logger2026-03-09-13.55.45 - INFO - Cur epoch 35 loss TA:0.5111 TV:0.5017 VA:0.9825 CE:0.1751
2026-03-09 13:57:22,334 - utils.logger2026-03-09-13.55.45 - INFO - Cur epoch 35 loss TA:0.5187 TV:0.5246 VA:1.0056 CE:0.1901
2026-03-09 13:57:22,704 - utils.logger2026-03-09-13.55.45 - INFO - Cur epoch 35 loss TA:0.2510 TV:0.2457 VA:0.5105 CE:0.2391
2026-03-09 13:57:22,769 - utils.logger2026-03-09-13.55.45 - INFO - saving the model at the end of epoch 35, iters 980
2026-03-09 13:57:23,010 - utils.logger2026-03-09-13.55.45 - INFO - End of training epoch 35 / 40 	 Time Taken: 1 sec
2026-03-09 13:57:23,010 - utils.logger2026-03-09-13.55.45 - INFO - learning rate = 0.0000476
2026-03-09 13:57:23,456 - utils.logger2026-03-09-13.55.45 - INFO - Val result of epoch 35 / 40 mae 1.1238 corr 0.6621 f1 0.7861
2026-03-09 13:57:23,897 - utils.logger2026-03-09-13.55.45 - INFO - Tst result of epoch 35 / 40 mae 0.9228 corr 0.6666 f1 0.7942
2026-03-09 13:57:24,720 - utils.logger2026-03-09-13.55.45 - INFO - Cur epoch 36 loss TA:0.5105 TV:0.5077 VA:1.0241 CE:0.2843
2026-03-09 13:57:25,252 - utils.logger2026-03-09-13.55.45 - INFO - Cur epoch 36 loss TA:0.5353 TV:0.5366 VA:1.0320 CE:0.2098
2026-03-09 13:57:25,622 - utils.logger2026-03-09-13.55.45 - INFO - saving the model at the end of epoch 36, iters 1008
2026-03-09 13:57:25,869 - utils.logger2026-03-09-13.55.45 - INFO - End of training epoch 36 / 40 	 Time Taken: 1 sec
2026-03-09 13:57:25,869 - utils.logger2026-03-09-13.55.45 - INFO - learning rate = 0.0000381
2026-03-09 13:57:26,306 - utils.logger2026-03-09-13.55.45 - INFO - Val result of epoch 36 / 40 mae 1.1158 corr 0.6628 f1 0.7908
2026-03-09 13:57:26,734 - utils.logger2026-03-09-13.55.45 - INFO - Tst result of epoch 36 / 40 mae 0.9210 corr 0.6615 f1 0.7800
2026-03-09 13:57:27,240 - utils.logger2026-03-09-13.55.45 - INFO - Cur epoch 37 loss TA:0.5488 TV:0.5467 VA:1.0262 CE:0.2199
2026-03-09 13:57:27,627 - utils.logger2026-03-09-13.55.45 - INFO - Cur epoch 37 loss TA:0.5594 TV:0.5346 VA:1.0695 CE:0.1927
2026-03-09 13:57:28,136 - utils.logger2026-03-09-13.55.45 - INFO - Cur epoch 37 loss TA:0.5122 TV:0.5139 VA:0.9959 CE:0.1827
2026-03-09 13:57:28,411 - utils.logger2026-03-09-13.55.45 - INFO - saving the model at the end of epoch 37, iters 1036
2026-03-09 13:57:28,660 - utils.logger2026-03-09-13.55.45 - INFO - End of training epoch 37 / 40 	 Time Taken: 1 sec
2026-03-09 13:57:28,660 - utils.logger2026-03-09-13.55.45 - INFO - learning rate = 0.0000286
2026-03-09 13:57:29,170 - utils.logger2026-03-09-13.55.45 - INFO - Val result of epoch 37 / 40 mae 1.1150 corr 0.6602 f1 0.7955
2026-03-09 13:57:29,609 - utils.logger2026-03-09-13.55.45 - INFO - Tst result of epoch 37 / 40 mae 0.9315 corr 0.6593 f1 0.7886
2026-03-09 13:57:30,148 - utils.logger2026-03-09-13.55.45 - INFO - Cur epoch 38 loss TA:0.5385 TV:0.5474 VA:1.0506 CE:0.1483
2026-03-09 13:57:30,580 - utils.logger2026-03-09-13.55.45 - INFO - Cur epoch 38 loss TA:0.5264 TV:0.5231 VA:1.0169 CE:0.1811
2026-03-09 13:57:31,075 - utils.logger2026-03-09-13.55.45 - INFO - Cur epoch 38 loss TA:0.5513 TV:0.5490 VA:1.0600 CE:0.1999
2026-03-09 13:57:31,276 - utils.logger2026-03-09-13.55.45 - INFO - saving the model at the end of epoch 38, iters 1064
2026-03-09 13:57:31,514 - utils.logger2026-03-09-13.55.45 - INFO - End of training epoch 38 / 40 	 Time Taken: 1 sec
2026-03-09 13:57:31,514 - utils.logger2026-03-09-13.55.45 - INFO - learning rate = 0.0000190
2026-03-09 13:57:31,965 - utils.logger2026-03-09-13.55.45 - INFO - Val result of epoch 38 / 40 mae 1.1178 corr 0.6615 f1 0.7955
2026-03-09 13:57:32,390 - utils.logger2026-03-09-13.55.45 - INFO - Tst result of epoch 38 / 40 mae 0.9337 corr 0.6590 f1 0.7838
2026-03-09 13:57:33,036 - utils.logger2026-03-09-13.55.45 - INFO - Cur epoch 39 loss TA:0.5488 TV:0.5256 VA:1.0337 CE:0.1848
2026-03-09 13:57:33,421 - utils.logger2026-03-09-13.55.45 - INFO - Cur epoch 39 loss TA:0.5171 TV:0.5185 VA:0.9852 CE:0.1755
2026-03-09 13:57:33,932 - utils.logger2026-03-09-13.55.45 - INFO - Cur epoch 39 loss TA:0.5500 TV:0.5617 VA:1.0369 CE:0.1875
2026-03-09 13:57:34,053 - utils.logger2026-03-09-13.55.45 - INFO - saving the model at the end of epoch 39, iters 1092
2026-03-09 13:57:34,194 - utils.logger2026-03-09-13.55.45 - INFO - End of training epoch 39 / 40 	 Time Taken: 1 sec
2026-03-09 13:57:34,194 - utils.logger2026-03-09-13.55.45 - INFO - learning rate = 0.0000095
2026-03-09 13:57:34,618 - utils.logger2026-03-09-13.55.45 - INFO - Val result of epoch 39 / 40 mae 1.1140 corr 0.6629 f1 0.8094
2026-03-09 13:57:35,056 - utils.logger2026-03-09-13.55.45 - INFO - Tst result of epoch 39 / 40 mae 0.9296 corr 0.6593 f1 0.7838
2026-03-09 13:57:35,859 - utils.logger2026-03-09-13.55.45 - INFO - Cur epoch 40 loss TA:0.5368 TV:0.5438 VA:1.0160 CE:0.2017
2026-03-09 13:57:36,384 - utils.logger2026-03-09-13.55.45 - INFO - Cur epoch 40 loss TA:0.5175 TV:0.5164 VA:0.9922 CE:0.2284
2026-03-09 13:57:36,833 - utils.logger2026-03-09-13.55.45 - INFO - Cur epoch 40 loss TA:0.2429 TV:0.2112 VA:0.4706 CE:0.1098
2026-03-09 13:57:36,885 - utils.logger2026-03-09-13.55.45 - INFO - saving the model at the end of epoch 40, iters 1120
2026-03-09 13:57:37,123 - utils.logger2026-03-09-13.55.45 - INFO - End of training epoch 40 / 40 	 Time Taken: 2 sec
2026-03-09 13:57:37,123 - utils.logger2026-03-09-13.55.45 - INFO - learning rate = 0.0000000
2026-03-09 13:57:37,548 - utils.logger2026-03-09-13.55.45 - INFO - Val result of epoch 40 / 40 mae 1.1171 corr 0.6645 f1 0.8000
2026-03-09 13:57:38,006 - utils.logger2026-03-09-13.55.45 - INFO - Tst result of epoch 40 / 40 mae 0.9321 corr 0.6591 f1 0.7843
2026-03-09 13:57:38,007 - utils.logger2026-03-09-13.55.45 - INFO - Best eval epoch 25 found with MAE 0.909733
2026-03-09 13:57:38,007 - utils.logger2026-03-09-13.55.45 - INFO - Loading best model found on val set: epoch-25
2026-03-09 13:57:38,937 - utils.logger2026-03-09-13.55.45 - INFO - Tst result mae 0.9097 corr 0.6587 f1 0.7852
