2026-03-09 11:11:39,212 - utils.logger2026-03-09-11.11.39 - INFO - The number of training samples = 1750
2026-03-09 11:11:41,744 - utils.logger2026-03-09-11.11.39 - INFO - Cur epoch 1 loss TA:1.0328 TV:1.0369 VA:2.0705 CE:2.9278
2026-03-09 11:11:42,842 - utils.logger2026-03-09-11.11.39 - INFO - Cur epoch 1 loss TA:1.0356 TV:1.0356 VA:2.0713 CE:2.5771
2026-03-09 11:11:43,607 - utils.logger2026-03-09-11.11.39 - INFO - saving the model at the end of epoch 1, iters 28
2026-03-09 11:11:43,715 - utils.logger2026-03-09-11.11.39 - INFO - End of training epoch 1 / 40 	 Time Taken: 4 sec
2026-03-09 11:11:43,715 - utils.logger2026-03-09-11.11.39 - INFO - learning rate = 0.0002000
2026-03-09 11:11:44,040 - utils.logger2026-03-09-11.11.39 - INFO - Val result of epoch 1 / 40 acc 0.6116 MAE 0.3495 f1 0.6629
2026-03-09 11:11:44,356 - utils.logger2026-03-09-11.11.39 - INFO - Tst result of epoch 1 / 40 acc 0.6116 MAE 0.3495 f1 0.6629
2026-03-09 11:11:44,692 - utils.logger2026-03-09-11.11.39 - INFO - Cur epoch 2 loss TA:1.0292 TV:1.0298 VA:2.0634 CE:2.3534
2026-03-09 11:11:45,537 - utils.logger2026-03-09-11.11.39 - INFO - Cur epoch 2 loss TA:1.0301 TV:1.0266 VA:2.0596 CE:2.6967
2026-03-09 11:11:46,030 - utils.logger2026-03-09-11.11.39 - INFO - Cur epoch 2 loss TA:1.0192 TV:1.0197 VA:2.0442 CE:3.2203
2026-03-09 11:11:46,442 - utils.logger2026-03-09-11.11.39 - INFO - saving the model at the end of epoch 2, iters 56
2026-03-09 11:11:46,552 - utils.logger2026-03-09-11.11.39 - INFO - End of training epoch 2 / 40 	 Time Taken: 2 sec
2026-03-09 11:11:46,552 - utils.logger2026-03-09-11.11.39 - INFO - learning rate = 0.0002000
2026-03-09 11:11:47,083 - utils.logger2026-03-09-11.11.39 - INFO - Val result of epoch 2 / 40 acc 0.6295 MAE 0.4229 f1 0.6459
2026-03-09 11:11:47,708 - utils.logger2026-03-09-11.11.39 - INFO - Tst result of epoch 2 / 40 acc 0.6295 MAE 0.4230 f1 0.6459
2026-03-09 11:11:48,397 - utils.logger2026-03-09-11.11.39 - INFO - Cur epoch 3 loss TA:1.0090 TV:1.0053 VA:2.0360 CE:2.6359
2026-03-09 11:11:49,011 - utils.logger2026-03-09-11.11.39 - INFO - Cur epoch 3 loss TA:0.9935 TV:0.9893 VA:2.0156 CE:2.2280
2026-03-09 11:11:49,704 - utils.logger2026-03-09-11.11.39 - INFO - Cur epoch 3 loss TA:0.9814 TV:0.9787 VA:1.9800 CE:1.8542
2026-03-09 11:11:50,195 - utils.logger2026-03-09-11.11.39 - INFO - saving the model at the end of epoch 3, iters 84
2026-03-09 11:11:50,533 - utils.logger2026-03-09-11.11.39 - INFO - End of training epoch 3 / 40 	 Time Taken: 2 sec
2026-03-09 11:11:50,534 - utils.logger2026-03-09-11.11.39 - INFO - learning rate = 0.0002000
2026-03-09 11:11:50,978 - utils.logger2026-03-09-11.11.39 - INFO - Val result of epoch 3 / 40 acc 0.7143 MAE 0.5017 f1 0.7277
2026-03-09 11:11:51,438 - utils.logger2026-03-09-11.11.39 - INFO - Tst result of epoch 3 / 40 acc 0.7143 MAE 0.5016 f1 0.7277
2026-03-09 11:11:52,390 - utils.logger2026-03-09-11.11.39 - INFO - Cur epoch 4 loss TA:0.9592 TV:0.9395 VA:1.9102 CE:2.1610
2026-03-09 11:11:53,130 - utils.logger2026-03-09-11.11.39 - INFO - Cur epoch 4 loss TA:0.9464 TV:0.9516 VA:1.9044 CE:1.7557
2026-03-09 11:11:53,821 - utils.logger2026-03-09-11.11.39 - INFO - Cur epoch 4 loss TA:0.9438 TV:0.9393 VA:1.8926 CE:2.1633
2026-03-09 11:11:53,978 - utils.logger2026-03-09-11.11.39 - INFO - saving the model at the end of epoch 4, iters 112
2026-03-09 11:11:54,199 - utils.logger2026-03-09-11.11.39 - INFO - End of training epoch 4 / 40 	 Time Taken: 2 sec
2026-03-09 11:11:54,199 - utils.logger2026-03-09-11.11.39 - INFO - learning rate = 0.0002000
2026-03-09 11:11:54,621 - utils.logger2026-03-09-11.11.39 - INFO - Val result of epoch 4 / 40 acc 0.6964 MAE 0.5565 f1 0.7199
2026-03-09 11:11:55,118 - utils.logger2026-03-09-11.11.39 - INFO - Tst result of epoch 4 / 40 acc 0.6964 MAE 0.5565 f1 0.7199
2026-03-09 11:11:55,897 - utils.logger2026-03-09-11.11.39 - INFO - Cur epoch 5 loss TA:0.9247 TV:0.9285 VA:1.8147 CE:1.7429
2026-03-09 11:11:56,434 - utils.logger2026-03-09-11.11.39 - INFO - Cur epoch 5 loss TA:0.9276 TV:0.9206 VA:1.8481 CE:2.5082
2026-03-09 11:11:57,126 - utils.logger2026-03-09-11.11.39 - INFO - Cur epoch 5 loss TA:0.6082 TV:0.6334 VA:1.2494 CE:1.7567
2026-03-09 11:11:57,181 - utils.logger2026-03-09-11.11.39 - INFO - saving the model at the end of epoch 5, iters 140
2026-03-09 11:11:57,427 - utils.logger2026-03-09-11.11.39 - INFO - End of training epoch 5 / 40 	 Time Taken: 2 sec
2026-03-09 11:11:57,427 - utils.logger2026-03-09-11.11.39 - INFO - learning rate = 0.0002000
2026-03-09 11:11:57,813 - utils.logger2026-03-09-11.11.39 - INFO - Val result of epoch 5 / 40 acc 0.7009 MAE 0.5889 f1 0.7194
2026-03-09 11:11:58,217 - utils.logger2026-03-09-11.11.39 - INFO - Tst result of epoch 5 / 40 acc 0.7009 MAE 0.5889 f1 0.7194
2026-03-09 11:11:59,583 - utils.logger2026-03-09-11.11.39 - INFO - Cur epoch 6 loss TA:0.8915 TV:0.8899 VA:1.7726 CE:1.9469
2026-03-09 11:12:00,591 - utils.logger2026-03-09-11.11.39 - INFO - Cur epoch 6 loss TA:0.8911 TV:0.8932 VA:1.7434 CE:1.4269
2026-03-09 11:12:01,473 - utils.logger2026-03-09-11.11.39 - INFO - saving the model at the end of epoch 6, iters 168
2026-03-09 11:12:01,652 - utils.logger2026-03-09-11.11.39 - INFO - End of training epoch 6 / 40 	 Time Taken: 3 sec
2026-03-09 11:12:01,652 - utils.logger2026-03-09-11.11.39 - INFO - learning rate = 0.0002000
2026-03-09 11:12:02,037 - utils.logger2026-03-09-11.11.39 - INFO - Val result of epoch 6 / 40 acc 0.7455 MAE 0.5916 f1 0.7604
2026-03-09 11:12:02,422 - utils.logger2026-03-09-11.11.39 - INFO - Tst result of epoch 6 / 40 acc 0.7455 MAE 0.5916 f1 0.7604
2026-03-09 11:12:02,792 - utils.logger2026-03-09-11.11.39 - INFO - Cur epoch 7 loss TA:0.8750 TV:0.8683 VA:1.7177 CE:1.1630
2026-03-09 11:12:03,468 - utils.logger2026-03-09-11.11.39 - INFO - Cur epoch 7 loss TA:0.8740 TV:0.8697 VA:1.7043 CE:1.1344
2026-03-09 11:12:04,213 - utils.logger2026-03-09-11.11.39 - INFO - Cur epoch 7 loss TA:0.8775 TV:0.8635 VA:1.6848 CE:1.3965
2026-03-09 11:12:04,627 - utils.logger2026-03-09-11.11.39 - INFO - saving the model at the end of epoch 7, iters 196
2026-03-09 11:12:04,848 - utils.logger2026-03-09-11.11.39 - INFO - End of training epoch 7 / 40 	 Time Taken: 2 sec
2026-03-09 11:12:04,848 - utils.logger2026-03-09-11.11.39 - INFO - learning rate = 0.0002000
2026-03-09 11:12:05,259 - utils.logger2026-03-09-11.11.39 - INFO - Val result of epoch 7 / 40 acc 0.7589 MAE 0.6131 f1 0.7800
2026-03-09 11:12:05,690 - utils.logger2026-03-09-11.11.39 - INFO - Tst result of epoch 7 / 40 acc 0.7589 MAE 0.6131 f1 0.7800
2026-03-09 11:12:06,204 - utils.logger2026-03-09-11.11.39 - INFO - Cur epoch 8 loss TA:0.8544 TV:0.8553 VA:1.6661 CE:1.1890
2026-03-09 11:12:06,815 - utils.logger2026-03-09-11.11.39 - INFO - Cur epoch 8 loss TA:0.8449 TV:0.8646 VA:1.6387 CE:1.1879
2026-03-09 11:12:07,626 - utils.logger2026-03-09-11.11.39 - INFO - Cur epoch 8 loss TA:0.8490 TV:0.8415 VA:1.6325 CE:0.9525
2026-03-09 11:12:08,120 - utils.logger2026-03-09-11.11.39 - INFO - saving the model at the end of epoch 8, iters 224
2026-03-09 11:12:08,550 - utils.logger2026-03-09-11.11.39 - INFO - End of training epoch 8 / 40 	 Time Taken: 2 sec
2026-03-09 11:12:08,551 - utils.logger2026-03-09-11.11.39 - INFO - learning rate = 0.0002000
2026-03-09 11:12:08,980 - utils.logger2026-03-09-11.11.39 - INFO - Val result of epoch 8 / 40 acc 0.7679 MAE 0.6153 f1 0.7933
2026-03-09 11:12:09,375 - utils.logger2026-03-09-11.11.39 - INFO - Tst result of epoch 8 / 40 acc 0.7679 MAE 0.6153 f1 0.7933
2026-03-09 11:12:10,165 - utils.logger2026-03-09-11.11.39 - INFO - Cur epoch 9 loss TA:0.8242 TV:0.8103 VA:1.5912 CE:0.9200
2026-03-09 11:12:10,777 - utils.logger2026-03-09-11.11.39 - INFO - Cur epoch 9 loss TA:0.8317 TV:0.8159 VA:1.5671 CE:1.0032
2026-03-09 11:12:11,377 - utils.logger2026-03-09-11.11.39 - INFO - Cur epoch 9 loss TA:0.8361 TV:0.8327 VA:1.6229 CE:1.1052
2026-03-09 11:12:11,537 - utils.logger2026-03-09-11.11.39 - INFO - saving the model at the end of epoch 9, iters 252
2026-03-09 11:12:11,684 - utils.logger2026-03-09-11.11.39 - INFO - End of training epoch 9 / 40 	 Time Taken: 2 sec
2026-03-09 11:12:11,685 - utils.logger2026-03-09-11.11.39 - INFO - learning rate = 0.0002000
2026-03-09 11:12:12,065 - utils.logger2026-03-09-11.11.39 - INFO - Val result of epoch 9 / 40 acc 0.7366 MAE 0.6106 f1 0.7587
2026-03-09 11:12:12,527 - utils.logger2026-03-09-11.11.39 - INFO - Tst result of epoch 9 / 40 acc 0.7366 MAE 0.6106 f1 0.7587
2026-03-09 11:12:13,297 - utils.logger2026-03-09-11.11.39 - INFO - Cur epoch 10 loss TA:0.7802 TV:0.7684 VA:1.5028 CE:1.1656
2026-03-09 11:12:13,909 - utils.logger2026-03-09-11.11.39 - INFO - Cur epoch 10 loss TA:0.8169 TV:0.8178 VA:1.5661 CE:1.0273
2026-03-09 11:12:14,659 - utils.logger2026-03-09-11.11.39 - INFO - Cur epoch 10 loss TA:0.5292 TV:0.5648 VA:1.0088 CE:0.8649
2026-03-09 11:12:14,715 - utils.logger2026-03-09-11.11.39 - INFO - saving the model at the end of epoch 10, iters 280
2026-03-09 11:12:14,939 - utils.logger2026-03-09-11.11.39 - INFO - End of training epoch 10 / 40 	 Time Taken: 2 sec
2026-03-09 11:12:14,939 - utils.logger2026-03-09-11.11.39 - INFO - learning rate = 0.0002000
2026-03-09 11:12:15,338 - utils.logger2026-03-09-11.11.39 - INFO - Val result of epoch 10 / 40 acc 0.7589 MAE 0.6204 f1 0.7723
2026-03-09 11:12:15,710 - utils.logger2026-03-09-11.11.39 - INFO - Tst result of epoch 10 / 40 acc 0.7589 MAE 0.6204 f1 0.7723
2026-03-09 11:12:17,047 - utils.logger2026-03-09-11.11.39 - INFO - Cur epoch 11 loss TA:0.7964 TV:0.8009 VA:1.4202 CE:0.7871
2026-03-09 11:12:18,128 - utils.logger2026-03-09-11.11.39 - INFO - Cur epoch 11 loss TA:0.8099 TV:0.8064 VA:1.5022 CE:0.7060
2026-03-09 11:12:19,022 - utils.logger2026-03-09-11.11.39 - INFO - saving the model at the end of epoch 11, iters 308
2026-03-09 11:12:19,173 - utils.logger2026-03-09-11.11.39 - INFO - End of training epoch 11 / 40 	 Time Taken: 3 sec
2026-03-09 11:12:19,173 - utils.logger2026-03-09-11.11.39 - INFO - learning rate = 0.0002000
2026-03-09 11:12:19,547 - utils.logger2026-03-09-11.11.39 - INFO - Val result of epoch 11 / 40 acc 0.7634 MAE 0.6188 f1 0.7746
2026-03-09 11:12:19,908 - utils.logger2026-03-09-11.11.39 - INFO - Tst result of epoch 11 / 40 acc 0.7634 MAE 0.6188 f1 0.7746
2026-03-09 11:12:20,280 - utils.logger2026-03-09-11.11.39 - INFO - Cur epoch 12 loss TA:0.7254 TV:0.7529 VA:1.3582 CE:0.9647
2026-03-09 11:12:21,099 - utils.logger2026-03-09-11.11.39 - INFO - Cur epoch 12 loss TA:0.7361 TV:0.7140 VA:1.3794 CE:0.5814
2026-03-09 11:12:21,723 - utils.logger2026-03-09-11.11.39 - INFO - Cur epoch 12 loss TA:0.7235 TV:0.7540 VA:1.4409 CE:0.5284
2026-03-09 11:12:22,108 - utils.logger2026-03-09-11.11.39 - INFO - saving the model at the end of epoch 12, iters 336
2026-03-09 11:12:22,328 - utils.logger2026-03-09-11.11.39 - INFO - End of training epoch 12 / 40 	 Time Taken: 2 sec
2026-03-09 11:12:22,328 - utils.logger2026-03-09-11.11.39 - INFO - learning rate = 0.0002000
2026-03-09 11:12:22,736 - utils.logger2026-03-09-11.11.39 - INFO - Val result of epoch 12 / 40 acc 0.7589 MAE 0.6338 f1 0.7754
2026-03-09 11:12:23,231 - utils.logger2026-03-09-11.11.39 - INFO - Tst result of epoch 12 / 40 acc 0.7589 MAE 0.6338 f1 0.7754
2026-03-09 11:12:23,787 - utils.logger2026-03-09-11.11.39 - INFO - Cur epoch 13 loss TA:0.7447 TV:0.7384 VA:1.3696 CE:0.8938
2026-03-09 11:12:24,487 - utils.logger2026-03-09-11.11.39 - INFO - Cur epoch 13 loss TA:0.7190 TV:0.7198 VA:1.3554 CE:0.9903
2026-03-09 11:12:25,595 - utils.logger2026-03-09-11.11.39 - INFO - Cur epoch 13 loss TA:0.7226 TV:0.7386 VA:1.3892 CE:0.8033
2026-03-09 11:12:26,062 - utils.logger2026-03-09-11.11.39 - INFO - saving the model at the end of epoch 13, iters 364
2026-03-09 11:12:26,555 - utils.logger2026-03-09-11.11.39 - INFO - End of training epoch 13 / 40 	 Time Taken: 3 sec
2026-03-09 11:12:26,555 - utils.logger2026-03-09-11.11.39 - INFO - learning rate = 0.0002000
2026-03-09 11:12:26,950 - utils.logger2026-03-09-11.11.39 - INFO - Val result of epoch 13 / 40 acc 0.7589 MAE 0.6321 f1 0.7730
2026-03-09 11:12:27,326 - utils.logger2026-03-09-11.11.39 - INFO - Tst result of epoch 13 / 40 acc 0.7589 MAE 0.6321 f1 0.7730
2026-03-09 11:12:27,932 - utils.logger2026-03-09-11.11.39 - INFO - Cur epoch 14 loss TA:0.7127 TV:0.7040 VA:1.3543 CE:0.4966
2026-03-09 11:12:28,525 - utils.logger2026-03-09-11.11.39 - INFO - Cur epoch 14 loss TA:0.7360 TV:0.7301 VA:1.3421 CE:0.5125
2026-03-09 11:12:29,159 - utils.logger2026-03-09-11.11.39 - INFO - Cur epoch 14 loss TA:0.7080 TV:0.7287 VA:1.3558 CE:0.5636
2026-03-09 11:12:29,361 - utils.logger2026-03-09-11.11.39 - INFO - saving the model at the end of epoch 14, iters 392
2026-03-09 11:12:29,610 - utils.logger2026-03-09-11.11.39 - INFO - End of training epoch 14 / 40 	 Time Taken: 2 sec
2026-03-09 11:12:29,611 - utils.logger2026-03-09-11.11.39 - INFO - learning rate = 0.0002000
2026-03-09 11:12:30,009 - utils.logger2026-03-09-11.11.39 - INFO - Val result of epoch 14 / 40 acc 0.7366 MAE 0.6315 f1 0.7626
2026-03-09 11:12:30,363 - utils.logger2026-03-09-11.11.39 - INFO - Tst result of epoch 14 / 40 acc 0.7366 MAE 0.6315 f1 0.7626
2026-03-09 11:12:31,278 - utils.logger2026-03-09-11.11.39 - INFO - Cur epoch 15 loss TA:0.6358 TV:0.6389 VA:1.2351 CE:0.4064
2026-03-09 11:12:31,955 - utils.logger2026-03-09-11.11.39 - INFO - Cur epoch 15 loss TA:0.6730 TV:0.6865 VA:1.2757 CE:0.6461
2026-03-09 11:12:32,492 - utils.logger2026-03-09-11.11.39 - INFO - Cur epoch 15 loss TA:0.4433 TV:0.4227 VA:0.7921 CE:0.4039
2026-03-09 11:12:32,605 - utils.logger2026-03-09-11.11.39 - INFO - saving the model at the end of epoch 15, iters 420
2026-03-09 11:12:33,083 - utils.logger2026-03-09-11.11.39 - INFO - End of training epoch 15 / 40 	 Time Taken: 2 sec
2026-03-09 11:12:33,083 - utils.logger2026-03-09-11.11.39 - INFO - learning rate = 0.0002000
2026-03-09 11:12:33,472 - utils.logger2026-03-09-11.11.39 - INFO - Val result of epoch 15 / 40 acc 0.7500 MAE 0.6306 f1 0.7681
2026-03-09 11:12:33,873 - utils.logger2026-03-09-11.11.39 - INFO - Tst result of epoch 15 / 40 acc 0.7500 MAE 0.6306 f1 0.7681
2026-03-09 11:12:35,249 - utils.logger2026-03-09-11.11.39 - INFO - Cur epoch 16 loss TA:0.6780 TV:0.6781 VA:1.2848 CE:0.4630
2026-03-09 11:12:35,905 - utils.logger2026-03-09-11.11.39 - INFO - Cur epoch 16 loss TA:0.6726 TV:0.6869 VA:1.2680 CE:0.4784
2026-03-09 11:12:36,446 - utils.logger2026-03-09-11.11.39 - INFO - saving the model at the end of epoch 16, iters 448
2026-03-09 11:12:36,610 - utils.logger2026-03-09-11.11.39 - INFO - End of training epoch 16 / 40 	 Time Taken: 2 sec
2026-03-09 11:12:36,610 - utils.logger2026-03-09-11.11.39 - INFO - learning rate = 0.0002000
2026-03-09 11:12:37,017 - utils.logger2026-03-09-11.11.39 - INFO - Val result of epoch 16 / 40 acc 0.7723 MAE 0.6197 f1 0.7883
2026-03-09 11:12:37,403 - utils.logger2026-03-09-11.11.39 - INFO - Tst result of epoch 16 / 40 acc 0.7723 MAE 0.6197 f1 0.7883
2026-03-09 11:12:37,917 - utils.logger2026-03-09-11.11.39 - INFO - Cur epoch 17 loss TA:0.6486 TV:0.6541 VA:1.2254 CE:0.3950
2026-03-09 11:12:38,708 - utils.logger2026-03-09-11.11.39 - INFO - Cur epoch 17 loss TA:0.6664 TV:0.6453 VA:1.2365 CE:0.4202
2026-03-09 11:12:39,342 - utils.logger2026-03-09-11.11.39 - INFO - Cur epoch 17 loss TA:0.6982 TV:0.7055 VA:1.2825 CE:0.4032
2026-03-09 11:12:39,750 - utils.logger2026-03-09-11.11.39 - INFO - saving the model at the end of epoch 17, iters 476
2026-03-09 11:12:39,903 - utils.logger2026-03-09-11.11.39 - INFO - End of training epoch 17 / 40 	 Time Taken: 2 sec
2026-03-09 11:12:39,903 - utils.logger2026-03-09-11.11.39 - INFO - learning rate = 0.0002000
2026-03-09 11:12:40,377 - utils.logger2026-03-09-11.11.39 - INFO - Val result of epoch 17 / 40 acc 0.7366 MAE 0.6198 f1 0.7526
2026-03-09 11:12:40,800 - utils.logger2026-03-09-11.11.39 - INFO - Tst result of epoch 17 / 40 acc 0.7366 MAE 0.6198 f1 0.7526
2026-03-09 11:12:41,416 - utils.logger2026-03-09-11.11.39 - INFO - Cur epoch 18 loss TA:0.6489 TV:0.6653 VA:1.2091 CE:0.4942
2026-03-09 11:12:42,035 - utils.logger2026-03-09-11.11.39 - INFO - Cur epoch 18 loss TA:0.6528 TV:0.6288 VA:1.1996 CE:0.3155
2026-03-09 11:12:43,047 - utils.logger2026-03-09-11.11.39 - INFO - Cur epoch 18 loss TA:0.6496 TV:0.6681 VA:1.2089 CE:0.3800
2026-03-09 11:12:43,503 - utils.logger2026-03-09-11.11.39 - INFO - saving the model at the end of epoch 18, iters 504
2026-03-09 11:12:43,932 - utils.logger2026-03-09-11.11.39 - INFO - End of training epoch 18 / 40 	 Time Taken: 3 sec
2026-03-09 11:12:43,932 - utils.logger2026-03-09-11.11.39 - INFO - learning rate = 0.0002000
2026-03-09 11:12:44,309 - utils.logger2026-03-09-11.11.39 - INFO - Val result of epoch 18 / 40 acc 0.7411 MAE 0.6226 f1 0.7681
2026-03-09 11:12:44,687 - utils.logger2026-03-09-11.11.39 - INFO - Tst result of epoch 18 / 40 acc 0.7411 MAE 0.6226 f1 0.7681
2026-03-09 11:12:45,342 - utils.logger2026-03-09-11.11.39 - INFO - Cur epoch 19 loss TA:0.6624 TV:0.6816 VA:1.2594 CE:0.4386
2026-03-09 11:12:45,966 - utils.logger2026-03-09-11.11.39 - INFO - Cur epoch 19 loss TA:0.6498 TV:0.6329 VA:1.2269 CE:0.3653
2026-03-09 11:12:46,550 - utils.logger2026-03-09-11.11.39 - INFO - Cur epoch 19 loss TA:0.6147 TV:0.6173 VA:1.1970 CE:0.4035
2026-03-09 11:12:46,693 - utils.logger2026-03-09-11.11.39 - INFO - saving the model at the end of epoch 19, iters 532
2026-03-09 11:12:46,905 - utils.logger2026-03-09-11.11.39 - INFO - End of training epoch 19 / 40 	 Time Taken: 2 sec
2026-03-09 11:12:46,905 - utils.logger2026-03-09-11.11.39 - INFO - learning rate = 0.0002000
2026-03-09 11:12:47,359 - utils.logger2026-03-09-11.11.39 - INFO - Val result of epoch 19 / 40 acc 0.7455 MAE 0.6298 f1 0.7634
2026-03-09 11:12:47,798 - utils.logger2026-03-09-11.11.39 - INFO - Tst result of epoch 19 / 40 acc 0.7455 MAE 0.6298 f1 0.7634
2026-03-09 11:12:48,581 - utils.logger2026-03-09-11.11.39 - INFO - Cur epoch 20 loss TA:0.6190 TV:0.6324 VA:1.2131 CE:0.4196
2026-03-09 11:12:49,371 - utils.logger2026-03-09-11.11.39 - INFO - Cur epoch 20 loss TA:0.6434 TV:0.6586 VA:1.1563 CE:0.3442
2026-03-09 11:12:50,100 - utils.logger2026-03-09-11.11.39 - INFO - Cur epoch 20 loss TA:0.3721 TV:0.3870 VA:0.6203 CE:0.3066
2026-03-09 11:12:50,154 - utils.logger2026-03-09-11.11.39 - INFO - saving the model at the end of epoch 20, iters 560
2026-03-09 11:12:50,288 - utils.logger2026-03-09-11.11.39 - INFO - End of training epoch 20 / 40 	 Time Taken: 2 sec
2026-03-09 11:12:50,289 - utils.logger2026-03-09-11.11.39 - INFO - learning rate = 0.0002000
2026-03-09 11:12:50,673 - utils.logger2026-03-09-11.11.39 - INFO - Val result of epoch 20 / 40 acc 0.7634 MAE 0.6290 f1 0.7824
2026-03-09 11:12:51,106 - utils.logger2026-03-09-11.11.39 - INFO - Tst result of epoch 20 / 40 acc 0.7634 MAE 0.6290 f1 0.7824
2026-03-09 11:12:52,360 - utils.logger2026-03-09-11.11.39 - INFO - Cur epoch 21 loss TA:0.5838 TV:0.5931 VA:1.1091 CE:0.5399
2026-03-09 11:12:53,402 - utils.logger2026-03-09-11.11.39 - INFO - Cur epoch 21 loss TA:0.6332 TV:0.6406 VA:1.2154 CE:0.3730
2026-03-09 11:12:54,181 - utils.logger2026-03-09-11.11.39 - INFO - saving the model at the end of epoch 21, iters 588
2026-03-09 11:12:54,319 - utils.logger2026-03-09-11.11.39 - INFO - End of training epoch 21 / 40 	 Time Taken: 3 sec
2026-03-09 11:12:54,320 - utils.logger2026-03-09-11.11.39 - INFO - learning rate = 0.0002000
2026-03-09 11:12:54,726 - utils.logger2026-03-09-11.11.39 - INFO - Val result of epoch 21 / 40 acc 0.7634 MAE 0.6326 f1 0.7780
2026-03-09 11:12:55,136 - utils.logger2026-03-09-11.11.39 - INFO - Tst result of epoch 21 / 40 acc 0.7634 MAE 0.6326 f1 0.7780
2026-03-09 11:12:55,518 - utils.logger2026-03-09-11.11.39 - INFO - Cur epoch 22 loss TA:0.5906 TV:0.5978 VA:1.1359 CE:0.3422
2026-03-09 11:12:56,313 - utils.logger2026-03-09-11.11.39 - INFO - Cur epoch 22 loss TA:0.5843 TV:0.5819 VA:1.1073 CE:0.2891
2026-03-09 11:12:56,951 - utils.logger2026-03-09-11.11.39 - INFO - Cur epoch 22 loss TA:0.5850 TV:0.6275 VA:1.1062 CE:0.3697
2026-03-09 11:12:57,331 - utils.logger2026-03-09-11.11.39 - INFO - saving the model at the end of epoch 22, iters 616
2026-03-09 11:12:57,475 - utils.logger2026-03-09-11.11.39 - INFO - End of training epoch 22 / 40 	 Time Taken: 2 sec
2026-03-09 11:12:57,475 - utils.logger2026-03-09-11.11.39 - INFO - learning rate = 0.0002000
2026-03-09 11:12:57,966 - utils.logger2026-03-09-11.11.39 - INFO - Val result of epoch 22 / 40 acc 0.7768 MAE 0.6480 f1 0.7919
2026-03-09 11:12:58,387 - utils.logger2026-03-09-11.11.39 - INFO - Tst result of epoch 22 / 40 acc 0.7768 MAE 0.6480 f1 0.7919
2026-03-09 11:12:59,001 - utils.logger2026-03-09-11.11.39 - INFO - Cur epoch 23 loss TA:0.5789 TV:0.5828 VA:1.1010 CE:0.3776
2026-03-09 11:12:59,629 - utils.logger2026-03-09-11.11.39 - INFO - Cur epoch 23 loss TA:0.5833 TV:0.5980 VA:1.1328 CE:0.2176
2026-03-09 11:13:00,513 - utils.logger2026-03-09-11.11.39 - INFO - Cur epoch 23 loss TA:0.6031 TV:0.5990 VA:1.1436 CE:0.3855
2026-03-09 11:13:00,949 - utils.logger2026-03-09-11.11.39 - INFO - saving the model at the end of epoch 23, iters 644
2026-03-09 11:13:01,286 - utils.logger2026-03-09-11.11.39 - INFO - End of training epoch 23 / 40 	 Time Taken: 2 sec
2026-03-09 11:13:01,286 - utils.logger2026-03-09-11.11.39 - INFO - learning rate = 0.0002000
2026-03-09 11:13:01,697 - utils.logger2026-03-09-11.11.39 - INFO - Val result of epoch 23 / 40 acc 0.7589 MAE 0.6286 f1 0.7737
2026-03-09 11:13:02,139 - utils.logger2026-03-09-11.11.39 - INFO - Tst result of epoch 23 / 40 acc 0.7589 MAE 0.6286 f1 0.7737
2026-03-09 11:13:02,933 - utils.logger2026-03-09-11.11.39 - INFO - Cur epoch 24 loss TA:0.5725 TV:0.5761 VA:1.0804 CE:0.2314
2026-03-09 11:13:03,615 - utils.logger2026-03-09-11.11.39 - INFO - Cur epoch 24 loss TA:0.6101 TV:0.6011 VA:1.1508 CE:0.3088
2026-03-09 11:13:04,223 - utils.logger2026-03-09-11.11.39 - INFO - Cur epoch 24 loss TA:0.5861 TV:0.5977 VA:1.1745 CE:0.3453
2026-03-09 11:13:04,451 - utils.logger2026-03-09-11.11.39 - INFO - saving the model at the end of epoch 24, iters 672
2026-03-09 11:13:04,596 - utils.logger2026-03-09-11.11.39 - INFO - End of training epoch 24 / 40 	 Time Taken: 2 sec
2026-03-09 11:13:04,597 - utils.logger2026-03-09-11.11.39 - INFO - learning rate = 0.0002000
2026-03-09 11:13:05,105 - utils.logger2026-03-09-11.11.39 - INFO - Val result of epoch 24 / 40 acc 0.7589 MAE 0.6338 f1 0.7728
2026-03-09 11:13:05,538 - utils.logger2026-03-09-11.11.39 - INFO - Tst result of epoch 24 / 40 acc 0.7589 MAE 0.6338 f1 0.7728
2026-03-09 11:13:06,350 - utils.logger2026-03-09-11.11.39 - INFO - Cur epoch 25 loss TA:0.5750 TV:0.6065 VA:1.1026 CE:0.4258
2026-03-09 11:13:06,982 - utils.logger2026-03-09-11.11.39 - INFO - Cur epoch 25 loss TA:0.5705 TV:0.5747 VA:1.0636 CE:0.2725
2026-03-09 11:13:07,790 - utils.logger2026-03-09-11.11.39 - INFO - Cur epoch 25 loss TA:0.2384 TV:0.2957 VA:0.5170 CE:0.3910
2026-03-09 11:13:07,856 - utils.logger2026-03-09-11.11.39 - INFO - saving the model at the end of epoch 25, iters 700
2026-03-09 11:13:07,971 - utils.logger2026-03-09-11.11.39 - INFO - End of training epoch 25 / 40 	 Time Taken: 2 sec
2026-03-09 11:13:07,971 - utils.logger2026-03-09-11.11.39 - INFO - learning rate = 0.0002000
2026-03-09 11:13:08,355 - utils.logger2026-03-09-11.11.39 - INFO - Val result of epoch 25 / 40 acc 0.7589 MAE 0.6306 f1 0.7695
2026-03-09 11:13:08,762 - utils.logger2026-03-09-11.11.39 - INFO - Tst result of epoch 25 / 40 acc 0.7589 MAE 0.6306 f1 0.7695
2026-03-09 11:13:10,043 - utils.logger2026-03-09-11.11.39 - INFO - Cur epoch 26 loss TA:0.5535 TV:0.5645 VA:1.0774 CE:0.2659
2026-03-09 11:13:11,073 - utils.logger2026-03-09-11.11.39 - INFO - Cur epoch 26 loss TA:0.5524 TV:0.5688 VA:1.0834 CE:0.2987
2026-03-09 11:13:11,963 - utils.logger2026-03-09-11.11.39 - INFO - saving the model at the end of epoch 26, iters 728
2026-03-09 11:13:12,084 - utils.logger2026-03-09-11.11.39 - INFO - End of training epoch 26 / 40 	 Time Taken: 3 sec
2026-03-09 11:13:12,085 - utils.logger2026-03-09-11.11.39 - INFO - learning rate = 0.0002000
2026-03-09 11:13:12,437 - utils.logger2026-03-09-11.11.39 - INFO - Val result of epoch 26 / 40 acc 0.7679 MAE 0.6316 f1 0.7800
2026-03-09 11:13:12,816 - utils.logger2026-03-09-11.11.39 - INFO - Tst result of epoch 26 / 40 acc 0.7679 MAE 0.6316 f1 0.7800
2026-03-09 11:13:13,172 - utils.logger2026-03-09-11.11.39 - INFO - Cur epoch 27 loss TA:0.5765 TV:0.5710 VA:1.0374 CE:0.2222
2026-03-09 11:13:13,769 - utils.logger2026-03-09-11.11.39 - INFO - Cur epoch 27 loss TA:0.5616 TV:0.5799 VA:1.0601 CE:0.2910
2026-03-09 11:13:14,532 - utils.logger2026-03-09-11.11.39 - INFO - Cur epoch 27 loss TA:0.5583 TV:0.5752 VA:1.1336 CE:0.2484
2026-03-09 11:13:14,940 - utils.logger2026-03-09-11.11.39 - INFO - saving the model at the end of epoch 27, iters 756
2026-03-09 11:13:15,155 - utils.logger2026-03-09-11.11.39 - INFO - End of training epoch 27 / 40 	 Time Taken: 2 sec
2026-03-09 11:13:15,156 - utils.logger2026-03-09-11.11.39 - INFO - learning rate = 0.0002000
2026-03-09 11:13:15,581 - utils.logger2026-03-09-11.11.39 - INFO - Val result of epoch 27 / 40 acc 0.7679 MAE 0.6297 f1 0.7811
2026-03-09 11:13:16,008 - utils.logger2026-03-09-11.11.39 - INFO - Tst result of epoch 27 / 40 acc 0.7679 MAE 0.6297 f1 0.7811
2026-03-09 11:13:16,521 - utils.logger2026-03-09-11.11.39 - INFO - Cur epoch 28 loss TA:0.5937 TV:0.6001 VA:1.1144 CE:0.2268
2026-03-09 11:13:17,136 - utils.logger2026-03-09-11.11.39 - INFO - Cur epoch 28 loss TA:0.5398 TV:0.5445 VA:1.0834 CE:0.2180
2026-03-09 11:13:17,912 - utils.logger2026-03-09-11.11.39 - INFO - Cur epoch 28 loss TA:0.5798 TV:0.5969 VA:1.1501 CE:0.3567
2026-03-09 11:13:18,352 - utils.logger2026-03-09-11.11.39 - INFO - saving the model at the end of epoch 28, iters 784
2026-03-09 11:13:18,847 - utils.logger2026-03-09-11.11.39 - INFO - End of training epoch 28 / 40 	 Time Taken: 2 sec
2026-03-09 11:13:18,847 - utils.logger2026-03-09-11.11.39 - INFO - learning rate = 0.0002000
2026-03-09 11:13:19,220 - utils.logger2026-03-09-11.11.39 - INFO - Val result of epoch 28 / 40 acc 0.7679 MAE 0.6408 f1 0.7806
2026-03-09 11:13:19,595 - utils.logger2026-03-09-11.11.39 - INFO - Tst result of epoch 28 / 40 acc 0.7679 MAE 0.6408 f1 0.7806
2026-03-09 11:13:20,377 - utils.logger2026-03-09-11.11.39 - INFO - Cur epoch 29 loss TA:0.5639 TV:0.5474 VA:1.0826 CE:0.2778
2026-03-09 11:13:20,937 - utils.logger2026-03-09-11.11.39 - INFO - Cur epoch 29 loss TA:0.5759 TV:0.5723 VA:1.0887 CE:0.1912
2026-03-09 11:13:21,583 - utils.logger2026-03-09-11.11.39 - INFO - Cur epoch 29 loss TA:0.6057 TV:0.6161 VA:1.1573 CE:0.2983
2026-03-09 11:13:21,721 - utils.logger2026-03-09-11.11.39 - INFO - saving the model at the end of epoch 29, iters 812
2026-03-09 11:13:21,940 - utils.logger2026-03-09-11.11.39 - INFO - End of training epoch 29 / 40 	 Time Taken: 2 sec
2026-03-09 11:13:21,940 - utils.logger2026-03-09-11.11.39 - INFO - learning rate = 0.0002000
2026-03-09 11:13:22,314 - utils.logger2026-03-09-11.11.39 - INFO - Val result of epoch 29 / 40 acc 0.7589 MAE 0.6417 f1 0.7734
2026-03-09 11:13:22,789 - utils.logger2026-03-09-11.11.39 - INFO - Tst result of epoch 29 / 40 acc 0.7589 MAE 0.6417 f1 0.7734
2026-03-09 11:13:23,572 - utils.logger2026-03-09-11.11.39 - INFO - Cur epoch 30 loss TA:0.5296 TV:0.5306 VA:1.0226 CE:0.1928
2026-03-09 11:13:24,136 - utils.logger2026-03-09-11.11.39 - INFO - Cur epoch 30 loss TA:0.5378 TV:0.5428 VA:1.0149 CE:0.1855
2026-03-09 11:13:24,902 - utils.logger2026-03-09-11.11.39 - INFO - Cur epoch 30 loss TA:0.3142 TV:0.3544 VA:0.5436 CE:0.3081
2026-03-09 11:13:24,971 - utils.logger2026-03-09-11.11.39 - INFO - saving the model at the end of epoch 30, iters 840
2026-03-09 11:13:25,304 - utils.logger2026-03-09-11.11.39 - INFO - End of training epoch 30 / 40 	 Time Taken: 2 sec
2026-03-09 11:13:25,305 - utils.logger2026-03-09-11.11.39 - INFO - learning rate = 0.0001818
2026-03-09 11:13:25,708 - utils.logger2026-03-09-11.11.39 - INFO - Val result of epoch 30 / 40 acc 0.7634 MAE 0.6365 f1 0.7825
2026-03-09 11:13:26,133 - utils.logger2026-03-09-11.11.39 - INFO - Tst result of epoch 30 / 40 acc 0.7634 MAE 0.6365 f1 0.7825
2026-03-09 11:13:27,317 - utils.logger2026-03-09-11.11.39 - INFO - Cur epoch 31 loss TA:0.5390 TV:0.5454 VA:0.9995 CE:0.2250
2026-03-09 11:13:28,276 - utils.logger2026-03-09-11.11.39 - INFO - Cur epoch 31 loss TA:0.5405 TV:0.5457 VA:1.0665 CE:0.1958
2026-03-09 11:13:29,148 - utils.logger2026-03-09-11.11.39 - INFO - saving the model at the end of epoch 31, iters 868
2026-03-09 11:13:29,569 - utils.logger2026-03-09-11.11.39 - INFO - End of training epoch 31 / 40 	 Time Taken: 3 sec
2026-03-09 11:13:29,570 - utils.logger2026-03-09-11.11.39 - INFO - learning rate = 0.0001636
2026-03-09 11:13:30,018 - utils.logger2026-03-09-11.11.39 - INFO - Val result of epoch 31 / 40 acc 0.7545 MAE 0.6397 f1 0.7679
2026-03-09 11:13:30,446 - utils.logger2026-03-09-11.11.39 - INFO - Tst result of epoch 31 / 40 acc 0.7545 MAE 0.6397 f1 0.7679
2026-03-09 11:13:30,849 - utils.logger2026-03-09-11.11.39 - INFO - Cur epoch 32 loss TA:0.5101 TV:0.5319 VA:1.0254 CE:0.2621
2026-03-09 11:13:31,475 - utils.logger2026-03-09-11.11.39 - INFO - Cur epoch 32 loss TA:0.5664 TV:0.5685 VA:1.0772 CE:0.2307
2026-03-09 11:13:32,228 - utils.logger2026-03-09-11.11.39 - INFO - Cur epoch 32 loss TA:0.5157 TV:0.5331 VA:1.0016 CE:0.3299
2026-03-09 11:13:32,664 - utils.logger2026-03-09-11.11.39 - INFO - saving the model at the end of epoch 32, iters 896
2026-03-09 11:13:32,863 - utils.logger2026-03-09-11.11.39 - INFO - End of training epoch 32 / 40 	 Time Taken: 2 sec
2026-03-09 11:13:32,863 - utils.logger2026-03-09-11.11.39 - INFO - learning rate = 0.0001455
2026-03-09 11:13:33,337 - utils.logger2026-03-09-11.11.39 - INFO - Val result of epoch 32 / 40 acc 0.7455 MAE 0.6287 f1 0.7632
2026-03-09 11:13:33,798 - utils.logger2026-03-09-11.11.39 - INFO - Tst result of epoch 32 / 40 acc 0.7455 MAE 0.6287 f1 0.7632
2026-03-09 11:13:34,331 - utils.logger2026-03-09-11.11.39 - INFO - Cur epoch 33 loss TA:0.5052 TV:0.5085 VA:1.0082 CE:0.2269
2026-03-09 11:13:34,899 - utils.logger2026-03-09-11.11.39 - INFO - Cur epoch 33 loss TA:0.5323 TV:0.5464 VA:1.0128 CE:0.1855
2026-03-09 11:13:35,773 - utils.logger2026-03-09-11.11.39 - INFO - Cur epoch 33 loss TA:0.5368 TV:0.5544 VA:1.0839 CE:0.2211
2026-03-09 11:13:36,272 - utils.logger2026-03-09-11.11.39 - INFO - saving the model at the end of epoch 33, iters 924
2026-03-09 11:13:36,737 - utils.logger2026-03-09-11.11.39 - INFO - End of training epoch 33 / 40 	 Time Taken: 2 sec
2026-03-09 11:13:36,737 - utils.logger2026-03-09-11.11.39 - INFO - learning rate = 0.0001273
2026-03-09 11:13:37,123 - utils.logger2026-03-09-11.11.39 - INFO - Val result of epoch 33 / 40 acc 0.7634 MAE 0.6301 f1 0.7783
2026-03-09 11:13:37,495 - utils.logger2026-03-09-11.11.39 - INFO - Tst result of epoch 33 / 40 acc 0.7634 MAE 0.6301 f1 0.7783
2026-03-09 11:13:38,140 - utils.logger2026-03-09-11.11.39 - INFO - Cur epoch 34 loss TA:0.5355 TV:0.5218 VA:0.9808 CE:0.2031
2026-03-09 11:13:38,760 - utils.logger2026-03-09-11.11.39 - INFO - Cur epoch 34 loss TA:0.5403 TV:0.5433 VA:1.0089 CE:0.2167
2026-03-09 11:13:39,312 - utils.logger2026-03-09-11.11.39 - INFO - Cur epoch 34 loss TA:0.5148 TV:0.5331 VA:0.9945 CE:0.2444
2026-03-09 11:13:39,519 - utils.logger2026-03-09-11.11.39 - INFO - saving the model at the end of epoch 34, iters 952
2026-03-09 11:13:39,608 - utils.logger2026-03-09-11.11.39 - INFO - End of training epoch 34 / 40 	 Time Taken: 2 sec
2026-03-09 11:13:39,608 - utils.logger2026-03-09-11.11.39 - INFO - learning rate = 0.0001091
2026-03-09 11:13:39,944 - utils.logger2026-03-09-11.11.39 - INFO - Val result of epoch 34 / 40 acc 0.7768 MAE 0.6390 f1 0.7933
2026-03-09 11:13:40,415 - utils.logger2026-03-09-11.11.39 - INFO - Tst result of epoch 34 / 40 acc 0.7768 MAE 0.6390 f1 0.7933
2026-03-09 11:13:41,323 - utils.logger2026-03-09-11.11.39 - INFO - Cur epoch 35 loss TA:0.5207 TV:0.5358 VA:1.0183 CE:0.1510
2026-03-09 11:13:41,948 - utils.logger2026-03-09-11.11.39 - INFO - Cur epoch 35 loss TA:0.5102 TV:0.5112 VA:0.9665 CE:0.1857
2026-03-09 11:13:42,502 - utils.logger2026-03-09-11.11.39 - INFO - Cur epoch 35 loss TA:0.2793 TV:0.2832 VA:0.4570 CE:0.2000
2026-03-09 11:13:42,638 - utils.logger2026-03-09-11.11.39 - INFO - saving the model at the end of epoch 35, iters 980
2026-03-09 11:13:42,821 - utils.logger2026-03-09-11.11.39 - INFO - End of training epoch 35 / 40 	 Time Taken: 2 sec
2026-03-09 11:13:42,822 - utils.logger2026-03-09-11.11.39 - INFO - learning rate = 0.0000909
2026-03-09 11:13:43,424 - utils.logger2026-03-09-11.11.39 - INFO - Val result of epoch 35 / 40 acc 0.7634 MAE 0.6394 f1 0.7783
2026-03-09 11:13:44,024 - utils.logger2026-03-09-11.11.39 - INFO - Tst result of epoch 35 / 40 acc 0.7634 MAE 0.6394 f1 0.7783
2026-03-09 11:13:45,201 - utils.logger2026-03-09-11.11.39 - INFO - Cur epoch 36 loss TA:0.5213 TV:0.5183 VA:1.0037 CE:0.2211
2026-03-09 11:13:46,177 - utils.logger2026-03-09-11.11.39 - INFO - Cur epoch 36 loss TA:0.5293 TV:0.5231 VA:1.0101 CE:0.1989
2026-03-09 11:13:47,109 - utils.logger2026-03-09-11.11.39 - INFO - saving the model at the end of epoch 36, iters 1008
2026-03-09 11:13:47,558 - utils.logger2026-03-09-11.11.39 - INFO - End of training epoch 36 / 40 	 Time Taken: 3 sec
2026-03-09 11:13:47,559 - utils.logger2026-03-09-11.11.39 - INFO - learning rate = 0.0000727
2026-03-09 11:13:47,975 - utils.logger2026-03-09-11.11.39 - INFO - Val result of epoch 36 / 40 acc 0.7723 MAE 0.6479 f1 0.7880
2026-03-09 11:13:48,432 - utils.logger2026-03-09-11.11.39 - INFO - Tst result of epoch 36 / 40 acc 0.7723 MAE 0.6479 f1 0.7880
2026-03-09 11:13:48,896 - utils.logger2026-03-09-11.11.39 - INFO - Cur epoch 37 loss TA:0.4975 TV:0.5026 VA:0.9532 CE:0.2057
2026-03-09 11:13:49,546 - utils.logger2026-03-09-11.11.39 - INFO - Cur epoch 37 loss TA:0.4836 TV:0.4887 VA:0.9563 CE:0.2021
2026-03-09 11:13:50,147 - utils.logger2026-03-09-11.11.39 - INFO - Cur epoch 37 loss TA:0.5049 TV:0.5029 VA:0.9977 CE:0.1509
2026-03-09 11:13:50,712 - utils.logger2026-03-09-11.11.39 - INFO - saving the model at the end of epoch 37, iters 1036
2026-03-09 11:13:50,997 - utils.logger2026-03-09-11.11.39 - INFO - End of training epoch 37 / 40 	 Time Taken: 2 sec
2026-03-09 11:13:50,998 - utils.logger2026-03-09-11.11.39 - INFO - learning rate = 0.0000545
2026-03-09 11:13:51,461 - utils.logger2026-03-09-11.11.39 - INFO - Val result of epoch 37 / 40 acc 0.7857 MAE 0.6485 f1 0.7991
2026-03-09 11:13:51,896 - utils.logger2026-03-09-11.11.39 - INFO - Tst result of epoch 37 / 40 acc 0.7857 MAE 0.6484 f1 0.7991
2026-03-09 11:13:52,588 - utils.logger2026-03-09-11.11.39 - INFO - Cur epoch 38 loss TA:0.5214 TV:0.5198 VA:0.9850 CE:0.2232
2026-03-09 11:13:53,354 - utils.logger2026-03-09-11.11.39 - INFO - Cur epoch 38 loss TA:0.5269 TV:0.5428 VA:0.9909 CE:0.1544
2026-03-09 11:13:53,932 - utils.logger2026-03-09-11.11.39 - INFO - Cur epoch 38 loss TA:0.5036 TV:0.5009 VA:0.9788 CE:0.1818
2026-03-09 11:13:54,187 - utils.logger2026-03-09-11.11.39 - INFO - saving the model at the end of epoch 38, iters 1064
2026-03-09 11:13:54,391 - utils.logger2026-03-09-11.11.39 - INFO - End of training epoch 38 / 40 	 Time Taken: 2 sec
2026-03-09 11:13:54,392 - utils.logger2026-03-09-11.11.39 - INFO - learning rate = 0.0000364
2026-03-09 11:13:54,849 - utils.logger2026-03-09-11.11.39 - INFO - Val result of epoch 38 / 40 acc 0.7857 MAE 0.6517 f1 0.7987
2026-03-09 11:13:55,270 - utils.logger2026-03-09-11.11.39 - INFO - Tst result of epoch 38 / 40 acc 0.7857 MAE 0.6517 f1 0.7987
2026-03-09 11:13:56,160 - utils.logger2026-03-09-11.11.39 - INFO - Cur epoch 39 loss TA:0.5178 TV:0.5193 VA:1.0151 CE:0.1764
2026-03-09 11:13:57,153 - utils.logger2026-03-09-11.11.39 - INFO - Cur epoch 39 loss TA:0.5165 TV:0.5075 VA:0.9692 CE:0.1374
2026-03-09 11:13:57,842 - utils.logger2026-03-09-11.11.39 - INFO - Cur epoch 39 loss TA:0.4740 TV:0.4744 VA:0.9504 CE:0.2313
2026-03-09 11:13:58,024 - utils.logger2026-03-09-11.11.39 - INFO - saving the model at the end of epoch 39, iters 1092
2026-03-09 11:13:58,184 - utils.logger2026-03-09-11.11.39 - INFO - End of training epoch 39 / 40 	 Time Taken: 2 sec
2026-03-09 11:13:58,184 - utils.logger2026-03-09-11.11.39 - INFO - learning rate = 0.0000182
2026-03-09 11:13:58,600 - utils.logger2026-03-09-11.11.39 - INFO - Val result of epoch 39 / 40 acc 0.7723 MAE 0.6486 f1 0.7883
2026-03-09 11:13:59,019 - utils.logger2026-03-09-11.11.39 - INFO - Tst result of epoch 39 / 40 acc 0.7723 MAE 0.6486 f1 0.7883
2026-03-09 11:13:59,938 - utils.logger2026-03-09-11.11.39 - INFO - Cur epoch 40 loss TA:0.5111 TV:0.5191 VA:0.9702 CE:0.1799
2026-03-09 11:14:00,498 - utils.logger2026-03-09-11.11.39 - INFO - Cur epoch 40 loss TA:0.5043 TV:0.5110 VA:1.0148 CE:0.1720
2026-03-09 11:14:01,217 - utils.logger2026-03-09-11.11.39 - INFO - Cur epoch 40 loss TA:0.1987 TV:0.2054 VA:0.3941 CE:0.2691
2026-03-09 11:14:01,282 - utils.logger2026-03-09-11.11.39 - INFO - saving the model at the end of epoch 40, iters 1120
2026-03-09 11:14:01,580 - utils.logger2026-03-09-11.11.39 - INFO - End of training epoch 40 / 40 	 Time Taken: 2 sec
2026-03-09 11:14:01,580 - utils.logger2026-03-09-11.11.39 - INFO - learning rate = 0.0000000
2026-03-09 11:14:02,033 - utils.logger2026-03-09-11.11.39 - INFO - Val result of epoch 40 / 40 acc 0.7812 MAE 0.6483 f1 0.7976
2026-03-09 11:14:02,429 - utils.logger2026-03-09-11.11.39 - INFO - Tst result of epoch 40 / 40 acc 0.7812 MAE 0.6483 f1 0.7976
2026-03-09 11:14:02,429 - utils.logger2026-03-09-11.11.39 - INFO - Best eval epoch 37 found with f1 0.799149
