2026-03-09 13:44:27,559 - utils.logger2026-03-09-13.44.27 - INFO - The number of training samples = 1750
2026-03-09 13:44:27,559 - utils.logger2026-03-09-13.44.27 - INFO - The number of testing samples = 224
2026-03-09 13:44:29,937 - utils.logger2026-03-09-13.44.27 - INFO - Cur epoch 1 loss TA:1.0333 TV:1.0391 VA:2.0680 CE:2.9127
2026-03-09 13:44:30,503 - utils.logger2026-03-09-13.44.27 - INFO - Cur epoch 1 loss TA:1.0363 TV:1.0357 VA:2.0727 CE:3.4645
2026-03-09 13:44:31,378 - utils.logger2026-03-09-13.44.27 - INFO - saving the model at the end of epoch 1, iters 28
2026-03-09 13:44:31,687 - utils.logger2026-03-09-13.44.27 - INFO - End of training epoch 1 / 40 	 Time Taken: 3 sec
2026-03-09 13:44:31,687 - utils.logger2026-03-09-13.44.27 - INFO - learning rate = 0.0002000
2026-03-09 13:44:32,163 - utils.logger2026-03-09-13.44.27 - INFO - Val result of epoch 1 / 40 mae 1.1648 corr 0.3107 f1 0.6220
2026-03-09 13:44:32,654 - utils.logger2026-03-09-13.44.27 - INFO - Tst result of epoch 1 / 40 mae 1.2990 corr 0.4567 f1 0.6557
2026-03-09 13:44:33,262 - utils.logger2026-03-09-13.44.27 - INFO - Cur epoch 2 loss TA:1.0315 TV:1.0273 VA:2.0656 CE:2.4849
2026-03-09 13:44:33,980 - utils.logger2026-03-09-13.44.27 - INFO - Cur epoch 2 loss TA:1.0251 TV:1.0235 VA:2.0630 CE:2.5779
2026-03-09 13:44:34,952 - utils.logger2026-03-09-13.44.27 - INFO - Cur epoch 2 loss TA:1.0219 TV:1.0225 VA:2.0627 CE:2.3891
2026-03-09 13:44:35,668 - utils.logger2026-03-09-13.44.27 - INFO - saving the model at the end of epoch 2, iters 56
2026-03-09 13:44:36,125 - utils.logger2026-03-09-13.44.27 - INFO - End of training epoch 2 / 40 	 Time Taken: 3 sec
2026-03-09 13:44:36,126 - utils.logger2026-03-09-13.44.27 - INFO - learning rate = 0.0002000
2026-03-09 13:44:36,660 - utils.logger2026-03-09-13.44.27 - INFO - Val result of epoch 2 / 40 mae 1.1260 corr 0.3682 f1 0.6491
2026-03-09 13:44:37,155 - utils.logger2026-03-09-13.44.27 - INFO - Tst result of epoch 2 / 40 mae 1.2255 corr 0.5445 f1 0.7088
2026-03-09 13:44:37,750 - utils.logger2026-03-09-13.44.27 - INFO - Cur epoch 3 loss TA:1.0016 TV:0.9940 VA:2.0104 CE:2.1286
2026-03-09 13:44:38,391 - utils.logger2026-03-09-13.44.27 - INFO - Cur epoch 3 loss TA:0.9834 TV:0.9871 VA:1.9750 CE:2.2979
2026-03-09 13:44:38,976 - utils.logger2026-03-09-13.44.27 - INFO - Cur epoch 3 loss TA:0.9771 TV:0.9741 VA:1.9508 CE:2.8625
2026-03-09 13:44:39,268 - utils.logger2026-03-09-13.44.27 - INFO - saving the model at the end of epoch 3, iters 84
2026-03-09 13:44:39,663 - utils.logger2026-03-09-13.44.27 - INFO - End of training epoch 3 / 40 	 Time Taken: 2 sec
2026-03-09 13:44:39,664 - utils.logger2026-03-09-13.44.27 - INFO - learning rate = 0.0002000
2026-03-09 13:44:40,208 - utils.logger2026-03-09-13.44.27 - INFO - Val result of epoch 3 / 40 mae 1.0352 corr 0.4888 f1 0.7403
2026-03-09 13:44:40,713 - utils.logger2026-03-09-13.44.27 - INFO - Tst result of epoch 3 / 40 mae 1.0869 corr 0.6365 f1 0.7345
2026-03-09 13:44:41,595 - utils.logger2026-03-09-13.44.27 - INFO - Cur epoch 4 loss TA:0.9436 TV:0.9329 VA:1.8492 CE:2.0516
2026-03-09 13:44:42,308 - utils.logger2026-03-09-13.44.27 - INFO - Cur epoch 4 loss TA:0.9362 TV:0.9430 VA:1.8506 CE:1.9763
2026-03-09 13:44:42,846 - utils.logger2026-03-09-13.44.27 - INFO - Cur epoch 4 loss TA:0.9378 TV:0.9313 VA:1.8441 CE:1.8595
2026-03-09 13:44:43,034 - utils.logger2026-03-09-13.44.27 - INFO - saving the model at the end of epoch 4, iters 112
2026-03-09 13:44:43,573 - utils.logger2026-03-09-13.44.27 - INFO - End of training epoch 4 / 40 	 Time Taken: 2 sec
2026-03-09 13:44:43,573 - utils.logger2026-03-09-13.44.27 - INFO - learning rate = 0.0002000
2026-03-09 13:44:44,063 - utils.logger2026-03-09-13.44.27 - INFO - Val result of epoch 4 / 40 mae 1.0020 corr 0.5707 f1 0.7384
2026-03-09 13:44:44,552 - utils.logger2026-03-09-13.44.27 - INFO - Tst result of epoch 4 / 40 mae 1.0503 corr 0.6690 f1 0.7864
2026-03-09 13:44:45,847 - utils.logger2026-03-09-13.44.27 - INFO - Cur epoch 5 loss TA:0.9177 TV:0.9171 VA:1.8006 CE:1.8465
2026-03-09 13:44:46,482 - utils.logger2026-03-09-13.44.27 - INFO - Cur epoch 5 loss TA:0.9112 TV:0.9048 VA:1.7902 CE:2.0804
2026-03-09 13:44:47,055 - utils.logger2026-03-09-13.44.27 - INFO - Cur epoch 5 loss TA:0.6652 TV:0.6400 VA:1.2564 CE:1.8270
2026-03-09 13:44:47,103 - utils.logger2026-03-09-13.44.27 - INFO - saving the model at the end of epoch 5, iters 140
2026-03-09 13:44:47,339 - utils.logger2026-03-09-13.44.27 - INFO - End of training epoch 5 / 40 	 Time Taken: 2 sec
2026-03-09 13:44:47,339 - utils.logger2026-03-09-13.44.27 - INFO - learning rate = 0.0002000
2026-03-09 13:44:47,843 - utils.logger2026-03-09-13.44.27 - INFO - Val result of epoch 5 / 40 mae 0.9556 corr 0.5994 f1 0.7300
2026-03-09 13:44:48,494 - utils.logger2026-03-09-13.44.27 - INFO - Tst result of epoch 5 / 40 mae 0.9887 corr 0.6777 f1 0.7649
2026-03-09 13:44:49,487 - utils.logger2026-03-09-13.44.27 - INFO - Cur epoch 6 loss TA:0.8849 TV:0.8760 VA:1.7154 CE:1.6233
2026-03-09 13:44:50,142 - utils.logger2026-03-09-13.44.27 - INFO - Cur epoch 6 loss TA:0.9129 TV:0.9072 VA:1.7581 CE:1.6464
2026-03-09 13:44:51,026 - utils.logger2026-03-09-13.44.27 - INFO - saving the model at the end of epoch 6, iters 168
2026-03-09 13:44:51,232 - utils.logger2026-03-09-13.44.27 - INFO - End of training epoch 6 / 40 	 Time Taken: 2 sec
2026-03-09 13:44:51,232 - utils.logger2026-03-09-13.44.27 - INFO - learning rate = 0.0002000
2026-03-09 13:44:51,775 - utils.logger2026-03-09-13.44.27 - INFO - Val result of epoch 6 / 40 mae 0.9331 corr 0.5981 f1 0.7311
2026-03-09 13:44:52,269 - utils.logger2026-03-09-13.44.27 - INFO - Tst result of epoch 6 / 40 mae 0.9321 corr 0.6908 f1 0.7829
2026-03-09 13:44:52,991 - utils.logger2026-03-09-13.44.27 - INFO - Cur epoch 7 loss TA:0.8861 TV:0.8816 VA:1.6621 CE:1.4383
2026-03-09 13:44:54,018 - utils.logger2026-03-09-13.44.27 - INFO - Cur epoch 7 loss TA:0.8660 TV:0.8420 VA:1.6538 CE:1.3204
2026-03-09 13:44:54,981 - utils.logger2026-03-09-13.44.27 - INFO - Cur epoch 7 loss TA:0.8860 TV:0.8856 VA:1.6710 CE:1.7005
2026-03-09 13:44:55,383 - utils.logger2026-03-09-13.44.27 - INFO - saving the model at the end of epoch 7, iters 196
2026-03-09 13:44:55,627 - utils.logger2026-03-09-13.44.27 - INFO - End of training epoch 7 / 40 	 Time Taken: 3 sec
2026-03-09 13:44:55,627 - utils.logger2026-03-09-13.44.27 - INFO - learning rate = 0.0002000
2026-03-09 13:44:56,075 - utils.logger2026-03-09-13.44.27 - INFO - Val result of epoch 7 / 40 mae 0.8875 corr 0.6146 f1 0.7672
2026-03-09 13:44:56,587 - utils.logger2026-03-09-13.44.27 - INFO - Tst result of epoch 7 / 40 mae 0.8897 corr 0.7026 f1 0.7863
2026-03-09 13:44:57,420 - utils.logger2026-03-09-13.44.27 - INFO - Cur epoch 8 loss TA:0.8540 TV:0.8397 VA:1.6131 CE:1.2468
2026-03-09 13:44:58,153 - utils.logger2026-03-09-13.44.27 - INFO - Cur epoch 8 loss TA:0.8207 TV:0.8299 VA:1.5880 CE:1.5754
2026-03-09 13:44:58,973 - utils.logger2026-03-09-13.44.27 - INFO - Cur epoch 8 loss TA:0.8501 TV:0.8663 VA:1.6122 CE:1.1817
2026-03-09 13:44:59,400 - utils.logger2026-03-09-13.44.27 - INFO - saving the model at the end of epoch 8, iters 224
2026-03-09 13:44:59,699 - utils.logger2026-03-09-13.44.27 - INFO - End of training epoch 8 / 40 	 Time Taken: 3 sec
2026-03-09 13:44:59,700 - utils.logger2026-03-09-13.44.27 - INFO - learning rate = 0.0002000
2026-03-09 13:45:00,214 - utils.logger2026-03-09-13.44.27 - INFO - Val result of epoch 8 / 40 mae 0.8846 corr 0.6238 f1 0.7626
2026-03-09 13:45:00,843 - utils.logger2026-03-09-13.44.27 - INFO - Tst result of epoch 8 / 40 mae 0.8512 corr 0.7283 f1 0.8090
2026-03-09 13:45:01,881 - utils.logger2026-03-09-13.44.27 - INFO - Cur epoch 9 loss TA:0.8308 TV:0.8426 VA:1.5467 CE:1.4127
2026-03-09 13:45:02,906 - utils.logger2026-03-09-13.44.27 - INFO - Cur epoch 9 loss TA:0.8251 TV:0.8057 VA:1.5227 CE:1.0942
2026-03-09 13:45:03,813 - utils.logger2026-03-09-13.44.27 - INFO - Cur epoch 9 loss TA:0.8530 TV:0.8576 VA:1.6436 CE:0.7798
2026-03-09 13:45:03,993 - utils.logger2026-03-09-13.44.27 - INFO - saving the model at the end of epoch 9, iters 252
2026-03-09 13:45:04,381 - utils.logger2026-03-09-13.44.27 - INFO - End of training epoch 9 / 40 	 Time Taken: 3 sec
2026-03-09 13:45:04,381 - utils.logger2026-03-09-13.44.27 - INFO - learning rate = 0.0002000
2026-03-09 13:45:04,896 - utils.logger2026-03-09-13.44.27 - INFO - Val result of epoch 9 / 40 mae 0.8694 corr 0.6283 f1 0.7772
2026-03-09 13:45:05,449 - utils.logger2026-03-09-13.44.27 - INFO - Tst result of epoch 9 / 40 mae 0.8202 corr 0.7334 f1 0.8227
2026-03-09 13:45:06,499 - utils.logger2026-03-09-13.44.27 - INFO - Cur epoch 10 loss TA:0.7737 TV:0.7776 VA:1.4638 CE:0.8680
2026-03-09 13:45:07,144 - utils.logger2026-03-09-13.44.27 - INFO - Cur epoch 10 loss TA:0.8053 TV:0.7960 VA:1.4686 CE:0.9393
2026-03-09 13:45:07,789 - utils.logger2026-03-09-13.44.27 - INFO - Cur epoch 10 loss TA:0.5935 TV:0.5865 VA:1.0127 CE:0.9584
2026-03-09 13:45:07,897 - utils.logger2026-03-09-13.44.27 - INFO - saving the model at the end of epoch 10, iters 280
2026-03-09 13:45:08,421 - utils.logger2026-03-09-13.44.27 - INFO - End of training epoch 10 / 40 	 Time Taken: 2 sec
2026-03-09 13:45:08,422 - utils.logger2026-03-09-13.44.27 - INFO - learning rate = 0.0002000
2026-03-09 13:45:08,974 - utils.logger2026-03-09-13.44.27 - INFO - Val result of epoch 10 / 40 mae 0.9075 corr 0.6337 f1 0.7542
2026-03-09 13:45:09,601 - utils.logger2026-03-09-13.44.27 - INFO - Tst result of epoch 10 / 40 mae 0.8714 corr 0.7263 f1 0.8141
2026-03-09 13:45:11,096 - utils.logger2026-03-09-13.44.27 - INFO - Cur epoch 11 loss TA:0.7880 TV:0.8010 VA:1.4581 CE:1.2041
2026-03-09 13:45:12,193 - utils.logger2026-03-09-13.44.27 - INFO - Cur epoch 11 loss TA:0.8007 TV:0.8089 VA:1.4814 CE:0.9231
2026-03-09 13:45:12,917 - utils.logger2026-03-09-13.44.27 - INFO - saving the model at the end of epoch 11, iters 308
2026-03-09 13:45:13,171 - utils.logger2026-03-09-13.44.27 - INFO - End of training epoch 11 / 40 	 Time Taken: 3 sec
2026-03-09 13:45:13,171 - utils.logger2026-03-09-13.44.27 - INFO - learning rate = 0.0002000
2026-03-09 13:45:13,724 - utils.logger2026-03-09-13.44.27 - INFO - Val result of epoch 11 / 40 mae 0.8534 corr 0.6221 f1 0.8037
2026-03-09 13:45:14,230 - utils.logger2026-03-09-13.44.27 - INFO - Tst result of epoch 11 / 40 mae 0.8389 corr 0.7257 f1 0.8012
2026-03-09 13:45:14,973 - utils.logger2026-03-09-13.44.27 - INFO - Cur epoch 12 loss TA:0.7517 TV:0.7427 VA:1.4108 CE:0.8092
2026-03-09 13:45:15,765 - utils.logger2026-03-09-13.44.27 - INFO - Cur epoch 12 loss TA:0.7492 TV:0.7532 VA:1.4588 CE:1.0249
2026-03-09 13:45:16,379 - utils.logger2026-03-09-13.44.27 - INFO - Cur epoch 12 loss TA:0.7244 TV:0.7309 VA:1.3340 CE:0.5920
2026-03-09 13:45:16,794 - utils.logger2026-03-09-13.44.27 - INFO - saving the model at the end of epoch 12, iters 336
2026-03-09 13:45:17,057 - utils.logger2026-03-09-13.44.27 - INFO - End of training epoch 12 / 40 	 Time Taken: 2 sec
2026-03-09 13:45:17,058 - utils.logger2026-03-09-13.44.27 - INFO - learning rate = 0.0002000
2026-03-09 13:45:17,567 - utils.logger2026-03-09-13.44.27 - INFO - Val result of epoch 12 / 40 mae 0.8408 corr 0.6406 f1 0.8073
2026-03-09 13:45:18,088 - utils.logger2026-03-09-13.44.27 - INFO - Tst result of epoch 12 / 40 mae 0.8147 corr 0.7266 f1 0.8097
2026-03-09 13:45:19,042 - utils.logger2026-03-09-13.44.27 - INFO - Cur epoch 13 loss TA:0.7409 TV:0.7400 VA:1.3487 CE:0.5468
2026-03-09 13:45:20,095 - utils.logger2026-03-09-13.44.27 - INFO - Cur epoch 13 loss TA:0.7884 TV:0.8030 VA:1.4054 CE:0.6091
2026-03-09 13:45:21,133 - utils.logger2026-03-09-13.44.27 - INFO - Cur epoch 13 loss TA:0.7150 TV:0.7402 VA:1.3677 CE:0.6282
2026-03-09 13:45:21,597 - utils.logger2026-03-09-13.44.27 - INFO - saving the model at the end of epoch 13, iters 364
2026-03-09 13:45:21,931 - utils.logger2026-03-09-13.44.27 - INFO - End of training epoch 13 / 40 	 Time Taken: 3 sec
2026-03-09 13:45:21,931 - utils.logger2026-03-09-13.44.27 - INFO - learning rate = 0.0002000
2026-03-09 13:45:22,381 - utils.logger2026-03-09-13.44.27 - INFO - Val result of epoch 13 / 40 mae 0.8557 corr 0.6231 f1 0.7946
2026-03-09 13:45:22,956 - utils.logger2026-03-09-13.44.27 - INFO - Tst result of epoch 13 / 40 mae 0.8216 corr 0.7269 f1 0.7885
2026-03-09 13:45:23,774 - utils.logger2026-03-09-13.44.27 - INFO - Cur epoch 14 loss TA:0.6807 TV:0.6970 VA:1.2843 CE:0.6164
2026-03-09 13:45:24,763 - utils.logger2026-03-09-13.44.27 - INFO - Cur epoch 14 loss TA:0.7320 TV:0.7447 VA:1.3451 CE:0.6127
2026-03-09 13:45:25,441 - utils.logger2026-03-09-13.44.27 - INFO - Cur epoch 14 loss TA:0.7260 TV:0.7329 VA:1.3451 CE:0.7577
2026-03-09 13:45:25,706 - utils.logger2026-03-09-13.44.27 - INFO - saving the model at the end of epoch 14, iters 392
2026-03-09 13:45:26,045 - utils.logger2026-03-09-13.44.27 - INFO - End of training epoch 14 / 40 	 Time Taken: 3 sec
2026-03-09 13:45:26,045 - utils.logger2026-03-09-13.44.27 - INFO - learning rate = 0.0002000
2026-03-09 13:45:26,548 - utils.logger2026-03-09-13.44.27 - INFO - Val result of epoch 14 / 40 mae 0.8622 corr 0.6466 f1 0.7916
2026-03-09 13:45:27,022 - utils.logger2026-03-09-13.44.27 - INFO - Tst result of epoch 14 / 40 mae 0.8336 corr 0.7322 f1 0.8045
2026-03-09 13:45:28,238 - utils.logger2026-03-09-13.44.27 - INFO - Cur epoch 15 loss TA:0.7515 TV:0.7369 VA:1.2727 CE:0.5452
2026-03-09 13:45:29,341 - utils.logger2026-03-09-13.44.27 - INFO - Cur epoch 15 loss TA:0.7106 TV:0.7013 VA:1.2624 CE:0.7945
2026-03-09 13:45:30,323 - utils.logger2026-03-09-13.44.27 - INFO - Cur epoch 15 loss TA:0.4227 TV:0.4573 VA:0.7168 CE:0.3202
2026-03-09 13:45:30,390 - utils.logger2026-03-09-13.44.27 - INFO - saving the model at the end of epoch 15, iters 420
2026-03-09 13:45:30,640 - utils.logger2026-03-09-13.44.27 - INFO - End of training epoch 15 / 40 	 Time Taken: 3 sec
2026-03-09 13:45:30,641 - utils.logger2026-03-09-13.44.27 - INFO - learning rate = 0.0002000
2026-03-09 13:45:31,113 - utils.logger2026-03-09-13.44.27 - INFO - Val result of epoch 15 / 40 mae 0.8315 corr 0.6361 f1 0.7971
2026-03-09 13:45:31,659 - utils.logger2026-03-09-13.44.27 - INFO - Tst result of epoch 15 / 40 mae 0.8059 corr 0.7304 f1 0.8012
2026-03-09 13:45:32,893 - utils.logger2026-03-09-13.44.27 - INFO - Cur epoch 16 loss TA:0.6945 TV:0.6959 VA:1.3111 CE:0.5403
2026-03-09 13:45:33,503 - utils.logger2026-03-09-13.44.27 - INFO - Cur epoch 16 loss TA:0.7267 TV:0.7334 VA:1.2847 CE:0.4910
2026-03-09 13:45:34,425 - utils.logger2026-03-09-13.44.27 - INFO - saving the model at the end of epoch 16, iters 448
2026-03-09 13:45:34,689 - utils.logger2026-03-09-13.44.27 - INFO - End of training epoch 16 / 40 	 Time Taken: 3 sec
2026-03-09 13:45:34,689 - utils.logger2026-03-09-13.44.27 - INFO - learning rate = 0.0002000
2026-03-09 13:45:35,158 - utils.logger2026-03-09-13.44.27 - INFO - Val result of epoch 16 / 40 mae 0.8357 corr 0.6486 f1 0.7917
2026-03-09 13:45:35,664 - utils.logger2026-03-09-13.44.27 - INFO - Tst result of epoch 16 / 40 mae 0.8183 corr 0.7279 f1 0.8227
2026-03-09 13:45:36,268 - utils.logger2026-03-09-13.44.27 - INFO - Cur epoch 17 loss TA:0.6814 TV:0.6816 VA:1.2326 CE:0.4611
2026-03-09 13:45:37,353 - utils.logger2026-03-09-13.44.27 - INFO - Cur epoch 17 loss TA:0.6857 TV:0.6880 VA:1.2554 CE:0.3877
2026-03-09 13:45:38,328 - utils.logger2026-03-09-13.44.27 - INFO - Cur epoch 17 loss TA:0.6689 TV:0.6809 VA:1.2520 CE:0.4555
2026-03-09 13:45:38,863 - utils.logger2026-03-09-13.44.27 - INFO - saving the model at the end of epoch 17, iters 476
2026-03-09 13:45:39,121 - utils.logger2026-03-09-13.44.27 - INFO - End of training epoch 17 / 40 	 Time Taken: 3 sec
2026-03-09 13:45:39,121 - utils.logger2026-03-09-13.44.27 - INFO - learning rate = 0.0002000
2026-03-09 13:45:39,570 - utils.logger2026-03-09-13.44.27 - INFO - Val result of epoch 17 / 40 mae 0.8206 corr 0.6506 f1 0.8166
2026-03-09 13:45:40,062 - utils.logger2026-03-09-13.44.27 - INFO - Tst result of epoch 17 / 40 mae 0.8030 corr 0.7338 f1 0.8058
2026-03-09 13:45:40,899 - utils.logger2026-03-09-13.44.27 - INFO - Cur epoch 18 loss TA:0.6129 TV:0.6249 VA:1.1511 CE:0.5143
2026-03-09 13:45:41,657 - utils.logger2026-03-09-13.44.27 - INFO - Cur epoch 18 loss TA:0.6859 TV:0.7026 VA:1.1909 CE:0.5186
2026-03-09 13:45:42,268 - utils.logger2026-03-09-13.44.27 - INFO - Cur epoch 18 loss TA:0.6299 TV:0.6613 VA:1.2040 CE:0.4129
2026-03-09 13:45:42,554 - utils.logger2026-03-09-13.44.27 - INFO - saving the model at the end of epoch 18, iters 504
2026-03-09 13:45:42,834 - utils.logger2026-03-09-13.44.27 - INFO - End of training epoch 18 / 40 	 Time Taken: 2 sec
2026-03-09 13:45:42,835 - utils.logger2026-03-09-13.44.27 - INFO - learning rate = 0.0002000
2026-03-09 13:45:43,327 - utils.logger2026-03-09-13.44.27 - INFO - Val result of epoch 18 / 40 mae 0.8566 corr 0.6455 f1 0.7820
2026-03-09 13:45:43,793 - utils.logger2026-03-09-13.44.27 - INFO - Tst result of epoch 18 / 40 mae 0.8146 corr 0.7425 f1 0.8181
2026-03-09 13:45:44,759 - utils.logger2026-03-09-13.44.27 - INFO - Cur epoch 19 loss TA:0.6748 TV:0.6962 VA:1.2129 CE:0.4335
2026-03-09 13:45:46,110 - utils.logger2026-03-09-13.44.27 - INFO - Cur epoch 19 loss TA:0.6245 TV:0.6399 VA:1.1704 CE:0.4569
2026-03-09 13:45:47,169 - utils.logger2026-03-09-13.44.27 - INFO - Cur epoch 19 loss TA:0.6828 TV:0.6815 VA:1.1690 CE:0.4833
2026-03-09 13:45:47,421 - utils.logger2026-03-09-13.44.27 - INFO - saving the model at the end of epoch 19, iters 532
2026-03-09 13:45:47,656 - utils.logger2026-03-09-13.44.27 - INFO - End of training epoch 19 / 40 	 Time Taken: 3 sec
2026-03-09 13:45:47,656 - utils.logger2026-03-09-13.44.27 - INFO - learning rate = 0.0002000
2026-03-09 13:45:48,114 - utils.logger2026-03-09-13.44.27 - INFO - Val result of epoch 19 / 40 mae 0.8353 corr 0.6562 f1 0.8076
2026-03-09 13:45:48,559 - utils.logger2026-03-09-13.44.27 - INFO - Tst result of epoch 19 / 40 mae 0.8026 corr 0.7406 f1 0.8283
2026-03-09 13:45:49,651 - utils.logger2026-03-09-13.44.27 - INFO - Cur epoch 20 loss TA:0.6504 TV:0.6520 VA:1.1620 CE:0.2730
2026-03-09 13:45:50,243 - utils.logger2026-03-09-13.44.27 - INFO - Cur epoch 20 loss TA:0.6331 TV:0.6461 VA:1.2019 CE:0.4195
2026-03-09 13:45:50,812 - utils.logger2026-03-09-13.44.27 - INFO - Cur epoch 20 loss TA:0.3732 TV:0.4007 VA:0.5706 CE:0.4621
2026-03-09 13:45:50,859 - utils.logger2026-03-09-13.44.27 - INFO - saving the model at the end of epoch 20, iters 560
2026-03-09 13:45:51,559 - utils.logger2026-03-09-13.44.27 - INFO - End of training epoch 20 / 40 	 Time Taken: 2 sec
2026-03-09 13:45:51,559 - utils.logger2026-03-09-13.44.27 - INFO - learning rate = 0.0001905
2026-03-09 13:45:51,984 - utils.logger2026-03-09-13.44.27 - INFO - Val result of epoch 20 / 40 mae 0.8575 corr 0.6587 f1 0.7917
2026-03-09 13:45:52,627 - utils.logger2026-03-09-13.44.27 - INFO - Tst result of epoch 20 / 40 mae 0.8408 corr 0.7332 f1 0.7999
2026-03-09 13:45:53,895 - utils.logger2026-03-09-13.44.27 - INFO - Cur epoch 21 loss TA:0.6359 TV:0.6424 VA:1.1205 CE:0.3187
2026-03-09 13:45:54,887 - utils.logger2026-03-09-13.44.27 - INFO - Cur epoch 21 loss TA:0.6201 TV:0.6329 VA:1.1325 CE:0.3475
2026-03-09 13:45:55,817 - utils.logger2026-03-09-13.44.27 - INFO - saving the model at the end of epoch 21, iters 588
2026-03-09 13:45:55,982 - utils.logger2026-03-09-13.44.27 - INFO - End of training epoch 21 / 40 	 Time Taken: 3 sec
2026-03-09 13:45:55,982 - utils.logger2026-03-09-13.44.27 - INFO - learning rate = 0.0001810
2026-03-09 13:45:56,605 - utils.logger2026-03-09-13.44.27 - INFO - Val result of epoch 21 / 40 mae 0.8406 corr 0.6462 f1 0.7896
2026-03-09 13:45:57,122 - utils.logger2026-03-09-13.44.27 - INFO - Tst result of epoch 21 / 40 mae 0.8024 corr 0.7352 f1 0.8069
2026-03-09 13:45:57,795 - utils.logger2026-03-09-13.44.27 - INFO - Cur epoch 22 loss TA:0.5918 TV:0.5939 VA:1.1420 CE:0.3362
2026-03-09 13:45:58,496 - utils.logger2026-03-09-13.44.27 - INFO - Cur epoch 22 loss TA:0.6208 TV:0.6147 VA:1.1294 CE:0.3716
2026-03-09 13:45:59,231 - utils.logger2026-03-09-13.44.27 - INFO - Cur epoch 22 loss TA:0.6051 TV:0.6102 VA:1.1468 CE:0.2891
2026-03-09 13:45:59,627 - utils.logger2026-03-09-13.44.27 - INFO - saving the model at the end of epoch 22, iters 616
2026-03-09 13:45:59,866 - utils.logger2026-03-09-13.44.27 - INFO - End of training epoch 22 / 40 	 Time Taken: 2 sec
2026-03-09 13:45:59,867 - utils.logger2026-03-09-13.44.27 - INFO - learning rate = 0.0001714
2026-03-09 13:46:00,451 - utils.logger2026-03-09-13.44.27 - INFO - Val result of epoch 22 / 40 mae 0.8365 corr 0.6520 f1 0.7887
2026-03-09 13:46:00,941 - utils.logger2026-03-09-13.44.27 - INFO - Tst result of epoch 22 / 40 mae 0.7997 corr 0.7343 f1 0.8159
2026-03-09 13:46:01,603 - utils.logger2026-03-09-13.44.27 - INFO - Cur epoch 23 loss TA:0.6254 TV:0.6245 VA:1.1233 CE:0.2821
2026-03-09 13:46:02,725 - utils.logger2026-03-09-13.44.27 - INFO - Cur epoch 23 loss TA:0.6160 TV:0.6261 VA:1.1901 CE:0.3329
2026-03-09 13:46:03,835 - utils.logger2026-03-09-13.44.27 - INFO - Cur epoch 23 loss TA:0.5682 TV:0.5768 VA:1.0837 CE:0.3936
2026-03-09 13:46:04,304 - utils.logger2026-03-09-13.44.27 - INFO - saving the model at the end of epoch 23, iters 644
2026-03-09 13:46:04,760 - utils.logger2026-03-09-13.44.27 - INFO - End of training epoch 23 / 40 	 Time Taken: 3 sec
2026-03-09 13:46:04,760 - utils.logger2026-03-09-13.44.27 - INFO - learning rate = 0.0001619
2026-03-09 13:46:05,241 - utils.logger2026-03-09-13.44.27 - INFO - Val result of epoch 23 / 40 mae 0.8371 corr 0.6638 f1 0.7716
2026-03-09 13:46:05,783 - utils.logger2026-03-09-13.44.27 - INFO - Tst result of epoch 23 / 40 mae 0.8076 corr 0.7314 f1 0.8078
2026-03-09 13:46:06,682 - utils.logger2026-03-09-13.44.27 - INFO - Cur epoch 24 loss TA:0.5696 TV:0.5754 VA:1.0771 CE:0.2525
2026-03-09 13:46:07,487 - utils.logger2026-03-09-13.44.27 - INFO - Cur epoch 24 loss TA:0.6035 TV:0.5931 VA:1.0936 CE:0.3806
2026-03-09 13:46:08,045 - utils.logger2026-03-09-13.44.27 - INFO - Cur epoch 24 loss TA:0.5742 TV:0.5809 VA:1.0960 CE:0.2454
2026-03-09 13:46:08,233 - utils.logger2026-03-09-13.44.27 - INFO - saving the model at the end of epoch 24, iters 672
2026-03-09 13:46:08,544 - utils.logger2026-03-09-13.44.27 - INFO - End of training epoch 24 / 40 	 Time Taken: 2 sec
2026-03-09 13:46:08,544 - utils.logger2026-03-09-13.44.27 - INFO - learning rate = 0.0001524
2026-03-09 13:46:09,046 - utils.logger2026-03-09-13.44.27 - INFO - Val result of epoch 24 / 40 mae 0.8569 corr 0.6494 f1 0.7723
2026-03-09 13:46:09,539 - utils.logger2026-03-09-13.44.27 - INFO - Tst result of epoch 24 / 40 mae 0.7996 corr 0.7567 f1 0.8182
2026-03-09 13:46:10,584 - utils.logger2026-03-09-13.44.27 - INFO - Cur epoch 25 loss TA:0.5593 TV:0.5804 VA:1.0726 CE:0.3253
2026-03-09 13:46:11,372 - utils.logger2026-03-09-13.44.27 - INFO - Cur epoch 25 loss TA:0.5416 TV:0.5477 VA:1.0344 CE:0.2223
2026-03-09 13:46:11,976 - utils.logger2026-03-09-13.44.27 - INFO - Cur epoch 25 loss TA:0.2724 TV:0.2708 VA:0.4859 CE:0.4440
2026-03-09 13:46:12,038 - utils.logger2026-03-09-13.44.27 - INFO - saving the model at the end of epoch 25, iters 700
2026-03-09 13:46:12,193 - utils.logger2026-03-09-13.44.27 - INFO - End of training epoch 25 / 40 	 Time Taken: 2 sec
2026-03-09 13:46:12,194 - utils.logger2026-03-09-13.44.27 - INFO - learning rate = 0.0001429
2026-03-09 13:46:12,838 - utils.logger2026-03-09-13.44.27 - INFO - Val result of epoch 25 / 40 mae 0.8241 corr 0.6606 f1 0.7887
2026-03-09 13:46:13,386 - utils.logger2026-03-09-13.44.27 - INFO - Tst result of epoch 25 / 40 mae 0.7833 corr 0.7444 f1 0.8018
2026-03-09 13:46:14,548 - utils.logger2026-03-09-13.44.27 - INFO - Cur epoch 26 loss TA:0.5513 TV:0.5580 VA:1.0549 CE:0.2495
2026-03-09 13:46:15,136 - utils.logger2026-03-09-13.44.27 - INFO - Cur epoch 26 loss TA:0.5660 TV:0.5809 VA:1.0646 CE:0.2587
2026-03-09 13:46:15,806 - utils.logger2026-03-09-13.44.27 - INFO - saving the model at the end of epoch 26, iters 728
2026-03-09 13:46:16,045 - utils.logger2026-03-09-13.44.27 - INFO - End of training epoch 26 / 40 	 Time Taken: 2 sec
2026-03-09 13:46:16,045 - utils.logger2026-03-09-13.44.27 - INFO - learning rate = 0.0001333
2026-03-09 13:46:16,584 - utils.logger2026-03-09-13.44.27 - INFO - Val result of epoch 26 / 40 mae 0.8169 corr 0.6659 f1 0.8076
2026-03-09 13:46:17,094 - utils.logger2026-03-09-13.44.27 - INFO - Tst result of epoch 26 / 40 mae 0.7965 corr 0.7335 f1 0.8015
2026-03-09 13:46:17,645 - utils.logger2026-03-09-13.44.27 - INFO - Cur epoch 27 loss TA:0.5755 TV:0.5918 VA:1.0794 CE:0.2386
2026-03-09 13:46:18,261 - utils.logger2026-03-09-13.44.27 - INFO - Cur epoch 27 loss TA:0.5699 TV:0.5830 VA:1.0656 CE:0.2566
2026-03-09 13:46:19,095 - utils.logger2026-03-09-13.44.27 - INFO - Cur epoch 27 loss TA:0.5944 TV:0.6205 VA:1.1077 CE:0.3155
2026-03-09 13:46:19,495 - utils.logger2026-03-09-13.44.27 - INFO - saving the model at the end of epoch 27, iters 756
2026-03-09 13:46:19,646 - utils.logger2026-03-09-13.44.27 - INFO - End of training epoch 27 / 40 	 Time Taken: 2 sec
2026-03-09 13:46:19,646 - utils.logger2026-03-09-13.44.27 - INFO - learning rate = 0.0001238
2026-03-09 13:46:20,200 - utils.logger2026-03-09-13.44.27 - INFO - Val result of epoch 27 / 40 mae 0.8243 corr 0.6678 f1 0.7710
2026-03-09 13:46:20,756 - utils.logger2026-03-09-13.44.27 - INFO - Tst result of epoch 27 / 40 mae 0.8016 corr 0.7380 f1 0.8083
2026-03-09 13:46:21,511 - utils.logger2026-03-09-13.44.27 - INFO - Cur epoch 28 loss TA:0.5971 TV:0.6059 VA:1.0834 CE:0.2570
2026-03-09 13:46:22,081 - utils.logger2026-03-09-13.44.27 - INFO - Cur epoch 28 loss TA:0.5770 TV:0.5883 VA:1.0258 CE:0.1957
2026-03-09 13:46:22,706 - utils.logger2026-03-09-13.44.27 - INFO - Cur epoch 28 loss TA:0.5471 TV:0.5650 VA:1.0923 CE:0.2831
2026-03-09 13:46:22,963 - utils.logger2026-03-09-13.44.27 - INFO - saving the model at the end of epoch 28, iters 784
2026-03-09 13:46:23,130 - utils.logger2026-03-09-13.44.27 - INFO - End of training epoch 28 / 40 	 Time Taken: 2 sec
2026-03-09 13:46:23,131 - utils.logger2026-03-09-13.44.27 - INFO - learning rate = 0.0001143
2026-03-09 13:46:23,691 - utils.logger2026-03-09-13.44.27 - INFO - Val result of epoch 28 / 40 mae 0.8054 corr 0.6798 f1 0.8020
2026-03-09 13:46:24,243 - utils.logger2026-03-09-13.44.27 - INFO - Tst result of epoch 28 / 40 mae 0.7817 corr 0.7491 f1 0.8325
2026-03-09 13:46:25,096 - utils.logger2026-03-09-13.44.27 - INFO - Cur epoch 29 loss TA:0.5567 TV:0.5581 VA:1.0278 CE:0.3017
2026-03-09 13:46:25,682 - utils.logger2026-03-09-13.44.27 - INFO - Cur epoch 29 loss TA:0.5647 TV:0.5753 VA:1.0625 CE:0.2182
2026-03-09 13:46:26,280 - utils.logger2026-03-09-13.44.27 - INFO - Cur epoch 29 loss TA:0.5547 TV:0.5645 VA:1.0873 CE:0.2415
2026-03-09 13:46:26,460 - utils.logger2026-03-09-13.44.27 - INFO - saving the model at the end of epoch 29, iters 812
2026-03-09 13:46:26,693 - utils.logger2026-03-09-13.44.27 - INFO - End of training epoch 29 / 40 	 Time Taken: 2 sec
2026-03-09 13:46:26,693 - utils.logger2026-03-09-13.44.27 - INFO - learning rate = 0.0001048
2026-03-09 13:46:27,177 - utils.logger2026-03-09-13.44.27 - INFO - Val result of epoch 29 / 40 mae 0.8060 corr 0.6760 f1 0.7883
2026-03-09 13:46:27,687 - utils.logger2026-03-09-13.44.27 - INFO - Tst result of epoch 29 / 40 mae 0.7755 corr 0.7499 f1 0.8193
2026-03-09 13:46:28,940 - utils.logger2026-03-09-13.44.27 - INFO - Cur epoch 30 loss TA:0.5888 TV:0.5916 VA:1.0557 CE:0.2136
2026-03-09 13:46:29,984 - utils.logger2026-03-09-13.44.27 - INFO - Cur epoch 30 loss TA:0.5531 TV:0.5668 VA:1.0570 CE:0.2527
2026-03-09 13:46:30,582 - utils.logger2026-03-09-13.44.27 - INFO - Cur epoch 30 loss TA:0.2612 TV:0.2829 VA:0.3681 CE:0.3628
2026-03-09 13:46:30,640 - utils.logger2026-03-09-13.44.27 - INFO - saving the model at the end of epoch 30, iters 840
2026-03-09 13:46:30,873 - utils.logger2026-03-09-13.44.27 - INFO - End of training epoch 30 / 40 	 Time Taken: 3 sec
2026-03-09 13:46:30,873 - utils.logger2026-03-09-13.44.27 - INFO - learning rate = 0.0000952
2026-03-09 13:46:31,400 - utils.logger2026-03-09-13.44.27 - INFO - Val result of epoch 30 / 40 mae 0.8231 corr 0.6707 f1 0.8020
2026-03-09 13:46:31,955 - utils.logger2026-03-09-13.44.27 - INFO - Tst result of epoch 30 / 40 mae 0.7902 corr 0.7545 f1 0.8234
2026-03-09 13:46:33,199 - utils.logger2026-03-09-13.44.27 - INFO - Cur epoch 31 loss TA:0.5349 TV:0.5390 VA:1.0018 CE:0.3194
2026-03-09 13:46:33,767 - utils.logger2026-03-09-13.44.27 - INFO - Cur epoch 31 loss TA:0.5398 TV:0.5500 VA:1.0408 CE:0.2186
2026-03-09 13:46:34,422 - utils.logger2026-03-09-13.44.27 - INFO - saving the model at the end of epoch 31, iters 868
2026-03-09 13:46:34,739 - utils.logger2026-03-09-13.44.27 - INFO - End of training epoch 31 / 40 	 Time Taken: 2 sec
2026-03-09 13:46:34,739 - utils.logger2026-03-09-13.44.27 - INFO - learning rate = 0.0000857
2026-03-09 13:46:35,362 - utils.logger2026-03-09-13.44.27 - INFO - Val result of epoch 31 / 40 mae 0.8249 corr 0.6719 f1 0.7969
2026-03-09 13:46:35,970 - utils.logger2026-03-09-13.44.27 - INFO - Tst result of epoch 31 / 40 mae 0.7907 corr 0.7551 f1 0.8183
2026-03-09 13:46:36,614 - utils.logger2026-03-09-13.44.27 - INFO - Cur epoch 32 loss TA:0.5415 TV:0.5528 VA:1.0549 CE:0.2428
2026-03-09 13:46:37,665 - utils.logger2026-03-09-13.44.27 - INFO - Cur epoch 32 loss TA:0.5377 TV:0.5398 VA:1.0578 CE:0.2694
2026-03-09 13:46:38,648 - utils.logger2026-03-09-13.44.27 - INFO - Cur epoch 32 loss TA:0.5465 TV:0.5560 VA:1.0329 CE:0.1964
2026-03-09 13:46:39,053 - utils.logger2026-03-09-13.44.27 - INFO - saving the model at the end of epoch 32, iters 896
2026-03-09 13:46:39,519 - utils.logger2026-03-09-13.44.27 - INFO - End of training epoch 32 / 40 	 Time Taken: 3 sec
2026-03-09 13:46:39,519 - utils.logger2026-03-09-13.44.27 - INFO - learning rate = 0.0000762
2026-03-09 13:46:40,000 - utils.logger2026-03-09-13.44.27 - INFO - Val result of epoch 32 / 40 mae 0.8245 corr 0.6647 f1 0.7695
2026-03-09 13:46:40,617 - utils.logger2026-03-09-13.44.27 - INFO - Tst result of epoch 32 / 40 mae 0.7797 corr 0.7566 f1 0.8283
2026-03-09 13:46:41,340 - utils.logger2026-03-09-13.44.27 - INFO - Cur epoch 33 loss TA:0.5474 TV:0.5554 VA:1.0073 CE:0.2301
2026-03-09 13:46:41,968 - utils.logger2026-03-09-13.44.27 - INFO - Cur epoch 33 loss TA:0.5179 TV:0.5199 VA:0.9960 CE:0.2815
2026-03-09 13:46:42,542 - utils.logger2026-03-09-13.44.27 - INFO - Cur epoch 33 loss TA:0.5328 TV:0.5393 VA:1.0453 CE:0.2354
2026-03-09 13:46:42,939 - utils.logger2026-03-09-13.44.27 - INFO - saving the model at the end of epoch 33, iters 924
2026-03-09 13:46:43,471 - utils.logger2026-03-09-13.44.27 - INFO - End of training epoch 33 / 40 	 Time Taken: 2 sec
2026-03-09 13:46:43,471 - utils.logger2026-03-09-13.44.27 - INFO - learning rate = 0.0000667
2026-03-09 13:46:43,964 - utils.logger2026-03-09-13.44.27 - INFO - Val result of epoch 33 / 40 mae 0.8034 corr 0.6748 f1 0.7896
2026-03-09 13:46:44,593 - utils.logger2026-03-09-13.44.27 - INFO - Tst result of epoch 33 / 40 mae 0.7756 corr 0.7486 f1 0.8245
2026-03-09 13:46:45,607 - utils.logger2026-03-09-13.44.27 - INFO - Cur epoch 34 loss TA:0.5366 TV:0.5485 VA:1.0032 CE:0.3094
2026-03-09 13:46:46,682 - utils.logger2026-03-09-13.44.27 - INFO - Cur epoch 34 loss TA:0.5284 TV:0.5370 VA:1.0423 CE:0.2255
2026-03-09 13:46:47,543 - utils.logger2026-03-09-13.44.27 - INFO - Cur epoch 34 loss TA:0.5443 TV:0.5548 VA:1.0153 CE:0.2275
2026-03-09 13:46:47,720 - utils.logger2026-03-09-13.44.27 - INFO - saving the model at the end of epoch 34, iters 952
2026-03-09 13:46:47,974 - utils.logger2026-03-09-13.44.27 - INFO - End of training epoch 34 / 40 	 Time Taken: 3 sec
2026-03-09 13:46:47,974 - utils.logger2026-03-09-13.44.27 - INFO - learning rate = 0.0000571
2026-03-09 13:46:48,507 - utils.logger2026-03-09-13.44.27 - INFO - Val result of epoch 34 / 40 mae 0.8241 corr 0.6711 f1 0.7883
2026-03-09 13:46:49,080 - utils.logger2026-03-09-13.44.27 - INFO - Tst result of epoch 34 / 40 mae 0.7903 corr 0.7528 f1 0.8199
2026-03-09 13:46:50,049 - utils.logger2026-03-09-13.44.27 - INFO - Cur epoch 35 loss TA:0.5342 TV:0.5375 VA:1.0027 CE:0.1237
2026-03-09 13:46:50,737 - utils.logger2026-03-09-13.44.27 - INFO - Cur epoch 35 loss TA:0.5351 TV:0.5475 VA:1.0579 CE:0.1868
2026-03-09 13:46:51,782 - utils.logger2026-03-09-13.44.27 - INFO - Cur epoch 35 loss TA:0.2364 TV:0.2642 VA:0.4444 CE:0.1646
2026-03-09 13:46:51,835 - utils.logger2026-03-09-13.44.27 - INFO - saving the model at the end of epoch 35, iters 980
2026-03-09 13:46:52,063 - utils.logger2026-03-09-13.44.27 - INFO - End of training epoch 35 / 40 	 Time Taken: 2 sec
2026-03-09 13:46:52,064 - utils.logger2026-03-09-13.44.27 - INFO - learning rate = 0.0000476
2026-03-09 13:46:52,559 - utils.logger2026-03-09-13.44.27 - INFO - Val result of epoch 35 / 40 mae 0.8187 corr 0.6703 f1 0.7983
2026-03-09 13:46:53,156 - utils.logger2026-03-09-13.44.27 - INFO - Tst result of epoch 35 / 40 mae 0.7868 corr 0.7542 f1 0.8152
2026-03-09 13:46:54,652 - utils.logger2026-03-09-13.44.27 - INFO - Cur epoch 36 loss TA:0.5319 TV:0.5459 VA:1.0365 CE:0.1524
2026-03-09 13:46:55,691 - utils.logger2026-03-09-13.44.27 - INFO - Cur epoch 36 loss TA:0.5427 TV:0.5481 VA:1.0526 CE:0.2201
2026-03-09 13:46:56,266 - utils.logger2026-03-09-13.44.27 - INFO - saving the model at the end of epoch 36, iters 1008
2026-03-09 13:46:56,432 - utils.logger2026-03-09-13.44.27 - INFO - End of training epoch 36 / 40 	 Time Taken: 3 sec
2026-03-09 13:46:56,432 - utils.logger2026-03-09-13.44.27 - INFO - learning rate = 0.0000381
2026-03-09 13:46:56,923 - utils.logger2026-03-09-13.44.27 - INFO - Val result of epoch 36 / 40 mae 0.8081 corr 0.6749 f1 0.7983
2026-03-09 13:46:57,549 - utils.logger2026-03-09-13.44.27 - INFO - Tst result of epoch 36 / 40 mae 0.7759 corr 0.7544 f1 0.8159
2026-03-09 13:46:58,122 - utils.logger2026-03-09-13.44.27 - INFO - Cur epoch 37 loss TA:0.5055 TV:0.5180 VA:0.9900 CE:0.1501
2026-03-09 13:46:58,761 - utils.logger2026-03-09-13.44.27 - INFO - Cur epoch 37 loss TA:0.5163 TV:0.5348 VA:0.9862 CE:0.2252
2026-03-09 13:46:59,534 - utils.logger2026-03-09-13.44.27 - INFO - Cur epoch 37 loss TA:0.5141 TV:0.5182 VA:1.0171 CE:0.1669
2026-03-09 13:47:00,204 - utils.logger2026-03-09-13.44.27 - INFO - saving the model at the end of epoch 37, iters 1036
2026-03-09 13:47:00,441 - utils.logger2026-03-09-13.44.27 - INFO - End of training epoch 37 / 40 	 Time Taken: 2 sec
2026-03-09 13:47:00,442 - utils.logger2026-03-09-13.44.27 - INFO - learning rate = 0.0000286
2026-03-09 13:47:01,032 - utils.logger2026-03-09-13.44.27 - INFO - Val result of epoch 37 / 40 mae 0.8122 corr 0.6748 f1 0.8026
2026-03-09 13:47:01,713 - utils.logger2026-03-09-13.44.27 - INFO - Tst result of epoch 37 / 40 mae 0.7792 corr 0.7536 f1 0.8056
2026-03-09 13:47:02,542 - utils.logger2026-03-09-13.44.27 - INFO - Cur epoch 38 loss TA:0.5212 TV:0.5435 VA:1.0145 CE:0.1430
2026-03-09 13:47:03,574 - utils.logger2026-03-09-13.44.27 - INFO - Cur epoch 38 loss TA:0.5458 TV:0.5536 VA:0.9910 CE:0.1569
2026-03-09 13:47:04,448 - utils.logger2026-03-09-13.44.27 - INFO - Cur epoch 38 loss TA:0.5301 TV:0.5359 VA:1.0280 CE:0.1890
2026-03-09 13:47:04,748 - utils.logger2026-03-09-13.44.27 - INFO - saving the model at the end of epoch 38, iters 1064
2026-03-09 13:47:04,923 - utils.logger2026-03-09-13.44.27 - INFO - End of training epoch 38 / 40 	 Time Taken: 3 sec
2026-03-09 13:47:04,923 - utils.logger2026-03-09-13.44.27 - INFO - learning rate = 0.0000190
2026-03-09 13:47:05,451 - utils.logger2026-03-09-13.44.27 - INFO - Val result of epoch 38 / 40 mae 0.8160 corr 0.6735 f1 0.8026
2026-03-09 13:47:06,026 - utils.logger2026-03-09-13.44.27 - INFO - Tst result of epoch 38 / 40 mae 0.7823 corr 0.7532 f1 0.8009
2026-03-09 13:47:07,113 - utils.logger2026-03-09-13.44.27 - INFO - Cur epoch 39 loss TA:0.5265 TV:0.5335 VA:0.9924 CE:0.2185
2026-03-09 13:47:07,714 - utils.logger2026-03-09-13.44.27 - INFO - Cur epoch 39 loss TA:0.5074 TV:0.5128 VA:0.9737 CE:0.1992
2026-03-09 13:47:08,454 - utils.logger2026-03-09-13.44.27 - INFO - Cur epoch 39 loss TA:0.5183 TV:0.5228 VA:1.0006 CE:0.1727
2026-03-09 13:47:08,720 - utils.logger2026-03-09-13.44.27 - INFO - saving the model at the end of epoch 39, iters 1092
2026-03-09 13:47:08,954 - utils.logger2026-03-09-13.44.27 - INFO - End of training epoch 39 / 40 	 Time Taken: 2 sec
2026-03-09 13:47:08,954 - utils.logger2026-03-09-13.44.27 - INFO - learning rate = 0.0000095
2026-03-09 13:47:09,499 - utils.logger2026-03-09-13.44.27 - INFO - Val result of epoch 39 / 40 mae 0.8126 corr 0.6741 f1 0.8026
2026-03-09 13:47:10,070 - utils.logger2026-03-09-13.44.27 - INFO - Tst result of epoch 39 / 40 mae 0.7773 corr 0.7545 f1 0.8149
2026-03-09 13:47:11,328 - utils.logger2026-03-09-13.44.27 - INFO - Cur epoch 40 loss TA:0.5127 TV:0.5199 VA:1.0079 CE:0.2094
2026-03-09 13:47:12,385 - utils.logger2026-03-09-13.44.27 - INFO - Cur epoch 40 loss TA:0.5084 TV:0.5149 VA:0.9817 CE:0.2109
2026-03-09 13:47:13,322 - utils.logger2026-03-09-13.44.27 - INFO - Cur epoch 40 loss TA:0.2557 TV:0.2438 VA:0.4464 CE:0.1844
2026-03-09 13:47:13,379 - utils.logger2026-03-09-13.44.27 - INFO - saving the model at the end of epoch 40, iters 1120
2026-03-09 13:47:13,598 - utils.logger2026-03-09-13.44.27 - INFO - End of training epoch 40 / 40 	 Time Taken: 3 sec
2026-03-09 13:47:13,598 - utils.logger2026-03-09-13.44.27 - INFO - learning rate = 0.0000000
2026-03-09 13:47:14,091 - utils.logger2026-03-09-13.44.27 - INFO - Val result of epoch 40 / 40 mae 0.8141 corr 0.6746 f1 0.8026
2026-03-09 13:47:14,675 - utils.logger2026-03-09-13.44.27 - INFO - Tst result of epoch 40 / 40 mae 0.7796 corr 0.7541 f1 0.8193
2026-03-09 13:47:14,675 - utils.logger2026-03-09-13.44.27 - INFO - Best eval epoch 29 found with MAE 0.775518
2026-03-09 13:47:14,675 - utils.logger2026-03-09-13.44.27 - INFO - Loading best model found on val set: epoch-29
2026-03-09 13:47:15,824 - utils.logger2026-03-09-13.44.27 - INFO - Tst result mae 0.7755 corr 0.7499 f1 0.8193
