2026-03-09 14:12:19,833 - utils.logger2026-03-09-14.12.19 - INFO - The number of training samples = 1750
2026-03-09 14:12:19,833 - utils.logger2026-03-09-14.12.19 - INFO - The number of testing samples = 224
2026-03-09 14:12:22,875 - utils.logger2026-03-09-14.12.19 - INFO - Cur epoch 1 loss TA:1.0359 TV:1.0330 VA:2.0718 CE:3.9823
2026-03-09 14:12:23,513 - utils.logger2026-03-09-14.12.19 - INFO - Cur epoch 1 loss TA:1.0361 TV:1.0337 VA:2.0662 CE:2.7249
2026-03-09 14:12:24,183 - utils.logger2026-03-09-14.12.19 - INFO - saving the model at the end of epoch 1, iters 28
2026-03-09 14:12:24,497 - utils.logger2026-03-09-14.12.19 - INFO - End of training epoch 1 / 40 	 Time Taken: 4 sec
2026-03-09 14:12:24,497 - utils.logger2026-03-09-14.12.19 - INFO - learning rate = 0.0002000
2026-03-09 14:12:25,278 - utils.logger2026-03-09-14.12.19 - INFO - Val result of epoch 1 / 40 mae 1.1963 corr 0.2398 f1 0.5797
2026-03-09 14:12:26,024 - utils.logger2026-03-09-14.12.19 - INFO - Tst result of epoch 1 / 40 mae 1.3272 corr 0.3906 f1 0.5901
2026-03-09 14:12:26,815 - utils.logger2026-03-09-14.12.19 - INFO - Cur epoch 2 loss TA:1.0253 TV:1.0218 VA:2.0652 CE:2.6388
2026-03-09 14:12:27,747 - utils.logger2026-03-09-14.12.19 - INFO - Cur epoch 2 loss TA:1.0128 TV:1.0098 VA:2.0338 CE:2.3024
2026-03-09 14:12:28,537 - utils.logger2026-03-09-14.12.19 - INFO - Cur epoch 2 loss TA:1.0046 TV:1.0008 VA:2.0224 CE:2.0081
2026-03-09 14:12:29,082 - utils.logger2026-03-09-14.12.19 - INFO - saving the model at the end of epoch 2, iters 56
2026-03-09 14:12:29,503 - utils.logger2026-03-09-14.12.19 - INFO - End of training epoch 2 / 40 	 Time Taken: 3 sec
2026-03-09 14:12:29,503 - utils.logger2026-03-09-14.12.19 - INFO - learning rate = 0.0002000
2026-03-09 14:12:30,283 - utils.logger2026-03-09-14.12.19 - INFO - Val result of epoch 2 / 40 mae 1.1612 corr 0.3057 f1 0.6552
2026-03-09 14:12:31,063 - utils.logger2026-03-09-14.12.19 - INFO - Tst result of epoch 2 / 40 mae 1.2742 corr 0.4864 f1 0.7035
2026-03-09 14:12:32,027 - utils.logger2026-03-09-14.12.19 - INFO - Cur epoch 3 loss TA:0.9814 TV:0.9558 VA:1.9688 CE:2.2980
2026-03-09 14:12:32,822 - utils.logger2026-03-09-14.12.19 - INFO - Cur epoch 3 loss TA:0.9652 TV:0.9602 VA:1.9575 CE:1.6923
2026-03-09 14:12:33,557 - utils.logger2026-03-09-14.12.19 - INFO - Cur epoch 3 loss TA:0.9555 TV:0.9585 VA:1.9483 CE:2.2935
2026-03-09 14:12:33,924 - utils.logger2026-03-09-14.12.19 - INFO - saving the model at the end of epoch 3, iters 84
2026-03-09 14:12:34,258 - utils.logger2026-03-09-14.12.19 - INFO - End of training epoch 3 / 40 	 Time Taken: 3 sec
2026-03-09 14:12:34,258 - utils.logger2026-03-09-14.12.19 - INFO - learning rate = 0.0002000
2026-03-09 14:12:34,978 - utils.logger2026-03-09-14.12.19 - INFO - Val result of epoch 3 / 40 mae 1.0798 corr 0.4589 f1 0.7044
2026-03-09 14:12:35,695 - utils.logger2026-03-09-14.12.19 - INFO - Tst result of epoch 3 / 40 mae 1.1346 corr 0.6363 f1 0.7454
2026-03-09 14:12:36,686 - utils.logger2026-03-09-14.12.19 - INFO - Cur epoch 4 loss TA:0.9350 TV:0.9332 VA:1.8571 CE:1.5780
2026-03-09 14:12:37,379 - utils.logger2026-03-09-14.12.19 - INFO - Cur epoch 4 loss TA:0.9435 TV:0.9452 VA:1.8748 CE:2.3066
2026-03-09 14:12:38,289 - utils.logger2026-03-09-14.12.19 - INFO - Cur epoch 4 loss TA:0.9369 TV:0.9410 VA:1.8471 CE:2.1337
2026-03-09 14:12:38,483 - utils.logger2026-03-09-14.12.19 - INFO - saving the model at the end of epoch 4, iters 112
2026-03-09 14:12:38,899 - utils.logger2026-03-09-14.12.19 - INFO - End of training epoch 4 / 40 	 Time Taken: 3 sec
2026-03-09 14:12:38,899 - utils.logger2026-03-09-14.12.19 - INFO - learning rate = 0.0002000
2026-03-09 14:12:39,560 - utils.logger2026-03-09-14.12.19 - INFO - Val result of epoch 4 / 40 mae 0.9907 corr 0.5364 f1 0.7300
2026-03-09 14:12:40,248 - utils.logger2026-03-09-14.12.19 - INFO - Tst result of epoch 4 / 40 mae 1.0155 corr 0.6583 f1 0.7876
2026-03-09 14:12:41,340 - utils.logger2026-03-09-14.12.19 - INFO - Cur epoch 5 loss TA:0.9144 TV:0.9183 VA:1.7785 CE:2.0818
2026-03-09 14:12:42,191 - utils.logger2026-03-09-14.12.19 - INFO - Cur epoch 5 loss TA:0.9227 TV:0.8984 VA:1.7984 CE:1.6255
2026-03-09 14:12:42,887 - utils.logger2026-03-09-14.12.19 - INFO - Cur epoch 5 loss TA:0.6415 TV:0.6137 VA:1.2245 CE:2.6490
2026-03-09 14:12:42,973 - utils.logger2026-03-09-14.12.19 - INFO - saving the model at the end of epoch 5, iters 140
2026-03-09 14:12:43,301 - utils.logger2026-03-09-14.12.19 - INFO - End of training epoch 5 / 40 	 Time Taken: 3 sec
2026-03-09 14:12:43,301 - utils.logger2026-03-09-14.12.19 - INFO - learning rate = 0.0002000
2026-03-09 14:12:43,969 - utils.logger2026-03-09-14.12.19 - INFO - Val result of epoch 5 / 40 mae 0.9359 corr 0.5862 f1 0.7675
2026-03-09 14:12:44,703 - utils.logger2026-03-09-14.12.19 - INFO - Tst result of epoch 5 / 40 mae 0.9486 corr 0.6978 f1 0.7955
2026-03-09 14:12:46,092 - utils.logger2026-03-09-14.12.19 - INFO - Cur epoch 6 loss TA:0.8955 TV:0.9136 VA:1.7597 CE:2.2169
2026-03-09 14:12:46,812 - utils.logger2026-03-09-14.12.19 - INFO - Cur epoch 6 loss TA:0.9133 TV:0.9130 VA:1.7735 CE:1.3290
2026-03-09 14:12:47,477 - utils.logger2026-03-09-14.12.19 - INFO - saving the model at the end of epoch 6, iters 168
2026-03-09 14:12:47,839 - utils.logger2026-03-09-14.12.19 - INFO - End of training epoch 6 / 40 	 Time Taken: 3 sec
2026-03-09 14:12:47,839 - utils.logger2026-03-09-14.12.19 - INFO - learning rate = 0.0002000
2026-03-09 14:12:48,650 - utils.logger2026-03-09-14.12.19 - INFO - Val result of epoch 6 / 40 mae 0.9058 corr 0.6097 f1 0.7818
2026-03-09 14:12:49,391 - utils.logger2026-03-09-14.12.19 - INFO - Tst result of epoch 6 / 40 mae 0.9130 corr 0.7101 f1 0.8183
2026-03-09 14:12:50,300 - utils.logger2026-03-09-14.12.19 - INFO - Cur epoch 7 loss TA:0.8717 TV:0.8736 VA:1.6766 CE:2.0121
2026-03-09 14:12:51,022 - utils.logger2026-03-09-14.12.19 - INFO - Cur epoch 7 loss TA:0.8640 TV:0.8852 VA:1.6911 CE:1.3372
2026-03-09 14:12:51,756 - utils.logger2026-03-09-14.12.19 - INFO - Cur epoch 7 loss TA:0.8746 TV:0.8818 VA:1.6762 CE:1.5983
2026-03-09 14:12:52,248 - utils.logger2026-03-09-14.12.19 - INFO - saving the model at the end of epoch 7, iters 196
2026-03-09 14:12:52,563 - utils.logger2026-03-09-14.12.19 - INFO - End of training epoch 7 / 40 	 Time Taken: 3 sec
2026-03-09 14:12:52,564 - utils.logger2026-03-09-14.12.19 - INFO - learning rate = 0.0002000
2026-03-09 14:12:53,286 - utils.logger2026-03-09-14.12.19 - INFO - Val result of epoch 7 / 40 mae 0.9159 corr 0.6248 f1 0.7626
2026-03-09 14:12:54,026 - utils.logger2026-03-09-14.12.19 - INFO - Tst result of epoch 7 / 40 mae 0.9184 corr 0.7359 f1 0.8318
2026-03-09 14:12:54,950 - utils.logger2026-03-09-14.12.19 - INFO - Cur epoch 8 loss TA:0.8450 TV:0.8545 VA:1.6081 CE:1.4271
2026-03-09 14:12:55,571 - utils.logger2026-03-09-14.12.19 - INFO - Cur epoch 8 loss TA:0.8625 TV:0.8650 VA:1.6375 CE:1.1901
2026-03-09 14:12:56,297 - utils.logger2026-03-09-14.12.19 - INFO - Cur epoch 8 loss TA:0.8520 TV:0.8658 VA:1.6213 CE:1.1486
2026-03-09 14:12:56,644 - utils.logger2026-03-09-14.12.19 - INFO - saving the model at the end of epoch 8, iters 224
2026-03-09 14:12:56,889 - utils.logger2026-03-09-14.12.19 - INFO - End of training epoch 8 / 40 	 Time Taken: 2 sec
2026-03-09 14:12:56,889 - utils.logger2026-03-09-14.12.19 - INFO - learning rate = 0.0002000
2026-03-09 14:12:57,628 - utils.logger2026-03-09-14.12.19 - INFO - Val result of epoch 8 / 40 mae 0.8655 corr 0.6393 f1 0.7868
2026-03-09 14:12:58,472 - utils.logger2026-03-09-14.12.19 - INFO - Tst result of epoch 8 / 40 mae 0.8520 corr 0.7371 f1 0.8182
2026-03-09 14:12:59,497 - utils.logger2026-03-09-14.12.19 - INFO - Cur epoch 9 loss TA:0.8073 TV:0.8208 VA:1.5288 CE:1.0707
2026-03-09 14:13:00,194 - utils.logger2026-03-09-14.12.19 - INFO - Cur epoch 9 loss TA:0.8197 TV:0.8514 VA:1.5591 CE:1.0959
2026-03-09 14:13:01,096 - utils.logger2026-03-09-14.12.19 - INFO - Cur epoch 9 loss TA:0.8200 TV:0.8364 VA:1.5769 CE:1.0760
2026-03-09 14:13:01,292 - utils.logger2026-03-09-14.12.19 - INFO - saving the model at the end of epoch 9, iters 252
2026-03-09 14:13:01,540 - utils.logger2026-03-09-14.12.19 - INFO - End of training epoch 9 / 40 	 Time Taken: 3 sec
2026-03-09 14:13:01,541 - utils.logger2026-03-09-14.12.19 - INFO - learning rate = 0.0002000
2026-03-09 14:13:02,272 - utils.logger2026-03-09-14.12.19 - INFO - Val result of epoch 9 / 40 mae 0.8989 corr 0.6249 f1 0.7350
2026-03-09 14:13:03,063 - utils.logger2026-03-09-14.12.19 - INFO - Tst result of epoch 9 / 40 mae 0.8641 corr 0.7375 f1 0.8230
2026-03-09 14:13:04,198 - utils.logger2026-03-09-14.12.19 - INFO - Cur epoch 10 loss TA:0.8006 TV:0.8158 VA:1.4814 CE:1.0483
2026-03-09 14:13:05,043 - utils.logger2026-03-09-14.12.19 - INFO - Cur epoch 10 loss TA:0.8007 TV:0.8279 VA:1.5166 CE:1.0854
2026-03-09 14:13:05,784 - utils.logger2026-03-09-14.12.19 - INFO - Cur epoch 10 loss TA:0.6020 TV:0.5531 VA:1.0109 CE:0.8950
2026-03-09 14:13:05,884 - utils.logger2026-03-09-14.12.19 - INFO - saving the model at the end of epoch 10, iters 280
2026-03-09 14:13:06,231 - utils.logger2026-03-09-14.12.19 - INFO - End of training epoch 10 / 40 	 Time Taken: 3 sec
2026-03-09 14:13:06,232 - utils.logger2026-03-09-14.12.19 - INFO - learning rate = 0.0002000
2026-03-09 14:13:06,930 - utils.logger2026-03-09-14.12.19 - INFO - Val result of epoch 10 / 40 mae 0.9109 corr 0.6274 f1 0.7715
2026-03-09 14:13:07,653 - utils.logger2026-03-09-14.12.19 - INFO - Tst result of epoch 10 / 40 mae 0.8660 corr 0.7203 f1 0.7984
2026-03-09 14:13:09,032 - utils.logger2026-03-09-14.12.19 - INFO - Cur epoch 11 loss TA:0.7615 TV:0.7829 VA:1.4803 CE:0.9330
2026-03-09 14:13:09,664 - utils.logger2026-03-09-14.12.19 - INFO - Cur epoch 11 loss TA:0.7767 TV:0.7977 VA:1.4310 CE:0.4967
2026-03-09 14:13:10,302 - utils.logger2026-03-09-14.12.19 - INFO - saving the model at the end of epoch 11, iters 308
2026-03-09 14:13:10,571 - utils.logger2026-03-09-14.12.19 - INFO - End of training epoch 11 / 40 	 Time Taken: 2 sec
2026-03-09 14:13:10,571 - utils.logger2026-03-09-14.12.19 - INFO - learning rate = 0.0002000
2026-03-09 14:13:11,217 - utils.logger2026-03-09-14.12.19 - INFO - Val result of epoch 11 / 40 mae 0.8470 corr 0.6334 f1 0.7877
2026-03-09 14:13:11,754 - utils.logger2026-03-09-14.12.19 - INFO - Tst result of epoch 11 / 40 mae 0.8095 corr 0.7434 f1 0.8188
2026-03-09 14:13:12,327 - utils.logger2026-03-09-14.12.19 - INFO - Cur epoch 12 loss TA:0.7518 TV:0.7746 VA:1.3869 CE:0.8455
2026-03-09 14:13:13,022 - utils.logger2026-03-09-14.12.19 - INFO - Cur epoch 12 loss TA:0.7565 TV:0.7584 VA:1.3905 CE:0.7141
2026-03-09 14:13:13,784 - utils.logger2026-03-09-14.12.19 - INFO - Cur epoch 12 loss TA:0.7916 TV:0.7820 VA:1.4024 CE:0.8222
2026-03-09 14:13:14,218 - utils.logger2026-03-09-14.12.19 - INFO - saving the model at the end of epoch 12, iters 336
2026-03-09 14:13:14,446 - utils.logger2026-03-09-14.12.19 - INFO - End of training epoch 12 / 40 	 Time Taken: 2 sec
2026-03-09 14:13:14,446 - utils.logger2026-03-09-14.12.19 - INFO - learning rate = 0.0002000
2026-03-09 14:13:14,911 - utils.logger2026-03-09-14.12.19 - INFO - Val result of epoch 12 / 40 mae 0.8476 corr 0.6475 f1 0.7957
2026-03-09 14:13:15,603 - utils.logger2026-03-09-14.12.19 - INFO - Tst result of epoch 12 / 40 mae 0.8218 corr 0.7298 f1 0.7787
2026-03-09 14:13:16,405 - utils.logger2026-03-09-14.12.19 - INFO - Cur epoch 13 loss TA:0.7188 TV:0.7403 VA:1.3576 CE:0.7276
2026-03-09 14:13:17,040 - utils.logger2026-03-09-14.12.19 - INFO - Cur epoch 13 loss TA:0.7050 TV:0.7392 VA:1.3468 CE:0.7107
2026-03-09 14:13:17,710 - utils.logger2026-03-09-14.12.19 - INFO - Cur epoch 13 loss TA:0.7283 TV:0.7561 VA:1.3835 CE:1.0260
2026-03-09 14:13:18,160 - utils.logger2026-03-09-14.12.19 - INFO - saving the model at the end of epoch 13, iters 364
2026-03-09 14:13:18,483 - utils.logger2026-03-09-14.12.19 - INFO - End of training epoch 13 / 40 	 Time Taken: 2 sec
2026-03-09 14:13:18,484 - utils.logger2026-03-09-14.12.19 - INFO - learning rate = 0.0002000
2026-03-09 14:13:19,183 - utils.logger2026-03-09-14.12.19 - INFO - Val result of epoch 13 / 40 mae 0.8532 corr 0.6357 f1 0.7761
2026-03-09 14:13:19,885 - utils.logger2026-03-09-14.12.19 - INFO - Tst result of epoch 13 / 40 mae 0.8055 corr 0.7369 f1 0.8031
2026-03-09 14:13:21,037 - utils.logger2026-03-09-14.12.19 - INFO - Cur epoch 14 loss TA:0.7367 TV:0.7423 VA:1.3970 CE:0.7406
2026-03-09 14:13:21,829 - utils.logger2026-03-09-14.12.19 - INFO - Cur epoch 14 loss TA:0.7370 TV:0.7302 VA:1.3221 CE:0.5299
2026-03-09 14:13:22,532 - utils.logger2026-03-09-14.12.19 - INFO - Cur epoch 14 loss TA:0.7242 TV:0.7201 VA:1.3328 CE:0.6628
2026-03-09 14:13:22,771 - utils.logger2026-03-09-14.12.19 - INFO - saving the model at the end of epoch 14, iters 392
2026-03-09 14:13:23,247 - utils.logger2026-03-09-14.12.19 - INFO - End of training epoch 14 / 40 	 Time Taken: 3 sec
2026-03-09 14:13:23,248 - utils.logger2026-03-09-14.12.19 - INFO - learning rate = 0.0002000
2026-03-09 14:13:23,954 - utils.logger2026-03-09-14.12.19 - INFO - Val result of epoch 14 / 40 mae 0.8513 corr 0.6483 f1 0.7868
2026-03-09 14:13:24,664 - utils.logger2026-03-09-14.12.19 - INFO - Tst result of epoch 14 / 40 mae 0.8286 corr 0.7476 f1 0.8318
2026-03-09 14:13:25,812 - utils.logger2026-03-09-14.12.19 - INFO - Cur epoch 15 loss TA:0.7204 TV:0.7258 VA:1.2871 CE:0.7733
2026-03-09 14:13:26,710 - utils.logger2026-03-09-14.12.19 - INFO - Cur epoch 15 loss TA:0.7119 TV:0.7405 VA:1.3125 CE:0.5768
2026-03-09 14:13:27,421 - utils.logger2026-03-09-14.12.19 - INFO - Cur epoch 15 loss TA:0.5053 TV:0.5045 VA:0.8155 CE:0.2809
2026-03-09 14:13:27,486 - utils.logger2026-03-09-14.12.19 - INFO - saving the model at the end of epoch 15, iters 420
2026-03-09 14:13:27,805 - utils.logger2026-03-09-14.12.19 - INFO - End of training epoch 15 / 40 	 Time Taken: 3 sec
2026-03-09 14:13:27,806 - utils.logger2026-03-09-14.12.19 - INFO - learning rate = 0.0002000
2026-03-09 14:13:28,496 - utils.logger2026-03-09-14.12.19 - INFO - Val result of epoch 15 / 40 mae 0.8670 corr 0.6343 f1 0.7875
2026-03-09 14:13:29,318 - utils.logger2026-03-09-14.12.19 - INFO - Tst result of epoch 15 / 40 mae 0.8234 corr 0.7383 f1 0.7890
2026-03-09 14:13:30,652 - utils.logger2026-03-09-14.12.19 - INFO - Cur epoch 16 loss TA:0.7158 TV:0.7375 VA:1.2659 CE:0.4801
2026-03-09 14:13:31,479 - utils.logger2026-03-09-14.12.19 - INFO - Cur epoch 16 loss TA:0.6570 TV:0.6783 VA:1.2676 CE:0.5769
2026-03-09 14:13:32,090 - utils.logger2026-03-09-14.12.19 - INFO - saving the model at the end of epoch 16, iters 448
2026-03-09 14:13:32,364 - utils.logger2026-03-09-14.12.19 - INFO - End of training epoch 16 / 40 	 Time Taken: 3 sec
2026-03-09 14:13:32,364 - utils.logger2026-03-09-14.12.19 - INFO - learning rate = 0.0002000
2026-03-09 14:13:33,052 - utils.logger2026-03-09-14.12.19 - INFO - Val result of epoch 16 / 40 mae 0.8929 corr 0.6543 f1 0.7584
2026-03-09 14:13:33,807 - utils.logger2026-03-09-14.12.19 - INFO - Tst result of epoch 16 / 40 mae 0.8438 corr 0.7206 f1 0.7887
2026-03-09 14:13:34,563 - utils.logger2026-03-09-14.12.19 - INFO - Cur epoch 17 loss TA:0.6597 TV:0.6794 VA:1.2315 CE:0.5237
2026-03-09 14:13:35,226 - utils.logger2026-03-09-14.12.19 - INFO - Cur epoch 17 loss TA:0.6751 TV:0.6874 VA:1.2612 CE:0.6407
2026-03-09 14:13:36,124 - utils.logger2026-03-09-14.12.19 - INFO - Cur epoch 17 loss TA:0.6580 TV:0.6735 VA:1.2869 CE:0.5471
2026-03-09 14:13:36,617 - utils.logger2026-03-09-14.12.19 - INFO - saving the model at the end of epoch 17, iters 476
2026-03-09 14:13:36,826 - utils.logger2026-03-09-14.12.19 - INFO - End of training epoch 17 / 40 	 Time Taken: 3 sec
2026-03-09 14:13:36,826 - utils.logger2026-03-09-14.12.19 - INFO - learning rate = 0.0002000
2026-03-09 14:13:37,533 - utils.logger2026-03-09-14.12.19 - INFO - Val result of epoch 17 / 40 mae 0.8342 corr 0.6498 f1 0.7776
2026-03-09 14:13:38,227 - utils.logger2026-03-09-14.12.19 - INFO - Tst result of epoch 17 / 40 mae 0.8021 corr 0.7409 f1 0.8007
2026-03-09 14:13:39,060 - utils.logger2026-03-09-14.12.19 - INFO - Cur epoch 18 loss TA:0.6611 TV:0.6613 VA:1.2300 CE:0.3570
2026-03-09 14:13:39,764 - utils.logger2026-03-09-14.12.19 - INFO - Cur epoch 18 loss TA:0.6634 TV:0.6623 VA:1.1834 CE:0.4274
2026-03-09 14:13:40,563 - utils.logger2026-03-09-14.12.19 - INFO - Cur epoch 18 loss TA:0.7012 TV:0.7076 VA:1.2846 CE:0.3370
2026-03-09 14:13:40,886 - utils.logger2026-03-09-14.12.19 - INFO - saving the model at the end of epoch 18, iters 504
2026-03-09 14:13:41,091 - utils.logger2026-03-09-14.12.19 - INFO - End of training epoch 18 / 40 	 Time Taken: 2 sec
2026-03-09 14:13:41,092 - utils.logger2026-03-09-14.12.19 - INFO - learning rate = 0.0002000
2026-03-09 14:13:41,772 - utils.logger2026-03-09-14.12.19 - INFO - Val result of epoch 18 / 40 mae 0.8546 corr 0.6588 f1 0.7890
2026-03-09 14:13:42,423 - utils.logger2026-03-09-14.12.19 - INFO - Tst result of epoch 18 / 40 mae 0.8176 corr 0.7397 f1 0.7931
2026-03-09 14:13:43,359 - utils.logger2026-03-09-14.12.19 - INFO - Cur epoch 19 loss TA:0.6544 TV:0.6795 VA:1.1883 CE:0.3959
2026-03-09 14:13:44,048 - utils.logger2026-03-09-14.12.19 - INFO - Cur epoch 19 loss TA:0.6473 TV:0.6372 VA:1.1943 CE:0.4668
2026-03-09 14:13:44,938 - utils.logger2026-03-09-14.12.19 - INFO - Cur epoch 19 loss TA:0.6097 TV:0.6075 VA:1.1821 CE:0.3904
2026-03-09 14:13:45,149 - utils.logger2026-03-09-14.12.19 - INFO - saving the model at the end of epoch 19, iters 532
2026-03-09 14:13:45,397 - utils.logger2026-03-09-14.12.19 - INFO - End of training epoch 19 / 40 	 Time Taken: 2 sec
2026-03-09 14:13:45,397 - utils.logger2026-03-09-14.12.19 - INFO - learning rate = 0.0002000
2026-03-09 14:13:46,052 - utils.logger2026-03-09-14.12.19 - INFO - Val result of epoch 19 / 40 mae 0.8424 corr 0.6463 f1 0.7862
2026-03-09 14:13:46,744 - utils.logger2026-03-09-14.12.19 - INFO - Tst result of epoch 19 / 40 mae 0.8144 corr 0.7346 f1 0.7975
2026-03-09 14:13:47,987 - utils.logger2026-03-09-14.12.19 - INFO - Cur epoch 20 loss TA:0.6267 TV:0.6448 VA:1.1743 CE:0.4201
2026-03-09 14:13:48,700 - utils.logger2026-03-09-14.12.19 - INFO - Cur epoch 20 loss TA:0.6261 TV:0.6537 VA:1.1756 CE:0.4430
2026-03-09 14:13:49,544 - utils.logger2026-03-09-14.12.19 - INFO - Cur epoch 20 loss TA:0.3774 TV:0.3959 VA:0.6639 CE:0.2802
2026-03-09 14:13:49,639 - utils.logger2026-03-09-14.12.19 - INFO - saving the model at the end of epoch 20, iters 560
2026-03-09 14:13:49,924 - utils.logger2026-03-09-14.12.19 - INFO - End of training epoch 20 / 40 	 Time Taken: 3 sec
2026-03-09 14:13:49,925 - utils.logger2026-03-09-14.12.19 - INFO - learning rate = 0.0001905
2026-03-09 14:13:50,573 - utils.logger2026-03-09-14.12.19 - INFO - Val result of epoch 20 / 40 mae 0.8269 corr 0.6538 f1 0.7734
2026-03-09 14:13:51,234 - utils.logger2026-03-09-14.12.19 - INFO - Tst result of epoch 20 / 40 mae 0.8149 corr 0.7316 f1 0.8100
2026-03-09 14:13:52,518 - utils.logger2026-03-09-14.12.19 - INFO - Cur epoch 21 loss TA:0.7049 TV:0.6934 VA:1.2471 CE:0.2740
2026-03-09 14:13:53,261 - utils.logger2026-03-09-14.12.19 - INFO - Cur epoch 21 loss TA:0.6147 TV:0.6111 VA:1.1512 CE:0.4557
2026-03-09 14:13:53,921 - utils.logger2026-03-09-14.12.19 - INFO - saving the model at the end of epoch 21, iters 588
2026-03-09 14:13:54,403 - utils.logger2026-03-09-14.12.19 - INFO - End of training epoch 21 / 40 	 Time Taken: 3 sec
2026-03-09 14:13:54,403 - utils.logger2026-03-09-14.12.19 - INFO - learning rate = 0.0001810
2026-03-09 14:13:55,030 - utils.logger2026-03-09-14.12.19 - INFO - Val result of epoch 21 / 40 mae 0.8273 corr 0.6556 f1 0.7691
2026-03-09 14:13:55,705 - utils.logger2026-03-09-14.12.19 - INFO - Tst result of epoch 21 / 40 mae 0.8015 corr 0.7387 f1 0.7968
2026-03-09 14:13:56,444 - utils.logger2026-03-09-14.12.19 - INFO - Cur epoch 22 loss TA:0.5917 TV:0.6258 VA:1.1251 CE:0.2726
2026-03-09 14:13:57,151 - utils.logger2026-03-09-14.12.19 - INFO - Cur epoch 22 loss TA:0.6408 TV:0.6101 VA:1.1784 CE:0.3007
2026-03-09 14:13:58,022 - utils.logger2026-03-09-14.12.19 - INFO - Cur epoch 22 loss TA:0.6144 TV:0.6198 VA:1.1342 CE:0.3194
2026-03-09 14:13:58,524 - utils.logger2026-03-09-14.12.19 - INFO - saving the model at the end of epoch 22, iters 616
2026-03-09 14:13:58,949 - utils.logger2026-03-09-14.12.19 - INFO - End of training epoch 22 / 40 	 Time Taken: 3 sec
2026-03-09 14:13:58,949 - utils.logger2026-03-09-14.12.19 - INFO - learning rate = 0.0001714
2026-03-09 14:13:59,654 - utils.logger2026-03-09-14.12.19 - INFO - Val result of epoch 22 / 40 mae 0.8367 corr 0.6584 f1 0.7734
2026-03-09 14:14:00,384 - utils.logger2026-03-09-14.12.19 - INFO - Tst result of epoch 22 / 40 mae 0.7998 corr 0.7502 f1 0.8100
2026-03-09 14:14:01,351 - utils.logger2026-03-09-14.12.19 - INFO - Cur epoch 23 loss TA:0.6180 TV:0.6335 VA:1.1899 CE:0.3264
2026-03-09 14:14:02,148 - utils.logger2026-03-09-14.12.19 - INFO - Cur epoch 23 loss TA:0.6170 TV:0.6228 VA:1.1002 CE:0.3946
2026-03-09 14:14:02,905 - utils.logger2026-03-09-14.12.19 - INFO - Cur epoch 23 loss TA:0.6177 TV:0.6216 VA:1.1740 CE:0.3542
2026-03-09 14:14:03,255 - utils.logger2026-03-09-14.12.19 - INFO - saving the model at the end of epoch 23, iters 644
2026-03-09 14:14:03,679 - utils.logger2026-03-09-14.12.19 - INFO - End of training epoch 23 / 40 	 Time Taken: 3 sec
2026-03-09 14:14:03,679 - utils.logger2026-03-09-14.12.19 - INFO - learning rate = 0.0001619
2026-03-09 14:14:04,348 - utils.logger2026-03-09-14.12.19 - INFO - Val result of epoch 23 / 40 mae 0.8294 corr 0.6628 f1 0.7821
2026-03-09 14:14:05,092 - utils.logger2026-03-09-14.12.19 - INFO - Tst result of epoch 23 / 40 mae 0.7979 corr 0.7460 f1 0.8140
2026-03-09 14:14:06,133 - utils.logger2026-03-09-14.12.19 - INFO - Cur epoch 24 loss TA:0.5720 TV:0.5805 VA:1.0961 CE:0.3121
2026-03-09 14:14:06,923 - utils.logger2026-03-09-14.12.19 - INFO - Cur epoch 24 loss TA:0.6125 TV:0.6117 VA:1.1791 CE:0.2760
2026-03-09 14:14:07,741 - utils.logger2026-03-09-14.12.19 - INFO - Cur epoch 24 loss TA:0.5948 TV:0.6005 VA:1.1428 CE:0.4048
2026-03-09 14:14:07,922 - utils.logger2026-03-09-14.12.19 - INFO - saving the model at the end of epoch 24, iters 672
2026-03-09 14:14:08,166 - utils.logger2026-03-09-14.12.19 - INFO - End of training epoch 24 / 40 	 Time Taken: 3 sec
2026-03-09 14:14:08,166 - utils.logger2026-03-09-14.12.19 - INFO - learning rate = 0.0001524
2026-03-09 14:14:08,878 - utils.logger2026-03-09-14.12.19 - INFO - Val result of epoch 24 / 40 mae 0.8549 corr 0.6425 f1 0.7684
2026-03-09 14:14:09,563 - utils.logger2026-03-09-14.12.19 - INFO - Tst result of epoch 24 / 40 mae 0.7910 corr 0.7605 f1 0.8232
2026-03-09 14:14:10,662 - utils.logger2026-03-09-14.12.19 - INFO - Cur epoch 25 loss TA:0.5744 TV:0.5843 VA:1.1059 CE:0.2649
2026-03-09 14:14:11,406 - utils.logger2026-03-09-14.12.19 - INFO - Cur epoch 25 loss TA:0.6077 TV:0.6163 VA:1.1140 CE:0.2725
2026-03-09 14:14:12,110 - utils.logger2026-03-09-14.12.19 - INFO - Cur epoch 25 loss TA:0.3231 TV:0.3602 VA:0.5163 CE:0.1787
2026-03-09 14:14:12,182 - utils.logger2026-03-09-14.12.19 - INFO - saving the model at the end of epoch 25, iters 700
2026-03-09 14:14:12,587 - utils.logger2026-03-09-14.12.19 - INFO - End of training epoch 25 / 40 	 Time Taken: 3 sec
2026-03-09 14:14:12,587 - utils.logger2026-03-09-14.12.19 - INFO - learning rate = 0.0001429
2026-03-09 14:14:13,294 - utils.logger2026-03-09-14.12.19 - INFO - Val result of epoch 25 / 40 mae 0.8497 corr 0.6476 f1 0.7795
2026-03-09 14:14:14,019 - utils.logger2026-03-09-14.12.19 - INFO - Tst result of epoch 25 / 40 mae 0.8045 corr 0.7465 f1 0.8155
2026-03-09 14:14:15,473 - utils.logger2026-03-09-14.12.19 - INFO - Cur epoch 26 loss TA:0.6065 TV:0.5921 VA:1.1114 CE:0.3801
2026-03-09 14:14:16,169 - utils.logger2026-03-09-14.12.19 - INFO - Cur epoch 26 loss TA:0.6100 TV:0.5968 VA:1.1087 CE:0.2315
2026-03-09 14:14:16,866 - utils.logger2026-03-09-14.12.19 - INFO - saving the model at the end of epoch 26, iters 728
2026-03-09 14:14:17,073 - utils.logger2026-03-09-14.12.19 - INFO - End of training epoch 26 / 40 	 Time Taken: 3 sec
2026-03-09 14:14:17,073 - utils.logger2026-03-09-14.12.19 - INFO - learning rate = 0.0001333
2026-03-09 14:14:17,716 - utils.logger2026-03-09-14.12.19 - INFO - Val result of epoch 26 / 40 mae 0.8297 corr 0.6499 f1 0.7891
2026-03-09 14:14:18,450 - utils.logger2026-03-09-14.12.19 - INFO - Tst result of epoch 26 / 40 mae 0.7925 corr 0.7462 f1 0.8239
2026-03-09 14:14:19,331 - utils.logger2026-03-09-14.12.19 - INFO - Cur epoch 27 loss TA:0.5909 TV:0.5914 VA:1.0837 CE:0.2384
2026-03-09 14:14:19,937 - utils.logger2026-03-09-14.12.19 - INFO - Cur epoch 27 loss TA:0.6002 TV:0.5961 VA:1.1166 CE:0.3412
2026-03-09 14:14:20,842 - utils.logger2026-03-09-14.12.19 - INFO - Cur epoch 27 loss TA:0.6121 TV:0.6186 VA:1.1228 CE:0.2730
2026-03-09 14:14:21,379 - utils.logger2026-03-09-14.12.19 - INFO - saving the model at the end of epoch 27, iters 756
2026-03-09 14:14:21,814 - utils.logger2026-03-09-14.12.19 - INFO - End of training epoch 27 / 40 	 Time Taken: 3 sec
2026-03-09 14:14:21,814 - utils.logger2026-03-09-14.12.19 - INFO - learning rate = 0.0001238
2026-03-09 14:14:22,484 - utils.logger2026-03-09-14.12.19 - INFO - Val result of epoch 27 / 40 mae 0.8262 corr 0.6506 f1 0.7780
2026-03-09 14:14:23,189 - utils.logger2026-03-09-14.12.19 - INFO - Tst result of epoch 27 / 40 mae 0.8023 corr 0.7388 f1 0.8190
2026-03-09 14:14:24,001 - utils.logger2026-03-09-14.12.19 - INFO - Cur epoch 28 loss TA:0.5780 TV:0.5842 VA:1.0836 CE:0.2981
2026-03-09 14:14:24,639 - utils.logger2026-03-09-14.12.19 - INFO - Cur epoch 28 loss TA:0.5480 TV:0.5610 VA:1.0468 CE:0.2436
2026-03-09 14:14:25,303 - utils.logger2026-03-09-14.12.19 - INFO - Cur epoch 28 loss TA:0.5852 TV:0.5978 VA:1.0749 CE:0.2321
2026-03-09 14:14:25,599 - utils.logger2026-03-09-14.12.19 - INFO - saving the model at the end of epoch 28, iters 784
2026-03-09 14:14:26,056 - utils.logger2026-03-09-14.12.19 - INFO - End of training epoch 28 / 40 	 Time Taken: 2 sec
2026-03-09 14:14:26,056 - utils.logger2026-03-09-14.12.19 - INFO - learning rate = 0.0001143
2026-03-09 14:14:26,506 - utils.logger2026-03-09-14.12.19 - INFO - Val result of epoch 28 / 40 mae 0.8331 corr 0.6456 f1 0.7699
2026-03-09 14:14:27,226 - utils.logger2026-03-09-14.12.19 - INFO - Tst result of epoch 28 / 40 mae 0.7901 corr 0.7494 f1 0.8292
2026-03-09 14:14:28,139 - utils.logger2026-03-09-14.12.19 - INFO - Cur epoch 29 loss TA:0.5700 TV:0.5886 VA:1.1293 CE:0.3666
2026-03-09 14:14:28,809 - utils.logger2026-03-09-14.12.19 - INFO - Cur epoch 29 loss TA:0.5662 TV:0.5622 VA:1.1051 CE:0.2235
2026-03-09 14:14:29,618 - utils.logger2026-03-09-14.12.19 - INFO - Cur epoch 29 loss TA:0.5469 TV:0.5376 VA:1.0400 CE:0.1660
2026-03-09 14:14:29,925 - utils.logger2026-03-09-14.12.19 - INFO - saving the model at the end of epoch 29, iters 812
2026-03-09 14:14:30,157 - utils.logger2026-03-09-14.12.19 - INFO - End of training epoch 29 / 40 	 Time Taken: 2 sec
2026-03-09 14:14:30,157 - utils.logger2026-03-09-14.12.19 - INFO - learning rate = 0.0001048
2026-03-09 14:14:30,820 - utils.logger2026-03-09-14.12.19 - INFO - Val result of epoch 29 / 40 mae 0.8458 corr 0.6503 f1 0.7827
2026-03-09 14:14:31,547 - utils.logger2026-03-09-14.12.19 - INFO - Tst result of epoch 29 / 40 mae 0.8050 corr 0.7556 f1 0.8105
2026-03-09 14:14:32,654 - utils.logger2026-03-09-14.12.19 - INFO - Cur epoch 30 loss TA:0.5435 TV:0.5582 VA:1.0731 CE:0.2829
2026-03-09 14:14:33,537 - utils.logger2026-03-09-14.12.19 - INFO - Cur epoch 30 loss TA:0.5581 TV:0.5582 VA:1.0170 CE:0.1985
2026-03-09 14:14:34,272 - utils.logger2026-03-09-14.12.19 - INFO - Cur epoch 30 loss TA:0.3246 TV:0.3378 VA:0.4769 CE:0.2301
2026-03-09 14:14:34,355 - utils.logger2026-03-09-14.12.19 - INFO - saving the model at the end of epoch 30, iters 840
2026-03-09 14:14:34,694 - utils.logger2026-03-09-14.12.19 - INFO - End of training epoch 30 / 40 	 Time Taken: 3 sec
2026-03-09 14:14:34,694 - utils.logger2026-03-09-14.12.19 - INFO - learning rate = 0.0000952
2026-03-09 14:14:35,472 - utils.logger2026-03-09-14.12.19 - INFO - Val result of epoch 30 / 40 mae 0.8349 corr 0.6547 f1 0.7846
2026-03-09 14:14:36,153 - utils.logger2026-03-09-14.12.19 - INFO - Tst result of epoch 30 / 40 mae 0.7894 corr 0.7511 f1 0.8062
2026-03-09 14:14:37,461 - utils.logger2026-03-09-14.12.19 - INFO - Cur epoch 31 loss TA:0.5379 TV:0.5490 VA:1.0460 CE:0.2264
2026-03-09 14:14:38,369 - utils.logger2026-03-09-14.12.19 - INFO - Cur epoch 31 loss TA:0.5306 TV:0.5371 VA:1.0269 CE:0.2431
2026-03-09 14:14:38,962 - utils.logger2026-03-09-14.12.19 - INFO - saving the model at the end of epoch 31, iters 868
2026-03-09 14:14:39,362 - utils.logger2026-03-09-14.12.19 - INFO - End of training epoch 31 / 40 	 Time Taken: 3 sec
2026-03-09 14:14:39,362 - utils.logger2026-03-09-14.12.19 - INFO - learning rate = 0.0000857
2026-03-09 14:14:40,192 - utils.logger2026-03-09-14.12.19 - INFO - Val result of epoch 31 / 40 mae 0.8339 corr 0.6512 f1 0.7705
2026-03-09 14:14:40,961 - utils.logger2026-03-09-14.12.19 - INFO - Tst result of epoch 31 / 40 mae 0.7911 corr 0.7497 f1 0.8065
2026-03-09 14:14:41,772 - utils.logger2026-03-09-14.12.19 - INFO - Cur epoch 32 loss TA:0.5624 TV:0.5604 VA:1.0660 CE:0.2268
2026-03-09 14:14:42,692 - utils.logger2026-03-09-14.12.19 - INFO - Cur epoch 32 loss TA:0.5368 TV:0.5451 VA:1.0059 CE:0.2344
2026-03-09 14:14:43,430 - utils.logger2026-03-09-14.12.19 - INFO - Cur epoch 32 loss TA:0.5754 TV:0.5856 VA:1.0791 CE:0.2738
2026-03-09 14:14:43,996 - utils.logger2026-03-09-14.12.19 - INFO - saving the model at the end of epoch 32, iters 896
2026-03-09 14:14:44,292 - utils.logger2026-03-09-14.12.19 - INFO - End of training epoch 32 / 40 	 Time Taken: 3 sec
2026-03-09 14:14:44,292 - utils.logger2026-03-09-14.12.19 - INFO - learning rate = 0.0000762
2026-03-09 14:14:45,023 - utils.logger2026-03-09-14.12.19 - INFO - Val result of epoch 32 / 40 mae 0.8311 corr 0.6511 f1 0.7883
2026-03-09 14:14:45,702 - utils.logger2026-03-09-14.12.19 - INFO - Tst result of epoch 32 / 40 mae 0.7825 corr 0.7509 f1 0.8105
2026-03-09 14:14:46,661 - utils.logger2026-03-09-14.12.19 - INFO - Cur epoch 33 loss TA:0.5283 TV:0.5368 VA:1.0598 CE:0.1844
2026-03-09 14:14:47,463 - utils.logger2026-03-09-14.12.19 - INFO - Cur epoch 33 loss TA:0.5219 TV:0.5310 VA:1.0263 CE:0.2119
2026-03-09 14:14:48,415 - utils.logger2026-03-09-14.12.19 - INFO - Cur epoch 33 loss TA:0.5422 TV:0.5440 VA:1.0340 CE:0.1558
2026-03-09 14:14:48,778 - utils.logger2026-03-09-14.12.19 - INFO - saving the model at the end of epoch 33, iters 924
2026-03-09 14:14:49,287 - utils.logger2026-03-09-14.12.19 - INFO - End of training epoch 33 / 40 	 Time Taken: 3 sec
2026-03-09 14:14:49,287 - utils.logger2026-03-09-14.12.19 - INFO - learning rate = 0.0000667
2026-03-09 14:14:50,019 - utils.logger2026-03-09-14.12.19 - INFO - Val result of epoch 33 / 40 mae 0.8398 corr 0.6536 f1 0.7741
2026-03-09 14:14:50,764 - utils.logger2026-03-09-14.12.19 - INFO - Tst result of epoch 33 / 40 mae 0.8022 corr 0.7456 f1 0.8018
2026-03-09 14:14:51,736 - utils.logger2026-03-09-14.12.19 - INFO - Cur epoch 34 loss TA:0.5424 TV:0.5675 VA:1.0299 CE:0.1670
2026-03-09 14:14:52,677 - utils.logger2026-03-09-14.12.19 - INFO - Cur epoch 34 loss TA:0.5423 TV:0.5524 VA:1.0298 CE:0.2452
2026-03-09 14:14:53,341 - utils.logger2026-03-09-14.12.19 - INFO - Cur epoch 34 loss TA:0.5248 TV:0.5298 VA:1.0429 CE:0.1606
2026-03-09 14:14:53,540 - utils.logger2026-03-09-14.12.19 - INFO - saving the model at the end of epoch 34, iters 952
2026-03-09 14:14:53,798 - utils.logger2026-03-09-14.12.19 - INFO - End of training epoch 34 / 40 	 Time Taken: 3 sec
2026-03-09 14:14:53,799 - utils.logger2026-03-09-14.12.19 - INFO - learning rate = 0.0000571
2026-03-09 14:14:54,539 - utils.logger2026-03-09-14.12.19 - INFO - Val result of epoch 34 / 40 mae 0.8323 corr 0.6590 f1 0.7800
2026-03-09 14:14:55,205 - utils.logger2026-03-09-14.12.19 - INFO - Tst result of epoch 34 / 40 mae 0.8007 corr 0.7465 f1 0.8112
2026-03-09 14:14:56,403 - utils.logger2026-03-09-14.12.19 - INFO - Cur epoch 35 loss TA:0.5618 TV:0.5568 VA:1.0647 CE:0.1577
2026-03-09 14:14:57,141 - utils.logger2026-03-09-14.12.19 - INFO - Cur epoch 35 loss TA:0.5560 TV:0.5643 VA:1.0352 CE:0.1764
2026-03-09 14:14:57,976 - utils.logger2026-03-09-14.12.19 - INFO - Cur epoch 35 loss TA:0.2964 TV:0.3228 VA:0.5222 CE:0.1685
2026-03-09 14:14:58,042 - utils.logger2026-03-09-14.12.19 - INFO - saving the model at the end of epoch 35, iters 980
2026-03-09 14:14:58,367 - utils.logger2026-03-09-14.12.19 - INFO - End of training epoch 35 / 40 	 Time Taken: 3 sec
2026-03-09 14:14:58,367 - utils.logger2026-03-09-14.12.19 - INFO - learning rate = 0.0000476
2026-03-09 14:14:59,079 - utils.logger2026-03-09-14.12.19 - INFO - Val result of epoch 35 / 40 mae 0.8348 corr 0.6600 f1 0.7957
2026-03-09 14:14:59,795 - utils.logger2026-03-09-14.12.19 - INFO - Tst result of epoch 35 / 40 mae 0.8021 corr 0.7436 f1 0.7941
2026-03-09 14:15:01,181 - utils.logger2026-03-09-14.12.19 - INFO - Cur epoch 36 loss TA:0.5503 TV:0.5509 VA:1.0669 CE:0.2362
2026-03-09 14:15:01,912 - utils.logger2026-03-09-14.12.19 - INFO - Cur epoch 36 loss TA:0.5394 TV:0.5495 VA:1.0142 CE:0.2085
2026-03-09 14:15:02,660 - utils.logger2026-03-09-14.12.19 - INFO - saving the model at the end of epoch 36, iters 1008
2026-03-09 14:15:02,920 - utils.logger2026-03-09-14.12.19 - INFO - End of training epoch 36 / 40 	 Time Taken: 3 sec
2026-03-09 14:15:02,921 - utils.logger2026-03-09-14.12.19 - INFO - learning rate = 0.0000381
2026-03-09 14:15:03,706 - utils.logger2026-03-09-14.12.19 - INFO - Val result of epoch 36 / 40 mae 0.8223 corr 0.6612 f1 0.7837
2026-03-09 14:15:04,452 - utils.logger2026-03-09-14.12.19 - INFO - Tst result of epoch 36 / 40 mae 0.7869 corr 0.7515 f1 0.8065
2026-03-09 14:15:05,163 - utils.logger2026-03-09-14.12.19 - INFO - Cur epoch 37 loss TA:0.5584 TV:0.5529 VA:1.0578 CE:0.3157
2026-03-09 14:15:05,936 - utils.logger2026-03-09-14.12.19 - INFO - Cur epoch 37 loss TA:0.5230 TV:0.5299 VA:1.0477 CE:0.2013
2026-03-09 14:15:06,631 - utils.logger2026-03-09-14.12.19 - INFO - Cur epoch 37 loss TA:0.5520 TV:0.5643 VA:1.0726 CE:0.2236
2026-03-09 14:15:07,356 - utils.logger2026-03-09-14.12.19 - INFO - saving the model at the end of epoch 37, iters 1036
2026-03-09 14:15:07,594 - utils.logger2026-03-09-14.12.19 - INFO - End of training epoch 37 / 40 	 Time Taken: 3 sec
2026-03-09 14:15:07,594 - utils.logger2026-03-09-14.12.19 - INFO - learning rate = 0.0000286
2026-03-09 14:15:08,272 - utils.logger2026-03-09-14.12.19 - INFO - Val result of epoch 37 / 40 mae 0.8272 corr 0.6573 f1 0.7891
2026-03-09 14:15:09,106 - utils.logger2026-03-09-14.12.19 - INFO - Tst result of epoch 37 / 40 mae 0.7873 corr 0.7513 f1 0.7979
2026-03-09 14:15:10,031 - utils.logger2026-03-09-14.12.19 - INFO - Cur epoch 38 loss TA:0.5332 TV:0.5359 VA:1.0212 CE:0.2379
2026-03-09 14:15:10,764 - utils.logger2026-03-09-14.12.19 - INFO - Cur epoch 38 loss TA:0.5643 TV:0.5671 VA:1.0695 CE:0.2601
2026-03-09 14:15:11,582 - utils.logger2026-03-09-14.12.19 - INFO - Cur epoch 38 loss TA:0.5610 TV:0.5542 VA:1.0288 CE:0.1437
2026-03-09 14:15:12,076 - utils.logger2026-03-09-14.12.19 - INFO - saving the model at the end of epoch 38, iters 1064
2026-03-09 14:15:12,300 - utils.logger2026-03-09-14.12.19 - INFO - End of training epoch 38 / 40 	 Time Taken: 3 sec
2026-03-09 14:15:12,300 - utils.logger2026-03-09-14.12.19 - INFO - learning rate = 0.0000190
2026-03-09 14:15:13,027 - utils.logger2026-03-09-14.12.19 - INFO - Val result of epoch 38 / 40 mae 0.8265 corr 0.6577 f1 0.7791
2026-03-09 14:15:13,836 - utils.logger2026-03-09-14.12.19 - INFO - Tst result of epoch 38 / 40 mae 0.7842 corr 0.7540 f1 0.8108
2026-03-09 14:15:14,949 - utils.logger2026-03-09-14.12.19 - INFO - Cur epoch 39 loss TA:0.5356 TV:0.5415 VA:1.0375 CE:0.2663
2026-03-09 14:15:15,626 - utils.logger2026-03-09-14.12.19 - INFO - Cur epoch 39 loss TA:0.5309 TV:0.5262 VA:1.0118 CE:0.2068
2026-03-09 14:15:16,278 - utils.logger2026-03-09-14.12.19 - INFO - Cur epoch 39 loss TA:0.5347 TV:0.5504 VA:1.0208 CE:0.1938
2026-03-09 14:15:16,489 - utils.logger2026-03-09-14.12.19 - INFO - saving the model at the end of epoch 39, iters 1092
2026-03-09 14:15:16,949 - utils.logger2026-03-09-14.12.19 - INFO - End of training epoch 39 / 40 	 Time Taken: 3 sec
2026-03-09 14:15:16,949 - utils.logger2026-03-09-14.12.19 - INFO - learning rate = 0.0000095
2026-03-09 14:15:17,612 - utils.logger2026-03-09-14.12.19 - INFO - Val result of epoch 39 / 40 mae 0.8310 corr 0.6558 f1 0.7837
2026-03-09 14:15:18,443 - utils.logger2026-03-09-14.12.19 - INFO - Tst result of epoch 39 / 40 mae 0.7903 corr 0.7556 f1 0.8195
2026-03-09 14:15:19,646 - utils.logger2026-03-09-14.12.19 - INFO - Cur epoch 40 loss TA:0.5173 TV:0.5325 VA:1.0212 CE:0.2013
2026-03-09 14:15:20,500 - utils.logger2026-03-09-14.12.19 - INFO - Cur epoch 40 loss TA:0.5366 TV:0.5362 VA:1.0462 CE:0.2057
2026-03-09 14:15:21,166 - utils.logger2026-03-09-14.12.19 - INFO - Cur epoch 40 loss TA:0.2635 TV:0.2647 VA:0.4629 CE:0.2106
2026-03-09 14:15:21,248 - utils.logger2026-03-09-14.12.19 - INFO - saving the model at the end of epoch 40, iters 1120
2026-03-09 14:15:21,479 - utils.logger2026-03-09-14.12.19 - INFO - End of training epoch 40 / 40 	 Time Taken: 3 sec
2026-03-09 14:15:21,480 - utils.logger2026-03-09-14.12.19 - INFO - learning rate = 0.0000000
2026-03-09 14:15:22,126 - utils.logger2026-03-09-14.12.19 - INFO - Val result of epoch 40 / 40 mae 0.8298 corr 0.6554 f1 0.7837
2026-03-09 14:15:22,905 - utils.logger2026-03-09-14.12.19 - INFO - Tst result of epoch 40 / 40 mae 0.7891 corr 0.7551 f1 0.8195
2026-03-09 14:15:22,905 - utils.logger2026-03-09-14.12.19 - INFO - Best eval epoch 32 found with MAE 0.782460
2026-03-09 14:15:22,905 - utils.logger2026-03-09-14.12.19 - INFO - Loading best model found on val set: epoch-32
2026-03-09 14:15:24,333 - utils.logger2026-03-09-14.12.19 - INFO - Tst result mae 0.7825 corr 0.7509 f1 0.8105
