2026-03-04 20:34:13,737 - utils.logger2026-03-04-20.34.13 - INFO - The number of training samples = 1750
2026-03-04 20:34:16,435 - utils.logger2026-03-04-20.34.13 - INFO - Cur epoch 1 loss TA:1.0354 TV:1.0356 VA:2.0692 CE:9.8597
2026-03-04 20:34:17,352 - utils.logger2026-03-04-20.34.13 - INFO - Cur epoch 1 loss TA:1.0363 TV:1.0355 VA:2.0747 CE:6.5308
2026-03-04 20:34:18,180 - utils.logger2026-03-04-20.34.13 - INFO - saving the model at the end of epoch 1, iters 28
2026-03-04 20:34:18,345 - utils.logger2026-03-04-20.34.13 - INFO - End of training epoch 1 / 40 	 Time Taken: 3 sec
2026-03-04 20:34:18,346 - utils.logger2026-03-04-20.34.13 - INFO - learning rate = 0.0002000
2026-03-04 20:34:18,918 - utils.logger2026-03-04-20.34.13 - INFO - Val result of epoch 1 / 40 acc 0.5625 MAE 0.0779 f1 0.6128
2026-03-04 20:34:19,461 - utils.logger2026-03-04-20.34.13 - INFO - Tst result of epoch 1 / 40 acc 0.5625 MAE 0.0779 f1 0.6128
2026-03-04 20:34:20,037 - utils.logger2026-03-04-20.34.13 - INFO - Cur epoch 2 loss TA:1.0354 TV:1.0349 VA:2.0678 CE:4.7973
2026-03-04 20:34:20,962 - utils.logger2026-03-04-20.34.13 - INFO - Cur epoch 2 loss TA:1.0350 TV:1.0351 VA:2.0659 CE:3.1516
2026-03-04 20:34:21,914 - utils.logger2026-03-04-20.34.13 - INFO - Cur epoch 2 loss TA:1.0344 TV:1.0360 VA:2.0605 CE:3.1345
2026-03-04 20:34:22,554 - utils.logger2026-03-04-20.34.13 - INFO - saving the model at the end of epoch 2, iters 56
2026-03-04 20:34:22,733 - utils.logger2026-03-04-20.34.13 - INFO - End of training epoch 2 / 40 	 Time Taken: 3 sec
2026-03-04 20:34:22,733 - utils.logger2026-03-04-20.34.13 - INFO - learning rate = 0.0002000
2026-03-04 20:34:23,299 - utils.logger2026-03-04-20.34.13 - INFO - Val result of epoch 2 / 40 acc 0.5759 MAE 0.1131 f1 0.5702
2026-03-04 20:34:23,779 - utils.logger2026-03-04-20.34.13 - INFO - Tst result of epoch 2 / 40 acc 0.5759 MAE 0.1131 f1 0.5702
2026-03-04 20:34:24,505 - utils.logger2026-03-04-20.34.13 - INFO - Cur epoch 3 loss TA:1.0335 TV:1.0322 VA:2.0559 CE:2.6193
2026-03-04 20:34:25,473 - utils.logger2026-03-04-20.34.13 - INFO - Cur epoch 3 loss TA:1.0280 TV:1.0305 VA:2.0381 CE:2.4338
2026-03-04 20:34:26,408 - utils.logger2026-03-04-20.34.13 - INFO - Cur epoch 3 loss TA:1.0175 TV:1.0160 VA:2.0243 CE:2.2279
2026-03-04 20:34:26,834 - utils.logger2026-03-04-20.34.13 - INFO - saving the model at the end of epoch 3, iters 84
2026-03-04 20:34:26,982 - utils.logger2026-03-04-20.34.13 - INFO - End of training epoch 3 / 40 	 Time Taken: 3 sec
2026-03-04 20:34:26,983 - utils.logger2026-03-04-20.34.13 - INFO - learning rate = 0.0002000
2026-03-04 20:34:27,665 - utils.logger2026-03-04-20.34.13 - INFO - Val result of epoch 3 / 40 acc 0.6116 MAE 0.3427 f1 0.6353
2026-03-04 20:34:28,447 - utils.logger2026-03-04-20.34.13 - INFO - Tst result of epoch 3 / 40 acc 0.6116 MAE 0.3427 f1 0.6353
2026-03-04 20:34:29,719 - utils.logger2026-03-04-20.34.13 - INFO - Cur epoch 4 loss TA:1.0114 TV:1.0169 VA:1.9853 CE:2.4822
2026-03-04 20:34:30,672 - utils.logger2026-03-04-20.34.13 - INFO - Cur epoch 4 loss TA:0.9776 TV:0.9802 VA:1.9492 CE:2.5722
2026-03-04 20:34:31,563 - utils.logger2026-03-04-20.34.13 - INFO - Cur epoch 4 loss TA:0.9729 TV:0.9682 VA:1.9209 CE:2.5417
2026-03-04 20:34:31,801 - utils.logger2026-03-04-20.34.13 - INFO - saving the model at the end of epoch 4, iters 112
2026-03-04 20:34:31,958 - utils.logger2026-03-04-20.34.13 - INFO - End of training epoch 4 / 40 	 Time Taken: 3 sec
2026-03-04 20:34:31,959 - utils.logger2026-03-04-20.34.13 - INFO - learning rate = 0.0002000
2026-03-04 20:34:32,495 - utils.logger2026-03-04-20.34.13 - INFO - Val result of epoch 4 / 40 acc 0.6696 MAE 0.5049 f1 0.6726
2026-03-04 20:34:32,962 - utils.logger2026-03-04-20.34.13 - INFO - Tst result of epoch 4 / 40 acc 0.6696 MAE 0.5049 f1 0.6726
2026-03-04 20:34:34,003 - utils.logger2026-03-04-20.34.13 - INFO - Cur epoch 5 loss TA:0.9579 TV:0.9616 VA:1.9116 CE:2.0234
2026-03-04 20:34:34,842 - utils.logger2026-03-04-20.34.13 - INFO - Cur epoch 5 loss TA:0.9527 TV:0.9351 VA:1.8819 CE:1.8086
2026-03-04 20:34:35,669 - utils.logger2026-03-04-20.34.13 - INFO - Cur epoch 5 loss TA:0.6447 TV:0.6514 VA:1.2846 CE:2.0008
2026-03-04 20:34:35,720 - utils.logger2026-03-04-20.34.13 - INFO - saving the model at the end of epoch 5, iters 140
2026-03-04 20:34:35,876 - utils.logger2026-03-04-20.34.13 - INFO - End of training epoch 5 / 40 	 Time Taken: 2 sec
2026-03-04 20:34:35,876 - utils.logger2026-03-04-20.34.13 - INFO - learning rate = 0.0002000
2026-03-04 20:34:36,370 - utils.logger2026-03-04-20.34.13 - INFO - Val result of epoch 5 / 40 acc 0.6339 MAE 0.5774 f1 0.6525
2026-03-04 20:34:36,861 - utils.logger2026-03-04-20.34.13 - INFO - Tst result of epoch 5 / 40 acc 0.6339 MAE 0.5774 f1 0.6525
2026-03-04 20:34:38,077 - utils.logger2026-03-04-20.34.13 - INFO - Cur epoch 6 loss TA:0.9371 TV:0.9216 VA:1.8464 CE:1.9701
2026-03-04 20:34:39,052 - utils.logger2026-03-04-20.34.13 - INFO - Cur epoch 6 loss TA:0.9257 TV:0.9211 VA:1.8271 CE:1.8676
2026-03-04 20:34:39,888 - utils.logger2026-03-04-20.34.13 - INFO - saving the model at the end of epoch 6, iters 168
2026-03-04 20:34:40,056 - utils.logger2026-03-04-20.34.13 - INFO - End of training epoch 6 / 40 	 Time Taken: 3 sec
2026-03-04 20:34:40,057 - utils.logger2026-03-04-20.34.13 - INFO - learning rate = 0.0002000
2026-03-04 20:34:40,570 - utils.logger2026-03-04-20.34.13 - INFO - Val result of epoch 6 / 40 acc 0.7232 MAE 0.6011 f1 0.7278
2026-03-04 20:34:41,068 - utils.logger2026-03-04-20.34.13 - INFO - Tst result of epoch 6 / 40 acc 0.7232 MAE 0.6011 f1 0.7278
2026-03-04 20:34:41,563 - utils.logger2026-03-04-20.34.13 - INFO - Cur epoch 7 loss TA:0.9183 TV:0.9159 VA:1.7767 CE:1.4674
2026-03-04 20:34:42,423 - utils.logger2026-03-04-20.34.13 - INFO - Cur epoch 7 loss TA:0.9031 TV:0.9190 VA:1.8021 CE:1.2264
2026-03-04 20:34:43,324 - utils.logger2026-03-04-20.34.13 - INFO - Cur epoch 7 loss TA:0.9009 TV:0.9011 VA:1.7551 CE:1.6586
2026-03-04 20:34:43,915 - utils.logger2026-03-04-20.34.13 - INFO - saving the model at the end of epoch 7, iters 196
2026-03-04 20:34:44,052 - utils.logger2026-03-04-20.34.13 - INFO - End of training epoch 7 / 40 	 Time Taken: 2 sec
2026-03-04 20:34:44,052 - utils.logger2026-03-04-20.34.13 - INFO - learning rate = 0.0002000
2026-03-04 20:34:44,597 - utils.logger2026-03-04-20.34.13 - INFO - Val result of epoch 7 / 40 acc 0.7768 MAE 0.6298 f1 0.7840
2026-03-04 20:34:45,067 - utils.logger2026-03-04-20.34.13 - INFO - Tst result of epoch 7 / 40 acc 0.7768 MAE 0.6298 f1 0.7840
2026-03-04 20:34:45,734 - utils.logger2026-03-04-20.34.13 - INFO - Cur epoch 8 loss TA:0.9027 TV:0.9077 VA:1.7505 CE:1.2543
2026-03-04 20:34:46,604 - utils.logger2026-03-04-20.34.13 - INFO - Cur epoch 8 loss TA:0.8834 TV:0.8924 VA:1.7263 CE:1.6023
2026-03-04 20:34:47,488 - utils.logger2026-03-04-20.34.13 - INFO - Cur epoch 8 loss TA:0.8851 TV:0.8988 VA:1.7731 CE:1.5732
2026-03-04 20:34:47,914 - utils.logger2026-03-04-20.34.13 - INFO - saving the model at the end of epoch 8, iters 224
2026-03-04 20:34:48,055 - utils.logger2026-03-04-20.34.13 - INFO - End of training epoch 8 / 40 	 Time Taken: 2 sec
2026-03-04 20:34:48,055 - utils.logger2026-03-04-20.34.13 - INFO - learning rate = 0.0002000
2026-03-04 20:34:48,586 - utils.logger2026-03-04-20.34.13 - INFO - Val result of epoch 8 / 40 acc 0.7500 MAE 0.6615 f1 0.7614
2026-03-04 20:34:49,082 - utils.logger2026-03-04-20.34.13 - INFO - Tst result of epoch 8 / 40 acc 0.7500 MAE 0.6615 f1 0.7614
2026-03-04 20:34:50,021 - utils.logger2026-03-04-20.34.13 - INFO - Cur epoch 9 loss TA:0.8883 TV:0.8820 VA:1.7457 CE:1.4603
2026-03-04 20:34:50,982 - utils.logger2026-03-04-20.34.13 - INFO - Cur epoch 9 loss TA:0.8787 TV:0.8613 VA:1.7201 CE:1.1132
2026-03-04 20:34:51,946 - utils.logger2026-03-04-20.34.13 - INFO - Cur epoch 9 loss TA:0.8759 TV:0.8730 VA:1.6804 CE:0.9773
2026-03-04 20:34:52,195 - utils.logger2026-03-04-20.34.13 - INFO - saving the model at the end of epoch 9, iters 252
2026-03-04 20:34:52,347 - utils.logger2026-03-04-20.34.13 - INFO - End of training epoch 9 / 40 	 Time Taken: 3 sec
2026-03-04 20:34:52,347 - utils.logger2026-03-04-20.34.13 - INFO - learning rate = 0.0002000
2026-03-04 20:34:52,913 - utils.logger2026-03-04-20.34.13 - INFO - Val result of epoch 9 / 40 acc 0.7589 MAE 0.6638 f1 0.7652
2026-03-04 20:34:53,431 - utils.logger2026-03-04-20.34.13 - INFO - Tst result of epoch 9 / 40 acc 0.7589 MAE 0.6638 f1 0.7652
2026-03-04 20:34:54,421 - utils.logger2026-03-04-20.34.13 - INFO - Cur epoch 10 loss TA:0.8810 TV:0.8842 VA:1.7481 CE:0.9887
2026-03-04 20:34:55,282 - utils.logger2026-03-04-20.34.13 - INFO - Cur epoch 10 loss TA:0.8810 TV:0.8817 VA:1.6990 CE:1.5083
2026-03-04 20:34:56,156 - utils.logger2026-03-04-20.34.13 - INFO - Cur epoch 10 loss TA:0.6170 TV:0.6371 VA:1.1062 CE:1.2572
2026-03-04 20:34:56,216 - utils.logger2026-03-04-20.34.13 - INFO - saving the model at the end of epoch 10, iters 280
2026-03-04 20:34:56,349 - utils.logger2026-03-04-20.34.13 - INFO - End of training epoch 10 / 40 	 Time Taken: 2 sec
2026-03-04 20:34:56,349 - utils.logger2026-03-04-20.34.13 - INFO - learning rate = 0.0002000
2026-03-04 20:34:56,862 - utils.logger2026-03-04-20.34.13 - INFO - Val result of epoch 10 / 40 acc 0.7812 MAE 0.6545 f1 0.7893
2026-03-04 20:34:57,367 - utils.logger2026-03-04-20.34.13 - INFO - Tst result of epoch 10 / 40 acc 0.7812 MAE 0.6545 f1 0.7893
2026-03-04 20:34:58,577 - utils.logger2026-03-04-20.34.13 - INFO - Cur epoch 11 loss TA:0.8779 TV:0.8709 VA:1.6811 CE:1.2490
2026-03-04 20:34:59,444 - utils.logger2026-03-04-20.34.13 - INFO - Cur epoch 11 loss TA:0.8532 TV:0.8494 VA:1.6698 CE:0.8422
2026-03-04 20:35:00,200 - utils.logger2026-03-04-20.34.13 - INFO - saving the model at the end of epoch 11, iters 308
2026-03-04 20:35:00,361 - utils.logger2026-03-04-20.34.13 - INFO - End of training epoch 11 / 40 	 Time Taken: 2 sec
2026-03-04 20:35:00,361 - utils.logger2026-03-04-20.34.13 - INFO - learning rate = 0.0002000
2026-03-04 20:35:00,906 - utils.logger2026-03-04-20.34.13 - INFO - Val result of epoch 11 / 40 acc 0.7500 MAE 0.6684 f1 0.7558
2026-03-04 20:35:01,427 - utils.logger2026-03-04-20.34.13 - INFO - Tst result of epoch 11 / 40 acc 0.7500 MAE 0.6684 f1 0.7558
2026-03-04 20:35:01,990 - utils.logger2026-03-04-20.34.13 - INFO - Cur epoch 12 loss TA:0.8410 TV:0.8638 VA:1.6752 CE:0.9137
2026-03-04 20:35:02,971 - utils.logger2026-03-04-20.34.13 - INFO - Cur epoch 12 loss TA:0.8415 TV:0.8554 VA:1.6807 CE:0.7735
2026-03-04 20:35:03,902 - utils.logger2026-03-04-20.34.13 - INFO - Cur epoch 12 loss TA:0.8500 TV:0.8578 VA:1.6651 CE:0.9380
2026-03-04 20:35:04,558 - utils.logger2026-03-04-20.34.13 - INFO - saving the model at the end of epoch 12, iters 336
2026-03-04 20:35:04,718 - utils.logger2026-03-04-20.34.13 - INFO - End of training epoch 12 / 40 	 Time Taken: 3 sec
2026-03-04 20:35:04,718 - utils.logger2026-03-04-20.34.13 - INFO - learning rate = 0.0002000
2026-03-04 20:35:05,261 - utils.logger2026-03-04-20.34.13 - INFO - Val result of epoch 12 / 40 acc 0.7634 MAE 0.6832 f1 0.7699
2026-03-04 20:35:05,780 - utils.logger2026-03-04-20.34.13 - INFO - Tst result of epoch 12 / 40 acc 0.7634 MAE 0.6832 f1 0.7699
2026-03-04 20:35:06,484 - utils.logger2026-03-04-20.34.13 - INFO - Cur epoch 13 loss TA:0.8309 TV:0.8451 VA:1.6122 CE:0.7688
2026-03-04 20:35:07,362 - utils.logger2026-03-04-20.34.13 - INFO - Cur epoch 13 loss TA:0.8497 TV:0.8266 VA:1.5916 CE:0.6935
2026-03-04 20:35:08,319 - utils.logger2026-03-04-20.34.13 - INFO - Cur epoch 13 loss TA:0.8280 TV:0.8261 VA:1.6242 CE:0.9598
2026-03-04 20:35:08,789 - utils.logger2026-03-04-20.34.13 - INFO - saving the model at the end of epoch 13, iters 364
2026-03-04 20:35:08,948 - utils.logger2026-03-04-20.34.13 - INFO - End of training epoch 13 / 40 	 Time Taken: 3 sec
2026-03-04 20:35:08,949 - utils.logger2026-03-04-20.34.13 - INFO - learning rate = 0.0002000
2026-03-04 20:35:09,478 - utils.logger2026-03-04-20.34.13 - INFO - Val result of epoch 13 / 40 acc 0.7500 MAE 0.6875 f1 0.7562
2026-03-04 20:35:09,982 - utils.logger2026-03-04-20.34.13 - INFO - Tst result of epoch 13 / 40 acc 0.7500 MAE 0.6875 f1 0.7562
2026-03-04 20:35:10,928 - utils.logger2026-03-04-20.34.13 - INFO - Cur epoch 14 loss TA:0.7939 TV:0.8229 VA:1.5777 CE:0.6825
2026-03-04 20:35:11,850 - utils.logger2026-03-04-20.34.13 - INFO - Cur epoch 14 loss TA:0.8240 TV:0.8574 VA:1.6040 CE:0.8785
2026-03-04 20:35:12,755 - utils.logger2026-03-04-20.34.13 - INFO - Cur epoch 14 loss TA:0.8026 TV:0.8283 VA:1.5867 CE:0.7295
2026-03-04 20:35:12,993 - utils.logger2026-03-04-20.34.13 - INFO - saving the model at the end of epoch 14, iters 392
2026-03-04 20:35:13,177 - utils.logger2026-03-04-20.34.13 - INFO - End of training epoch 14 / 40 	 Time Taken: 3 sec
2026-03-04 20:35:13,177 - utils.logger2026-03-04-20.34.13 - INFO - learning rate = 0.0002000
2026-03-04 20:35:13,691 - utils.logger2026-03-04-20.34.13 - INFO - Val result of epoch 14 / 40 acc 0.7946 MAE 0.6912 f1 0.8036
2026-03-04 20:35:14,215 - utils.logger2026-03-04-20.34.13 - INFO - Tst result of epoch 14 / 40 acc 0.7946 MAE 0.6912 f1 0.8036
2026-03-04 20:35:15,281 - utils.logger2026-03-04-20.34.13 - INFO - Cur epoch 15 loss TA:0.7980 TV:0.8353 VA:1.5862 CE:0.4974
2026-03-04 20:35:16,204 - utils.logger2026-03-04-20.34.13 - INFO - Cur epoch 15 loss TA:0.7871 TV:0.7970 VA:1.5232 CE:0.7677
2026-03-04 20:35:17,171 - utils.logger2026-03-04-20.34.13 - INFO - Cur epoch 15 loss TA:0.5823 TV:0.5253 VA:1.0573 CE:0.4950
2026-03-04 20:35:17,236 - utils.logger2026-03-04-20.34.13 - INFO - saving the model at the end of epoch 15, iters 420
2026-03-04 20:35:17,395 - utils.logger2026-03-04-20.34.13 - INFO - End of training epoch 15 / 40 	 Time Taken: 3 sec
2026-03-04 20:35:17,395 - utils.logger2026-03-04-20.34.13 - INFO - learning rate = 0.0002000
2026-03-04 20:35:17,890 - utils.logger2026-03-04-20.34.13 - INFO - Val result of epoch 15 / 40 acc 0.7143 MAE 0.6837 f1 0.7167
2026-03-04 20:35:18,387 - utils.logger2026-03-04-20.34.13 - INFO - Tst result of epoch 15 / 40 acc 0.7143 MAE 0.6837 f1 0.7167
2026-03-04 20:35:19,691 - utils.logger2026-03-04-20.34.13 - INFO - Cur epoch 16 loss TA:0.7902 TV:0.7874 VA:1.5507 CE:0.6197
2026-03-04 20:35:20,657 - utils.logger2026-03-04-20.34.13 - INFO - Cur epoch 16 loss TA:0.7966 TV:0.8007 VA:1.5309 CE:0.5951
2026-03-04 20:35:21,467 - utils.logger2026-03-04-20.34.13 - INFO - saving the model at the end of epoch 16, iters 448
2026-03-04 20:35:21,606 - utils.logger2026-03-04-20.34.13 - INFO - End of training epoch 16 / 40 	 Time Taken: 3 sec
2026-03-04 20:35:21,606 - utils.logger2026-03-04-20.34.13 - INFO - learning rate = 0.0002000
2026-03-04 20:35:22,075 - utils.logger2026-03-04-20.34.13 - INFO - Val result of epoch 16 / 40 acc 0.7679 MAE 0.6873 f1 0.7746
2026-03-04 20:35:22,564 - utils.logger2026-03-04-20.34.13 - INFO - Tst result of epoch 16 / 40 acc 0.7679 MAE 0.6873 f1 0.7746
2026-03-04 20:35:23,067 - utils.logger2026-03-04-20.34.13 - INFO - Cur epoch 17 loss TA:0.7535 TV:0.7944 VA:1.5438 CE:0.5950
2026-03-04 20:35:23,863 - utils.logger2026-03-04-20.34.13 - INFO - Cur epoch 17 loss TA:0.7680 TV:0.7733 VA:1.4700 CE:0.4810
2026-03-04 20:35:24,724 - utils.logger2026-03-04-20.34.13 - INFO - Cur epoch 17 loss TA:0.7593 TV:0.7680 VA:1.5168 CE:0.6677
2026-03-04 20:35:25,303 - utils.logger2026-03-04-20.34.13 - INFO - saving the model at the end of epoch 17, iters 476
2026-03-04 20:35:25,451 - utils.logger2026-03-04-20.34.13 - INFO - End of training epoch 17 / 40 	 Time Taken: 2 sec
2026-03-04 20:35:25,451 - utils.logger2026-03-04-20.34.13 - INFO - learning rate = 0.0002000
2026-03-04 20:35:25,957 - utils.logger2026-03-04-20.34.13 - INFO - Val result of epoch 17 / 40 acc 0.7679 MAE 0.6831 f1 0.7749
2026-03-04 20:35:26,470 - utils.logger2026-03-04-20.34.13 - INFO - Tst result of epoch 17 / 40 acc 0.7679 MAE 0.6831 f1 0.7749
2026-03-04 20:35:27,172 - utils.logger2026-03-04-20.34.13 - INFO - Cur epoch 18 loss TA:0.7758 TV:0.7964 VA:1.5864 CE:0.6385
2026-03-04 20:35:28,089 - utils.logger2026-03-04-20.34.13 - INFO - Cur epoch 18 loss TA:0.7491 TV:0.7650 VA:1.4773 CE:0.6647
2026-03-04 20:35:29,063 - utils.logger2026-03-04-20.34.13 - INFO - Cur epoch 18 loss TA:0.7696 TV:0.7687 VA:1.5346 CE:0.5516
2026-03-04 20:35:29,467 - utils.logger2026-03-04-20.34.13 - INFO - saving the model at the end of epoch 18, iters 504
2026-03-04 20:35:29,618 - utils.logger2026-03-04-20.34.13 - INFO - End of training epoch 18 / 40 	 Time Taken: 3 sec
2026-03-04 20:35:29,619 - utils.logger2026-03-04-20.34.13 - INFO - learning rate = 0.0002000
2026-03-04 20:35:30,164 - utils.logger2026-03-04-20.34.13 - INFO - Val result of epoch 18 / 40 acc 0.7455 MAE 0.6713 f1 0.7512
2026-03-04 20:35:30,701 - utils.logger2026-03-04-20.34.13 - INFO - Tst result of epoch 18 / 40 acc 0.7455 MAE 0.6713 f1 0.7512
2026-03-04 20:35:31,635 - utils.logger2026-03-04-20.34.13 - INFO - Cur epoch 19 loss TA:0.7738 TV:0.7593 VA:1.5363 CE:0.5870
2026-03-04 20:35:32,547 - utils.logger2026-03-04-20.34.13 - INFO - Cur epoch 19 loss TA:0.7553 TV:0.7646 VA:1.4486 CE:0.4750
2026-03-04 20:35:33,475 - utils.logger2026-03-04-20.34.13 - INFO - Cur epoch 19 loss TA:0.7605 TV:0.7757 VA:1.4801 CE:0.6164
2026-03-04 20:35:33,714 - utils.logger2026-03-04-20.34.13 - INFO - saving the model at the end of epoch 19, iters 532
2026-03-04 20:35:33,870 - utils.logger2026-03-04-20.34.13 - INFO - End of training epoch 19 / 40 	 Time Taken: 3 sec
2026-03-04 20:35:33,870 - utils.logger2026-03-04-20.34.13 - INFO - learning rate = 0.0002000
2026-03-04 20:35:34,401 - utils.logger2026-03-04-20.34.13 - INFO - Val result of epoch 19 / 40 acc 0.7812 MAE 0.6857 f1 0.7886
2026-03-04 20:35:34,938 - utils.logger2026-03-04-20.34.13 - INFO - Tst result of epoch 19 / 40 acc 0.7812 MAE 0.6857 f1 0.7886
2026-03-04 20:35:36,113 - utils.logger2026-03-04-20.34.13 - INFO - Cur epoch 20 loss TA:0.7465 TV:0.7275 VA:1.4715 CE:0.4761
2026-03-04 20:35:37,106 - utils.logger2026-03-04-20.34.13 - INFO - Cur epoch 20 loss TA:0.6939 TV:0.7224 VA:1.4443 CE:0.4453
2026-03-04 20:35:38,093 - utils.logger2026-03-04-20.34.13 - INFO - Cur epoch 20 loss TA:0.4931 TV:0.4605 VA:0.9434 CE:0.6112
2026-03-04 20:35:38,161 - utils.logger2026-03-04-20.34.13 - INFO - saving the model at the end of epoch 20, iters 560
2026-03-04 20:35:38,334 - utils.logger2026-03-04-20.34.13 - INFO - End of training epoch 20 / 40 	 Time Taken: 3 sec
2026-03-04 20:35:38,334 - utils.logger2026-03-04-20.34.13 - INFO - learning rate = 0.0002000
2026-03-04 20:35:38,932 - utils.logger2026-03-04-20.34.13 - INFO - Val result of epoch 20 / 40 acc 0.7723 MAE 0.6846 f1 0.7747
2026-03-04 20:35:39,484 - utils.logger2026-03-04-20.34.13 - INFO - Tst result of epoch 20 / 40 acc 0.7723 MAE 0.6846 f1 0.7747
2026-03-04 20:35:40,756 - utils.logger2026-03-04-20.34.13 - INFO - Cur epoch 21 loss TA:0.7317 TV:0.7560 VA:1.4556 CE:0.4277
2026-03-04 20:35:41,720 - utils.logger2026-03-04-20.34.13 - INFO - Cur epoch 21 loss TA:0.7276 TV:0.7191 VA:1.4180 CE:0.4781
2026-03-04 20:35:42,492 - utils.logger2026-03-04-20.34.13 - INFO - saving the model at the end of epoch 21, iters 588
2026-03-04 20:35:42,651 - utils.logger2026-03-04-20.34.13 - INFO - End of training epoch 21 / 40 	 Time Taken: 3 sec
2026-03-04 20:35:42,651 - utils.logger2026-03-04-20.34.13 - INFO - learning rate = 0.0002000
2026-03-04 20:35:43,173 - utils.logger2026-03-04-20.34.13 - INFO - Val result of epoch 21 / 40 acc 0.7679 MAE 0.6914 f1 0.7712
2026-03-04 20:35:43,691 - utils.logger2026-03-04-20.34.13 - INFO - Tst result of epoch 21 / 40 acc 0.7679 MAE 0.6914 f1 0.7712
2026-03-04 20:35:44,231 - utils.logger2026-03-04-20.34.13 - INFO - Cur epoch 22 loss TA:0.7612 TV:0.7319 VA:1.4483 CE:0.5825
2026-03-04 20:35:45,206 - utils.logger2026-03-04-20.34.13 - INFO - Cur epoch 22 loss TA:0.7379 TV:0.7616 VA:1.4556 CE:0.4500
2026-03-04 20:35:46,157 - utils.logger2026-03-04-20.34.13 - INFO - Cur epoch 22 loss TA:0.7208 TV:0.7181 VA:1.3899 CE:0.4206
2026-03-04 20:35:46,831 - utils.logger2026-03-04-20.34.13 - INFO - saving the model at the end of epoch 22, iters 616
2026-03-04 20:35:47,005 - utils.logger2026-03-04-20.34.13 - INFO - End of training epoch 22 / 40 	 Time Taken: 3 sec
2026-03-04 20:35:47,005 - utils.logger2026-03-04-20.34.13 - INFO - learning rate = 0.0002000
2026-03-04 20:35:47,502 - utils.logger2026-03-04-20.34.13 - INFO - Val result of epoch 22 / 40 acc 0.7545 MAE 0.6871 f1 0.7652
2026-03-04 20:35:48,033 - utils.logger2026-03-04-20.34.13 - INFO - Tst result of epoch 22 / 40 acc 0.7545 MAE 0.6871 f1 0.7652
2026-03-04 20:35:48,838 - utils.logger2026-03-04-20.34.13 - INFO - Cur epoch 23 loss TA:0.6980 TV:0.6937 VA:1.4323 CE:0.3089
2026-03-04 20:35:49,796 - utils.logger2026-03-04-20.34.13 - INFO - Cur epoch 23 loss TA:0.7032 TV:0.7436 VA:1.4492 CE:0.5415
2026-03-04 20:35:50,717 - utils.logger2026-03-04-20.34.13 - INFO - Cur epoch 23 loss TA:0.6940 TV:0.7085 VA:1.3813 CE:0.4202
2026-03-04 20:35:51,145 - utils.logger2026-03-04-20.34.13 - INFO - saving the model at the end of epoch 23, iters 644
2026-03-04 20:35:51,277 - utils.logger2026-03-04-20.34.13 - INFO - End of training epoch 23 / 40 	 Time Taken: 3 sec
2026-03-04 20:35:51,278 - utils.logger2026-03-04-20.34.13 - INFO - learning rate = 0.0002000
2026-03-04 20:35:51,802 - utils.logger2026-03-04-20.34.13 - INFO - Val result of epoch 23 / 40 acc 0.7411 MAE 0.6897 f1 0.7465
2026-03-04 20:35:52,310 - utils.logger2026-03-04-20.34.13 - INFO - Tst result of epoch 23 / 40 acc 0.7411 MAE 0.6897 f1 0.7465
2026-03-04 20:35:53,232 - utils.logger2026-03-04-20.34.13 - INFO - Cur epoch 24 loss TA:0.7136 TV:0.7197 VA:1.3756 CE:0.5053
2026-03-04 20:35:54,189 - utils.logger2026-03-04-20.34.13 - INFO - Cur epoch 24 loss TA:0.6954 TV:0.7371 VA:1.4614 CE:0.5083
2026-03-04 20:35:55,101 - utils.logger2026-03-04-20.34.13 - INFO - Cur epoch 24 loss TA:0.7232 TV:0.7359 VA:1.4564 CE:0.5554
2026-03-04 20:35:55,367 - utils.logger2026-03-04-20.34.13 - INFO - saving the model at the end of epoch 24, iters 672
2026-03-04 20:35:55,532 - utils.logger2026-03-04-20.34.13 - INFO - End of training epoch 24 / 40 	 Time Taken: 3 sec
2026-03-04 20:35:55,532 - utils.logger2026-03-04-20.34.13 - INFO - learning rate = 0.0002000
2026-03-04 20:35:56,083 - utils.logger2026-03-04-20.34.13 - INFO - Val result of epoch 24 / 40 acc 0.7321 MAE 0.6861 f1 0.7343
2026-03-04 20:35:56,583 - utils.logger2026-03-04-20.34.13 - INFO - Tst result of epoch 24 / 40 acc 0.7321 MAE 0.6861 f1 0.7343
2026-03-04 20:35:57,688 - utils.logger2026-03-04-20.34.13 - INFO - Cur epoch 25 loss TA:0.7252 TV:0.7272 VA:1.4364 CE:0.4627
2026-03-04 20:35:58,653 - utils.logger2026-03-04-20.34.13 - INFO - Cur epoch 25 loss TA:0.7399 TV:0.7244 VA:1.4118 CE:0.4192
2026-03-04 20:35:59,619 - utils.logger2026-03-04-20.34.13 - INFO - Cur epoch 25 loss TA:0.4032 TV:0.4581 VA:0.9253 CE:0.4698
2026-03-04 20:35:59,687 - utils.logger2026-03-04-20.34.13 - INFO - saving the model at the end of epoch 25, iters 700
2026-03-04 20:35:59,860 - utils.logger2026-03-04-20.34.13 - INFO - End of training epoch 25 / 40 	 Time Taken: 3 sec
2026-03-04 20:35:59,860 - utils.logger2026-03-04-20.34.13 - INFO - learning rate = 0.0002000
2026-03-04 20:36:00,374 - utils.logger2026-03-04-20.34.13 - INFO - Val result of epoch 25 / 40 acc 0.7723 MAE 0.6880 f1 0.7891
2026-03-04 20:36:00,864 - utils.logger2026-03-04-20.34.13 - INFO - Tst result of epoch 25 / 40 acc 0.7723 MAE 0.6880 f1 0.7891
2026-03-04 20:36:02,031 - utils.logger2026-03-04-20.34.13 - INFO - Cur epoch 26 loss TA:0.6905 TV:0.6796 VA:1.3324 CE:0.4099
2026-03-04 20:36:02,844 - utils.logger2026-03-04-20.34.13 - INFO - Cur epoch 26 loss TA:0.6854 TV:0.6893 VA:1.3988 CE:0.3369
2026-03-04 20:36:03,567 - utils.logger2026-03-04-20.34.13 - INFO - saving the model at the end of epoch 26, iters 728
2026-03-04 20:36:03,732 - utils.logger2026-03-04-20.34.13 - INFO - End of training epoch 26 / 40 	 Time Taken: 2 sec
2026-03-04 20:36:03,732 - utils.logger2026-03-04-20.34.13 - INFO - learning rate = 0.0002000
2026-03-04 20:36:04,209 - utils.logger2026-03-04-20.34.13 - INFO - Val result of epoch 26 / 40 acc 0.7857 MAE 0.6974 f1 0.7888
2026-03-04 20:36:04,698 - utils.logger2026-03-04-20.34.13 - INFO - Tst result of epoch 26 / 40 acc 0.7857 MAE 0.6974 f1 0.7888
2026-03-04 20:36:05,166 - utils.logger2026-03-04-20.34.13 - INFO - Cur epoch 27 loss TA:0.6549 TV:0.6523 VA:1.3386 CE:0.2625
2026-03-04 20:36:06,076 - utils.logger2026-03-04-20.34.13 - INFO - Cur epoch 27 loss TA:0.7065 TV:0.7044 VA:1.4054 CE:0.4082
2026-03-04 20:36:07,006 - utils.logger2026-03-04-20.34.13 - INFO - Cur epoch 27 loss TA:0.7077 TV:0.6853 VA:1.3450 CE:0.3334
2026-03-04 20:36:07,651 - utils.logger2026-03-04-20.34.13 - INFO - saving the model at the end of epoch 27, iters 756
2026-03-04 20:36:07,825 - utils.logger2026-03-04-20.34.13 - INFO - End of training epoch 27 / 40 	 Time Taken: 3 sec
2026-03-04 20:36:07,825 - utils.logger2026-03-04-20.34.13 - INFO - learning rate = 0.0002000
2026-03-04 20:36:08,354 - utils.logger2026-03-04-20.34.13 - INFO - Val result of epoch 27 / 40 acc 0.7812 MAE 0.6956 f1 0.7937
2026-03-04 20:36:08,901 - utils.logger2026-03-04-20.34.13 - INFO - Tst result of epoch 27 / 40 acc 0.7812 MAE 0.6956 f1 0.7937
2026-03-04 20:36:09,648 - utils.logger2026-03-04-20.34.13 - INFO - Cur epoch 28 loss TA:0.6607 TV:0.6665 VA:1.3388 CE:0.3624
2026-03-04 20:36:10,597 - utils.logger2026-03-04-20.34.13 - INFO - Cur epoch 28 loss TA:0.6806 TV:0.6840 VA:1.2991 CE:0.4826
2026-03-04 20:36:11,549 - utils.logger2026-03-04-20.34.13 - INFO - Cur epoch 28 loss TA:0.6788 TV:0.6928 VA:1.3393 CE:0.3551
2026-03-04 20:36:11,980 - utils.logger2026-03-04-20.34.13 - INFO - saving the model at the end of epoch 28, iters 784
2026-03-04 20:36:12,136 - utils.logger2026-03-04-20.34.13 - INFO - End of training epoch 28 / 40 	 Time Taken: 3 sec
2026-03-04 20:36:12,136 - utils.logger2026-03-04-20.34.13 - INFO - learning rate = 0.0002000
2026-03-04 20:36:12,706 - utils.logger2026-03-04-20.34.13 - INFO - Val result of epoch 28 / 40 acc 0.7500 MAE 0.6981 f1 0.7522
2026-03-04 20:36:13,184 - utils.logger2026-03-04-20.34.13 - INFO - Tst result of epoch 28 / 40 acc 0.7500 MAE 0.6981 f1 0.7522
2026-03-04 20:36:14,119 - utils.logger2026-03-04-20.34.13 - INFO - Cur epoch 29 loss TA:0.6818 TV:0.7039 VA:1.3862 CE:0.3691
2026-03-04 20:36:15,054 - utils.logger2026-03-04-20.34.13 - INFO - Cur epoch 29 loss TA:0.6770 TV:0.6836 VA:1.3023 CE:0.4405
2026-03-04 20:36:15,969 - utils.logger2026-03-04-20.34.13 - INFO - Cur epoch 29 loss TA:0.6717 TV:0.6821 VA:1.3887 CE:0.4452
2026-03-04 20:36:16,213 - utils.logger2026-03-04-20.34.13 - INFO - saving the model at the end of epoch 29, iters 812
2026-03-04 20:36:16,377 - utils.logger2026-03-04-20.34.13 - INFO - End of training epoch 29 / 40 	 Time Taken: 3 sec
2026-03-04 20:36:16,377 - utils.logger2026-03-04-20.34.13 - INFO - learning rate = 0.0002000
2026-03-04 20:36:16,902 - utils.logger2026-03-04-20.34.13 - INFO - Val result of epoch 29 / 40 acc 0.7679 MAE 0.7126 f1 0.7755
2026-03-04 20:36:17,399 - utils.logger2026-03-04-20.34.13 - INFO - Tst result of epoch 29 / 40 acc 0.7679 MAE 0.7126 f1 0.7755
2026-03-04 20:36:18,459 - utils.logger2026-03-04-20.34.13 - INFO - Cur epoch 30 loss TA:0.7186 TV:0.7284 VA:1.3906 CE:0.3968
2026-03-04 20:36:19,422 - utils.logger2026-03-04-20.34.13 - INFO - Cur epoch 30 loss TA:0.6641 TV:0.6609 VA:1.3256 CE:0.3152
2026-03-04 20:36:20,401 - utils.logger2026-03-04-20.34.13 - INFO - Cur epoch 30 loss TA:0.3670 TV:0.3839 VA:0.7613 CE:0.4086
2026-03-04 20:36:20,475 - utils.logger2026-03-04-20.34.13 - INFO - saving the model at the end of epoch 30, iters 840
2026-03-04 20:36:20,653 - utils.logger2026-03-04-20.34.13 - INFO - End of training epoch 30 / 40 	 Time Taken: 3 sec
2026-03-04 20:36:20,653 - utils.logger2026-03-04-20.34.13 - INFO - learning rate = 0.0001818
2026-03-04 20:36:21,185 - utils.logger2026-03-04-20.34.13 - INFO - Val result of epoch 30 / 40 acc 0.7768 MAE 0.7166 f1 0.7841
2026-03-04 20:36:21,705 - utils.logger2026-03-04-20.34.13 - INFO - Tst result of epoch 30 / 40 acc 0.7768 MAE 0.7166 f1 0.7841
2026-03-04 20:36:23,069 - utils.logger2026-03-04-20.34.13 - INFO - Cur epoch 31 loss TA:0.6736 TV:0.6482 VA:1.3038 CE:0.3907
2026-03-04 20:36:24,050 - utils.logger2026-03-04-20.34.13 - INFO - Cur epoch 31 loss TA:0.6205 TV:0.6519 VA:1.3485 CE:0.3277
2026-03-04 20:36:24,895 - utils.logger2026-03-04-20.34.13 - INFO - saving the model at the end of epoch 31, iters 868
2026-03-04 20:36:25,050 - utils.logger2026-03-04-20.34.13 - INFO - End of training epoch 31 / 40 	 Time Taken: 3 sec
2026-03-04 20:36:25,050 - utils.logger2026-03-04-20.34.13 - INFO - learning rate = 0.0001636
2026-03-04 20:36:25,599 - utils.logger2026-03-04-20.34.13 - INFO - Val result of epoch 31 / 40 acc 0.7768 MAE 0.7051 f1 0.7840
2026-03-04 20:36:26,101 - utils.logger2026-03-04-20.34.13 - INFO - Tst result of epoch 31 / 40 acc 0.7768 MAE 0.7051 f1 0.7840
2026-03-04 20:36:26,666 - utils.logger2026-03-04-20.34.13 - INFO - Cur epoch 32 loss TA:0.6395 TV:0.6332 VA:1.2503 CE:0.2664
2026-03-04 20:36:27,590 - utils.logger2026-03-04-20.34.13 - INFO - Cur epoch 32 loss TA:0.6497 TV:0.6480 VA:1.3433 CE:0.4317
2026-03-04 20:36:28,597 - utils.logger2026-03-04-20.34.13 - INFO - Cur epoch 32 loss TA:0.6745 TV:0.6729 VA:1.3777 CE:0.2943
2026-03-04 20:36:29,226 - utils.logger2026-03-04-20.34.13 - INFO - saving the model at the end of epoch 32, iters 896
2026-03-04 20:36:29,373 - utils.logger2026-03-04-20.34.13 - INFO - End of training epoch 32 / 40 	 Time Taken: 3 sec
2026-03-04 20:36:29,374 - utils.logger2026-03-04-20.34.13 - INFO - learning rate = 0.0001455
2026-03-04 20:36:29,874 - utils.logger2026-03-04-20.34.13 - INFO - Val result of epoch 32 / 40 acc 0.7500 MAE 0.7096 f1 0.7558
2026-03-04 20:36:30,385 - utils.logger2026-03-04-20.34.13 - INFO - Tst result of epoch 32 / 40 acc 0.7500 MAE 0.7096 f1 0.7558
2026-03-04 20:36:31,151 - utils.logger2026-03-04-20.34.13 - INFO - Cur epoch 33 loss TA:0.6424 TV:0.6603 VA:1.3286 CE:0.3684
2026-03-04 20:36:32,082 - utils.logger2026-03-04-20.34.13 - INFO - Cur epoch 33 loss TA:0.6563 TV:0.6498 VA:1.2805 CE:0.2282
2026-03-04 20:36:33,009 - utils.logger2026-03-04-20.34.13 - INFO - Cur epoch 33 loss TA:0.6264 TV:0.6463 VA:1.2976 CE:0.3710
2026-03-04 20:36:33,444 - utils.logger2026-03-04-20.34.13 - INFO - saving the model at the end of epoch 33, iters 924
2026-03-04 20:36:33,585 - utils.logger2026-03-04-20.34.13 - INFO - End of training epoch 33 / 40 	 Time Taken: 3 sec
2026-03-04 20:36:33,586 - utils.logger2026-03-04-20.34.13 - INFO - learning rate = 0.0001273
2026-03-04 20:36:34,118 - utils.logger2026-03-04-20.34.13 - INFO - Val result of epoch 33 / 40 acc 0.7812 MAE 0.6967 f1 0.7937
2026-03-04 20:36:34,657 - utils.logger2026-03-04-20.34.13 - INFO - Tst result of epoch 33 / 40 acc 0.7812 MAE 0.6967 f1 0.7937
2026-03-04 20:36:35,550 - utils.logger2026-03-04-20.34.13 - INFO - Cur epoch 34 loss TA:0.6250 TV:0.6264 VA:1.2434 CE:0.3409
2026-03-04 20:36:36,411 - utils.logger2026-03-04-20.34.13 - INFO - Cur epoch 34 loss TA:0.6271 TV:0.6399 VA:1.2858 CE:0.2521
2026-03-04 20:36:37,374 - utils.logger2026-03-04-20.34.13 - INFO - Cur epoch 34 loss TA:0.6674 TV:0.6335 VA:1.2622 CE:0.3826
2026-03-04 20:36:37,629 - utils.logger2026-03-04-20.34.13 - INFO - saving the model at the end of epoch 34, iters 952
2026-03-04 20:36:37,779 - utils.logger2026-03-04-20.34.13 - INFO - End of training epoch 34 / 40 	 Time Taken: 3 sec
2026-03-04 20:36:37,779 - utils.logger2026-03-04-20.34.13 - INFO - learning rate = 0.0001091
2026-03-04 20:36:38,312 - utils.logger2026-03-04-20.34.13 - INFO - Val result of epoch 34 / 40 acc 0.7812 MAE 0.7053 f1 0.7842
2026-03-04 20:36:38,845 - utils.logger2026-03-04-20.34.13 - INFO - Tst result of epoch 34 / 40 acc 0.7812 MAE 0.7053 f1 0.7842
2026-03-04 20:36:39,880 - utils.logger2026-03-04-20.34.13 - INFO - Cur epoch 35 loss TA:0.6534 TV:0.6374 VA:1.2655 CE:0.2549
2026-03-04 20:36:40,764 - utils.logger2026-03-04-20.34.13 - INFO - Cur epoch 35 loss TA:0.6306 TV:0.6400 VA:1.2935 CE:0.2277
2026-03-04 20:36:41,612 - utils.logger2026-03-04-20.34.13 - INFO - Cur epoch 35 loss TA:0.3459 TV:0.3527 VA:0.6593 CE:0.3184
2026-03-04 20:36:41,678 - utils.logger2026-03-04-20.34.13 - INFO - saving the model at the end of epoch 35, iters 980
2026-03-04 20:36:41,809 - utils.logger2026-03-04-20.34.13 - INFO - End of training epoch 35 / 40 	 Time Taken: 2 sec
2026-03-04 20:36:41,809 - utils.logger2026-03-04-20.34.13 - INFO - learning rate = 0.0000909
2026-03-04 20:36:42,268 - utils.logger2026-03-04-20.34.13 - INFO - Val result of epoch 35 / 40 acc 0.7812 MAE 0.7075 f1 0.7934
2026-03-04 20:36:42,766 - utils.logger2026-03-04-20.34.13 - INFO - Tst result of epoch 35 / 40 acc 0.7812 MAE 0.7075 f1 0.7934
2026-03-04 20:36:43,882 - utils.logger2026-03-04-20.34.13 - INFO - Cur epoch 36 loss TA:0.6419 TV:0.6228 VA:1.2785 CE:0.2253
2026-03-04 20:36:44,715 - utils.logger2026-03-04-20.34.13 - INFO - Cur epoch 36 loss TA:0.6203 TV:0.6241 VA:1.2555 CE:0.2233
2026-03-04 20:36:45,481 - utils.logger2026-03-04-20.34.13 - INFO - saving the model at the end of epoch 36, iters 1008
2026-03-04 20:36:45,637 - utils.logger2026-03-04-20.34.13 - INFO - End of training epoch 36 / 40 	 Time Taken: 2 sec
2026-03-04 20:36:45,638 - utils.logger2026-03-04-20.34.13 - INFO - learning rate = 0.0000727
2026-03-04 20:36:46,217 - utils.logger2026-03-04-20.34.13 - INFO - Val result of epoch 36 / 40 acc 0.7812 MAE 0.6982 f1 0.7935
2026-03-04 20:36:46,742 - utils.logger2026-03-04-20.34.13 - INFO - Tst result of epoch 36 / 40 acc 0.7812 MAE 0.6982 f1 0.7935
2026-03-04 20:36:47,344 - utils.logger2026-03-04-20.34.13 - INFO - Cur epoch 37 loss TA:0.6162 TV:0.6326 VA:1.2525 CE:0.2593
2026-03-04 20:36:48,294 - utils.logger2026-03-04-20.34.13 - INFO - Cur epoch 37 loss TA:0.6297 TV:0.6209 VA:1.2960 CE:0.2889
2026-03-04 20:36:49,183 - utils.logger2026-03-04-20.34.13 - INFO - Cur epoch 37 loss TA:0.5973 TV:0.5883 VA:1.2078 CE:0.2327
2026-03-04 20:36:49,812 - utils.logger2026-03-04-20.34.13 - INFO - saving the model at the end of epoch 37, iters 1036
2026-03-04 20:36:49,977 - utils.logger2026-03-04-20.34.13 - INFO - End of training epoch 37 / 40 	 Time Taken: 3 sec
2026-03-04 20:36:49,977 - utils.logger2026-03-04-20.34.13 - INFO - learning rate = 0.0000545
2026-03-04 20:36:50,511 - utils.logger2026-03-04-20.34.13 - INFO - Val result of epoch 37 / 40 acc 0.7857 MAE 0.7019 f1 0.7933
2026-03-04 20:36:51,029 - utils.logger2026-03-04-20.34.13 - INFO - Tst result of epoch 37 / 40 acc 0.7857 MAE 0.7019 f1 0.7933
2026-03-04 20:36:51,746 - utils.logger2026-03-04-20.34.13 - INFO - Cur epoch 38 loss TA:0.6046 TV:0.6000 VA:1.2644 CE:0.2703
2026-03-04 20:36:52,628 - utils.logger2026-03-04-20.34.13 - INFO - Cur epoch 38 loss TA:0.6356 TV:0.5999 VA:1.2473 CE:0.2064
2026-03-04 20:36:53,572 - utils.logger2026-03-04-20.34.13 - INFO - Cur epoch 38 loss TA:0.5861 TV:0.5991 VA:1.2017 CE:0.2733
2026-03-04 20:36:53,980 - utils.logger2026-03-04-20.34.13 - INFO - saving the model at the end of epoch 38, iters 1064
2026-03-04 20:36:54,115 - utils.logger2026-03-04-20.34.13 - INFO - End of training epoch 38 / 40 	 Time Taken: 3 sec
2026-03-04 20:36:54,116 - utils.logger2026-03-04-20.34.13 - INFO - learning rate = 0.0000364
2026-03-04 20:36:54,613 - utils.logger2026-03-04-20.34.13 - INFO - Val result of epoch 38 / 40 acc 0.7857 MAE 0.7096 f1 0.7981
2026-03-04 20:36:55,166 - utils.logger2026-03-04-20.34.13 - INFO - Tst result of epoch 38 / 40 acc 0.7857 MAE 0.7096 f1 0.7981
2026-03-04 20:36:56,157 - utils.logger2026-03-04-20.34.13 - INFO - Cur epoch 39 loss TA:0.6352 TV:0.6371 VA:1.2556 CE:0.2414
2026-03-04 20:36:57,044 - utils.logger2026-03-04-20.34.13 - INFO - Cur epoch 39 loss TA:0.6082 TV:0.6288 VA:1.2533 CE:0.2395
2026-03-04 20:36:58,018 - utils.logger2026-03-04-20.34.13 - INFO - Cur epoch 39 loss TA:0.6176 TV:0.6193 VA:1.2599 CE:0.2659
2026-03-04 20:36:58,247 - utils.logger2026-03-04-20.34.13 - INFO - saving the model at the end of epoch 39, iters 1092
2026-03-04 20:36:58,424 - utils.logger2026-03-04-20.34.13 - INFO - End of training epoch 39 / 40 	 Time Taken: 3 sec
2026-03-04 20:36:58,424 - utils.logger2026-03-04-20.34.13 - INFO - learning rate = 0.0000182
2026-03-04 20:36:58,967 - utils.logger2026-03-04-20.34.13 - INFO - Val result of epoch 39 / 40 acc 0.7812 MAE 0.7083 f1 0.7933
2026-03-04 20:36:59,496 - utils.logger2026-03-04-20.34.13 - INFO - Tst result of epoch 39 / 40 acc 0.7812 MAE 0.7083 f1 0.7933
2026-03-04 20:37:00,649 - utils.logger2026-03-04-20.34.13 - INFO - Cur epoch 40 loss TA:0.6225 TV:0.6165 VA:1.2652 CE:0.3802
2026-03-04 20:37:01,604 - utils.logger2026-03-04-20.34.13 - INFO - Cur epoch 40 loss TA:0.5911 TV:0.5761 VA:1.1892 CE:0.2676
2026-03-04 20:37:02,507 - utils.logger2026-03-04-20.34.13 - INFO - Cur epoch 40 loss TA:0.3044 TV:0.3212 VA:0.6397 CE:0.2053
2026-03-04 20:37:02,572 - utils.logger2026-03-04-20.34.13 - INFO - saving the model at the end of epoch 40, iters 1120
2026-03-04 20:37:02,721 - utils.logger2026-03-04-20.34.13 - INFO - End of training epoch 40 / 40 	 Time Taken: 3 sec
2026-03-04 20:37:02,721 - utils.logger2026-03-04-20.34.13 - INFO - learning rate = 0.0000000
2026-03-04 20:37:03,268 - utils.logger2026-03-04-20.34.13 - INFO - Val result of epoch 40 / 40 acc 0.7768 MAE 0.7061 f1 0.7886
2026-03-04 20:37:03,784 - utils.logger2026-03-04-20.34.13 - INFO - Tst result of epoch 40 / 40 acc 0.7768 MAE 0.7061 f1 0.7886
2026-03-04 20:37:03,784 - utils.logger2026-03-04-20.34.13 - INFO - Best eval epoch 14 found with f1 0.803649
