2026-03-09 14:08:12,430 - utils.logger2026-03-09-14.08.12 - INFO - The number of training samples = 1750
2026-03-09 14:08:12,430 - utils.logger2026-03-09-14.08.12 - INFO - The number of testing samples = 224
2026-03-09 14:08:14,123 - utils.logger2026-03-09-14.08.12 - INFO - Cur epoch 1 loss TA:1.0372 TV:1.0378 VA:2.0710 CE:3.8919
2026-03-09 14:08:14,630 - utils.logger2026-03-09-14.08.12 - INFO - Cur epoch 1 loss TA:1.0355 TV:1.0357 VA:2.0742 CE:2.6622
2026-03-09 14:08:14,983 - utils.logger2026-03-09-14.08.12 - INFO - saving the model at the end of epoch 1, iters 28
2026-03-09 14:08:15,226 - utils.logger2026-03-09-14.08.12 - INFO - End of training epoch 1 / 40 	 Time Taken: 2 sec
2026-03-09 14:08:15,227 - utils.logger2026-03-09-14.08.12 - INFO - learning rate = 0.0002000
2026-03-09 14:08:15,680 - utils.logger2026-03-09-14.08.12 - INFO - Val result of epoch 1 / 40 mae 1.2456 corr 0.4417 f1 0.6960
2026-03-09 14:08:16,114 - utils.logger2026-03-09-14.08.12 - INFO - Tst result of epoch 1 / 40 mae 1.2715 corr 0.4157 f1 0.6641
2026-03-09 14:08:16,563 - utils.logger2026-03-09-14.08.12 - INFO - Cur epoch 2 loss TA:1.0298 TV:1.0327 VA:2.0657 CE:3.1640
2026-03-09 14:08:17,113 - utils.logger2026-03-09-14.08.12 - INFO - Cur epoch 2 loss TA:1.0298 TV:1.0256 VA:2.0648 CE:2.6714
2026-03-09 14:08:17,622 - utils.logger2026-03-09-14.08.12 - INFO - Cur epoch 2 loss TA:1.0188 TV:1.0280 VA:2.0486 CE:2.6740
2026-03-09 14:08:17,926 - utils.logger2026-03-09-14.08.12 - INFO - saving the model at the end of epoch 2, iters 56
2026-03-09 14:08:18,035 - utils.logger2026-03-09-14.08.12 - INFO - End of training epoch 2 / 40 	 Time Taken: 1 sec
2026-03-09 14:08:18,035 - utils.logger2026-03-09-14.08.12 - INFO - learning rate = 0.0002000
2026-03-09 14:08:18,510 - utils.logger2026-03-09-14.08.12 - INFO - Val result of epoch 2 / 40 mae 1.1803 corr 0.5539 f1 0.7402
2026-03-09 14:08:18,948 - utils.logger2026-03-09-14.08.12 - INFO - Tst result of epoch 2 / 40 mae 1.2039 corr 0.5229 f1 0.6839
2026-03-09 14:08:19,536 - utils.logger2026-03-09-14.08.12 - INFO - Cur epoch 3 loss TA:1.0074 TV:1.0065 VA:2.0090 CE:2.2966
2026-03-09 14:08:19,962 - utils.logger2026-03-09-14.08.12 - INFO - Cur epoch 3 loss TA:0.9787 TV:0.9860 VA:1.9616 CE:2.6933
2026-03-09 14:08:20,472 - utils.logger2026-03-09-14.08.12 - INFO - Cur epoch 3 loss TA:0.9641 TV:0.9766 VA:1.9397 CE:1.8290
2026-03-09 14:08:20,666 - utils.logger2026-03-09-14.08.12 - INFO - saving the model at the end of epoch 3, iters 84
2026-03-09 14:08:20,915 - utils.logger2026-03-09-14.08.12 - INFO - End of training epoch 3 / 40 	 Time Taken: 1 sec
2026-03-09 14:08:20,916 - utils.logger2026-03-09-14.08.12 - INFO - learning rate = 0.0002000
2026-03-09 14:08:21,379 - utils.logger2026-03-09-14.08.12 - INFO - Val result of epoch 3 / 40 mae 1.1028 corr 0.6115 f1 0.7779
2026-03-09 14:08:21,820 - utils.logger2026-03-09-14.08.12 - INFO - Tst result of epoch 3 / 40 mae 1.1121 corr 0.5801 f1 0.7282
2026-03-09 14:08:22,509 - utils.logger2026-03-09-14.08.12 - INFO - Cur epoch 4 loss TA:0.9437 TV:0.9313 VA:1.8531 CE:2.1942
2026-03-09 14:08:22,921 - utils.logger2026-03-09-14.08.12 - INFO - Cur epoch 4 loss TA:0.9425 TV:0.9403 VA:1.8700 CE:1.7319
2026-03-09 14:08:23,422 - utils.logger2026-03-09-14.08.12 - INFO - Cur epoch 4 loss TA:0.9353 TV:0.9269 VA:1.8659 CE:1.8126
2026-03-09 14:08:23,546 - utils.logger2026-03-09-14.08.12 - INFO - saving the model at the end of epoch 4, iters 112
2026-03-09 14:08:23,695 - utils.logger2026-03-09-14.08.12 - INFO - End of training epoch 4 / 40 	 Time Taken: 1 sec
2026-03-09 14:08:23,695 - utils.logger2026-03-09-14.08.12 - INFO - learning rate = 0.0002000
2026-03-09 14:08:24,153 - utils.logger2026-03-09-14.08.12 - INFO - Val result of epoch 4 / 40 mae 0.9464 corr 0.6512 f1 0.7916
2026-03-09 14:08:24,582 - utils.logger2026-03-09-14.08.12 - INFO - Tst result of epoch 4 / 40 mae 0.9904 corr 0.6336 f1 0.7418
2026-03-09 14:08:25,280 - utils.logger2026-03-09-14.08.12 - INFO - Cur epoch 5 loss TA:0.9151 TV:0.9081 VA:1.8092 CE:1.9432
2026-03-09 14:08:25,813 - utils.logger2026-03-09-14.08.12 - INFO - Cur epoch 5 loss TA:0.9049 TV:0.9193 VA:1.7877 CE:1.6056
2026-03-09 14:08:26,186 - utils.logger2026-03-09-14.08.12 - INFO - Cur epoch 5 loss TA:0.6470 TV:0.6289 VA:1.2335 CE:1.6111
2026-03-09 14:08:26,230 - utils.logger2026-03-09-14.08.12 - INFO - saving the model at the end of epoch 5, iters 140
2026-03-09 14:08:26,474 - utils.logger2026-03-09-14.08.12 - INFO - End of training epoch 5 / 40 	 Time Taken: 1 sec
2026-03-09 14:08:26,474 - utils.logger2026-03-09-14.08.12 - INFO - learning rate = 0.0002000
2026-03-09 14:08:26,920 - utils.logger2026-03-09-14.08.12 - INFO - Val result of epoch 5 / 40 mae 0.9324 corr 0.6802 f1 0.7876
2026-03-09 14:08:27,334 - utils.logger2026-03-09-14.08.12 - INFO - Tst result of epoch 5 / 40 mae 0.9474 corr 0.6771 f1 0.7714
2026-03-09 14:08:28,176 - utils.logger2026-03-09-14.08.12 - INFO - Cur epoch 6 loss TA:0.9116 TV:0.9149 VA:1.7725 CE:1.9700
2026-03-09 14:08:28,585 - utils.logger2026-03-09-14.08.12 - INFO - Cur epoch 6 loss TA:0.8911 TV:0.9160 VA:1.7491 CE:1.8022
2026-03-09 14:08:29,053 - utils.logger2026-03-09-14.08.12 - INFO - saving the model at the end of epoch 6, iters 168
2026-03-09 14:08:29,157 - utils.logger2026-03-09-14.08.12 - INFO - End of training epoch 6 / 40 	 Time Taken: 1 sec
2026-03-09 14:08:29,157 - utils.logger2026-03-09-14.08.12 - INFO - learning rate = 0.0002000
2026-03-09 14:08:29,577 - utils.logger2026-03-09-14.08.12 - INFO - Val result of epoch 6 / 40 mae 0.8977 corr 0.6819 f1 0.8009
2026-03-09 14:08:29,982 - utils.logger2026-03-09-14.08.12 - INFO - Tst result of epoch 6 / 40 mae 0.9052 corr 0.7048 f1 0.7888
2026-03-09 14:08:30,412 - utils.logger2026-03-09-14.08.12 - INFO - Cur epoch 7 loss TA:0.8672 TV:0.8694 VA:1.7044 CE:1.5632
2026-03-09 14:08:30,929 - utils.logger2026-03-09-14.08.12 - INFO - Cur epoch 7 loss TA:0.8541 TV:0.8879 VA:1.7018 CE:1.4827
2026-03-09 14:08:31,387 - utils.logger2026-03-09-14.08.12 - INFO - Cur epoch 7 loss TA:0.8742 TV:0.8754 VA:1.6704 CE:1.2956
2026-03-09 14:08:31,705 - utils.logger2026-03-09-14.08.12 - INFO - saving the model at the end of epoch 7, iters 196
2026-03-09 14:08:31,859 - utils.logger2026-03-09-14.08.12 - INFO - End of training epoch 7 / 40 	 Time Taken: 1 sec
2026-03-09 14:08:31,859 - utils.logger2026-03-09-14.08.12 - INFO - learning rate = 0.0002000
2026-03-09 14:08:32,306 - utils.logger2026-03-09-14.08.12 - INFO - Val result of epoch 7 / 40 mae 0.8863 corr 0.6770 f1 0.8055
2026-03-09 14:08:32,738 - utils.logger2026-03-09-14.08.12 - INFO - Tst result of epoch 7 / 40 mae 0.9014 corr 0.7103 f1 0.8027
2026-03-09 14:08:33,307 - utils.logger2026-03-09-14.08.12 - INFO - Cur epoch 8 loss TA:0.8494 TV:0.8341 VA:1.5713 CE:1.3859
2026-03-09 14:08:33,742 - utils.logger2026-03-09-14.08.12 - INFO - Cur epoch 8 loss TA:0.8582 TV:0.8518 VA:1.5802 CE:1.3183
2026-03-09 14:08:34,201 - utils.logger2026-03-09-14.08.12 - INFO - Cur epoch 8 loss TA:0.8693 TV:0.8555 VA:1.5972 CE:1.4494
2026-03-09 14:08:34,394 - utils.logger2026-03-09-14.08.12 - INFO - saving the model at the end of epoch 8, iters 224
2026-03-09 14:08:34,633 - utils.logger2026-03-09-14.08.12 - INFO - End of training epoch 8 / 40 	 Time Taken: 1 sec
2026-03-09 14:08:34,633 - utils.logger2026-03-09-14.08.12 - INFO - learning rate = 0.0002000
2026-03-09 14:08:35,070 - utils.logger2026-03-09-14.08.12 - INFO - Val result of epoch 8 / 40 mae 0.8957 corr 0.6906 f1 0.7737
2026-03-09 14:08:35,509 - utils.logger2026-03-09-14.08.12 - INFO - Tst result of epoch 8 / 40 mae 0.8685 corr 0.7254 f1 0.7852
2026-03-09 14:08:36,263 - utils.logger2026-03-09-14.08.12 - INFO - Cur epoch 9 loss TA:0.8045 TV:0.8287 VA:1.5047 CE:0.9061
2026-03-09 14:08:36,672 - utils.logger2026-03-09-14.08.12 - INFO - Cur epoch 9 loss TA:0.8278 TV:0.8486 VA:1.5365 CE:1.1816
2026-03-09 14:08:37,180 - utils.logger2026-03-09-14.08.12 - INFO - Cur epoch 9 loss TA:0.8565 TV:0.8381 VA:1.5382 CE:1.2180
2026-03-09 14:08:37,299 - utils.logger2026-03-09-14.08.12 - INFO - saving the model at the end of epoch 9, iters 252
2026-03-09 14:08:37,421 - utils.logger2026-03-09-14.08.12 - INFO - End of training epoch 9 / 40 	 Time Taken: 1 sec
2026-03-09 14:08:37,421 - utils.logger2026-03-09-14.08.12 - INFO - learning rate = 0.0002000
2026-03-09 14:08:37,866 - utils.logger2026-03-09-14.08.12 - INFO - Val result of epoch 9 / 40 mae 0.9047 corr 0.6907 f1 0.7704
2026-03-09 14:08:38,300 - utils.logger2026-03-09-14.08.12 - INFO - Tst result of epoch 9 / 40 mae 0.8655 corr 0.7182 f1 0.7625
2026-03-09 14:08:39,006 - utils.logger2026-03-09-14.08.12 - INFO - Cur epoch 10 loss TA:0.8071 TV:0.8178 VA:1.4959 CE:0.8203
2026-03-09 14:08:39,533 - utils.logger2026-03-09-14.08.12 - INFO - Cur epoch 10 loss TA:0.8016 TV:0.8061 VA:1.4683 CE:1.1144
2026-03-09 14:08:39,890 - utils.logger2026-03-09-14.08.12 - INFO - Cur epoch 10 loss TA:0.5113 TV:0.4951 VA:0.9031 CE:1.2366
2026-03-09 14:08:39,940 - utils.logger2026-03-09-14.08.12 - INFO - saving the model at the end of epoch 10, iters 280
2026-03-09 14:08:40,195 - utils.logger2026-03-09-14.08.12 - INFO - End of training epoch 10 / 40 	 Time Taken: 1 sec
2026-03-09 14:08:40,195 - utils.logger2026-03-09-14.08.12 - INFO - learning rate = 0.0002000
2026-03-09 14:08:40,624 - utils.logger2026-03-09-14.08.12 - INFO - Val result of epoch 10 / 40 mae 0.8640 corr 0.7031 f1 0.7963
2026-03-09 14:08:41,035 - utils.logger2026-03-09-14.08.12 - INFO - Tst result of epoch 10 / 40 mae 0.8429 corr 0.7305 f1 0.8074
2026-03-09 14:08:41,871 - utils.logger2026-03-09-14.08.12 - INFO - Cur epoch 11 loss TA:0.7437 TV:0.7664 VA:1.3551 CE:1.2249
2026-03-09 14:08:42,266 - utils.logger2026-03-09-14.08.12 - INFO - Cur epoch 11 loss TA:0.7719 TV:0.7832 VA:1.4057 CE:0.9494
2026-03-09 14:08:42,745 - utils.logger2026-03-09-14.08.12 - INFO - saving the model at the end of epoch 11, iters 308
2026-03-09 14:08:42,846 - utils.logger2026-03-09-14.08.12 - INFO - End of training epoch 11 / 40 	 Time Taken: 1 sec
2026-03-09 14:08:42,847 - utils.logger2026-03-09-14.08.12 - INFO - learning rate = 0.0002000
2026-03-09 14:08:43,281 - utils.logger2026-03-09-14.08.12 - INFO - Val result of epoch 11 / 40 mae 0.8902 corr 0.6914 f1 0.7967
2026-03-09 14:08:43,685 - utils.logger2026-03-09-14.08.12 - INFO - Tst result of epoch 11 / 40 mae 0.8331 corr 0.7320 f1 0.7756
2026-03-09 14:08:44,247 - utils.logger2026-03-09-14.08.12 - INFO - Cur epoch 12 loss TA:0.7570 TV:0.7625 VA:1.4498 CE:0.6208
2026-03-09 14:08:44,671 - utils.logger2026-03-09-14.08.12 - INFO - Cur epoch 12 loss TA:0.7771 TV:0.8052 VA:1.3873 CE:0.6473
2026-03-09 14:08:45,173 - utils.logger2026-03-09-14.08.12 - INFO - Cur epoch 12 loss TA:0.7705 TV:0.7686 VA:1.3830 CE:0.8702
2026-03-09 14:08:45,442 - utils.logger2026-03-09-14.08.12 - INFO - saving the model at the end of epoch 12, iters 336
2026-03-09 14:08:45,660 - utils.logger2026-03-09-14.08.12 - INFO - End of training epoch 12 / 40 	 Time Taken: 1 sec
2026-03-09 14:08:45,660 - utils.logger2026-03-09-14.08.12 - INFO - learning rate = 0.0002000
2026-03-09 14:08:46,090 - utils.logger2026-03-09-14.08.12 - INFO - Val result of epoch 12 / 40 mae 0.8671 corr 0.6801 f1 0.7870
2026-03-09 14:08:46,476 - utils.logger2026-03-09-14.08.12 - INFO - Tst result of epoch 12 / 40 mae 0.8314 corr 0.7309 f1 0.8028
2026-03-09 14:08:46,962 - utils.logger2026-03-09-14.08.12 - INFO - Cur epoch 13 loss TA:0.7210 TV:0.7097 VA:1.3059 CE:0.7410
2026-03-09 14:08:47,394 - utils.logger2026-03-09-14.08.12 - INFO - Cur epoch 13 loss TA:0.7526 TV:0.7668 VA:1.3307 CE:0.9447
2026-03-09 14:08:47,881 - utils.logger2026-03-09-14.08.12 - INFO - Cur epoch 13 loss TA:0.7244 TV:0.7502 VA:1.3293 CE:0.6996
2026-03-09 14:08:48,104 - utils.logger2026-03-09-14.08.12 - INFO - saving the model at the end of epoch 13, iters 364
2026-03-09 14:08:48,316 - utils.logger2026-03-09-14.08.12 - INFO - End of training epoch 13 / 40 	 Time Taken: 1 sec
2026-03-09 14:08:48,317 - utils.logger2026-03-09-14.08.12 - INFO - learning rate = 0.0002000
2026-03-09 14:08:48,767 - utils.logger2026-03-09-14.08.12 - INFO - Val result of epoch 13 / 40 mae 0.8710 corr 0.6809 f1 0.8012
2026-03-09 14:08:49,177 - utils.logger2026-03-09-14.08.12 - INFO - Tst result of epoch 13 / 40 mae 0.8217 corr 0.7367 f1 0.7983
2026-03-09 14:08:49,744 - utils.logger2026-03-09-14.08.12 - INFO - Cur epoch 14 loss TA:0.7581 TV:0.7454 VA:1.2812 CE:0.4900
2026-03-09 14:08:50,272 - utils.logger2026-03-09-14.08.12 - INFO - Cur epoch 14 loss TA:0.7117 TV:0.7355 VA:1.3631 CE:0.5041
2026-03-09 14:08:50,647 - utils.logger2026-03-09-14.08.12 - INFO - Cur epoch 14 loss TA:0.7239 TV:0.7445 VA:1.2778 CE:0.4502
2026-03-09 14:08:50,820 - utils.logger2026-03-09-14.08.12 - INFO - saving the model at the end of epoch 14, iters 392
2026-03-09 14:08:50,919 - utils.logger2026-03-09-14.08.12 - INFO - End of training epoch 14 / 40 	 Time Taken: 1 sec
2026-03-09 14:08:50,919 - utils.logger2026-03-09-14.08.12 - INFO - learning rate = 0.0002000
2026-03-09 14:08:51,418 - utils.logger2026-03-09-14.08.12 - INFO - Val result of epoch 14 / 40 mae 0.9870 corr 0.6712 f1 0.7681
2026-03-09 14:08:51,850 - utils.logger2026-03-09-14.08.12 - INFO - Tst result of epoch 14 / 40 mae 0.8868 corr 0.7298 f1 0.7885
2026-03-09 14:08:52,492 - utils.logger2026-03-09-14.08.12 - INFO - Cur epoch 15 loss TA:0.7030 TV:0.6847 VA:1.2554 CE:0.4636
2026-03-09 14:08:52,895 - utils.logger2026-03-09-14.08.12 - INFO - Cur epoch 15 loss TA:0.6989 TV:0.7257 VA:1.3487 CE:0.5032
2026-03-09 14:08:53,287 - utils.logger2026-03-09-14.08.12 - INFO - Cur epoch 15 loss TA:0.4225 TV:0.4395 VA:0.7009 CE:0.3563
2026-03-09 14:08:53,341 - utils.logger2026-03-09-14.08.12 - INFO - saving the model at the end of epoch 15, iters 420
2026-03-09 14:08:53,404 - utils.logger2026-03-09-14.08.12 - INFO - End of training epoch 15 / 40 	 Time Taken: 1 sec
2026-03-09 14:08:53,404 - utils.logger2026-03-09-14.08.12 - INFO - learning rate = 0.0002000
2026-03-09 14:08:53,832 - utils.logger2026-03-09-14.08.12 - INFO - Val result of epoch 15 / 40 mae 0.8825 corr 0.6754 f1 0.7779
2026-03-09 14:08:54,228 - utils.logger2026-03-09-14.08.12 - INFO - Tst result of epoch 15 / 40 mae 0.8343 corr 0.7287 f1 0.7891
2026-03-09 14:08:54,952 - utils.logger2026-03-09-14.08.12 - INFO - Cur epoch 16 loss TA:0.6579 TV:0.6818 VA:1.2193 CE:0.5180
2026-03-09 14:08:55,297 - utils.logger2026-03-09-14.08.12 - INFO - Cur epoch 16 loss TA:0.6876 TV:0.7268 VA:1.2908 CE:0.5805
2026-03-09 14:08:55,624 - utils.logger2026-03-09-14.08.12 - INFO - saving the model at the end of epoch 16, iters 448
2026-03-09 14:08:55,690 - utils.logger2026-03-09-14.08.12 - INFO - End of training epoch 16 / 40 	 Time Taken: 1 sec
2026-03-09 14:08:55,690 - utils.logger2026-03-09-14.08.12 - INFO - learning rate = 0.0002000
2026-03-09 14:08:56,153 - utils.logger2026-03-09-14.08.12 - INFO - Val result of epoch 16 / 40 mae 0.8636 corr 0.6891 f1 0.7920
2026-03-09 14:08:56,682 - utils.logger2026-03-09-14.08.12 - INFO - Tst result of epoch 16 / 40 mae 0.8449 corr 0.7179 f1 0.7981
2026-03-09 14:08:57,420 - utils.logger2026-03-09-14.08.12 - INFO - Cur epoch 17 loss TA:0.6354 TV:0.6475 VA:1.1869 CE:0.5052
2026-03-09 14:08:57,890 - utils.logger2026-03-09-14.08.12 - INFO - Cur epoch 17 loss TA:0.6570 TV:0.6566 VA:1.1581 CE:0.5058
2026-03-09 14:08:58,406 - utils.logger2026-03-09-14.08.12 - INFO - Cur epoch 17 loss TA:0.6593 TV:0.6766 VA:1.2281 CE:0.6781
2026-03-09 14:08:58,682 - utils.logger2026-03-09-14.08.12 - INFO - saving the model at the end of epoch 17, iters 476
2026-03-09 14:08:58,958 - utils.logger2026-03-09-14.08.12 - INFO - End of training epoch 17 / 40 	 Time Taken: 2 sec
2026-03-09 14:08:58,958 - utils.logger2026-03-09-14.08.12 - INFO - learning rate = 0.0002000
2026-03-09 14:08:59,496 - utils.logger2026-03-09-14.08.12 - INFO - Val result of epoch 17 / 40 mae 0.9094 corr 0.6777 f1 0.8028
2026-03-09 14:09:00,033 - utils.logger2026-03-09-14.08.12 - INFO - Tst result of epoch 17 / 40 mae 0.8531 corr 0.7202 f1 0.7771
2026-03-09 14:09:00,650 - utils.logger2026-03-09-14.08.12 - INFO - Cur epoch 18 loss TA:0.5940 TV:0.6220 VA:1.1566 CE:0.4252
2026-03-09 14:09:01,197 - utils.logger2026-03-09-14.08.12 - INFO - Cur epoch 18 loss TA:0.6779 TV:0.6470 VA:1.2367 CE:0.4831
2026-03-09 14:09:01,739 - utils.logger2026-03-09-14.08.12 - INFO - Cur epoch 18 loss TA:0.6770 TV:0.6972 VA:1.2245 CE:0.3118
2026-03-09 14:09:01,943 - utils.logger2026-03-09-14.08.12 - INFO - saving the model at the end of epoch 18, iters 504
2026-03-09 14:09:02,185 - utils.logger2026-03-09-14.08.12 - INFO - End of training epoch 18 / 40 	 Time Taken: 2 sec
2026-03-09 14:09:02,185 - utils.logger2026-03-09-14.08.12 - INFO - learning rate = 0.0002000
2026-03-09 14:09:02,679 - utils.logger2026-03-09-14.08.12 - INFO - Val result of epoch 18 / 40 mae 0.8882 corr 0.6829 f1 0.8061
2026-03-09 14:09:03,081 - utils.logger2026-03-09-14.08.12 - INFO - Tst result of epoch 18 / 40 mae 0.8499 corr 0.7204 f1 0.7986
2026-03-09 14:09:03,878 - utils.logger2026-03-09-14.08.12 - INFO - Cur epoch 19 loss TA:0.6543 TV:0.6502 VA:1.2040 CE:0.2630
2026-03-09 14:09:04,383 - utils.logger2026-03-09-14.08.12 - INFO - Cur epoch 19 loss TA:0.6186 TV:0.6194 VA:1.1275 CE:0.5018
2026-03-09 14:09:04,813 - utils.logger2026-03-09-14.08.12 - INFO - Cur epoch 19 loss TA:0.6218 TV:0.6304 VA:1.1656 CE:0.3158
2026-03-09 14:09:04,936 - utils.logger2026-03-09-14.08.12 - INFO - saving the model at the end of epoch 19, iters 532
2026-03-09 14:09:05,183 - utils.logger2026-03-09-14.08.12 - INFO - End of training epoch 19 / 40 	 Time Taken: 2 sec
2026-03-09 14:09:05,183 - utils.logger2026-03-09-14.08.12 - INFO - learning rate = 0.0002000
2026-03-09 14:09:05,686 - utils.logger2026-03-09-14.08.12 - INFO - Val result of epoch 19 / 40 mae 0.8685 corr 0.6915 f1 0.7789
2026-03-09 14:09:06,120 - utils.logger2026-03-09-14.08.12 - INFO - Tst result of epoch 19 / 40 mae 0.8711 corr 0.7123 f1 0.7894
2026-03-09 14:09:06,871 - utils.logger2026-03-09-14.08.12 - INFO - Cur epoch 20 loss TA:0.6529 TV:0.6627 VA:1.1362 CE:0.3451
2026-03-09 14:09:07,315 - utils.logger2026-03-09-14.08.12 - INFO - Cur epoch 20 loss TA:0.6310 TV:0.6459 VA:1.1666 CE:0.4434
2026-03-09 14:09:07,825 - utils.logger2026-03-09-14.08.12 - INFO - Cur epoch 20 loss TA:0.3335 TV:0.3727 VA:0.6065 CE:0.4913
2026-03-09 14:09:07,879 - utils.logger2026-03-09-14.08.12 - INFO - saving the model at the end of epoch 20, iters 560
2026-03-09 14:09:07,974 - utils.logger2026-03-09-14.08.12 - INFO - End of training epoch 20 / 40 	 Time Taken: 1 sec
2026-03-09 14:09:07,974 - utils.logger2026-03-09-14.08.12 - INFO - learning rate = 0.0001905
2026-03-09 14:09:08,498 - utils.logger2026-03-09-14.08.12 - INFO - Val result of epoch 20 / 40 mae 0.8640 corr 0.6883 f1 0.7963
2026-03-09 14:09:08,947 - utils.logger2026-03-09-14.08.12 - INFO - Tst result of epoch 20 / 40 mae 0.8322 corr 0.7224 f1 0.7887
2026-03-09 14:09:09,784 - utils.logger2026-03-09-14.08.12 - INFO - Cur epoch 21 loss TA:0.5956 TV:0.6068 VA:1.1237 CE:0.3982
2026-03-09 14:09:10,292 - utils.logger2026-03-09-14.08.12 - INFO - Cur epoch 21 loss TA:0.6422 TV:0.6430 VA:1.1559 CE:0.3725
2026-03-09 14:09:10,629 - utils.logger2026-03-09-14.08.12 - INFO - saving the model at the end of epoch 21, iters 588
2026-03-09 14:09:10,871 - utils.logger2026-03-09-14.08.12 - INFO - End of training epoch 21 / 40 	 Time Taken: 1 sec
2026-03-09 14:09:10,871 - utils.logger2026-03-09-14.08.12 - INFO - learning rate = 0.0001810
2026-03-09 14:09:11,356 - utils.logger2026-03-09-14.08.12 - INFO - Val result of epoch 21 / 40 mae 0.8749 corr 0.6833 f1 0.8009
2026-03-09 14:09:11,780 - utils.logger2026-03-09-14.08.12 - INFO - Tst result of epoch 21 / 40 mae 0.8269 corr 0.7314 f1 0.7889
2026-03-09 14:09:12,201 - utils.logger2026-03-09-14.08.12 - INFO - Cur epoch 22 loss TA:0.5811 TV:0.5914 VA:1.0967 CE:0.3843
2026-03-09 14:09:12,725 - utils.logger2026-03-09-14.08.12 - INFO - Cur epoch 22 loss TA:0.6026 TV:0.6139 VA:1.1148 CE:0.3374
2026-03-09 14:09:13,111 - utils.logger2026-03-09-14.08.12 - INFO - Cur epoch 22 loss TA:0.6079 TV:0.6261 VA:1.1700 CE:0.2944
2026-03-09 14:09:13,588 - utils.logger2026-03-09-14.08.12 - INFO - saving the model at the end of epoch 22, iters 616
2026-03-09 14:09:13,819 - utils.logger2026-03-09-14.08.12 - INFO - End of training epoch 22 / 40 	 Time Taken: 2 sec
2026-03-09 14:09:13,820 - utils.logger2026-03-09-14.08.12 - INFO - learning rate = 0.0001714
2026-03-09 14:09:14,301 - utils.logger2026-03-09-14.08.12 - INFO - Val result of epoch 22 / 40 mae 0.8878 corr 0.6852 f1 0.8150
2026-03-09 14:09:14,732 - utils.logger2026-03-09-14.08.12 - INFO - Tst result of epoch 22 / 40 mae 0.8525 corr 0.7228 f1 0.7938
2026-03-09 14:09:15,248 - utils.logger2026-03-09-14.08.12 - INFO - Cur epoch 23 loss TA:0.5871 TV:0.5937 VA:1.1192 CE:0.3650
2026-03-09 14:09:15,767 - utils.logger2026-03-09-14.08.12 - INFO - Cur epoch 23 loss TA:0.6175 TV:0.6215 VA:1.1549 CE:0.2196
2026-03-09 14:09:16,161 - utils.logger2026-03-09-14.08.12 - INFO - Cur epoch 23 loss TA:0.5700 TV:0.5742 VA:1.0894 CE:0.4199
2026-03-09 14:09:16,485 - utils.logger2026-03-09-14.08.12 - INFO - saving the model at the end of epoch 23, iters 644
2026-03-09 14:09:16,802 - utils.logger2026-03-09-14.08.12 - INFO - End of training epoch 23 / 40 	 Time Taken: 2 sec
2026-03-09 14:09:16,802 - utils.logger2026-03-09-14.08.12 - INFO - learning rate = 0.0001619
2026-03-09 14:09:17,280 - utils.logger2026-03-09-14.08.12 - INFO - Val result of epoch 23 / 40 mae 0.8756 corr 0.6888 f1 0.8009
2026-03-09 14:09:17,730 - utils.logger2026-03-09-14.08.12 - INFO - Tst result of epoch 23 / 40 mae 0.8551 corr 0.7176 f1 0.7843
2026-03-09 14:09:18,359 - utils.logger2026-03-09-14.08.12 - INFO - Cur epoch 24 loss TA:0.5876 TV:0.5974 VA:1.1010 CE:0.3159
2026-03-09 14:09:18,875 - utils.logger2026-03-09-14.08.12 - INFO - Cur epoch 24 loss TA:0.5970 TV:0.6089 VA:1.1204 CE:0.3586
2026-03-09 14:09:19,394 - utils.logger2026-03-09-14.08.12 - INFO - Cur epoch 24 loss TA:0.5805 TV:0.5874 VA:1.1410 CE:0.2617
2026-03-09 14:09:19,512 - utils.logger2026-03-09-14.08.12 - INFO - saving the model at the end of epoch 24, iters 672
2026-03-09 14:09:19,618 - utils.logger2026-03-09-14.08.12 - INFO - End of training epoch 24 / 40 	 Time Taken: 1 sec
2026-03-09 14:09:19,618 - utils.logger2026-03-09-14.08.12 - INFO - learning rate = 0.0001524
2026-03-09 14:09:20,085 - utils.logger2026-03-09-14.08.12 - INFO - Val result of epoch 24 / 40 mae 0.8693 corr 0.6863 f1 0.7870
2026-03-09 14:09:20,526 - utils.logger2026-03-09-14.08.12 - INFO - Tst result of epoch 24 / 40 mae 0.8574 corr 0.7181 f1 0.7934
2026-03-09 14:09:21,291 - utils.logger2026-03-09-14.08.12 - INFO - Cur epoch 25 loss TA:0.5770 TV:0.5853 VA:1.0800 CE:0.2794
2026-03-09 14:09:21,838 - utils.logger2026-03-09-14.08.12 - INFO - Cur epoch 25 loss TA:0.6027 TV:0.6046 VA:1.1410 CE:0.2632
2026-03-09 14:09:22,381 - utils.logger2026-03-09-14.08.12 - INFO - Cur epoch 25 loss TA:0.2499 TV:0.2637 VA:0.4809 CE:0.2213
2026-03-09 14:09:22,432 - utils.logger2026-03-09-14.08.12 - INFO - saving the model at the end of epoch 25, iters 700
2026-03-09 14:09:22,532 - utils.logger2026-03-09-14.08.12 - INFO - End of training epoch 25 / 40 	 Time Taken: 2 sec
2026-03-09 14:09:22,532 - utils.logger2026-03-09-14.08.12 - INFO - learning rate = 0.0001429
2026-03-09 14:09:22,953 - utils.logger2026-03-09-14.08.12 - INFO - Val result of epoch 25 / 40 mae 0.8670 corr 0.6861 f1 0.7962
2026-03-09 14:09:23,366 - utils.logger2026-03-09-14.08.12 - INFO - Tst result of epoch 25 / 40 mae 0.8393 corr 0.7219 f1 0.7934
2026-03-09 14:09:24,246 - utils.logger2026-03-09-14.08.12 - INFO - Cur epoch 26 loss TA:0.5877 TV:0.5987 VA:1.0443 CE:0.2140
2026-03-09 14:09:24,755 - utils.logger2026-03-09-14.08.12 - INFO - Cur epoch 26 loss TA:0.5769 TV:0.5865 VA:1.0526 CE:0.3016
2026-03-09 14:09:25,124 - utils.logger2026-03-09-14.08.12 - INFO - saving the model at the end of epoch 26, iters 728
2026-03-09 14:09:25,370 - utils.logger2026-03-09-14.08.12 - INFO - End of training epoch 26 / 40 	 Time Taken: 2 sec
2026-03-09 14:09:25,370 - utils.logger2026-03-09-14.08.12 - INFO - learning rate = 0.0001333
2026-03-09 14:09:25,810 - utils.logger2026-03-09-14.08.12 - INFO - Val result of epoch 26 / 40 mae 0.8578 corr 0.6930 f1 0.8102
2026-03-09 14:09:26,298 - utils.logger2026-03-09-14.08.12 - INFO - Tst result of epoch 26 / 40 mae 0.8459 corr 0.7119 f1 0.7795
2026-03-09 14:09:26,782 - utils.logger2026-03-09-14.08.12 - INFO - Cur epoch 27 loss TA:0.5587 TV:0.5586 VA:1.0519 CE:0.2416
2026-03-09 14:09:27,248 - utils.logger2026-03-09-14.08.12 - INFO - Cur epoch 27 loss TA:0.5676 TV:0.5733 VA:1.1024 CE:0.2644
2026-03-09 14:09:27,758 - utils.logger2026-03-09-14.08.12 - INFO - Cur epoch 27 loss TA:0.5870 TV:0.5936 VA:1.0971 CE:0.2567
2026-03-09 14:09:28,028 - utils.logger2026-03-09-14.08.12 - INFO - saving the model at the end of epoch 27, iters 756
2026-03-09 14:09:28,291 - utils.logger2026-03-09-14.08.12 - INFO - End of training epoch 27 / 40 	 Time Taken: 1 sec
2026-03-09 14:09:28,291 - utils.logger2026-03-09-14.08.12 - INFO - learning rate = 0.0001238
2026-03-09 14:09:28,821 - utils.logger2026-03-09-14.08.12 - INFO - Val result of epoch 27 / 40 mae 0.8626 corr 0.6869 f1 0.7874
2026-03-09 14:09:29,293 - utils.logger2026-03-09-14.08.12 - INFO - Tst result of epoch 27 / 40 mae 0.8351 corr 0.7335 f1 0.7981
2026-03-09 14:09:29,891 - utils.logger2026-03-09-14.08.12 - INFO - Cur epoch 28 loss TA:0.5414 TV:0.5489 VA:1.0324 CE:0.2274
2026-03-09 14:09:30,372 - utils.logger2026-03-09-14.08.12 - INFO - Cur epoch 28 loss TA:0.5543 TV:0.5640 VA:1.0739 CE:0.2215
2026-03-09 14:09:30,796 - utils.logger2026-03-09-14.08.12 - INFO - Cur epoch 28 loss TA:0.5633 TV:0.5826 VA:1.0669 CE:0.3470
2026-03-09 14:09:30,982 - utils.logger2026-03-09-14.08.12 - INFO - saving the model at the end of epoch 28, iters 784
2026-03-09 14:09:31,231 - utils.logger2026-03-09-14.08.12 - INFO - End of training epoch 28 / 40 	 Time Taken: 1 sec
2026-03-09 14:09:31,231 - utils.logger2026-03-09-14.08.12 - INFO - learning rate = 0.0001143
2026-03-09 14:09:31,741 - utils.logger2026-03-09-14.08.12 - INFO - Val result of epoch 28 / 40 mae 0.8655 corr 0.6924 f1 0.8055
2026-03-09 14:09:32,236 - utils.logger2026-03-09-14.08.12 - INFO - Tst result of epoch 28 / 40 mae 0.8530 corr 0.7277 f1 0.7934
2026-03-09 14:09:32,909 - utils.logger2026-03-09-14.08.12 - INFO - Cur epoch 29 loss TA:0.5106 TV:0.5186 VA:0.9858 CE:0.2142
2026-03-09 14:09:33,411 - utils.logger2026-03-09-14.08.12 - INFO - Cur epoch 29 loss TA:0.5282 TV:0.5322 VA:1.0253 CE:0.2945
2026-03-09 14:09:33,840 - utils.logger2026-03-09-14.08.12 - INFO - Cur epoch 29 loss TA:0.5710 TV:0.5673 VA:1.0434 CE:0.2256
2026-03-09 14:09:33,968 - utils.logger2026-03-09-14.08.12 - INFO - saving the model at the end of epoch 29, iters 812
2026-03-09 14:09:34,202 - utils.logger2026-03-09-14.08.12 - INFO - End of training epoch 29 / 40 	 Time Taken: 1 sec
2026-03-09 14:09:34,202 - utils.logger2026-03-09-14.08.12 - INFO - learning rate = 0.0001048
2026-03-09 14:09:34,650 - utils.logger2026-03-09-14.08.12 - INFO - Val result of epoch 29 / 40 mae 0.8578 corr 0.6927 f1 0.8056
2026-03-09 14:09:35,093 - utils.logger2026-03-09-14.08.12 - INFO - Tst result of epoch 29 / 40 mae 0.8481 corr 0.7205 f1 0.7980
2026-03-09 14:09:35,897 - utils.logger2026-03-09-14.08.12 - INFO - Cur epoch 30 loss TA:0.5587 TV:0.5538 VA:1.0595 CE:0.2255
2026-03-09 14:09:36,390 - utils.logger2026-03-09-14.08.12 - INFO - Cur epoch 30 loss TA:0.5355 TV:0.5439 VA:1.0199 CE:0.2181
2026-03-09 14:09:36,862 - utils.logger2026-03-09-14.08.12 - INFO - Cur epoch 30 loss TA:0.2652 TV:0.2706 VA:0.4638 CE:0.1653
2026-03-09 14:09:36,912 - utils.logger2026-03-09-14.08.12 - INFO - saving the model at the end of epoch 30, iters 840
2026-03-09 14:09:37,164 - utils.logger2026-03-09-14.08.12 - INFO - End of training epoch 30 / 40 	 Time Taken: 2 sec
2026-03-09 14:09:37,164 - utils.logger2026-03-09-14.08.12 - INFO - learning rate = 0.0000952
2026-03-09 14:09:37,604 - utils.logger2026-03-09-14.08.12 - INFO - Val result of epoch 30 / 40 mae 0.8827 corr 0.6851 f1 0.8016
2026-03-09 14:09:38,019 - utils.logger2026-03-09-14.08.12 - INFO - Tst result of epoch 30 / 40 mae 0.8518 corr 0.7259 f1 0.7804
2026-03-09 14:09:38,903 - utils.logger2026-03-09-14.08.12 - INFO - Cur epoch 31 loss TA:0.5258 TV:0.5244 VA:1.0212 CE:0.2576
2026-03-09 14:09:39,310 - utils.logger2026-03-09-14.08.12 - INFO - Cur epoch 31 loss TA:0.5622 TV:0.5822 VA:1.0661 CE:0.2577
2026-03-09 14:09:39,791 - utils.logger2026-03-09-14.08.12 - INFO - saving the model at the end of epoch 31, iters 868
2026-03-09 14:09:39,888 - utils.logger2026-03-09-14.08.12 - INFO - End of training epoch 31 / 40 	 Time Taken: 1 sec
2026-03-09 14:09:39,888 - utils.logger2026-03-09-14.08.12 - INFO - learning rate = 0.0000857
2026-03-09 14:09:40,316 - utils.logger2026-03-09-14.08.12 - INFO - Val result of epoch 31 / 40 mae 0.8818 corr 0.6841 f1 0.7967
2026-03-09 14:09:40,730 - utils.logger2026-03-09-14.08.12 - INFO - Tst result of epoch 31 / 40 mae 0.8421 corr 0.7317 f1 0.7797
2026-03-09 14:09:41,136 - utils.logger2026-03-09-14.08.12 - INFO - Cur epoch 32 loss TA:0.5337 TV:0.5356 VA:0.9847 CE:0.2053
2026-03-09 14:09:41,661 - utils.logger2026-03-09-14.08.12 - INFO - Cur epoch 32 loss TA:0.5448 TV:0.5495 VA:1.0171 CE:0.2108
2026-03-09 14:09:42,094 - utils.logger2026-03-09-14.08.12 - INFO - Cur epoch 32 loss TA:0.5098 TV:0.5211 VA:1.0169 CE:0.2640
2026-03-09 14:09:42,449 - utils.logger2026-03-09-14.08.12 - INFO - saving the model at the end of epoch 32, iters 896
2026-03-09 14:09:42,549 - utils.logger2026-03-09-14.08.12 - INFO - End of training epoch 32 / 40 	 Time Taken: 1 sec
2026-03-09 14:09:42,549 - utils.logger2026-03-09-14.08.12 - INFO - learning rate = 0.0000762
2026-03-09 14:09:43,071 - utils.logger2026-03-09-14.08.12 - INFO - Val result of epoch 32 / 40 mae 0.8750 corr 0.6850 f1 0.8056
2026-03-09 14:09:43,583 - utils.logger2026-03-09-14.08.12 - INFO - Tst result of epoch 32 / 40 mae 0.8470 corr 0.7258 f1 0.7657
2026-03-09 14:09:44,132 - utils.logger2026-03-09-14.08.12 - INFO - Cur epoch 33 loss TA:0.5349 TV:0.5281 VA:1.0175 CE:0.2151
2026-03-09 14:09:44,612 - utils.logger2026-03-09-14.08.12 - INFO - Cur epoch 33 loss TA:0.5153 TV:0.5271 VA:1.0122 CE:0.2323
2026-03-09 14:09:45,051 - utils.logger2026-03-09-14.08.12 - INFO - Cur epoch 33 loss TA:0.5276 TV:0.5324 VA:1.0077 CE:0.2595
2026-03-09 14:09:45,251 - utils.logger2026-03-09-14.08.12 - INFO - saving the model at the end of epoch 33, iters 924
2026-03-09 14:09:45,488 - utils.logger2026-03-09-14.08.12 - INFO - End of training epoch 33 / 40 	 Time Taken: 1 sec
2026-03-09 14:09:45,489 - utils.logger2026-03-09-14.08.12 - INFO - learning rate = 0.0000667
2026-03-09 14:09:45,923 - utils.logger2026-03-09-14.08.12 - INFO - Val result of epoch 33 / 40 mae 0.8727 corr 0.6861 f1 0.7963
2026-03-09 14:09:46,339 - utils.logger2026-03-09-14.08.12 - INFO - Tst result of epoch 33 / 40 mae 0.8416 corr 0.7333 f1 0.7840
2026-03-09 14:09:46,901 - utils.logger2026-03-09-14.08.12 - INFO - Cur epoch 34 loss TA:0.5471 TV:0.5543 VA:1.0484 CE:0.2481
2026-03-09 14:09:47,423 - utils.logger2026-03-09-14.08.12 - INFO - Cur epoch 34 loss TA:0.5223 TV:0.5214 VA:1.0255 CE:0.2139
2026-03-09 14:09:47,852 - utils.logger2026-03-09-14.08.12 - INFO - Cur epoch 34 loss TA:0.5262 TV:0.5484 VA:1.0544 CE:0.2859
2026-03-09 14:09:48,026 - utils.logger2026-03-09-14.08.12 - INFO - saving the model at the end of epoch 34, iters 952
2026-03-09 14:09:48,142 - utils.logger2026-03-09-14.08.12 - INFO - End of training epoch 34 / 40 	 Time Taken: 1 sec
2026-03-09 14:09:48,142 - utils.logger2026-03-09-14.08.12 - INFO - learning rate = 0.0000571
2026-03-09 14:09:48,620 - utils.logger2026-03-09-14.08.12 - INFO - Val result of epoch 34 / 40 mae 0.8663 corr 0.6877 f1 0.8009
2026-03-09 14:09:49,150 - utils.logger2026-03-09-14.08.12 - INFO - Tst result of epoch 34 / 40 mae 0.8361 corr 0.7310 f1 0.7980
2026-03-09 14:09:49,917 - utils.logger2026-03-09-14.08.12 - INFO - Cur epoch 35 loss TA:0.5012 TV:0.5151 VA:0.9919 CE:0.2255
2026-03-09 14:09:50,476 - utils.logger2026-03-09-14.08.12 - INFO - Cur epoch 35 loss TA:0.4963 TV:0.5170 VA:1.0129 CE:0.1752
2026-03-09 14:09:50,985 - utils.logger2026-03-09-14.08.12 - INFO - Cur epoch 35 loss TA:0.2881 TV:0.2763 VA:0.5332 CE:0.2491
2026-03-09 14:09:51,031 - utils.logger2026-03-09-14.08.12 - INFO - saving the model at the end of epoch 35, iters 980
2026-03-09 14:09:51,160 - utils.logger2026-03-09-14.08.12 - INFO - End of training epoch 35 / 40 	 Time Taken: 2 sec
2026-03-09 14:09:51,160 - utils.logger2026-03-09-14.08.12 - INFO - learning rate = 0.0000476
2026-03-09 14:09:51,596 - utils.logger2026-03-09-14.08.12 - INFO - Val result of epoch 35 / 40 mae 0.8814 corr 0.6844 f1 0.8011
2026-03-09 14:09:52,007 - utils.logger2026-03-09-14.08.12 - INFO - Tst result of epoch 35 / 40 mae 0.8533 corr 0.7255 f1 0.7703
2026-03-09 14:09:52,850 - utils.logger2026-03-09-14.08.12 - INFO - Cur epoch 36 loss TA:0.5276 TV:0.5376 VA:1.0005 CE:0.1696
2026-03-09 14:09:53,286 - utils.logger2026-03-09-14.08.12 - INFO - Cur epoch 36 loss TA:0.5122 TV:0.5213 VA:0.9844 CE:0.2095
2026-03-09 14:09:53,753 - utils.logger2026-03-09-14.08.12 - INFO - saving the model at the end of epoch 36, iters 1008
2026-03-09 14:09:53,856 - utils.logger2026-03-09-14.08.12 - INFO - End of training epoch 36 / 40 	 Time Taken: 1 sec
2026-03-09 14:09:53,856 - utils.logger2026-03-09-14.08.12 - INFO - learning rate = 0.0000381
2026-03-09 14:09:54,324 - utils.logger2026-03-09-14.08.12 - INFO - Val result of epoch 36 / 40 mae 0.8763 corr 0.6839 f1 0.7916
2026-03-09 14:09:54,754 - utils.logger2026-03-09-14.08.12 - INFO - Tst result of epoch 36 / 40 mae 0.8538 corr 0.7247 f1 0.7935
2026-03-09 14:09:55,235 - utils.logger2026-03-09-14.08.12 - INFO - Cur epoch 37 loss TA:0.5426 TV:0.5445 VA:1.0091 CE:0.1897
2026-03-09 14:09:55,709 - utils.logger2026-03-09-14.08.12 - INFO - Cur epoch 37 loss TA:0.5181 TV:0.5273 VA:1.0344 CE:0.2459
2026-03-09 14:09:56,219 - utils.logger2026-03-09-14.08.12 - INFO - Cur epoch 37 loss TA:0.4919 TV:0.4934 VA:0.9610 CE:0.1779
2026-03-09 14:09:56,489 - utils.logger2026-03-09-14.08.12 - INFO - saving the model at the end of epoch 37, iters 1036
2026-03-09 14:09:56,740 - utils.logger2026-03-09-14.08.12 - INFO - End of training epoch 37 / 40 	 Time Taken: 1 sec
2026-03-09 14:09:56,741 - utils.logger2026-03-09-14.08.12 - INFO - learning rate = 0.0000286
2026-03-09 14:09:57,189 - utils.logger2026-03-09-14.08.12 - INFO - Val result of epoch 37 / 40 mae 0.8811 corr 0.6807 f1 0.8009
2026-03-09 14:09:57,682 - utils.logger2026-03-09-14.08.12 - INFO - Tst result of epoch 37 / 40 mae 0.8515 corr 0.7259 f1 0.7840
2026-03-09 14:09:58,343 - utils.logger2026-03-09-14.08.12 - INFO - Cur epoch 38 loss TA:0.5271 TV:0.5220 VA:0.9946 CE:0.1493
2026-03-09 14:09:58,786 - utils.logger2026-03-09-14.08.12 - INFO - Cur epoch 38 loss TA:0.5179 TV:0.5349 VA:1.0213 CE:0.1819
2026-03-09 14:09:59,282 - utils.logger2026-03-09-14.08.12 - INFO - Cur epoch 38 loss TA:0.5151 TV:0.5329 VA:1.0138 CE:0.2133
2026-03-09 14:09:59,487 - utils.logger2026-03-09-14.08.12 - INFO - saving the model at the end of epoch 38, iters 1064
2026-03-09 14:09:59,723 - utils.logger2026-03-09-14.08.12 - INFO - End of training epoch 38 / 40 	 Time Taken: 2 sec
2026-03-09 14:09:59,723 - utils.logger2026-03-09-14.08.12 - INFO - learning rate = 0.0000190
2026-03-09 14:10:00,179 - utils.logger2026-03-09-14.08.12 - INFO - Val result of epoch 38 / 40 mae 0.8792 corr 0.6807 f1 0.8009
2026-03-09 14:10:00,655 - utils.logger2026-03-09-14.08.12 - INFO - Tst result of epoch 38 / 40 mae 0.8543 corr 0.7255 f1 0.7840
2026-03-09 14:10:01,389 - utils.logger2026-03-09-14.08.12 - INFO - Cur epoch 39 loss TA:0.4858 TV:0.4892 VA:0.9798 CE:0.1280
2026-03-09 14:10:01,931 - utils.logger2026-03-09-14.08.12 - INFO - Cur epoch 39 loss TA:0.5110 TV:0.5230 VA:1.0458 CE:0.2278
2026-03-09 14:10:02,367 - utils.logger2026-03-09-14.08.12 - INFO - Cur epoch 39 loss TA:0.5402 TV:0.5425 VA:1.0202 CE:0.1479
2026-03-09 14:10:02,582 - utils.logger2026-03-09-14.08.12 - INFO - saving the model at the end of epoch 39, iters 1092
2026-03-09 14:10:02,724 - utils.logger2026-03-09-14.08.12 - INFO - End of training epoch 39 / 40 	 Time Taken: 2 sec
2026-03-09 14:10:02,725 - utils.logger2026-03-09-14.08.12 - INFO - learning rate = 0.0000095
2026-03-09 14:10:03,301 - utils.logger2026-03-09-14.08.12 - INFO - Val result of epoch 39 / 40 mae 0.8749 corr 0.6824 f1 0.8055
2026-03-09 14:10:03,845 - utils.logger2026-03-09-14.08.12 - INFO - Tst result of epoch 39 / 40 mae 0.8533 corr 0.7240 f1 0.7886
2026-03-09 14:10:04,557 - utils.logger2026-03-09-14.08.12 - INFO - Cur epoch 40 loss TA:0.5156 TV:0.5121 VA:0.9932 CE:0.2358
2026-03-09 14:10:05,102 - utils.logger2026-03-09-14.08.12 - INFO - Cur epoch 40 loss TA:0.5163 TV:0.5283 VA:1.0167 CE:0.1549
2026-03-09 14:10:05,630 - utils.logger2026-03-09-14.08.12 - INFO - Cur epoch 40 loss TA:0.3292 TV:0.3384 VA:0.5065 CE:0.0818
2026-03-09 14:10:05,685 - utils.logger2026-03-09-14.08.12 - INFO - saving the model at the end of epoch 40, iters 1120
2026-03-09 14:10:05,790 - utils.logger2026-03-09-14.08.12 - INFO - End of training epoch 40 / 40 	 Time Taken: 1 sec
2026-03-09 14:10:05,790 - utils.logger2026-03-09-14.08.12 - INFO - learning rate = 0.0000000
2026-03-09 14:10:06,316 - utils.logger2026-03-09-14.08.12 - INFO - Val result of epoch 40 / 40 mae 0.8766 corr 0.6812 f1 0.7962
2026-03-09 14:10:06,777 - utils.logger2026-03-09-14.08.12 - INFO - Tst result of epoch 40 / 40 mae 0.8504 corr 0.7243 f1 0.7886
2026-03-09 14:10:06,777 - utils.logger2026-03-09-14.08.12 - INFO - Best eval epoch 13 found with MAE 0.821684
2026-03-09 14:10:06,777 - utils.logger2026-03-09-14.08.12 - INFO - Loading best model found on val set: epoch-13
2026-03-09 14:10:07,792 - utils.logger2026-03-09-14.08.12 - INFO - Tst result mae 0.8217 corr 0.7367 f1 0.7983
