2026-03-09 11:06:43,511 - utils.logger2026-03-09-11.06.43 - INFO - The number of training samples = 1750
2026-03-09 11:06:45,889 - utils.logger2026-03-09-11.06.43 - INFO - Cur epoch 1 loss TA:1.0387 TV:1.0361 VA:2.0723 CE:3.4121
2026-03-09 11:06:46,496 - utils.logger2026-03-09-11.06.43 - INFO - Cur epoch 1 loss TA:1.0354 TV:1.0351 VA:2.0680 CE:3.1977
2026-03-09 11:06:47,125 - utils.logger2026-03-09-11.06.43 - INFO - saving the model at the end of epoch 1, iters 28
2026-03-09 11:06:47,571 - utils.logger2026-03-09-11.06.43 - INFO - End of training epoch 1 / 40 	 Time Taken: 3 sec
2026-03-09 11:06:47,571 - utils.logger2026-03-09-11.06.43 - INFO - learning rate = 0.0002000
2026-03-09 11:06:47,993 - utils.logger2026-03-09-11.06.43 - INFO - Val result of epoch 1 / 40 acc 0.6116 MAE 0.2487 f1 0.6272
2026-03-09 11:06:48,428 - utils.logger2026-03-09-11.06.43 - INFO - Tst result of epoch 1 / 40 acc 0.6116 MAE 0.2487 f1 0.6272
2026-03-09 11:06:48,891 - utils.logger2026-03-09-11.06.43 - INFO - Cur epoch 2 loss TA:1.0324 TV:1.0312 VA:2.0585 CE:2.7129
2026-03-09 11:06:49,845 - utils.logger2026-03-09-11.06.43 - INFO - Cur epoch 2 loss TA:1.0331 TV:1.0299 VA:2.0588 CE:3.2978
2026-03-09 11:06:50,506 - utils.logger2026-03-09-11.06.43 - INFO - Cur epoch 2 loss TA:1.0295 TV:1.0223 VA:2.0418 CE:2.4856
2026-03-09 11:06:50,926 - utils.logger2026-03-09-11.06.43 - INFO - saving the model at the end of epoch 2, iters 56
2026-03-09 11:06:51,031 - utils.logger2026-03-09-11.06.43 - INFO - End of training epoch 2 / 40 	 Time Taken: 2 sec
2026-03-09 11:06:51,031 - utils.logger2026-03-09-11.06.43 - INFO - learning rate = 0.0002000
2026-03-09 11:06:51,415 - utils.logger2026-03-09-11.06.43 - INFO - Val result of epoch 2 / 40 acc 0.6473 MAE 0.4080 f1 0.6723
2026-03-09 11:06:51,900 - utils.logger2026-03-09-11.06.43 - INFO - Tst result of epoch 2 / 40 acc 0.6473 MAE 0.4080 f1 0.6723
2026-03-09 11:06:52,462 - utils.logger2026-03-09-11.06.43 - INFO - Cur epoch 3 loss TA:1.0169 TV:1.0088 VA:2.0326 CE:2.4477
2026-03-09 11:06:53,136 - utils.logger2026-03-09-11.06.43 - INFO - Cur epoch 3 loss TA:1.0125 TV:0.9976 VA:2.0001 CE:2.1318
2026-03-09 11:06:53,710 - utils.logger2026-03-09-11.06.43 - INFO - Cur epoch 3 loss TA:1.0056 TV:0.9928 VA:2.0084 CE:2.5747
2026-03-09 11:06:53,977 - utils.logger2026-03-09-11.06.43 - INFO - saving the model at the end of epoch 3, iters 84
2026-03-09 11:06:54,209 - utils.logger2026-03-09-11.06.43 - INFO - End of training epoch 3 / 40 	 Time Taken: 2 sec
2026-03-09 11:06:54,209 - utils.logger2026-03-09-11.06.43 - INFO - learning rate = 0.0002000
2026-03-09 11:06:54,659 - utils.logger2026-03-09-11.06.43 - INFO - Val result of epoch 3 / 40 acc 0.7143 MAE 0.5489 f1 0.7337
2026-03-09 11:06:55,093 - utils.logger2026-03-09-11.06.43 - INFO - Tst result of epoch 3 / 40 acc 0.7143 MAE 0.5489 f1 0.7337
2026-03-09 11:06:55,803 - utils.logger2026-03-09-11.06.43 - INFO - Cur epoch 4 loss TA:0.9869 TV:0.9600 VA:1.9407 CE:2.1513
2026-03-09 11:06:56,545 - utils.logger2026-03-09-11.06.43 - INFO - Cur epoch 4 loss TA:0.9823 TV:0.9661 VA:1.9537 CE:2.0250
2026-03-09 11:06:57,600 - utils.logger2026-03-09-11.06.43 - INFO - Cur epoch 4 loss TA:0.9622 TV:0.9675 VA:1.8995 CE:1.8875
2026-03-09 11:06:57,872 - utils.logger2026-03-09-11.06.43 - INFO - saving the model at the end of epoch 4, iters 112
2026-03-09 11:06:58,292 - utils.logger2026-03-09-11.06.43 - INFO - End of training epoch 4 / 40 	 Time Taken: 3 sec
2026-03-09 11:06:58,292 - utils.logger2026-03-09-11.06.43 - INFO - learning rate = 0.0002000
2026-03-09 11:06:58,748 - utils.logger2026-03-09-11.06.43 - INFO - Val result of epoch 4 / 40 acc 0.7143 MAE 0.5947 f1 0.7431
2026-03-09 11:06:59,194 - utils.logger2026-03-09-11.06.43 - INFO - Tst result of epoch 4 / 40 acc 0.7143 MAE 0.5947 f1 0.7431
2026-03-09 11:06:59,911 - utils.logger2026-03-09-11.06.43 - INFO - Cur epoch 5 loss TA:0.9537 TV:0.9321 VA:1.8439 CE:2.5536
2026-03-09 11:07:00,488 - utils.logger2026-03-09-11.06.43 - INFO - Cur epoch 5 loss TA:0.9404 TV:0.9479 VA:1.8388 CE:1.6709
2026-03-09 11:07:01,072 - utils.logger2026-03-09-11.06.43 - INFO - Cur epoch 5 loss TA:0.6801 TV:0.6970 VA:1.2979 CE:1.6311
2026-03-09 11:07:01,147 - utils.logger2026-03-09-11.06.43 - INFO - saving the model at the end of epoch 5, iters 140
2026-03-09 11:07:01,389 - utils.logger2026-03-09-11.06.43 - INFO - End of training epoch 5 / 40 	 Time Taken: 2 sec
2026-03-09 11:07:01,389 - utils.logger2026-03-09-11.06.43 - INFO - learning rate = 0.0002000
2026-03-09 11:07:01,809 - utils.logger2026-03-09-11.06.43 - INFO - Val result of epoch 5 / 40 acc 0.7991 MAE 0.6440 f1 0.8153
2026-03-09 11:07:02,236 - utils.logger2026-03-09-11.06.43 - INFO - Tst result of epoch 5 / 40 acc 0.7991 MAE 0.6440 f1 0.8153
2026-03-09 11:07:03,205 - utils.logger2026-03-09-11.06.43 - INFO - Cur epoch 6 loss TA:0.9141 TV:0.8965 VA:1.7940 CE:1.9283
2026-03-09 11:07:03,950 - utils.logger2026-03-09-11.06.43 - INFO - Cur epoch 6 loss TA:0.9074 TV:0.9020 VA:1.7769 CE:1.8623
2026-03-09 11:07:04,499 - utils.logger2026-03-09-11.06.43 - INFO - saving the model at the end of epoch 6, iters 168
2026-03-09 11:07:04,597 - utils.logger2026-03-09-11.06.43 - INFO - End of training epoch 6 / 40 	 Time Taken: 2 sec
2026-03-09 11:07:04,597 - utils.logger2026-03-09-11.06.43 - INFO - learning rate = 0.0002000
2026-03-09 11:07:04,988 - utils.logger2026-03-09-11.06.43 - INFO - Val result of epoch 6 / 40 acc 0.7902 MAE 0.6594 f1 0.8011
2026-03-09 11:07:05,453 - utils.logger2026-03-09-11.06.43 - INFO - Tst result of epoch 6 / 40 acc 0.7902 MAE 0.6594 f1 0.8011
2026-03-09 11:07:05,971 - utils.logger2026-03-09-11.06.43 - INFO - Cur epoch 7 loss TA:0.8900 TV:0.8953 VA:1.7081 CE:1.5708
2026-03-09 11:07:07,065 - utils.logger2026-03-09-11.06.43 - INFO - Cur epoch 7 loss TA:0.9170 TV:0.8845 VA:1.6979 CE:1.4056
2026-03-09 11:07:08,112 - utils.logger2026-03-09-11.06.43 - INFO - Cur epoch 7 loss TA:0.8920 TV:0.9111 VA:1.7160 CE:1.5235
2026-03-09 11:07:08,561 - utils.logger2026-03-09-11.06.43 - INFO - saving the model at the end of epoch 7, iters 196
2026-03-09 11:07:08,786 - utils.logger2026-03-09-11.06.43 - INFO - End of training epoch 7 / 40 	 Time Taken: 3 sec
2026-03-09 11:07:08,787 - utils.logger2026-03-09-11.06.43 - INFO - learning rate = 0.0002000
2026-03-09 11:07:09,214 - utils.logger2026-03-09-11.06.43 - INFO - Val result of epoch 7 / 40 acc 0.7902 MAE 0.6702 f1 0.7967
2026-03-09 11:07:09,591 - utils.logger2026-03-09-11.06.43 - INFO - Tst result of epoch 7 / 40 acc 0.7902 MAE 0.6702 f1 0.7967
2026-03-09 11:07:10,191 - utils.logger2026-03-09-11.06.43 - INFO - Cur epoch 8 loss TA:0.8666 TV:0.8701 VA:1.6529 CE:1.3077
2026-03-09 11:07:10,912 - utils.logger2026-03-09-11.06.43 - INFO - Cur epoch 8 loss TA:0.8650 TV:0.8716 VA:1.6468 CE:1.3883
2026-03-09 11:07:11,468 - utils.logger2026-03-09-11.06.43 - INFO - Cur epoch 8 loss TA:0.8679 TV:0.8787 VA:1.6328 CE:1.5250
2026-03-09 11:07:11,845 - utils.logger2026-03-09-11.06.43 - INFO - saving the model at the end of epoch 8, iters 224
2026-03-09 11:07:12,158 - utils.logger2026-03-09-11.06.43 - INFO - End of training epoch 8 / 40 	 Time Taken: 2 sec
2026-03-09 11:07:12,158 - utils.logger2026-03-09-11.06.43 - INFO - learning rate = 0.0002000
2026-03-09 11:07:12,641 - utils.logger2026-03-09-11.06.43 - INFO - Val result of epoch 8 / 40 acc 0.7812 MAE 0.6854 f1 0.7916
2026-03-09 11:07:13,057 - utils.logger2026-03-09-11.06.43 - INFO - Tst result of epoch 8 / 40 acc 0.7812 MAE 0.6854 f1 0.7916
2026-03-09 11:07:13,728 - utils.logger2026-03-09-11.06.43 - INFO - Cur epoch 9 loss TA:0.8261 TV:0.8406 VA:1.5775 CE:1.4504
2026-03-09 11:07:14,731 - utils.logger2026-03-09-11.06.43 - INFO - Cur epoch 9 loss TA:0.8587 TV:0.8763 VA:1.6063 CE:0.8784
2026-03-09 11:07:15,758 - utils.logger2026-03-09-11.06.43 - INFO - Cur epoch 9 loss TA:0.8768 TV:0.8443 VA:1.6107 CE:1.4000
2026-03-09 11:07:16,028 - utils.logger2026-03-09-11.06.43 - INFO - saving the model at the end of epoch 9, iters 252
2026-03-09 11:07:16,502 - utils.logger2026-03-09-11.06.43 - INFO - End of training epoch 9 / 40 	 Time Taken: 3 sec
2026-03-09 11:07:16,502 - utils.logger2026-03-09-11.06.43 - INFO - learning rate = 0.0002000
2026-03-09 11:07:16,905 - utils.logger2026-03-09-11.06.43 - INFO - Val result of epoch 9 / 40 acc 0.7991 MAE 0.6775 f1 0.8018
2026-03-09 11:07:17,307 - utils.logger2026-03-09-11.06.43 - INFO - Tst result of epoch 9 / 40 acc 0.7991 MAE 0.6774 f1 0.8018
2026-03-09 11:07:18,039 - utils.logger2026-03-09-11.06.43 - INFO - Cur epoch 10 loss TA:0.8181 TV:0.8189 VA:1.5566 CE:0.7816
2026-03-09 11:07:18,724 - utils.logger2026-03-09-11.06.43 - INFO - Cur epoch 10 loss TA:0.8102 TV:0.8222 VA:1.5052 CE:0.8017
2026-03-09 11:07:19,418 - utils.logger2026-03-09-11.06.43 - INFO - Cur epoch 10 loss TA:0.5243 TV:0.5256 VA:0.9580 CE:0.8050
2026-03-09 11:07:19,482 - utils.logger2026-03-09-11.06.43 - INFO - saving the model at the end of epoch 10, iters 280
2026-03-09 11:07:19,704 - utils.logger2026-03-09-11.06.43 - INFO - End of training epoch 10 / 40 	 Time Taken: 2 sec
2026-03-09 11:07:19,704 - utils.logger2026-03-09-11.06.43 - INFO - learning rate = 0.0002000
2026-03-09 11:07:20,107 - utils.logger2026-03-09-11.06.43 - INFO - Val result of epoch 10 / 40 acc 0.8036 MAE 0.6865 f1 0.8151
2026-03-09 11:07:20,586 - utils.logger2026-03-09-11.06.43 - INFO - Tst result of epoch 10 / 40 acc 0.8036 MAE 0.6865 f1 0.8151
2026-03-09 11:07:21,501 - utils.logger2026-03-09-11.06.43 - INFO - Cur epoch 11 loss TA:0.7738 TV:0.7693 VA:1.4716 CE:0.9065
2026-03-09 11:07:22,109 - utils.logger2026-03-09-11.06.43 - INFO - Cur epoch 11 loss TA:0.7864 TV:0.8002 VA:1.4837 CE:0.7125
2026-03-09 11:07:22,895 - utils.logger2026-03-09-11.06.43 - INFO - saving the model at the end of epoch 11, iters 308
2026-03-09 11:07:23,367 - utils.logger2026-03-09-11.06.43 - INFO - End of training epoch 11 / 40 	 Time Taken: 2 sec
2026-03-09 11:07:23,367 - utils.logger2026-03-09-11.06.43 - INFO - learning rate = 0.0002000
2026-03-09 11:07:23,788 - utils.logger2026-03-09-11.06.43 - INFO - Val result of epoch 11 / 40 acc 0.8080 MAE 0.6878 f1 0.8148
2026-03-09 11:07:24,193 - utils.logger2026-03-09-11.06.43 - INFO - Tst result of epoch 11 / 40 acc 0.8080 MAE 0.6878 f1 0.8148
2026-03-09 11:07:24,716 - utils.logger2026-03-09-11.06.43 - INFO - Cur epoch 12 loss TA:0.7958 TV:0.7994 VA:1.4370 CE:0.8970
2026-03-09 11:07:25,429 - utils.logger2026-03-09-11.06.43 - INFO - Cur epoch 12 loss TA:0.7597 TV:0.7634 VA:1.4196 CE:0.8465
2026-03-09 11:07:26,009 - utils.logger2026-03-09-11.06.43 - INFO - Cur epoch 12 loss TA:0.7867 TV:0.7765 VA:1.4139 CE:1.0265
2026-03-09 11:07:26,414 - utils.logger2026-03-09-11.06.43 - INFO - saving the model at the end of epoch 12, iters 336
2026-03-09 11:07:26,614 - utils.logger2026-03-09-11.06.43 - INFO - End of training epoch 12 / 40 	 Time Taken: 2 sec
2026-03-09 11:07:26,614 - utils.logger2026-03-09-11.06.43 - INFO - learning rate = 0.0002000
2026-03-09 11:07:27,125 - utils.logger2026-03-09-11.06.43 - INFO - Val result of epoch 12 / 40 acc 0.7857 MAE 0.6868 f1 0.7962
2026-03-09 11:07:27,561 - utils.logger2026-03-09-11.06.43 - INFO - Tst result of epoch 12 / 40 acc 0.7857 MAE 0.6868 f1 0.7962
2026-03-09 11:07:28,093 - utils.logger2026-03-09-11.06.43 - INFO - Cur epoch 13 loss TA:0.7269 TV:0.7427 VA:1.3088 CE:0.5648
2026-03-09 11:07:28,731 - utils.logger2026-03-09-11.06.43 - INFO - Cur epoch 13 loss TA:0.7502 TV:0.7788 VA:1.3141 CE:0.7140
2026-03-09 11:07:29,458 - utils.logger2026-03-09-11.06.43 - INFO - Cur epoch 13 loss TA:0.7139 TV:0.7441 VA:1.3852 CE:0.8442
2026-03-09 11:07:29,810 - utils.logger2026-03-09-11.06.43 - INFO - saving the model at the end of epoch 13, iters 364
2026-03-09 11:07:30,031 - utils.logger2026-03-09-11.06.43 - INFO - End of training epoch 13 / 40 	 Time Taken: 2 sec
2026-03-09 11:07:30,032 - utils.logger2026-03-09-11.06.43 - INFO - learning rate = 0.0002000
2026-03-09 11:07:30,518 - utils.logger2026-03-09-11.06.43 - INFO - Val result of epoch 13 / 40 acc 0.7946 MAE 0.6990 f1 0.8009
2026-03-09 11:07:30,936 - utils.logger2026-03-09-11.06.43 - INFO - Tst result of epoch 13 / 40 acc 0.7946 MAE 0.6991 f1 0.8009
2026-03-09 11:07:31,846 - utils.logger2026-03-09-11.06.43 - INFO - Cur epoch 14 loss TA:0.7216 TV:0.7246 VA:1.2994 CE:0.6197
2026-03-09 11:07:32,869 - utils.logger2026-03-09-11.06.43 - INFO - Cur epoch 14 loss TA:0.7287 TV:0.7188 VA:1.2800 CE:0.5781
2026-03-09 11:07:33,949 - utils.logger2026-03-09-11.06.43 - INFO - Cur epoch 14 loss TA:0.7178 TV:0.7147 VA:1.2830 CE:0.4760
2026-03-09 11:07:34,159 - utils.logger2026-03-09-11.06.43 - INFO - saving the model at the end of epoch 14, iters 392
2026-03-09 11:07:34,451 - utils.logger2026-03-09-11.06.43 - INFO - End of training epoch 14 / 40 	 Time Taken: 3 sec
2026-03-09 11:07:34,451 - utils.logger2026-03-09-11.06.43 - INFO - learning rate = 0.0002000
2026-03-09 11:07:34,844 - utils.logger2026-03-09-11.06.43 - INFO - Val result of epoch 14 / 40 acc 0.8080 MAE 0.6970 f1 0.8106
2026-03-09 11:07:35,258 - utils.logger2026-03-09-11.06.43 - INFO - Tst result of epoch 14 / 40 acc 0.8080 MAE 0.6970 f1 0.8106
2026-03-09 11:07:36,099 - utils.logger2026-03-09-11.06.43 - INFO - Cur epoch 15 loss TA:0.7033 TV:0.6985 VA:1.2245 CE:0.5847
2026-03-09 11:07:36,830 - utils.logger2026-03-09-11.06.43 - INFO - Cur epoch 15 loss TA:0.7193 TV:0.7446 VA:1.2618 CE:0.5841
2026-03-09 11:07:37,374 - utils.logger2026-03-09-11.06.43 - INFO - Cur epoch 15 loss TA:0.4939 TV:0.4959 VA:0.7770 CE:0.4165
2026-03-09 11:07:37,444 - utils.logger2026-03-09-11.06.43 - INFO - saving the model at the end of epoch 15, iters 420
2026-03-09 11:07:37,657 - utils.logger2026-03-09-11.06.43 - INFO - End of training epoch 15 / 40 	 Time Taken: 2 sec
2026-03-09 11:07:37,657 - utils.logger2026-03-09-11.06.43 - INFO - learning rate = 0.0002000
2026-03-09 11:07:38,161 - utils.logger2026-03-09-11.06.43 - INFO - Val result of epoch 15 / 40 acc 0.7857 MAE 0.6808 f1 0.7916
2026-03-09 11:07:38,597 - utils.logger2026-03-09-11.06.43 - INFO - Tst result of epoch 15 / 40 acc 0.7857 MAE 0.6808 f1 0.7916
2026-03-09 11:07:39,476 - utils.logger2026-03-09-11.06.43 - INFO - Cur epoch 16 loss TA:0.7210 TV:0.7443 VA:1.2336 CE:0.4705
2026-03-09 11:07:40,357 - utils.logger2026-03-09-11.06.43 - INFO - Cur epoch 16 loss TA:0.7043 TV:0.6968 VA:1.3114 CE:0.5483
2026-03-09 11:07:41,289 - utils.logger2026-03-09-11.06.43 - INFO - saving the model at the end of epoch 16, iters 448
2026-03-09 11:07:41,707 - utils.logger2026-03-09-11.06.43 - INFO - End of training epoch 16 / 40 	 Time Taken: 3 sec
2026-03-09 11:07:41,707 - utils.logger2026-03-09-11.06.43 - INFO - learning rate = 0.0002000
2026-03-09 11:07:42,110 - utils.logger2026-03-09-11.06.43 - INFO - Val result of epoch 16 / 40 acc 0.7768 MAE 0.6760 f1 0.7827
2026-03-09 11:07:42,512 - utils.logger2026-03-09-11.06.43 - INFO - Tst result of epoch 16 / 40 acc 0.7768 MAE 0.6760 f1 0.7827
2026-03-09 11:07:42,916 - utils.logger2026-03-09-11.06.43 - INFO - Cur epoch 17 loss TA:0.6965 TV:0.7057 VA:1.2296 CE:0.4811
2026-03-09 11:07:43,543 - utils.logger2026-03-09-11.06.43 - INFO - Cur epoch 17 loss TA:0.6659 TV:0.6949 VA:1.2108 CE:0.6729
2026-03-09 11:07:44,100 - utils.logger2026-03-09-11.06.43 - INFO - Cur epoch 17 loss TA:0.6703 TV:0.6749 VA:1.2086 CE:0.6654
2026-03-09 11:07:44,561 - utils.logger2026-03-09-11.06.43 - INFO - saving the model at the end of epoch 17, iters 476
2026-03-09 11:07:44,906 - utils.logger2026-03-09-11.06.43 - INFO - End of training epoch 17 / 40 	 Time Taken: 2 sec
2026-03-09 11:07:44,906 - utils.logger2026-03-09-11.06.43 - INFO - learning rate = 0.0002000
2026-03-09 11:07:45,363 - utils.logger2026-03-09-11.06.43 - INFO - Val result of epoch 17 / 40 acc 0.7812 MAE 0.6816 f1 0.7827
2026-03-09 11:07:45,799 - utils.logger2026-03-09-11.06.43 - INFO - Tst result of epoch 17 / 40 acc 0.7812 MAE 0.6816 f1 0.7827
2026-03-09 11:07:46,416 - utils.logger2026-03-09-11.06.43 - INFO - Cur epoch 18 loss TA:0.6613 TV:0.6829 VA:1.2318 CE:0.3623
2026-03-09 11:07:47,180 - utils.logger2026-03-09-11.06.43 - INFO - Cur epoch 18 loss TA:0.6550 TV:0.6726 VA:1.2315 CE:0.3265
2026-03-09 11:07:47,827 - utils.logger2026-03-09-11.06.43 - INFO - Cur epoch 18 loss TA:0.6606 TV:0.6883 VA:1.1924 CE:0.3887
2026-03-09 11:07:48,068 - utils.logger2026-03-09-11.06.43 - INFO - saving the model at the end of epoch 18, iters 504
2026-03-09 11:07:48,254 - utils.logger2026-03-09-11.06.43 - INFO - End of training epoch 18 / 40 	 Time Taken: 2 sec
2026-03-09 11:07:48,254 - utils.logger2026-03-09-11.06.43 - INFO - learning rate = 0.0002000
2026-03-09 11:07:48,777 - utils.logger2026-03-09-11.06.43 - INFO - Val result of epoch 18 / 40 acc 0.8125 MAE 0.6914 f1 0.8244
2026-03-09 11:07:49,213 - utils.logger2026-03-09-11.06.43 - INFO - Tst result of epoch 18 / 40 acc 0.8125 MAE 0.6914 f1 0.8244
2026-03-09 11:07:50,032 - utils.logger2026-03-09-11.06.43 - INFO - Cur epoch 19 loss TA:0.6503 TV:0.6720 VA:1.1818 CE:0.3294
2026-03-09 11:07:51,031 - utils.logger2026-03-09-11.06.43 - INFO - Cur epoch 19 loss TA:0.6058 TV:0.6276 VA:1.1492 CE:0.5831
2026-03-09 11:07:51,822 - utils.logger2026-03-09-11.06.43 - INFO - Cur epoch 19 loss TA:0.6292 TV:0.6472 VA:1.1080 CE:0.3126
2026-03-09 11:07:51,967 - utils.logger2026-03-09-11.06.43 - INFO - saving the model at the end of epoch 19, iters 532
2026-03-09 11:07:52,192 - utils.logger2026-03-09-11.06.43 - INFO - End of training epoch 19 / 40 	 Time Taken: 2 sec
2026-03-09 11:07:52,193 - utils.logger2026-03-09-11.06.43 - INFO - learning rate = 0.0002000
2026-03-09 11:07:52,586 - utils.logger2026-03-09-11.06.43 - INFO - Val result of epoch 19 / 40 acc 0.7991 MAE 0.6887 f1 0.8102
2026-03-09 11:07:52,984 - utils.logger2026-03-09-11.06.43 - INFO - Tst result of epoch 19 / 40 acc 0.7991 MAE 0.6887 f1 0.8102
2026-03-09 11:07:53,984 - utils.logger2026-03-09-11.06.43 - INFO - Cur epoch 20 loss TA:0.6131 TV:0.6356 VA:1.1651 CE:0.3638
2026-03-09 11:07:54,507 - utils.logger2026-03-09-11.06.43 - INFO - Cur epoch 20 loss TA:0.6219 TV:0.6185 VA:1.1335 CE:0.5010
2026-03-09 11:07:55,236 - utils.logger2026-03-09-11.06.43 - INFO - Cur epoch 20 loss TA:0.3465 TV:0.3613 VA:0.6018 CE:0.2670
2026-03-09 11:07:55,289 - utils.logger2026-03-09-11.06.43 - INFO - saving the model at the end of epoch 20, iters 560
2026-03-09 11:07:55,575 - utils.logger2026-03-09-11.06.43 - INFO - End of training epoch 20 / 40 	 Time Taken: 2 sec
2026-03-09 11:07:55,576 - utils.logger2026-03-09-11.06.43 - INFO - learning rate = 0.0002000
2026-03-09 11:07:55,934 - utils.logger2026-03-09-11.06.43 - INFO - Val result of epoch 20 / 40 acc 0.7946 MAE 0.6788 f1 0.8016
2026-03-09 11:07:56,264 - utils.logger2026-03-09-11.06.43 - INFO - Tst result of epoch 20 / 40 acc 0.7946 MAE 0.6788 f1 0.8016
2026-03-09 11:07:57,593 - utils.logger2026-03-09-11.06.43 - INFO - Cur epoch 21 loss TA:0.6526 TV:0.6886 VA:1.1786 CE:0.4114
2026-03-09 11:07:58,688 - utils.logger2026-03-09-11.06.43 - INFO - Cur epoch 21 loss TA:0.5869 TV:0.6119 VA:1.0953 CE:0.2679
2026-03-09 11:07:59,494 - utils.logger2026-03-09-11.06.43 - INFO - saving the model at the end of epoch 21, iters 588
2026-03-09 11:07:59,689 - utils.logger2026-03-09-11.06.43 - INFO - End of training epoch 21 / 40 	 Time Taken: 3 sec
2026-03-09 11:07:59,689 - utils.logger2026-03-09-11.06.43 - INFO - learning rate = 0.0002000
2026-03-09 11:08:00,089 - utils.logger2026-03-09-11.06.43 - INFO - Val result of epoch 21 / 40 acc 0.7902 MAE 0.6792 f1 0.8016
2026-03-09 11:08:00,635 - utils.logger2026-03-09-11.06.43 - INFO - Tst result of epoch 21 / 40 acc 0.7902 MAE 0.6792 f1 0.8016
2026-03-09 11:08:01,178 - utils.logger2026-03-09-11.06.43 - INFO - Cur epoch 22 loss TA:0.5910 TV:0.5927 VA:1.1777 CE:0.2869
2026-03-09 11:08:01,828 - utils.logger2026-03-09-11.06.43 - INFO - Cur epoch 22 loss TA:0.5998 TV:0.6052 VA:1.1418 CE:0.3360
2026-03-09 11:08:02,417 - utils.logger2026-03-09-11.06.43 - INFO - Cur epoch 22 loss TA:0.6130 TV:0.6227 VA:1.0636 CE:0.3322
2026-03-09 11:08:02,916 - utils.logger2026-03-09-11.06.43 - INFO - saving the model at the end of epoch 22, iters 616
2026-03-09 11:08:03,134 - utils.logger2026-03-09-11.06.43 - INFO - End of training epoch 22 / 40 	 Time Taken: 2 sec
2026-03-09 11:08:03,135 - utils.logger2026-03-09-11.06.43 - INFO - learning rate = 0.0002000
2026-03-09 11:08:03,797 - utils.logger2026-03-09-11.06.43 - INFO - Val result of epoch 22 / 40 acc 0.8125 MAE 0.6940 f1 0.8244
2026-03-09 11:08:04,348 - utils.logger2026-03-09-11.06.43 - INFO - Tst result of epoch 22 / 40 acc 0.8125 MAE 0.6940 f1 0.8244
2026-03-09 11:08:05,001 - utils.logger2026-03-09-11.06.43 - INFO - Cur epoch 23 loss TA:0.5930 TV:0.5990 VA:1.0893 CE:0.2867
2026-03-09 11:08:05,640 - utils.logger2026-03-09-11.06.43 - INFO - Cur epoch 23 loss TA:0.5977 TV:0.5985 VA:1.0906 CE:0.3859
2026-03-09 11:08:06,506 - utils.logger2026-03-09-11.06.43 - INFO - Cur epoch 23 loss TA:0.6060 TV:0.6179 VA:1.1321 CE:0.3950
2026-03-09 11:08:06,944 - utils.logger2026-03-09-11.06.43 - INFO - saving the model at the end of epoch 23, iters 644
2026-03-09 11:08:07,324 - utils.logger2026-03-09-11.06.43 - INFO - End of training epoch 23 / 40 	 Time Taken: 2 sec
2026-03-09 11:08:07,325 - utils.logger2026-03-09-11.06.43 - INFO - learning rate = 0.0002000
2026-03-09 11:08:07,741 - utils.logger2026-03-09-11.06.43 - INFO - Val result of epoch 23 / 40 acc 0.7902 MAE 0.6985 f1 0.7920
2026-03-09 11:08:08,140 - utils.logger2026-03-09-11.06.43 - INFO - Tst result of epoch 23 / 40 acc 0.7902 MAE 0.6985 f1 0.7920
2026-03-09 11:08:09,001 - utils.logger2026-03-09-11.06.43 - INFO - Cur epoch 24 loss TA:0.5731 TV:0.5894 VA:1.0924 CE:0.1641
2026-03-09 11:08:09,641 - utils.logger2026-03-09-11.06.43 - INFO - Cur epoch 24 loss TA:0.6018 TV:0.6154 VA:1.1328 CE:0.4190
2026-03-09 11:08:10,211 - utils.logger2026-03-09-11.06.43 - INFO - Cur epoch 24 loss TA:0.5776 TV:0.5868 VA:1.0456 CE:0.3594
2026-03-09 11:08:10,421 - utils.logger2026-03-09-11.06.43 - INFO - saving the model at the end of epoch 24, iters 672
2026-03-09 11:08:10,547 - utils.logger2026-03-09-11.06.43 - INFO - End of training epoch 24 / 40 	 Time Taken: 2 sec
2026-03-09 11:08:10,547 - utils.logger2026-03-09-11.06.43 - INFO - learning rate = 0.0002000
2026-03-09 11:08:10,935 - utils.logger2026-03-09-11.06.43 - INFO - Val result of epoch 24 / 40 acc 0.7902 MAE 0.6742 f1 0.7969
2026-03-09 11:08:11,404 - utils.logger2026-03-09-11.06.43 - INFO - Tst result of epoch 24 / 40 acc 0.7902 MAE 0.6742 f1 0.7969
2026-03-09 11:08:12,170 - utils.logger2026-03-09-11.06.43 - INFO - Cur epoch 25 loss TA:0.5872 TV:0.6034 VA:1.0820 CE:0.2627
2026-03-09 11:08:12,766 - utils.logger2026-03-09-11.06.43 - INFO - Cur epoch 25 loss TA:0.5844 TV:0.6062 VA:1.1184 CE:0.2787
2026-03-09 11:08:13,479 - utils.logger2026-03-09-11.06.43 - INFO - Cur epoch 25 loss TA:0.2752 TV:0.2845 VA:0.4624 CE:0.2195
2026-03-09 11:08:13,534 - utils.logger2026-03-09-11.06.43 - INFO - saving the model at the end of epoch 25, iters 700
2026-03-09 11:08:13,805 - utils.logger2026-03-09-11.06.43 - INFO - End of training epoch 25 / 40 	 Time Taken: 2 sec
2026-03-09 11:08:13,806 - utils.logger2026-03-09-11.06.43 - INFO - learning rate = 0.0002000
2026-03-09 11:08:14,186 - utils.logger2026-03-09-11.06.43 - INFO - Val result of epoch 25 / 40 acc 0.8125 MAE 0.6842 f1 0.8197
2026-03-09 11:08:14,558 - utils.logger2026-03-09-11.06.43 - INFO - Tst result of epoch 25 / 40 acc 0.8125 MAE 0.6842 f1 0.8197
2026-03-09 11:08:15,877 - utils.logger2026-03-09-11.06.43 - INFO - Cur epoch 26 loss TA:0.5722 TV:0.5868 VA:1.0926 CE:0.2909
2026-03-09 11:08:16,958 - utils.logger2026-03-09-11.06.43 - INFO - Cur epoch 26 loss TA:0.5732 TV:0.6105 VA:1.0486 CE:0.3834
2026-03-09 11:08:17,820 - utils.logger2026-03-09-11.06.43 - INFO - saving the model at the end of epoch 26, iters 728
2026-03-09 11:08:18,058 - utils.logger2026-03-09-11.06.43 - INFO - End of training epoch 26 / 40 	 Time Taken: 3 sec
2026-03-09 11:08:18,058 - utils.logger2026-03-09-11.06.43 - INFO - learning rate = 0.0002000
2026-03-09 11:08:18,481 - utils.logger2026-03-09-11.06.43 - INFO - Val result of epoch 26 / 40 acc 0.8036 MAE 0.6903 f1 0.8197
2026-03-09 11:08:18,877 - utils.logger2026-03-09-11.06.43 - INFO - Tst result of epoch 26 / 40 acc 0.8036 MAE 0.6903 f1 0.8197
2026-03-09 11:08:19,290 - utils.logger2026-03-09-11.06.43 - INFO - Cur epoch 27 loss TA:0.5517 TV:0.5651 VA:1.0630 CE:0.2529
2026-03-09 11:08:20,077 - utils.logger2026-03-09-11.06.43 - INFO - Cur epoch 27 loss TA:0.5305 TV:0.5386 VA:1.0103 CE:0.2135
2026-03-09 11:08:20,761 - utils.logger2026-03-09-11.06.43 - INFO - Cur epoch 27 loss TA:0.5410 TV:0.5508 VA:1.0161 CE:0.2853
2026-03-09 11:08:21,176 - utils.logger2026-03-09-11.06.43 - INFO - saving the model at the end of epoch 27, iters 756
2026-03-09 11:08:21,309 - utils.logger2026-03-09-11.06.43 - INFO - End of training epoch 27 / 40 	 Time Taken: 2 sec
2026-03-09 11:08:21,310 - utils.logger2026-03-09-11.06.43 - INFO - learning rate = 0.0002000
2026-03-09 11:08:21,795 - utils.logger2026-03-09-11.06.43 - INFO - Val result of epoch 27 / 40 acc 0.7812 MAE 0.6803 f1 0.7916
2026-03-09 11:08:22,207 - utils.logger2026-03-09-11.06.43 - INFO - Tst result of epoch 27 / 40 acc 0.7812 MAE 0.6803 f1 0.7916
2026-03-09 11:08:22,724 - utils.logger2026-03-09-11.06.43 - INFO - Cur epoch 28 loss TA:0.5722 TV:0.5854 VA:1.0781 CE:0.2119
2026-03-09 11:08:23,315 - utils.logger2026-03-09-11.06.43 - INFO - Cur epoch 28 loss TA:0.5306 TV:0.5406 VA:1.0406 CE:0.2076
2026-03-09 11:08:24,292 - utils.logger2026-03-09-11.06.43 - INFO - Cur epoch 28 loss TA:0.5407 TV:0.5543 VA:1.0237 CE:0.2576
2026-03-09 11:08:24,751 - utils.logger2026-03-09-11.06.43 - INFO - saving the model at the end of epoch 28, iters 784
2026-03-09 11:08:25,158 - utils.logger2026-03-09-11.06.43 - INFO - End of training epoch 28 / 40 	 Time Taken: 2 sec
2026-03-09 11:08:25,158 - utils.logger2026-03-09-11.06.43 - INFO - learning rate = 0.0002000
2026-03-09 11:08:25,599 - utils.logger2026-03-09-11.06.43 - INFO - Val result of epoch 28 / 40 acc 0.8125 MAE 0.6796 f1 0.8151
2026-03-09 11:08:26,022 - utils.logger2026-03-09-11.06.43 - INFO - Tst result of epoch 28 / 40 acc 0.8125 MAE 0.6796 f1 0.8151
2026-03-09 11:08:26,652 - utils.logger2026-03-09-11.06.43 - INFO - Cur epoch 29 loss TA:0.5318 TV:0.5345 VA:1.0197 CE:0.3110
2026-03-09 11:08:27,227 - utils.logger2026-03-09-11.06.43 - INFO - Cur epoch 29 loss TA:0.5371 TV:0.5552 VA:1.0246 CE:0.2782
2026-03-09 11:08:27,793 - utils.logger2026-03-09-11.06.43 - INFO - Cur epoch 29 loss TA:0.5287 TV:0.5308 VA:1.0001 CE:0.2830
2026-03-09 11:08:27,985 - utils.logger2026-03-09-11.06.43 - INFO - saving the model at the end of epoch 29, iters 812
2026-03-09 11:08:28,128 - utils.logger2026-03-09-11.06.43 - INFO - End of training epoch 29 / 40 	 Time Taken: 2 sec
2026-03-09 11:08:28,128 - utils.logger2026-03-09-11.06.43 - INFO - learning rate = 0.0002000
2026-03-09 11:08:28,580 - utils.logger2026-03-09-11.06.43 - INFO - Val result of epoch 29 / 40 acc 0.8036 MAE 0.6806 f1 0.8101
2026-03-09 11:08:28,983 - utils.logger2026-03-09-11.06.43 - INFO - Tst result of epoch 29 / 40 acc 0.8036 MAE 0.6806 f1 0.8101
2026-03-09 11:08:29,741 - utils.logger2026-03-09-11.06.43 - INFO - Cur epoch 30 loss TA:0.5379 TV:0.5602 VA:1.0456 CE:0.2235
2026-03-09 11:08:30,502 - utils.logger2026-03-09-11.06.43 - INFO - Cur epoch 30 loss TA:0.5169 TV:0.5201 VA:0.9872 CE:0.2318
2026-03-09 11:08:31,226 - utils.logger2026-03-09-11.06.43 - INFO - Cur epoch 30 loss TA:0.2005 TV:0.2092 VA:0.4235 CE:0.2054
2026-03-09 11:08:31,282 - utils.logger2026-03-09-11.06.43 - INFO - saving the model at the end of epoch 30, iters 840
2026-03-09 11:08:31,380 - utils.logger2026-03-09-11.06.43 - INFO - End of training epoch 30 / 40 	 Time Taken: 2 sec
2026-03-09 11:08:31,380 - utils.logger2026-03-09-11.06.43 - INFO - learning rate = 0.0001818
2026-03-09 11:08:31,773 - utils.logger2026-03-09-11.06.43 - INFO - Val result of epoch 30 / 40 acc 0.8214 MAE 0.6841 f1 0.8333
2026-03-09 11:08:32,245 - utils.logger2026-03-09-11.06.43 - INFO - Tst result of epoch 30 / 40 acc 0.8214 MAE 0.6841 f1 0.8333
2026-03-09 11:08:33,599 - utils.logger2026-03-09-11.06.43 - INFO - Cur epoch 31 loss TA:0.5020 TV:0.5111 VA:0.9918 CE:0.2435
2026-03-09 11:08:34,689 - utils.logger2026-03-09-11.06.43 - INFO - Cur epoch 31 loss TA:0.5431 TV:0.5513 VA:0.9949 CE:0.2406
2026-03-09 11:08:35,312 - utils.logger2026-03-09-11.06.43 - INFO - saving the model at the end of epoch 31, iters 868
2026-03-09 11:08:35,554 - utils.logger2026-03-09-11.06.43 - INFO - End of training epoch 31 / 40 	 Time Taken: 3 sec
2026-03-09 11:08:35,555 - utils.logger2026-03-09-11.06.43 - INFO - learning rate = 0.0001636
2026-03-09 11:08:35,939 - utils.logger2026-03-09-11.06.43 - INFO - Val result of epoch 31 / 40 acc 0.8080 MAE 0.6827 f1 0.8151
2026-03-09 11:08:36,337 - utils.logger2026-03-09-11.06.43 - INFO - Tst result of epoch 31 / 40 acc 0.8080 MAE 0.6827 f1 0.8151
2026-03-09 11:08:36,836 - utils.logger2026-03-09-11.06.43 - INFO - Cur epoch 32 loss TA:0.5318 TV:0.5480 VA:0.9794 CE:0.2095
2026-03-09 11:08:37,598 - utils.logger2026-03-09-11.06.43 - INFO - Cur epoch 32 loss TA:0.5465 TV:0.5508 VA:1.0267 CE:0.2619
2026-03-09 11:08:38,171 - utils.logger2026-03-09-11.06.43 - INFO - Cur epoch 32 loss TA:0.5138 TV:0.5310 VA:1.0144 CE:0.2807
2026-03-09 11:08:38,639 - utils.logger2026-03-09-11.06.43 - INFO - saving the model at the end of epoch 32, iters 896
2026-03-09 11:08:38,949 - utils.logger2026-03-09-11.06.43 - INFO - End of training epoch 32 / 40 	 Time Taken: 2 sec
2026-03-09 11:08:38,949 - utils.logger2026-03-09-11.06.43 - INFO - learning rate = 0.0001455
2026-03-09 11:08:39,369 - utils.logger2026-03-09-11.06.43 - INFO - Val result of epoch 32 / 40 acc 0.7991 MAE 0.6707 f1 0.8055
2026-03-09 11:08:39,807 - utils.logger2026-03-09-11.06.43 - INFO - Tst result of epoch 32 / 40 acc 0.7991 MAE 0.6707 f1 0.8055
2026-03-09 11:08:40,372 - utils.logger2026-03-09-11.06.43 - INFO - Cur epoch 33 loss TA:0.5207 TV:0.5174 VA:1.0088 CE:0.2963
2026-03-09 11:08:41,245 - utils.logger2026-03-09-11.06.43 - INFO - Cur epoch 33 loss TA:0.5579 TV:0.5465 VA:1.0137 CE:0.1854
2026-03-09 11:08:42,360 - utils.logger2026-03-09-11.06.43 - INFO - Cur epoch 33 loss TA:0.5169 TV:0.5186 VA:1.0060 CE:0.2476
2026-03-09 11:08:42,830 - utils.logger2026-03-09-11.06.43 - INFO - saving the model at the end of epoch 33, iters 924
2026-03-09 11:08:43,252 - utils.logger2026-03-09-11.06.43 - INFO - End of training epoch 33 / 40 	 Time Taken: 3 sec
2026-03-09 11:08:43,252 - utils.logger2026-03-09-11.06.43 - INFO - learning rate = 0.0001273
2026-03-09 11:08:43,619 - utils.logger2026-03-09-11.06.43 - INFO - Val result of epoch 33 / 40 acc 0.8214 MAE 0.6788 f1 0.8287
2026-03-09 11:08:43,976 - utils.logger2026-03-09-11.06.43 - INFO - Tst result of epoch 33 / 40 acc 0.8214 MAE 0.6788 f1 0.8287
2026-03-09 11:08:44,639 - utils.logger2026-03-09-11.06.43 - INFO - Cur epoch 34 loss TA:0.5099 TV:0.5126 VA:0.9711 CE:0.1904
2026-03-09 11:08:45,404 - utils.logger2026-03-09-11.06.43 - INFO - Cur epoch 34 loss TA:0.5374 TV:0.5379 VA:1.0315 CE:0.2254
2026-03-09 11:08:46,092 - utils.logger2026-03-09-11.06.43 - INFO - Cur epoch 34 loss TA:0.5455 TV:0.5451 VA:1.0314 CE:0.2818
2026-03-09 11:08:46,253 - utils.logger2026-03-09-11.06.43 - INFO - saving the model at the end of epoch 34, iters 952
2026-03-09 11:08:46,379 - utils.logger2026-03-09-11.06.43 - INFO - End of training epoch 34 / 40 	 Time Taken: 2 sec
2026-03-09 11:08:46,379 - utils.logger2026-03-09-11.06.43 - INFO - learning rate = 0.0001091
2026-03-09 11:08:46,772 - utils.logger2026-03-09-11.06.43 - INFO - Val result of epoch 34 / 40 acc 0.7902 MAE 0.6799 f1 0.7969
2026-03-09 11:08:47,212 - utils.logger2026-03-09-11.06.43 - INFO - Tst result of epoch 34 / 40 acc 0.7902 MAE 0.6799 f1 0.7969
2026-03-09 11:08:47,982 - utils.logger2026-03-09-11.06.43 - INFO - Cur epoch 35 loss TA:0.4882 TV:0.5104 VA:1.0034 CE:0.2345
2026-03-09 11:08:48,620 - utils.logger2026-03-09-11.06.43 - INFO - Cur epoch 35 loss TA:0.5039 TV:0.5108 VA:0.9682 CE:0.1689
2026-03-09 11:08:49,596 - utils.logger2026-03-09-11.06.43 - INFO - Cur epoch 35 loss TA:0.2680 TV:0.2814 VA:0.4343 CE:0.2664
2026-03-09 11:08:49,651 - utils.logger2026-03-09-11.06.43 - INFO - saving the model at the end of epoch 35, iters 980
2026-03-09 11:08:50,083 - utils.logger2026-03-09-11.06.43 - INFO - End of training epoch 35 / 40 	 Time Taken: 2 sec
2026-03-09 11:08:50,084 - utils.logger2026-03-09-11.06.43 - INFO - learning rate = 0.0000909
2026-03-09 11:08:50,500 - utils.logger2026-03-09-11.06.43 - INFO - Val result of epoch 35 / 40 acc 0.7946 MAE 0.6826 f1 0.8009
2026-03-09 11:08:50,925 - utils.logger2026-03-09-11.06.43 - INFO - Tst result of epoch 35 / 40 acc 0.7946 MAE 0.6826 f1 0.8009
2026-03-09 11:08:51,944 - utils.logger2026-03-09-11.06.43 - INFO - Cur epoch 36 loss TA:0.5058 TV:0.5217 VA:0.9690 CE:0.2239
2026-03-09 11:08:52,515 - utils.logger2026-03-09-11.06.43 - INFO - Cur epoch 36 loss TA:0.4888 TV:0.4882 VA:0.9514 CE:0.2580
2026-03-09 11:08:52,994 - utils.logger2026-03-09-11.06.43 - INFO - saving the model at the end of epoch 36, iters 1008
2026-03-09 11:08:53,183 - utils.logger2026-03-09-11.06.43 - INFO - End of training epoch 36 / 40 	 Time Taken: 2 sec
2026-03-09 11:08:53,183 - utils.logger2026-03-09-11.06.43 - INFO - learning rate = 0.0000727
2026-03-09 11:08:53,633 - utils.logger2026-03-09-11.06.43 - INFO - Val result of epoch 36 / 40 acc 0.7991 MAE 0.6862 f1 0.8056
2026-03-09 11:08:54,038 - utils.logger2026-03-09-11.06.43 - INFO - Tst result of epoch 36 / 40 acc 0.7991 MAE 0.6862 f1 0.8056
2026-03-09 11:08:54,415 - utils.logger2026-03-09-11.06.43 - INFO - Cur epoch 37 loss TA:0.5000 TV:0.5024 VA:0.9834 CE:0.2414
2026-03-09 11:08:54,984 - utils.logger2026-03-09-11.06.43 - INFO - Cur epoch 37 loss TA:0.5275 TV:0.5349 VA:0.9978 CE:0.1416
2026-03-09 11:08:55,634 - utils.logger2026-03-09-11.06.43 - INFO - Cur epoch 37 loss TA:0.5089 TV:0.5030 VA:0.9810 CE:0.2923
2026-03-09 11:08:56,172 - utils.logger2026-03-09-11.06.43 - INFO - saving the model at the end of epoch 37, iters 1036
2026-03-09 11:08:56,458 - utils.logger2026-03-09-11.06.43 - INFO - End of training epoch 37 / 40 	 Time Taken: 2 sec
2026-03-09 11:08:56,459 - utils.logger2026-03-09-11.06.43 - INFO - learning rate = 0.0000545
2026-03-09 11:08:56,901 - utils.logger2026-03-09-11.06.43 - INFO - Val result of epoch 37 / 40 acc 0.7902 MAE 0.6828 f1 0.8011
2026-03-09 11:08:57,292 - utils.logger2026-03-09-11.06.43 - INFO - Tst result of epoch 37 / 40 acc 0.7902 MAE 0.6828 f1 0.8011
2026-03-09 11:08:58,067 - utils.logger2026-03-09-11.06.43 - INFO - Cur epoch 38 loss TA:0.5114 TV:0.5166 VA:0.9829 CE:0.1536
2026-03-09 11:08:59,105 - utils.logger2026-03-09-11.06.43 - INFO - Cur epoch 38 loss TA:0.5047 TV:0.5044 VA:0.9702 CE:0.2120
2026-03-09 11:09:00,172 - utils.logger2026-03-09-11.06.43 - INFO - Cur epoch 38 loss TA:0.5203 TV:0.5341 VA:0.9797 CE:0.2112
2026-03-09 11:09:00,537 - utils.logger2026-03-09-11.06.43 - INFO - saving the model at the end of epoch 38, iters 1064
2026-03-09 11:09:00,753 - utils.logger2026-03-09-11.06.43 - INFO - End of training epoch 38 / 40 	 Time Taken: 3 sec
2026-03-09 11:09:00,753 - utils.logger2026-03-09-11.06.43 - INFO - learning rate = 0.0000364
2026-03-09 11:09:01,153 - utils.logger2026-03-09-11.06.43 - INFO - Val result of epoch 38 / 40 acc 0.7946 MAE 0.6820 f1 0.8056
2026-03-09 11:09:01,567 - utils.logger2026-03-09-11.06.43 - INFO - Tst result of epoch 38 / 40 acc 0.7946 MAE 0.6820 f1 0.8056
2026-03-09 11:09:02,349 - utils.logger2026-03-09-11.06.43 - INFO - Cur epoch 39 loss TA:0.5167 TV:0.5249 VA:0.9608 CE:0.2643
2026-03-09 11:09:03,112 - utils.logger2026-03-09-11.06.43 - INFO - Cur epoch 39 loss TA:0.4932 TV:0.5025 VA:0.9705 CE:0.2087
2026-03-09 11:09:03,659 - utils.logger2026-03-09-11.06.43 - INFO - Cur epoch 39 loss TA:0.5165 TV:0.5270 VA:0.9691 CE:0.2239
2026-03-09 11:09:03,897 - utils.logger2026-03-09-11.06.43 - INFO - saving the model at the end of epoch 39, iters 1092
2026-03-09 11:09:04,056 - utils.logger2026-03-09-11.06.43 - INFO - End of training epoch 39 / 40 	 Time Taken: 2 sec
2026-03-09 11:09:04,057 - utils.logger2026-03-09-11.06.43 - INFO - learning rate = 0.0000182
2026-03-09 11:09:04,431 - utils.logger2026-03-09-11.06.43 - INFO - Val result of epoch 39 / 40 acc 0.7857 MAE 0.6815 f1 0.7964
2026-03-09 11:09:04,797 - utils.logger2026-03-09-11.06.43 - INFO - Tst result of epoch 39 / 40 acc 0.7857 MAE 0.6815 f1 0.7964
2026-03-09 11:09:05,520 - utils.logger2026-03-09-11.06.43 - INFO - Cur epoch 40 loss TA:0.4999 TV:0.5233 VA:0.9341 CE:0.1540
2026-03-09 11:09:06,378 - utils.logger2026-03-09-11.06.43 - INFO - Cur epoch 40 loss TA:0.5391 TV:0.5359 VA:1.0013 CE:0.1849
2026-03-09 11:09:07,396 - utils.logger2026-03-09-11.06.43 - INFO - Cur epoch 40 loss TA:0.2263 TV:0.2224 VA:0.4241 CE:0.2306
2026-03-09 11:09:07,456 - utils.logger2026-03-09-11.06.43 - INFO - saving the model at the end of epoch 40, iters 1120
2026-03-09 11:09:07,903 - utils.logger2026-03-09-11.06.43 - INFO - End of training epoch 40 / 40 	 Time Taken: 3 sec
2026-03-09 11:09:07,904 - utils.logger2026-03-09-11.06.43 - INFO - learning rate = 0.0000000
2026-03-09 11:09:08,284 - utils.logger2026-03-09-11.06.43 - INFO - Val result of epoch 40 / 40 acc 0.7991 MAE 0.6816 f1 0.8102
2026-03-09 11:09:08,664 - utils.logger2026-03-09-11.06.43 - INFO - Tst result of epoch 40 / 40 acc 0.7991 MAE 0.6816 f1 0.8102
2026-03-09 11:09:08,665 - utils.logger2026-03-09-11.06.43 - INFO - Best eval epoch 30 found with f1 0.833290
