2026-03-09 11:18:57,647 - utils.logger2026-03-09-11.18.57 - INFO - The number of training samples = 1750
2026-03-09 11:18:59,854 - utils.logger2026-03-09-11.18.57 - INFO - Cur epoch 1 loss TA:1.0364 TV:1.0381 VA:2.0716 CE:3.5588
2026-03-09 11:19:00,655 - utils.logger2026-03-09-11.18.57 - INFO - Cur epoch 1 loss TA:1.0360 TV:1.0377 VA:2.0691 CE:2.3410
2026-03-09 11:19:01,287 - utils.logger2026-03-09-11.18.57 - INFO - saving the model at the end of epoch 1, iters 28
2026-03-09 11:19:01,494 - utils.logger2026-03-09-11.18.57 - INFO - End of training epoch 1 / 40 	 Time Taken: 3 sec
2026-03-09 11:19:01,494 - utils.logger2026-03-09-11.18.57 - INFO - learning rate = 0.0002000
2026-03-09 11:19:01,937 - utils.logger2026-03-09-11.18.57 - INFO - Val result of epoch 1 / 40 acc 0.6205 MAE 0.4864 f1 0.6982
2026-03-09 11:19:02,408 - utils.logger2026-03-09-11.18.57 - INFO - Tst result of epoch 1 / 40 acc 0.6205 MAE 0.4864 f1 0.6982
2026-03-09 11:19:02,858 - utils.logger2026-03-09-11.18.57 - INFO - Cur epoch 2 loss TA:1.0321 TV:1.0338 VA:2.0687 CE:2.4798
2026-03-09 11:19:03,885 - utils.logger2026-03-09-11.18.57 - INFO - Cur epoch 2 loss TA:1.0303 TV:1.0310 VA:2.0620 CE:2.1038
2026-03-09 11:19:05,017 - utils.logger2026-03-09-11.18.57 - INFO - Cur epoch 2 loss TA:1.0248 TV:1.0294 VA:2.0540 CE:2.3027
2026-03-09 11:19:05,513 - utils.logger2026-03-09-11.18.57 - INFO - saving the model at the end of epoch 2, iters 56
2026-03-09 11:19:05,655 - utils.logger2026-03-09-11.18.57 - INFO - End of training epoch 2 / 40 	 Time Taken: 3 sec
2026-03-09 11:19:05,656 - utils.logger2026-03-09-11.18.57 - INFO - learning rate = 0.0002000
2026-03-09 11:19:06,013 - utils.logger2026-03-09-11.18.57 - INFO - Val result of epoch 2 / 40 acc 0.7366 MAE 0.5494 f1 0.7307
2026-03-09 11:19:06,393 - utils.logger2026-03-09-11.18.57 - INFO - Tst result of epoch 2 / 40 acc 0.7366 MAE 0.5494 f1 0.7307
2026-03-09 11:19:07,004 - utils.logger2026-03-09-11.18.57 - INFO - Cur epoch 3 loss TA:1.0035 TV:1.0140 VA:2.0392 CE:2.4234
2026-03-09 11:19:07,729 - utils.logger2026-03-09-11.18.57 - INFO - Cur epoch 3 loss TA:0.9972 TV:1.0064 VA:2.0200 CE:2.4487
2026-03-09 11:19:08,298 - utils.logger2026-03-09-11.18.57 - INFO - Cur epoch 3 loss TA:0.9898 TV:0.9823 VA:1.9986 CE:2.2609
2026-03-09 11:19:08,595 - utils.logger2026-03-09-11.18.57 - INFO - saving the model at the end of epoch 3, iters 84
2026-03-09 11:19:08,743 - utils.logger2026-03-09-11.18.57 - INFO - End of training epoch 3 / 40 	 Time Taken: 2 sec
2026-03-09 11:19:08,744 - utils.logger2026-03-09-11.18.57 - INFO - learning rate = 0.0002000
2026-03-09 11:19:09,209 - utils.logger2026-03-09-11.18.57 - INFO - Val result of epoch 3 / 40 acc 0.7366 MAE 0.5822 f1 0.7554
2026-03-09 11:19:09,619 - utils.logger2026-03-09-11.18.57 - INFO - Tst result of epoch 3 / 40 acc 0.7366 MAE 0.5822 f1 0.7554
2026-03-09 11:19:10,296 - utils.logger2026-03-09-11.18.57 - INFO - Cur epoch 4 loss TA:0.9561 TV:0.9610 VA:1.9246 CE:2.3184
2026-03-09 11:19:10,917 - utils.logger2026-03-09-11.18.57 - INFO - Cur epoch 4 loss TA:0.9648 TV:0.9546 VA:1.9082 CE:2.2058
2026-03-09 11:19:11,886 - utils.logger2026-03-09-11.18.57 - INFO - Cur epoch 4 loss TA:0.9489 TV:0.9333 VA:1.8744 CE:2.2523
2026-03-09 11:19:12,138 - utils.logger2026-03-09-11.18.57 - INFO - saving the model at the end of epoch 4, iters 112
2026-03-09 11:19:12,555 - utils.logger2026-03-09-11.18.57 - INFO - End of training epoch 4 / 40 	 Time Taken: 2 sec
2026-03-09 11:19:12,556 - utils.logger2026-03-09-11.18.57 - INFO - learning rate = 0.0002000
2026-03-09 11:19:12,943 - utils.logger2026-03-09-11.18.57 - INFO - Val result of epoch 4 / 40 acc 0.7143 MAE 0.6199 f1 0.7375
2026-03-09 11:19:13,341 - utils.logger2026-03-09-11.18.57 - INFO - Tst result of epoch 4 / 40 acc 0.7143 MAE 0.6199 f1 0.7375
2026-03-09 11:19:14,125 - utils.logger2026-03-09-11.18.57 - INFO - Cur epoch 5 loss TA:0.9295 TV:0.9288 VA:1.8078 CE:1.5341
2026-03-09 11:19:14,719 - utils.logger2026-03-09-11.18.57 - INFO - Cur epoch 5 loss TA:0.9226 TV:0.9172 VA:1.8134 CE:1.8199
2026-03-09 11:19:15,313 - utils.logger2026-03-09-11.18.57 - INFO - Cur epoch 5 loss TA:0.6236 TV:0.6513 VA:1.2477 CE:1.9162
2026-03-09 11:19:15,363 - utils.logger2026-03-09-11.18.57 - INFO - saving the model at the end of epoch 5, iters 140
2026-03-09 11:19:15,438 - utils.logger2026-03-09-11.18.57 - INFO - End of training epoch 5 / 40 	 Time Taken: 2 sec
2026-03-09 11:19:15,438 - utils.logger2026-03-09-11.18.57 - INFO - learning rate = 0.0002000
2026-03-09 11:19:15,814 - utils.logger2026-03-09-11.18.57 - INFO - Val result of epoch 5 / 40 acc 0.8080 MAE 0.6469 f1 0.8212
2026-03-09 11:19:16,223 - utils.logger2026-03-09-11.18.57 - INFO - Tst result of epoch 5 / 40 acc 0.8080 MAE 0.6469 f1 0.8212
2026-03-09 11:19:17,043 - utils.logger2026-03-09-11.18.57 - INFO - Cur epoch 6 loss TA:0.9024 TV:0.9164 VA:1.7799 CE:1.4699
2026-03-09 11:19:17,627 - utils.logger2026-03-09-11.18.57 - INFO - Cur epoch 6 loss TA:0.9063 TV:0.9018 VA:1.7380 CE:1.6763
2026-03-09 11:19:18,202 - utils.logger2026-03-09-11.18.57 - INFO - saving the model at the end of epoch 6, iters 168
2026-03-09 11:19:18,523 - utils.logger2026-03-09-11.18.57 - INFO - End of training epoch 6 / 40 	 Time Taken: 2 sec
2026-03-09 11:19:18,523 - utils.logger2026-03-09-11.18.57 - INFO - learning rate = 0.0002000
2026-03-09 11:19:18,870 - utils.logger2026-03-09-11.18.57 - INFO - Val result of epoch 6 / 40 acc 0.8080 MAE 0.6577 f1 0.8164
2026-03-09 11:19:19,207 - utils.logger2026-03-09-11.18.57 - INFO - Tst result of epoch 6 / 40 acc 0.8080 MAE 0.6577 f1 0.8164
2026-03-09 11:19:19,536 - utils.logger2026-03-09-11.18.57 - INFO - Cur epoch 7 loss TA:0.8703 TV:0.8868 VA:1.7012 CE:0.8151
2026-03-09 11:19:20,485 - utils.logger2026-03-09-11.18.57 - INFO - Cur epoch 7 loss TA:0.8719 TV:0.8835 VA:1.7036 CE:1.3890
2026-03-09 11:19:21,592 - utils.logger2026-03-09-11.18.57 - INFO - Cur epoch 7 loss TA:0.8593 TV:0.8825 VA:1.6757 CE:1.1033
2026-03-09 11:19:22,246 - utils.logger2026-03-09-11.18.57 - INFO - saving the model at the end of epoch 7, iters 196
2026-03-09 11:19:22,379 - utils.logger2026-03-09-11.18.57 - INFO - End of training epoch 7 / 40 	 Time Taken: 3 sec
2026-03-09 11:19:22,379 - utils.logger2026-03-09-11.18.57 - INFO - learning rate = 0.0002000
2026-03-09 11:19:22,904 - utils.logger2026-03-09-11.18.57 - INFO - Val result of epoch 7 / 40 acc 0.7946 MAE 0.6656 f1 0.8069
2026-03-09 11:19:23,499 - utils.logger2026-03-09-11.18.57 - INFO - Tst result of epoch 7 / 40 acc 0.7946 MAE 0.6656 f1 0.8069
2026-03-09 11:19:24,216 - utils.logger2026-03-09-11.18.57 - INFO - Cur epoch 8 loss TA:0.8402 TV:0.8479 VA:1.6604 CE:1.1833
2026-03-09 11:19:24,926 - utils.logger2026-03-09-11.18.57 - INFO - Cur epoch 8 loss TA:0.8554 TV:0.8680 VA:1.6439 CE:1.0898
2026-03-09 11:19:25,622 - utils.logger2026-03-09-11.18.57 - INFO - Cur epoch 8 loss TA:0.8436 TV:0.8692 VA:1.6209 CE:1.2334
2026-03-09 11:19:25,967 - utils.logger2026-03-09-11.18.57 - INFO - saving the model at the end of epoch 8, iters 224
2026-03-09 11:19:26,172 - utils.logger2026-03-09-11.18.57 - INFO - End of training epoch 8 / 40 	 Time Taken: 2 sec
2026-03-09 11:19:26,172 - utils.logger2026-03-09-11.18.57 - INFO - learning rate = 0.0002000
2026-03-09 11:19:26,744 - utils.logger2026-03-09-11.18.57 - INFO - Val result of epoch 8 / 40 acc 0.7857 MAE 0.6616 f1 0.7975
2026-03-09 11:19:27,263 - utils.logger2026-03-09-11.18.57 - INFO - Tst result of epoch 8 / 40 acc 0.7857 MAE 0.6616 f1 0.7975
2026-03-09 11:19:28,164 - utils.logger2026-03-09-11.18.57 - INFO - Cur epoch 9 loss TA:0.8189 TV:0.8358 VA:1.5313 CE:1.2054
2026-03-09 11:19:28,915 - utils.logger2026-03-09-11.18.57 - INFO - Cur epoch 9 loss TA:0.8669 TV:0.8623 VA:1.6167 CE:0.9681
2026-03-09 11:19:29,593 - utils.logger2026-03-09-11.18.57 - INFO - Cur epoch 9 loss TA:0.8253 TV:0.8351 VA:1.5519 CE:1.2435
2026-03-09 11:19:29,790 - utils.logger2026-03-09-11.18.57 - INFO - saving the model at the end of epoch 9, iters 252
2026-03-09 11:19:29,909 - utils.logger2026-03-09-11.18.57 - INFO - End of training epoch 9 / 40 	 Time Taken: 2 sec
2026-03-09 11:19:29,909 - utils.logger2026-03-09-11.18.57 - INFO - learning rate = 0.0002000
2026-03-09 11:19:30,399 - utils.logger2026-03-09-11.18.57 - INFO - Val result of epoch 9 / 40 acc 0.7679 MAE 0.6608 f1 0.7792
2026-03-09 11:19:30,885 - utils.logger2026-03-09-11.18.57 - INFO - Tst result of epoch 9 / 40 acc 0.7679 MAE 0.6608 f1 0.7792
2026-03-09 11:19:32,091 - utils.logger2026-03-09-11.18.57 - INFO - Cur epoch 10 loss TA:0.8103 TV:0.8190 VA:1.4997 CE:0.8766
2026-03-09 11:19:33,151 - utils.logger2026-03-09-11.18.57 - INFO - Cur epoch 10 loss TA:0.8058 TV:0.7967 VA:1.4837 CE:0.8855
2026-03-09 11:19:33,813 - utils.logger2026-03-09-11.18.57 - INFO - Cur epoch 10 loss TA:0.5335 TV:0.5284 VA:1.0249 CE:1.0270
2026-03-09 11:19:33,889 - utils.logger2026-03-09-11.18.57 - INFO - saving the model at the end of epoch 10, iters 280
2026-03-09 11:19:34,018 - utils.logger2026-03-09-11.18.57 - INFO - End of training epoch 10 / 40 	 Time Taken: 3 sec
2026-03-09 11:19:34,018 - utils.logger2026-03-09-11.18.57 - INFO - learning rate = 0.0002000
2026-03-09 11:19:34,457 - utils.logger2026-03-09-11.18.57 - INFO - Val result of epoch 10 / 40 acc 0.7902 MAE 0.6605 f1 0.8024
2026-03-09 11:19:34,896 - utils.logger2026-03-09-11.18.57 - INFO - Tst result of epoch 10 / 40 acc 0.7902 MAE 0.6605 f1 0.8024
2026-03-09 11:19:36,082 - utils.logger2026-03-09-11.18.57 - INFO - Cur epoch 11 loss TA:0.7831 TV:0.7865 VA:1.4370 CE:0.9109
2026-03-09 11:19:36,730 - utils.logger2026-03-09-11.18.57 - INFO - Cur epoch 11 loss TA:0.8106 TV:0.7891 VA:1.4308 CE:0.7433
2026-03-09 11:19:37,307 - utils.logger2026-03-09-11.18.57 - INFO - saving the model at the end of epoch 11, iters 308
2026-03-09 11:19:37,617 - utils.logger2026-03-09-11.18.57 - INFO - End of training epoch 11 / 40 	 Time Taken: 2 sec
2026-03-09 11:19:37,617 - utils.logger2026-03-09-11.18.57 - INFO - learning rate = 0.0002000
2026-03-09 11:19:38,094 - utils.logger2026-03-09-11.18.57 - INFO - Val result of epoch 11 / 40 acc 0.7902 MAE 0.6627 f1 0.8022
2026-03-09 11:19:38,554 - utils.logger2026-03-09-11.18.57 - INFO - Tst result of epoch 11 / 40 acc 0.7902 MAE 0.6627 f1 0.8022
2026-03-09 11:19:39,007 - utils.logger2026-03-09-11.18.57 - INFO - Cur epoch 12 loss TA:0.7556 TV:0.7788 VA:1.3878 CE:0.7465
2026-03-09 11:19:39,623 - utils.logger2026-03-09-11.18.57 - INFO - Cur epoch 12 loss TA:0.7438 TV:0.7535 VA:1.2786 CE:0.7590
2026-03-09 11:19:40,651 - utils.logger2026-03-09-11.18.57 - INFO - Cur epoch 12 loss TA:0.7673 TV:0.7862 VA:1.4110 CE:0.6278
2026-03-09 11:19:41,314 - utils.logger2026-03-09-11.18.57 - INFO - saving the model at the end of epoch 12, iters 336
2026-03-09 11:19:41,721 - utils.logger2026-03-09-11.18.57 - INFO - End of training epoch 12 / 40 	 Time Taken: 3 sec
2026-03-09 11:19:41,722 - utils.logger2026-03-09-11.18.57 - INFO - learning rate = 0.0002000
2026-03-09 11:19:42,102 - utils.logger2026-03-09-11.18.57 - INFO - Val result of epoch 12 / 40 acc 0.7946 MAE 0.6694 f1 0.8070
2026-03-09 11:19:42,497 - utils.logger2026-03-09-11.18.57 - INFO - Tst result of epoch 12 / 40 acc 0.7946 MAE 0.6694 f1 0.8070
2026-03-09 11:19:42,995 - utils.logger2026-03-09-11.18.57 - INFO - Cur epoch 13 loss TA:0.7014 TV:0.7298 VA:1.3200 CE:0.6468
2026-03-09 11:19:43,632 - utils.logger2026-03-09-11.18.57 - INFO - Cur epoch 13 loss TA:0.7565 TV:0.7680 VA:1.3874 CE:0.5617
2026-03-09 11:19:44,196 - utils.logger2026-03-09-11.18.57 - INFO - Cur epoch 13 loss TA:0.7211 TV:0.7304 VA:1.3443 CE:0.6452
2026-03-09 11:19:44,503 - utils.logger2026-03-09-11.18.57 - INFO - saving the model at the end of epoch 13, iters 364
2026-03-09 11:19:44,728 - utils.logger2026-03-09-11.18.57 - INFO - End of training epoch 13 / 40 	 Time Taken: 2 sec
2026-03-09 11:19:44,728 - utils.logger2026-03-09-11.18.57 - INFO - learning rate = 0.0002000
2026-03-09 11:19:45,214 - utils.logger2026-03-09-11.18.57 - INFO - Val result of epoch 13 / 40 acc 0.7634 MAE 0.6587 f1 0.7746
2026-03-09 11:19:45,619 - utils.logger2026-03-09-11.18.57 - INFO - Tst result of epoch 13 / 40 acc 0.7634 MAE 0.6587 f1 0.7746
2026-03-09 11:19:46,251 - utils.logger2026-03-09-11.18.57 - INFO - Cur epoch 14 loss TA:0.7133 TV:0.7267 VA:1.2684 CE:0.6585
2026-03-09 11:19:46,852 - utils.logger2026-03-09-11.18.57 - INFO - Cur epoch 14 loss TA:0.7154 TV:0.7295 VA:1.2605 CE:0.5910
2026-03-09 11:19:47,668 - utils.logger2026-03-09-11.18.57 - INFO - Cur epoch 14 loss TA:0.7291 TV:0.7335 VA:1.3269 CE:0.4468
2026-03-09 11:19:47,883 - utils.logger2026-03-09-11.18.57 - INFO - saving the model at the end of epoch 14, iters 392
2026-03-09 11:19:48,026 - utils.logger2026-03-09-11.18.57 - INFO - End of training epoch 14 / 40 	 Time Taken: 2 sec
2026-03-09 11:19:48,026 - utils.logger2026-03-09-11.18.57 - INFO - learning rate = 0.0002000
2026-03-09 11:19:48,528 - utils.logger2026-03-09-11.18.57 - INFO - Val result of epoch 14 / 40 acc 0.7723 MAE 0.6672 f1 0.7834
2026-03-09 11:19:48,986 - utils.logger2026-03-09-11.18.57 - INFO - Tst result of epoch 14 / 40 acc 0.7723 MAE 0.6672 f1 0.7834
2026-03-09 11:19:50,164 - utils.logger2026-03-09-11.18.57 - INFO - Cur epoch 15 loss TA:0.7190 TV:0.7237 VA:1.2368 CE:0.6326
2026-03-09 11:19:51,187 - utils.logger2026-03-09-11.18.57 - INFO - Cur epoch 15 loss TA:0.6873 TV:0.6975 VA:1.2829 CE:0.4429
2026-03-09 11:19:52,188 - utils.logger2026-03-09-11.18.57 - INFO - Cur epoch 15 loss TA:0.3917 TV:0.4149 VA:0.7272 CE:0.7621
2026-03-09 11:19:52,256 - utils.logger2026-03-09-11.18.57 - INFO - saving the model at the end of epoch 15, iters 420
2026-03-09 11:19:52,442 - utils.logger2026-03-09-11.18.57 - INFO - End of training epoch 15 / 40 	 Time Taken: 3 sec
2026-03-09 11:19:52,442 - utils.logger2026-03-09-11.18.57 - INFO - learning rate = 0.0002000
2026-03-09 11:19:52,857 - utils.logger2026-03-09-11.18.57 - INFO - Val result of epoch 15 / 40 acc 0.7679 MAE 0.6662 f1 0.7795
2026-03-09 11:19:53,271 - utils.logger2026-03-09-11.18.57 - INFO - Tst result of epoch 15 / 40 acc 0.7679 MAE 0.6662 f1 0.7795
2026-03-09 11:19:54,174 - utils.logger2026-03-09-11.18.57 - INFO - Cur epoch 16 loss TA:0.7144 TV:0.7305 VA:1.2685 CE:0.5013
2026-03-09 11:19:55,005 - utils.logger2026-03-09-11.18.57 - INFO - Cur epoch 16 loss TA:0.6896 TV:0.6925 VA:1.2255 CE:0.5624
2026-03-09 11:19:55,518 - utils.logger2026-03-09-11.18.57 - INFO - saving the model at the end of epoch 16, iters 448
2026-03-09 11:19:55,686 - utils.logger2026-03-09-11.18.57 - INFO - End of training epoch 16 / 40 	 Time Taken: 2 sec
2026-03-09 11:19:55,686 - utils.logger2026-03-09-11.18.57 - INFO - learning rate = 0.0002000
2026-03-09 11:19:56,113 - utils.logger2026-03-09-11.18.57 - INFO - Val result of epoch 16 / 40 acc 0.7723 MAE 0.6637 f1 0.7834
2026-03-09 11:19:56,561 - utils.logger2026-03-09-11.18.57 - INFO - Tst result of epoch 16 / 40 acc 0.7723 MAE 0.6637 f1 0.7834
2026-03-09 11:19:57,006 - utils.logger2026-03-09-11.18.57 - INFO - Cur epoch 17 loss TA:0.6932 TV:0.7062 VA:1.2716 CE:0.4666
2026-03-09 11:19:57,632 - utils.logger2026-03-09-11.18.57 - INFO - Cur epoch 17 loss TA:0.6599 TV:0.6863 VA:1.2586 CE:0.4195
2026-03-09 11:19:58,175 - utils.logger2026-03-09-11.18.57 - INFO - Cur epoch 17 loss TA:0.6899 TV:0.6908 VA:1.2664 CE:0.3877
2026-03-09 11:19:58,774 - utils.logger2026-03-09-11.18.57 - INFO - saving the model at the end of epoch 17, iters 476
2026-03-09 11:19:59,193 - utils.logger2026-03-09-11.18.57 - INFO - End of training epoch 17 / 40 	 Time Taken: 2 sec
2026-03-09 11:19:59,194 - utils.logger2026-03-09-11.18.57 - INFO - learning rate = 0.0002000
2026-03-09 11:19:59,597 - utils.logger2026-03-09-11.18.57 - INFO - Val result of epoch 17 / 40 acc 0.7768 MAE 0.6588 f1 0.7886
2026-03-09 11:20:00,015 - utils.logger2026-03-09-11.18.57 - INFO - Tst result of epoch 17 / 40 acc 0.7768 MAE 0.6588 f1 0.7886
2026-03-09 11:20:00,730 - utils.logger2026-03-09-11.18.57 - INFO - Cur epoch 18 loss TA:0.6645 TV:0.6614 VA:1.1867 CE:0.3621
2026-03-09 11:20:01,536 - utils.logger2026-03-09-11.18.57 - INFO - Cur epoch 18 loss TA:0.6247 TV:0.6268 VA:1.2365 CE:0.3777
2026-03-09 11:20:02,140 - utils.logger2026-03-09-11.18.57 - INFO - Cur epoch 18 loss TA:0.6761 TV:0.6756 VA:1.1985 CE:0.4288
2026-03-09 11:20:02,454 - utils.logger2026-03-09-11.18.57 - INFO - saving the model at the end of epoch 18, iters 504
2026-03-09 11:20:02,539 - utils.logger2026-03-09-11.18.57 - INFO - End of training epoch 18 / 40 	 Time Taken: 2 sec
2026-03-09 11:20:02,539 - utils.logger2026-03-09-11.18.57 - INFO - learning rate = 0.0002000
2026-03-09 11:20:02,946 - utils.logger2026-03-09-11.18.57 - INFO - Val result of epoch 18 / 40 acc 0.7723 MAE 0.6552 f1 0.7846
2026-03-09 11:20:03,342 - utils.logger2026-03-09-11.18.57 - INFO - Tst result of epoch 18 / 40 acc 0.7723 MAE 0.6552 f1 0.7846
2026-03-09 11:20:04,199 - utils.logger2026-03-09-11.18.57 - INFO - Cur epoch 19 loss TA:0.6698 TV:0.6460 VA:1.1646 CE:0.3867
2026-03-09 11:20:04,779 - utils.logger2026-03-09-11.18.57 - INFO - Cur epoch 19 loss TA:0.6164 TV:0.6237 VA:1.1480 CE:0.3761
2026-03-09 11:20:05,326 - utils.logger2026-03-09-11.18.57 - INFO - Cur epoch 19 loss TA:0.6290 TV:0.6326 VA:1.1570 CE:0.3509
2026-03-09 11:20:05,568 - utils.logger2026-03-09-11.18.57 - INFO - saving the model at the end of epoch 19, iters 532
2026-03-09 11:20:05,788 - utils.logger2026-03-09-11.18.57 - INFO - End of training epoch 19 / 40 	 Time Taken: 2 sec
2026-03-09 11:20:05,788 - utils.logger2026-03-09-11.18.57 - INFO - learning rate = 0.0002000
2026-03-09 11:20:06,178 - utils.logger2026-03-09-11.18.57 - INFO - Val result of epoch 19 / 40 acc 0.7723 MAE 0.6596 f1 0.7835
2026-03-09 11:20:06,545 - utils.logger2026-03-09-11.18.57 - INFO - Tst result of epoch 19 / 40 acc 0.7723 MAE 0.6596 f1 0.7835
2026-03-09 11:20:07,345 - utils.logger2026-03-09-11.18.57 - INFO - Cur epoch 20 loss TA:0.6279 TV:0.6436 VA:1.1942 CE:0.3563
2026-03-09 11:20:08,398 - utils.logger2026-03-09-11.18.57 - INFO - Cur epoch 20 loss TA:0.6299 TV:0.6420 VA:1.1660 CE:0.3161
2026-03-09 11:20:09,496 - utils.logger2026-03-09-11.18.57 - INFO - Cur epoch 20 loss TA:0.4883 TV:0.4450 VA:0.6668 CE:0.3610
2026-03-09 11:20:09,543 - utils.logger2026-03-09-11.18.57 - INFO - saving the model at the end of epoch 20, iters 560
2026-03-09 11:20:09,995 - utils.logger2026-03-09-11.18.57 - INFO - End of training epoch 20 / 40 	 Time Taken: 3 sec
2026-03-09 11:20:09,995 - utils.logger2026-03-09-11.18.57 - INFO - learning rate = 0.0002000
2026-03-09 11:20:10,397 - utils.logger2026-03-09-11.18.57 - INFO - Val result of epoch 20 / 40 acc 0.7723 MAE 0.6526 f1 0.7882
2026-03-09 11:20:10,797 - utils.logger2026-03-09-11.18.57 - INFO - Tst result of epoch 20 / 40 acc 0.7723 MAE 0.6526 f1 0.7882
2026-03-09 11:20:11,608 - utils.logger2026-03-09-11.18.57 - INFO - Cur epoch 21 loss TA:0.6115 TV:0.6235 VA:1.1579 CE:0.2844
2026-03-09 11:20:12,433 - utils.logger2026-03-09-11.18.57 - INFO - Cur epoch 21 loss TA:0.6399 TV:0.6353 VA:1.2114 CE:0.3170
2026-03-09 11:20:12,958 - utils.logger2026-03-09-11.18.57 - INFO - saving the model at the end of epoch 21, iters 588
2026-03-09 11:20:13,160 - utils.logger2026-03-09-11.18.57 - INFO - End of training epoch 21 / 40 	 Time Taken: 2 sec
2026-03-09 11:20:13,161 - utils.logger2026-03-09-11.18.57 - INFO - learning rate = 0.0002000
2026-03-09 11:20:13,616 - utils.logger2026-03-09-11.18.57 - INFO - Val result of epoch 21 / 40 acc 0.7768 MAE 0.6518 f1 0.7881
2026-03-09 11:20:14,013 - utils.logger2026-03-09-11.18.57 - INFO - Tst result of epoch 21 / 40 acc 0.7768 MAE 0.6518 f1 0.7881
2026-03-09 11:20:14,395 - utils.logger2026-03-09-11.18.57 - INFO - Cur epoch 22 loss TA:0.6079 TV:0.6109 VA:1.1301 CE:0.2390
2026-03-09 11:20:14,971 - utils.logger2026-03-09-11.18.57 - INFO - Cur epoch 22 loss TA:0.5865 TV:0.5972 VA:1.0710 CE:0.3469
2026-03-09 11:20:15,556 - utils.logger2026-03-09-11.18.57 - INFO - Cur epoch 22 loss TA:0.5872 TV:0.6202 VA:1.1270 CE:0.2648
2026-03-09 11:20:16,162 - utils.logger2026-03-09-11.18.57 - INFO - saving the model at the end of epoch 22, iters 616
2026-03-09 11:20:16,528 - utils.logger2026-03-09-11.18.57 - INFO - End of training epoch 22 / 40 	 Time Taken: 2 sec
2026-03-09 11:20:16,528 - utils.logger2026-03-09-11.18.57 - INFO - learning rate = 0.0002000
2026-03-09 11:20:16,937 - utils.logger2026-03-09-11.18.57 - INFO - Val result of epoch 22 / 40 acc 0.7768 MAE 0.6589 f1 0.7881
2026-03-09 11:20:17,346 - utils.logger2026-03-09-11.18.57 - INFO - Tst result of epoch 22 / 40 acc 0.7768 MAE 0.6589 f1 0.7881
2026-03-09 11:20:18,010 - utils.logger2026-03-09-11.18.57 - INFO - Cur epoch 23 loss TA:0.6120 TV:0.6259 VA:1.1692 CE:0.2756
2026-03-09 11:20:18,758 - utils.logger2026-03-09-11.18.57 - INFO - Cur epoch 23 loss TA:0.5801 TV:0.6211 VA:1.1515 CE:0.2462
2026-03-09 11:20:19,401 - utils.logger2026-03-09-11.18.57 - INFO - Cur epoch 23 loss TA:0.5910 TV:0.5983 VA:1.1242 CE:0.2909
2026-03-09 11:20:19,654 - utils.logger2026-03-09-11.18.57 - INFO - saving the model at the end of epoch 23, iters 644
2026-03-09 11:20:19,795 - utils.logger2026-03-09-11.18.57 - INFO - End of training epoch 23 / 40 	 Time Taken: 2 sec
2026-03-09 11:20:19,795 - utils.logger2026-03-09-11.18.57 - INFO - learning rate = 0.0002000
2026-03-09 11:20:20,200 - utils.logger2026-03-09-11.18.57 - INFO - Val result of epoch 23 / 40 acc 0.7634 MAE 0.6565 f1 0.7740
2026-03-09 11:20:20,710 - utils.logger2026-03-09-11.18.57 - INFO - Tst result of epoch 23 / 40 acc 0.7634 MAE 0.6565 f1 0.7740
2026-03-09 11:20:21,427 - utils.logger2026-03-09-11.18.57 - INFO - Cur epoch 24 loss TA:0.5923 TV:0.5956 VA:1.0753 CE:0.3170
2026-03-09 11:20:22,018 - utils.logger2026-03-09-11.18.57 - INFO - Cur epoch 24 loss TA:0.5883 TV:0.6095 VA:1.1316 CE:0.3113
2026-03-09 11:20:22,688 - utils.logger2026-03-09-11.18.57 - INFO - Cur epoch 24 loss TA:0.5909 TV:0.6131 VA:1.1043 CE:0.3538
2026-03-09 11:20:22,909 - utils.logger2026-03-09-11.18.57 - INFO - saving the model at the end of epoch 24, iters 672
2026-03-09 11:20:23,123 - utils.logger2026-03-09-11.18.57 - INFO - End of training epoch 24 / 40 	 Time Taken: 2 sec
2026-03-09 11:20:23,124 - utils.logger2026-03-09-11.18.57 - INFO - learning rate = 0.0002000
2026-03-09 11:20:23,501 - utils.logger2026-03-09-11.18.57 - INFO - Val result of epoch 24 / 40 acc 0.7545 MAE 0.6562 f1 0.7675
2026-03-09 11:20:23,864 - utils.logger2026-03-09-11.18.57 - INFO - Tst result of epoch 24 / 40 acc 0.7545 MAE 0.6562 f1 0.7675
2026-03-09 11:20:24,956 - utils.logger2026-03-09-11.18.57 - INFO - Cur epoch 25 loss TA:0.5805 TV:0.5759 VA:1.0780 CE:0.1996
2026-03-09 11:20:26,017 - utils.logger2026-03-09-11.18.57 - INFO - Cur epoch 25 loss TA:0.5699 TV:0.5887 VA:1.0621 CE:0.1749
2026-03-09 11:20:27,093 - utils.logger2026-03-09-11.18.57 - INFO - Cur epoch 25 loss TA:0.3552 TV:0.3370 VA:0.5463 CE:0.2140
2026-03-09 11:20:27,143 - utils.logger2026-03-09-11.18.57 - INFO - saving the model at the end of epoch 25, iters 700
2026-03-09 11:20:27,366 - utils.logger2026-03-09-11.18.57 - INFO - End of training epoch 25 / 40 	 Time Taken: 3 sec
2026-03-09 11:20:27,366 - utils.logger2026-03-09-11.18.57 - INFO - learning rate = 0.0002000
2026-03-09 11:20:27,733 - utils.logger2026-03-09-11.18.57 - INFO - Val result of epoch 25 / 40 acc 0.7589 MAE 0.6522 f1 0.7704
2026-03-09 11:20:28,096 - utils.logger2026-03-09-11.18.57 - INFO - Tst result of epoch 25 / 40 acc 0.7589 MAE 0.6522 f1 0.7704
2026-03-09 11:20:28,912 - utils.logger2026-03-09-11.18.57 - INFO - Cur epoch 26 loss TA:0.5947 TV:0.6131 VA:1.1093 CE:0.3587
2026-03-09 11:20:29,733 - utils.logger2026-03-09-11.18.57 - INFO - Cur epoch 26 loss TA:0.5788 TV:0.5830 VA:1.0939 CE:0.2400
2026-03-09 11:20:30,295 - utils.logger2026-03-09-11.18.57 - INFO - saving the model at the end of epoch 26, iters 728
2026-03-09 11:20:30,472 - utils.logger2026-03-09-11.18.57 - INFO - End of training epoch 26 / 40 	 Time Taken: 2 sec
2026-03-09 11:20:30,472 - utils.logger2026-03-09-11.18.57 - INFO - learning rate = 0.0002000
2026-03-09 11:20:30,903 - utils.logger2026-03-09-11.18.57 - INFO - Val result of epoch 26 / 40 acc 0.7902 MAE 0.6630 f1 0.8022
2026-03-09 11:20:31,322 - utils.logger2026-03-09-11.18.57 - INFO - Tst result of epoch 26 / 40 acc 0.7902 MAE 0.6630 f1 0.8022
2026-03-09 11:20:31,746 - utils.logger2026-03-09-11.18.57 - INFO - Cur epoch 27 loss TA:0.5649 TV:0.5690 VA:1.1057 CE:0.2683
2026-03-09 11:20:32,344 - utils.logger2026-03-09-11.18.57 - INFO - Cur epoch 27 loss TA:0.5605 TV:0.5659 VA:1.0521 CE:0.3091
2026-03-09 11:20:32,938 - utils.logger2026-03-09-11.18.57 - INFO - Cur epoch 27 loss TA:0.5730 TV:0.5767 VA:1.0538 CE:0.2406
2026-03-09 11:20:33,664 - utils.logger2026-03-09-11.18.57 - INFO - saving the model at the end of epoch 27, iters 756
2026-03-09 11:20:34,070 - utils.logger2026-03-09-11.18.57 - INFO - End of training epoch 27 / 40 	 Time Taken: 2 sec
2026-03-09 11:20:34,070 - utils.logger2026-03-09-11.18.57 - INFO - learning rate = 0.0002000
2026-03-09 11:20:34,510 - utils.logger2026-03-09-11.18.57 - INFO - Val result of epoch 27 / 40 acc 0.7545 MAE 0.6536 f1 0.7646
2026-03-09 11:20:34,959 - utils.logger2026-03-09-11.18.57 - INFO - Tst result of epoch 27 / 40 acc 0.7545 MAE 0.6536 f1 0.7646
2026-03-09 11:20:35,681 - utils.logger2026-03-09-11.18.57 - INFO - Cur epoch 28 loss TA:0.5421 TV:0.5459 VA:1.0296 CE:0.2323
2026-03-09 11:20:36,299 - utils.logger2026-03-09-11.18.57 - INFO - Cur epoch 28 loss TA:0.5552 TV:0.5604 VA:1.0850 CE:0.3284
2026-03-09 11:20:36,951 - utils.logger2026-03-09-11.18.57 - INFO - Cur epoch 28 loss TA:0.5704 TV:0.5602 VA:1.0408 CE:0.2759
2026-03-09 11:20:37,276 - utils.logger2026-03-09-11.18.57 - INFO - saving the model at the end of epoch 28, iters 784
2026-03-09 11:20:37,391 - utils.logger2026-03-09-11.18.57 - INFO - End of training epoch 28 / 40 	 Time Taken: 2 sec
2026-03-09 11:20:37,391 - utils.logger2026-03-09-11.18.57 - INFO - learning rate = 0.0002000
2026-03-09 11:20:37,773 - utils.logger2026-03-09-11.18.57 - INFO - Val result of epoch 28 / 40 acc 0.7545 MAE 0.6615 f1 0.7653
2026-03-09 11:20:38,241 - utils.logger2026-03-09-11.18.57 - INFO - Tst result of epoch 28 / 40 acc 0.7545 MAE 0.6615 f1 0.7653
2026-03-09 11:20:38,904 - utils.logger2026-03-09-11.18.57 - INFO - Cur epoch 29 loss TA:0.5829 TV:0.5898 VA:1.0732 CE:0.2929
2026-03-09 11:20:39,509 - utils.logger2026-03-09-11.18.57 - INFO - Cur epoch 29 loss TA:0.5473 TV:0.5465 VA:1.0265 CE:0.3482
2026-03-09 11:20:40,115 - utils.logger2026-03-09-11.18.57 - INFO - Cur epoch 29 loss TA:0.5801 TV:0.5850 VA:1.0790 CE:0.3120
2026-03-09 11:20:40,343 - utils.logger2026-03-09-11.18.57 - INFO - saving the model at the end of epoch 29, iters 812
2026-03-09 11:20:40,589 - utils.logger2026-03-09-11.18.57 - INFO - End of training epoch 29 / 40 	 Time Taken: 2 sec
2026-03-09 11:20:40,590 - utils.logger2026-03-09-11.18.57 - INFO - learning rate = 0.0002000
2026-03-09 11:20:40,993 - utils.logger2026-03-09-11.18.57 - INFO - Val result of epoch 29 / 40 acc 0.7589 MAE 0.6606 f1 0.7696
2026-03-09 11:20:41,437 - utils.logger2026-03-09-11.18.57 - INFO - Tst result of epoch 29 / 40 acc 0.7589 MAE 0.6606 f1 0.7696
2026-03-09 11:20:42,614 - utils.logger2026-03-09-11.18.57 - INFO - Cur epoch 30 loss TA:0.5545 TV:0.5595 VA:1.0617 CE:0.2055
2026-03-09 11:20:43,624 - utils.logger2026-03-09-11.18.57 - INFO - Cur epoch 30 loss TA:0.5657 TV:0.5774 VA:1.0867 CE:0.2849
2026-03-09 11:20:44,707 - utils.logger2026-03-09-11.18.57 - INFO - Cur epoch 30 loss TA:0.2865 TV:0.2975 VA:0.5264 CE:0.3544
2026-03-09 11:20:44,750 - utils.logger2026-03-09-11.18.57 - INFO - saving the model at the end of epoch 30, iters 840
2026-03-09 11:20:44,943 - utils.logger2026-03-09-11.18.57 - INFO - End of training epoch 30 / 40 	 Time Taken: 3 sec
2026-03-09 11:20:44,943 - utils.logger2026-03-09-11.18.57 - INFO - learning rate = 0.0001818
2026-03-09 11:20:45,365 - utils.logger2026-03-09-11.18.57 - INFO - Val result of epoch 30 / 40 acc 0.7589 MAE 0.6642 f1 0.7740
2026-03-09 11:20:45,761 - utils.logger2026-03-09-11.18.57 - INFO - Tst result of epoch 30 / 40 acc 0.7589 MAE 0.6642 f1 0.7740
2026-03-09 11:20:46,714 - utils.logger2026-03-09-11.18.57 - INFO - Cur epoch 31 loss TA:0.5371 TV:0.5313 VA:0.9960 CE:0.2423
2026-03-09 11:20:47,441 - utils.logger2026-03-09-11.18.57 - INFO - Cur epoch 31 loss TA:0.5134 TV:0.5355 VA:1.0366 CE:0.2022
2026-03-09 11:20:47,974 - utils.logger2026-03-09-11.18.57 - INFO - saving the model at the end of epoch 31, iters 868
2026-03-09 11:20:48,068 - utils.logger2026-03-09-11.18.57 - INFO - End of training epoch 31 / 40 	 Time Taken: 2 sec
2026-03-09 11:20:48,068 - utils.logger2026-03-09-11.18.57 - INFO - learning rate = 0.0001636
2026-03-09 11:20:48,541 - utils.logger2026-03-09-11.18.57 - INFO - Val result of epoch 31 / 40 acc 0.7455 MAE 0.6511 f1 0.7559
2026-03-09 11:20:49,012 - utils.logger2026-03-09-11.18.57 - INFO - Tst result of epoch 31 / 40 acc 0.7455 MAE 0.6511 f1 0.7559
2026-03-09 11:20:49,443 - utils.logger2026-03-09-11.18.57 - INFO - Cur epoch 32 loss TA:0.5382 TV:0.5539 VA:1.0128 CE:0.2954
2026-03-09 11:20:50,077 - utils.logger2026-03-09-11.18.57 - INFO - Cur epoch 32 loss TA:0.5370 TV:0.5503 VA:1.0331 CE:0.1901
2026-03-09 11:20:50,742 - utils.logger2026-03-09-11.18.57 - INFO - Cur epoch 32 loss TA:0.5236 TV:0.5383 VA:1.0348 CE:0.2750
2026-03-09 11:20:51,430 - utils.logger2026-03-09-11.18.57 - INFO - saving the model at the end of epoch 32, iters 896
2026-03-09 11:20:51,804 - utils.logger2026-03-09-11.18.57 - INFO - End of training epoch 32 / 40 	 Time Taken: 2 sec
2026-03-09 11:20:51,805 - utils.logger2026-03-09-11.18.57 - INFO - learning rate = 0.0001455
2026-03-09 11:20:52,224 - utils.logger2026-03-09-11.18.57 - INFO - Val result of epoch 32 / 40 acc 0.7723 MAE 0.6576 f1 0.7835
2026-03-09 11:20:52,636 - utils.logger2026-03-09-11.18.57 - INFO - Tst result of epoch 32 / 40 acc 0.7723 MAE 0.6576 f1 0.7835
2026-03-09 11:20:53,355 - utils.logger2026-03-09-11.18.57 - INFO - Cur epoch 33 loss TA:0.5189 TV:0.5245 VA:1.0134 CE:0.2281
2026-03-09 11:20:54,054 - utils.logger2026-03-09-11.18.57 - INFO - Cur epoch 33 loss TA:0.5254 TV:0.5355 VA:0.9838 CE:0.2036
2026-03-09 11:20:54,629 - utils.logger2026-03-09-11.18.57 - INFO - Cur epoch 33 loss TA:0.5152 TV:0.5348 VA:1.0107 CE:0.1422
2026-03-09 11:20:54,970 - utils.logger2026-03-09-11.18.57 - INFO - saving the model at the end of epoch 33, iters 924
2026-03-09 11:20:55,210 - utils.logger2026-03-09-11.18.57 - INFO - End of training epoch 33 / 40 	 Time Taken: 2 sec
2026-03-09 11:20:55,211 - utils.logger2026-03-09-11.18.57 - INFO - learning rate = 0.0001273
2026-03-09 11:20:55,649 - utils.logger2026-03-09-11.18.57 - INFO - Val result of epoch 33 / 40 acc 0.7634 MAE 0.6655 f1 0.7744
2026-03-09 11:20:56,141 - utils.logger2026-03-09-11.18.57 - INFO - Tst result of epoch 33 / 40 acc 0.7634 MAE 0.6655 f1 0.7744
2026-03-09 11:20:56,806 - utils.logger2026-03-09-11.18.57 - INFO - Cur epoch 34 loss TA:0.5287 TV:0.5292 VA:1.0061 CE:0.2873
2026-03-09 11:20:57,401 - utils.logger2026-03-09-11.18.57 - INFO - Cur epoch 34 loss TA:0.5225 TV:0.5459 VA:0.9991 CE:0.2327
2026-03-09 11:20:58,110 - utils.logger2026-03-09-11.18.57 - INFO - Cur epoch 34 loss TA:0.5065 TV:0.5273 VA:1.0224 CE:0.1737
2026-03-09 11:20:58,341 - utils.logger2026-03-09-11.18.57 - INFO - saving the model at the end of epoch 34, iters 952
2026-03-09 11:20:58,635 - utils.logger2026-03-09-11.18.57 - INFO - End of training epoch 34 / 40 	 Time Taken: 2 sec
2026-03-09 11:20:58,635 - utils.logger2026-03-09-11.18.57 - INFO - learning rate = 0.0001091
2026-03-09 11:20:59,113 - utils.logger2026-03-09-11.18.57 - INFO - Val result of epoch 34 / 40 acc 0.7679 MAE 0.6603 f1 0.7787
2026-03-09 11:20:59,568 - utils.logger2026-03-09-11.18.57 - INFO - Tst result of epoch 34 / 40 acc 0.7679 MAE 0.6603 f1 0.7787
2026-03-09 11:21:00,658 - utils.logger2026-03-09-11.18.57 - INFO - Cur epoch 35 loss TA:0.5516 TV:0.5462 VA:1.0078 CE:0.2535
2026-03-09 11:21:01,770 - utils.logger2026-03-09-11.18.57 - INFO - Cur epoch 35 loss TA:0.5180 TV:0.5266 VA:1.0217 CE:0.1565
2026-03-09 11:21:02,800 - utils.logger2026-03-09-11.18.57 - INFO - Cur epoch 35 loss TA:0.2541 TV:0.2848 VA:0.4490 CE:0.1209
2026-03-09 11:21:02,870 - utils.logger2026-03-09-11.18.57 - INFO - saving the model at the end of epoch 35, iters 980
2026-03-09 11:21:03,091 - utils.logger2026-03-09-11.18.57 - INFO - End of training epoch 35 / 40 	 Time Taken: 3 sec
2026-03-09 11:21:03,091 - utils.logger2026-03-09-11.18.57 - INFO - learning rate = 0.0000909
2026-03-09 11:21:03,518 - utils.logger2026-03-09-11.18.57 - INFO - Val result of epoch 35 / 40 acc 0.7679 MAE 0.6660 f1 0.7787
2026-03-09 11:21:03,911 - utils.logger2026-03-09-11.18.57 - INFO - Tst result of epoch 35 / 40 acc 0.7679 MAE 0.6660 f1 0.7787
2026-03-09 11:21:04,900 - utils.logger2026-03-09-11.18.57 - INFO - Cur epoch 36 loss TA:0.5124 TV:0.5190 VA:0.9732 CE:0.1909
2026-03-09 11:21:05,586 - utils.logger2026-03-09-11.18.57 - INFO - Cur epoch 36 loss TA:0.5088 TV:0.5222 VA:1.0205 CE:0.1713
2026-03-09 11:21:06,114 - utils.logger2026-03-09-11.18.57 - INFO - saving the model at the end of epoch 36, iters 1008
2026-03-09 11:21:06,282 - utils.logger2026-03-09-11.18.57 - INFO - End of training epoch 36 / 40 	 Time Taken: 2 sec
2026-03-09 11:21:06,282 - utils.logger2026-03-09-11.18.57 - INFO - learning rate = 0.0000727
2026-03-09 11:21:06,777 - utils.logger2026-03-09-11.18.57 - INFO - Val result of epoch 36 / 40 acc 0.7768 MAE 0.6695 f1 0.7883
2026-03-09 11:21:07,243 - utils.logger2026-03-09-11.18.57 - INFO - Tst result of epoch 36 / 40 acc 0.7768 MAE 0.6695 f1 0.7883
2026-03-09 11:21:07,672 - utils.logger2026-03-09-11.18.57 - INFO - Cur epoch 37 loss TA:0.5189 TV:0.5319 VA:1.0081 CE:0.1747
2026-03-09 11:21:08,347 - utils.logger2026-03-09-11.18.57 - INFO - Cur epoch 37 loss TA:0.5176 TV:0.5233 VA:1.0119 CE:0.1593
2026-03-09 11:21:08,995 - utils.logger2026-03-09-11.18.57 - INFO - Cur epoch 37 loss TA:0.5256 TV:0.5176 VA:1.0107 CE:0.1767
2026-03-09 11:21:09,624 - utils.logger2026-03-09-11.18.57 - INFO - saving the model at the end of epoch 37, iters 1036
2026-03-09 11:21:10,050 - utils.logger2026-03-09-11.18.57 - INFO - End of training epoch 37 / 40 	 Time Taken: 2 sec
2026-03-09 11:21:10,050 - utils.logger2026-03-09-11.18.57 - INFO - learning rate = 0.0000545
2026-03-09 11:21:10,462 - utils.logger2026-03-09-11.18.57 - INFO - Val result of epoch 37 / 40 acc 0.7723 MAE 0.6703 f1 0.7835
2026-03-09 11:21:10,851 - utils.logger2026-03-09-11.18.57 - INFO - Tst result of epoch 37 / 40 acc 0.7723 MAE 0.6703 f1 0.7835
2026-03-09 11:21:11,528 - utils.logger2026-03-09-11.18.57 - INFO - Cur epoch 38 loss TA:0.4930 TV:0.4926 VA:0.9648 CE:0.1681
2026-03-09 11:21:12,149 - utils.logger2026-03-09-11.18.57 - INFO - Cur epoch 38 loss TA:0.4907 TV:0.5171 VA:1.0233 CE:0.1604
2026-03-09 11:21:12,783 - utils.logger2026-03-09-11.18.57 - INFO - Cur epoch 38 loss TA:0.4949 TV:0.5044 VA:0.9824 CE:0.1748
2026-03-09 11:21:13,069 - utils.logger2026-03-09-11.18.57 - INFO - saving the model at the end of epoch 38, iters 1064
2026-03-09 11:21:13,175 - utils.logger2026-03-09-11.18.57 - INFO - End of training epoch 38 / 40 	 Time Taken: 2 sec
2026-03-09 11:21:13,175 - utils.logger2026-03-09-11.18.57 - INFO - learning rate = 0.0000364
2026-03-09 11:21:13,506 - utils.logger2026-03-09-11.18.57 - INFO - Val result of epoch 38 / 40 acc 0.7768 MAE 0.6683 f1 0.7881
2026-03-09 11:21:13,899 - utils.logger2026-03-09-11.18.57 - INFO - Tst result of epoch 38 / 40 acc 0.7768 MAE 0.6683 f1 0.7881
2026-03-09 11:21:14,609 - utils.logger2026-03-09-11.18.57 - INFO - Cur epoch 39 loss TA:0.4908 TV:0.4929 VA:0.9753 CE:0.2486
2026-03-09 11:21:15,175 - utils.logger2026-03-09-11.18.57 - INFO - Cur epoch 39 loss TA:0.5067 TV:0.5085 VA:0.9536 CE:0.2219
2026-03-09 11:21:15,728 - utils.logger2026-03-09-11.18.57 - INFO - Cur epoch 39 loss TA:0.5137 TV:0.5243 VA:1.0015 CE:0.2112
2026-03-09 11:21:15,931 - utils.logger2026-03-09-11.18.57 - INFO - saving the model at the end of epoch 39, iters 1092
2026-03-09 11:21:16,259 - utils.logger2026-03-09-11.18.57 - INFO - End of training epoch 39 / 40 	 Time Taken: 2 sec
2026-03-09 11:21:16,259 - utils.logger2026-03-09-11.18.57 - INFO - learning rate = 0.0000182
2026-03-09 11:21:16,610 - utils.logger2026-03-09-11.18.57 - INFO - Val result of epoch 39 / 40 acc 0.7723 MAE 0.6674 f1 0.7835
2026-03-09 11:21:16,998 - utils.logger2026-03-09-11.18.57 - INFO - Tst result of epoch 39 / 40 acc 0.7723 MAE 0.6674 f1 0.7835
2026-03-09 11:21:17,623 - utils.logger2026-03-09-11.18.57 - INFO - Cur epoch 40 loss TA:0.5199 TV:0.5264 VA:0.9949 CE:0.1524
2026-03-09 11:21:18,234 - utils.logger2026-03-09-11.18.57 - INFO - Cur epoch 40 loss TA:0.5200 TV:0.5281 VA:0.9995 CE:0.1545
2026-03-09 11:21:18,943 - utils.logger2026-03-09-11.18.57 - INFO - Cur epoch 40 loss TA:0.2611 TV:0.2433 VA:0.4556 CE:0.1906
2026-03-09 11:21:18,991 - utils.logger2026-03-09-11.18.57 - INFO - saving the model at the end of epoch 40, iters 1120
2026-03-09 11:21:19,219 - utils.logger2026-03-09-11.18.57 - INFO - End of training epoch 40 / 40 	 Time Taken: 2 sec
2026-03-09 11:21:19,219 - utils.logger2026-03-09-11.18.57 - INFO - learning rate = 0.0000000
2026-03-09 11:21:19,565 - utils.logger2026-03-09-11.18.57 - INFO - Val result of epoch 40 / 40 acc 0.7723 MAE 0.6681 f1 0.7835
2026-03-09 11:21:20,058 - utils.logger2026-03-09-11.18.57 - INFO - Tst result of epoch 40 / 40 acc 0.7723 MAE 0.6681 f1 0.7835
2026-03-09 11:21:20,058 - utils.logger2026-03-09-11.18.57 - INFO - Best eval epoch 5 found with f1 0.821193
