2026-03-09 14:21:39,236 - utils.logger2026-03-09-14.21.39 - INFO - The number of training samples = 1750
2026-03-09 14:21:39,236 - utils.logger2026-03-09-14.21.39 - INFO - The number of testing samples = 224
2026-03-09 14:21:41,953 - utils.logger2026-03-09-14.21.39 - INFO - Cur epoch 1 loss TA:1.0364 TV:1.0377 VA:2.0690 CE:3.2926
2026-03-09 14:21:42,720 - utils.logger2026-03-09-14.21.39 - INFO - Cur epoch 1 loss TA:1.0352 TV:1.0383 VA:2.0686 CE:2.7674
2026-03-09 14:21:43,400 - utils.logger2026-03-09-14.21.39 - INFO - saving the model at the end of epoch 1, iters 28
2026-03-09 14:21:43,669 - utils.logger2026-03-09-14.21.39 - INFO - End of training epoch 1 / 40 	 Time Taken: 4 sec
2026-03-09 14:21:43,670 - utils.logger2026-03-09-14.21.39 - INFO - learning rate = 0.0002000
2026-03-09 14:21:44,341 - utils.logger2026-03-09-14.21.39 - INFO - Val result of epoch 1 / 40 mae 1.3641 corr 0.1646 f1 0.5467
2026-03-09 14:21:45,039 - utils.logger2026-03-09-14.21.39 - INFO - Tst result of epoch 1 / 40 mae 1.3608 corr 0.0644 f1 0.5534
2026-03-09 14:21:45,706 - utils.logger2026-03-09-14.21.39 - INFO - Cur epoch 2 loss TA:1.0306 TV:1.0329 VA:2.0641 CE:3.0356
2026-03-09 14:21:46,363 - utils.logger2026-03-09-14.21.39 - INFO - Cur epoch 2 loss TA:1.0234 TV:1.0259 VA:2.0583 CE:2.1342
2026-03-09 14:21:47,272 - utils.logger2026-03-09-14.21.39 - INFO - Cur epoch 2 loss TA:1.0121 TV:1.0186 VA:2.0427 CE:2.3780
2026-03-09 14:21:47,800 - utils.logger2026-03-09-14.21.39 - INFO - saving the model at the end of epoch 2, iters 56
2026-03-09 14:21:48,206 - utils.logger2026-03-09-14.21.39 - INFO - End of training epoch 2 / 40 	 Time Taken: 3 sec
2026-03-09 14:21:48,206 - utils.logger2026-03-09-14.21.39 - INFO - learning rate = 0.0002000
2026-03-09 14:21:48,989 - utils.logger2026-03-09-14.21.39 - INFO - Val result of epoch 2 / 40 mae 1.2778 corr 0.5061 f1 0.6768
2026-03-09 14:21:49,745 - utils.logger2026-03-09-14.21.39 - INFO - Tst result of epoch 2 / 40 mae 1.2846 corr 0.3701 f1 0.6947
2026-03-09 14:21:50,771 - utils.logger2026-03-09-14.21.39 - INFO - Cur epoch 3 loss TA:0.9763 TV:0.9811 VA:1.9845 CE:2.5512
2026-03-09 14:21:51,567 - utils.logger2026-03-09-14.21.39 - INFO - Cur epoch 3 loss TA:0.9723 TV:0.9612 VA:1.9656 CE:2.1067
2026-03-09 14:21:52,460 - utils.logger2026-03-09-14.21.39 - INFO - Cur epoch 3 loss TA:0.9626 TV:0.9665 VA:1.9207 CE:2.3482
2026-03-09 14:21:52,753 - utils.logger2026-03-09-14.21.39 - INFO - saving the model at the end of epoch 3, iters 84
2026-03-09 14:21:53,120 - utils.logger2026-03-09-14.21.39 - INFO - End of training epoch 3 / 40 	 Time Taken: 3 sec
2026-03-09 14:21:53,120 - utils.logger2026-03-09-14.21.39 - INFO - learning rate = 0.0002000
2026-03-09 14:21:53,823 - utils.logger2026-03-09-14.21.39 - INFO - Val result of epoch 3 / 40 mae 1.1955 corr 0.5491 f1 0.7600
2026-03-09 14:21:54,552 - utils.logger2026-03-09-14.21.39 - INFO - Tst result of epoch 3 / 40 mae 1.2356 corr 0.4197 f1 0.6699
2026-03-09 14:21:55,651 - utils.logger2026-03-09-14.21.39 - INFO - Cur epoch 4 loss TA:0.9370 TV:0.9383 VA:1.8587 CE:1.9468
2026-03-09 14:21:56,399 - utils.logger2026-03-09-14.21.39 - INFO - Cur epoch 4 loss TA:0.9546 TV:0.9577 VA:1.8415 CE:2.4478
2026-03-09 14:21:57,167 - utils.logger2026-03-09-14.21.39 - INFO - Cur epoch 4 loss TA:0.9503 TV:0.9369 VA:1.8832 CE:2.2838
2026-03-09 14:21:57,376 - utils.logger2026-03-09-14.21.39 - INFO - saving the model at the end of epoch 4, iters 112
2026-03-09 14:21:57,710 - utils.logger2026-03-09-14.21.39 - INFO - End of training epoch 4 / 40 	 Time Taken: 3 sec
2026-03-09 14:21:57,710 - utils.logger2026-03-09-14.21.39 - INFO - learning rate = 0.0002000
2026-03-09 14:21:58,504 - utils.logger2026-03-09-14.21.39 - INFO - Val result of epoch 4 / 40 mae 1.0760 corr 0.6103 f1 0.7881
2026-03-09 14:21:59,237 - utils.logger2026-03-09-14.21.39 - INFO - Tst result of epoch 4 / 40 mae 1.1696 corr 0.4944 f1 0.6974
2026-03-09 14:22:00,381 - utils.logger2026-03-09-14.21.39 - INFO - Cur epoch 5 loss TA:0.9291 TV:0.9237 VA:1.8579 CE:2.0570
2026-03-09 14:22:01,198 - utils.logger2026-03-09-14.21.39 - INFO - Cur epoch 5 loss TA:0.9292 TV:0.9157 VA:1.8140 CE:2.1052
2026-03-09 14:22:02,050 - utils.logger2026-03-09-14.21.39 - INFO - Cur epoch 5 loss TA:0.6148 TV:0.6374 VA:1.2719 CE:1.7463
2026-03-09 14:22:02,120 - utils.logger2026-03-09-14.21.39 - INFO - saving the model at the end of epoch 5, iters 140
2026-03-09 14:22:02,270 - utils.logger2026-03-09-14.21.39 - INFO - End of training epoch 5 / 40 	 Time Taken: 3 sec
2026-03-09 14:22:02,270 - utils.logger2026-03-09-14.21.39 - INFO - learning rate = 0.0002000
2026-03-09 14:22:02,940 - utils.logger2026-03-09-14.21.39 - INFO - Val result of epoch 5 / 40 mae 1.0299 corr 0.6190 f1 0.7740
2026-03-09 14:22:03,602 - utils.logger2026-03-09-14.21.39 - INFO - Tst result of epoch 5 / 40 mae 1.1172 corr 0.5435 f1 0.7103
2026-03-09 14:22:04,865 - utils.logger2026-03-09-14.21.39 - INFO - Cur epoch 6 loss TA:0.8882 TV:0.8834 VA:1.7745 CE:1.5543
2026-03-09 14:22:05,527 - utils.logger2026-03-09-14.21.39 - INFO - Cur epoch 6 loss TA:0.9082 TV:0.9063 VA:1.7494 CE:1.5199
2026-03-09 14:22:06,116 - utils.logger2026-03-09-14.21.39 - INFO - saving the model at the end of epoch 6, iters 168
2026-03-09 14:22:06,618 - utils.logger2026-03-09-14.21.39 - INFO - End of training epoch 6 / 40 	 Time Taken: 3 sec
2026-03-09 14:22:06,618 - utils.logger2026-03-09-14.21.39 - INFO - learning rate = 0.0002000
2026-03-09 14:22:07,069 - utils.logger2026-03-09-14.21.39 - INFO - Val result of epoch 6 / 40 mae 0.9703 corr 0.6418 f1 0.8026
2026-03-09 14:22:07,487 - utils.logger2026-03-09-14.21.39 - INFO - Tst result of epoch 6 / 40 mae 1.0873 corr 0.5561 f1 0.7380
2026-03-09 14:22:08,050 - utils.logger2026-03-09-14.21.39 - INFO - Cur epoch 7 loss TA:0.8767 TV:0.8802 VA:1.6637 CE:1.3330
2026-03-09 14:22:08,573 - utils.logger2026-03-09-14.21.39 - INFO - Cur epoch 7 loss TA:0.8738 TV:0.8858 VA:1.6898 CE:1.1820
2026-03-09 14:22:09,143 - utils.logger2026-03-09-14.21.39 - INFO - Cur epoch 7 loss TA:0.8709 TV:0.8682 VA:1.6510 CE:1.6491
2026-03-09 14:22:09,631 - utils.logger2026-03-09-14.21.39 - INFO - saving the model at the end of epoch 7, iters 196
2026-03-09 14:22:09,795 - utils.logger2026-03-09-14.21.39 - INFO - End of training epoch 7 / 40 	 Time Taken: 2 sec
2026-03-09 14:22:09,795 - utils.logger2026-03-09-14.21.39 - INFO - learning rate = 0.0002000
2026-03-09 14:22:10,490 - utils.logger2026-03-09-14.21.39 - INFO - Val result of epoch 7 / 40 mae 0.9345 corr 0.6464 f1 0.7822
2026-03-09 14:22:11,103 - utils.logger2026-03-09-14.21.39 - INFO - Tst result of epoch 7 / 40 mae 1.0089 corr 0.5852 f1 0.7667
2026-03-09 14:22:12,017 - utils.logger2026-03-09-14.21.39 - INFO - Cur epoch 8 loss TA:0.8532 TV:0.8606 VA:1.6160 CE:1.3145
2026-03-09 14:22:12,782 - utils.logger2026-03-09-14.21.39 - INFO - Cur epoch 8 loss TA:0.8652 TV:0.8690 VA:1.6488 CE:1.2356
2026-03-09 14:22:13,397 - utils.logger2026-03-09-14.21.39 - INFO - Cur epoch 8 loss TA:0.8604 TV:0.8635 VA:1.6261 CE:1.3016
2026-03-09 14:22:13,770 - utils.logger2026-03-09-14.21.39 - INFO - saving the model at the end of epoch 8, iters 224
2026-03-09 14:22:14,178 - utils.logger2026-03-09-14.21.39 - INFO - End of training epoch 8 / 40 	 Time Taken: 3 sec
2026-03-09 14:22:14,178 - utils.logger2026-03-09-14.21.39 - INFO - learning rate = 0.0002000
2026-03-09 14:22:14,928 - utils.logger2026-03-09-14.21.39 - INFO - Val result of epoch 8 / 40 mae 0.9836 corr 0.6483 f1 0.7959
2026-03-09 14:22:15,582 - utils.logger2026-03-09-14.21.39 - INFO - Tst result of epoch 8 / 40 mae 1.0400 corr 0.5990 f1 0.7800
2026-03-09 14:22:16,604 - utils.logger2026-03-09-14.21.39 - INFO - Cur epoch 9 loss TA:0.8317 TV:0.8393 VA:1.5632 CE:0.8172
2026-03-09 14:22:17,503 - utils.logger2026-03-09-14.21.39 - INFO - Cur epoch 9 loss TA:0.8579 TV:0.8676 VA:1.5854 CE:1.0490
2026-03-09 14:22:18,159 - utils.logger2026-03-09-14.21.39 - INFO - Cur epoch 9 loss TA:0.8487 TV:0.8434 VA:1.5591 CE:1.1723
2026-03-09 14:22:18,358 - utils.logger2026-03-09-14.21.39 - INFO - saving the model at the end of epoch 9, iters 252
2026-03-09 14:22:18,612 - utils.logger2026-03-09-14.21.39 - INFO - End of training epoch 9 / 40 	 Time Taken: 3 sec
2026-03-09 14:22:18,612 - utils.logger2026-03-09-14.21.39 - INFO - learning rate = 0.0002000
2026-03-09 14:22:19,368 - utils.logger2026-03-09-14.21.39 - INFO - Val result of epoch 9 / 40 mae 0.9816 corr 0.6518 f1 0.7693
2026-03-09 14:22:20,080 - utils.logger2026-03-09-14.21.39 - INFO - Tst result of epoch 9 / 40 mae 1.0481 corr 0.5969 f1 0.7302
2026-03-09 14:22:21,349 - utils.logger2026-03-09-14.21.39 - INFO - Cur epoch 10 loss TA:0.8271 TV:0.8233 VA:1.5365 CE:1.1742
2026-03-09 14:22:22,063 - utils.logger2026-03-09-14.21.39 - INFO - Cur epoch 10 loss TA:0.7830 TV:0.8081 VA:1.5331 CE:1.1095
2026-03-09 14:22:22,807 - utils.logger2026-03-09-14.21.39 - INFO - Cur epoch 10 loss TA:0.5470 TV:0.5544 VA:0.9109 CE:0.9130
2026-03-09 14:22:22,881 - utils.logger2026-03-09-14.21.39 - INFO - saving the model at the end of epoch 10, iters 280
2026-03-09 14:22:23,267 - utils.logger2026-03-09-14.21.39 - INFO - End of training epoch 10 / 40 	 Time Taken: 3 sec
2026-03-09 14:22:23,268 - utils.logger2026-03-09-14.21.39 - INFO - learning rate = 0.0002000
2026-03-09 14:22:23,913 - utils.logger2026-03-09-14.21.39 - INFO - Val result of epoch 10 / 40 mae 0.9560 corr 0.6479 f1 0.7740
2026-03-09 14:22:24,543 - utils.logger2026-03-09-14.21.39 - INFO - Tst result of epoch 10 / 40 mae 1.0436 corr 0.6047 f1 0.7297
2026-03-09 14:22:25,761 - utils.logger2026-03-09-14.21.39 - INFO - Cur epoch 11 loss TA:0.8086 TV:0.8138 VA:1.5526 CE:0.8334
2026-03-09 14:22:26,551 - utils.logger2026-03-09-14.21.39 - INFO - Cur epoch 11 loss TA:0.8071 TV:0.8246 VA:1.4695 CE:0.8277
2026-03-09 14:22:27,271 - utils.logger2026-03-09-14.21.39 - INFO - saving the model at the end of epoch 11, iters 308
2026-03-09 14:22:27,521 - utils.logger2026-03-09-14.21.39 - INFO - End of training epoch 11 / 40 	 Time Taken: 2 sec
2026-03-09 14:22:27,521 - utils.logger2026-03-09-14.21.39 - INFO - learning rate = 0.0002000
2026-03-09 14:22:28,217 - utils.logger2026-03-09-14.21.39 - INFO - Val result of epoch 11 / 40 mae 0.9419 corr 0.6585 f1 0.7693
2026-03-09 14:22:28,943 - utils.logger2026-03-09-14.21.39 - INFO - Tst result of epoch 11 / 40 mae 1.0163 corr 0.6178 f1 0.7200
2026-03-09 14:22:29,678 - utils.logger2026-03-09-14.21.39 - INFO - Cur epoch 12 loss TA:0.7467 TV:0.7737 VA:1.4199 CE:0.8205
2026-03-09 14:22:30,397 - utils.logger2026-03-09-14.21.39 - INFO - Cur epoch 12 loss TA:0.7608 TV:0.7713 VA:1.3825 CE:0.6852
2026-03-09 14:22:31,210 - utils.logger2026-03-09-14.21.39 - INFO - Cur epoch 12 loss TA:0.7731 TV:0.7859 VA:1.3751 CE:0.7943
2026-03-09 14:22:31,714 - utils.logger2026-03-09-14.21.39 - INFO - saving the model at the end of epoch 12, iters 336
2026-03-09 14:22:31,988 - utils.logger2026-03-09-14.21.39 - INFO - End of training epoch 12 / 40 	 Time Taken: 3 sec
2026-03-09 14:22:31,988 - utils.logger2026-03-09-14.21.39 - INFO - learning rate = 0.0002000
2026-03-09 14:22:32,639 - utils.logger2026-03-09-14.21.39 - INFO - Val result of epoch 12 / 40 mae 0.9309 corr 0.6415 f1 0.7610
2026-03-09 14:22:33,307 - utils.logger2026-03-09-14.21.39 - INFO - Tst result of epoch 12 / 40 mae 0.9757 corr 0.6168 f1 0.7702
2026-03-09 14:22:34,119 - utils.logger2026-03-09-14.21.39 - INFO - Cur epoch 13 loss TA:0.7446 TV:0.7758 VA:1.4208 CE:0.6805
2026-03-09 14:22:34,840 - utils.logger2026-03-09-14.21.39 - INFO - Cur epoch 13 loss TA:0.7491 TV:0.7863 VA:1.4287 CE:0.7269
2026-03-09 14:22:35,604 - utils.logger2026-03-09-14.21.39 - INFO - Cur epoch 13 loss TA:0.7214 TV:0.7342 VA:1.3704 CE:0.6381
2026-03-09 14:22:36,102 - utils.logger2026-03-09-14.21.39 - INFO - saving the model at the end of epoch 13, iters 364
2026-03-09 14:22:36,336 - utils.logger2026-03-09-14.21.39 - INFO - End of training epoch 13 / 40 	 Time Taken: 3 sec
2026-03-09 14:22:36,337 - utils.logger2026-03-09-14.21.39 - INFO - learning rate = 0.0002000
2026-03-09 14:22:36,959 - utils.logger2026-03-09-14.21.39 - INFO - Val result of epoch 13 / 40 mae 0.9274 corr 0.6438 f1 0.7621
2026-03-09 14:22:37,588 - utils.logger2026-03-09-14.21.39 - INFO - Tst result of epoch 13 / 40 mae 0.9802 corr 0.6191 f1 0.7655
2026-03-09 14:22:38,522 - utils.logger2026-03-09-14.21.39 - INFO - Cur epoch 14 loss TA:0.7119 TV:0.7259 VA:1.3492 CE:0.6566
2026-03-09 14:22:39,133 - utils.logger2026-03-09-14.21.39 - INFO - Cur epoch 14 loss TA:0.7210 TV:0.7417 VA:1.3118 CE:0.8048
2026-03-09 14:22:39,804 - utils.logger2026-03-09-14.21.39 - INFO - Cur epoch 14 loss TA:0.7313 TV:0.7435 VA:1.3492 CE:0.5809
2026-03-09 14:22:40,075 - utils.logger2026-03-09-14.21.39 - INFO - saving the model at the end of epoch 14, iters 392
2026-03-09 14:22:40,408 - utils.logger2026-03-09-14.21.39 - INFO - End of training epoch 14 / 40 	 Time Taken: 2 sec
2026-03-09 14:22:40,409 - utils.logger2026-03-09-14.21.39 - INFO - learning rate = 0.0002000
2026-03-09 14:22:41,046 - utils.logger2026-03-09-14.21.39 - INFO - Val result of epoch 14 / 40 mae 0.9330 corr 0.6475 f1 0.7693
2026-03-09 14:22:41,683 - utils.logger2026-03-09-14.21.39 - INFO - Tst result of epoch 14 / 40 mae 1.0168 corr 0.6013 f1 0.7238
2026-03-09 14:22:42,857 - utils.logger2026-03-09-14.21.39 - INFO - Cur epoch 15 loss TA:0.6895 TV:0.7219 VA:1.2476 CE:0.5310
2026-03-09 14:22:43,522 - utils.logger2026-03-09-14.21.39 - INFO - Cur epoch 15 loss TA:0.7317 TV:0.7374 VA:1.2789 CE:0.4638
2026-03-09 14:22:44,270 - utils.logger2026-03-09-14.21.39 - INFO - Cur epoch 15 loss TA:0.4585 TV:0.4402 VA:0.6834 CE:0.3967
2026-03-09 14:22:44,325 - utils.logger2026-03-09-14.21.39 - INFO - saving the model at the end of epoch 15, iters 420
2026-03-09 14:22:44,616 - utils.logger2026-03-09-14.21.39 - INFO - End of training epoch 15 / 40 	 Time Taken: 2 sec
2026-03-09 14:22:44,617 - utils.logger2026-03-09-14.21.39 - INFO - learning rate = 0.0002000
2026-03-09 14:22:45,229 - utils.logger2026-03-09-14.21.39 - INFO - Val result of epoch 15 / 40 mae 0.9235 corr 0.6502 f1 0.7746
2026-03-09 14:22:45,828 - utils.logger2026-03-09-14.21.39 - INFO - Tst result of epoch 15 / 40 mae 0.9908 corr 0.6130 f1 0.7513
2026-03-09 14:22:47,113 - utils.logger2026-03-09-14.21.39 - INFO - Cur epoch 16 loss TA:0.6546 TV:0.6908 VA:1.2036 CE:0.4430
2026-03-09 14:22:47,846 - utils.logger2026-03-09-14.21.39 - INFO - Cur epoch 16 loss TA:0.7271 TV:0.7308 VA:1.3021 CE:0.4816
2026-03-09 14:22:48,403 - utils.logger2026-03-09-14.21.39 - INFO - saving the model at the end of epoch 16, iters 448
2026-03-09 14:22:48,807 - utils.logger2026-03-09-14.21.39 - INFO - End of training epoch 16 / 40 	 Time Taken: 2 sec
2026-03-09 14:22:48,808 - utils.logger2026-03-09-14.21.39 - INFO - learning rate = 0.0002000
2026-03-09 14:22:49,473 - utils.logger2026-03-09-14.21.39 - INFO - Val result of epoch 16 / 40 mae 0.9004 corr 0.6554 f1 0.7631
2026-03-09 14:22:50,224 - utils.logger2026-03-09-14.21.39 - INFO - Tst result of epoch 16 / 40 mae 0.9595 corr 0.6216 f1 0.7667
2026-03-09 14:22:50,880 - utils.logger2026-03-09-14.21.39 - INFO - Cur epoch 17 loss TA:0.6903 TV:0.7243 VA:1.2504 CE:0.3915
2026-03-09 14:22:51,651 - utils.logger2026-03-09-14.21.39 - INFO - Cur epoch 17 loss TA:0.6924 TV:0.6987 VA:1.2873 CE:0.4690
2026-03-09 14:22:52,451 - utils.logger2026-03-09-14.21.39 - INFO - Cur epoch 17 loss TA:0.7011 TV:0.7136 VA:1.3004 CE:0.5026
2026-03-09 14:22:52,941 - utils.logger2026-03-09-14.21.39 - INFO - saving the model at the end of epoch 17, iters 476
2026-03-09 14:22:53,041 - utils.logger2026-03-09-14.21.39 - INFO - End of training epoch 17 / 40 	 Time Taken: 2 sec
2026-03-09 14:22:53,042 - utils.logger2026-03-09-14.21.39 - INFO - learning rate = 0.0002000
2026-03-09 14:22:53,750 - utils.logger2026-03-09-14.21.39 - INFO - Val result of epoch 17 / 40 mae 0.9406 corr 0.6603 f1 0.7929
2026-03-09 14:22:54,444 - utils.logger2026-03-09-14.21.39 - INFO - Tst result of epoch 17 / 40 mae 1.0324 corr 0.6107 f1 0.7204
2026-03-09 14:22:55,345 - utils.logger2026-03-09-14.21.39 - INFO - Cur epoch 18 loss TA:0.6479 TV:0.6662 VA:1.2356 CE:0.2773
2026-03-09 14:22:56,096 - utils.logger2026-03-09-14.21.39 - INFO - Cur epoch 18 loss TA:0.6743 TV:0.6910 VA:1.3242 CE:0.4457
2026-03-09 14:22:56,763 - utils.logger2026-03-09-14.21.39 - INFO - Cur epoch 18 loss TA:0.6866 TV:0.6864 VA:1.2459 CE:0.5147
2026-03-09 14:22:57,057 - utils.logger2026-03-09-14.21.39 - INFO - saving the model at the end of epoch 18, iters 504
2026-03-09 14:22:57,156 - utils.logger2026-03-09-14.21.39 - INFO - End of training epoch 18 / 40 	 Time Taken: 2 sec
2026-03-09 14:22:57,156 - utils.logger2026-03-09-14.21.39 - INFO - learning rate = 0.0002000
2026-03-09 14:22:57,796 - utils.logger2026-03-09-14.21.39 - INFO - Val result of epoch 18 / 40 mae 0.9193 corr 0.6601 f1 0.7741
2026-03-09 14:22:58,464 - utils.logger2026-03-09-14.21.39 - INFO - Tst result of epoch 18 / 40 mae 0.9939 corr 0.6223 f1 0.7525
2026-03-09 14:22:59,341 - utils.logger2026-03-09-14.21.39 - INFO - Cur epoch 19 loss TA:0.6816 TV:0.6753 VA:1.2576 CE:0.4651
2026-03-09 14:23:00,043 - utils.logger2026-03-09-14.21.39 - INFO - Cur epoch 19 loss TA:0.6442 TV:0.6562 VA:1.2241 CE:0.4047
2026-03-09 14:23:00,754 - utils.logger2026-03-09-14.21.39 - INFO - Cur epoch 19 loss TA:0.6503 TV:0.6818 VA:1.2493 CE:0.4139
2026-03-09 14:23:00,964 - utils.logger2026-03-09-14.21.39 - INFO - saving the model at the end of epoch 19, iters 532
2026-03-09 14:23:01,123 - utils.logger2026-03-09-14.21.39 - INFO - End of training epoch 19 / 40 	 Time Taken: 2 sec
2026-03-09 14:23:01,123 - utils.logger2026-03-09-14.21.39 - INFO - learning rate = 0.0002000
2026-03-09 14:23:01,770 - utils.logger2026-03-09-14.21.39 - INFO - Val result of epoch 19 / 40 mae 0.9120 corr 0.6563 f1 0.7828
2026-03-09 14:23:02,775 - utils.logger2026-03-09-14.21.39 - INFO - Tst result of epoch 19 / 40 mae 0.9582 corr 0.6280 f1 0.7712
2026-03-09 14:23:04,066 - utils.logger2026-03-09-14.21.39 - INFO - Cur epoch 20 loss TA:0.6400 TV:0.6650 VA:1.1885 CE:0.4722
2026-03-09 14:23:04,738 - utils.logger2026-03-09-14.21.39 - INFO - Cur epoch 20 loss TA:0.6014 TV:0.6125 VA:1.1414 CE:0.3345
2026-03-09 14:23:05,568 - utils.logger2026-03-09-14.21.39 - INFO - Cur epoch 20 loss TA:0.3494 TV:0.3983 VA:0.7105 CE:0.3806
2026-03-09 14:23:05,655 - utils.logger2026-03-09-14.21.39 - INFO - saving the model at the end of epoch 20, iters 560
2026-03-09 14:23:06,140 - utils.logger2026-03-09-14.21.39 - INFO - End of training epoch 20 / 40 	 Time Taken: 3 sec
2026-03-09 14:23:06,141 - utils.logger2026-03-09-14.21.39 - INFO - learning rate = 0.0001905
2026-03-09 14:23:06,916 - utils.logger2026-03-09-14.21.39 - INFO - Val result of epoch 20 / 40 mae 0.9285 corr 0.6572 f1 0.7746
2026-03-09 14:23:07,695 - utils.logger2026-03-09-14.21.39 - INFO - Tst result of epoch 20 / 40 mae 0.9863 corr 0.6223 f1 0.7609
2026-03-09 14:23:08,929 - utils.logger2026-03-09-14.21.39 - INFO - Cur epoch 21 loss TA:0.6535 TV:0.6605 VA:1.2036 CE:0.3073
2026-03-09 14:23:09,861 - utils.logger2026-03-09-14.21.39 - INFO - Cur epoch 21 loss TA:0.6625 TV:0.6753 VA:1.2145 CE:0.3175
2026-03-09 14:23:10,456 - utils.logger2026-03-09-14.21.39 - INFO - saving the model at the end of epoch 21, iters 588
2026-03-09 14:23:10,878 - utils.logger2026-03-09-14.21.39 - INFO - End of training epoch 21 / 40 	 Time Taken: 3 sec
2026-03-09 14:23:10,878 - utils.logger2026-03-09-14.21.39 - INFO - learning rate = 0.0001810
2026-03-09 14:23:11,578 - utils.logger2026-03-09-14.21.39 - INFO - Val result of epoch 21 / 40 mae 0.9212 corr 0.6509 f1 0.7600
2026-03-09 14:23:12,337 - utils.logger2026-03-09-14.21.39 - INFO - Tst result of epoch 21 / 40 mae 0.9731 corr 0.6206 f1 0.7615
2026-03-09 14:23:13,087 - utils.logger2026-03-09-14.21.39 - INFO - Cur epoch 22 loss TA:0.5973 TV:0.6097 VA:1.1307 CE:0.2556
2026-03-09 14:23:14,004 - utils.logger2026-03-09-14.21.39 - INFO - Cur epoch 22 loss TA:0.6362 TV:0.6392 VA:1.1819 CE:0.2688
2026-03-09 14:23:14,666 - utils.logger2026-03-09-14.21.39 - INFO - Cur epoch 22 loss TA:0.6392 TV:0.6626 VA:1.2221 CE:0.3637
2026-03-09 14:23:15,335 - utils.logger2026-03-09-14.21.39 - INFO - saving the model at the end of epoch 22, iters 616
2026-03-09 14:23:15,554 - utils.logger2026-03-09-14.21.39 - INFO - End of training epoch 22 / 40 	 Time Taken: 3 sec
2026-03-09 14:23:15,554 - utils.logger2026-03-09-14.21.39 - INFO - learning rate = 0.0001714
2026-03-09 14:23:16,184 - utils.logger2026-03-09-14.21.39 - INFO - Val result of epoch 22 / 40 mae 0.9141 corr 0.6594 f1 0.7714
2026-03-09 14:23:16,832 - utils.logger2026-03-09-14.21.39 - INFO - Tst result of epoch 22 / 40 mae 0.9654 corr 0.6318 f1 0.7608
2026-03-09 14:23:17,756 - utils.logger2026-03-09-14.21.39 - INFO - Cur epoch 23 loss TA:0.6355 TV:0.6560 VA:1.1985 CE:0.2141
2026-03-09 14:23:18,579 - utils.logger2026-03-09-14.21.39 - INFO - Cur epoch 23 loss TA:0.6403 TV:0.6678 VA:1.2008 CE:0.3256
2026-03-09 14:23:19,194 - utils.logger2026-03-09-14.21.39 - INFO - Cur epoch 23 loss TA:0.5945 TV:0.6219 VA:1.1539 CE:0.3045
2026-03-09 14:23:19,661 - utils.logger2026-03-09-14.21.39 - INFO - saving the model at the end of epoch 23, iters 644
2026-03-09 14:23:20,009 - utils.logger2026-03-09-14.21.39 - INFO - End of training epoch 23 / 40 	 Time Taken: 3 sec
2026-03-09 14:23:20,010 - utils.logger2026-03-09-14.21.39 - INFO - learning rate = 0.0001619
2026-03-09 14:23:20,696 - utils.logger2026-03-09-14.21.39 - INFO - Val result of epoch 23 / 40 mae 0.9479 corr 0.6448 f1 0.7582
2026-03-09 14:23:21,457 - utils.logger2026-03-09-14.21.39 - INFO - Tst result of epoch 23 / 40 mae 0.9867 corr 0.6331 f1 0.7607
2026-03-09 14:23:22,474 - utils.logger2026-03-09-14.21.39 - INFO - Cur epoch 24 loss TA:0.6049 TV:0.6016 VA:1.1527 CE:0.2788
2026-03-09 14:23:23,162 - utils.logger2026-03-09-14.21.39 - INFO - Cur epoch 24 loss TA:0.5933 TV:0.6051 VA:1.0869 CE:0.4202
2026-03-09 14:23:23,780 - utils.logger2026-03-09-14.21.39 - INFO - Cur epoch 24 loss TA:0.6118 TV:0.6307 VA:1.1512 CE:0.2460
2026-03-09 14:23:23,944 - utils.logger2026-03-09-14.21.39 - INFO - saving the model at the end of epoch 24, iters 672
2026-03-09 14:23:24,142 - utils.logger2026-03-09-14.21.39 - INFO - End of training epoch 24 / 40 	 Time Taken: 2 sec
2026-03-09 14:23:24,142 - utils.logger2026-03-09-14.21.39 - INFO - learning rate = 0.0001524
2026-03-09 14:23:24,581 - utils.logger2026-03-09-14.21.39 - INFO - Val result of epoch 24 / 40 mae 0.9149 corr 0.6580 f1 0.7650
2026-03-09 14:23:25,071 - utils.logger2026-03-09-14.21.39 - INFO - Tst result of epoch 24 / 40 mae 0.9819 corr 0.6159 f1 0.7514
2026-03-09 14:23:26,143 - utils.logger2026-03-09-14.21.39 - INFO - Cur epoch 25 loss TA:0.5890 TV:0.6024 VA:1.1000 CE:0.2291
2026-03-09 14:23:26,799 - utils.logger2026-03-09-14.21.39 - INFO - Cur epoch 25 loss TA:0.5949 TV:0.5951 VA:1.1195 CE:0.3289
2026-03-09 14:23:27,512 - utils.logger2026-03-09-14.21.39 - INFO - Cur epoch 25 loss TA:0.3073 TV:0.3202 VA:0.6064 CE:0.3572
2026-03-09 14:23:27,601 - utils.logger2026-03-09-14.21.39 - INFO - saving the model at the end of epoch 25, iters 700
2026-03-09 14:23:27,871 - utils.logger2026-03-09-14.21.39 - INFO - End of training epoch 25 / 40 	 Time Taken: 2 sec
2026-03-09 14:23:27,871 - utils.logger2026-03-09-14.21.39 - INFO - learning rate = 0.0001429
2026-03-09 14:23:28,606 - utils.logger2026-03-09-14.21.39 - INFO - Val result of epoch 25 / 40 mae 0.9167 corr 0.6637 f1 0.7808
2026-03-09 14:23:29,314 - utils.logger2026-03-09-14.21.39 - INFO - Tst result of epoch 25 / 40 mae 0.9788 corr 0.6214 f1 0.7515
2026-03-09 14:23:30,816 - utils.logger2026-03-09-14.21.39 - INFO - Cur epoch 26 loss TA:0.5673 TV:0.5909 VA:1.1047 CE:0.2310
2026-03-09 14:23:31,513 - utils.logger2026-03-09-14.21.39 - INFO - Cur epoch 26 loss TA:0.5979 TV:0.6113 VA:1.1458 CE:0.1930
2026-03-09 14:23:32,267 - utils.logger2026-03-09-14.21.39 - INFO - saving the model at the end of epoch 26, iters 728
2026-03-09 14:23:32,560 - utils.logger2026-03-09-14.21.39 - INFO - End of training epoch 26 / 40 	 Time Taken: 3 sec
2026-03-09 14:23:32,560 - utils.logger2026-03-09-14.21.39 - INFO - learning rate = 0.0001333
2026-03-09 14:23:33,229 - utils.logger2026-03-09-14.21.39 - INFO - Val result of epoch 26 / 40 mae 0.9069 corr 0.6689 f1 0.7631
2026-03-09 14:23:33,861 - utils.logger2026-03-09-14.21.39 - INFO - Tst result of epoch 26 / 40 mae 0.9775 corr 0.6169 f1 0.7471
2026-03-09 14:23:34,593 - utils.logger2026-03-09-14.21.39 - INFO - Cur epoch 27 loss TA:0.5988 TV:0.6047 VA:1.1187 CE:0.3114
2026-03-09 14:23:35,302 - utils.logger2026-03-09-14.21.39 - INFO - Cur epoch 27 loss TA:0.5947 TV:0.6006 VA:1.1340 CE:0.2297
2026-03-09 14:23:36,018 - utils.logger2026-03-09-14.21.39 - INFO - Cur epoch 27 loss TA:0.5615 TV:0.5797 VA:1.0948 CE:0.2747
2026-03-09 14:23:36,531 - utils.logger2026-03-09-14.21.39 - INFO - saving the model at the end of epoch 27, iters 756
2026-03-09 14:23:36,975 - utils.logger2026-03-09-14.21.39 - INFO - End of training epoch 27 / 40 	 Time Taken: 3 sec
2026-03-09 14:23:36,975 - utils.logger2026-03-09-14.21.39 - INFO - learning rate = 0.0001238
2026-03-09 14:23:37,664 - utils.logger2026-03-09-14.21.39 - INFO - Val result of epoch 27 / 40 mae 0.9154 corr 0.6622 f1 0.7710
2026-03-09 14:23:38,367 - utils.logger2026-03-09-14.21.39 - INFO - Tst result of epoch 27 / 40 mae 0.9714 corr 0.6212 f1 0.7607
2026-03-09 14:23:39,238 - utils.logger2026-03-09-14.21.39 - INFO - Cur epoch 28 loss TA:0.5921 TV:0.6161 VA:1.1045 CE:0.2502
2026-03-09 14:23:40,021 - utils.logger2026-03-09-14.21.39 - INFO - Cur epoch 28 loss TA:0.5921 TV:0.5952 VA:1.1370 CE:0.2116
2026-03-09 14:23:40,800 - utils.logger2026-03-09-14.21.39 - INFO - Cur epoch 28 loss TA:0.5384 TV:0.5432 VA:1.0563 CE:0.2725
2026-03-09 14:23:41,151 - utils.logger2026-03-09-14.21.39 - INFO - saving the model at the end of epoch 28, iters 784
2026-03-09 14:23:41,507 - utils.logger2026-03-09-14.21.39 - INFO - End of training epoch 28 / 40 	 Time Taken: 3 sec
2026-03-09 14:23:41,508 - utils.logger2026-03-09-14.21.39 - INFO - learning rate = 0.0001143
2026-03-09 14:23:42,223 - utils.logger2026-03-09-14.21.39 - INFO - Val result of epoch 28 / 40 mae 0.9204 corr 0.6574 f1 0.7621
2026-03-09 14:23:42,943 - utils.logger2026-03-09-14.21.39 - INFO - Tst result of epoch 28 / 40 mae 0.9722 corr 0.6188 f1 0.7419
2026-03-09 14:23:43,937 - utils.logger2026-03-09-14.21.39 - INFO - Cur epoch 29 loss TA:0.5814 TV:0.5934 VA:1.0890 CE:0.1986
2026-03-09 14:23:44,841 - utils.logger2026-03-09-14.21.39 - INFO - Cur epoch 29 loss TA:0.5421 TV:0.5490 VA:1.0789 CE:0.2393
2026-03-09 14:23:45,584 - utils.logger2026-03-09-14.21.39 - INFO - Cur epoch 29 loss TA:0.6036 TV:0.6136 VA:1.1116 CE:0.2279
2026-03-09 14:23:45,889 - utils.logger2026-03-09-14.21.39 - INFO - saving the model at the end of epoch 29, iters 812
2026-03-09 14:23:46,156 - utils.logger2026-03-09-14.21.39 - INFO - End of training epoch 29 / 40 	 Time Taken: 3 sec
2026-03-09 14:23:46,156 - utils.logger2026-03-09-14.21.39 - INFO - learning rate = 0.0001048
2026-03-09 14:23:46,813 - utils.logger2026-03-09-14.21.39 - INFO - Val result of epoch 29 / 40 mae 0.9239 corr 0.6537 f1 0.7568
2026-03-09 14:23:47,468 - utils.logger2026-03-09-14.21.39 - INFO - Tst result of epoch 29 / 40 mae 0.9697 corr 0.6254 f1 0.7560
2026-03-09 14:23:48,604 - utils.logger2026-03-09-14.21.39 - INFO - Cur epoch 30 loss TA:0.5995 TV:0.6068 VA:1.1593 CE:0.2043
2026-03-09 14:23:49,474 - utils.logger2026-03-09-14.21.39 - INFO - Cur epoch 30 loss TA:0.5548 TV:0.5614 VA:1.0592 CE:0.2600
2026-03-09 14:23:50,128 - utils.logger2026-03-09-14.21.39 - INFO - Cur epoch 30 loss TA:0.3017 TV:0.2995 VA:0.6025 CE:0.2582
2026-03-09 14:23:50,202 - utils.logger2026-03-09-14.21.39 - INFO - saving the model at the end of epoch 30, iters 840
2026-03-09 14:23:50,412 - utils.logger2026-03-09-14.21.39 - INFO - End of training epoch 30 / 40 	 Time Taken: 2 sec
2026-03-09 14:23:50,412 - utils.logger2026-03-09-14.21.39 - INFO - learning rate = 0.0000952
2026-03-09 14:23:51,105 - utils.logger2026-03-09-14.21.39 - INFO - Val result of epoch 30 / 40 mae 0.9356 corr 0.6463 f1 0.7513
2026-03-09 14:23:51,887 - utils.logger2026-03-09-14.21.39 - INFO - Tst result of epoch 30 / 40 mae 0.9780 corr 0.6203 f1 0.7513
2026-03-09 14:23:53,293 - utils.logger2026-03-09-14.21.39 - INFO - Cur epoch 31 loss TA:0.5621 TV:0.5616 VA:1.0861 CE:0.2532
2026-03-09 14:23:54,164 - utils.logger2026-03-09-14.21.39 - INFO - Cur epoch 31 loss TA:0.5472 TV:0.5550 VA:1.0790 CE:0.2499
2026-03-09 14:23:54,749 - utils.logger2026-03-09-14.21.39 - INFO - saving the model at the end of epoch 31, iters 868
2026-03-09 14:23:55,012 - utils.logger2026-03-09-14.21.39 - INFO - End of training epoch 31 / 40 	 Time Taken: 3 sec
2026-03-09 14:23:55,012 - utils.logger2026-03-09-14.21.39 - INFO - learning rate = 0.0000857
2026-03-09 14:23:55,681 - utils.logger2026-03-09-14.21.39 - INFO - Val result of epoch 31 / 40 mae 0.9451 corr 0.6464 f1 0.7508
2026-03-09 14:23:56,382 - utils.logger2026-03-09-14.21.39 - INFO - Tst result of epoch 31 / 40 mae 0.9862 corr 0.6201 f1 0.7420
2026-03-09 14:23:57,063 - utils.logger2026-03-09-14.21.39 - INFO - Cur epoch 32 loss TA:0.5331 TV:0.5313 VA:1.0449 CE:0.3102
2026-03-09 14:23:57,824 - utils.logger2026-03-09-14.21.39 - INFO - Cur epoch 32 loss TA:0.5883 TV:0.5962 VA:1.1422 CE:0.2047
2026-03-09 14:23:58,559 - utils.logger2026-03-09-14.21.39 - INFO - Cur epoch 32 loss TA:0.5577 TV:0.5586 VA:1.0903 CE:0.2064
2026-03-09 14:23:59,019 - utils.logger2026-03-09-14.21.39 - INFO - saving the model at the end of epoch 32, iters 896
2026-03-09 14:23:59,371 - utils.logger2026-03-09-14.21.39 - INFO - End of training epoch 32 / 40 	 Time Taken: 2 sec
2026-03-09 14:23:59,371 - utils.logger2026-03-09-14.21.39 - INFO - learning rate = 0.0000762
2026-03-09 14:24:00,037 - utils.logger2026-03-09-14.21.39 - INFO - Val result of epoch 32 / 40 mae 0.9222 corr 0.6515 f1 0.7565
2026-03-09 14:24:00,682 - utils.logger2026-03-09-14.21.39 - INFO - Tst result of epoch 32 / 40 mae 0.9770 corr 0.6141 f1 0.7513
2026-03-09 14:24:01,584 - utils.logger2026-03-09-14.21.39 - INFO - Cur epoch 33 loss TA:0.5614 TV:0.5461 VA:1.0588 CE:0.1758
2026-03-09 14:24:02,224 - utils.logger2026-03-09-14.21.39 - INFO - Cur epoch 33 loss TA:0.5107 TV:0.5221 VA:1.0297 CE:0.2700
2026-03-09 14:24:02,878 - utils.logger2026-03-09-14.21.39 - INFO - Cur epoch 33 loss TA:0.5718 TV:0.5647 VA:1.0539 CE:0.2896
2026-03-09 14:24:03,283 - utils.logger2026-03-09-14.21.39 - INFO - saving the model at the end of epoch 33, iters 924
2026-03-09 14:24:03,597 - utils.logger2026-03-09-14.21.39 - INFO - End of training epoch 33 / 40 	 Time Taken: 2 sec
2026-03-09 14:24:03,598 - utils.logger2026-03-09-14.21.39 - INFO - learning rate = 0.0000667
2026-03-09 14:24:04,232 - utils.logger2026-03-09-14.21.39 - INFO - Val result of epoch 33 / 40 mae 0.9232 corr 0.6554 f1 0.7655
2026-03-09 14:24:04,854 - utils.logger2026-03-09-14.21.39 - INFO - Tst result of epoch 33 / 40 mae 0.9845 corr 0.6128 f1 0.7419
2026-03-09 14:24:05,778 - utils.logger2026-03-09-14.21.39 - INFO - Cur epoch 34 loss TA:0.5323 TV:0.5433 VA:1.0519 CE:0.2114
2026-03-09 14:24:06,631 - utils.logger2026-03-09-14.21.39 - INFO - Cur epoch 34 loss TA:0.5550 TV:0.5540 VA:1.0762 CE:0.1618
2026-03-09 14:24:07,506 - utils.logger2026-03-09-14.21.39 - INFO - Cur epoch 34 loss TA:0.5496 TV:0.5632 VA:1.0634 CE:0.1786
2026-03-09 14:24:07,785 - utils.logger2026-03-09-14.21.39 - INFO - saving the model at the end of epoch 34, iters 952
2026-03-09 14:24:08,065 - utils.logger2026-03-09-14.21.39 - INFO - End of training epoch 34 / 40 	 Time Taken: 3 sec
2026-03-09 14:24:08,066 - utils.logger2026-03-09-14.21.39 - INFO - learning rate = 0.0000571
2026-03-09 14:24:08,712 - utils.logger2026-03-09-14.21.39 - INFO - Val result of epoch 34 / 40 mae 0.9230 corr 0.6523 f1 0.7561
2026-03-09 14:24:09,410 - utils.logger2026-03-09-14.21.39 - INFO - Tst result of epoch 34 / 40 mae 0.9865 corr 0.6136 f1 0.7419
2026-03-09 14:24:10,574 - utils.logger2026-03-09-14.21.39 - INFO - Cur epoch 35 loss TA:0.5816 TV:0.5713 VA:1.1124 CE:0.1723
2026-03-09 14:24:11,311 - utils.logger2026-03-09-14.21.39 - INFO - Cur epoch 35 loss TA:0.5216 TV:0.5341 VA:1.0310 CE:0.1775
2026-03-09 14:24:12,074 - utils.logger2026-03-09-14.21.39 - INFO - Cur epoch 35 loss TA:0.2749 TV:0.2352 VA:0.5385 CE:0.3182
2026-03-09 14:24:12,157 - utils.logger2026-03-09-14.21.39 - INFO - saving the model at the end of epoch 35, iters 980
2026-03-09 14:24:12,410 - utils.logger2026-03-09-14.21.39 - INFO - End of training epoch 35 / 40 	 Time Taken: 2 sec
2026-03-09 14:24:12,411 - utils.logger2026-03-09-14.21.39 - INFO - learning rate = 0.0000476
2026-03-09 14:24:13,065 - utils.logger2026-03-09-14.21.39 - INFO - Val result of epoch 35 / 40 mae 0.9217 corr 0.6525 f1 0.7696
2026-03-09 14:24:13,742 - utils.logger2026-03-09-14.21.39 - INFO - Tst result of epoch 35 / 40 mae 0.9875 corr 0.6130 f1 0.7326
2026-03-09 14:24:15,089 - utils.logger2026-03-09-14.21.39 - INFO - Cur epoch 36 loss TA:0.5921 TV:0.5796 VA:1.0735 CE:0.1433
2026-03-09 14:24:15,796 - utils.logger2026-03-09-14.21.39 - INFO - Cur epoch 36 loss TA:0.5220 TV:0.5293 VA:1.0308 CE:0.2467
2026-03-09 14:24:16,540 - utils.logger2026-03-09-14.21.39 - INFO - saving the model at the end of epoch 36, iters 1008
2026-03-09 14:24:16,772 - utils.logger2026-03-09-14.21.39 - INFO - End of training epoch 36 / 40 	 Time Taken: 3 sec
2026-03-09 14:24:16,772 - utils.logger2026-03-09-14.21.39 - INFO - learning rate = 0.0000381
2026-03-09 14:24:17,527 - utils.logger2026-03-09-14.21.39 - INFO - Val result of epoch 36 / 40 mae 0.9349 corr 0.6516 f1 0.7565
2026-03-09 14:24:18,252 - utils.logger2026-03-09-14.21.39 - INFO - Tst result of epoch 36 / 40 mae 0.9811 corr 0.6224 f1 0.7466
2026-03-09 14:24:18,960 - utils.logger2026-03-09-14.21.39 - INFO - Cur epoch 37 loss TA:0.5547 TV:0.5677 VA:1.0844 CE:0.1446
2026-03-09 14:24:19,732 - utils.logger2026-03-09-14.21.39 - INFO - Cur epoch 37 loss TA:0.5666 TV:0.5711 VA:1.0531 CE:0.1694
2026-03-09 14:24:20,511 - utils.logger2026-03-09-14.21.39 - INFO - Cur epoch 37 loss TA:0.5125 TV:0.5194 VA:1.0107 CE:0.1642
2026-03-09 14:24:21,013 - utils.logger2026-03-09-14.21.39 - INFO - saving the model at the end of epoch 37, iters 1036
2026-03-09 14:24:21,268 - utils.logger2026-03-09-14.21.39 - INFO - End of training epoch 37 / 40 	 Time Taken: 3 sec
2026-03-09 14:24:21,268 - utils.logger2026-03-09-14.21.39 - INFO - learning rate = 0.0000286
2026-03-09 14:24:21,993 - utils.logger2026-03-09-14.21.39 - INFO - Val result of epoch 37 / 40 mae 0.9282 corr 0.6525 f1 0.7561
2026-03-09 14:24:22,661 - utils.logger2026-03-09-14.21.39 - INFO - Tst result of epoch 37 / 40 mae 0.9780 corr 0.6215 f1 0.7560
2026-03-09 14:24:23,482 - utils.logger2026-03-09-14.21.39 - INFO - Cur epoch 38 loss TA:0.5470 TV:0.5535 VA:1.0213 CE:0.2121
2026-03-09 14:24:24,293 - utils.logger2026-03-09-14.21.39 - INFO - Cur epoch 38 loss TA:0.5589 TV:0.5592 VA:1.0886 CE:0.1169
2026-03-09 14:24:24,996 - utils.logger2026-03-09-14.21.39 - INFO - Cur epoch 38 loss TA:0.5460 TV:0.5467 VA:1.0125 CE:0.2102
2026-03-09 14:24:25,367 - utils.logger2026-03-09-14.21.39 - INFO - saving the model at the end of epoch 38, iters 1064
2026-03-09 14:24:25,733 - utils.logger2026-03-09-14.21.39 - INFO - End of training epoch 38 / 40 	 Time Taken: 3 sec
2026-03-09 14:24:25,734 - utils.logger2026-03-09-14.21.39 - INFO - learning rate = 0.0000190
2026-03-09 14:24:26,393 - utils.logger2026-03-09-14.21.39 - INFO - Val result of epoch 38 / 40 mae 0.9287 corr 0.6515 f1 0.7565
2026-03-09 14:24:27,134 - utils.logger2026-03-09-14.21.39 - INFO - Tst result of epoch 38 / 40 mae 0.9772 corr 0.6221 f1 0.7513
2026-03-09 14:24:28,147 - utils.logger2026-03-09-14.21.39 - INFO - Cur epoch 39 loss TA:0.5341 TV:0.5514 VA:1.0569 CE:0.1180
2026-03-09 14:24:28,909 - utils.logger2026-03-09-14.21.39 - INFO - Cur epoch 39 loss TA:0.5197 TV:0.5322 VA:1.0401 CE:0.2071
2026-03-09 14:24:29,593 - utils.logger2026-03-09-14.21.39 - INFO - Cur epoch 39 loss TA:0.5689 TV:0.5550 VA:1.0697 CE:0.2264
2026-03-09 14:24:29,823 - utils.logger2026-03-09-14.21.39 - INFO - saving the model at the end of epoch 39, iters 1092
2026-03-09 14:24:30,256 - utils.logger2026-03-09-14.21.39 - INFO - End of training epoch 39 / 40 	 Time Taken: 3 sec
2026-03-09 14:24:30,257 - utils.logger2026-03-09-14.21.39 - INFO - learning rate = 0.0000095
2026-03-09 14:24:30,860 - utils.logger2026-03-09-14.21.39 - INFO - Val result of epoch 39 / 40 mae 0.9302 corr 0.6526 f1 0.7465
2026-03-09 14:24:31,496 - utils.logger2026-03-09-14.21.39 - INFO - Tst result of epoch 39 / 40 mae 0.9823 corr 0.6201 f1 0.7513
2026-03-09 14:24:32,631 - utils.logger2026-03-09-14.21.39 - INFO - Cur epoch 40 loss TA:0.5155 TV:0.5206 VA:1.0207 CE:0.1223
2026-03-09 14:24:33,266 - utils.logger2026-03-09-14.21.39 - INFO - Cur epoch 40 loss TA:0.5173 TV:0.5432 VA:1.0440 CE:0.1850
2026-03-09 14:24:33,978 - utils.logger2026-03-09-14.21.39 - INFO - Cur epoch 40 loss TA:0.2374 TV:0.2479 VA:0.4060 CE:0.3038
2026-03-09 14:24:34,047 - utils.logger2026-03-09-14.21.39 - INFO - saving the model at the end of epoch 40, iters 1120
2026-03-09 14:24:34,504 - utils.logger2026-03-09-14.21.39 - INFO - End of training epoch 40 / 40 	 Time Taken: 3 sec
2026-03-09 14:24:34,505 - utils.logger2026-03-09-14.21.39 - INFO - learning rate = 0.0000000
2026-03-09 14:24:35,214 - utils.logger2026-03-09-14.21.39 - INFO - Val result of epoch 40 / 40 mae 0.9273 corr 0.6535 f1 0.7513
2026-03-09 14:24:35,856 - utils.logger2026-03-09-14.21.39 - INFO - Tst result of epoch 40 / 40 mae 0.9816 corr 0.6196 f1 0.7513
2026-03-09 14:24:35,857 - utils.logger2026-03-09-14.21.39 - INFO - Best eval epoch 19 found with MAE 0.958232
2026-03-09 14:24:35,857 - utils.logger2026-03-09-14.21.39 - INFO - Loading best model found on val set: epoch-19
2026-03-09 14:24:37,219 - utils.logger2026-03-09-14.21.39 - INFO - Tst result mae 0.9582 corr 0.6280 f1 0.7712
