2026-03-04 21:31:00,193 - utils.logger2026-03-04-21.30.53 - INFO - The number of training samples = 1750
2026-03-04 21:31:00,193 - utils.logger2026-03-04-21.30.53 - INFO - The number of testing samples = 1344
2026-03-04 21:31:03,974 - utils.logger2026-03-04-21.30.53 - INFO - Cur epoch 1 loss CE:58.0597 mse:202.8625 consistent:168.7854
2026-03-04 21:31:04,919 - utils.logger2026-03-04-21.30.53 - INFO - Cur epoch 1 loss CE:9.3497 mse:54.0601 consistent:158.0786
2026-03-04 21:31:05,892 - utils.logger2026-03-04-21.30.53 - INFO - saving the model at the end of epoch 1, iters 28
2026-03-04 21:31:06,074 - utils.logger2026-03-04-21.30.53 - INFO - End of training epoch 1 / 40 	 Time Taken: 5 sec
2026-03-04 21:31:06,074 - utils.logger2026-03-04-21.30.53 - INFO - learning rate = 0.0002000
2026-03-04 21:31:08,511 - utils.logger2026-03-04-21.30.53 - INFO - Val result of epoch 1 / 40 mae 1.4460 corr -0.0108 f1 0.5142
2026-03-04 21:31:10,655 - utils.logger2026-03-04-21.30.53 - INFO - Tst result of epoch 1 / 40 mae 1.3012 corr 0.0098 f1 0.5065
2026-03-04 21:31:11,974 - utils.logger2026-03-04-21.30.53 - INFO - Cur epoch 2 loss CE:8.3250 mse:25.1738 consistent:150.5024
2026-03-04 21:31:12,949 - utils.logger2026-03-04-21.30.53 - INFO - Cur epoch 2 loss CE:4.5113 mse:16.3802 consistent:148.4917
2026-03-04 21:31:13,934 - utils.logger2026-03-04-21.30.53 - INFO - Cur epoch 2 loss CE:3.5614 mse:12.8119 consistent:130.4940
2026-03-04 21:31:14,710 - utils.logger2026-03-04-21.30.53 - INFO - saving the model at the end of epoch 2, iters 56
2026-03-04 21:31:14,936 - utils.logger2026-03-04-21.30.53 - INFO - End of training epoch 2 / 40 	 Time Taken: 4 sec
2026-03-04 21:31:14,937 - utils.logger2026-03-04-21.30.53 - INFO - learning rate = 0.0002000
2026-03-04 21:31:17,061 - utils.logger2026-03-04-21.30.53 - INFO - Val result of epoch 2 / 40 mae 1.3456 corr 0.2221 f1 0.5684
2026-03-04 21:31:19,267 - utils.logger2026-03-04-21.30.53 - INFO - Tst result of epoch 2 / 40 mae 1.1962 corr 0.1989 f1 0.5504
2026-03-04 21:31:20,901 - utils.logger2026-03-04-21.30.53 - INFO - Cur epoch 3 loss CE:3.2027 mse:12.6747 consistent:137.6045
2026-03-04 21:31:21,934 - utils.logger2026-03-04-21.30.53 - INFO - Cur epoch 3 loss CE:2.4122 mse:12.0372 consistent:129.8077
2026-03-04 21:31:22,930 - utils.logger2026-03-04-21.30.53 - INFO - Cur epoch 3 loss CE:2.2401 mse:10.7653 consistent:118.4984
2026-03-04 21:31:23,495 - utils.logger2026-03-04-21.30.53 - INFO - saving the model at the end of epoch 3, iters 84
2026-03-04 21:31:23,692 - utils.logger2026-03-04-21.30.53 - INFO - End of training epoch 3 / 40 	 Time Taken: 4 sec
2026-03-04 21:31:23,693 - utils.logger2026-03-04-21.30.53 - INFO - learning rate = 0.0002000
2026-03-04 21:31:25,757 - utils.logger2026-03-04-21.30.53 - INFO - Val result of epoch 3 / 40 mae 1.3344 corr 0.2948 f1 0.5803
2026-03-04 21:31:27,918 - utils.logger2026-03-04-21.30.53 - INFO - Tst result of epoch 3 / 40 mae 1.1884 corr 0.2696 f1 0.5677
2026-03-04 21:31:29,727 - utils.logger2026-03-04-21.30.53 - INFO - Cur epoch 4 loss CE:2.3906 mse:11.2288 consistent:129.8234
2026-03-04 21:31:30,700 - utils.logger2026-03-04-21.30.53 - INFO - Cur epoch 4 loss CE:2.2103 mse:9.8216 consistent:117.3387
2026-03-04 21:31:31,607 - utils.logger2026-03-04-21.30.53 - INFO - Cur epoch 4 loss CE:2.4133 mse:8.7083 consistent:111.2668
2026-03-04 21:31:31,978 - utils.logger2026-03-04-21.30.53 - INFO - saving the model at the end of epoch 4, iters 112
2026-03-04 21:31:32,166 - utils.logger2026-03-04-21.30.53 - INFO - End of training epoch 4 / 40 	 Time Taken: 4 sec
2026-03-04 21:31:32,166 - utils.logger2026-03-04-21.30.53 - INFO - learning rate = 0.0002000
2026-03-04 21:31:34,245 - utils.logger2026-03-04-21.30.53 - INFO - Val result of epoch 4 / 40 mae 1.2622 corr 0.3958 f1 0.6020
2026-03-04 21:31:36,304 - utils.logger2026-03-04-21.30.53 - INFO - Tst result of epoch 4 / 40 mae 1.1257 corr 0.3479 f1 0.5965
2026-03-04 21:31:38,174 - utils.logger2026-03-04-21.30.53 - INFO - Cur epoch 5 loss CE:2.2675 mse:8.0420 consistent:116.2137
2026-03-04 21:31:39,157 - utils.logger2026-03-04-21.30.53 - INFO - Cur epoch 5 loss CE:1.9872 mse:7.0791 consistent:117.6211
2026-03-04 21:31:40,054 - utils.logger2026-03-04-21.30.53 - INFO - Cur epoch 5 loss CE:1.8784 mse:6.0139 consistent:108.1395
2026-03-04 21:31:40,220 - utils.logger2026-03-04-21.30.53 - INFO - saving the model at the end of epoch 5, iters 140
2026-03-04 21:31:40,414 - utils.logger2026-03-04-21.30.53 - INFO - End of training epoch 5 / 40 	 Time Taken: 4 sec
2026-03-04 21:31:40,414 - utils.logger2026-03-04-21.30.53 - INFO - learning rate = 0.0002000
2026-03-04 21:31:42,497 - utils.logger2026-03-04-21.30.53 - INFO - Val result of epoch 5 / 40 mae 1.1969 corr 0.4152 f1 0.6192
2026-03-04 21:31:44,551 - utils.logger2026-03-04-21.30.53 - INFO - Tst result of epoch 5 / 40 mae 1.0914 corr 0.3511 f1 0.6168
2026-03-04 21:31:46,641 - utils.logger2026-03-04-21.30.53 - INFO - Cur epoch 6 loss CE:1.5284 mse:5.6327 consistent:111.2143
2026-03-04 21:31:47,625 - utils.logger2026-03-04-21.30.53 - INFO - Cur epoch 6 loss CE:2.4152 mse:5.0144 consistent:110.9060
2026-03-04 21:31:48,631 - utils.logger2026-03-04-21.30.53 - INFO - saving the model at the end of epoch 6, iters 168
2026-03-04 21:31:48,827 - utils.logger2026-03-04-21.30.53 - INFO - End of training epoch 6 / 40 	 Time Taken: 4 sec
2026-03-04 21:31:48,827 - utils.logger2026-03-04-21.30.53 - INFO - learning rate = 0.0002000
2026-03-04 21:31:50,918 - utils.logger2026-03-04-21.30.53 - INFO - Val result of epoch 6 / 40 mae 1.2121 corr 0.4371 f1 0.6236
2026-03-04 21:31:53,027 - utils.logger2026-03-04-21.30.53 - INFO - Tst result of epoch 6 / 40 mae 1.0905 corr 0.3752 f1 0.6108
2026-03-04 21:31:54,385 - utils.logger2026-03-04-21.30.53 - INFO - Cur epoch 7 loss CE:2.0349 mse:4.5105 consistent:110.7419
2026-03-04 21:31:55,407 - utils.logger2026-03-04-21.30.53 - INFO - Cur epoch 7 loss CE:1.9958 mse:4.1282 consistent:122.1810
2026-03-04 21:31:56,390 - utils.logger2026-03-04-21.30.53 - INFO - Cur epoch 7 loss CE:1.5119 mse:3.8148 consistent:119.3816
2026-03-04 21:31:57,132 - utils.logger2026-03-04-21.30.53 - INFO - saving the model at the end of epoch 7, iters 196
2026-03-04 21:31:57,332 - utils.logger2026-03-04-21.30.53 - INFO - End of training epoch 7 / 40 	 Time Taken: 4 sec
2026-03-04 21:31:57,332 - utils.logger2026-03-04-21.30.53 - INFO - learning rate = 0.0002000
2026-03-04 21:31:59,385 - utils.logger2026-03-04-21.30.53 - INFO - Val result of epoch 7 / 40 mae 1.2167 corr 0.4612 f1 0.6223
2026-03-04 21:32:01,476 - utils.logger2026-03-04-21.30.53 - INFO - Tst result of epoch 7 / 40 mae 1.0923 corr 0.4115 f1 0.6147
2026-03-04 21:32:03,021 - utils.logger2026-03-04-21.30.53 - INFO - Cur epoch 8 loss CE:2.0618 mse:3.5886 consistent:118.3222
2026-03-04 21:32:03,979 - utils.logger2026-03-04-21.30.53 - INFO - Cur epoch 8 loss CE:2.0634 mse:3.1363 consistent:106.5434
2026-03-04 21:32:04,995 - utils.logger2026-03-04-21.30.53 - INFO - Cur epoch 8 loss CE:2.1317 mse:2.8225 consistent:116.5848
2026-03-04 21:32:05,532 - utils.logger2026-03-04-21.30.53 - INFO - saving the model at the end of epoch 8, iters 224
2026-03-04 21:32:05,747 - utils.logger2026-03-04-21.30.53 - INFO - End of training epoch 8 / 40 	 Time Taken: 4 sec
2026-03-04 21:32:05,747 - utils.logger2026-03-04-21.30.53 - INFO - learning rate = 0.0002000
2026-03-04 21:32:07,827 - utils.logger2026-03-04-21.30.53 - INFO - Val result of epoch 8 / 40 mae 1.1779 corr 0.4678 f1 0.6419
2026-03-04 21:32:09,893 - utils.logger2026-03-04-21.30.53 - INFO - Tst result of epoch 8 / 40 mae 1.0701 corr 0.4078 f1 0.6440
2026-03-04 21:32:11,683 - utils.logger2026-03-04-21.30.53 - INFO - Cur epoch 9 loss CE:1.5081 mse:2.7369 consistent:117.6810
2026-03-04 21:32:12,689 - utils.logger2026-03-04-21.30.53 - INFO - Cur epoch 9 loss CE:2.3017 mse:2.4531 consistent:114.9729
2026-03-04 21:32:13,705 - utils.logger2026-03-04-21.30.53 - INFO - Cur epoch 9 loss CE:2.1874 mse:2.3278 consistent:116.0603
2026-03-04 21:32:14,092 - utils.logger2026-03-04-21.30.53 - INFO - saving the model at the end of epoch 9, iters 252
2026-03-04 21:32:14,309 - utils.logger2026-03-04-21.30.53 - INFO - End of training epoch 9 / 40 	 Time Taken: 4 sec
2026-03-04 21:32:14,310 - utils.logger2026-03-04-21.30.53 - INFO - learning rate = 0.0002000
2026-03-04 21:32:16,411 - utils.logger2026-03-04-21.30.53 - INFO - Val result of epoch 9 / 40 mae 1.2132 corr 0.4551 f1 0.6084
2026-03-04 21:32:18,491 - utils.logger2026-03-04-21.30.53 - INFO - Tst result of epoch 9 / 40 mae 1.0876 corr 0.4020 f1 0.6274
2026-03-04 21:32:20,407 - utils.logger2026-03-04-21.30.53 - INFO - Cur epoch 10 loss CE:1.6459 mse:2.1661 consistent:121.5386
2026-03-04 21:32:21,314 - utils.logger2026-03-04-21.30.53 - INFO - Cur epoch 10 loss CE:1.8243 mse:2.1647 consistent:118.9431
2026-03-04 21:32:22,211 - utils.logger2026-03-04-21.30.53 - INFO - Cur epoch 10 loss CE:1.4910 mse:2.0143 consistent:103.9934
2026-03-04 21:32:22,357 - utils.logger2026-03-04-21.30.53 - INFO - saving the model at the end of epoch 10, iters 280
2026-03-04 21:32:22,545 - utils.logger2026-03-04-21.30.53 - INFO - End of training epoch 10 / 40 	 Time Taken: 4 sec
2026-03-04 21:32:22,545 - utils.logger2026-03-04-21.30.53 - INFO - learning rate = 0.0002000
2026-03-04 21:32:24,667 - utils.logger2026-03-04-21.30.53 - INFO - Val result of epoch 10 / 40 mae 1.1825 corr 0.4674 f1 0.6427
2026-03-04 21:32:26,798 - utils.logger2026-03-04-21.30.53 - INFO - Tst result of epoch 10 / 40 mae 1.0636 corr 0.4212 f1 0.6337
2026-03-04 21:32:28,888 - utils.logger2026-03-04-21.30.53 - INFO - Cur epoch 11 loss CE:2.1894 mse:2.0772 consistent:113.4657
2026-03-04 21:32:29,741 - utils.logger2026-03-04-21.30.53 - INFO - Cur epoch 11 loss CE:1.8674 mse:2.0960 consistent:108.3986
2026-03-04 21:32:30,587 - utils.logger2026-03-04-21.30.53 - INFO - saving the model at the end of epoch 11, iters 308
2026-03-04 21:32:30,767 - utils.logger2026-03-04-21.30.53 - INFO - End of training epoch 11 / 40 	 Time Taken: 3 sec
2026-03-04 21:32:30,768 - utils.logger2026-03-04-21.30.53 - INFO - learning rate = 0.0002000
2026-03-04 21:32:32,811 - utils.logger2026-03-04-21.30.53 - INFO - Val result of epoch 11 / 40 mae 1.1740 corr 0.4553 f1 0.6662
2026-03-04 21:32:34,907 - utils.logger2026-03-04-21.30.53 - INFO - Tst result of epoch 11 / 40 mae 1.0693 corr 0.3995 f1 0.6687
2026-03-04 21:32:36,287 - utils.logger2026-03-04-21.30.53 - INFO - Cur epoch 12 loss CE:1.8912 mse:1.9886 consistent:119.5280
2026-03-04 21:32:37,348 - utils.logger2026-03-04-21.30.53 - INFO - Cur epoch 12 loss CE:1.7119 mse:2.0136 consistent:121.2685
2026-03-04 21:32:38,411 - utils.logger2026-03-04-21.30.53 - INFO - Cur epoch 12 loss CE:2.0336 mse:1.8793 consistent:112.0411
2026-03-04 21:32:39,196 - utils.logger2026-03-04-21.30.53 - INFO - saving the model at the end of epoch 12, iters 336
2026-03-04 21:32:39,405 - utils.logger2026-03-04-21.30.53 - INFO - End of training epoch 12 / 40 	 Time Taken: 4 sec
2026-03-04 21:32:39,405 - utils.logger2026-03-04-21.30.53 - INFO - learning rate = 0.0002000
2026-03-04 21:32:41,535 - utils.logger2026-03-04-21.30.53 - INFO - Val result of epoch 12 / 40 mae 1.1998 corr 0.4703 f1 0.6408
2026-03-04 21:32:43,554 - utils.logger2026-03-04-21.30.53 - INFO - Tst result of epoch 12 / 40 mae 1.0830 corr 0.3972 f1 0.6010
2026-03-04 21:32:45,071 - utils.logger2026-03-04-21.30.53 - INFO - Cur epoch 13 loss CE:2.3636 mse:1.8529 consistent:124.7217
2026-03-04 21:32:46,086 - utils.logger2026-03-04-21.30.53 - INFO - Cur epoch 13 loss CE:2.2656 mse:2.0239 consistent:106.6417
2026-03-04 21:32:47,071 - utils.logger2026-03-04-21.30.53 - INFO - Cur epoch 13 loss CE:2.1954 mse:1.9574 consistent:114.6102
2026-03-04 21:32:47,626 - utils.logger2026-03-04-21.30.53 - INFO - saving the model at the end of epoch 13, iters 364
2026-03-04 21:32:47,860 - utils.logger2026-03-04-21.30.53 - INFO - End of training epoch 13 / 40 	 Time Taken: 4 sec
2026-03-04 21:32:47,861 - utils.logger2026-03-04-21.30.53 - INFO - learning rate = 0.0002000
2026-03-04 21:32:49,927 - utils.logger2026-03-04-21.30.53 - INFO - Val result of epoch 13 / 40 mae 1.1989 corr 0.4671 f1 0.6631
2026-03-04 21:32:51,998 - utils.logger2026-03-04-21.30.53 - INFO - Tst result of epoch 13 / 40 mae 1.0862 corr 0.3930 f1 0.6676
2026-03-04 21:32:53,748 - utils.logger2026-03-04-21.30.53 - INFO - Cur epoch 14 loss CE:2.0119 mse:1.9008 consistent:106.2018
2026-03-04 21:32:54,680 - utils.logger2026-03-04-21.30.53 - INFO - Cur epoch 14 loss CE:2.1975 mse:1.8632 consistent:119.7431
2026-03-04 21:32:55,640 - utils.logger2026-03-04-21.30.53 - INFO - Cur epoch 14 loss CE:1.5327 mse:1.6627 consistent:112.2992
2026-03-04 21:32:56,032 - utils.logger2026-03-04-21.30.53 - INFO - saving the model at the end of epoch 14, iters 392
2026-03-04 21:32:56,263 - utils.logger2026-03-04-21.30.53 - INFO - End of training epoch 14 / 40 	 Time Taken: 4 sec
2026-03-04 21:32:56,263 - utils.logger2026-03-04-21.30.53 - INFO - learning rate = 0.0002000
2026-03-04 21:32:58,341 - utils.logger2026-03-04-21.30.53 - INFO - Val result of epoch 14 / 40 mae 1.1659 corr 0.4733 f1 0.6377
2026-03-04 21:33:00,417 - utils.logger2026-03-04-21.30.53 - INFO - Tst result of epoch 14 / 40 mae 1.0575 corr 0.4163 f1 0.6220
2026-03-04 21:33:02,401 - utils.logger2026-03-04-21.30.53 - INFO - Cur epoch 15 loss CE:1.6066 mse:1.7250 consistent:118.6429
2026-03-04 21:33:03,392 - utils.logger2026-03-04-21.30.53 - INFO - Cur epoch 15 loss CE:1.7001 mse:1.8323 consistent:110.4075
2026-03-04 21:33:04,326 - utils.logger2026-03-04-21.30.53 - INFO - Cur epoch 15 loss CE:1.9714 mse:1.5891 consistent:105.4766
2026-03-04 21:33:04,496 - utils.logger2026-03-04-21.30.53 - INFO - saving the model at the end of epoch 15, iters 420
2026-03-04 21:33:04,716 - utils.logger2026-03-04-21.30.53 - INFO - End of training epoch 15 / 40 	 Time Taken: 4 sec
2026-03-04 21:33:04,717 - utils.logger2026-03-04-21.30.53 - INFO - learning rate = 0.0002000
2026-03-04 21:33:06,890 - utils.logger2026-03-04-21.30.53 - INFO - Val result of epoch 15 / 40 mae 1.1826 corr 0.4593 f1 0.6560
2026-03-04 21:33:08,947 - utils.logger2026-03-04-21.30.53 - INFO - Tst result of epoch 15 / 40 mae 1.0657 corr 0.4102 f1 0.6661
2026-03-04 21:33:10,963 - utils.logger2026-03-04-21.30.53 - INFO - Cur epoch 16 loss CE:1.9134 mse:1.6222 consistent:102.8078
2026-03-04 21:33:11,863 - utils.logger2026-03-04-21.30.53 - INFO - Cur epoch 16 loss CE:1.8913 mse:1.6659 consistent:105.8155
2026-03-04 21:33:12,728 - utils.logger2026-03-04-21.30.53 - INFO - saving the model at the end of epoch 16, iters 448
2026-03-04 21:33:12,918 - utils.logger2026-03-04-21.30.53 - INFO - End of training epoch 16 / 40 	 Time Taken: 3 sec
2026-03-04 21:33:12,919 - utils.logger2026-03-04-21.30.53 - INFO - learning rate = 0.0002000
2026-03-04 21:33:14,958 - utils.logger2026-03-04-21.30.53 - INFO - Val result of epoch 16 / 40 mae 1.1855 corr 0.4648 f1 0.6370
2026-03-04 21:33:16,952 - utils.logger2026-03-04-21.30.53 - INFO - Tst result of epoch 16 / 40 mae 1.0637 corr 0.4175 f1 0.6196
2026-03-04 21:33:18,247 - utils.logger2026-03-04-21.30.53 - INFO - Cur epoch 17 loss CE:1.5431 mse:1.5766 consistent:103.8714
2026-03-04 21:33:19,215 - utils.logger2026-03-04-21.30.53 - INFO - Cur epoch 17 loss CE:1.8792 mse:1.6224 consistent:105.1828
2026-03-04 21:33:20,187 - utils.logger2026-03-04-21.30.53 - INFO - Cur epoch 17 loss CE:1.9316 mse:1.6906 consistent:107.1035
2026-03-04 21:33:20,969 - utils.logger2026-03-04-21.30.53 - INFO - saving the model at the end of epoch 17, iters 476
2026-03-04 21:33:21,171 - utils.logger2026-03-04-21.30.53 - INFO - End of training epoch 17 / 40 	 Time Taken: 4 sec
2026-03-04 21:33:21,171 - utils.logger2026-03-04-21.30.53 - INFO - learning rate = 0.0002000
2026-03-04 21:33:23,299 - utils.logger2026-03-04-21.30.53 - INFO - Val result of epoch 17 / 40 mae 1.1891 corr 0.4673 f1 0.6261
2026-03-04 21:33:25,398 - utils.logger2026-03-04-21.30.53 - INFO - Tst result of epoch 17 / 40 mae 1.0695 corr 0.4142 f1 0.6358
2026-03-04 21:33:26,899 - utils.logger2026-03-04-21.30.53 - INFO - Cur epoch 18 loss CE:1.4541 mse:1.5893 consistent:115.0871
2026-03-04 21:33:27,869 - utils.logger2026-03-04-21.30.53 - INFO - Cur epoch 18 loss CE:1.9560 mse:1.6887 consistent:102.8141
2026-03-04 21:33:28,885 - utils.logger2026-03-04-21.30.53 - INFO - Cur epoch 18 loss CE:1.7959 mse:1.6234 consistent:102.7436
2026-03-04 21:33:29,529 - utils.logger2026-03-04-21.30.53 - INFO - saving the model at the end of epoch 18, iters 504
2026-03-04 21:33:29,749 - utils.logger2026-03-04-21.30.53 - INFO - End of training epoch 18 / 40 	 Time Taken: 4 sec
2026-03-04 21:33:29,749 - utils.logger2026-03-04-21.30.53 - INFO - learning rate = 0.0002000
2026-03-04 21:33:31,858 - utils.logger2026-03-04-21.30.53 - INFO - Val result of epoch 18 / 40 mae 1.1626 corr 0.4664 f1 0.6440
2026-03-04 21:33:33,938 - utils.logger2026-03-04-21.30.53 - INFO - Tst result of epoch 18 / 40 mae 1.0652 corr 0.4030 f1 0.6328
2026-03-04 21:33:35,684 - utils.logger2026-03-04-21.30.53 - INFO - Cur epoch 19 loss CE:1.5380 mse:1.7380 consistent:109.3956
2026-03-04 21:33:36,703 - utils.logger2026-03-04-21.30.53 - INFO - Cur epoch 19 loss CE:1.7980 mse:1.6300 consistent:107.5367
2026-03-04 21:33:37,741 - utils.logger2026-03-04-21.30.53 - INFO - Cur epoch 19 loss CE:1.4697 mse:1.5312 consistent:104.0660
2026-03-04 21:33:38,119 - utils.logger2026-03-04-21.30.53 - INFO - saving the model at the end of epoch 19, iters 532
2026-03-04 21:33:38,318 - utils.logger2026-03-04-21.30.53 - INFO - End of training epoch 19 / 40 	 Time Taken: 4 sec
2026-03-04 21:33:38,318 - utils.logger2026-03-04-21.30.53 - INFO - learning rate = 0.0002000
2026-03-04 21:33:40,394 - utils.logger2026-03-04-21.30.53 - INFO - Val result of epoch 19 / 40 mae 1.1677 corr 0.4555 f1 0.6386
2026-03-04 21:33:42,449 - utils.logger2026-03-04-21.30.53 - INFO - Tst result of epoch 19 / 40 mae 1.0706 corr 0.3945 f1 0.6332
2026-03-04 21:33:44,440 - utils.logger2026-03-04-21.30.53 - INFO - Cur epoch 20 loss CE:1.3929 mse:1.5553 consistent:111.6157
2026-03-04 21:33:45,504 - utils.logger2026-03-04-21.30.53 - INFO - Cur epoch 20 loss CE:1.6873 mse:1.6819 consistent:117.3517
2026-03-04 21:33:46,538 - utils.logger2026-03-04-21.30.53 - INFO - Cur epoch 20 loss CE:2.0825 mse:1.6111 consistent:106.6734
2026-03-04 21:33:46,708 - utils.logger2026-03-04-21.30.53 - INFO - saving the model at the end of epoch 20, iters 560
2026-03-04 21:33:46,927 - utils.logger2026-03-04-21.30.53 - INFO - End of training epoch 20 / 40 	 Time Taken: 4 sec
2026-03-04 21:33:46,927 - utils.logger2026-03-04-21.30.53 - INFO - learning rate = 0.0001905
2026-03-04 21:33:49,003 - utils.logger2026-03-04-21.30.53 - INFO - Val result of epoch 20 / 40 mae 1.1841 corr 0.4639 f1 0.6481
2026-03-04 21:33:51,101 - utils.logger2026-03-04-21.30.53 - INFO - Tst result of epoch 20 / 40 mae 1.0675 corr 0.4154 f1 0.6338
2026-03-04 21:33:53,209 - utils.logger2026-03-04-21.30.53 - INFO - Cur epoch 21 loss CE:1.4119 mse:1.5239 consistent:105.9003
2026-03-04 21:33:54,188 - utils.logger2026-03-04-21.30.53 - INFO - Cur epoch 21 loss CE:1.5694 mse:1.4545 consistent:106.4888
2026-03-04 21:33:55,081 - utils.logger2026-03-04-21.30.53 - INFO - saving the model at the end of epoch 21, iters 588
2026-03-04 21:33:55,306 - utils.logger2026-03-04-21.30.53 - INFO - End of training epoch 21 / 40 	 Time Taken: 4 sec
2026-03-04 21:33:55,306 - utils.logger2026-03-04-21.30.53 - INFO - learning rate = 0.0001810
2026-03-04 21:33:57,476 - utils.logger2026-03-04-21.30.53 - INFO - Val result of epoch 21 / 40 mae 1.1709 corr 0.4488 f1 0.6521
2026-03-04 21:33:59,560 - utils.logger2026-03-04-21.30.53 - INFO - Tst result of epoch 21 / 40 mae 1.0691 corr 0.3916 f1 0.6324
2026-03-04 21:34:00,873 - utils.logger2026-03-04-21.30.53 - INFO - Cur epoch 22 loss CE:1.1406 mse:1.4833 consistent:104.8336
2026-03-04 21:34:01,774 - utils.logger2026-03-04-21.30.53 - INFO - Cur epoch 22 loss CE:1.6100 mse:1.5494 consistent:111.4554
2026-03-04 21:34:02,690 - utils.logger2026-03-04-21.30.53 - INFO - Cur epoch 22 loss CE:1.5451 mse:1.5205 consistent:107.0905
2026-03-04 21:34:03,423 - utils.logger2026-03-04-21.30.53 - INFO - saving the model at the end of epoch 22, iters 616
2026-03-04 21:34:03,621 - utils.logger2026-03-04-21.30.53 - INFO - End of training epoch 22 / 40 	 Time Taken: 4 sec
2026-03-04 21:34:03,621 - utils.logger2026-03-04-21.30.53 - INFO - learning rate = 0.0001714
2026-03-04 21:34:05,744 - utils.logger2026-03-04-21.30.53 - INFO - Val result of epoch 22 / 40 mae 1.1786 corr 0.4350 f1 0.6490
2026-03-04 21:34:07,894 - utils.logger2026-03-04-21.30.53 - INFO - Tst result of epoch 22 / 40 mae 1.0760 corr 0.3861 f1 0.6413
2026-03-04 21:34:09,463 - utils.logger2026-03-04-21.30.53 - INFO - Cur epoch 23 loss CE:1.5461 mse:1.6115 consistent:113.4123
2026-03-04 21:34:10,424 - utils.logger2026-03-04-21.30.53 - INFO - Cur epoch 23 loss CE:1.4021 mse:1.4975 consistent:100.8516
2026-03-04 21:34:11,393 - utils.logger2026-03-04-21.30.53 - INFO - Cur epoch 23 loss CE:1.2270 mse:1.4736 consistent:106.7961
2026-03-04 21:34:11,955 - utils.logger2026-03-04-21.30.53 - INFO - saving the model at the end of epoch 23, iters 644
2026-03-04 21:34:12,164 - utils.logger2026-03-04-21.30.53 - INFO - End of training epoch 23 / 40 	 Time Taken: 4 sec
2026-03-04 21:34:12,164 - utils.logger2026-03-04-21.30.53 - INFO - learning rate = 0.0001619
2026-03-04 21:34:14,279 - utils.logger2026-03-04-21.30.53 - INFO - Val result of epoch 23 / 40 mae 1.1904 corr 0.4332 f1 0.6430
2026-03-04 21:34:16,353 - utils.logger2026-03-04-21.30.53 - INFO - Tst result of epoch 23 / 40 mae 1.0782 corr 0.3774 f1 0.6349
2026-03-04 21:34:18,070 - utils.logger2026-03-04-21.30.53 - INFO - Cur epoch 24 loss CE:1.6708 mse:1.5803 consistent:115.0037
2026-03-04 21:34:19,079 - utils.logger2026-03-04-21.30.53 - INFO - Cur epoch 24 loss CE:1.3866 mse:1.5187 consistent:107.0139
2026-03-04 21:34:20,134 - utils.logger2026-03-04-21.30.53 - INFO - Cur epoch 24 loss CE:1.5711 mse:1.5635 consistent:101.6383
2026-03-04 21:34:20,495 - utils.logger2026-03-04-21.30.53 - INFO - saving the model at the end of epoch 24, iters 672
2026-03-04 21:34:20,712 - utils.logger2026-03-04-21.30.53 - INFO - End of training epoch 24 / 40 	 Time Taken: 4 sec
2026-03-04 21:34:20,713 - utils.logger2026-03-04-21.30.53 - INFO - learning rate = 0.0001524
2026-03-04 21:34:22,857 - utils.logger2026-03-04-21.30.53 - INFO - Val result of epoch 24 / 40 mae 1.1723 corr 0.4427 f1 0.6851
2026-03-04 21:34:24,921 - utils.logger2026-03-04-21.30.53 - INFO - Tst result of epoch 24 / 40 mae 1.0726 corr 0.3967 f1 0.6708
2026-03-04 21:34:26,898 - utils.logger2026-03-04-21.30.53 - INFO - Cur epoch 25 loss CE:1.3714 mse:1.4879 consistent:106.7334
2026-03-04 21:34:28,005 - utils.logger2026-03-04-21.30.53 - INFO - Cur epoch 25 loss CE:1.3395 mse:1.4664 consistent:108.8237
2026-03-04 21:34:29,053 - utils.logger2026-03-04-21.30.53 - INFO - Cur epoch 25 loss CE:1.3100 mse:1.4009 consistent:93.5540
2026-03-04 21:34:29,225 - utils.logger2026-03-04-21.30.53 - INFO - saving the model at the end of epoch 25, iters 700
2026-03-04 21:34:29,450 - utils.logger2026-03-04-21.30.53 - INFO - End of training epoch 25 / 40 	 Time Taken: 4 sec
2026-03-04 21:34:29,451 - utils.logger2026-03-04-21.30.53 - INFO - learning rate = 0.0001429
2026-03-04 21:34:31,554 - utils.logger2026-03-04-21.30.53 - INFO - Val result of epoch 25 / 40 mae 1.1896 corr 0.4471 f1 0.6299
2026-03-04 21:34:33,691 - utils.logger2026-03-04-21.30.53 - INFO - Tst result of epoch 25 / 40 mae 1.0837 corr 0.3789 f1 0.6231
2026-03-04 21:34:35,820 - utils.logger2026-03-04-21.30.53 - INFO - Cur epoch 26 loss CE:1.1152 mse:1.3707 consistent:102.3490
2026-03-04 21:34:36,798 - utils.logger2026-03-04-21.30.53 - INFO - Cur epoch 26 loss CE:1.4701 mse:1.4741 consistent:102.0195
2026-03-04 21:34:37,703 - utils.logger2026-03-04-21.30.53 - INFO - saving the model at the end of epoch 26, iters 728
2026-03-04 21:34:37,890 - utils.logger2026-03-04-21.30.53 - INFO - End of training epoch 26 / 40 	 Time Taken: 4 sec
2026-03-04 21:34:37,890 - utils.logger2026-03-04-21.30.53 - INFO - learning rate = 0.0001333
2026-03-04 21:34:39,949 - utils.logger2026-03-04-21.30.53 - INFO - Val result of epoch 26 / 40 mae 1.1794 corr 0.4538 f1 0.6481
2026-03-04 21:34:42,097 - utils.logger2026-03-04-21.30.53 - INFO - Tst result of epoch 26 / 40 mae 1.0750 corr 0.3922 f1 0.6219
2026-03-04 21:34:43,462 - utils.logger2026-03-04-21.30.53 - INFO - Cur epoch 27 loss CE:1.4409 mse:1.4350 consistent:105.0393
2026-03-04 21:34:44,528 - utils.logger2026-03-04-21.30.53 - INFO - Cur epoch 27 loss CE:1.2216 mse:1.4220 consistent:110.4704
2026-03-04 21:34:45,461 - utils.logger2026-03-04-21.30.53 - INFO - Cur epoch 27 loss CE:1.1184 mse:1.4708 consistent:110.1572
2026-03-04 21:34:46,189 - utils.logger2026-03-04-21.30.53 - INFO - saving the model at the end of epoch 27, iters 756
2026-03-04 21:34:46,396 - utils.logger2026-03-04-21.30.53 - INFO - End of training epoch 27 / 40 	 Time Taken: 4 sec
2026-03-04 21:34:46,396 - utils.logger2026-03-04-21.30.53 - INFO - learning rate = 0.0001238
2026-03-04 21:34:48,502 - utils.logger2026-03-04-21.30.53 - INFO - Val result of epoch 27 / 40 mae 1.1815 corr 0.4554 f1 0.6408
2026-03-04 21:34:50,570 - utils.logger2026-03-04-21.30.53 - INFO - Tst result of epoch 27 / 40 mae 1.0798 corr 0.3843 f1 0.6293
2026-03-04 21:34:52,093 - utils.logger2026-03-04-21.30.53 - INFO - Cur epoch 28 loss CE:1.3072 mse:1.4413 consistent:99.9216
2026-03-04 21:34:53,076 - utils.logger2026-03-04-21.30.53 - INFO - Cur epoch 28 loss CE:1.0287 mse:1.4253 consistent:111.2451
2026-03-04 21:34:54,127 - utils.logger2026-03-04-21.30.53 - INFO - Cur epoch 28 loss CE:1.5345 mse:1.3797 consistent:98.6303
2026-03-04 21:34:54,794 - utils.logger2026-03-04-21.30.53 - INFO - saving the model at the end of epoch 28, iters 784
2026-03-04 21:34:54,999 - utils.logger2026-03-04-21.30.53 - INFO - End of training epoch 28 / 40 	 Time Taken: 4 sec
2026-03-04 21:34:54,999 - utils.logger2026-03-04-21.30.53 - INFO - learning rate = 0.0001143
2026-03-04 21:34:57,141 - utils.logger2026-03-04-21.30.53 - INFO - Val result of epoch 28 / 40 mae 1.1836 corr 0.4570 f1 0.6586
2026-03-04 21:34:59,256 - utils.logger2026-03-04-21.30.53 - INFO - Tst result of epoch 28 / 40 mae 1.0759 corr 0.3945 f1 0.6450
2026-03-04 21:35:00,970 - utils.logger2026-03-04-21.30.53 - INFO - Cur epoch 29 loss CE:1.2446 mse:1.3457 consistent:100.9196
2026-03-04 21:35:01,950 - utils.logger2026-03-04-21.30.53 - INFO - Cur epoch 29 loss CE:1.2935 mse:1.3910 consistent:104.1692
2026-03-04 21:35:02,931 - utils.logger2026-03-04-21.30.53 - INFO - Cur epoch 29 loss CE:1.5292 mse:1.4049 consistent:96.0530
2026-03-04 21:35:03,277 - utils.logger2026-03-04-21.30.53 - INFO - saving the model at the end of epoch 29, iters 812
2026-03-04 21:35:03,492 - utils.logger2026-03-04-21.30.53 - INFO - End of training epoch 29 / 40 	 Time Taken: 4 sec
2026-03-04 21:35:03,492 - utils.logger2026-03-04-21.30.53 - INFO - learning rate = 0.0001048
2026-03-04 21:35:05,640 - utils.logger2026-03-04-21.30.53 - INFO - Val result of epoch 29 / 40 mae 1.1803 corr 0.4469 f1 0.6747
2026-03-04 21:35:07,764 - utils.logger2026-03-04-21.30.53 - INFO - Tst result of epoch 29 / 40 mae 1.0790 corr 0.3892 f1 0.6526
2026-03-04 21:35:09,652 - utils.logger2026-03-04-21.30.53 - INFO - Cur epoch 30 loss CE:1.4155 mse:1.4900 consistent:107.1712
2026-03-04 21:35:10,661 - utils.logger2026-03-04-21.30.53 - INFO - Cur epoch 30 loss CE:1.3201 mse:1.4325 consistent:105.6897
2026-03-04 21:35:11,666 - utils.logger2026-03-04-21.30.53 - INFO - Cur epoch 30 loss CE:1.3447 mse:1.3782 consistent:106.2075
2026-03-04 21:35:11,842 - utils.logger2026-03-04-21.30.53 - INFO - saving the model at the end of epoch 30, iters 840
2026-03-04 21:35:12,043 - utils.logger2026-03-04-21.30.53 - INFO - End of training epoch 30 / 40 	 Time Taken: 4 sec
2026-03-04 21:35:12,043 - utils.logger2026-03-04-21.30.53 - INFO - learning rate = 0.0000952
2026-03-04 21:35:14,156 - utils.logger2026-03-04-21.30.53 - INFO - Val result of epoch 30 / 40 mae 1.1824 corr 0.4604 f1 0.6341
2026-03-04 21:35:16,258 - utils.logger2026-03-04-21.30.53 - INFO - Tst result of epoch 30 / 40 mae 1.0781 corr 0.3955 f1 0.6309
2026-03-04 21:35:18,440 - utils.logger2026-03-04-21.30.53 - INFO - Cur epoch 31 loss CE:1.4911 mse:1.4624 consistent:103.9209
2026-03-04 21:35:19,444 - utils.logger2026-03-04-21.30.53 - INFO - Cur epoch 31 loss CE:1.5573 mse:1.5043 consistent:107.8289
2026-03-04 21:35:20,405 - utils.logger2026-03-04-21.30.53 - INFO - saving the model at the end of epoch 31, iters 868
2026-03-04 21:35:20,596 - utils.logger2026-03-04-21.30.53 - INFO - End of training epoch 31 / 40 	 Time Taken: 4 sec
2026-03-04 21:35:20,596 - utils.logger2026-03-04-21.30.53 - INFO - learning rate = 0.0000857
2026-03-04 21:35:22,704 - utils.logger2026-03-04-21.30.53 - INFO - Val result of epoch 31 / 40 mae 1.1841 corr 0.4484 f1 0.6644
2026-03-04 21:35:24,778 - utils.logger2026-03-04-21.30.53 - INFO - Tst result of epoch 31 / 40 mae 1.0805 corr 0.3858 f1 0.6427
2026-03-04 21:35:26,071 - utils.logger2026-03-04-21.30.53 - INFO - Cur epoch 32 loss CE:1.2230 mse:1.4693 consistent:104.7285
2026-03-04 21:35:26,995 - utils.logger2026-03-04-21.30.53 - INFO - Cur epoch 32 loss CE:1.0888 mse:1.3939 consistent:105.2454
2026-03-04 21:35:27,942 - utils.logger2026-03-04-21.30.53 - INFO - Cur epoch 32 loss CE:1.1017 mse:1.3333 consistent:102.2881
2026-03-04 21:35:28,649 - utils.logger2026-03-04-21.30.53 - INFO - saving the model at the end of epoch 32, iters 896
2026-03-04 21:35:28,844 - utils.logger2026-03-04-21.30.53 - INFO - End of training epoch 32 / 40 	 Time Taken: 4 sec
2026-03-04 21:35:28,845 - utils.logger2026-03-04-21.30.53 - INFO - learning rate = 0.0000762
2026-03-04 21:35:30,873 - utils.logger2026-03-04-21.30.53 - INFO - Val result of epoch 32 / 40 mae 1.1918 corr 0.4370 f1 0.6460
2026-03-04 21:35:32,933 - utils.logger2026-03-04-21.30.53 - INFO - Tst result of epoch 32 / 40 mae 1.0857 corr 0.3714 f1 0.6346
2026-03-04 21:35:34,458 - utils.logger2026-03-04-21.30.53 - INFO - Cur epoch 33 loss CE:1.1107 mse:1.3724 consistent:101.7782
2026-03-04 21:35:35,379 - utils.logger2026-03-04-21.30.53 - INFO - Cur epoch 33 loss CE:1.1178 mse:1.3879 consistent:96.6120
2026-03-04 21:35:36,341 - utils.logger2026-03-04-21.30.53 - INFO - Cur epoch 33 loss CE:1.1515 mse:1.4234 consistent:105.0909
2026-03-04 21:35:36,912 - utils.logger2026-03-04-21.30.53 - INFO - saving the model at the end of epoch 33, iters 924
2026-03-04 21:35:37,115 - utils.logger2026-03-04-21.30.53 - INFO - End of training epoch 33 / 40 	 Time Taken: 4 sec
2026-03-04 21:35:37,115 - utils.logger2026-03-04-21.30.53 - INFO - learning rate = 0.0000667
2026-03-04 21:35:39,203 - utils.logger2026-03-04-21.30.53 - INFO - Val result of epoch 33 / 40 mae 1.1904 corr 0.4498 f1 0.6476
2026-03-04 21:35:41,329 - utils.logger2026-03-04-21.30.53 - INFO - Tst result of epoch 33 / 40 mae 1.0843 corr 0.3841 f1 0.6273
2026-03-04 21:35:43,055 - utils.logger2026-03-04-21.30.53 - INFO - Cur epoch 34 loss CE:1.5875 mse:1.4851 consistent:99.3348
2026-03-04 21:35:44,087 - utils.logger2026-03-04-21.30.53 - INFO - Cur epoch 34 loss CE:1.0424 mse:1.3983 consistent:103.8067
2026-03-04 21:35:45,123 - utils.logger2026-03-04-21.30.53 - INFO - Cur epoch 34 loss CE:1.0138 mse:1.3466 consistent:101.8612
2026-03-04 21:35:45,522 - utils.logger2026-03-04-21.30.53 - INFO - saving the model at the end of epoch 34, iters 952
2026-03-04 21:35:45,760 - utils.logger2026-03-04-21.30.53 - INFO - End of training epoch 34 / 40 	 Time Taken: 4 sec
2026-03-04 21:35:45,760 - utils.logger2026-03-04-21.30.53 - INFO - learning rate = 0.0000571
2026-03-04 21:35:47,944 - utils.logger2026-03-04-21.30.53 - INFO - Val result of epoch 34 / 40 mae 1.1848 corr 0.4353 f1 0.6369
2026-03-04 21:35:50,101 - utils.logger2026-03-04-21.30.53 - INFO - Tst result of epoch 34 / 40 mae 1.0831 corr 0.3705 f1 0.6392
2026-03-04 21:35:52,056 - utils.logger2026-03-04-21.30.53 - INFO - Cur epoch 35 loss CE:1.0009 mse:1.3860 consistent:109.9359
2026-03-04 21:35:53,048 - utils.logger2026-03-04-21.30.53 - INFO - Cur epoch 35 loss CE:1.1402 mse:1.2974 consistent:101.4859
2026-03-04 21:35:54,029 - utils.logger2026-03-04-21.30.53 - INFO - Cur epoch 35 loss CE:0.8828 mse:1.1683 consistent:100.2890
2026-03-04 21:35:54,199 - utils.logger2026-03-04-21.30.53 - INFO - saving the model at the end of epoch 35, iters 980
2026-03-04 21:35:54,398 - utils.logger2026-03-04-21.30.53 - INFO - End of training epoch 35 / 40 	 Time Taken: 4 sec
2026-03-04 21:35:54,398 - utils.logger2026-03-04-21.30.53 - INFO - learning rate = 0.0000476
2026-03-04 21:35:56,505 - utils.logger2026-03-04-21.30.53 - INFO - Val result of epoch 35 / 40 mae 1.1921 corr 0.4470 f1 0.6392
2026-03-04 21:35:58,603 - utils.logger2026-03-04-21.30.53 - INFO - Tst result of epoch 35 / 40 mae 1.0846 corr 0.3803 f1 0.6253
2026-03-04 21:36:00,739 - utils.logger2026-03-04-21.30.53 - INFO - Cur epoch 36 loss CE:1.2619 mse:1.3221 consistent:94.2730
2026-03-04 21:36:01,697 - utils.logger2026-03-04-21.30.53 - INFO - Cur epoch 36 loss CE:1.3047 mse:1.3921 consistent:104.9690
2026-03-04 21:36:02,684 - utils.logger2026-03-04-21.30.53 - INFO - saving the model at the end of epoch 36, iters 1008
2026-03-04 21:36:02,885 - utils.logger2026-03-04-21.30.53 - INFO - End of training epoch 36 / 40 	 Time Taken: 4 sec
2026-03-04 21:36:02,886 - utils.logger2026-03-04-21.30.53 - INFO - learning rate = 0.0000381
2026-03-04 21:36:05,021 - utils.logger2026-03-04-21.30.53 - INFO - Val result of epoch 36 / 40 mae 1.2083 corr 0.4444 f1 0.6302
2026-03-04 21:36:07,101 - utils.logger2026-03-04-21.30.53 - INFO - Tst result of epoch 36 / 40 mae 1.0938 corr 0.3802 f1 0.6248
2026-03-04 21:36:08,470 - utils.logger2026-03-04-21.30.53 - INFO - Cur epoch 37 loss CE:1.0741 mse:1.3277 consistent:97.9697
2026-03-04 21:36:09,467 - utils.logger2026-03-04-21.30.53 - INFO - Cur epoch 37 loss CE:1.0317 mse:1.5205 consistent:106.0542
2026-03-04 21:36:10,429 - utils.logger2026-03-04-21.30.53 - INFO - Cur epoch 37 loss CE:1.2951 mse:1.3587 consistent:104.1567
2026-03-04 21:36:11,172 - utils.logger2026-03-04-21.30.53 - INFO - saving the model at the end of epoch 37, iters 1036
2026-03-04 21:36:11,382 - utils.logger2026-03-04-21.30.53 - INFO - End of training epoch 37 / 40 	 Time Taken: 4 sec
2026-03-04 21:36:11,383 - utils.logger2026-03-04-21.30.53 - INFO - learning rate = 0.0000286
2026-03-04 21:36:13,503 - utils.logger2026-03-04-21.30.53 - INFO - Val result of epoch 37 / 40 mae 1.1893 corr 0.4471 f1 0.6385
2026-03-04 21:36:15,587 - utils.logger2026-03-04-21.30.53 - INFO - Tst result of epoch 37 / 40 mae 1.0811 corr 0.3827 f1 0.6229
2026-03-04 21:36:17,157 - utils.logger2026-03-04-21.30.53 - INFO - Cur epoch 38 loss CE:1.1692 mse:1.3952 consistent:98.9981
2026-03-04 21:36:18,200 - utils.logger2026-03-04-21.30.53 - INFO - Cur epoch 38 loss CE:1.1135 mse:1.4900 consistent:100.9673
2026-03-04 21:36:19,081 - utils.logger2026-03-04-21.30.53 - INFO - Cur epoch 38 loss CE:1.0402 mse:1.3470 consistent:102.1115
2026-03-04 21:36:19,622 - utils.logger2026-03-04-21.30.53 - INFO - saving the model at the end of epoch 38, iters 1064
2026-03-04 21:36:19,823 - utils.logger2026-03-04-21.30.53 - INFO - End of training epoch 38 / 40 	 Time Taken: 4 sec
2026-03-04 21:36:19,823 - utils.logger2026-03-04-21.30.53 - INFO - learning rate = 0.0000190
2026-03-04 21:36:21,939 - utils.logger2026-03-04-21.30.53 - INFO - Val result of epoch 38 / 40 mae 1.1912 corr 0.4516 f1 0.6330
2026-03-04 21:36:24,064 - utils.logger2026-03-04-21.30.53 - INFO - Tst result of epoch 38 / 40 mae 1.0829 corr 0.3815 f1 0.6293
2026-03-04 21:36:25,745 - utils.logger2026-03-04-21.30.53 - INFO - Cur epoch 39 loss CE:1.0033 mse:1.3317 consistent:110.1625
2026-03-04 21:36:26,781 - utils.logger2026-03-04-21.30.53 - INFO - Cur epoch 39 loss CE:1.3355 mse:1.4945 consistent:106.6674
2026-03-04 21:36:27,849 - utils.logger2026-03-04-21.30.53 - INFO - Cur epoch 39 loss CE:1.0091 mse:1.4527 consistent:101.2814
2026-03-04 21:36:28,233 - utils.logger2026-03-04-21.30.53 - INFO - saving the model at the end of epoch 39, iters 1092
2026-03-04 21:36:28,459 - utils.logger2026-03-04-21.30.53 - INFO - End of training epoch 39 / 40 	 Time Taken: 4 sec
2026-03-04 21:36:28,459 - utils.logger2026-03-04-21.30.53 - INFO - learning rate = 0.0000095
2026-03-04 21:36:30,553 - utils.logger2026-03-04-21.30.53 - INFO - Val result of epoch 39 / 40 mae 1.1886 corr 0.4474 f1 0.6424
2026-03-04 21:36:32,591 - utils.logger2026-03-04-21.30.53 - INFO - Tst result of epoch 39 / 40 mae 1.0839 corr 0.3757 f1 0.6256
2026-03-04 21:36:34,570 - utils.logger2026-03-04-21.30.53 - INFO - Cur epoch 40 loss CE:0.9778 mse:1.4133 consistent:107.5325
2026-03-04 21:36:35,545 - utils.logger2026-03-04-21.30.53 - INFO - Cur epoch 40 loss CE:1.0560 mse:1.4042 consistent:104.7204
2026-03-04 21:36:36,528 - utils.logger2026-03-04-21.30.53 - INFO - Cur epoch 40 loss CE:0.9601 mse:1.2789 consistent:106.5905
2026-03-04 21:36:36,709 - utils.logger2026-03-04-21.30.53 - INFO - saving the model at the end of epoch 40, iters 1120
2026-03-04 21:36:36,894 - utils.logger2026-03-04-21.30.53 - INFO - End of training epoch 40 / 40 	 Time Taken: 4 sec
2026-03-04 21:36:36,894 - utils.logger2026-03-04-21.30.53 - INFO - learning rate = 0.0000000
2026-03-04 21:36:39,056 - utils.logger2026-03-04-21.30.53 - INFO - Val result of epoch 40 / 40 mae 1.1891 corr 0.4502 f1 0.6307
2026-03-04 21:36:41,108 - utils.logger2026-03-04-21.30.53 - INFO - Tst result of epoch 40 / 40 mae 1.0826 corr 0.3804 f1 0.6222
2026-03-04 21:36:41,108 - utils.logger2026-03-04-21.30.53 - INFO - Best eval epoch 14 found with MAE 1.057519
2026-03-04 21:36:41,108 - utils.logger2026-03-04-21.30.53 - INFO - Loading best model found on val set: epoch-14
2026-03-04 21:36:45,256 - utils.logger2026-03-04-21.30.53 - INFO - Tst result mae 1.0575 corr 0.4163 f1 0.6220
