2026-03-09 14:18:35,253 - utils.logger2026-03-09-14.18.35 - INFO - The number of training samples = 1750
2026-03-09 14:18:35,254 - utils.logger2026-03-09-14.18.35 - INFO - The number of testing samples = 224
2026-03-09 14:18:37,899 - utils.logger2026-03-09-14.18.35 - INFO - Cur epoch 1 loss TA:1.0354 TV:1.0335 VA:2.0731 CE:2.2852
2026-03-09 14:18:38,699 - utils.logger2026-03-09-14.18.35 - INFO - Cur epoch 1 loss TA:1.0324 TV:1.0336 VA:2.0693 CE:2.3059
2026-03-09 14:18:39,364 - utils.logger2026-03-09-14.18.35 - INFO - saving the model at the end of epoch 1, iters 28
2026-03-09 14:18:39,661 - utils.logger2026-03-09-14.18.35 - INFO - End of training epoch 1 / 40 	 Time Taken: 4 sec
2026-03-09 14:18:39,662 - utils.logger2026-03-09-14.18.35 - INFO - learning rate = 0.0002000
2026-03-09 14:18:40,305 - utils.logger2026-03-09-14.18.35 - INFO - Val result of epoch 1 / 40 mae 1.3574 corr 0.2069 f1 0.5816
2026-03-09 14:18:41,006 - utils.logger2026-03-09-14.18.35 - INFO - Tst result of epoch 1 / 40 mae 1.3460 corr 0.4405 f1 0.5909
2026-03-09 14:18:41,728 - utils.logger2026-03-09-14.18.35 - INFO - Cur epoch 2 loss TA:1.0250 TV:1.0261 VA:2.0568 CE:2.6836
2026-03-09 14:18:42,494 - utils.logger2026-03-09-14.18.35 - INFO - Cur epoch 2 loss TA:1.0181 TV:1.0167 VA:2.0510 CE:2.5358
2026-03-09 14:18:43,243 - utils.logger2026-03-09-14.18.35 - INFO - Cur epoch 2 loss TA:1.0109 TV:1.0009 VA:2.0310 CE:2.9990
2026-03-09 14:18:43,865 - utils.logger2026-03-09-14.18.35 - INFO - saving the model at the end of epoch 2, iters 56
2026-03-09 14:18:44,175 - utils.logger2026-03-09-14.18.35 - INFO - End of training epoch 2 / 40 	 Time Taken: 3 sec
2026-03-09 14:18:44,176 - utils.logger2026-03-09-14.18.35 - INFO - learning rate = 0.0002000
2026-03-09 14:18:44,829 - utils.logger2026-03-09-14.18.35 - INFO - Val result of epoch 2 / 40 mae 1.3331 corr 0.3709 f1 0.6134
2026-03-09 14:18:45,543 - utils.logger2026-03-09-14.18.35 - INFO - Tst result of epoch 2 / 40 mae 1.3127 corr 0.5093 f1 0.6248
2026-03-09 14:18:46,428 - utils.logger2026-03-09-14.18.35 - INFO - Cur epoch 3 loss TA:0.9812 TV:0.9907 VA:1.9985 CE:1.9084
2026-03-09 14:18:47,096 - utils.logger2026-03-09-14.18.35 - INFO - Cur epoch 3 loss TA:0.9742 TV:0.9755 VA:1.9668 CE:1.8054
2026-03-09 14:18:47,807 - utils.logger2026-03-09-14.18.35 - INFO - Cur epoch 3 loss TA:0.9580 TV:0.9417 VA:1.9258 CE:2.3332
2026-03-09 14:18:48,208 - utils.logger2026-03-09-14.18.35 - INFO - saving the model at the end of epoch 3, iters 84
2026-03-09 14:18:48,674 - utils.logger2026-03-09-14.18.35 - INFO - End of training epoch 3 / 40 	 Time Taken: 3 sec
2026-03-09 14:18:48,675 - utils.logger2026-03-09-14.18.35 - INFO - learning rate = 0.0002000
2026-03-09 14:18:49,315 - utils.logger2026-03-09-14.18.35 - INFO - Val result of epoch 3 / 40 mae 1.2490 corr 0.4089 f1 0.6249
2026-03-09 14:18:49,952 - utils.logger2026-03-09-14.18.35 - INFO - Tst result of epoch 3 / 40 mae 1.1801 corr 0.5781 f1 0.7297
2026-03-09 14:18:50,963 - utils.logger2026-03-09-14.18.35 - INFO - Cur epoch 4 loss TA:0.9439 TV:0.9369 VA:1.8552 CE:2.2730
2026-03-09 14:18:51,737 - utils.logger2026-03-09-14.18.35 - INFO - Cur epoch 4 loss TA:0.9355 TV:0.9199 VA:1.8432 CE:2.3037
2026-03-09 14:18:52,354 - utils.logger2026-03-09-14.18.35 - INFO - Cur epoch 4 loss TA:0.9444 TV:0.9198 VA:1.8474 CE:1.7852
2026-03-09 14:18:52,550 - utils.logger2026-03-09-14.18.35 - INFO - saving the model at the end of epoch 4, iters 112
2026-03-09 14:18:52,965 - utils.logger2026-03-09-14.18.35 - INFO - End of training epoch 4 / 40 	 Time Taken: 3 sec
2026-03-09 14:18:52,965 - utils.logger2026-03-09-14.18.35 - INFO - learning rate = 0.0002000
2026-03-09 14:18:53,565 - utils.logger2026-03-09-14.18.35 - INFO - Val result of epoch 4 / 40 mae 1.1603 corr 0.4755 f1 0.6689
2026-03-09 14:18:54,256 - utils.logger2026-03-09-14.18.35 - INFO - Tst result of epoch 4 / 40 mae 1.0621 corr 0.6251 f1 0.7336
2026-03-09 14:18:55,411 - utils.logger2026-03-09-14.18.35 - INFO - Cur epoch 5 loss TA:0.9006 TV:0.8889 VA:1.7730 CE:1.6970
2026-03-09 14:18:56,183 - utils.logger2026-03-09-14.18.35 - INFO - Cur epoch 5 loss TA:0.9191 TV:0.9187 VA:1.8151 CE:1.7468
2026-03-09 14:18:56,967 - utils.logger2026-03-09-14.18.35 - INFO - Cur epoch 5 loss TA:0.6140 TV:0.6359 VA:1.2574 CE:1.7778
2026-03-09 14:18:57,059 - utils.logger2026-03-09-14.18.35 - INFO - saving the model at the end of epoch 5, iters 140
2026-03-09 14:18:57,312 - utils.logger2026-03-09-14.18.35 - INFO - End of training epoch 5 / 40 	 Time Taken: 3 sec
2026-03-09 14:18:57,312 - utils.logger2026-03-09-14.18.35 - INFO - learning rate = 0.0002000
2026-03-09 14:18:57,979 - utils.logger2026-03-09-14.18.35 - INFO - Val result of epoch 5 / 40 mae 1.1517 corr 0.5144 f1 0.6596
2026-03-09 14:18:58,618 - utils.logger2026-03-09-14.18.35 - INFO - Tst result of epoch 5 / 40 mae 1.0492 corr 0.6537 f1 0.7256
2026-03-09 14:18:59,911 - utils.logger2026-03-09-14.18.35 - INFO - Cur epoch 6 loss TA:0.8805 TV:0.8871 VA:1.7502 CE:1.1867
2026-03-09 14:19:00,596 - utils.logger2026-03-09-14.18.35 - INFO - Cur epoch 6 loss TA:0.8962 TV:0.8952 VA:1.7217 CE:1.1768
2026-03-09 14:19:01,313 - utils.logger2026-03-09-14.18.35 - INFO - saving the model at the end of epoch 6, iters 168
2026-03-09 14:19:01,668 - utils.logger2026-03-09-14.18.35 - INFO - End of training epoch 6 / 40 	 Time Taken: 3 sec
2026-03-09 14:19:01,669 - utils.logger2026-03-09-14.18.35 - INFO - learning rate = 0.0002000
2026-03-09 14:19:02,394 - utils.logger2026-03-09-14.18.35 - INFO - Val result of epoch 6 / 40 mae 1.0969 corr 0.5500 f1 0.7072
2026-03-09 14:19:03,044 - utils.logger2026-03-09-14.18.35 - INFO - Tst result of epoch 6 / 40 mae 0.9924 corr 0.6767 f1 0.7577
2026-03-09 14:19:03,901 - utils.logger2026-03-09-14.18.35 - INFO - Cur epoch 7 loss TA:0.8592 TV:0.8703 VA:1.6785 CE:1.3431
2026-03-09 14:19:04,624 - utils.logger2026-03-09-14.18.35 - INFO - Cur epoch 7 loss TA:0.8426 TV:0.8543 VA:1.6723 CE:1.2145
2026-03-09 14:19:05,475 - utils.logger2026-03-09-14.18.35 - INFO - Cur epoch 7 loss TA:0.8777 TV:0.8848 VA:1.7320 CE:1.4656
2026-03-09 14:19:05,974 - utils.logger2026-03-09-14.18.35 - INFO - saving the model at the end of epoch 7, iters 196
2026-03-09 14:19:06,407 - utils.logger2026-03-09-14.18.35 - INFO - End of training epoch 7 / 40 	 Time Taken: 3 sec
2026-03-09 14:19:06,407 - utils.logger2026-03-09-14.18.35 - INFO - learning rate = 0.0002000
2026-03-09 14:19:07,077 - utils.logger2026-03-09-14.18.35 - INFO - Val result of epoch 7 / 40 mae 1.0420 corr 0.5753 f1 0.7422
2026-03-09 14:19:07,763 - utils.logger2026-03-09-14.18.35 - INFO - Tst result of epoch 7 / 40 mae 0.9443 corr 0.6860 f1 0.7663
2026-03-09 14:19:08,690 - utils.logger2026-03-09-14.18.35 - INFO - Cur epoch 8 loss TA:0.8383 TV:0.8519 VA:1.5861 CE:0.8351
2026-03-09 14:19:09,348 - utils.logger2026-03-09-14.18.35 - INFO - Cur epoch 8 loss TA:0.8547 TV:0.8637 VA:1.6392 CE:1.1479
2026-03-09 14:19:09,982 - utils.logger2026-03-09-14.18.35 - INFO - Cur epoch 8 loss TA:0.8578 TV:0.8527 VA:1.6207 CE:1.6339
2026-03-09 14:19:10,404 - utils.logger2026-03-09-14.18.35 - INFO - saving the model at the end of epoch 8, iters 224
2026-03-09 14:19:10,689 - utils.logger2026-03-09-14.18.35 - INFO - End of training epoch 8 / 40 	 Time Taken: 2 sec
2026-03-09 14:19:10,690 - utils.logger2026-03-09-14.18.35 - INFO - learning rate = 0.0002000
2026-03-09 14:19:11,334 - utils.logger2026-03-09-14.18.35 - INFO - Val result of epoch 8 / 40 mae 1.0373 corr 0.5642 f1 0.7702
2026-03-09 14:19:12,011 - utils.logger2026-03-09-14.18.35 - INFO - Tst result of epoch 8 / 40 mae 0.9391 corr 0.6760 f1 0.7711
2026-03-09 14:19:13,094 - utils.logger2026-03-09-14.18.35 - INFO - Cur epoch 9 loss TA:0.7922 TV:0.7850 VA:1.5532 CE:1.2253
2026-03-09 14:19:13,747 - utils.logger2026-03-09-14.18.35 - INFO - Cur epoch 9 loss TA:0.8020 TV:0.8368 VA:1.5760 CE:1.0987
2026-03-09 14:19:14,521 - utils.logger2026-03-09-14.18.35 - INFO - Cur epoch 9 loss TA:0.8428 TV:0.8510 VA:1.5675 CE:0.9888
2026-03-09 14:19:14,696 - utils.logger2026-03-09-14.18.35 - INFO - saving the model at the end of epoch 9, iters 252
2026-03-09 14:19:15,143 - utils.logger2026-03-09-14.18.35 - INFO - End of training epoch 9 / 40 	 Time Taken: 3 sec
2026-03-09 14:19:15,143 - utils.logger2026-03-09-14.18.35 - INFO - learning rate = 0.0002000
2026-03-09 14:19:15,790 - utils.logger2026-03-09-14.18.35 - INFO - Val result of epoch 9 / 40 mae 1.0190 corr 0.5739 f1 0.7513
2026-03-09 14:19:16,456 - utils.logger2026-03-09-14.18.35 - INFO - Tst result of epoch 9 / 40 mae 0.9120 corr 0.6918 f1 0.7943
2026-03-09 14:19:17,798 - utils.logger2026-03-09-14.18.35 - INFO - Cur epoch 10 loss TA:0.8002 TV:0.8034 VA:1.4103 CE:0.7920
2026-03-09 14:19:18,565 - utils.logger2026-03-09-14.18.35 - INFO - Cur epoch 10 loss TA:0.8125 TV:0.8143 VA:1.5191 CE:0.7325
2026-03-09 14:19:19,271 - utils.logger2026-03-09-14.18.35 - INFO - Cur epoch 10 loss TA:0.5398 TV:0.5467 VA:0.9481 CE:0.9766
2026-03-09 14:19:19,342 - utils.logger2026-03-09-14.18.35 - INFO - saving the model at the end of epoch 10, iters 280
2026-03-09 14:19:19,728 - utils.logger2026-03-09-14.18.35 - INFO - End of training epoch 10 / 40 	 Time Taken: 3 sec
2026-03-09 14:19:19,728 - utils.logger2026-03-09-14.18.35 - INFO - learning rate = 0.0002000
2026-03-09 14:19:20,372 - utils.logger2026-03-09-14.18.35 - INFO - Val result of epoch 10 / 40 mae 1.0374 corr 0.5760 f1 0.7190
2026-03-09 14:19:21,085 - utils.logger2026-03-09-14.18.35 - INFO - Tst result of epoch 10 / 40 mae 0.9362 corr 0.6899 f1 0.7714
2026-03-09 14:19:22,511 - utils.logger2026-03-09-14.18.35 - INFO - Cur epoch 11 loss TA:0.7614 TV:0.7580 VA:1.4210 CE:0.7629
2026-03-09 14:19:23,113 - utils.logger2026-03-09-14.18.35 - INFO - Cur epoch 11 loss TA:0.7495 TV:0.7727 VA:1.4418 CE:0.7265
2026-03-09 14:19:23,942 - utils.logger2026-03-09-14.18.35 - INFO - saving the model at the end of epoch 11, iters 308
2026-03-09 14:19:24,152 - utils.logger2026-03-09-14.18.35 - INFO - End of training epoch 11 / 40 	 Time Taken: 3 sec
2026-03-09 14:19:24,153 - utils.logger2026-03-09-14.18.35 - INFO - learning rate = 0.0002000
2026-03-09 14:19:24,840 - utils.logger2026-03-09-14.18.35 - INFO - Val result of epoch 11 / 40 mae 1.0352 corr 0.5838 f1 0.7196
2026-03-09 14:19:25,562 - utils.logger2026-03-09-14.18.35 - INFO - Tst result of epoch 11 / 40 mae 0.9442 corr 0.6985 f1 0.7759
2026-03-09 14:19:26,277 - utils.logger2026-03-09-14.18.35 - INFO - Cur epoch 12 loss TA:0.7592 TV:0.7686 VA:1.3869 CE:0.8623
2026-03-09 14:19:26,910 - utils.logger2026-03-09-14.18.35 - INFO - Cur epoch 12 loss TA:0.7577 TV:0.7591 VA:1.3812 CE:0.7439
2026-03-09 14:19:27,581 - utils.logger2026-03-09-14.18.35 - INFO - Cur epoch 12 loss TA:0.7432 TV:0.7712 VA:1.4141 CE:0.7655
2026-03-09 14:19:28,060 - utils.logger2026-03-09-14.18.35 - INFO - saving the model at the end of epoch 12, iters 336
2026-03-09 14:19:28,243 - utils.logger2026-03-09-14.18.35 - INFO - End of training epoch 12 / 40 	 Time Taken: 2 sec
2026-03-09 14:19:28,243 - utils.logger2026-03-09-14.18.35 - INFO - learning rate = 0.0002000
2026-03-09 14:19:28,908 - utils.logger2026-03-09-14.18.35 - INFO - Val result of epoch 12 / 40 mae 1.0158 corr 0.5847 f1 0.7326
2026-03-09 14:19:29,592 - utils.logger2026-03-09-14.18.35 - INFO - Tst result of epoch 12 / 40 mae 0.9236 corr 0.6804 f1 0.7897
2026-03-09 14:19:30,414 - utils.logger2026-03-09-14.18.35 - INFO - Cur epoch 13 loss TA:0.7422 TV:0.7603 VA:1.3612 CE:0.8469
2026-03-09 14:19:31,231 - utils.logger2026-03-09-14.18.35 - INFO - Cur epoch 13 loss TA:0.7241 TV:0.7241 VA:1.2881 CE:0.6037
2026-03-09 14:19:31,949 - utils.logger2026-03-09-14.18.35 - INFO - Cur epoch 13 loss TA:0.7462 TV:0.7720 VA:1.3178 CE:0.4945
2026-03-09 14:19:32,212 - utils.logger2026-03-09-14.18.35 - INFO - saving the model at the end of epoch 13, iters 364
2026-03-09 14:19:32,472 - utils.logger2026-03-09-14.18.35 - INFO - End of training epoch 13 / 40 	 Time Taken: 2 sec
2026-03-09 14:19:32,472 - utils.logger2026-03-09-14.18.35 - INFO - learning rate = 0.0002000
2026-03-09 14:19:33,101 - utils.logger2026-03-09-14.18.35 - INFO - Val result of epoch 13 / 40 mae 1.0689 corr 0.5774 f1 0.6979
2026-03-09 14:19:33,816 - utils.logger2026-03-09-14.18.35 - INFO - Tst result of epoch 13 / 40 mae 0.9731 corr 0.6823 f1 0.7535
2026-03-09 14:19:34,731 - utils.logger2026-03-09-14.18.35 - INFO - Cur epoch 14 loss TA:0.7067 TV:0.7383 VA:1.3285 CE:0.5155
2026-03-09 14:19:35,374 - utils.logger2026-03-09-14.18.35 - INFO - Cur epoch 14 loss TA:0.7161 TV:0.7220 VA:1.3589 CE:0.7117
2026-03-09 14:19:36,031 - utils.logger2026-03-09-14.18.35 - INFO - Cur epoch 14 loss TA:0.7232 TV:0.7534 VA:1.3323 CE:0.7215
2026-03-09 14:19:36,262 - utils.logger2026-03-09-14.18.35 - INFO - saving the model at the end of epoch 14, iters 392
2026-03-09 14:19:36,657 - utils.logger2026-03-09-14.18.35 - INFO - End of training epoch 14 / 40 	 Time Taken: 2 sec
2026-03-09 14:19:36,658 - utils.logger2026-03-09-14.18.35 - INFO - learning rate = 0.0002000
2026-03-09 14:19:37,117 - utils.logger2026-03-09-14.18.35 - INFO - Val result of epoch 14 / 40 mae 0.9918 corr 0.5929 f1 0.7567
2026-03-09 14:19:37,610 - utils.logger2026-03-09-14.18.35 - INFO - Tst result of epoch 14 / 40 mae 0.8900 corr 0.6719 f1 0.7537
2026-03-09 14:19:38,623 - utils.logger2026-03-09-14.18.35 - INFO - Cur epoch 15 loss TA:0.7117 TV:0.7139 VA:1.3272 CE:0.4054
2026-03-09 14:19:39,204 - utils.logger2026-03-09-14.18.35 - INFO - Cur epoch 15 loss TA:0.6987 TV:0.6988 VA:1.2463 CE:0.6148
2026-03-09 14:19:39,775 - utils.logger2026-03-09-14.18.35 - INFO - Cur epoch 15 loss TA:0.4287 TV:0.4413 VA:0.7108 CE:0.3218
2026-03-09 14:19:39,873 - utils.logger2026-03-09-14.18.35 - INFO - saving the model at the end of epoch 15, iters 420
2026-03-09 14:19:40,151 - utils.logger2026-03-09-14.18.35 - INFO - End of training epoch 15 / 40 	 Time Taken: 2 sec
2026-03-09 14:19:40,151 - utils.logger2026-03-09-14.18.35 - INFO - learning rate = 0.0002000
2026-03-09 14:19:40,904 - utils.logger2026-03-09-14.18.35 - INFO - Val result of epoch 15 / 40 mae 1.0211 corr 0.5811 f1 0.7184
2026-03-09 14:19:41,608 - utils.logger2026-03-09-14.18.35 - INFO - Tst result of epoch 15 / 40 mae 0.9091 corr 0.6781 f1 0.7803
2026-03-09 14:19:43,046 - utils.logger2026-03-09-14.18.35 - INFO - Cur epoch 16 loss TA:0.7093 TV:0.6943 VA:1.2767 CE:0.4471
2026-03-09 14:19:43,785 - utils.logger2026-03-09-14.18.35 - INFO - Cur epoch 16 loss TA:0.7060 TV:0.7211 VA:1.2768 CE:0.6176
2026-03-09 14:19:44,484 - utils.logger2026-03-09-14.18.35 - INFO - saving the model at the end of epoch 16, iters 448
2026-03-09 14:19:44,759 - utils.logger2026-03-09-14.18.35 - INFO - End of training epoch 16 / 40 	 Time Taken: 3 sec
2026-03-09 14:19:44,760 - utils.logger2026-03-09-14.18.35 - INFO - learning rate = 0.0002000
2026-03-09 14:19:45,550 - utils.logger2026-03-09-14.18.35 - INFO - Val result of epoch 16 / 40 mae 1.0180 corr 0.5778 f1 0.7184
2026-03-09 14:19:46,204 - utils.logger2026-03-09-14.18.35 - INFO - Tst result of epoch 16 / 40 mae 0.8972 corr 0.6763 f1 0.7849
2026-03-09 14:19:46,856 - utils.logger2026-03-09-14.18.35 - INFO - Cur epoch 17 loss TA:0.6562 TV:0.6779 VA:1.1965 CE:0.2871
2026-03-09 14:19:47,602 - utils.logger2026-03-09-14.18.35 - INFO - Cur epoch 17 loss TA:0.6632 TV:0.6863 VA:1.2227 CE:0.3468
2026-03-09 14:19:48,384 - utils.logger2026-03-09-14.18.35 - INFO - Cur epoch 17 loss TA:0.6681 TV:0.6641 VA:1.2485 CE:0.4995
2026-03-09 14:19:48,861 - utils.logger2026-03-09-14.18.35 - INFO - saving the model at the end of epoch 17, iters 476
2026-03-09 14:19:49,260 - utils.logger2026-03-09-14.18.35 - INFO - End of training epoch 17 / 40 	 Time Taken: 3 sec
2026-03-09 14:19:49,261 - utils.logger2026-03-09-14.18.35 - INFO - learning rate = 0.0002000
2026-03-09 14:19:49,896 - utils.logger2026-03-09-14.18.35 - INFO - Val result of epoch 17 / 40 mae 1.0902 corr 0.5688 f1 0.6880
2026-03-09 14:19:50,591 - utils.logger2026-03-09-14.18.35 - INFO - Tst result of epoch 17 / 40 mae 0.9754 corr 0.6901 f1 0.7583
2026-03-09 14:19:51,432 - utils.logger2026-03-09-14.18.35 - INFO - Cur epoch 18 loss TA:0.6359 TV:0.6600 VA:1.2185 CE:0.3459
2026-03-09 14:19:52,071 - utils.logger2026-03-09-14.18.35 - INFO - Cur epoch 18 loss TA:0.6732 TV:0.6679 VA:1.2419 CE:0.3242
2026-03-09 14:19:52,794 - utils.logger2026-03-09-14.18.35 - INFO - Cur epoch 18 loss TA:0.6566 TV:0.6754 VA:1.2250 CE:0.2954
2026-03-09 14:19:53,149 - utils.logger2026-03-09-14.18.35 - INFO - saving the model at the end of epoch 18, iters 504
2026-03-09 14:19:53,601 - utils.logger2026-03-09-14.18.35 - INFO - End of training epoch 18 / 40 	 Time Taken: 3 sec
2026-03-09 14:19:53,601 - utils.logger2026-03-09-14.18.35 - INFO - learning rate = 0.0002000
2026-03-09 14:19:54,201 - utils.logger2026-03-09-14.18.35 - INFO - Val result of epoch 18 / 40 mae 1.0248 corr 0.5923 f1 0.7467
2026-03-09 14:19:54,859 - utils.logger2026-03-09-14.18.35 - INFO - Tst result of epoch 18 / 40 mae 0.9246 corr 0.6872 f1 0.7714
2026-03-09 14:19:55,880 - utils.logger2026-03-09-14.18.35 - INFO - Cur epoch 19 loss TA:0.6470 TV:0.6553 VA:1.1571 CE:0.4655
2026-03-09 14:19:56,578 - utils.logger2026-03-09-14.18.35 - INFO - Cur epoch 19 loss TA:0.6282 TV:0.6496 VA:1.2188 CE:0.4522
2026-03-09 14:19:57,310 - utils.logger2026-03-09-14.18.35 - INFO - Cur epoch 19 loss TA:0.6976 TV:0.7034 VA:1.2584 CE:0.3294
2026-03-09 14:19:57,584 - utils.logger2026-03-09-14.18.35 - INFO - saving the model at the end of epoch 19, iters 532
2026-03-09 14:19:57,859 - utils.logger2026-03-09-14.18.35 - INFO - End of training epoch 19 / 40 	 Time Taken: 2 sec
2026-03-09 14:19:57,859 - utils.logger2026-03-09-14.18.35 - INFO - learning rate = 0.0002000
2026-03-09 14:19:58,460 - utils.logger2026-03-09-14.18.35 - INFO - Val result of epoch 19 / 40 mae 1.0052 corr 0.5809 f1 0.7419
2026-03-09 14:19:59,111 - utils.logger2026-03-09-14.18.35 - INFO - Tst result of epoch 19 / 40 mae 0.8954 corr 0.6833 f1 0.7803
2026-03-09 14:20:00,210 - utils.logger2026-03-09-14.18.35 - INFO - Cur epoch 20 loss TA:0.6319 TV:0.6524 VA:1.1528 CE:0.5695
2026-03-09 14:20:01,035 - utils.logger2026-03-09-14.18.35 - INFO - Cur epoch 20 loss TA:0.6437 TV:0.6477 VA:1.1828 CE:0.4667
2026-03-09 14:20:01,700 - utils.logger2026-03-09-14.18.35 - INFO - Cur epoch 20 loss TA:0.3244 TV:0.3496 VA:0.5531 CE:0.4544
2026-03-09 14:20:01,779 - utils.logger2026-03-09-14.18.35 - INFO - saving the model at the end of epoch 20, iters 560
2026-03-09 14:20:01,990 - utils.logger2026-03-09-14.18.35 - INFO - End of training epoch 20 / 40 	 Time Taken: 2 sec
2026-03-09 14:20:01,991 - utils.logger2026-03-09-14.18.35 - INFO - learning rate = 0.0001905
2026-03-09 14:20:02,636 - utils.logger2026-03-09-14.18.35 - INFO - Val result of epoch 20 / 40 mae 1.0004 corr 0.5877 f1 0.7420
2026-03-09 14:20:03,397 - utils.logger2026-03-09-14.18.35 - INFO - Tst result of epoch 20 / 40 mae 0.8823 corr 0.6885 f1 0.7756
2026-03-09 14:20:04,972 - utils.logger2026-03-09-14.18.35 - INFO - Cur epoch 21 loss TA:0.6117 TV:0.6307 VA:1.2288 CE:0.3231
2026-03-09 14:20:05,674 - utils.logger2026-03-09-14.18.35 - INFO - Cur epoch 21 loss TA:0.6093 TV:0.6177 VA:1.1197 CE:0.3789
2026-03-09 14:20:06,370 - utils.logger2026-03-09-14.18.35 - INFO - saving the model at the end of epoch 21, iters 588
2026-03-09 14:20:06,644 - utils.logger2026-03-09-14.18.35 - INFO - End of training epoch 21 / 40 	 Time Taken: 3 sec
2026-03-09 14:20:06,644 - utils.logger2026-03-09-14.18.35 - INFO - learning rate = 0.0001810
2026-03-09 14:20:07,414 - utils.logger2026-03-09-14.18.35 - INFO - Val result of epoch 21 / 40 mae 1.0315 corr 0.5814 f1 0.7236
2026-03-09 14:20:08,139 - utils.logger2026-03-09-14.18.35 - INFO - Tst result of epoch 21 / 40 mae 0.9147 corr 0.6929 f1 0.7432
2026-03-09 14:20:08,932 - utils.logger2026-03-09-14.18.35 - INFO - Cur epoch 22 loss TA:0.6380 TV:0.6389 VA:1.1132 CE:0.2454
2026-03-09 14:20:09,814 - utils.logger2026-03-09-14.18.35 - INFO - Cur epoch 22 loss TA:0.6261 TV:0.6302 VA:1.2165 CE:0.4280
2026-03-09 14:20:10,558 - utils.logger2026-03-09-14.18.35 - INFO - Cur epoch 22 loss TA:0.6053 TV:0.6239 VA:1.1399 CE:0.2928
2026-03-09 14:20:11,055 - utils.logger2026-03-09-14.18.35 - INFO - saving the model at the end of epoch 22, iters 616
2026-03-09 14:20:11,466 - utils.logger2026-03-09-14.18.35 - INFO - End of training epoch 22 / 40 	 Time Taken: 3 sec
2026-03-09 14:20:11,466 - utils.logger2026-03-09-14.18.35 - INFO - learning rate = 0.0001714
2026-03-09 14:20:12,105 - utils.logger2026-03-09-14.18.35 - INFO - Val result of epoch 22 / 40 mae 1.0964 corr 0.5659 f1 0.6849
2026-03-09 14:20:12,790 - utils.logger2026-03-09-14.18.35 - INFO - Tst result of epoch 22 / 40 mae 0.9859 corr 0.6970 f1 0.7631
2026-03-09 14:20:13,789 - utils.logger2026-03-09-14.18.35 - INFO - Cur epoch 23 loss TA:0.6015 TV:0.6205 VA:1.0993 CE:0.2875
2026-03-09 14:20:14,593 - utils.logger2026-03-09-14.18.35 - INFO - Cur epoch 23 loss TA:0.6512 TV:0.6804 VA:1.1807 CE:0.2952
2026-03-09 14:20:15,285 - utils.logger2026-03-09-14.18.35 - INFO - Cur epoch 23 loss TA:0.5891 TV:0.6063 VA:1.1134 CE:0.2692
2026-03-09 14:20:15,634 - utils.logger2026-03-09-14.18.35 - INFO - saving the model at the end of epoch 23, iters 644
2026-03-09 14:20:16,045 - utils.logger2026-03-09-14.18.35 - INFO - End of training epoch 23 / 40 	 Time Taken: 3 sec
2026-03-09 14:20:16,045 - utils.logger2026-03-09-14.18.35 - INFO - learning rate = 0.0001619
2026-03-09 14:20:16,661 - utils.logger2026-03-09-14.18.35 - INFO - Val result of epoch 23 / 40 mae 1.0289 corr 0.5906 f1 0.7282
2026-03-09 14:20:17,352 - utils.logger2026-03-09-14.18.35 - INFO - Tst result of epoch 23 / 40 mae 0.9396 corr 0.6961 f1 0.7673
2026-03-09 14:20:18,362 - utils.logger2026-03-09-14.18.35 - INFO - Cur epoch 24 loss TA:0.5883 TV:0.6011 VA:1.0858 CE:0.2973
2026-03-09 14:20:19,178 - utils.logger2026-03-09-14.18.35 - INFO - Cur epoch 24 loss TA:0.5942 TV:0.6081 VA:1.1604 CE:0.2683
2026-03-09 14:20:19,961 - utils.logger2026-03-09-14.18.35 - INFO - Cur epoch 24 loss TA:0.5832 TV:0.5945 VA:1.0995 CE:0.2009
2026-03-09 14:20:20,196 - utils.logger2026-03-09-14.18.35 - INFO - saving the model at the end of epoch 24, iters 672
2026-03-09 14:20:20,437 - utils.logger2026-03-09-14.18.35 - INFO - End of training epoch 24 / 40 	 Time Taken: 3 sec
2026-03-09 14:20:20,437 - utils.logger2026-03-09-14.18.35 - INFO - learning rate = 0.0001524
2026-03-09 14:20:21,136 - utils.logger2026-03-09-14.18.35 - INFO - Val result of epoch 24 / 40 mae 1.1025 corr 0.5716 f1 0.6880
2026-03-09 14:20:21,767 - utils.logger2026-03-09-14.18.35 - INFO - Tst result of epoch 24 / 40 mae 1.0077 corr 0.6916 f1 0.7494
2026-03-09 14:20:22,977 - utils.logger2026-03-09-14.18.35 - INFO - Cur epoch 25 loss TA:0.5957 TV:0.5998 VA:1.0981 CE:0.3588
2026-03-09 14:20:23,834 - utils.logger2026-03-09-14.18.35 - INFO - Cur epoch 25 loss TA:0.5841 TV:0.5911 VA:1.1085 CE:0.3446
2026-03-09 14:20:24,640 - utils.logger2026-03-09-14.18.35 - INFO - Cur epoch 25 loss TA:0.2882 TV:0.3176 VA:0.5355 CE:0.2223
2026-03-09 14:20:24,720 - utils.logger2026-03-09-14.18.35 - INFO - saving the model at the end of epoch 25, iters 700
2026-03-09 14:20:24,965 - utils.logger2026-03-09-14.18.35 - INFO - End of training epoch 25 / 40 	 Time Taken: 3 sec
2026-03-09 14:20:24,965 - utils.logger2026-03-09-14.18.35 - INFO - learning rate = 0.0001429
2026-03-09 14:20:25,605 - utils.logger2026-03-09-14.18.35 - INFO - Val result of epoch 25 / 40 mae 1.0279 corr 0.5802 f1 0.7374
2026-03-09 14:20:26,231 - utils.logger2026-03-09-14.18.35 - INFO - Tst result of epoch 25 / 40 mae 0.9274 corr 0.6899 f1 0.7666
2026-03-09 14:20:27,590 - utils.logger2026-03-09-14.18.35 - INFO - Cur epoch 26 loss TA:0.5895 TV:0.5965 VA:1.0959 CE:0.3368
2026-03-09 14:20:28,270 - utils.logger2026-03-09-14.18.35 - INFO - Cur epoch 26 loss TA:0.5803 TV:0.6018 VA:1.1235 CE:0.2724
2026-03-09 14:20:28,867 - utils.logger2026-03-09-14.18.35 - INFO - saving the model at the end of epoch 26, iters 728
2026-03-09 14:20:29,279 - utils.logger2026-03-09-14.18.35 - INFO - End of training epoch 26 / 40 	 Time Taken: 3 sec
2026-03-09 14:20:29,279 - utils.logger2026-03-09-14.18.35 - INFO - learning rate = 0.0001333
2026-03-09 14:20:29,976 - utils.logger2026-03-09-14.18.35 - INFO - Val result of epoch 26 / 40 mae 1.0190 corr 0.5843 f1 0.7374
2026-03-09 14:20:30,667 - utils.logger2026-03-09-14.18.35 - INFO - Tst result of epoch 26 / 40 mae 0.9034 corr 0.6951 f1 0.7663
2026-03-09 14:20:31,285 - utils.logger2026-03-09-14.18.35 - INFO - Cur epoch 27 loss TA:0.5827 TV:0.5887 VA:1.1200 CE:0.3682
2026-03-09 14:20:32,015 - utils.logger2026-03-09-14.18.35 - INFO - Cur epoch 27 loss TA:0.5481 TV:0.5494 VA:1.0343 CE:0.2577
2026-03-09 14:20:32,853 - utils.logger2026-03-09-14.18.35 - INFO - Cur epoch 27 loss TA:0.5509 TV:0.5596 VA:1.0626 CE:0.2770
2026-03-09 14:20:33,468 - utils.logger2026-03-09-14.18.35 - INFO - saving the model at the end of epoch 27, iters 756
2026-03-09 14:20:33,709 - utils.logger2026-03-09-14.18.35 - INFO - End of training epoch 27 / 40 	 Time Taken: 3 sec
2026-03-09 14:20:33,709 - utils.logger2026-03-09-14.18.35 - INFO - learning rate = 0.0001238
2026-03-09 14:20:34,366 - utils.logger2026-03-09-14.18.35 - INFO - Val result of epoch 27 / 40 mae 1.0543 corr 0.5791 f1 0.7282
2026-03-09 14:20:35,014 - utils.logger2026-03-09-14.18.35 - INFO - Tst result of epoch 27 / 40 mae 0.9481 corr 0.6957 f1 0.7618
2026-03-09 14:20:35,888 - utils.logger2026-03-09-14.18.35 - INFO - Cur epoch 28 loss TA:0.5545 TV:0.5756 VA:1.0923 CE:0.2583
2026-03-09 14:20:36,784 - utils.logger2026-03-09-14.18.35 - INFO - Cur epoch 28 loss TA:0.5487 TV:0.5581 VA:1.0440 CE:0.2116
2026-03-09 14:20:37,406 - utils.logger2026-03-09-14.18.35 - INFO - Cur epoch 28 loss TA:0.5551 TV:0.5682 VA:1.0779 CE:0.3875
2026-03-09 14:20:37,998 - utils.logger2026-03-09-14.18.35 - INFO - saving the model at the end of epoch 28, iters 784
2026-03-09 14:20:38,220 - utils.logger2026-03-09-14.18.35 - INFO - End of training epoch 28 / 40 	 Time Taken: 3 sec
2026-03-09 14:20:38,220 - utils.logger2026-03-09-14.18.35 - INFO - learning rate = 0.0001143
2026-03-09 14:20:38,857 - utils.logger2026-03-09-14.18.35 - INFO - Val result of epoch 28 / 40 mae 1.0223 corr 0.5934 f1 0.7372
2026-03-09 14:20:39,523 - utils.logger2026-03-09-14.18.35 - INFO - Tst result of epoch 28 / 40 mae 0.9191 corr 0.6948 f1 0.7849
2026-03-09 14:20:40,556 - utils.logger2026-03-09-14.18.35 - INFO - Cur epoch 29 loss TA:0.5504 TV:0.5662 VA:1.0158 CE:0.1904
2026-03-09 14:20:41,255 - utils.logger2026-03-09-14.18.35 - INFO - Cur epoch 29 loss TA:0.5875 TV:0.6030 VA:1.1112 CE:0.2871
2026-03-09 14:20:41,999 - utils.logger2026-03-09-14.18.35 - INFO - Cur epoch 29 loss TA:0.5622 TV:0.5712 VA:1.0621 CE:0.2270
2026-03-09 14:20:42,167 - utils.logger2026-03-09-14.18.35 - INFO - saving the model at the end of epoch 29, iters 812
2026-03-09 14:20:42,467 - utils.logger2026-03-09-14.18.35 - INFO - End of training epoch 29 / 40 	 Time Taken: 2 sec
2026-03-09 14:20:42,468 - utils.logger2026-03-09-14.18.35 - INFO - learning rate = 0.0001048
2026-03-09 14:20:43,126 - utils.logger2026-03-09-14.18.35 - INFO - Val result of epoch 29 / 40 mae 0.9942 corr 0.5962 f1 0.7372
2026-03-09 14:20:43,792 - utils.logger2026-03-09-14.18.35 - INFO - Tst result of epoch 29 / 40 mae 0.8969 corr 0.6908 f1 0.7624
2026-03-09 14:20:44,974 - utils.logger2026-03-09-14.18.35 - INFO - Cur epoch 30 loss TA:0.5492 TV:0.5624 VA:1.0503 CE:0.1937
2026-03-09 14:20:45,741 - utils.logger2026-03-09-14.18.35 - INFO - Cur epoch 30 loss TA:0.5470 TV:0.5489 VA:1.0596 CE:0.1841
2026-03-09 14:20:46,604 - utils.logger2026-03-09-14.18.35 - INFO - Cur epoch 30 loss TA:0.2625 TV:0.2892 VA:0.4631 CE:0.2827
2026-03-09 14:20:46,679 - utils.logger2026-03-09-14.18.35 - INFO - saving the model at the end of epoch 30, iters 840
2026-03-09 14:20:46,911 - utils.logger2026-03-09-14.18.35 - INFO - End of training epoch 30 / 40 	 Time Taken: 3 sec
2026-03-09 14:20:46,912 - utils.logger2026-03-09-14.18.35 - INFO - learning rate = 0.0000952
2026-03-09 14:20:47,502 - utils.logger2026-03-09-14.18.35 - INFO - Val result of epoch 30 / 40 mae 1.0177 corr 0.5894 f1 0.7466
2026-03-09 14:20:48,249 - utils.logger2026-03-09-14.18.35 - INFO - Tst result of epoch 30 / 40 mae 0.9106 corr 0.6926 f1 0.7570
2026-03-09 14:20:49,536 - utils.logger2026-03-09-14.18.35 - INFO - Cur epoch 31 loss TA:0.5478 TV:0.5543 VA:1.0552 CE:0.3039
2026-03-09 14:20:50,368 - utils.logger2026-03-09-14.18.35 - INFO - Cur epoch 31 loss TA:0.5414 TV:0.5494 VA:1.0684 CE:0.2577
2026-03-09 14:20:50,995 - utils.logger2026-03-09-14.18.35 - INFO - saving the model at the end of epoch 31, iters 868
2026-03-09 14:20:51,460 - utils.logger2026-03-09-14.18.35 - INFO - End of training epoch 31 / 40 	 Time Taken: 3 sec
2026-03-09 14:20:51,461 - utils.logger2026-03-09-14.18.35 - INFO - learning rate = 0.0000857
2026-03-09 14:20:52,019 - utils.logger2026-03-09-14.18.35 - INFO - Val result of epoch 31 / 40 mae 1.0146 corr 0.5911 f1 0.7326
2026-03-09 14:20:52,649 - utils.logger2026-03-09-14.18.35 - INFO - Tst result of epoch 31 / 40 mae 0.9206 corr 0.6906 f1 0.7571
2026-03-09 14:20:53,197 - utils.logger2026-03-09-14.18.35 - INFO - Cur epoch 32 loss TA:0.5336 TV:0.5324 VA:1.0341 CE:0.2018
2026-03-09 14:20:54,047 - utils.logger2026-03-09-14.18.35 - INFO - Cur epoch 32 loss TA:0.5342 TV:0.5428 VA:1.0410 CE:0.1985
2026-03-09 14:20:54,629 - utils.logger2026-03-09-14.18.35 - INFO - Cur epoch 32 loss TA:0.5569 TV:0.5645 VA:1.0318 CE:0.3181
2026-03-09 14:20:54,900 - utils.logger2026-03-09-14.18.35 - INFO - saving the model at the end of epoch 32, iters 896
2026-03-09 14:20:55,147 - utils.logger2026-03-09-14.18.35 - INFO - End of training epoch 32 / 40 	 Time Taken: 2 sec
2026-03-09 14:20:55,147 - utils.logger2026-03-09-14.18.35 - INFO - learning rate = 0.0000762
2026-03-09 14:20:55,742 - utils.logger2026-03-09-14.18.35 - INFO - Val result of epoch 32 / 40 mae 1.0347 corr 0.5866 f1 0.7374
2026-03-09 14:20:56,384 - utils.logger2026-03-09-14.18.35 - INFO - Tst result of epoch 32 / 40 mae 0.9454 corr 0.6904 f1 0.7388
2026-03-09 14:20:57,175 - utils.logger2026-03-09-14.18.35 - INFO - Cur epoch 33 loss TA:0.5402 TV:0.5492 VA:1.0648 CE:0.1407
2026-03-09 14:20:58,028 - utils.logger2026-03-09-14.18.35 - INFO - Cur epoch 33 loss TA:0.5197 TV:0.5298 VA:1.0213 CE:0.2709
2026-03-09 14:20:58,901 - utils.logger2026-03-09-14.18.35 - INFO - Cur epoch 33 loss TA:0.5280 TV:0.5240 VA:1.0004 CE:0.1874
2026-03-09 14:20:59,216 - utils.logger2026-03-09-14.18.35 - INFO - saving the model at the end of epoch 33, iters 924
2026-03-09 14:20:59,652 - utils.logger2026-03-09-14.18.35 - INFO - End of training epoch 33 / 40 	 Time Taken: 3 sec
2026-03-09 14:20:59,652 - utils.logger2026-03-09-14.18.35 - INFO - learning rate = 0.0000667
2026-03-09 14:21:00,335 - utils.logger2026-03-09-14.18.35 - INFO - Val result of epoch 33 / 40 mae 1.0104 corr 0.5911 f1 0.7325
2026-03-09 14:21:01,038 - utils.logger2026-03-09-14.18.35 - INFO - Tst result of epoch 33 / 40 mae 0.9142 corr 0.6917 f1 0.7476
2026-03-09 14:21:02,104 - utils.logger2026-03-09-14.18.35 - INFO - Cur epoch 34 loss TA:0.5157 TV:0.5360 VA:1.0224 CE:0.2127
2026-03-09 14:21:02,833 - utils.logger2026-03-09-14.18.35 - INFO - Cur epoch 34 loss TA:0.5251 TV:0.5352 VA:0.9974 CE:0.2078
2026-03-09 14:21:03,631 - utils.logger2026-03-09-14.18.35 - INFO - Cur epoch 34 loss TA:0.5696 TV:0.5828 VA:1.0530 CE:0.1673
2026-03-09 14:21:03,847 - utils.logger2026-03-09-14.18.35 - INFO - saving the model at the end of epoch 34, iters 952
2026-03-09 14:21:04,303 - utils.logger2026-03-09-14.18.35 - INFO - End of training epoch 34 / 40 	 Time Taken: 3 sec
2026-03-09 14:21:04,303 - utils.logger2026-03-09-14.18.35 - INFO - learning rate = 0.0000571
2026-03-09 14:21:05,000 - utils.logger2026-03-09-14.18.35 - INFO - Val result of epoch 34 / 40 mae 1.0246 corr 0.5840 f1 0.7372
2026-03-09 14:21:05,686 - utils.logger2026-03-09-14.18.35 - INFO - Tst result of epoch 34 / 40 mae 0.9195 corr 0.6940 f1 0.7430
2026-03-09 14:21:06,804 - utils.logger2026-03-09-14.18.35 - INFO - Cur epoch 35 loss TA:0.5382 TV:0.5321 VA:1.0391 CE:0.1696
2026-03-09 14:21:07,659 - utils.logger2026-03-09-14.18.35 - INFO - Cur epoch 35 loss TA:0.5040 TV:0.5122 VA:1.0051 CE:0.2796
2026-03-09 14:21:08,288 - utils.logger2026-03-09-14.18.35 - INFO - Cur epoch 35 loss TA:0.2771 TV:0.2952 VA:0.4320 CE:0.1831
2026-03-09 14:21:08,369 - utils.logger2026-03-09-14.18.35 - INFO - saving the model at the end of epoch 35, iters 980
2026-03-09 14:21:08,711 - utils.logger2026-03-09-14.18.35 - INFO - End of training epoch 35 / 40 	 Time Taken: 3 sec
2026-03-09 14:21:08,711 - utils.logger2026-03-09-14.18.35 - INFO - learning rate = 0.0000476
2026-03-09 14:21:09,434 - utils.logger2026-03-09-14.18.35 - INFO - Val result of epoch 35 / 40 mae 1.0243 corr 0.5854 f1 0.7419
2026-03-09 14:21:10,049 - utils.logger2026-03-09-14.18.35 - INFO - Tst result of epoch 35 / 40 mae 0.9196 corr 0.7002 f1 0.7618
2026-03-09 14:21:11,346 - utils.logger2026-03-09-14.18.35 - INFO - Cur epoch 36 loss TA:0.5117 TV:0.5184 VA:0.9931 CE:0.1824
2026-03-09 14:21:12,210 - utils.logger2026-03-09-14.18.35 - INFO - Cur epoch 36 loss TA:0.5484 TV:0.5491 VA:1.0387 CE:0.1688
2026-03-09 14:21:12,867 - utils.logger2026-03-09-14.18.35 - INFO - saving the model at the end of epoch 36, iters 1008
2026-03-09 14:21:13,193 - utils.logger2026-03-09-14.18.35 - INFO - End of training epoch 36 / 40 	 Time Taken: 3 sec
2026-03-09 14:21:13,193 - utils.logger2026-03-09-14.18.35 - INFO - learning rate = 0.0000381
2026-03-09 14:21:13,860 - utils.logger2026-03-09-14.18.35 - INFO - Val result of epoch 36 / 40 mae 1.0160 corr 0.5862 f1 0.7231
2026-03-09 14:21:14,490 - utils.logger2026-03-09-14.18.35 - INFO - Tst result of epoch 36 / 40 mae 0.9112 corr 0.6936 f1 0.7432
2026-03-09 14:21:15,238 - utils.logger2026-03-09-14.18.35 - INFO - Cur epoch 37 loss TA:0.5339 TV:0.5307 VA:1.0342 CE:0.2160
2026-03-09 14:21:15,904 - utils.logger2026-03-09-14.18.35 - INFO - Cur epoch 37 loss TA:0.5263 TV:0.5366 VA:1.0223 CE:0.2389
2026-03-09 14:21:16,765 - utils.logger2026-03-09-14.18.35 - INFO - Cur epoch 37 loss TA:0.5393 TV:0.5368 VA:1.0592 CE:0.1758
2026-03-09 14:21:17,282 - utils.logger2026-03-09-14.18.35 - INFO - saving the model at the end of epoch 37, iters 1036
2026-03-09 14:21:17,533 - utils.logger2026-03-09-14.18.35 - INFO - End of training epoch 37 / 40 	 Time Taken: 3 sec
2026-03-09 14:21:17,533 - utils.logger2026-03-09-14.18.35 - INFO - learning rate = 0.0000286
2026-03-09 14:21:18,314 - utils.logger2026-03-09-14.18.35 - INFO - Val result of epoch 37 / 40 mae 1.0270 corr 0.5835 f1 0.7326
2026-03-09 14:21:19,051 - utils.logger2026-03-09-14.18.35 - INFO - Tst result of epoch 37 / 40 mae 0.9192 corr 0.6972 f1 0.7571
2026-03-09 14:21:19,947 - utils.logger2026-03-09-14.18.35 - INFO - Cur epoch 38 loss TA:0.5174 TV:0.5206 VA:0.9917 CE:0.1956
2026-03-09 14:21:20,707 - utils.logger2026-03-09-14.18.35 - INFO - Cur epoch 38 loss TA:0.5354 TV:0.5448 VA:1.0040 CE:0.1648
2026-03-09 14:21:21,609 - utils.logger2026-03-09-14.18.35 - INFO - Cur epoch 38 loss TA:0.5303 TV:0.5404 VA:1.0297 CE:0.1995
2026-03-09 14:21:21,921 - utils.logger2026-03-09-14.18.35 - INFO - saving the model at the end of epoch 38, iters 1064
2026-03-09 14:21:22,290 - utils.logger2026-03-09-14.18.35 - INFO - End of training epoch 38 / 40 	 Time Taken: 3 sec
2026-03-09 14:21:22,290 - utils.logger2026-03-09-14.18.35 - INFO - learning rate = 0.0000190
2026-03-09 14:21:22,893 - utils.logger2026-03-09-14.18.35 - INFO - Val result of epoch 38 / 40 mae 1.0282 corr 0.5823 f1 0.7372
2026-03-09 14:21:23,598 - utils.logger2026-03-09-14.18.35 - INFO - Tst result of epoch 38 / 40 mae 0.9222 corr 0.6958 f1 0.7570
2026-03-09 14:21:24,551 - utils.logger2026-03-09-14.18.35 - INFO - Cur epoch 39 loss TA:0.5020 TV:0.5018 VA:0.9818 CE:0.2198
2026-03-09 14:21:25,423 - utils.logger2026-03-09-14.18.35 - INFO - Cur epoch 39 loss TA:0.5293 TV:0.5405 VA:1.0377 CE:0.1812
2026-03-09 14:21:26,154 - utils.logger2026-03-09-14.18.35 - INFO - Cur epoch 39 loss TA:0.5212 TV:0.5275 VA:1.0026 CE:0.1512
2026-03-09 14:21:26,383 - utils.logger2026-03-09-14.18.35 - INFO - saving the model at the end of epoch 39, iters 1092
2026-03-09 14:21:26,675 - utils.logger2026-03-09-14.18.35 - INFO - End of training epoch 39 / 40 	 Time Taken: 3 sec
2026-03-09 14:21:26,675 - utils.logger2026-03-09-14.18.35 - INFO - learning rate = 0.0000095
2026-03-09 14:21:27,285 - utils.logger2026-03-09-14.18.35 - INFO - Val result of epoch 39 / 40 mae 1.0268 corr 0.5835 f1 0.7325
2026-03-09 14:21:27,991 - utils.logger2026-03-09-14.18.35 - INFO - Tst result of epoch 39 / 40 mae 0.9232 corr 0.6946 f1 0.7571
2026-03-09 14:21:29,075 - utils.logger2026-03-09-14.18.35 - INFO - Cur epoch 40 loss TA:0.5097 TV:0.5152 VA:0.9979 CE:0.1730
2026-03-09 14:21:29,887 - utils.logger2026-03-09-14.18.35 - INFO - Cur epoch 40 loss TA:0.5118 TV:0.5190 VA:1.0240 CE:0.1854
2026-03-09 14:21:30,670 - utils.logger2026-03-09-14.18.35 - INFO - Cur epoch 40 loss TA:0.2452 TV:0.2337 VA:0.4115 CE:0.2029
2026-03-09 14:21:30,743 - utils.logger2026-03-09-14.18.35 - INFO - saving the model at the end of epoch 40, iters 1120
2026-03-09 14:21:31,061 - utils.logger2026-03-09-14.18.35 - INFO - End of training epoch 40 / 40 	 Time Taken: 3 sec
2026-03-09 14:21:31,062 - utils.logger2026-03-09-14.18.35 - INFO - learning rate = 0.0000000
2026-03-09 14:21:31,710 - utils.logger2026-03-09-14.18.35 - INFO - Val result of epoch 40 / 40 mae 1.0163 corr 0.5851 f1 0.7325
2026-03-09 14:21:32,436 - utils.logger2026-03-09-14.18.35 - INFO - Tst result of epoch 40 / 40 mae 0.9109 corr 0.6937 f1 0.7569
2026-03-09 14:21:32,437 - utils.logger2026-03-09-14.18.35 - INFO - Best eval epoch 20 found with MAE 0.882322
2026-03-09 14:21:32,437 - utils.logger2026-03-09-14.18.35 - INFO - Loading best model found on val set: epoch-20
2026-03-09 14:21:33,886 - utils.logger2026-03-09-14.18.35 - INFO - Tst result mae 0.8823 corr 0.6885 f1 0.7756
