2026-03-09 11:16:31,843 - utils.logger2026-03-09-11.16.31 - INFO - The number of training samples = 1750
2026-03-09 11:16:34,131 - utils.logger2026-03-09-11.16.31 - INFO - Cur epoch 1 loss TA:1.0365 TV:1.0358 VA:2.0732 CE:3.8400
2026-03-09 11:16:34,695 - utils.logger2026-03-09-11.16.31 - INFO - Cur epoch 1 loss TA:1.0359 TV:1.0379 VA:2.0744 CE:3.1324
2026-03-09 11:16:35,482 - utils.logger2026-03-09-11.16.31 - INFO - saving the model at the end of epoch 1, iters 28
2026-03-09 11:16:35,793 - utils.logger2026-03-09-11.16.31 - INFO - End of training epoch 1 / 40 	 Time Taken: 3 sec
2026-03-09 11:16:35,793 - utils.logger2026-03-09-11.16.31 - INFO - learning rate = 0.0002000
2026-03-09 11:16:36,148 - utils.logger2026-03-09-11.16.31 - INFO - Val result of epoch 1 / 40 acc 0.5893 MAE 0.2245 f1 0.7213
2026-03-09 11:16:36,549 - utils.logger2026-03-09-11.16.31 - INFO - Tst result of epoch 1 / 40 acc 0.5893 MAE 0.2245 f1 0.7213
2026-03-09 11:16:36,983 - utils.logger2026-03-09-11.16.31 - INFO - Cur epoch 2 loss TA:1.0324 TV:1.0327 VA:2.0643 CE:2.3896
2026-03-09 11:16:37,872 - utils.logger2026-03-09-11.16.31 - INFO - Cur epoch 2 loss TA:1.0267 TV:1.0319 VA:2.0446 CE:2.6393
2026-03-09 11:16:38,513 - utils.logger2026-03-09-11.16.31 - INFO - Cur epoch 2 loss TA:1.0245 TV:1.0266 VA:2.0588 CE:2.4386
2026-03-09 11:16:38,915 - utils.logger2026-03-09-11.16.31 - INFO - saving the model at the end of epoch 2, iters 56
2026-03-09 11:16:39,027 - utils.logger2026-03-09-11.16.31 - INFO - End of training epoch 2 / 40 	 Time Taken: 2 sec
2026-03-09 11:16:39,027 - utils.logger2026-03-09-11.16.31 - INFO - learning rate = 0.0002000
2026-03-09 11:16:39,388 - utils.logger2026-03-09-11.16.31 - INFO - Val result of epoch 2 / 40 acc 0.6473 MAE 0.3392 f1 0.6503
2026-03-09 11:16:39,781 - utils.logger2026-03-09-11.16.31 - INFO - Tst result of epoch 2 / 40 acc 0.6473 MAE 0.3392 f1 0.6503
2026-03-09 11:16:40,319 - utils.logger2026-03-09-11.16.31 - INFO - Cur epoch 3 loss TA:1.0128 TV:1.0168 VA:2.0352 CE:2.4398
2026-03-09 11:16:40,968 - utils.logger2026-03-09-11.16.31 - INFO - Cur epoch 3 loss TA:1.0132 TV:1.0095 VA:2.0256 CE:2.4554
2026-03-09 11:16:41,527 - utils.logger2026-03-09-11.16.31 - INFO - Cur epoch 3 loss TA:0.9936 TV:0.9965 VA:1.9968 CE:2.2861
2026-03-09 11:16:41,905 - utils.logger2026-03-09-11.16.31 - INFO - saving the model at the end of epoch 3, iters 84
2026-03-09 11:16:42,243 - utils.logger2026-03-09-11.16.31 - INFO - End of training epoch 3 / 40 	 Time Taken: 2 sec
2026-03-09 11:16:42,243 - utils.logger2026-03-09-11.16.31 - INFO - learning rate = 0.0002000
2026-03-09 11:16:42,624 - utils.logger2026-03-09-11.16.31 - INFO - Val result of epoch 3 / 40 acc 0.6562 MAE 0.3999 f1 0.6590
2026-03-09 11:16:43,005 - utils.logger2026-03-09-11.16.31 - INFO - Tst result of epoch 3 / 40 acc 0.6562 MAE 0.3999 f1 0.6590
2026-03-09 11:16:43,794 - utils.logger2026-03-09-11.16.31 - INFO - Cur epoch 4 loss TA:0.9782 TV:0.9724 VA:1.9682 CE:1.9801
2026-03-09 11:16:44,825 - utils.logger2026-03-09-11.16.31 - INFO - Cur epoch 4 loss TA:0.9529 TV:0.9533 VA:1.9459 CE:1.7494
2026-03-09 11:16:45,907 - utils.logger2026-03-09-11.16.31 - INFO - Cur epoch 4 loss TA:0.9829 TV:0.9671 VA:1.9426 CE:1.9627
2026-03-09 11:16:46,192 - utils.logger2026-03-09-11.16.31 - INFO - saving the model at the end of epoch 4, iters 112
2026-03-09 11:16:46,557 - utils.logger2026-03-09-11.16.31 - INFO - End of training epoch 4 / 40 	 Time Taken: 3 sec
2026-03-09 11:16:46,557 - utils.logger2026-03-09-11.16.31 - INFO - learning rate = 0.0002000
2026-03-09 11:16:46,925 - utils.logger2026-03-09-11.16.31 - INFO - Val result of epoch 4 / 40 acc 0.6786 MAE 0.4511 f1 0.6842
2026-03-09 11:16:47,287 - utils.logger2026-03-09-11.16.31 - INFO - Tst result of epoch 4 / 40 acc 0.6786 MAE 0.4511 f1 0.6842
2026-03-09 11:16:48,028 - utils.logger2026-03-09-11.16.31 - INFO - Cur epoch 5 loss TA:0.9432 TV:0.9309 VA:1.8861 CE:2.6346
2026-03-09 11:16:48,860 - utils.logger2026-03-09-11.16.31 - INFO - Cur epoch 5 loss TA:0.9482 TV:0.9245 VA:1.8590 CE:2.1628
2026-03-09 11:16:49,510 - utils.logger2026-03-09-11.16.31 - INFO - Cur epoch 5 loss TA:0.6681 TV:0.6625 VA:1.2954 CE:1.8780
2026-03-09 11:16:49,573 - utils.logger2026-03-09-11.16.31 - INFO - saving the model at the end of epoch 5, iters 140
2026-03-09 11:16:49,732 - utils.logger2026-03-09-11.16.31 - INFO - End of training epoch 5 / 40 	 Time Taken: 2 sec
2026-03-09 11:16:49,732 - utils.logger2026-03-09-11.16.31 - INFO - learning rate = 0.0002000
2026-03-09 11:16:50,143 - utils.logger2026-03-09-11.16.31 - INFO - Val result of epoch 5 / 40 acc 0.7232 MAE 0.5095 f1 0.7302
2026-03-09 11:16:50,626 - utils.logger2026-03-09-11.16.31 - INFO - Tst result of epoch 5 / 40 acc 0.7232 MAE 0.5095 f1 0.7302
2026-03-09 11:16:51,643 - utils.logger2026-03-09-11.16.31 - INFO - Cur epoch 6 loss TA:0.9115 TV:0.9022 VA:1.7778 CE:1.4564
2026-03-09 11:16:52,226 - utils.logger2026-03-09-11.16.31 - INFO - Cur epoch 6 loss TA:0.8988 TV:0.9029 VA:1.7808 CE:1.8934
2026-03-09 11:16:52,769 - utils.logger2026-03-09-11.16.31 - INFO - saving the model at the end of epoch 6, iters 168
2026-03-09 11:16:53,187 - utils.logger2026-03-09-11.16.31 - INFO - End of training epoch 6 / 40 	 Time Taken: 2 sec
2026-03-09 11:16:53,187 - utils.logger2026-03-09-11.16.31 - INFO - learning rate = 0.0002000
2026-03-09 11:16:53,572 - utils.logger2026-03-09-11.16.31 - INFO - Val result of epoch 6 / 40 acc 0.7009 MAE 0.5450 f1 0.7094
2026-03-09 11:16:53,956 - utils.logger2026-03-09-11.16.31 - INFO - Tst result of epoch 6 / 40 acc 0.7009 MAE 0.5450 f1 0.7094
2026-03-09 11:16:54,354 - utils.logger2026-03-09-11.16.31 - INFO - Cur epoch 7 loss TA:0.8923 TV:0.9009 VA:1.7340 CE:1.6245
2026-03-09 11:16:55,383 - utils.logger2026-03-09-11.16.31 - INFO - Cur epoch 7 loss TA:0.8815 TV:0.8913 VA:1.7115 CE:1.7108
2026-03-09 11:16:55,988 - utils.logger2026-03-09-11.16.31 - INFO - Cur epoch 7 loss TA:0.8965 TV:0.8855 VA:1.7570 CE:1.5106
2026-03-09 11:16:56,393 - utils.logger2026-03-09-11.16.31 - INFO - saving the model at the end of epoch 7, iters 196
2026-03-09 11:16:56,532 - utils.logger2026-03-09-11.16.31 - INFO - End of training epoch 7 / 40 	 Time Taken: 2 sec
2026-03-09 11:16:56,532 - utils.logger2026-03-09-11.16.31 - INFO - learning rate = 0.0002000
2026-03-09 11:16:56,897 - utils.logger2026-03-09-11.16.31 - INFO - Val result of epoch 7 / 40 acc 0.7545 MAE 0.5892 f1 0.7622
2026-03-09 11:16:57,276 - utils.logger2026-03-09-11.16.31 - INFO - Tst result of epoch 7 / 40 acc 0.7545 MAE 0.5892 f1 0.7622
2026-03-09 11:16:57,918 - utils.logger2026-03-09-11.16.31 - INFO - Cur epoch 8 loss TA:0.8503 TV:0.8637 VA:1.6895 CE:2.0941
2026-03-09 11:16:58,529 - utils.logger2026-03-09-11.16.31 - INFO - Cur epoch 8 loss TA:0.8741 TV:0.8596 VA:1.6470 CE:1.3378
2026-03-09 11:16:59,151 - utils.logger2026-03-09-11.16.31 - INFO - Cur epoch 8 loss TA:0.8494 TV:0.8674 VA:1.6807 CE:1.0825
2026-03-09 11:16:59,420 - utils.logger2026-03-09-11.16.31 - INFO - saving the model at the end of epoch 8, iters 224
2026-03-09 11:16:59,644 - utils.logger2026-03-09-11.16.31 - INFO - End of training epoch 8 / 40 	 Time Taken: 2 sec
2026-03-09 11:16:59,644 - utils.logger2026-03-09-11.16.31 - INFO - learning rate = 0.0002000
2026-03-09 11:17:00,128 - utils.logger2026-03-09-11.16.31 - INFO - Val result of epoch 8 / 40 acc 0.7321 MAE 0.6109 f1 0.7466
2026-03-09 11:17:00,533 - utils.logger2026-03-09-11.16.31 - INFO - Tst result of epoch 8 / 40 acc 0.7321 MAE 0.6109 f1 0.7466
2026-03-09 11:17:01,224 - utils.logger2026-03-09-11.16.31 - INFO - Cur epoch 9 loss TA:0.8337 TV:0.8418 VA:1.6150 CE:1.7260
2026-03-09 11:17:01,818 - utils.logger2026-03-09-11.16.31 - INFO - Cur epoch 9 loss TA:0.8561 TV:0.8448 VA:1.6195 CE:1.2340
2026-03-09 11:17:02,651 - utils.logger2026-03-09-11.16.31 - INFO - Cur epoch 9 loss TA:0.8283 TV:0.8375 VA:1.6019 CE:1.2279
2026-03-09 11:17:02,931 - utils.logger2026-03-09-11.16.31 - INFO - saving the model at the end of epoch 9, iters 252
2026-03-09 11:17:03,377 - utils.logger2026-03-09-11.16.31 - INFO - End of training epoch 9 / 40 	 Time Taken: 2 sec
2026-03-09 11:17:03,378 - utils.logger2026-03-09-11.16.31 - INFO - learning rate = 0.0002000
2026-03-09 11:17:03,768 - utils.logger2026-03-09-11.16.31 - INFO - Val result of epoch 9 / 40 acc 0.7500 MAE 0.6121 f1 0.7611
2026-03-09 11:17:04,128 - utils.logger2026-03-09-11.16.31 - INFO - Tst result of epoch 9 / 40 acc 0.7500 MAE 0.6121 f1 0.7611
2026-03-09 11:17:05,125 - utils.logger2026-03-09-11.16.31 - INFO - Cur epoch 10 loss TA:0.7967 TV:0.8243 VA:1.5002 CE:1.2111
2026-03-09 11:17:05,734 - utils.logger2026-03-09-11.16.31 - INFO - Cur epoch 10 loss TA:0.7982 TV:0.7862 VA:1.5628 CE:0.8250
2026-03-09 11:17:06,348 - utils.logger2026-03-09-11.16.31 - INFO - Cur epoch 10 loss TA:0.5305 TV:0.5365 VA:0.9580 CE:1.0424
2026-03-09 11:17:06,403 - utils.logger2026-03-09-11.16.31 - INFO - saving the model at the end of epoch 10, iters 280
2026-03-09 11:17:06,561 - utils.logger2026-03-09-11.16.31 - INFO - End of training epoch 10 / 40 	 Time Taken: 2 sec
2026-03-09 11:17:06,561 - utils.logger2026-03-09-11.16.31 - INFO - learning rate = 0.0002000
2026-03-09 11:17:06,959 - utils.logger2026-03-09-11.16.31 - INFO - Val result of epoch 10 / 40 acc 0.7500 MAE 0.6137 f1 0.7608
2026-03-09 11:17:07,416 - utils.logger2026-03-09-11.16.31 - INFO - Tst result of epoch 10 / 40 acc 0.7500 MAE 0.6137 f1 0.7608
2026-03-09 11:17:08,250 - utils.logger2026-03-09-11.16.31 - INFO - Cur epoch 11 loss TA:0.8160 TV:0.8183 VA:1.5131 CE:0.8317
2026-03-09 11:17:08,863 - utils.logger2026-03-09-11.16.31 - INFO - Cur epoch 11 loss TA:0.7741 TV:0.7807 VA:1.4450 CE:0.8036
2026-03-09 11:17:09,415 - utils.logger2026-03-09-11.16.31 - INFO - saving the model at the end of epoch 11, iters 308
2026-03-09 11:17:09,532 - utils.logger2026-03-09-11.16.31 - INFO - End of training epoch 11 / 40 	 Time Taken: 2 sec
2026-03-09 11:17:09,533 - utils.logger2026-03-09-11.16.31 - INFO - learning rate = 0.0002000
2026-03-09 11:17:09,960 - utils.logger2026-03-09-11.16.31 - INFO - Val result of epoch 11 / 40 acc 0.7277 MAE 0.6252 f1 0.7419
2026-03-09 11:17:10,389 - utils.logger2026-03-09-11.16.31 - INFO - Tst result of epoch 11 / 40 acc 0.7277 MAE 0.6252 f1 0.7419
2026-03-09 11:17:10,798 - utils.logger2026-03-09-11.16.31 - INFO - Cur epoch 12 loss TA:0.7855 TV:0.7739 VA:1.4380 CE:0.7529
2026-03-09 11:17:11,487 - utils.logger2026-03-09-11.16.31 - INFO - Cur epoch 12 loss TA:0.7468 TV:0.7710 VA:1.4505 CE:0.5740
2026-03-09 11:17:12,510 - utils.logger2026-03-09-11.16.31 - INFO - Cur epoch 12 loss TA:0.7417 TV:0.7791 VA:1.3587 CE:0.6743
2026-03-09 11:17:13,094 - utils.logger2026-03-09-11.16.31 - INFO - saving the model at the end of epoch 12, iters 336
2026-03-09 11:17:13,508 - utils.logger2026-03-09-11.16.31 - INFO - End of training epoch 12 / 40 	 Time Taken: 3 sec
2026-03-09 11:17:13,508 - utils.logger2026-03-09-11.16.31 - INFO - learning rate = 0.0002000
2026-03-09 11:17:13,886 - utils.logger2026-03-09-11.16.31 - INFO - Val result of epoch 12 / 40 acc 0.7277 MAE 0.6229 f1 0.7420
2026-03-09 11:17:14,281 - utils.logger2026-03-09-11.16.31 - INFO - Tst result of epoch 12 / 40 acc 0.7277 MAE 0.6229 f1 0.7420
2026-03-09 11:17:14,780 - utils.logger2026-03-09-11.16.31 - INFO - Cur epoch 13 loss TA:0.7393 TV:0.7293 VA:1.3536 CE:0.7415
2026-03-09 11:17:15,474 - utils.logger2026-03-09-11.16.31 - INFO - Cur epoch 13 loss TA:0.7400 TV:0.7618 VA:1.3272 CE:0.8410
2026-03-09 11:17:16,023 - utils.logger2026-03-09-11.16.31 - INFO - Cur epoch 13 loss TA:0.7622 TV:0.7595 VA:1.4406 CE:0.5687
2026-03-09 11:17:16,328 - utils.logger2026-03-09-11.16.31 - INFO - saving the model at the end of epoch 13, iters 364
2026-03-09 11:17:16,554 - utils.logger2026-03-09-11.16.31 - INFO - End of training epoch 13 / 40 	 Time Taken: 2 sec
2026-03-09 11:17:16,554 - utils.logger2026-03-09-11.16.31 - INFO - learning rate = 0.0002000
2026-03-09 11:17:16,951 - utils.logger2026-03-09-11.16.31 - INFO - Val result of epoch 13 / 40 acc 0.7098 MAE 0.6268 f1 0.7236
2026-03-09 11:17:17,362 - utils.logger2026-03-09-11.16.31 - INFO - Tst result of epoch 13 / 40 acc 0.7098 MAE 0.6268 f1 0.7236
2026-03-09 11:17:17,995 - utils.logger2026-03-09-11.16.31 - INFO - Cur epoch 14 loss TA:0.7100 TV:0.7165 VA:1.2845 CE:0.6866
2026-03-09 11:17:18,774 - utils.logger2026-03-09-11.16.31 - INFO - Cur epoch 14 loss TA:0.7258 TV:0.7112 VA:1.3438 CE:0.6415
2026-03-09 11:17:19,533 - utils.logger2026-03-09-11.16.31 - INFO - Cur epoch 14 loss TA:0.7043 TV:0.7064 VA:1.2974 CE:0.7318
2026-03-09 11:17:19,688 - utils.logger2026-03-09-11.16.31 - INFO - saving the model at the end of epoch 14, iters 392
2026-03-09 11:17:19,795 - utils.logger2026-03-09-11.16.31 - INFO - End of training epoch 14 / 40 	 Time Taken: 2 sec
2026-03-09 11:17:19,795 - utils.logger2026-03-09-11.16.31 - INFO - learning rate = 0.0002000
2026-03-09 11:17:20,170 - utils.logger2026-03-09-11.16.31 - INFO - Val result of epoch 14 / 40 acc 0.7232 MAE 0.6392 f1 0.7325
2026-03-09 11:17:20,531 - utils.logger2026-03-09-11.16.31 - INFO - Tst result of epoch 14 / 40 acc 0.7232 MAE 0.6392 f1 0.7325
2026-03-09 11:17:21,691 - utils.logger2026-03-09-11.16.31 - INFO - Cur epoch 15 loss TA:0.6679 TV:0.6806 VA:1.2487 CE:0.4835
2026-03-09 11:17:22,742 - utils.logger2026-03-09-11.16.31 - INFO - Cur epoch 15 loss TA:0.7146 TV:0.6965 VA:1.2734 CE:0.5428
2026-03-09 11:17:23,824 - utils.logger2026-03-09-11.16.31 - INFO - Cur epoch 15 loss TA:0.3847 TV:0.4101 VA:0.7598 CE:0.4034
2026-03-09 11:17:23,874 - utils.logger2026-03-09-11.16.31 - INFO - saving the model at the end of epoch 15, iters 420
2026-03-09 11:17:23,993 - utils.logger2026-03-09-11.16.31 - INFO - End of training epoch 15 / 40 	 Time Taken: 3 sec
2026-03-09 11:17:23,993 - utils.logger2026-03-09-11.16.31 - INFO - learning rate = 0.0002000
2026-03-09 11:17:24,326 - utils.logger2026-03-09-11.16.31 - INFO - Val result of epoch 15 / 40 acc 0.7098 MAE 0.6374 f1 0.7278
2026-03-09 11:17:24,659 - utils.logger2026-03-09-11.16.31 - INFO - Tst result of epoch 15 / 40 acc 0.7098 MAE 0.6373 f1 0.7278
2026-03-09 11:17:25,454 - utils.logger2026-03-09-11.16.31 - INFO - Cur epoch 16 loss TA:0.6786 TV:0.7017 VA:1.2861 CE:0.4329
2026-03-09 11:17:26,259 - utils.logger2026-03-09-11.16.31 - INFO - Cur epoch 16 loss TA:0.6689 TV:0.6850 VA:1.2253 CE:0.3875
2026-03-09 11:17:26,747 - utils.logger2026-03-09-11.16.31 - INFO - saving the model at the end of epoch 16, iters 448
2026-03-09 11:17:26,947 - utils.logger2026-03-09-11.16.31 - INFO - End of training epoch 16 / 40 	 Time Taken: 2 sec
2026-03-09 11:17:26,947 - utils.logger2026-03-09-11.16.31 - INFO - learning rate = 0.0002000
2026-03-09 11:17:27,340 - utils.logger2026-03-09-11.16.31 - INFO - Val result of epoch 16 / 40 acc 0.7277 MAE 0.6284 f1 0.7469
2026-03-09 11:17:27,740 - utils.logger2026-03-09-11.16.31 - INFO - Tst result of epoch 16 / 40 acc 0.7277 MAE 0.6284 f1 0.7469
2026-03-09 11:17:28,324 - utils.logger2026-03-09-11.16.31 - INFO - Cur epoch 17 loss TA:0.6801 TV:0.7000 VA:1.1776 CE:0.5237
2026-03-09 11:17:28,983 - utils.logger2026-03-09-11.16.31 - INFO - Cur epoch 17 loss TA:0.6376 TV:0.6477 VA:1.1794 CE:0.5691
2026-03-09 11:17:29,657 - utils.logger2026-03-09-11.16.31 - INFO - Cur epoch 17 loss TA:0.6545 TV:0.6571 VA:1.1802 CE:0.4368
2026-03-09 11:17:30,148 - utils.logger2026-03-09-11.16.31 - INFO - saving the model at the end of epoch 17, iters 476
2026-03-09 11:17:30,345 - utils.logger2026-03-09-11.16.31 - INFO - End of training epoch 17 / 40 	 Time Taken: 2 sec
2026-03-09 11:17:30,346 - utils.logger2026-03-09-11.16.31 - INFO - learning rate = 0.0002000
2026-03-09 11:17:30,836 - utils.logger2026-03-09-11.16.31 - INFO - Val result of epoch 17 / 40 acc 0.7232 MAE 0.6167 f1 0.7419
2026-03-09 11:17:31,363 - utils.logger2026-03-09-11.16.31 - INFO - Tst result of epoch 17 / 40 acc 0.7232 MAE 0.6167 f1 0.7419
2026-03-09 11:17:32,156 - utils.logger2026-03-09-11.16.31 - INFO - Cur epoch 18 loss TA:0.6471 TV:0.6543 VA:1.2228 CE:0.4291
2026-03-09 11:17:33,043 - utils.logger2026-03-09-11.16.31 - INFO - Cur epoch 18 loss TA:0.6455 TV:0.6455 VA:1.1573 CE:0.5634
2026-03-09 11:17:33,687 - utils.logger2026-03-09-11.16.31 - INFO - Cur epoch 18 loss TA:0.6507 TV:0.6441 VA:1.1727 CE:0.3046
2026-03-09 11:17:34,048 - utils.logger2026-03-09-11.16.31 - INFO - saving the model at the end of epoch 18, iters 504
2026-03-09 11:17:34,270 - utils.logger2026-03-09-11.16.31 - INFO - End of training epoch 18 / 40 	 Time Taken: 2 sec
2026-03-09 11:17:34,270 - utils.logger2026-03-09-11.16.31 - INFO - learning rate = 0.0002000
2026-03-09 11:17:34,729 - utils.logger2026-03-09-11.16.31 - INFO - Val result of epoch 18 / 40 acc 0.7634 MAE 0.6385 f1 0.7754
2026-03-09 11:17:35,283 - utils.logger2026-03-09-11.16.31 - INFO - Tst result of epoch 18 / 40 acc 0.7634 MAE 0.6385 f1 0.7754
2026-03-09 11:17:36,129 - utils.logger2026-03-09-11.16.31 - INFO - Cur epoch 19 loss TA:0.6331 TV:0.6445 VA:1.1822 CE:0.4670
2026-03-09 11:17:36,776 - utils.logger2026-03-09-11.16.31 - INFO - Cur epoch 19 loss TA:0.6425 TV:0.6569 VA:1.2169 CE:0.4331
2026-03-09 11:17:37,367 - utils.logger2026-03-09-11.16.31 - INFO - Cur epoch 19 loss TA:0.6503 TV:0.6712 VA:1.1720 CE:0.4523
2026-03-09 11:17:37,575 - utils.logger2026-03-09-11.16.31 - INFO - saving the model at the end of epoch 19, iters 532
2026-03-09 11:17:37,877 - utils.logger2026-03-09-11.16.31 - INFO - End of training epoch 19 / 40 	 Time Taken: 2 sec
2026-03-09 11:17:37,878 - utils.logger2026-03-09-11.16.31 - INFO - learning rate = 0.0002000
2026-03-09 11:17:38,304 - utils.logger2026-03-09-11.16.31 - INFO - Val result of epoch 19 / 40 acc 0.7143 MAE 0.6062 f1 0.7284
2026-03-09 11:17:38,736 - utils.logger2026-03-09-11.16.31 - INFO - Tst result of epoch 19 / 40 acc 0.7143 MAE 0.6062 f1 0.7284
2026-03-09 11:17:39,515 - utils.logger2026-03-09-11.16.31 - INFO - Cur epoch 20 loss TA:0.5850 TV:0.5981 VA:1.1037 CE:0.2677
2026-03-09 11:17:40,514 - utils.logger2026-03-09-11.16.31 - INFO - Cur epoch 20 loss TA:0.6125 TV:0.6249 VA:1.1443 CE:0.4023
2026-03-09 11:17:41,575 - utils.logger2026-03-09-11.16.31 - INFO - Cur epoch 20 loss TA:0.3802 TV:0.3852 VA:0.6407 CE:0.4453
2026-03-09 11:17:41,627 - utils.logger2026-03-09-11.16.31 - INFO - saving the model at the end of epoch 20, iters 560
2026-03-09 11:17:42,054 - utils.logger2026-03-09-11.16.31 - INFO - End of training epoch 20 / 40 	 Time Taken: 3 sec
2026-03-09 11:17:42,054 - utils.logger2026-03-09-11.16.31 - INFO - learning rate = 0.0002000
2026-03-09 11:17:42,431 - utils.logger2026-03-09-11.16.31 - INFO - Val result of epoch 20 / 40 acc 0.7277 MAE 0.6242 f1 0.7468
2026-03-09 11:17:42,803 - utils.logger2026-03-09-11.16.31 - INFO - Tst result of epoch 20 / 40 acc 0.7277 MAE 0.6243 f1 0.7468
2026-03-09 11:17:43,663 - utils.logger2026-03-09-11.16.31 - INFO - Cur epoch 21 loss TA:0.5972 TV:0.6011 VA:1.1402 CE:0.3224
2026-03-09 11:17:44,264 - utils.logger2026-03-09-11.16.31 - INFO - Cur epoch 21 loss TA:0.6371 TV:0.6591 VA:1.1830 CE:0.3494
2026-03-09 11:17:44,916 - utils.logger2026-03-09-11.16.31 - INFO - saving the model at the end of epoch 21, iters 588
2026-03-09 11:17:45,210 - utils.logger2026-03-09-11.16.31 - INFO - End of training epoch 21 / 40 	 Time Taken: 2 sec
2026-03-09 11:17:45,211 - utils.logger2026-03-09-11.16.31 - INFO - learning rate = 0.0002000
2026-03-09 11:17:45,619 - utils.logger2026-03-09-11.16.31 - INFO - Val result of epoch 21 / 40 acc 0.7366 MAE 0.6288 f1 0.7560
2026-03-09 11:17:46,025 - utils.logger2026-03-09-11.16.31 - INFO - Tst result of epoch 21 / 40 acc 0.7366 MAE 0.6288 f1 0.7560
2026-03-09 11:17:46,528 - utils.logger2026-03-09-11.16.31 - INFO - Cur epoch 22 loss TA:0.6005 TV:0.6066 VA:1.1430 CE:0.3361
2026-03-09 11:17:47,319 - utils.logger2026-03-09-11.16.31 - INFO - Cur epoch 22 loss TA:0.6022 TV:0.6223 VA:1.1444 CE:0.4464
2026-03-09 11:17:48,018 - utils.logger2026-03-09-11.16.31 - INFO - Cur epoch 22 loss TA:0.5588 TV:0.5772 VA:1.1038 CE:0.3079
2026-03-09 11:17:48,493 - utils.logger2026-03-09-11.16.31 - INFO - saving the model at the end of epoch 22, iters 616
2026-03-09 11:17:48,828 - utils.logger2026-03-09-11.16.31 - INFO - End of training epoch 22 / 40 	 Time Taken: 2 sec
2026-03-09 11:17:48,828 - utils.logger2026-03-09-11.16.31 - INFO - learning rate = 0.0002000
2026-03-09 11:17:49,258 - utils.logger2026-03-09-11.16.31 - INFO - Val result of epoch 22 / 40 acc 0.7500 MAE 0.6356 f1 0.7611
2026-03-09 11:17:49,697 - utils.logger2026-03-09-11.16.31 - INFO - Tst result of epoch 22 / 40 acc 0.7500 MAE 0.6356 f1 0.7611
2026-03-09 11:17:50,448 - utils.logger2026-03-09-11.16.31 - INFO - Cur epoch 23 loss TA:0.5908 TV:0.6080 VA:1.0982 CE:0.2975
2026-03-09 11:17:51,428 - utils.logger2026-03-09-11.16.31 - INFO - Cur epoch 23 loss TA:0.6212 TV:0.6165 VA:1.1631 CE:0.1913
2026-03-09 11:17:52,068 - utils.logger2026-03-09-11.16.31 - INFO - Cur epoch 23 loss TA:0.5780 TV:0.5923 VA:1.0743 CE:0.3158
2026-03-09 11:17:52,337 - utils.logger2026-03-09-11.16.31 - INFO - saving the model at the end of epoch 23, iters 644
2026-03-09 11:17:52,552 - utils.logger2026-03-09-11.16.31 - INFO - End of training epoch 23 / 40 	 Time Taken: 2 sec
2026-03-09 11:17:52,552 - utils.logger2026-03-09-11.16.31 - INFO - learning rate = 0.0002000
2026-03-09 11:17:52,965 - utils.logger2026-03-09-11.16.31 - INFO - Val result of epoch 23 / 40 acc 0.7277 MAE 0.6099 f1 0.7422
2026-03-09 11:17:53,368 - utils.logger2026-03-09-11.16.31 - INFO - Tst result of epoch 23 / 40 acc 0.7277 MAE 0.6099 f1 0.7422
2026-03-09 11:17:54,176 - utils.logger2026-03-09-11.16.31 - INFO - Cur epoch 24 loss TA:0.5591 TV:0.5706 VA:1.0870 CE:0.3199
2026-03-09 11:17:54,855 - utils.logger2026-03-09-11.16.31 - INFO - Cur epoch 24 loss TA:0.5800 TV:0.5764 VA:1.0944 CE:0.4824
2026-03-09 11:17:55,436 - utils.logger2026-03-09-11.16.31 - INFO - Cur epoch 24 loss TA:0.5999 TV:0.6030 VA:1.1446 CE:0.2463
2026-03-09 11:17:55,661 - utils.logger2026-03-09-11.16.31 - INFO - saving the model at the end of epoch 24, iters 672
2026-03-09 11:17:55,865 - utils.logger2026-03-09-11.16.31 - INFO - End of training epoch 24 / 40 	 Time Taken: 2 sec
2026-03-09 11:17:55,866 - utils.logger2026-03-09-11.16.31 - INFO - learning rate = 0.0002000
2026-03-09 11:17:56,309 - utils.logger2026-03-09-11.16.31 - INFO - Val result of epoch 24 / 40 acc 0.7054 MAE 0.6035 f1 0.7278
2026-03-09 11:17:56,737 - utils.logger2026-03-09-11.16.31 - INFO - Tst result of epoch 24 / 40 acc 0.7054 MAE 0.6036 f1 0.7278
2026-03-09 11:17:57,540 - utils.logger2026-03-09-11.16.31 - INFO - Cur epoch 25 loss TA:0.5570 TV:0.5558 VA:1.0342 CE:0.2309
2026-03-09 11:17:58,315 - utils.logger2026-03-09-11.16.31 - INFO - Cur epoch 25 loss TA:0.5881 TV:0.6044 VA:1.1548 CE:0.2550
2026-03-09 11:17:59,385 - utils.logger2026-03-09-11.16.31 - INFO - Cur epoch 25 loss TA:0.3202 TV:0.3245 VA:0.5724 CE:0.2205
2026-03-09 11:17:59,444 - utils.logger2026-03-09-11.16.31 - INFO - saving the model at the end of epoch 25, iters 700
2026-03-09 11:17:59,927 - utils.logger2026-03-09-11.16.31 - INFO - End of training epoch 25 / 40 	 Time Taken: 3 sec
2026-03-09 11:17:59,927 - utils.logger2026-03-09-11.16.31 - INFO - learning rate = 0.0002000
2026-03-09 11:18:00,294 - utils.logger2026-03-09-11.16.31 - INFO - Val result of epoch 25 / 40 acc 0.7232 MAE 0.6146 f1 0.7325
2026-03-09 11:18:00,691 - utils.logger2026-03-09-11.16.31 - INFO - Tst result of epoch 25 / 40 acc 0.7232 MAE 0.6146 f1 0.7325
2026-03-09 11:18:01,546 - utils.logger2026-03-09-11.16.31 - INFO - Cur epoch 26 loss TA:0.5568 TV:0.5662 VA:1.0687 CE:0.2624
2026-03-09 11:18:02,168 - utils.logger2026-03-09-11.16.31 - INFO - Cur epoch 26 loss TA:0.5535 TV:0.5780 VA:1.0521 CE:0.3787
2026-03-09 11:18:02,658 - utils.logger2026-03-09-11.16.31 - INFO - saving the model at the end of epoch 26, iters 728
2026-03-09 11:18:02,792 - utils.logger2026-03-09-11.16.31 - INFO - End of training epoch 26 / 40 	 Time Taken: 2 sec
2026-03-09 11:18:02,792 - utils.logger2026-03-09-11.16.31 - INFO - learning rate = 0.0002000
2026-03-09 11:18:03,202 - utils.logger2026-03-09-11.16.31 - INFO - Val result of epoch 26 / 40 acc 0.7232 MAE 0.5892 f1 0.7330
2026-03-09 11:18:03,593 - utils.logger2026-03-09-11.16.31 - INFO - Tst result of epoch 26 / 40 acc 0.7232 MAE 0.5892 f1 0.7330
2026-03-09 11:18:03,966 - utils.logger2026-03-09-11.16.31 - INFO - Cur epoch 27 loss TA:0.5753 TV:0.5829 VA:1.0802 CE:0.2141
2026-03-09 11:18:04,606 - utils.logger2026-03-09-11.16.31 - INFO - Cur epoch 27 loss TA:0.5702 TV:0.5714 VA:1.0529 CE:0.2523
2026-03-09 11:18:05,209 - utils.logger2026-03-09-11.16.31 - INFO - Cur epoch 27 loss TA:0.5445 TV:0.5523 VA:1.0251 CE:0.2993
2026-03-09 11:18:05,770 - utils.logger2026-03-09-11.16.31 - INFO - saving the model at the end of epoch 27, iters 756
2026-03-09 11:18:06,033 - utils.logger2026-03-09-11.16.31 - INFO - End of training epoch 27 / 40 	 Time Taken: 2 sec
2026-03-09 11:18:06,033 - utils.logger2026-03-09-11.16.31 - INFO - learning rate = 0.0002000
2026-03-09 11:18:06,414 - utils.logger2026-03-09-11.16.31 - INFO - Val result of epoch 27 / 40 acc 0.7366 MAE 0.6117 f1 0.7513
2026-03-09 11:18:06,775 - utils.logger2026-03-09-11.16.31 - INFO - Tst result of epoch 27 / 40 acc 0.7366 MAE 0.6117 f1 0.7513
2026-03-09 11:18:07,426 - utils.logger2026-03-09-11.16.31 - INFO - Cur epoch 28 loss TA:0.5137 TV:0.5303 VA:1.0405 CE:0.2654
2026-03-09 11:18:08,478 - utils.logger2026-03-09-11.16.31 - INFO - Cur epoch 28 loss TA:0.5612 TV:0.5768 VA:1.0781 CE:0.1945
2026-03-09 11:18:09,537 - utils.logger2026-03-09-11.16.31 - INFO - Cur epoch 28 loss TA:0.5634 TV:0.5578 VA:1.0702 CE:0.2382
2026-03-09 11:18:09,987 - utils.logger2026-03-09-11.16.31 - INFO - saving the model at the end of epoch 28, iters 784
2026-03-09 11:18:10,246 - utils.logger2026-03-09-11.16.31 - INFO - End of training epoch 28 / 40 	 Time Taken: 3 sec
2026-03-09 11:18:10,247 - utils.logger2026-03-09-11.16.31 - INFO - learning rate = 0.0002000
2026-03-09 11:18:10,610 - utils.logger2026-03-09-11.16.31 - INFO - Val result of epoch 28 / 40 acc 0.7411 MAE 0.6262 f1 0.7522
2026-03-09 11:18:10,989 - utils.logger2026-03-09-11.16.31 - INFO - Tst result of epoch 28 / 40 acc 0.7411 MAE 0.6262 f1 0.7522
2026-03-09 11:18:11,599 - utils.logger2026-03-09-11.16.31 - INFO - Cur epoch 29 loss TA:0.5076 TV:0.5123 VA:0.9694 CE:0.2869
2026-03-09 11:18:12,372 - utils.logger2026-03-09-11.16.31 - INFO - Cur epoch 29 loss TA:0.5393 TV:0.5219 VA:1.0132 CE:0.1728
2026-03-09 11:18:13,009 - utils.logger2026-03-09-11.16.31 - INFO - Cur epoch 29 loss TA:0.5427 TV:0.5569 VA:1.0262 CE:0.1954
2026-03-09 11:18:13,160 - utils.logger2026-03-09-11.16.31 - INFO - saving the model at the end of epoch 29, iters 812
2026-03-09 11:18:13,368 - utils.logger2026-03-09-11.16.31 - INFO - End of training epoch 29 / 40 	 Time Taken: 2 sec
2026-03-09 11:18:13,368 - utils.logger2026-03-09-11.16.31 - INFO - learning rate = 0.0002000
2026-03-09 11:18:13,796 - utils.logger2026-03-09-11.16.31 - INFO - Val result of epoch 29 / 40 acc 0.7054 MAE 0.5972 f1 0.7232
2026-03-09 11:18:14,196 - utils.logger2026-03-09-11.16.31 - INFO - Tst result of epoch 29 / 40 acc 0.7054 MAE 0.5972 f1 0.7232
2026-03-09 11:18:14,941 - utils.logger2026-03-09-11.16.31 - INFO - Cur epoch 30 loss TA:0.5191 TV:0.5287 VA:1.0171 CE:0.3048
2026-03-09 11:18:15,476 - utils.logger2026-03-09-11.16.31 - INFO - Cur epoch 30 loss TA:0.5133 TV:0.5127 VA:0.9837 CE:0.1838
2026-03-09 11:18:16,281 - utils.logger2026-03-09-11.16.31 - INFO - Cur epoch 30 loss TA:0.2242 TV:0.2108 VA:0.4296 CE:0.2311
2026-03-09 11:18:16,344 - utils.logger2026-03-09-11.16.31 - INFO - saving the model at the end of epoch 30, iters 840
2026-03-09 11:18:16,759 - utils.logger2026-03-09-11.16.31 - INFO - End of training epoch 30 / 40 	 Time Taken: 2 sec
2026-03-09 11:18:16,760 - utils.logger2026-03-09-11.16.31 - INFO - learning rate = 0.0001818
2026-03-09 11:18:17,216 - utils.logger2026-03-09-11.16.31 - INFO - Val result of epoch 30 / 40 acc 0.7232 MAE 0.6055 f1 0.7372
2026-03-09 11:18:17,636 - utils.logger2026-03-09-11.16.31 - INFO - Tst result of epoch 30 / 40 acc 0.7232 MAE 0.6055 f1 0.7372
2026-03-09 11:18:18,856 - utils.logger2026-03-09-11.16.31 - INFO - Cur epoch 31 loss TA:0.5325 TV:0.5433 VA:1.0099 CE:0.2463
2026-03-09 11:18:19,498 - utils.logger2026-03-09-11.16.31 - INFO - Cur epoch 31 loss TA:0.5116 TV:0.5176 VA:0.9907 CE:0.2642
2026-03-09 11:18:20,057 - utils.logger2026-03-09-11.16.31 - INFO - saving the model at the end of epoch 31, iters 868
2026-03-09 11:18:20,264 - utils.logger2026-03-09-11.16.31 - INFO - End of training epoch 31 / 40 	 Time Taken: 2 sec
2026-03-09 11:18:20,265 - utils.logger2026-03-09-11.16.31 - INFO - learning rate = 0.0001636
2026-03-09 11:18:20,660 - utils.logger2026-03-09-11.16.31 - INFO - Val result of epoch 31 / 40 acc 0.7277 MAE 0.6016 f1 0.7423
2026-03-09 11:18:21,172 - utils.logger2026-03-09-11.16.31 - INFO - Tst result of epoch 31 / 40 acc 0.7277 MAE 0.6016 f1 0.7423
2026-03-09 11:18:21,610 - utils.logger2026-03-09-11.16.31 - INFO - Cur epoch 32 loss TA:0.5407 TV:0.5421 VA:1.0373 CE:0.2172
2026-03-09 11:18:22,316 - utils.logger2026-03-09-11.16.31 - INFO - Cur epoch 32 loss TA:0.5198 TV:0.5482 VA:1.0382 CE:0.2391
2026-03-09 11:18:22,902 - utils.logger2026-03-09-11.16.31 - INFO - Cur epoch 32 loss TA:0.5205 TV:0.5370 VA:0.9978 CE:0.2598
2026-03-09 11:18:23,295 - utils.logger2026-03-09-11.16.31 - INFO - saving the model at the end of epoch 32, iters 896
2026-03-09 11:18:23,446 - utils.logger2026-03-09-11.16.31 - INFO - End of training epoch 32 / 40 	 Time Taken: 2 sec
2026-03-09 11:18:23,446 - utils.logger2026-03-09-11.16.31 - INFO - learning rate = 0.0001455
2026-03-09 11:18:23,967 - utils.logger2026-03-09-11.16.31 - INFO - Val result of epoch 32 / 40 acc 0.7054 MAE 0.5918 f1 0.7238
2026-03-09 11:18:24,403 - utils.logger2026-03-09-11.16.31 - INFO - Tst result of epoch 32 / 40 acc 0.7054 MAE 0.5918 f1 0.7238
2026-03-09 11:18:24,970 - utils.logger2026-03-09-11.16.31 - INFO - Cur epoch 33 loss TA:0.5096 TV:0.5261 VA:0.9909 CE:0.2378
2026-03-09 11:18:25,614 - utils.logger2026-03-09-11.16.31 - INFO - Cur epoch 33 loss TA:0.5478 TV:0.5381 VA:0.9933 CE:0.1847
2026-03-09 11:18:26,623 - utils.logger2026-03-09-11.16.31 - INFO - Cur epoch 33 loss TA:0.5316 TV:0.5348 VA:0.9989 CE:0.2151
2026-03-09 11:18:27,104 - utils.logger2026-03-09-11.16.31 - INFO - saving the model at the end of epoch 33, iters 924
2026-03-09 11:18:27,573 - utils.logger2026-03-09-11.16.31 - INFO - End of training epoch 33 / 40 	 Time Taken: 3 sec
2026-03-09 11:18:27,574 - utils.logger2026-03-09-11.16.31 - INFO - learning rate = 0.0001273
2026-03-09 11:18:27,976 - utils.logger2026-03-09-11.16.31 - INFO - Val result of epoch 33 / 40 acc 0.7054 MAE 0.6065 f1 0.7280
2026-03-09 11:18:28,398 - utils.logger2026-03-09-11.16.31 - INFO - Tst result of epoch 33 / 40 acc 0.7054 MAE 0.6065 f1 0.7280
2026-03-09 11:18:29,048 - utils.logger2026-03-09-11.16.31 - INFO - Cur epoch 34 loss TA:0.5106 TV:0.5190 VA:1.0031 CE:0.2105
2026-03-09 11:18:29,671 - utils.logger2026-03-09-11.16.31 - INFO - Cur epoch 34 loss TA:0.4833 TV:0.4844 VA:0.9386 CE:0.2872
2026-03-09 11:18:30,215 - utils.logger2026-03-09-11.16.31 - INFO - Cur epoch 34 loss TA:0.5182 TV:0.5332 VA:1.0072 CE:0.2033
2026-03-09 11:18:30,369 - utils.logger2026-03-09-11.16.31 - INFO - saving the model at the end of epoch 34, iters 952
2026-03-09 11:18:30,588 - utils.logger2026-03-09-11.16.31 - INFO - End of training epoch 34 / 40 	 Time Taken: 2 sec
2026-03-09 11:18:30,589 - utils.logger2026-03-09-11.16.31 - INFO - learning rate = 0.0001091
2026-03-09 11:18:31,093 - utils.logger2026-03-09-11.16.31 - INFO - Val result of epoch 34 / 40 acc 0.7277 MAE 0.6141 f1 0.7373
2026-03-09 11:18:31,595 - utils.logger2026-03-09-11.16.31 - INFO - Tst result of epoch 34 / 40 acc 0.7277 MAE 0.6141 f1 0.7373
2026-03-09 11:18:32,434 - utils.logger2026-03-09-11.16.31 - INFO - Cur epoch 35 loss TA:0.5025 TV:0.4996 VA:0.9763 CE:0.2535
2026-03-09 11:18:33,046 - utils.logger2026-03-09-11.16.31 - INFO - Cur epoch 35 loss TA:0.5282 TV:0.5307 VA:0.9875 CE:0.1861
2026-03-09 11:18:33,774 - utils.logger2026-03-09-11.16.31 - INFO - Cur epoch 35 loss TA:0.1986 TV:0.2107 VA:0.3882 CE:0.1867
2026-03-09 11:18:33,839 - utils.logger2026-03-09-11.16.31 - INFO - saving the model at the end of epoch 35, iters 980
2026-03-09 11:18:34,096 - utils.logger2026-03-09-11.16.31 - INFO - End of training epoch 35 / 40 	 Time Taken: 2 sec
2026-03-09 11:18:34,096 - utils.logger2026-03-09-11.16.31 - INFO - learning rate = 0.0000909
2026-03-09 11:18:34,537 - utils.logger2026-03-09-11.16.31 - INFO - Val result of epoch 35 / 40 acc 0.7411 MAE 0.6127 f1 0.7513
2026-03-09 11:18:34,966 - utils.logger2026-03-09-11.16.31 - INFO - Tst result of epoch 35 / 40 acc 0.7411 MAE 0.6127 f1 0.7513
2026-03-09 11:18:36,191 - utils.logger2026-03-09-11.16.31 - INFO - Cur epoch 36 loss TA:0.4703 TV:0.4811 VA:0.9262 CE:0.1645
2026-03-09 11:18:37,215 - utils.logger2026-03-09-11.16.31 - INFO - Cur epoch 36 loss TA:0.5089 TV:0.5079 VA:0.9569 CE:0.2378
2026-03-09 11:18:38,064 - utils.logger2026-03-09-11.16.31 - INFO - saving the model at the end of epoch 36, iters 1008
2026-03-09 11:18:38,578 - utils.logger2026-03-09-11.16.31 - INFO - End of training epoch 36 / 40 	 Time Taken: 3 sec
2026-03-09 11:18:38,579 - utils.logger2026-03-09-11.16.31 - INFO - learning rate = 0.0000727
2026-03-09 11:18:38,985 - utils.logger2026-03-09-11.16.31 - INFO - Val result of epoch 36 / 40 acc 0.7143 MAE 0.6097 f1 0.7326
2026-03-09 11:18:39,355 - utils.logger2026-03-09-11.16.31 - INFO - Tst result of epoch 36 / 40 acc 0.7143 MAE 0.6097 f1 0.7326
2026-03-09 11:18:39,725 - utils.logger2026-03-09-11.16.31 - INFO - Cur epoch 37 loss TA:0.4878 TV:0.4949 VA:0.9839 CE:0.1815
2026-03-09 11:18:40,322 - utils.logger2026-03-09-11.16.31 - INFO - Cur epoch 37 loss TA:0.4805 TV:0.4873 VA:0.9381 CE:0.1389
2026-03-09 11:18:41,082 - utils.logger2026-03-09-11.16.31 - INFO - Cur epoch 37 loss TA:0.4912 TV:0.4949 VA:0.9813 CE:0.2302
2026-03-09 11:18:41,565 - utils.logger2026-03-09-11.16.31 - INFO - saving the model at the end of epoch 37, iters 1036
2026-03-09 11:18:41,782 - utils.logger2026-03-09-11.16.31 - INFO - End of training epoch 37 / 40 	 Time Taken: 2 sec
2026-03-09 11:18:41,782 - utils.logger2026-03-09-11.16.31 - INFO - learning rate = 0.0000545
2026-03-09 11:18:42,150 - utils.logger2026-03-09-11.16.31 - INFO - Val result of epoch 37 / 40 acc 0.7411 MAE 0.6117 f1 0.7513
2026-03-09 11:18:42,602 - utils.logger2026-03-09-11.16.31 - INFO - Tst result of epoch 37 / 40 acc 0.7411 MAE 0.6117 f1 0.7513
2026-03-09 11:18:43,220 - utils.logger2026-03-09-11.16.31 - INFO - Cur epoch 38 loss TA:0.5069 TV:0.5033 VA:0.9855 CE:0.1985
2026-03-09 11:18:43,827 - utils.logger2026-03-09-11.16.31 - INFO - Cur epoch 38 loss TA:0.5063 TV:0.5154 VA:0.9977 CE:0.1432
2026-03-09 11:18:44,440 - utils.logger2026-03-09-11.16.31 - INFO - Cur epoch 38 loss TA:0.4665 TV:0.4730 VA:0.9401 CE:0.2025
2026-03-09 11:18:44,875 - utils.logger2026-03-09-11.16.31 - INFO - saving the model at the end of epoch 38, iters 1064
2026-03-09 11:18:45,341 - utils.logger2026-03-09-11.16.31 - INFO - End of training epoch 38 / 40 	 Time Taken: 2 sec
2026-03-09 11:18:45,341 - utils.logger2026-03-09-11.16.31 - INFO - learning rate = 0.0000364
2026-03-09 11:18:45,780 - utils.logger2026-03-09-11.16.31 - INFO - Val result of epoch 38 / 40 acc 0.7232 MAE 0.6097 f1 0.7422
2026-03-09 11:18:46,181 - utils.logger2026-03-09-11.16.31 - INFO - Tst result of epoch 38 / 40 acc 0.7232 MAE 0.6097 f1 0.7422
2026-03-09 11:18:47,043 - utils.logger2026-03-09-11.16.31 - INFO - Cur epoch 39 loss TA:0.4971 TV:0.4998 VA:0.9618 CE:0.1976
2026-03-09 11:18:47,823 - utils.logger2026-03-09-11.16.31 - INFO - Cur epoch 39 loss TA:0.5084 TV:0.5061 VA:0.9798 CE:0.1223
2026-03-09 11:18:48,495 - utils.logger2026-03-09-11.16.31 - INFO - Cur epoch 39 loss TA:0.5148 TV:0.5128 VA:0.9429 CE:0.1554
2026-03-09 11:18:48,666 - utils.logger2026-03-09-11.16.31 - INFO - saving the model at the end of epoch 39, iters 1092
2026-03-09 11:18:48,885 - utils.logger2026-03-09-11.16.31 - INFO - End of training epoch 39 / 40 	 Time Taken: 2 sec
2026-03-09 11:18:48,885 - utils.logger2026-03-09-11.16.31 - INFO - learning rate = 0.0000182
2026-03-09 11:18:49,306 - utils.logger2026-03-09-11.16.31 - INFO - Val result of epoch 39 / 40 acc 0.7366 MAE 0.6179 f1 0.7467
2026-03-09 11:18:49,795 - utils.logger2026-03-09-11.16.31 - INFO - Tst result of epoch 39 / 40 acc 0.7366 MAE 0.6179 f1 0.7467
2026-03-09 11:18:50,606 - utils.logger2026-03-09-11.16.31 - INFO - Cur epoch 40 loss TA:0.4918 TV:0.4937 VA:0.9428 CE:0.1538
2026-03-09 11:18:51,210 - utils.logger2026-03-09-11.16.31 - INFO - Cur epoch 40 loss TA:0.4998 TV:0.4986 VA:0.9221 CE:0.1579
2026-03-09 11:18:51,928 - utils.logger2026-03-09-11.16.31 - INFO - Cur epoch 40 loss TA:0.2220 TV:0.2277 VA:0.4244 CE:0.1970
2026-03-09 11:18:51,995 - utils.logger2026-03-09-11.16.31 - INFO - saving the model at the end of epoch 40, iters 1120
2026-03-09 11:18:52,300 - utils.logger2026-03-09-11.16.31 - INFO - End of training epoch 40 / 40 	 Time Taken: 2 sec
2026-03-09 11:18:52,301 - utils.logger2026-03-09-11.16.31 - INFO - learning rate = 0.0000000
2026-03-09 11:18:52,713 - utils.logger2026-03-09-11.16.31 - INFO - Val result of epoch 40 / 40 acc 0.7500 MAE 0.6173 f1 0.7607
2026-03-09 11:18:53,129 - utils.logger2026-03-09-11.16.31 - INFO - Tst result of epoch 40 / 40 acc 0.7500 MAE 0.6174 f1 0.7607
2026-03-09 11:18:53,130 - utils.logger2026-03-09-11.16.31 - INFO - Best eval epoch 18 found with f1 0.775442
