2026-03-04 20:40:06,498 - utils.logger2026-03-04-20.40.06 - INFO - The number of training samples = 1750
2026-03-04 20:40:09,301 - utils.logger2026-03-04-20.40.06 - INFO - Cur epoch 1 loss TA:1.0355 TV:1.0347 VA:2.0632 CE:5.3601
2026-03-04 20:40:10,247 - utils.logger2026-03-04-20.40.06 - INFO - Cur epoch 1 loss TA:1.0353 TV:1.0365 VA:2.0709 CE:5.2733
2026-03-04 20:40:11,074 - utils.logger2026-03-04-20.40.06 - INFO - saving the model at the end of epoch 1, iters 28
2026-03-04 20:40:11,212 - utils.logger2026-03-04-20.40.06 - INFO - End of training epoch 1 / 40 	 Time Taken: 4 sec
2026-03-04 20:40:11,212 - utils.logger2026-03-04-20.40.06 - INFO - learning rate = 0.0002000
2026-03-04 20:40:11,737 - utils.logger2026-03-04-20.40.06 - INFO - Val result of epoch 1 / 40 acc 0.5759 MAE 0.0262 f1 0.7262
2026-03-04 20:40:12,298 - utils.logger2026-03-04-20.40.06 - INFO - Tst result of epoch 1 / 40 acc 0.5759 MAE 0.0262 f1 0.7262
2026-03-04 20:40:12,899 - utils.logger2026-03-04-20.40.06 - INFO - Cur epoch 2 loss TA:1.0348 TV:1.0340 VA:2.0475 CE:4.4558
2026-03-04 20:40:13,908 - utils.logger2026-03-04-20.40.06 - INFO - Cur epoch 2 loss TA:1.0339 TV:1.0325 VA:2.0660 CE:2.7303
2026-03-04 20:40:14,880 - utils.logger2026-03-04-20.40.06 - INFO - Cur epoch 2 loss TA:1.0322 TV:1.0326 VA:2.0565 CE:3.0918
2026-03-04 20:40:15,509 - utils.logger2026-03-04-20.40.06 - INFO - saving the model at the end of epoch 2, iters 56
2026-03-04 20:40:15,660 - utils.logger2026-03-04-20.40.06 - INFO - End of training epoch 2 / 40 	 Time Taken: 3 sec
2026-03-04 20:40:15,661 - utils.logger2026-03-04-20.40.06 - INFO - learning rate = 0.0002000
2026-03-04 20:40:16,185 - utils.logger2026-03-04-20.40.06 - INFO - Val result of epoch 2 / 40 acc 0.6205 MAE 0.2398 f1 0.6655
2026-03-04 20:40:16,683 - utils.logger2026-03-04-20.40.06 - INFO - Tst result of epoch 2 / 40 acc 0.6205 MAE 0.2398 f1 0.6655
2026-03-04 20:40:17,448 - utils.logger2026-03-04-20.40.06 - INFO - Cur epoch 3 loss TA:1.0295 TV:1.0265 VA:2.0413 CE:2.2003
2026-03-04 20:40:18,383 - utils.logger2026-03-04-20.40.06 - INFO - Cur epoch 3 loss TA:1.0182 TV:1.0099 VA:2.0215 CE:3.0061
2026-03-04 20:40:19,315 - utils.logger2026-03-04-20.40.06 - INFO - Cur epoch 3 loss TA:1.0079 TV:1.0105 VA:1.9996 CE:2.9468
2026-03-04 20:40:19,738 - utils.logger2026-03-04-20.40.06 - INFO - saving the model at the end of epoch 3, iters 84
2026-03-04 20:40:19,887 - utils.logger2026-03-04-20.40.06 - INFO - End of training epoch 3 / 40 	 Time Taken: 3 sec
2026-03-04 20:40:19,888 - utils.logger2026-03-04-20.40.06 - INFO - learning rate = 0.0002000
2026-03-04 20:40:20,579 - utils.logger2026-03-04-20.40.06 - INFO - Val result of epoch 3 / 40 acc 0.6562 MAE 0.2754 f1 0.6967
2026-03-04 20:40:21,292 - utils.logger2026-03-04-20.40.06 - INFO - Tst result of epoch 3 / 40 acc 0.6562 MAE 0.2754 f1 0.6967
2026-03-04 20:40:22,530 - utils.logger2026-03-04-20.40.06 - INFO - Cur epoch 4 loss TA:0.9828 TV:0.9844 VA:1.9620 CE:2.1014
2026-03-04 20:40:23,524 - utils.logger2026-03-04-20.40.06 - INFO - Cur epoch 4 loss TA:0.9606 TV:0.9556 VA:1.9023 CE:2.5026
2026-03-04 20:40:24,466 - utils.logger2026-03-04-20.40.06 - INFO - Cur epoch 4 loss TA:0.9547 TV:0.9664 VA:1.9198 CE:2.6860
2026-03-04 20:40:24,723 - utils.logger2026-03-04-20.40.06 - INFO - saving the model at the end of epoch 4, iters 112
2026-03-04 20:40:24,867 - utils.logger2026-03-04-20.40.06 - INFO - End of training epoch 4 / 40 	 Time Taken: 3 sec
2026-03-04 20:40:24,868 - utils.logger2026-03-04-20.40.06 - INFO - learning rate = 0.0002000
2026-03-04 20:40:25,411 - utils.logger2026-03-04-20.40.06 - INFO - Val result of epoch 4 / 40 acc 0.6875 MAE 0.5319 f1 0.7188
2026-03-04 20:40:25,943 - utils.logger2026-03-04-20.40.06 - INFO - Tst result of epoch 4 / 40 acc 0.6875 MAE 0.5319 f1 0.7188
2026-03-04 20:40:27,083 - utils.logger2026-03-04-20.40.06 - INFO - Cur epoch 5 loss TA:0.9393 TV:0.9345 VA:1.8510 CE:2.3188
2026-03-04 20:40:28,027 - utils.logger2026-03-04-20.40.06 - INFO - Cur epoch 5 loss TA:0.9388 TV:0.9334 VA:1.8664 CE:1.8807
2026-03-04 20:40:28,870 - utils.logger2026-03-04-20.40.06 - INFO - Cur epoch 5 loss TA:0.6462 TV:0.6907 VA:1.3426 CE:1.9744
2026-03-04 20:40:28,937 - utils.logger2026-03-04-20.40.06 - INFO - saving the model at the end of epoch 5, iters 140
2026-03-04 20:40:29,066 - utils.logger2026-03-04-20.40.06 - INFO - End of training epoch 5 / 40 	 Time Taken: 3 sec
2026-03-04 20:40:29,067 - utils.logger2026-03-04-20.40.06 - INFO - learning rate = 0.0002000
2026-03-04 20:40:29,582 - utils.logger2026-03-04-20.40.06 - INFO - Val result of epoch 5 / 40 acc 0.7321 MAE 0.5920 f1 0.7367
2026-03-04 20:40:30,062 - utils.logger2026-03-04-20.40.06 - INFO - Tst result of epoch 5 / 40 acc 0.7321 MAE 0.5920 f1 0.7367
2026-03-04 20:40:31,273 - utils.logger2026-03-04-20.40.06 - INFO - Cur epoch 6 loss TA:0.9251 TV:0.9069 VA:1.8411 CE:1.9926
2026-03-04 20:40:32,185 - utils.logger2026-03-04-20.40.06 - INFO - Cur epoch 6 loss TA:0.9144 TV:0.9412 VA:1.8828 CE:2.4019
2026-03-04 20:40:32,962 - utils.logger2026-03-04-20.40.06 - INFO - saving the model at the end of epoch 6, iters 168
2026-03-04 20:40:33,101 - utils.logger2026-03-04-20.40.06 - INFO - End of training epoch 6 / 40 	 Time Taken: 3 sec
2026-03-04 20:40:33,101 - utils.logger2026-03-04-20.40.06 - INFO - learning rate = 0.0002000
2026-03-04 20:40:33,622 - utils.logger2026-03-04-20.40.06 - INFO - Val result of epoch 6 / 40 acc 0.7902 MAE 0.6515 f1 0.7941
2026-03-04 20:40:34,121 - utils.logger2026-03-04-20.40.06 - INFO - Tst result of epoch 6 / 40 acc 0.7902 MAE 0.6515 f1 0.7941
2026-03-04 20:40:34,627 - utils.logger2026-03-04-20.40.06 - INFO - Cur epoch 7 loss TA:0.9147 TV:0.9084 VA:1.8151 CE:1.4084
2026-03-04 20:40:35,446 - utils.logger2026-03-04-20.40.06 - INFO - Cur epoch 7 loss TA:0.8843 TV:0.9000 VA:1.7802 CE:1.9812
2026-03-04 20:40:36,357 - utils.logger2026-03-04-20.40.06 - INFO - Cur epoch 7 loss TA:0.9019 TV:0.9119 VA:1.7856 CE:1.5328
2026-03-04 20:40:36,951 - utils.logger2026-03-04-20.40.06 - INFO - saving the model at the end of epoch 7, iters 196
2026-03-04 20:40:37,103 - utils.logger2026-03-04-20.40.06 - INFO - End of training epoch 7 / 40 	 Time Taken: 2 sec
2026-03-04 20:40:37,104 - utils.logger2026-03-04-20.40.06 - INFO - learning rate = 0.0002000
2026-03-04 20:40:37,648 - utils.logger2026-03-04-20.40.06 - INFO - Val result of epoch 7 / 40 acc 0.7812 MAE 0.6534 f1 0.7847
2026-03-04 20:40:38,203 - utils.logger2026-03-04-20.40.06 - INFO - Tst result of epoch 7 / 40 acc 0.7812 MAE 0.6534 f1 0.7847
2026-03-04 20:40:38,928 - utils.logger2026-03-04-20.40.06 - INFO - Cur epoch 8 loss TA:0.8785 TV:0.8748 VA:1.7818 CE:1.4197
2026-03-04 20:40:39,875 - utils.logger2026-03-04-20.40.06 - INFO - Cur epoch 8 loss TA:0.8971 TV:0.8908 VA:1.7788 CE:1.4335
2026-03-04 20:40:40,825 - utils.logger2026-03-04-20.40.06 - INFO - Cur epoch 8 loss TA:0.8971 TV:0.8760 VA:1.7422 CE:1.5285
2026-03-04 20:40:41,284 - utils.logger2026-03-04-20.40.06 - INFO - saving the model at the end of epoch 8, iters 224
2026-03-04 20:40:41,438 - utils.logger2026-03-04-20.40.06 - INFO - End of training epoch 8 / 40 	 Time Taken: 3 sec
2026-03-04 20:40:41,439 - utils.logger2026-03-04-20.40.06 - INFO - learning rate = 0.0002000
2026-03-04 20:40:41,992 - utils.logger2026-03-04-20.40.06 - INFO - Val result of epoch 8 / 40 acc 0.7902 MAE 0.6825 f1 0.7928
2026-03-04 20:40:42,471 - utils.logger2026-03-04-20.40.06 - INFO - Tst result of epoch 8 / 40 acc 0.7902 MAE 0.6825 f1 0.7928
2026-03-04 20:40:43,339 - utils.logger2026-03-04-20.40.06 - INFO - Cur epoch 9 loss TA:0.8862 TV:0.8933 VA:1.7160 CE:0.9276
2026-03-04 20:40:44,290 - utils.logger2026-03-04-20.40.06 - INFO - Cur epoch 9 loss TA:0.8639 TV:0.8753 VA:1.7393 CE:1.4290
2026-03-04 20:40:45,199 - utils.logger2026-03-04-20.40.06 - INFO - Cur epoch 9 loss TA:0.8982 TV:0.8897 VA:1.7863 CE:1.4267
2026-03-04 20:40:45,444 - utils.logger2026-03-04-20.40.06 - INFO - saving the model at the end of epoch 9, iters 252
2026-03-04 20:40:45,588 - utils.logger2026-03-04-20.40.06 - INFO - End of training epoch 9 / 40 	 Time Taken: 3 sec
2026-03-04 20:40:45,588 - utils.logger2026-03-04-20.40.06 - INFO - learning rate = 0.0002000
2026-03-04 20:40:46,114 - utils.logger2026-03-04-20.40.06 - INFO - Val result of epoch 9 / 40 acc 0.7500 MAE 0.6855 f1 0.7666
2026-03-04 20:40:46,605 - utils.logger2026-03-04-20.40.06 - INFO - Tst result of epoch 9 / 40 acc 0.7500 MAE 0.6855 f1 0.7666
2026-03-04 20:40:47,687 - utils.logger2026-03-04-20.40.06 - INFO - Cur epoch 10 loss TA:0.8715 TV:0.8769 VA:1.7403 CE:0.9497
2026-03-04 20:40:48,563 - utils.logger2026-03-04-20.40.06 - INFO - Cur epoch 10 loss TA:0.8523 TV:0.8660 VA:1.7136 CE:1.4584
2026-03-04 20:40:49,505 - utils.logger2026-03-04-20.40.06 - INFO - Cur epoch 10 loss TA:0.6110 TV:0.5997 VA:1.1495 CE:1.4061
2026-03-04 20:40:49,564 - utils.logger2026-03-04-20.40.06 - INFO - saving the model at the end of epoch 10, iters 280
2026-03-04 20:40:49,707 - utils.logger2026-03-04-20.40.06 - INFO - End of training epoch 10 / 40 	 Time Taken: 3 sec
2026-03-04 20:40:49,707 - utils.logger2026-03-04-20.40.06 - INFO - learning rate = 0.0002000
2026-03-04 20:40:50,237 - utils.logger2026-03-04-20.40.06 - INFO - Val result of epoch 10 / 40 acc 0.7812 MAE 0.7054 f1 0.7936
2026-03-04 20:40:50,796 - utils.logger2026-03-04-20.40.06 - INFO - Tst result of epoch 10 / 40 acc 0.7812 MAE 0.7054 f1 0.7936
2026-03-04 20:40:52,108 - utils.logger2026-03-04-20.40.06 - INFO - Cur epoch 11 loss TA:0.8343 TV:0.8681 VA:1.7312 CE:0.9140
2026-03-04 20:40:53,073 - utils.logger2026-03-04-20.40.06 - INFO - Cur epoch 11 loss TA:0.8438 TV:0.8695 VA:1.7100 CE:1.0567
2026-03-04 20:40:53,853 - utils.logger2026-03-04-20.40.06 - INFO - saving the model at the end of epoch 11, iters 308
2026-03-04 20:40:53,989 - utils.logger2026-03-04-20.40.06 - INFO - End of training epoch 11 / 40 	 Time Taken: 3 sec
2026-03-04 20:40:53,989 - utils.logger2026-03-04-20.40.06 - INFO - learning rate = 0.0002000
2026-03-04 20:40:54,506 - utils.logger2026-03-04-20.40.06 - INFO - Val result of epoch 11 / 40 acc 0.7679 MAE 0.6976 f1 0.7812
2026-03-04 20:40:55,056 - utils.logger2026-03-04-20.40.06 - INFO - Tst result of epoch 11 / 40 acc 0.7679 MAE 0.6976 f1 0.7812
2026-03-04 20:40:55,638 - utils.logger2026-03-04-20.40.06 - INFO - Cur epoch 12 loss TA:0.8262 TV:0.8356 VA:1.6333 CE:0.8808
2026-03-04 20:40:56,630 - utils.logger2026-03-04-20.40.06 - INFO - Cur epoch 12 loss TA:0.8514 TV:0.8172 VA:1.6186 CE:0.7268
2026-03-04 20:40:57,555 - utils.logger2026-03-04-20.40.06 - INFO - Cur epoch 12 loss TA:0.8480 TV:0.8385 VA:1.6110 CE:0.8865
2026-03-04 20:40:58,187 - utils.logger2026-03-04-20.40.06 - INFO - saving the model at the end of epoch 12, iters 336
2026-03-04 20:40:58,336 - utils.logger2026-03-04-20.40.06 - INFO - End of training epoch 12 / 40 	 Time Taken: 3 sec
2026-03-04 20:40:58,337 - utils.logger2026-03-04-20.40.06 - INFO - learning rate = 0.0002000
2026-03-04 20:40:58,878 - utils.logger2026-03-04-20.40.06 - INFO - Val result of epoch 12 / 40 acc 0.7946 MAE 0.7033 f1 0.8012
2026-03-04 20:40:59,382 - utils.logger2026-03-04-20.40.06 - INFO - Tst result of epoch 12 / 40 acc 0.7946 MAE 0.7033 f1 0.8012
2026-03-04 20:41:00,087 - utils.logger2026-03-04-20.40.06 - INFO - Cur epoch 13 loss TA:0.8245 TV:0.8326 VA:1.6013 CE:0.7890
2026-03-04 20:41:00,951 - utils.logger2026-03-04-20.40.06 - INFO - Cur epoch 13 loss TA:0.8231 TV:0.8368 VA:1.5940 CE:0.7587
2026-03-04 20:41:01,791 - utils.logger2026-03-04-20.40.06 - INFO - Cur epoch 13 loss TA:0.8251 TV:0.8362 VA:1.6367 CE:0.9280
2026-03-04 20:41:02,181 - utils.logger2026-03-04-20.40.06 - INFO - saving the model at the end of epoch 13, iters 364
2026-03-04 20:41:02,318 - utils.logger2026-03-04-20.40.06 - INFO - End of training epoch 13 / 40 	 Time Taken: 2 sec
2026-03-04 20:41:02,318 - utils.logger2026-03-04-20.40.06 - INFO - learning rate = 0.0002000
2026-03-04 20:41:02,823 - utils.logger2026-03-04-20.40.06 - INFO - Val result of epoch 13 / 40 acc 0.7991 MAE 0.7140 f1 0.8047
2026-03-04 20:41:03,339 - utils.logger2026-03-04-20.40.06 - INFO - Tst result of epoch 13 / 40 acc 0.7991 MAE 0.7140 f1 0.8047
2026-03-04 20:41:04,254 - utils.logger2026-03-04-20.40.06 - INFO - Cur epoch 14 loss TA:0.8129 TV:0.7955 VA:1.5861 CE:0.7039
2026-03-04 20:41:05,217 - utils.logger2026-03-04-20.40.06 - INFO - Cur epoch 14 loss TA:0.8077 TV:0.8219 VA:1.6678 CE:0.7542
2026-03-04 20:41:06,069 - utils.logger2026-03-04-20.40.06 - INFO - Cur epoch 14 loss TA:0.8279 TV:0.8167 VA:1.6744 CE:0.8613
2026-03-04 20:41:06,307 - utils.logger2026-03-04-20.40.06 - INFO - saving the model at the end of epoch 14, iters 392
2026-03-04 20:41:06,439 - utils.logger2026-03-04-20.40.06 - INFO - End of training epoch 14 / 40 	 Time Taken: 3 sec
2026-03-04 20:41:06,439 - utils.logger2026-03-04-20.40.06 - INFO - learning rate = 0.0002000
2026-03-04 20:41:06,990 - utils.logger2026-03-04-20.40.06 - INFO - Val result of epoch 14 / 40 acc 0.7946 MAE 0.7089 f1 0.8034
2026-03-04 20:41:07,465 - utils.logger2026-03-04-20.40.06 - INFO - Tst result of epoch 14 / 40 acc 0.7946 MAE 0.7089 f1 0.8034
2026-03-04 20:41:08,475 - utils.logger2026-03-04-20.40.06 - INFO - Cur epoch 15 loss TA:0.7682 TV:0.7952 VA:1.6059 CE:0.6934
2026-03-04 20:41:09,288 - utils.logger2026-03-04-20.40.06 - INFO - Cur epoch 15 loss TA:0.8184 TV:0.8310 VA:1.5763 CE:0.7665
2026-03-04 20:41:10,071 - utils.logger2026-03-04-20.40.06 - INFO - Cur epoch 15 loss TA:0.4888 TV:0.5396 VA:1.0670 CE:0.6500
2026-03-04 20:41:10,130 - utils.logger2026-03-04-20.40.06 - INFO - saving the model at the end of epoch 15, iters 420
2026-03-04 20:41:10,266 - utils.logger2026-03-04-20.40.06 - INFO - End of training epoch 15 / 40 	 Time Taken: 2 sec
2026-03-04 20:41:10,267 - utils.logger2026-03-04-20.40.06 - INFO - learning rate = 0.0002000
2026-03-04 20:41:10,786 - utils.logger2026-03-04-20.40.06 - INFO - Val result of epoch 15 / 40 acc 0.8080 MAE 0.7076 f1 0.8130
2026-03-04 20:41:11,278 - utils.logger2026-03-04-20.40.06 - INFO - Tst result of epoch 15 / 40 acc 0.8080 MAE 0.7076 f1 0.8130
2026-03-04 20:41:12,490 - utils.logger2026-03-04-20.40.06 - INFO - Cur epoch 16 loss TA:0.7709 TV:0.8137 VA:1.5812 CE:0.8470
2026-03-04 20:41:13,405 - utils.logger2026-03-04-20.40.06 - INFO - Cur epoch 16 loss TA:0.7971 TV:0.8247 VA:1.6026 CE:0.5253
2026-03-04 20:41:14,139 - utils.logger2026-03-04-20.40.06 - INFO - saving the model at the end of epoch 16, iters 448
2026-03-04 20:41:14,276 - utils.logger2026-03-04-20.40.06 - INFO - End of training epoch 16 / 40 	 Time Taken: 2 sec
2026-03-04 20:41:14,276 - utils.logger2026-03-04-20.40.06 - INFO - learning rate = 0.0002000
2026-03-04 20:41:14,819 - utils.logger2026-03-04-20.40.06 - INFO - Val result of epoch 16 / 40 acc 0.8125 MAE 0.7160 f1 0.8152
2026-03-04 20:41:15,350 - utils.logger2026-03-04-20.40.06 - INFO - Tst result of epoch 16 / 40 acc 0.8125 MAE 0.7160 f1 0.8152
2026-03-04 20:41:15,936 - utils.logger2026-03-04-20.40.06 - INFO - Cur epoch 17 loss TA:0.7734 TV:0.7669 VA:1.5364 CE:0.7883
2026-03-04 20:41:16,892 - utils.logger2026-03-04-20.40.06 - INFO - Cur epoch 17 loss TA:0.7935 TV:0.7920 VA:1.5391 CE:0.7086
2026-03-04 20:41:17,823 - utils.logger2026-03-04-20.40.06 - INFO - Cur epoch 17 loss TA:0.7514 TV:0.8253 VA:1.5400 CE:0.5308
2026-03-04 20:41:18,452 - utils.logger2026-03-04-20.40.06 - INFO - saving the model at the end of epoch 17, iters 476
2026-03-04 20:41:18,620 - utils.logger2026-03-04-20.40.06 - INFO - End of training epoch 17 / 40 	 Time Taken: 3 sec
2026-03-04 20:41:18,620 - utils.logger2026-03-04-20.40.06 - INFO - learning rate = 0.0002000
2026-03-04 20:41:19,159 - utils.logger2026-03-04-20.40.06 - INFO - Val result of epoch 17 / 40 acc 0.8036 MAE 0.7157 f1 0.8083
2026-03-04 20:41:19,730 - utils.logger2026-03-04-20.40.06 - INFO - Tst result of epoch 17 / 40 acc 0.8036 MAE 0.7157 f1 0.8083
2026-03-04 20:41:20,489 - utils.logger2026-03-04-20.40.06 - INFO - Cur epoch 18 loss TA:0.7625 TV:0.7720 VA:1.5031 CE:0.6060
2026-03-04 20:41:21,433 - utils.logger2026-03-04-20.40.06 - INFO - Cur epoch 18 loss TA:0.7544 TV:0.7874 VA:1.5467 CE:0.6397
2026-03-04 20:41:22,374 - utils.logger2026-03-04-20.40.06 - INFO - Cur epoch 18 loss TA:0.7818 TV:0.7547 VA:1.5413 CE:0.4922
2026-03-04 20:41:22,857 - utils.logger2026-03-04-20.40.06 - INFO - saving the model at the end of epoch 18, iters 504
2026-03-04 20:41:23,019 - utils.logger2026-03-04-20.40.06 - INFO - End of training epoch 18 / 40 	 Time Taken: 3 sec
2026-03-04 20:41:23,019 - utils.logger2026-03-04-20.40.06 - INFO - learning rate = 0.0002000
2026-03-04 20:41:23,553 - utils.logger2026-03-04-20.40.06 - INFO - Val result of epoch 18 / 40 acc 0.7946 MAE 0.7157 f1 0.8034
2026-03-04 20:41:24,105 - utils.logger2026-03-04-20.40.06 - INFO - Tst result of epoch 18 / 40 acc 0.7946 MAE 0.7157 f1 0.8034
2026-03-04 20:41:25,083 - utils.logger2026-03-04-20.40.06 - INFO - Cur epoch 19 loss TA:0.7528 TV:0.7500 VA:1.5037 CE:0.3508
2026-03-04 20:41:26,049 - utils.logger2026-03-04-20.40.06 - INFO - Cur epoch 19 loss TA:0.7337 TV:0.7349 VA:1.4580 CE:0.6383
2026-03-04 20:41:26,978 - utils.logger2026-03-04-20.40.06 - INFO - Cur epoch 19 loss TA:0.7551 TV:0.7837 VA:1.4958 CE:0.5711
2026-03-04 20:41:27,237 - utils.logger2026-03-04-20.40.06 - INFO - saving the model at the end of epoch 19, iters 532
2026-03-04 20:41:27,380 - utils.logger2026-03-04-20.40.06 - INFO - End of training epoch 19 / 40 	 Time Taken: 3 sec
2026-03-04 20:41:27,381 - utils.logger2026-03-04-20.40.06 - INFO - learning rate = 0.0002000
2026-03-04 20:41:27,882 - utils.logger2026-03-04-20.40.06 - INFO - Val result of epoch 19 / 40 acc 0.7946 MAE 0.7281 f1 0.8012
2026-03-04 20:41:28,387 - utils.logger2026-03-04-20.40.06 - INFO - Tst result of epoch 19 / 40 acc 0.7946 MAE 0.7281 f1 0.8012
2026-03-04 20:41:29,513 - utils.logger2026-03-04-20.40.06 - INFO - Cur epoch 20 loss TA:0.7589 TV:0.7645 VA:1.4910 CE:0.4513
2026-03-04 20:41:30,478 - utils.logger2026-03-04-20.40.06 - INFO - Cur epoch 20 loss TA:0.7196 TV:0.7231 VA:1.4454 CE:0.4762
2026-03-04 20:41:31,447 - utils.logger2026-03-04-20.40.06 - INFO - Cur epoch 20 loss TA:0.4499 TV:0.4606 VA:0.9068 CE:0.6010
2026-03-04 20:41:31,499 - utils.logger2026-03-04-20.40.06 - INFO - saving the model at the end of epoch 20, iters 560
2026-03-04 20:41:31,658 - utils.logger2026-03-04-20.40.06 - INFO - End of training epoch 20 / 40 	 Time Taken: 3 sec
2026-03-04 20:41:31,658 - utils.logger2026-03-04-20.40.06 - INFO - learning rate = 0.0002000
2026-03-04 20:41:32,195 - utils.logger2026-03-04-20.40.06 - INFO - Val result of epoch 20 / 40 acc 0.7723 MAE 0.7181 f1 0.7850
2026-03-04 20:41:32,741 - utils.logger2026-03-04-20.40.06 - INFO - Tst result of epoch 20 / 40 acc 0.7723 MAE 0.7181 f1 0.7850
2026-03-04 20:41:34,140 - utils.logger2026-03-04-20.40.06 - INFO - Cur epoch 21 loss TA:0.7063 TV:0.6977 VA:1.4058 CE:0.4460
2026-03-04 20:41:35,146 - utils.logger2026-03-04-20.40.06 - INFO - Cur epoch 21 loss TA:0.7713 TV:0.7563 VA:1.4975 CE:0.3480
2026-03-04 20:41:35,971 - utils.logger2026-03-04-20.40.06 - INFO - saving the model at the end of epoch 21, iters 588
2026-03-04 20:41:36,126 - utils.logger2026-03-04-20.40.06 - INFO - End of training epoch 21 / 40 	 Time Taken: 3 sec
2026-03-04 20:41:36,126 - utils.logger2026-03-04-20.40.06 - INFO - learning rate = 0.0002000
2026-03-04 20:41:36,706 - utils.logger2026-03-04-20.40.06 - INFO - Val result of epoch 21 / 40 acc 0.8036 MAE 0.7093 f1 0.8094
2026-03-04 20:41:37,250 - utils.logger2026-03-04-20.40.06 - INFO - Tst result of epoch 21 / 40 acc 0.8036 MAE 0.7093 f1 0.8094
2026-03-04 20:41:37,847 - utils.logger2026-03-04-20.40.06 - INFO - Cur epoch 22 loss TA:0.7418 TV:0.7302 VA:1.4538 CE:0.5089
2026-03-04 20:41:38,788 - utils.logger2026-03-04-20.40.06 - INFO - Cur epoch 22 loss TA:0.7304 TV:0.7526 VA:1.4857 CE:0.4573
2026-03-04 20:41:39,761 - utils.logger2026-03-04-20.40.06 - INFO - Cur epoch 22 loss TA:0.7641 TV:0.7491 VA:1.4432 CE:0.4572
2026-03-04 20:41:40,471 - utils.logger2026-03-04-20.40.06 - INFO - saving the model at the end of epoch 22, iters 616
2026-03-04 20:41:40,643 - utils.logger2026-03-04-20.40.06 - INFO - End of training epoch 22 / 40 	 Time Taken: 3 sec
2026-03-04 20:41:40,644 - utils.logger2026-03-04-20.40.06 - INFO - learning rate = 0.0002000
2026-03-04 20:41:41,207 - utils.logger2026-03-04-20.40.06 - INFO - Val result of epoch 22 / 40 acc 0.8125 MAE 0.7201 f1 0.8159
2026-03-04 20:41:41,752 - utils.logger2026-03-04-20.40.06 - INFO - Tst result of epoch 22 / 40 acc 0.8125 MAE 0.7201 f1 0.8159
2026-03-04 20:41:42,506 - utils.logger2026-03-04-20.40.06 - INFO - Cur epoch 23 loss TA:0.7330 TV:0.7501 VA:1.4677 CE:0.4259
2026-03-04 20:41:43,465 - utils.logger2026-03-04-20.40.06 - INFO - Cur epoch 23 loss TA:0.7156 TV:0.7222 VA:1.4322 CE:0.3981
2026-03-04 20:41:44,344 - utils.logger2026-03-04-20.40.06 - INFO - Cur epoch 23 loss TA:0.7123 TV:0.7327 VA:1.4273 CE:0.4210
2026-03-04 20:41:44,801 - utils.logger2026-03-04-20.40.06 - INFO - saving the model at the end of epoch 23, iters 644
2026-03-04 20:41:44,966 - utils.logger2026-03-04-20.40.06 - INFO - End of training epoch 23 / 40 	 Time Taken: 3 sec
2026-03-04 20:41:44,966 - utils.logger2026-03-04-20.40.06 - INFO - learning rate = 0.0002000
2026-03-04 20:41:45,481 - utils.logger2026-03-04-20.40.06 - INFO - Val result of epoch 23 / 40 acc 0.8125 MAE 0.7299 f1 0.8172
2026-03-04 20:41:46,009 - utils.logger2026-03-04-20.40.06 - INFO - Tst result of epoch 23 / 40 acc 0.8125 MAE 0.7299 f1 0.8172
2026-03-04 20:41:46,889 - utils.logger2026-03-04-20.40.06 - INFO - Cur epoch 24 loss TA:0.7231 TV:0.7129 VA:1.4240 CE:0.3239
2026-03-04 20:41:47,733 - utils.logger2026-03-04-20.40.06 - INFO - Cur epoch 24 loss TA:0.7141 TV:0.7165 VA:1.4159 CE:0.4598
2026-03-04 20:41:48,593 - utils.logger2026-03-04-20.40.06 - INFO - Cur epoch 24 loss TA:0.6884 TV:0.7319 VA:1.4859 CE:0.5851
2026-03-04 20:41:48,805 - utils.logger2026-03-04-20.40.06 - INFO - saving the model at the end of epoch 24, iters 672
2026-03-04 20:41:48,942 - utils.logger2026-03-04-20.40.06 - INFO - End of training epoch 24 / 40 	 Time Taken: 2 sec
2026-03-04 20:41:48,942 - utils.logger2026-03-04-20.40.06 - INFO - learning rate = 0.0002000
2026-03-04 20:41:49,469 - utils.logger2026-03-04-20.40.06 - INFO - Val result of epoch 24 / 40 acc 0.7812 MAE 0.7122 f1 0.7899
2026-03-04 20:41:49,963 - utils.logger2026-03-04-20.40.06 - INFO - Tst result of epoch 24 / 40 acc 0.7812 MAE 0.7122 f1 0.7899
2026-03-04 20:41:51,002 - utils.logger2026-03-04-20.40.06 - INFO - Cur epoch 25 loss TA:0.6872 TV:0.7279 VA:1.4910 CE:0.4075
2026-03-04 20:41:51,886 - utils.logger2026-03-04-20.40.06 - INFO - Cur epoch 25 loss TA:0.7120 TV:0.7068 VA:1.4476 CE:0.4489
2026-03-04 20:41:52,835 - utils.logger2026-03-04-20.40.06 - INFO - Cur epoch 25 loss TA:0.4720 TV:0.4483 VA:0.8827 CE:0.3296
2026-03-04 20:41:52,911 - utils.logger2026-03-04-20.40.06 - INFO - saving the model at the end of epoch 25, iters 700
2026-03-04 20:41:53,069 - utils.logger2026-03-04-20.40.06 - INFO - End of training epoch 25 / 40 	 Time Taken: 3 sec
2026-03-04 20:41:53,070 - utils.logger2026-03-04-20.40.06 - INFO - learning rate = 0.0002000
2026-03-04 20:41:53,630 - utils.logger2026-03-04-20.40.06 - INFO - Val result of epoch 25 / 40 acc 0.8214 MAE 0.7303 f1 0.8249
2026-03-04 20:41:54,176 - utils.logger2026-03-04-20.40.06 - INFO - Tst result of epoch 25 / 40 acc 0.8214 MAE 0.7303 f1 0.8249
2026-03-04 20:41:55,539 - utils.logger2026-03-04-20.40.06 - INFO - Cur epoch 26 loss TA:0.7277 TV:0.7261 VA:1.4821 CE:0.3982
2026-03-04 20:41:56,580 - utils.logger2026-03-04-20.40.06 - INFO - Cur epoch 26 loss TA:0.7130 TV:0.6979 VA:1.4273 CE:0.3954
2026-03-04 20:41:57,462 - utils.logger2026-03-04-20.40.06 - INFO - saving the model at the end of epoch 26, iters 728
2026-03-04 20:41:57,619 - utils.logger2026-03-04-20.40.06 - INFO - End of training epoch 26 / 40 	 Time Taken: 3 sec
2026-03-04 20:41:57,619 - utils.logger2026-03-04-20.40.06 - INFO - learning rate = 0.0002000
2026-03-04 20:41:58,184 - utils.logger2026-03-04-20.40.06 - INFO - Val result of epoch 26 / 40 acc 0.8080 MAE 0.7279 f1 0.8120
2026-03-04 20:41:58,677 - utils.logger2026-03-04-20.40.06 - INFO - Tst result of epoch 26 / 40 acc 0.8080 MAE 0.7279 f1 0.8120
2026-03-04 20:41:59,272 - utils.logger2026-03-04-20.40.06 - INFO - Cur epoch 27 loss TA:0.6933 TV:0.6850 VA:1.3817 CE:0.4532
2026-03-04 20:42:00,294 - utils.logger2026-03-04-20.40.06 - INFO - Cur epoch 27 loss TA:0.6986 TV:0.6874 VA:1.4018 CE:0.3751
2026-03-04 20:42:01,327 - utils.logger2026-03-04-20.40.06 - INFO - Cur epoch 27 loss TA:0.6803 TV:0.7145 VA:1.4041 CE:0.4547
2026-03-04 20:42:01,942 - utils.logger2026-03-04-20.40.06 - INFO - saving the model at the end of epoch 27, iters 756
2026-03-04 20:42:02,097 - utils.logger2026-03-04-20.40.06 - INFO - End of training epoch 27 / 40 	 Time Taken: 3 sec
2026-03-04 20:42:02,098 - utils.logger2026-03-04-20.40.06 - INFO - learning rate = 0.0002000
2026-03-04 20:42:02,634 - utils.logger2026-03-04-20.40.06 - INFO - Val result of epoch 27 / 40 acc 0.7902 MAE 0.7259 f1 0.7986
2026-03-04 20:42:03,196 - utils.logger2026-03-04-20.40.06 - INFO - Tst result of epoch 27 / 40 acc 0.7902 MAE 0.7259 f1 0.7986
2026-03-04 20:42:03,972 - utils.logger2026-03-04-20.40.06 - INFO - Cur epoch 28 loss TA:0.6862 TV:0.6868 VA:1.4025 CE:0.3861
2026-03-04 20:42:04,938 - utils.logger2026-03-04-20.40.06 - INFO - Cur epoch 28 loss TA:0.6829 TV:0.6909 VA:1.3980 CE:0.3701
2026-03-04 20:42:05,881 - utils.logger2026-03-04-20.40.06 - INFO - Cur epoch 28 loss TA:0.7046 TV:0.6868 VA:1.4087 CE:0.4498
2026-03-04 20:42:06,313 - utils.logger2026-03-04-20.40.06 - INFO - saving the model at the end of epoch 28, iters 784
2026-03-04 20:42:06,460 - utils.logger2026-03-04-20.40.06 - INFO - End of training epoch 28 / 40 	 Time Taken: 3 sec
2026-03-04 20:42:06,460 - utils.logger2026-03-04-20.40.06 - INFO - learning rate = 0.0002000
2026-03-04 20:42:07,019 - utils.logger2026-03-04-20.40.06 - INFO - Val result of epoch 28 / 40 acc 0.8036 MAE 0.7277 f1 0.8100
2026-03-04 20:42:07,548 - utils.logger2026-03-04-20.40.06 - INFO - Tst result of epoch 28 / 40 acc 0.8036 MAE 0.7277 f1 0.8100
2026-03-04 20:42:08,575 - utils.logger2026-03-04-20.40.06 - INFO - Cur epoch 29 loss TA:0.7310 TV:0.7020 VA:1.3579 CE:0.3111
2026-03-04 20:42:09,541 - utils.logger2026-03-04-20.40.06 - INFO - Cur epoch 29 loss TA:0.6620 TV:0.6862 VA:1.3525 CE:0.4156
2026-03-04 20:42:10,536 - utils.logger2026-03-04-20.40.06 - INFO - Cur epoch 29 loss TA:0.6855 TV:0.6892 VA:1.3661 CE:0.2576
2026-03-04 20:42:10,785 - utils.logger2026-03-04-20.40.06 - INFO - saving the model at the end of epoch 29, iters 812
2026-03-04 20:42:10,947 - utils.logger2026-03-04-20.40.06 - INFO - End of training epoch 29 / 40 	 Time Taken: 3 sec
2026-03-04 20:42:10,947 - utils.logger2026-03-04-20.40.06 - INFO - learning rate = 0.0002000
2026-03-04 20:42:11,500 - utils.logger2026-03-04-20.40.06 - INFO - Val result of epoch 29 / 40 acc 0.8125 MAE 0.7204 f1 0.8189
2026-03-04 20:42:12,007 - utils.logger2026-03-04-20.40.06 - INFO - Tst result of epoch 29 / 40 acc 0.8125 MAE 0.7204 f1 0.8189
2026-03-04 20:42:13,124 - utils.logger2026-03-04-20.40.06 - INFO - Cur epoch 30 loss TA:0.6770 TV:0.6878 VA:1.3461 CE:0.2867
2026-03-04 20:42:14,065 - utils.logger2026-03-04-20.40.06 - INFO - Cur epoch 30 loss TA:0.6752 TV:0.6829 VA:1.3488 CE:0.3311
2026-03-04 20:42:14,925 - utils.logger2026-03-04-20.40.06 - INFO - Cur epoch 30 loss TA:0.4496 TV:0.4047 VA:0.9062 CE:0.2610
2026-03-04 20:42:14,990 - utils.logger2026-03-04-20.40.06 - INFO - saving the model at the end of epoch 30, iters 840
2026-03-04 20:42:15,123 - utils.logger2026-03-04-20.40.06 - INFO - End of training epoch 30 / 40 	 Time Taken: 3 sec
2026-03-04 20:42:15,123 - utils.logger2026-03-04-20.40.06 - INFO - learning rate = 0.0001818
2026-03-04 20:42:15,657 - utils.logger2026-03-04-20.40.06 - INFO - Val result of epoch 30 / 40 acc 0.8036 MAE 0.7358 f1 0.8088
2026-03-04 20:42:16,189 - utils.logger2026-03-04-20.40.06 - INFO - Tst result of epoch 30 / 40 acc 0.8036 MAE 0.7358 f1 0.8088
2026-03-04 20:42:17,572 - utils.logger2026-03-04-20.40.06 - INFO - Cur epoch 31 loss TA:0.6532 TV:0.6873 VA:1.3428 CE:0.3582
2026-03-04 20:42:18,574 - utils.logger2026-03-04-20.40.06 - INFO - Cur epoch 31 loss TA:0.6754 TV:0.6633 VA:1.3552 CE:0.2757
2026-03-04 20:42:19,360 - utils.logger2026-03-04-20.40.06 - INFO - saving the model at the end of epoch 31, iters 868
2026-03-04 20:42:19,504 - utils.logger2026-03-04-20.40.06 - INFO - End of training epoch 31 / 40 	 Time Taken: 3 sec
2026-03-04 20:42:19,505 - utils.logger2026-03-04-20.40.06 - INFO - learning rate = 0.0001636
2026-03-04 20:42:20,045 - utils.logger2026-03-04-20.40.06 - INFO - Val result of epoch 31 / 40 acc 0.8080 MAE 0.7175 f1 0.8148
2026-03-04 20:42:20,587 - utils.logger2026-03-04-20.40.06 - INFO - Tst result of epoch 31 / 40 acc 0.8080 MAE 0.7175 f1 0.8148
2026-03-04 20:42:21,136 - utils.logger2026-03-04-20.40.06 - INFO - Cur epoch 32 loss TA:0.6734 TV:0.6543 VA:1.3057 CE:0.2675
2026-03-04 20:42:22,116 - utils.logger2026-03-04-20.40.06 - INFO - Cur epoch 32 loss TA:0.6700 TV:0.6537 VA:1.3627 CE:0.2091
2026-03-04 20:42:23,156 - utils.logger2026-03-04-20.40.06 - INFO - Cur epoch 32 loss TA:0.6739 TV:0.6531 VA:1.3365 CE:0.1983
2026-03-04 20:42:23,837 - utils.logger2026-03-04-20.40.06 - INFO - saving the model at the end of epoch 32, iters 896
2026-03-04 20:42:23,995 - utils.logger2026-03-04-20.40.06 - INFO - End of training epoch 32 / 40 	 Time Taken: 3 sec
2026-03-04 20:42:23,995 - utils.logger2026-03-04-20.40.06 - INFO - learning rate = 0.0001455
2026-03-04 20:42:24,526 - utils.logger2026-03-04-20.40.06 - INFO - Val result of epoch 32 / 40 acc 0.8259 MAE 0.7270 f1 0.8313
2026-03-04 20:42:25,097 - utils.logger2026-03-04-20.40.06 - INFO - Tst result of epoch 32 / 40 acc 0.8259 MAE 0.7270 f1 0.8313
2026-03-04 20:42:25,819 - utils.logger2026-03-04-20.40.06 - INFO - Cur epoch 33 loss TA:0.6561 TV:0.6618 VA:1.3010 CE:0.3013
2026-03-04 20:42:26,674 - utils.logger2026-03-04-20.40.06 - INFO - Cur epoch 33 loss TA:0.6587 TV:0.6613 VA:1.3181 CE:0.1878
2026-03-04 20:42:27,512 - utils.logger2026-03-04-20.40.06 - INFO - Cur epoch 33 loss TA:0.6608 TV:0.6533 VA:1.2896 CE:0.2689
2026-03-04 20:42:27,908 - utils.logger2026-03-04-20.40.06 - INFO - saving the model at the end of epoch 33, iters 924
2026-03-04 20:42:28,043 - utils.logger2026-03-04-20.40.06 - INFO - End of training epoch 33 / 40 	 Time Taken: 2 sec
2026-03-04 20:42:28,043 - utils.logger2026-03-04-20.40.06 - INFO - learning rate = 0.0001273
2026-03-04 20:42:28,562 - utils.logger2026-03-04-20.40.06 - INFO - Val result of epoch 33 / 40 acc 0.8125 MAE 0.7260 f1 0.8172
2026-03-04 20:42:29,060 - utils.logger2026-03-04-20.40.06 - INFO - Tst result of epoch 33 / 40 acc 0.8125 MAE 0.7260 f1 0.8172
2026-03-04 20:42:29,966 - utils.logger2026-03-04-20.40.06 - INFO - Cur epoch 34 loss TA:0.6447 TV:0.6440 VA:1.2622 CE:0.2836
2026-03-04 20:42:30,845 - utils.logger2026-03-04-20.40.06 - INFO - Cur epoch 34 loss TA:0.6697 TV:0.6667 VA:1.3198 CE:0.3249
2026-03-04 20:42:31,783 - utils.logger2026-03-04-20.40.06 - INFO - Cur epoch 34 loss TA:0.6302 TV:0.6466 VA:1.2771 CE:0.2177
2026-03-04 20:42:32,039 - utils.logger2026-03-04-20.40.06 - INFO - saving the model at the end of epoch 34, iters 952
2026-03-04 20:42:32,195 - utils.logger2026-03-04-20.40.06 - INFO - End of training epoch 34 / 40 	 Time Taken: 3 sec
2026-03-04 20:42:32,196 - utils.logger2026-03-04-20.40.06 - INFO - learning rate = 0.0001091
2026-03-04 20:42:32,731 - utils.logger2026-03-04-20.40.06 - INFO - Val result of epoch 34 / 40 acc 0.8170 MAE 0.7339 f1 0.8230
2026-03-04 20:42:33,327 - utils.logger2026-03-04-20.40.06 - INFO - Tst result of epoch 34 / 40 acc 0.8170 MAE 0.7339 f1 0.8230
2026-03-04 20:42:34,575 - utils.logger2026-03-04-20.40.06 - INFO - Cur epoch 35 loss TA:0.6506 TV:0.6577 VA:1.3016 CE:0.2667
2026-03-04 20:42:35,578 - utils.logger2026-03-04-20.40.06 - INFO - Cur epoch 35 loss TA:0.6174 TV:0.6177 VA:1.2837 CE:0.3512
2026-03-04 20:42:36,536 - utils.logger2026-03-04-20.40.06 - INFO - Cur epoch 35 loss TA:0.3270 TV:0.3342 VA:0.6988 CE:0.2320
2026-03-04 20:42:36,600 - utils.logger2026-03-04-20.40.06 - INFO - saving the model at the end of epoch 35, iters 980
2026-03-04 20:42:36,742 - utils.logger2026-03-04-20.40.06 - INFO - End of training epoch 35 / 40 	 Time Taken: 3 sec
2026-03-04 20:42:36,742 - utils.logger2026-03-04-20.40.06 - INFO - learning rate = 0.0000909
2026-03-04 20:42:37,319 - utils.logger2026-03-04-20.40.06 - INFO - Val result of epoch 35 / 40 acc 0.8170 MAE 0.7366 f1 0.8242
2026-03-04 20:42:37,918 - utils.logger2026-03-04-20.40.06 - INFO - Tst result of epoch 35 / 40 acc 0.8170 MAE 0.7366 f1 0.8242
2026-03-04 20:42:39,263 - utils.logger2026-03-04-20.40.06 - INFO - Cur epoch 36 loss TA:0.6228 TV:0.6303 VA:1.2529 CE:0.2211
2026-03-04 20:42:40,299 - utils.logger2026-03-04-20.40.06 - INFO - Cur epoch 36 loss TA:0.6328 TV:0.6423 VA:1.2299 CE:0.2442
2026-03-04 20:42:41,196 - utils.logger2026-03-04-20.40.06 - INFO - saving the model at the end of epoch 36, iters 1008
2026-03-04 20:42:41,369 - utils.logger2026-03-04-20.40.06 - INFO - End of training epoch 36 / 40 	 Time Taken: 3 sec
2026-03-04 20:42:41,369 - utils.logger2026-03-04-20.40.06 - INFO - learning rate = 0.0000727
2026-03-04 20:42:41,899 - utils.logger2026-03-04-20.40.06 - INFO - Val result of epoch 36 / 40 acc 0.8080 MAE 0.7267 f1 0.8154
2026-03-04 20:42:42,428 - utils.logger2026-03-04-20.40.06 - INFO - Tst result of epoch 36 / 40 acc 0.8080 MAE 0.7267 f1 0.8154
2026-03-04 20:42:43,055 - utils.logger2026-03-04-20.40.06 - INFO - Cur epoch 37 loss TA:0.6502 TV:0.6621 VA:1.3539 CE:0.3457
2026-03-04 20:42:44,075 - utils.logger2026-03-04-20.40.06 - INFO - Cur epoch 37 loss TA:0.6306 TV:0.6427 VA:1.2591 CE:0.2699
2026-03-04 20:42:45,109 - utils.logger2026-03-04-20.40.06 - INFO - Cur epoch 37 loss TA:0.6299 TV:0.6355 VA:1.2579 CE:0.2748
2026-03-04 20:42:45,812 - utils.logger2026-03-04-20.40.06 - INFO - saving the model at the end of epoch 37, iters 1036
2026-03-04 20:42:45,961 - utils.logger2026-03-04-20.40.06 - INFO - End of training epoch 37 / 40 	 Time Taken: 3 sec
2026-03-04 20:42:45,962 - utils.logger2026-03-04-20.40.06 - INFO - learning rate = 0.0000545
2026-03-04 20:42:46,487 - utils.logger2026-03-04-20.40.06 - INFO - Val result of epoch 37 / 40 acc 0.8125 MAE 0.7338 f1 0.8189
2026-03-04 20:42:47,017 - utils.logger2026-03-04-20.40.06 - INFO - Tst result of epoch 37 / 40 acc 0.8125 MAE 0.7338 f1 0.8189
2026-03-04 20:42:47,785 - utils.logger2026-03-04-20.40.06 - INFO - Cur epoch 38 loss TA:0.6433 TV:0.6314 VA:1.3105 CE:0.2569
2026-03-04 20:42:48,725 - utils.logger2026-03-04-20.40.06 - INFO - Cur epoch 38 loss TA:0.6262 TV:0.6189 VA:1.2675 CE:0.2150
2026-03-04 20:42:49,686 - utils.logger2026-03-04-20.40.06 - INFO - Cur epoch 38 loss TA:0.6253 TV:0.6220 VA:1.2617 CE:0.2989
2026-03-04 20:42:50,144 - utils.logger2026-03-04-20.40.06 - INFO - saving the model at the end of epoch 38, iters 1064
2026-03-04 20:42:50,303 - utils.logger2026-03-04-20.40.06 - INFO - End of training epoch 38 / 40 	 Time Taken: 3 sec
2026-03-04 20:42:50,303 - utils.logger2026-03-04-20.40.06 - INFO - learning rate = 0.0000364
2026-03-04 20:42:50,858 - utils.logger2026-03-04-20.40.06 - INFO - Val result of epoch 38 / 40 acc 0.8348 MAE 0.7341 f1 0.8393
2026-03-04 20:42:51,409 - utils.logger2026-03-04-20.40.06 - INFO - Tst result of epoch 38 / 40 acc 0.8348 MAE 0.7341 f1 0.8393
2026-03-04 20:42:52,350 - utils.logger2026-03-04-20.40.06 - INFO - Cur epoch 39 loss TA:0.6300 TV:0.6409 VA:1.2785 CE:0.2350
2026-03-04 20:42:53,313 - utils.logger2026-03-04-20.40.06 - INFO - Cur epoch 39 loss TA:0.6181 TV:0.6135 VA:1.2392 CE:0.2854
2026-03-04 20:42:54,287 - utils.logger2026-03-04-20.40.06 - INFO - Cur epoch 39 loss TA:0.6155 TV:0.6212 VA:1.2699 CE:0.2877
2026-03-04 20:42:54,538 - utils.logger2026-03-04-20.40.06 - INFO - saving the model at the end of epoch 39, iters 1092
2026-03-04 20:42:54,709 - utils.logger2026-03-04-20.40.06 - INFO - End of training epoch 39 / 40 	 Time Taken: 3 sec
2026-03-04 20:42:54,709 - utils.logger2026-03-04-20.40.06 - INFO - learning rate = 0.0000182
2026-03-04 20:42:55,248 - utils.logger2026-03-04-20.40.06 - INFO - Val result of epoch 39 / 40 acc 0.8304 MAE 0.7345 f1 0.8346
2026-03-04 20:42:55,807 - utils.logger2026-03-04-20.40.06 - INFO - Tst result of epoch 39 / 40 acc 0.8304 MAE 0.7345 f1 0.8346
2026-03-04 20:42:56,939 - utils.logger2026-03-04-20.40.06 - INFO - Cur epoch 40 loss TA:0.6035 TV:0.6111 VA:1.2227 CE:0.2010
2026-03-04 20:42:57,885 - utils.logger2026-03-04-20.40.06 - INFO - Cur epoch 40 loss TA:0.6096 TV:0.6245 VA:1.2354 CE:0.3106
2026-03-04 20:42:58,766 - utils.logger2026-03-04-20.40.06 - INFO - Cur epoch 40 loss TA:0.3294 TV:0.3348 VA:0.6940 CE:0.1016
2026-03-04 20:42:58,828 - utils.logger2026-03-04-20.40.06 - INFO - saving the model at the end of epoch 40, iters 1120
2026-03-04 20:42:59,006 - utils.logger2026-03-04-20.40.06 - INFO - End of training epoch 40 / 40 	 Time Taken: 3 sec
2026-03-04 20:42:59,006 - utils.logger2026-03-04-20.40.06 - INFO - learning rate = 0.0000000
2026-03-04 20:42:59,509 - utils.logger2026-03-04-20.40.06 - INFO - Val result of epoch 40 / 40 acc 0.8170 MAE 0.7323 f1 0.8230
2026-03-04 20:43:00,004 - utils.logger2026-03-04-20.40.06 - INFO - Tst result of epoch 40 / 40 acc 0.8170 MAE 0.7323 f1 0.8230
2026-03-04 20:43:00,004 - utils.logger2026-03-04-20.40.06 - INFO - Best eval epoch 38 found with f1 0.839296
