2026-03-09 15:09:59,370 - utils.logger2026-03-09-15.09.53 - INFO - The number of training samples = 1750
2026-03-09 15:09:59,371 - utils.logger2026-03-09-15.09.53 - INFO - The number of testing samples = 1344
2026-03-09 15:10:03,072 - utils.logger2026-03-09-15.09.53 - INFO - Cur epoch 1 loss CE:2.6204 mse:1.0553 consistent:3.3969
2026-03-09 15:10:03,728 - utils.logger2026-03-09-15.09.53 - INFO - Cur epoch 1 loss CE:2.2950 mse:0.6857 consistent:3.1858
2026-03-09 15:10:04,495 - utils.logger2026-03-09-15.09.53 - INFO - saving the model at the end of epoch 1, iters 28
2026-03-09 15:10:05,217 - utils.logger2026-03-09-15.09.53 - INFO - End of training epoch 1 / 40 	 Time Taken: 4 sec
2026-03-09 15:10:05,217 - utils.logger2026-03-09-15.09.53 - INFO - learning rate = 0.0002000
2026-03-09 15:10:07,267 - utils.logger2026-03-09-15.09.53 - INFO - Val result of epoch 1 / 40 mae 1.1823 corr 0.4111 f1 0.6292
2026-03-09 15:10:09,514 - utils.logger2026-03-09-15.09.53 - INFO - Tst result of epoch 1 / 40 mae 1.2001 corr 0.3947 f1 0.6208
2026-03-09 15:10:10,811 - utils.logger2026-03-09-15.09.53 - INFO - Cur epoch 2 loss CE:1.8478 mse:0.5770 consistent:3.0547
2026-03-09 15:10:11,427 - utils.logger2026-03-09-15.09.53 - INFO - Cur epoch 2 loss CE:1.6638 mse:0.4260 consistent:3.2173
2026-03-09 15:10:12,086 - utils.logger2026-03-09-15.09.53 - INFO - Cur epoch 2 loss CE:2.0197 mse:0.4753 consistent:2.8452
2026-03-09 15:10:12,760 - utils.logger2026-03-09-15.09.53 - INFO - saving the model at the end of epoch 2, iters 56
2026-03-09 15:10:13,340 - utils.logger2026-03-09-15.09.53 - INFO - End of training epoch 2 / 40 	 Time Taken: 3 sec
2026-03-09 15:10:13,341 - utils.logger2026-03-09-15.09.53 - INFO - learning rate = 0.0002000
2026-03-09 15:10:15,442 - utils.logger2026-03-09-15.09.53 - INFO - Val result of epoch 2 / 40 mae 1.2126 corr 0.4311 f1 0.6402
2026-03-09 15:10:17,673 - utils.logger2026-03-09-15.09.53 - INFO - Tst result of epoch 2 / 40 mae 1.2646 corr 0.3902 f1 0.6031
2026-03-09 15:10:19,017 - utils.logger2026-03-09-15.09.53 - INFO - Cur epoch 3 loss CE:1.9553 mse:0.4099 consistent:2.7360
2026-03-09 15:10:19,644 - utils.logger2026-03-09-15.09.53 - INFO - Cur epoch 3 loss CE:1.7142 mse:0.3852 consistent:2.8201
2026-03-09 15:10:20,296 - utils.logger2026-03-09-15.09.53 - INFO - Cur epoch 3 loss CE:1.7466 mse:0.3125 consistent:2.6025
2026-03-09 15:10:20,754 - utils.logger2026-03-09-15.09.53 - INFO - saving the model at the end of epoch 3, iters 84
2026-03-09 15:10:21,182 - utils.logger2026-03-09-15.09.53 - INFO - End of training epoch 3 / 40 	 Time Taken: 3 sec
2026-03-09 15:10:21,182 - utils.logger2026-03-09-15.09.53 - INFO - learning rate = 0.0002000
2026-03-09 15:10:23,080 - utils.logger2026-03-09-15.09.53 - INFO - Val result of epoch 3 / 40 mae 1.1689 corr 0.4559 f1 0.6504
2026-03-09 15:10:24,963 - utils.logger2026-03-09-15.09.53 - INFO - Tst result of epoch 3 / 40 mae 1.1950 corr 0.4284 f1 0.6199
2026-03-09 15:10:26,403 - utils.logger2026-03-09-15.09.53 - INFO - Cur epoch 4 loss CE:1.7012 mse:0.3543 consistent:2.5066
2026-03-09 15:10:27,052 - utils.logger2026-03-09-15.09.53 - INFO - Cur epoch 4 loss CE:1.8823 mse:0.2754 consistent:2.4281
2026-03-09 15:10:27,699 - utils.logger2026-03-09-15.09.53 - INFO - Cur epoch 4 loss CE:1.8258 mse:0.3051 consistent:2.4598
2026-03-09 15:10:27,978 - utils.logger2026-03-09-15.09.53 - INFO - saving the model at the end of epoch 4, iters 112
2026-03-09 15:10:28,678 - utils.logger2026-03-09-15.09.53 - INFO - End of training epoch 4 / 40 	 Time Taken: 3 sec
2026-03-09 15:10:28,678 - utils.logger2026-03-09-15.09.53 - INFO - learning rate = 0.0002000
2026-03-09 15:10:30,677 - utils.logger2026-03-09-15.09.53 - INFO - Val result of epoch 4 / 40 mae 1.1373 corr 0.4553 f1 0.6291
2026-03-09 15:10:32,658 - utils.logger2026-03-09-15.09.53 - INFO - Tst result of epoch 4 / 40 mae 1.1613 corr 0.4396 f1 0.6254
2026-03-09 15:10:34,265 - utils.logger2026-03-09-15.09.53 - INFO - Cur epoch 5 loss CE:1.2264 mse:0.3710 consistent:2.2896
2026-03-09 15:10:34,929 - utils.logger2026-03-09-15.09.53 - INFO - Cur epoch 5 loss CE:1.6642 mse:0.3133 consistent:2.6552
2026-03-09 15:10:35,705 - utils.logger2026-03-09-15.09.53 - INFO - Cur epoch 5 loss CE:1.2662 mse:0.2338 consistent:2.1986
2026-03-09 15:10:35,890 - utils.logger2026-03-09-15.09.53 - INFO - saving the model at the end of epoch 5, iters 140
2026-03-09 15:10:36,415 - utils.logger2026-03-09-15.09.53 - INFO - End of training epoch 5 / 40 	 Time Taken: 3 sec
2026-03-09 15:10:36,416 - utils.logger2026-03-09-15.09.53 - INFO - learning rate = 0.0002000
2026-03-09 15:10:38,429 - utils.logger2026-03-09-15.09.53 - INFO - Val result of epoch 5 / 40 mae 1.1716 corr 0.4675 f1 0.6639
2026-03-09 15:10:40,531 - utils.logger2026-03-09-15.09.53 - INFO - Tst result of epoch 5 / 40 mae 1.2110 corr 0.4314 f1 0.6108
2026-03-09 15:10:42,364 - utils.logger2026-03-09-15.09.53 - INFO - Cur epoch 6 loss CE:1.4794 mse:0.2890 consistent:2.4937
2026-03-09 15:10:43,083 - utils.logger2026-03-09-15.09.53 - INFO - Cur epoch 6 loss CE:1.2098 mse:0.2458 consistent:2.3302
2026-03-09 15:10:43,875 - utils.logger2026-03-09-15.09.53 - INFO - saving the model at the end of epoch 6, iters 168
2026-03-09 15:10:44,534 - utils.logger2026-03-09-15.09.53 - INFO - End of training epoch 6 / 40 	 Time Taken: 4 sec
2026-03-09 15:10:44,535 - utils.logger2026-03-09-15.09.53 - INFO - learning rate = 0.0002000
2026-03-09 15:10:46,215 - utils.logger2026-03-09-15.09.53 - INFO - Val result of epoch 6 / 40 mae 1.2128 corr 0.4344 f1 0.6770
2026-03-09 15:10:47,799 - utils.logger2026-03-09-15.09.53 - INFO - Tst result of epoch 6 / 40 mae 1.2762 corr 0.3813 f1 0.6378
2026-03-09 15:10:49,098 - utils.logger2026-03-09-15.09.53 - INFO - Cur epoch 7 loss CE:1.6873 mse:0.2870 consistent:2.2252
2026-03-09 15:10:49,723 - utils.logger2026-03-09-15.09.53 - INFO - Cur epoch 7 loss CE:1.5421 mse:0.2888 consistent:2.3115
2026-03-09 15:10:50,434 - utils.logger2026-03-09-15.09.53 - INFO - Cur epoch 7 loss CE:1.7730 mse:0.3026 consistent:2.1489
2026-03-09 15:10:51,026 - utils.logger2026-03-09-15.09.53 - INFO - saving the model at the end of epoch 7, iters 196
2026-03-09 15:10:51,829 - utils.logger2026-03-09-15.09.53 - INFO - End of training epoch 7 / 40 	 Time Taken: 4 sec
2026-03-09 15:10:51,830 - utils.logger2026-03-09-15.09.53 - INFO - learning rate = 0.0002000
2026-03-09 15:10:53,944 - utils.logger2026-03-09-15.09.53 - INFO - Val result of epoch 7 / 40 mae 1.1407 corr 0.4527 f1 0.6321
2026-03-09 15:10:55,845 - utils.logger2026-03-09-15.09.53 - INFO - Tst result of epoch 7 / 40 mae 1.1825 corr 0.4251 f1 0.6075
2026-03-09 15:10:57,291 - utils.logger2026-03-09-15.09.53 - INFO - Cur epoch 8 loss CE:1.8049 mse:0.2672 consistent:2.1025
2026-03-09 15:10:57,966 - utils.logger2026-03-09-15.09.53 - INFO - Cur epoch 8 loss CE:1.4664 mse:0.2938 consistent:2.2640
2026-03-09 15:10:58,603 - utils.logger2026-03-09-15.09.53 - INFO - Cur epoch 8 loss CE:1.4107 mse:0.2541 consistent:2.1880
2026-03-09 15:10:59,152 - utils.logger2026-03-09-15.09.53 - INFO - saving the model at the end of epoch 8, iters 224
2026-03-09 15:10:59,711 - utils.logger2026-03-09-15.09.53 - INFO - End of training epoch 8 / 40 	 Time Taken: 3 sec
2026-03-09 15:10:59,711 - utils.logger2026-03-09-15.09.53 - INFO - learning rate = 0.0002000
2026-03-09 15:11:01,826 - utils.logger2026-03-09-15.09.53 - INFO - Val result of epoch 8 / 40 mae 1.1340 corr 0.4668 f1 0.6476
2026-03-09 15:11:03,786 - utils.logger2026-03-09-15.09.53 - INFO - Tst result of epoch 8 / 40 mae 1.1811 corr 0.4312 f1 0.6196
2026-03-09 15:11:05,260 - utils.logger2026-03-09-15.09.53 - INFO - Cur epoch 9 loss CE:1.5194 mse:0.2929 consistent:2.1232
2026-03-09 15:11:05,977 - utils.logger2026-03-09-15.09.53 - INFO - Cur epoch 9 loss CE:1.3872 mse:0.2567 consistent:2.1674
2026-03-09 15:11:06,706 - utils.logger2026-03-09-15.09.53 - INFO - Cur epoch 9 loss CE:1.3197 mse:0.2252 consistent:2.1697
2026-03-09 15:11:06,962 - utils.logger2026-03-09-15.09.53 - INFO - saving the model at the end of epoch 9, iters 252
2026-03-09 15:11:07,564 - utils.logger2026-03-09-15.09.53 - INFO - End of training epoch 9 / 40 	 Time Taken: 3 sec
2026-03-09 15:11:07,565 - utils.logger2026-03-09-15.09.53 - INFO - learning rate = 0.0002000
2026-03-09 15:11:09,849 - utils.logger2026-03-09-15.09.53 - INFO - Val result of epoch 9 / 40 mae 1.1258 corr 0.4518 f1 0.6889
2026-03-09 15:11:11,714 - utils.logger2026-03-09-15.09.53 - INFO - Tst result of epoch 9 / 40 mae 1.1322 corr 0.4401 f1 0.6825
2026-03-09 15:11:13,352 - utils.logger2026-03-09-15.09.53 - INFO - Cur epoch 10 loss CE:1.2144 mse:0.2278 consistent:2.0162
2026-03-09 15:11:14,035 - utils.logger2026-03-09-15.09.53 - INFO - Cur epoch 10 loss CE:1.2031 mse:0.2625 consistent:2.0208
2026-03-09 15:11:14,711 - utils.logger2026-03-09-15.09.53 - INFO - Cur epoch 10 loss CE:1.5998 mse:0.2844 consistent:1.6553
2026-03-09 15:11:14,918 - utils.logger2026-03-09-15.09.53 - INFO - saving the model at the end of epoch 10, iters 280
2026-03-09 15:11:15,445 - utils.logger2026-03-09-15.09.53 - INFO - End of training epoch 10 / 40 	 Time Taken: 3 sec
2026-03-09 15:11:15,445 - utils.logger2026-03-09-15.09.53 - INFO - learning rate = 0.0002000
2026-03-09 15:11:17,370 - utils.logger2026-03-09-15.09.53 - INFO - Val result of epoch 10 / 40 mae 1.1302 corr 0.4724 f1 0.6709
2026-03-09 15:11:19,829 - utils.logger2026-03-09-15.09.53 - INFO - Tst result of epoch 10 / 40 mae 1.1690 corr 0.4344 f1 0.6383
2026-03-09 15:11:21,824 - utils.logger2026-03-09-15.09.53 - INFO - Cur epoch 11 loss CE:1.9556 mse:0.3127 consistent:1.9870
2026-03-09 15:11:22,504 - utils.logger2026-03-09-15.09.53 - INFO - Cur epoch 11 loss CE:1.4174 mse:0.3070 consistent:1.9194
2026-03-09 15:11:23,335 - utils.logger2026-03-09-15.09.53 - INFO - saving the model at the end of epoch 11, iters 308
2026-03-09 15:11:23,822 - utils.logger2026-03-09-15.09.53 - INFO - End of training epoch 11 / 40 	 Time Taken: 3 sec
2026-03-09 15:11:23,822 - utils.logger2026-03-09-15.09.53 - INFO - learning rate = 0.0002000
2026-03-09 15:11:25,838 - utils.logger2026-03-09-15.09.53 - INFO - Val result of epoch 11 / 40 mae 1.1351 corr 0.4450 f1 0.6744
2026-03-09 15:11:27,889 - utils.logger2026-03-09-15.09.53 - INFO - Tst result of epoch 11 / 40 mae 1.1280 corr 0.4408 f1 0.6632
2026-03-09 15:11:29,183 - utils.logger2026-03-09-15.09.53 - INFO - Cur epoch 12 loss CE:1.8478 mse:0.3306 consistent:2.0559
2026-03-09 15:11:29,915 - utils.logger2026-03-09-15.09.53 - INFO - Cur epoch 12 loss CE:1.6855 mse:0.2901 consistent:1.8529
2026-03-09 15:11:30,588 - utils.logger2026-03-09-15.09.53 - INFO - Cur epoch 12 loss CE:1.4729 mse:0.2712 consistent:1.8683
2026-03-09 15:11:31,162 - utils.logger2026-03-09-15.09.53 - INFO - saving the model at the end of epoch 12, iters 336
2026-03-09 15:11:31,725 - utils.logger2026-03-09-15.09.53 - INFO - End of training epoch 12 / 40 	 Time Taken: 3 sec
2026-03-09 15:11:31,725 - utils.logger2026-03-09-15.09.53 - INFO - learning rate = 0.0002000
2026-03-09 15:11:33,688 - utils.logger2026-03-09-15.09.53 - INFO - Val result of epoch 12 / 40 mae 1.1148 corr 0.4686 f1 0.6852
2026-03-09 15:11:35,611 - utils.logger2026-03-09-15.09.53 - INFO - Tst result of epoch 12 / 40 mae 1.1446 corr 0.4303 f1 0.6634
2026-03-09 15:11:36,917 - utils.logger2026-03-09-15.09.53 - INFO - Cur epoch 13 loss CE:1.7578 mse:0.3013 consistent:1.9795
2026-03-09 15:11:37,650 - utils.logger2026-03-09-15.09.53 - INFO - Cur epoch 13 loss CE:1.2066 mse:0.2437 consistent:1.9368
2026-03-09 15:11:38,311 - utils.logger2026-03-09-15.09.53 - INFO - Cur epoch 13 loss CE:1.2923 mse:0.2410 consistent:1.6173
2026-03-09 15:11:38,768 - utils.logger2026-03-09-15.09.53 - INFO - saving the model at the end of epoch 13, iters 364
2026-03-09 15:11:39,416 - utils.logger2026-03-09-15.09.53 - INFO - End of training epoch 13 / 40 	 Time Taken: 3 sec
2026-03-09 15:11:39,416 - utils.logger2026-03-09-15.09.53 - INFO - learning rate = 0.0002000
2026-03-09 15:11:41,655 - utils.logger2026-03-09-15.09.53 - INFO - Val result of epoch 13 / 40 mae 1.1138 corr 0.4737 f1 0.6637
2026-03-09 15:11:43,568 - utils.logger2026-03-09-15.09.53 - INFO - Tst result of epoch 13 / 40 mae 1.1607 corr 0.4299 f1 0.6324
2026-03-09 15:11:45,033 - utils.logger2026-03-09-15.09.53 - INFO - Cur epoch 14 loss CE:1.5638 mse:0.2333 consistent:1.6423
2026-03-09 15:11:45,706 - utils.logger2026-03-09-15.09.53 - INFO - Cur epoch 14 loss CE:1.5301 mse:0.2682 consistent:1.8882
2026-03-09 15:11:46,371 - utils.logger2026-03-09-15.09.53 - INFO - Cur epoch 14 loss CE:1.4030 mse:0.2861 consistent:1.9546
2026-03-09 15:11:46,641 - utils.logger2026-03-09-15.09.53 - INFO - saving the model at the end of epoch 14, iters 392
2026-03-09 15:11:47,121 - utils.logger2026-03-09-15.09.53 - INFO - End of training epoch 14 / 40 	 Time Taken: 3 sec
2026-03-09 15:11:47,122 - utils.logger2026-03-09-15.09.53 - INFO - learning rate = 0.0002000
2026-03-09 15:11:49,169 - utils.logger2026-03-09-15.09.53 - INFO - Val result of epoch 14 / 40 mae 1.1286 corr 0.4642 f1 0.6887
2026-03-09 15:11:51,242 - utils.logger2026-03-09-15.09.53 - INFO - Tst result of epoch 14 / 40 mae 1.1455 corr 0.4145 f1 0.6687
2026-03-09 15:11:52,935 - utils.logger2026-03-09-15.09.53 - INFO - Cur epoch 15 loss CE:1.2648 mse:0.2338 consistent:1.8044
2026-03-09 15:11:53,786 - utils.logger2026-03-09-15.09.53 - INFO - Cur epoch 15 loss CE:1.2540 mse:0.2277 consistent:1.5925
2026-03-09 15:11:54,453 - utils.logger2026-03-09-15.09.53 - INFO - Cur epoch 15 loss CE:2.2517 mse:0.3996 consistent:1.9052
2026-03-09 15:11:54,686 - utils.logger2026-03-09-15.09.53 - INFO - saving the model at the end of epoch 15, iters 420
2026-03-09 15:11:55,491 - utils.logger2026-03-09-15.09.53 - INFO - End of training epoch 15 / 40 	 Time Taken: 4 sec
2026-03-09 15:11:55,491 - utils.logger2026-03-09-15.09.53 - INFO - learning rate = 0.0002000
2026-03-09 15:11:57,632 - utils.logger2026-03-09-15.09.53 - INFO - Val result of epoch 15 / 40 mae 1.1346 corr 0.4601 f1 0.6413
2026-03-09 15:11:59,757 - utils.logger2026-03-09-15.09.53 - INFO - Tst result of epoch 15 / 40 mae 1.1825 corr 0.4186 f1 0.6069
2026-03-09 15:12:01,704 - utils.logger2026-03-09-15.09.53 - INFO - Cur epoch 16 loss CE:1.2891 mse:0.2498 consistent:1.7131
2026-03-09 15:12:02,379 - utils.logger2026-03-09-15.09.53 - INFO - Cur epoch 16 loss CE:1.1840 mse:0.2699 consistent:1.6243
2026-03-09 15:12:03,094 - utils.logger2026-03-09-15.09.53 - INFO - saving the model at the end of epoch 16, iters 448
2026-03-09 15:12:03,900 - utils.logger2026-03-09-15.09.53 - INFO - End of training epoch 16 / 40 	 Time Taken: 4 sec
2026-03-09 15:12:03,901 - utils.logger2026-03-09-15.09.53 - INFO - learning rate = 0.0002000
2026-03-09 15:12:05,418 - utils.logger2026-03-09-15.09.53 - INFO - Val result of epoch 16 / 40 mae 1.1475 corr 0.4361 f1 0.6438
2026-03-09 15:12:06,763 - utils.logger2026-03-09-15.09.53 - INFO - Tst result of epoch 16 / 40 mae 1.1697 corr 0.4086 f1 0.6389
2026-03-09 15:12:08,098 - utils.logger2026-03-09-15.09.53 - INFO - Cur epoch 17 loss CE:1.7040 mse:0.3513 consistent:1.7214
2026-03-09 15:12:08,713 - utils.logger2026-03-09-15.09.53 - INFO - Cur epoch 17 loss CE:0.9763 mse:0.2378 consistent:1.6012
2026-03-09 15:12:09,493 - utils.logger2026-03-09-15.09.53 - INFO - Cur epoch 17 loss CE:1.1056 mse:0.2530 consistent:1.5851
2026-03-09 15:12:10,108 - utils.logger2026-03-09-15.09.53 - INFO - saving the model at the end of epoch 17, iters 476
2026-03-09 15:12:10,713 - utils.logger2026-03-09-15.09.53 - INFO - End of training epoch 17 / 40 	 Time Taken: 3 sec
2026-03-09 15:12:10,714 - utils.logger2026-03-09-15.09.53 - INFO - learning rate = 0.0002000
2026-03-09 15:12:12,732 - utils.logger2026-03-09-15.09.53 - INFO - Val result of epoch 17 / 40 mae 1.1511 corr 0.4300 f1 0.6852
2026-03-09 15:12:14,698 - utils.logger2026-03-09-15.09.53 - INFO - Tst result of epoch 17 / 40 mae 1.1802 corr 0.3825 f1 0.6669
2026-03-09 15:12:16,094 - utils.logger2026-03-09-15.09.53 - INFO - Cur epoch 18 loss CE:0.8145 mse:0.2412 consistent:1.6096
2026-03-09 15:12:16,852 - utils.logger2026-03-09-15.09.53 - INFO - Cur epoch 18 loss CE:1.0399 mse:0.2388 consistent:1.4732
2026-03-09 15:12:17,505 - utils.logger2026-03-09-15.09.53 - INFO - Cur epoch 18 loss CE:0.9214 mse:0.1903 consistent:1.4131
2026-03-09 15:12:18,092 - utils.logger2026-03-09-15.09.53 - INFO - saving the model at the end of epoch 18, iters 504
2026-03-09 15:12:18,699 - utils.logger2026-03-09-15.09.53 - INFO - End of training epoch 18 / 40 	 Time Taken: 4 sec
2026-03-09 15:12:18,699 - utils.logger2026-03-09-15.09.53 - INFO - learning rate = 0.0002000
2026-03-09 15:12:21,039 - utils.logger2026-03-09-15.09.53 - INFO - Val result of epoch 18 / 40 mae 1.1534 corr 0.4259 f1 0.6620
2026-03-09 15:12:23,091 - utils.logger2026-03-09-15.09.53 - INFO - Tst result of epoch 18 / 40 mae 1.1560 corr 0.3980 f1 0.6541
2026-03-09 15:12:24,564 - utils.logger2026-03-09-15.09.53 - INFO - Cur epoch 19 loss CE:1.2987 mse:0.2605 consistent:1.5490
2026-03-09 15:12:25,351 - utils.logger2026-03-09-15.09.53 - INFO - Cur epoch 19 loss CE:1.1572 mse:0.2006 consistent:1.3302
2026-03-09 15:12:26,025 - utils.logger2026-03-09-15.09.53 - INFO - Cur epoch 19 loss CE:0.8918 mse:0.1937 consistent:1.3159
2026-03-09 15:12:26,377 - utils.logger2026-03-09-15.09.53 - INFO - saving the model at the end of epoch 19, iters 532
2026-03-09 15:12:27,147 - utils.logger2026-03-09-15.09.53 - INFO - End of training epoch 19 / 40 	 Time Taken: 4 sec
2026-03-09 15:12:27,148 - utils.logger2026-03-09-15.09.53 - INFO - learning rate = 0.0002000
2026-03-09 15:12:29,328 - utils.logger2026-03-09-15.09.53 - INFO - Val result of epoch 19 / 40 mae 1.1146 corr 0.4636 f1 0.6646
2026-03-09 15:12:31,728 - utils.logger2026-03-09-15.09.53 - INFO - Tst result of epoch 19 / 40 mae 1.1498 corr 0.4107 f1 0.6441
2026-03-09 15:12:33,494 - utils.logger2026-03-09-15.09.53 - INFO - Cur epoch 20 loss CE:0.9264 mse:0.2451 consistent:1.4750
2026-03-09 15:12:34,172 - utils.logger2026-03-09-15.09.53 - INFO - Cur epoch 20 loss CE:1.3954 mse:0.2472 consistent:1.5709
2026-03-09 15:12:34,837 - utils.logger2026-03-09-15.09.53 - INFO - Cur epoch 20 loss CE:0.7367 mse:0.2315 consistent:1.5363
2026-03-09 15:12:35,055 - utils.logger2026-03-09-15.09.53 - INFO - saving the model at the end of epoch 20, iters 560
2026-03-09 15:12:35,640 - utils.logger2026-03-09-15.09.53 - INFO - End of training epoch 20 / 40 	 Time Taken: 3 sec
2026-03-09 15:12:35,641 - utils.logger2026-03-09-15.09.53 - INFO - learning rate = 0.0001905
2026-03-09 15:12:37,616 - utils.logger2026-03-09-15.09.53 - INFO - Val result of epoch 20 / 40 mae 1.1173 corr 0.4555 f1 0.6745
2026-03-09 15:12:39,723 - utils.logger2026-03-09-15.09.53 - INFO - Tst result of epoch 20 / 40 mae 1.1494 corr 0.4071 f1 0.6486
2026-03-09 15:12:41,520 - utils.logger2026-03-09-15.09.53 - INFO - Cur epoch 21 loss CE:1.0866 mse:0.2379 consistent:1.2777
2026-03-09 15:12:42,271 - utils.logger2026-03-09-15.09.53 - INFO - Cur epoch 21 loss CE:1.1649 mse:0.2701 consistent:1.6753
2026-03-09 15:12:43,061 - utils.logger2026-03-09-15.09.53 - INFO - saving the model at the end of epoch 21, iters 588
2026-03-09 15:12:43,588 - utils.logger2026-03-09-15.09.53 - INFO - End of training epoch 21 / 40 	 Time Taken: 3 sec
2026-03-09 15:12:43,589 - utils.logger2026-03-09-15.09.53 - INFO - learning rate = 0.0001810
2026-03-09 15:12:45,563 - utils.logger2026-03-09-15.09.53 - INFO - Val result of epoch 21 / 40 mae 1.1221 corr 0.4539 f1 0.6727
2026-03-09 15:12:47,510 - utils.logger2026-03-09-15.09.53 - INFO - Tst result of epoch 21 / 40 mae 1.1707 corr 0.4061 f1 0.6341
2026-03-09 15:12:48,831 - utils.logger2026-03-09-15.09.53 - INFO - Cur epoch 22 loss CE:1.0511 mse:0.2494 consistent:1.4302
2026-03-09 15:12:49,493 - utils.logger2026-03-09-15.09.53 - INFO - Cur epoch 22 loss CE:0.8347 mse:0.2686 consistent:1.5003
2026-03-09 15:12:50,119 - utils.logger2026-03-09-15.09.53 - INFO - Cur epoch 22 loss CE:0.8873 mse:0.2873 consistent:1.4604
2026-03-09 15:12:50,671 - utils.logger2026-03-09-15.09.53 - INFO - saving the model at the end of epoch 22, iters 616
2026-03-09 15:12:51,175 - utils.logger2026-03-09-15.09.53 - INFO - End of training epoch 22 / 40 	 Time Taken: 3 sec
2026-03-09 15:12:51,176 - utils.logger2026-03-09-15.09.53 - INFO - learning rate = 0.0001714
2026-03-09 15:12:53,157 - utils.logger2026-03-09-15.09.53 - INFO - Val result of epoch 22 / 40 mae 1.1358 corr 0.4528 f1 0.6626
2026-03-09 15:12:55,084 - utils.logger2026-03-09-15.09.53 - INFO - Tst result of epoch 22 / 40 mae 1.2158 corr 0.3923 f1 0.6267
2026-03-09 15:12:56,413 - utils.logger2026-03-09-15.09.53 - INFO - Cur epoch 23 loss CE:0.8300 mse:0.1879 consistent:1.3049
2026-03-09 15:12:57,109 - utils.logger2026-03-09-15.09.53 - INFO - Cur epoch 23 loss CE:0.6170 mse:0.2199 consistent:1.3568
2026-03-09 15:12:57,782 - utils.logger2026-03-09-15.09.53 - INFO - Cur epoch 23 loss CE:0.8299 mse:0.2233 consistent:1.4208
2026-03-09 15:12:58,232 - utils.logger2026-03-09-15.09.53 - INFO - saving the model at the end of epoch 23, iters 644
2026-03-09 15:12:58,935 - utils.logger2026-03-09-15.09.53 - INFO - End of training epoch 23 / 40 	 Time Taken: 3 sec
2026-03-09 15:12:58,935 - utils.logger2026-03-09-15.09.53 - INFO - learning rate = 0.0001619
2026-03-09 15:13:01,034 - utils.logger2026-03-09-15.09.53 - INFO - Val result of epoch 23 / 40 mae 1.1361 corr 0.4426 f1 0.6685
2026-03-09 15:13:03,130 - utils.logger2026-03-09-15.09.53 - INFO - Tst result of epoch 23 / 40 mae 1.1980 corr 0.3771 f1 0.6305
2026-03-09 15:13:04,802 - utils.logger2026-03-09-15.09.53 - INFO - Cur epoch 24 loss CE:0.6145 mse:0.2084 consistent:1.3320
2026-03-09 15:13:05,465 - utils.logger2026-03-09-15.09.53 - INFO - Cur epoch 24 loss CE:0.9353 mse:0.2226 consistent:1.2865
2026-03-09 15:13:06,124 - utils.logger2026-03-09-15.09.53 - INFO - Cur epoch 24 loss CE:1.0593 mse:0.2043 consistent:1.2693
2026-03-09 15:13:06,391 - utils.logger2026-03-09-15.09.53 - INFO - saving the model at the end of epoch 24, iters 672
2026-03-09 15:13:06,853 - utils.logger2026-03-09-15.09.53 - INFO - End of training epoch 24 / 40 	 Time Taken: 3 sec
2026-03-09 15:13:06,853 - utils.logger2026-03-09-15.09.53 - INFO - learning rate = 0.0001524
2026-03-09 15:13:08,712 - utils.logger2026-03-09-15.09.53 - INFO - Val result of epoch 24 / 40 mae 1.1286 corr 0.4319 f1 0.6689
2026-03-09 15:13:10,496 - utils.logger2026-03-09-15.09.53 - INFO - Tst result of epoch 24 / 40 mae 1.1781 corr 0.3666 f1 0.6525
2026-03-09 15:13:12,164 - utils.logger2026-03-09-15.09.53 - INFO - Cur epoch 25 loss CE:0.8634 mse:0.2432 consistent:1.2267
2026-03-09 15:13:12,891 - utils.logger2026-03-09-15.09.53 - INFO - Cur epoch 25 loss CE:0.6245 mse:0.2241 consistent:1.3165
2026-03-09 15:13:13,575 - utils.logger2026-03-09-15.09.53 - INFO - Cur epoch 25 loss CE:1.3325 mse:0.1615 consistent:1.0392
2026-03-09 15:13:13,704 - utils.logger2026-03-09-15.09.53 - INFO - saving the model at the end of epoch 25, iters 700
2026-03-09 15:13:14,362 - utils.logger2026-03-09-15.09.53 - INFO - End of training epoch 25 / 40 	 Time Taken: 3 sec
2026-03-09 15:13:14,363 - utils.logger2026-03-09-15.09.53 - INFO - learning rate = 0.0001429
2026-03-09 15:13:16,306 - utils.logger2026-03-09-15.09.53 - INFO - Val result of epoch 25 / 40 mae 1.1292 corr 0.4352 f1 0.6888
2026-03-09 15:13:18,213 - utils.logger2026-03-09-15.09.53 - INFO - Tst result of epoch 25 / 40 mae 1.1866 corr 0.3579 f1 0.6481
2026-03-09 15:13:19,978 - utils.logger2026-03-09-15.09.53 - INFO - Cur epoch 26 loss CE:0.7721 mse:0.2416 consistent:1.1614
2026-03-09 15:13:20,605 - utils.logger2026-03-09-15.09.53 - INFO - Cur epoch 26 loss CE:0.7844 mse:0.2137 consistent:1.2219
2026-03-09 15:13:21,178 - utils.logger2026-03-09-15.09.53 - INFO - saving the model at the end of epoch 26, iters 728
2026-03-09 15:13:21,736 - utils.logger2026-03-09-15.09.53 - INFO - End of training epoch 26 / 40 	 Time Taken: 3 sec
2026-03-09 15:13:21,736 - utils.logger2026-03-09-15.09.53 - INFO - learning rate = 0.0001333
2026-03-09 15:13:23,084 - utils.logger2026-03-09-15.09.53 - INFO - Val result of epoch 26 / 40 mae 1.1415 corr 0.4198 f1 0.6642
2026-03-09 15:13:25,102 - utils.logger2026-03-09-15.09.53 - INFO - Tst result of epoch 26 / 40 mae 1.2109 corr 0.3549 f1 0.6395
2026-03-09 15:13:26,626 - utils.logger2026-03-09-15.09.53 - INFO - Cur epoch 27 loss CE:0.9477 mse:0.2132 consistent:1.2109
2026-03-09 15:13:27,322 - utils.logger2026-03-09-15.09.53 - INFO - Cur epoch 27 loss CE:1.0812 mse:0.2195 consistent:1.2855
2026-03-09 15:13:28,005 - utils.logger2026-03-09-15.09.53 - INFO - Cur epoch 27 loss CE:1.1668 mse:0.2096 consistent:1.2344
2026-03-09 15:13:28,513 - utils.logger2026-03-09-15.09.53 - INFO - saving the model at the end of epoch 27, iters 756
2026-03-09 15:13:29,119 - utils.logger2026-03-09-15.09.53 - INFO - End of training epoch 27 / 40 	 Time Taken: 4 sec
2026-03-09 15:13:29,119 - utils.logger2026-03-09-15.09.53 - INFO - learning rate = 0.0001238
2026-03-09 15:13:31,057 - utils.logger2026-03-09-15.09.53 - INFO - Val result of epoch 27 / 40 mae 1.1446 corr 0.4272 f1 0.6741
2026-03-09 15:13:33,105 - utils.logger2026-03-09-15.09.53 - INFO - Tst result of epoch 27 / 40 mae 1.2080 corr 0.3628 f1 0.6239
2026-03-09 15:13:34,489 - utils.logger2026-03-09-15.09.53 - INFO - Cur epoch 28 loss CE:0.8856 mse:0.2411 consistent:1.3754
2026-03-09 15:13:35,149 - utils.logger2026-03-09-15.09.53 - INFO - Cur epoch 28 loss CE:0.7109 mse:0.2709 consistent:1.3676
2026-03-09 15:13:35,791 - utils.logger2026-03-09-15.09.53 - INFO - Cur epoch 28 loss CE:0.4658 mse:0.1894 consistent:1.0976
2026-03-09 15:13:36,173 - utils.logger2026-03-09-15.09.53 - INFO - saving the model at the end of epoch 28, iters 784
2026-03-09 15:13:36,777 - utils.logger2026-03-09-15.09.53 - INFO - End of training epoch 28 / 40 	 Time Taken: 3 sec
2026-03-09 15:13:36,777 - utils.logger2026-03-09-15.09.53 - INFO - learning rate = 0.0001143
2026-03-09 15:13:38,680 - utils.logger2026-03-09-15.09.53 - INFO - Val result of epoch 28 / 40 mae 1.1719 corr 0.4190 f1 0.6594
2026-03-09 15:13:40,716 - utils.logger2026-03-09-15.09.53 - INFO - Tst result of epoch 28 / 40 mae 1.2498 corr 0.3549 f1 0.6304
2026-03-09 15:13:42,286 - utils.logger2026-03-09-15.09.53 - INFO - Cur epoch 29 loss CE:1.0096 mse:0.2142 consistent:1.2461
2026-03-09 15:13:42,936 - utils.logger2026-03-09-15.09.53 - INFO - Cur epoch 29 loss CE:1.0397 mse:0.2100 consistent:1.2949
2026-03-09 15:13:43,643 - utils.logger2026-03-09-15.09.53 - INFO - Cur epoch 29 loss CE:0.4379 mse:0.1880 consistent:1.1301
2026-03-09 15:13:43,928 - utils.logger2026-03-09-15.09.53 - INFO - saving the model at the end of epoch 29, iters 812
2026-03-09 15:13:44,466 - utils.logger2026-03-09-15.09.53 - INFO - End of training epoch 29 / 40 	 Time Taken: 3 sec
2026-03-09 15:13:44,466 - utils.logger2026-03-09-15.09.53 - INFO - learning rate = 0.0001048
2026-03-09 15:13:46,496 - utils.logger2026-03-09-15.09.53 - INFO - Val result of epoch 29 / 40 mae 1.1751 corr 0.4090 f1 0.6680
2026-03-09 15:13:48,719 - utils.logger2026-03-09-15.09.53 - INFO - Tst result of epoch 29 / 40 mae 1.2314 corr 0.3503 f1 0.6268
2026-03-09 15:13:50,520 - utils.logger2026-03-09-15.09.53 - INFO - Cur epoch 30 loss CE:0.8721 mse:0.2270 consistent:1.1664
2026-03-09 15:13:51,197 - utils.logger2026-03-09-15.09.53 - INFO - Cur epoch 30 loss CE:0.6859 mse:0.1972 consistent:1.1455
2026-03-09 15:13:51,840 - utils.logger2026-03-09-15.09.53 - INFO - Cur epoch 30 loss CE:0.4884 mse:0.2344 consistent:1.2136
2026-03-09 15:13:52,074 - utils.logger2026-03-09-15.09.53 - INFO - saving the model at the end of epoch 30, iters 840
2026-03-09 15:13:52,578 - utils.logger2026-03-09-15.09.53 - INFO - End of training epoch 30 / 40 	 Time Taken: 3 sec
2026-03-09 15:13:52,579 - utils.logger2026-03-09-15.09.53 - INFO - learning rate = 0.0000952
2026-03-09 15:13:54,739 - utils.logger2026-03-09-15.09.53 - INFO - Val result of epoch 30 / 40 mae 1.1868 corr 0.4150 f1 0.6626
2026-03-09 15:13:56,800 - utils.logger2026-03-09-15.09.53 - INFO - Tst result of epoch 30 / 40 mae 1.2482 corr 0.3493 f1 0.6207
2026-03-09 15:13:58,588 - utils.logger2026-03-09-15.09.53 - INFO - Cur epoch 31 loss CE:0.6561 mse:0.1823 consistent:1.0793
2026-03-09 15:13:59,228 - utils.logger2026-03-09-15.09.53 - INFO - Cur epoch 31 loss CE:0.8451 mse:0.2333 consistent:1.3764
2026-03-09 15:14:00,075 - utils.logger2026-03-09-15.09.53 - INFO - saving the model at the end of epoch 31, iters 868
2026-03-09 15:14:00,633 - utils.logger2026-03-09-15.09.53 - INFO - End of training epoch 31 / 40 	 Time Taken: 3 sec
2026-03-09 15:14:00,633 - utils.logger2026-03-09-15.09.53 - INFO - learning rate = 0.0000857
2026-03-09 15:14:02,750 - utils.logger2026-03-09-15.09.53 - INFO - Val result of epoch 31 / 40 mae 1.1522 corr 0.4118 f1 0.6814
2026-03-09 15:14:05,038 - utils.logger2026-03-09-15.09.53 - INFO - Tst result of epoch 31 / 40 mae 1.1882 corr 0.3556 f1 0.6566
2026-03-09 15:14:06,249 - utils.logger2026-03-09-15.09.53 - INFO - Cur epoch 32 loss CE:0.8665 mse:0.1881 consistent:1.1507
2026-03-09 15:14:06,942 - utils.logger2026-03-09-15.09.53 - INFO - Cur epoch 32 loss CE:0.4897 mse:0.1961 consistent:1.1131
2026-03-09 15:14:07,573 - utils.logger2026-03-09-15.09.53 - INFO - Cur epoch 32 loss CE:0.9508 mse:0.1930 consistent:1.0659
2026-03-09 15:14:08,085 - utils.logger2026-03-09-15.09.53 - INFO - saving the model at the end of epoch 32, iters 896
2026-03-09 15:14:08,781 - utils.logger2026-03-09-15.09.53 - INFO - End of training epoch 32 / 40 	 Time Taken: 3 sec
2026-03-09 15:14:08,782 - utils.logger2026-03-09-15.09.53 - INFO - learning rate = 0.0000762
2026-03-09 15:14:10,730 - utils.logger2026-03-09-15.09.53 - INFO - Val result of epoch 32 / 40 mae 1.1434 corr 0.4210 f1 0.6641
2026-03-09 15:14:12,755 - utils.logger2026-03-09-15.09.53 - INFO - Tst result of epoch 32 / 40 mae 1.1963 corr 0.3636 f1 0.6396
2026-03-09 15:14:14,224 - utils.logger2026-03-09-15.09.53 - INFO - Cur epoch 33 loss CE:0.7906 mse:0.2470 consistent:1.3358
2026-03-09 15:14:14,926 - utils.logger2026-03-09-15.09.53 - INFO - Cur epoch 33 loss CE:0.9810 mse:0.2180 consistent:1.1043
2026-03-09 15:14:15,607 - utils.logger2026-03-09-15.09.53 - INFO - Cur epoch 33 loss CE:0.9064 mse:0.1814 consistent:1.1243
2026-03-09 15:14:16,064 - utils.logger2026-03-09-15.09.53 - INFO - saving the model at the end of epoch 33, iters 924
2026-03-09 15:14:16,613 - utils.logger2026-03-09-15.09.53 - INFO - End of training epoch 33 / 40 	 Time Taken: 3 sec
2026-03-09 15:14:16,614 - utils.logger2026-03-09-15.09.53 - INFO - learning rate = 0.0000667
2026-03-09 15:14:18,776 - utils.logger2026-03-09-15.09.53 - INFO - Val result of epoch 33 / 40 mae 1.1575 corr 0.4064 f1 0.6722
2026-03-09 15:14:21,151 - utils.logger2026-03-09-15.09.53 - INFO - Tst result of epoch 33 / 40 mae 1.1991 corr 0.3507 f1 0.6468
2026-03-09 15:14:22,762 - utils.logger2026-03-09-15.09.53 - INFO - Cur epoch 34 loss CE:0.6597 mse:0.2122 consistent:1.2201
2026-03-09 15:14:23,413 - utils.logger2026-03-09-15.09.53 - INFO - Cur epoch 34 loss CE:0.9675 mse:0.2140 consistent:1.2503
2026-03-09 15:14:24,089 - utils.logger2026-03-09-15.09.53 - INFO - Cur epoch 34 loss CE:0.7612 mse:0.2003 consistent:1.2342
2026-03-09 15:14:24,366 - utils.logger2026-03-09-15.09.53 - INFO - saving the model at the end of epoch 34, iters 952
2026-03-09 15:14:24,988 - utils.logger2026-03-09-15.09.53 - INFO - End of training epoch 34 / 40 	 Time Taken: 3 sec
2026-03-09 15:14:24,989 - utils.logger2026-03-09-15.09.53 - INFO - learning rate = 0.0000571
2026-03-09 15:14:26,875 - utils.logger2026-03-09-15.09.53 - INFO - Val result of epoch 34 / 40 mae 1.1576 corr 0.4112 f1 0.6690
2026-03-09 15:14:28,844 - utils.logger2026-03-09-15.09.53 - INFO - Tst result of epoch 34 / 40 mae 1.2114 corr 0.3526 f1 0.6395
2026-03-09 15:14:30,504 - utils.logger2026-03-09-15.09.53 - INFO - Cur epoch 35 loss CE:0.6959 mse:0.1915 consistent:1.2698
2026-03-09 15:14:31,153 - utils.logger2026-03-09-15.09.53 - INFO - Cur epoch 35 loss CE:0.6425 mse:0.1843 consistent:1.1207
2026-03-09 15:14:31,782 - utils.logger2026-03-09-15.09.53 - INFO - Cur epoch 35 loss CE:0.5086 mse:0.2233 consistent:1.0648
2026-03-09 15:14:31,980 - utils.logger2026-03-09-15.09.53 - INFO - saving the model at the end of epoch 35, iters 980
2026-03-09 15:14:32,522 - utils.logger2026-03-09-15.09.53 - INFO - End of training epoch 35 / 40 	 Time Taken: 3 sec
2026-03-09 15:14:32,523 - utils.logger2026-03-09-15.09.53 - INFO - learning rate = 0.0000476
2026-03-09 15:14:34,527 - utils.logger2026-03-09-15.09.53 - INFO - Val result of epoch 35 / 40 mae 1.1483 corr 0.4077 f1 0.6694
2026-03-09 15:14:36,536 - utils.logger2026-03-09-15.09.53 - INFO - Tst result of epoch 35 / 40 mae 1.1900 corr 0.3527 f1 0.6628
2026-03-09 15:14:38,344 - utils.logger2026-03-09-15.09.53 - INFO - Cur epoch 36 loss CE:0.6352 mse:0.1461 consistent:0.9838
2026-03-09 15:14:39,007 - utils.logger2026-03-09-15.09.53 - INFO - Cur epoch 36 loss CE:0.4506 mse:0.1656 consistent:1.0546
2026-03-09 15:14:39,700 - utils.logger2026-03-09-15.09.53 - INFO - saving the model at the end of epoch 36, iters 1008
2026-03-09 15:14:40,344 - utils.logger2026-03-09-15.09.53 - INFO - End of training epoch 36 / 40 	 Time Taken: 3 sec
2026-03-09 15:14:40,344 - utils.logger2026-03-09-15.09.53 - INFO - learning rate = 0.0000381
2026-03-09 15:14:42,078 - utils.logger2026-03-09-15.09.53 - INFO - Val result of epoch 36 / 40 mae 1.1558 corr 0.4103 f1 0.6671
2026-03-09 15:14:43,612 - utils.logger2026-03-09-15.09.53 - INFO - Tst result of epoch 36 / 40 mae 1.2091 corr 0.3535 f1 0.6429
2026-03-09 15:14:44,505 - utils.logger2026-03-09-15.09.53 - INFO - Cur epoch 37 loss CE:0.4011 mse:0.1686 consistent:1.0603
2026-03-09 15:14:45,144 - utils.logger2026-03-09-15.09.53 - INFO - Cur epoch 37 loss CE:0.5171 mse:0.1835 consistent:1.0749
2026-03-09 15:14:45,811 - utils.logger2026-03-09-15.09.53 - INFO - Cur epoch 37 loss CE:0.6646 mse:0.1588 consistent:1.0461
2026-03-09 15:14:46,418 - utils.logger2026-03-09-15.09.53 - INFO - saving the model at the end of epoch 37, iters 1036
2026-03-09 15:14:46,734 - utils.logger2026-03-09-15.09.53 - INFO - End of training epoch 37 / 40 	 Time Taken: 3 sec
2026-03-09 15:14:46,734 - utils.logger2026-03-09-15.09.53 - INFO - learning rate = 0.0000286
2026-03-09 15:14:48,902 - utils.logger2026-03-09-15.09.53 - INFO - Val result of epoch 37 / 40 mae 1.1539 corr 0.4058 f1 0.6654
2026-03-09 15:14:50,970 - utils.logger2026-03-09-15.09.53 - INFO - Tst result of epoch 37 / 40 mae 1.2032 corr 0.3502 f1 0.6496
2026-03-09 15:14:52,324 - utils.logger2026-03-09-15.09.53 - INFO - Cur epoch 38 loss CE:0.5128 mse:0.1639 consistent:1.0225
2026-03-09 15:14:53,130 - utils.logger2026-03-09-15.09.53 - INFO - Cur epoch 38 loss CE:0.6354 mse:0.1669 consistent:1.1148
2026-03-09 15:14:53,841 - utils.logger2026-03-09-15.09.53 - INFO - Cur epoch 38 loss CE:0.5492 mse:0.1861 consistent:1.1876
2026-03-09 15:14:54,314 - utils.logger2026-03-09-15.09.53 - INFO - saving the model at the end of epoch 38, iters 1064
2026-03-09 15:14:54,962 - utils.logger2026-03-09-15.09.53 - INFO - End of training epoch 38 / 40 	 Time Taken: 3 sec
2026-03-09 15:14:54,962 - utils.logger2026-03-09-15.09.53 - INFO - learning rate = 0.0000190
2026-03-09 15:14:57,039 - utils.logger2026-03-09-15.09.53 - INFO - Val result of epoch 38 / 40 mae 1.1553 corr 0.4111 f1 0.6808
2026-03-09 15:14:59,319 - utils.logger2026-03-09-15.09.53 - INFO - Tst result of epoch 38 / 40 mae 1.2114 corr 0.3532 f1 0.6420
2026-03-09 15:15:00,784 - utils.logger2026-03-09-15.09.53 - INFO - Cur epoch 39 loss CE:0.5744 mse:0.1653 consistent:1.0852
2026-03-09 15:15:01,445 - utils.logger2026-03-09-15.09.53 - INFO - Cur epoch 39 loss CE:0.7915 mse:0.1964 consistent:1.1593
2026-03-09 15:15:02,193 - utils.logger2026-03-09-15.09.53 - INFO - Cur epoch 39 loss CE:0.5491 mse:0.1611 consistent:1.0603
2026-03-09 15:15:02,483 - utils.logger2026-03-09-15.09.53 - INFO - saving the model at the end of epoch 39, iters 1092
2026-03-09 15:15:03,156 - utils.logger2026-03-09-15.09.53 - INFO - End of training epoch 39 / 40 	 Time Taken: 3 sec
2026-03-09 15:15:03,157 - utils.logger2026-03-09-15.09.53 - INFO - learning rate = 0.0000095
2026-03-09 15:15:05,094 - utils.logger2026-03-09-15.09.53 - INFO - Val result of epoch 39 / 40 mae 1.1534 corr 0.4100 f1 0.6702
2026-03-09 15:15:07,088 - utils.logger2026-03-09-15.09.53 - INFO - Tst result of epoch 39 / 40 mae 1.2086 corr 0.3544 f1 0.6506
2026-03-09 15:15:08,804 - utils.logger2026-03-09-15.09.53 - INFO - Cur epoch 40 loss CE:0.7525 mse:0.2025 consistent:1.1861
2026-03-09 15:15:09,480 - utils.logger2026-03-09-15.09.53 - INFO - Cur epoch 40 loss CE:0.5308 mse:0.1623 consistent:1.0720
2026-03-09 15:15:10,129 - utils.logger2026-03-09-15.09.53 - INFO - Cur epoch 40 loss CE:0.3974 mse:0.2042 consistent:1.0968
2026-03-09 15:15:10,284 - utils.logger2026-03-09-15.09.53 - INFO - saving the model at the end of epoch 40, iters 1120
2026-03-09 15:15:10,737 - utils.logger2026-03-09-15.09.53 - INFO - End of training epoch 40 / 40 	 Time Taken: 3 sec
2026-03-09 15:15:10,737 - utils.logger2026-03-09-15.09.53 - INFO - learning rate = 0.0000000
2026-03-09 15:15:12,685 - utils.logger2026-03-09-15.09.53 - INFO - Val result of epoch 40 / 40 mae 1.1497 corr 0.4104 f1 0.6742
2026-03-09 15:15:14,715 - utils.logger2026-03-09-15.09.53 - INFO - Tst result of epoch 40 / 40 mae 1.2010 corr 0.3542 f1 0.6543
2026-03-09 15:15:14,716 - utils.logger2026-03-09-15.09.53 - INFO - Best eval epoch 11 found with MAE 1.128025
2026-03-09 15:15:14,716 - utils.logger2026-03-09-15.09.53 - INFO - Loading best model found on val set: epoch-11
2026-03-09 15:15:19,424 - utils.logger2026-03-09-15.09.53 - INFO - Tst result mae 1.1280 corr 0.4408 f1 0.6632
