2026-03-09 14:06:10,733 - utils.logger2026-03-09-14.06.10 - INFO - The number of training samples = 1750
2026-03-09 14:06:10,733 - utils.logger2026-03-09-14.06.10 - INFO - The number of testing samples = 224
2026-03-09 14:06:12,499 - utils.logger2026-03-09-14.06.10 - INFO - Cur epoch 1 loss TA:1.0367 TV:1.0344 VA:2.0659 CE:2.3843
2026-03-09 14:06:13,008 - utils.logger2026-03-09-14.06.10 - INFO - Cur epoch 1 loss TA:1.0374 TV:1.0341 VA:2.0720 CE:2.6826
2026-03-09 14:06:13,358 - utils.logger2026-03-09-14.06.10 - INFO - saving the model at the end of epoch 1, iters 28
2026-03-09 14:06:13,600 - utils.logger2026-03-09-14.06.10 - INFO - End of training epoch 1 / 40 	 Time Taken: 2 sec
2026-03-09 14:06:13,600 - utils.logger2026-03-09-14.06.10 - INFO - learning rate = 0.0002000
2026-03-09 14:06:14,032 - utils.logger2026-03-09-14.06.10 - INFO - Val result of epoch 1 / 40 mae 1.3097 corr 0.2397 f1 0.6320
2026-03-09 14:06:14,476 - utils.logger2026-03-09-14.06.10 - INFO - Tst result of epoch 1 / 40 mae 1.3444 corr 0.4161 f1 0.6989
2026-03-09 14:06:14,914 - utils.logger2026-03-09-14.06.10 - INFO - Cur epoch 2 loss TA:1.0286 TV:1.0304 VA:2.0564 CE:2.6241
2026-03-09 14:06:15,301 - utils.logger2026-03-09-14.06.10 - INFO - Cur epoch 2 loss TA:1.0295 TV:1.0251 VA:2.0571 CE:2.8008
2026-03-09 14:06:15,797 - utils.logger2026-03-09-14.06.10 - INFO - Cur epoch 2 loss TA:1.0118 TV:1.0074 VA:2.0343 CE:2.4125
2026-03-09 14:06:16,055 - utils.logger2026-03-09-14.06.10 - INFO - saving the model at the end of epoch 2, iters 56
2026-03-09 14:06:16,297 - utils.logger2026-03-09-14.06.10 - INFO - End of training epoch 2 / 40 	 Time Taken: 1 sec
2026-03-09 14:06:16,297 - utils.logger2026-03-09-14.06.10 - INFO - learning rate = 0.0002000
2026-03-09 14:06:16,726 - utils.logger2026-03-09-14.06.10 - INFO - Val result of epoch 2 / 40 mae 1.3001 corr 0.3962 f1 0.6306
2026-03-09 14:06:17,193 - utils.logger2026-03-09-14.06.10 - INFO - Tst result of epoch 2 / 40 mae 1.3803 corr 0.4868 f1 0.6290
2026-03-09 14:06:17,745 - utils.logger2026-03-09-14.06.10 - INFO - Cur epoch 3 loss TA:1.0008 TV:0.9861 VA:1.9984 CE:2.2144
2026-03-09 14:06:18,290 - utils.logger2026-03-09-14.06.10 - INFO - Cur epoch 3 loss TA:0.9921 TV:0.9768 VA:1.9508 CE:2.3981
2026-03-09 14:06:18,676 - utils.logger2026-03-09-14.06.10 - INFO - Cur epoch 3 loss TA:0.9707 TV:0.9440 VA:1.9529 CE:2.6055
2026-03-09 14:06:18,989 - utils.logger2026-03-09-14.06.10 - INFO - saving the model at the end of epoch 3, iters 84
2026-03-09 14:06:19,095 - utils.logger2026-03-09-14.06.10 - INFO - End of training epoch 3 / 40 	 Time Taken: 1 sec
2026-03-09 14:06:19,095 - utils.logger2026-03-09-14.06.10 - INFO - learning rate = 0.0002000
2026-03-09 14:06:19,530 - utils.logger2026-03-09-14.06.10 - INFO - Val result of epoch 3 / 40 mae 1.2247 corr 0.5140 f1 0.7277
2026-03-09 14:06:19,968 - utils.logger2026-03-09-14.06.10 - INFO - Tst result of epoch 3 / 40 mae 1.2971 corr 0.5461 f1 0.7459
2026-03-09 14:06:20,726 - utils.logger2026-03-09-14.06.10 - INFO - Cur epoch 4 loss TA:0.9480 TV:0.9336 VA:1.8703 CE:1.9036
2026-03-09 14:06:21,185 - utils.logger2026-03-09-14.06.10 - INFO - Cur epoch 4 loss TA:0.9314 TV:0.9402 VA:1.8488 CE:1.9850
2026-03-09 14:06:21,652 - utils.logger2026-03-09-14.06.10 - INFO - Cur epoch 4 loss TA:0.9517 TV:0.9331 VA:1.8612 CE:1.9812
2026-03-09 14:06:21,783 - utils.logger2026-03-09-14.06.10 - INFO - saving the model at the end of epoch 4, iters 112
2026-03-09 14:06:22,042 - utils.logger2026-03-09-14.06.10 - INFO - End of training epoch 4 / 40 	 Time Taken: 2 sec
2026-03-09 14:06:22,042 - utils.logger2026-03-09-14.06.10 - INFO - learning rate = 0.0002000
2026-03-09 14:06:22,542 - utils.logger2026-03-09-14.06.10 - INFO - Val result of epoch 4 / 40 mae 1.0974 corr 0.5702 f1 0.7356
2026-03-09 14:06:22,972 - utils.logger2026-03-09-14.06.10 - INFO - Tst result of epoch 4 / 40 mae 1.1282 corr 0.6277 f1 0.8045
2026-03-09 14:06:23,796 - utils.logger2026-03-09-14.06.10 - INFO - Cur epoch 5 loss TA:0.9069 TV:0.9109 VA:1.8053 CE:1.7779
2026-03-09 14:06:24,285 - utils.logger2026-03-09-14.06.10 - INFO - Cur epoch 5 loss TA:0.9187 TV:0.9120 VA:1.7893 CE:1.6831
2026-03-09 14:06:24,677 - utils.logger2026-03-09-14.06.10 - INFO - Cur epoch 5 loss TA:0.6538 TV:0.6393 VA:1.2291 CE:1.6100
2026-03-09 14:06:24,731 - utils.logger2026-03-09-14.06.10 - INFO - saving the model at the end of epoch 5, iters 140
2026-03-09 14:06:24,983 - utils.logger2026-03-09-14.06.10 - INFO - End of training epoch 5 / 40 	 Time Taken: 2 sec
2026-03-09 14:06:24,983 - utils.logger2026-03-09-14.06.10 - INFO - learning rate = 0.0002000
2026-03-09 14:06:25,425 - utils.logger2026-03-09-14.06.10 - INFO - Val result of epoch 5 / 40 mae 1.0155 corr 0.6506 f1 0.7977
2026-03-09 14:06:25,864 - utils.logger2026-03-09-14.06.10 - INFO - Tst result of epoch 5 / 40 mae 1.0619 corr 0.6705 f1 0.8341
2026-03-09 14:06:26,826 - utils.logger2026-03-09-14.06.10 - INFO - Cur epoch 6 loss TA:0.9010 TV:0.8917 VA:1.7580 CE:1.6342
2026-03-09 14:06:27,378 - utils.logger2026-03-09-14.06.10 - INFO - Cur epoch 6 loss TA:0.8777 TV:0.8888 VA:1.7046 CE:1.4869
2026-03-09 14:06:27,878 - utils.logger2026-03-09-14.06.10 - INFO - saving the model at the end of epoch 6, iters 168
2026-03-09 14:06:27,988 - utils.logger2026-03-09-14.06.10 - INFO - End of training epoch 6 / 40 	 Time Taken: 2 sec
2026-03-09 14:06:27,988 - utils.logger2026-03-09-14.06.10 - INFO - learning rate = 0.0002000
2026-03-09 14:06:28,524 - utils.logger2026-03-09-14.06.10 - INFO - Val result of epoch 6 / 40 mae 0.9801 corr 0.6870 f1 0.7977
2026-03-09 14:06:29,050 - utils.logger2026-03-09-14.06.10 - INFO - Tst result of epoch 6 / 40 mae 1.0405 corr 0.6778 f1 0.8293
2026-03-09 14:06:29,562 - utils.logger2026-03-09-14.06.10 - INFO - Cur epoch 7 loss TA:0.8746 TV:0.8765 VA:1.6819 CE:1.7021
2026-03-09 14:06:30,101 - utils.logger2026-03-09-14.06.10 - INFO - Cur epoch 7 loss TA:0.8595 TV:0.8668 VA:1.6827 CE:1.7985
2026-03-09 14:06:30,530 - utils.logger2026-03-09-14.06.10 - INFO - Cur epoch 7 loss TA:0.8613 TV:0.8576 VA:1.6613 CE:1.9097
2026-03-09 14:06:30,893 - utils.logger2026-03-09-14.06.10 - INFO - saving the model at the end of epoch 7, iters 196
2026-03-09 14:06:31,019 - utils.logger2026-03-09-14.06.10 - INFO - End of training epoch 7 / 40 	 Time Taken: 1 sec
2026-03-09 14:06:31,019 - utils.logger2026-03-09-14.06.10 - INFO - learning rate = 0.0002000
2026-03-09 14:06:31,468 - utils.logger2026-03-09-14.06.10 - INFO - Val result of epoch 7 / 40 mae 0.9765 corr 0.6970 f1 0.7917
2026-03-09 14:06:31,925 - utils.logger2026-03-09-14.06.10 - INFO - Tst result of epoch 7 / 40 mae 1.0404 corr 0.6933 f1 0.8191
2026-03-09 14:06:32,582 - utils.logger2026-03-09-14.06.10 - INFO - Cur epoch 8 loss TA:0.8570 TV:0.8583 VA:1.6549 CE:1.5064
2026-03-09 14:06:33,130 - utils.logger2026-03-09-14.06.10 - INFO - Cur epoch 8 loss TA:0.8458 TV:0.8317 VA:1.6035 CE:1.5325
2026-03-09 14:06:33,588 - utils.logger2026-03-09-14.06.10 - INFO - Cur epoch 8 loss TA:0.8590 TV:0.8725 VA:1.6529 CE:1.0890
2026-03-09 14:06:33,890 - utils.logger2026-03-09-14.06.10 - INFO - saving the model at the end of epoch 8, iters 224
2026-03-09 14:06:33,994 - utils.logger2026-03-09-14.06.10 - INFO - End of training epoch 8 / 40 	 Time Taken: 2 sec
2026-03-09 14:06:33,994 - utils.logger2026-03-09-14.06.10 - INFO - learning rate = 0.0002000
2026-03-09 14:06:34,435 - utils.logger2026-03-09-14.06.10 - INFO - Val result of epoch 8 / 40 mae 0.9186 corr 0.7028 f1 0.8001
2026-03-09 14:06:34,975 - utils.logger2026-03-09-14.06.10 - INFO - Tst result of epoch 8 / 40 mae 0.9559 corr 0.7163 f1 0.8421
2026-03-09 14:06:35,600 - utils.logger2026-03-09-14.06.10 - INFO - Cur epoch 9 loss TA:0.8369 TV:0.8168 VA:1.5742 CE:1.2762
2026-03-09 14:06:36,117 - utils.logger2026-03-09-14.06.10 - INFO - Cur epoch 9 loss TA:0.8258 TV:0.8268 VA:1.5525 CE:1.4351
2026-03-09 14:06:36,504 - utils.logger2026-03-09-14.06.10 - INFO - Cur epoch 9 loss TA:0.8158 TV:0.8144 VA:1.5383 CE:1.2488
2026-03-09 14:06:36,623 - utils.logger2026-03-09-14.06.10 - INFO - saving the model at the end of epoch 9, iters 252
2026-03-09 14:06:36,844 - utils.logger2026-03-09-14.06.10 - INFO - End of training epoch 9 / 40 	 Time Taken: 1 sec
2026-03-09 14:06:36,844 - utils.logger2026-03-09-14.06.10 - INFO - learning rate = 0.0002000
2026-03-09 14:06:37,281 - utils.logger2026-03-09-14.06.10 - INFO - Val result of epoch 9 / 40 mae 0.8872 corr 0.7104 f1 0.7864
2026-03-09 14:06:37,759 - utils.logger2026-03-09-14.06.10 - INFO - Tst result of epoch 9 / 40 mae 0.9121 corr 0.7013 f1 0.8288
2026-03-09 14:06:38,528 - utils.logger2026-03-09-14.06.10 - INFO - Cur epoch 10 loss TA:0.8139 TV:0.8405 VA:1.4934 CE:1.1432
2026-03-09 14:06:38,941 - utils.logger2026-03-09-14.06.10 - INFO - Cur epoch 10 loss TA:0.8011 TV:0.8028 VA:1.4850 CE:1.1373
2026-03-09 14:06:39,444 - utils.logger2026-03-09-14.06.10 - INFO - Cur epoch 10 loss TA:0.5332 TV:0.5056 VA:0.9561 CE:1.2038
2026-03-09 14:06:39,490 - utils.logger2026-03-09-14.06.10 - INFO - saving the model at the end of epoch 10, iters 280
2026-03-09 14:06:39,597 - utils.logger2026-03-09-14.06.10 - INFO - End of training epoch 10 / 40 	 Time Taken: 1 sec
2026-03-09 14:06:39,597 - utils.logger2026-03-09-14.06.10 - INFO - learning rate = 0.0002000
2026-03-09 14:06:40,083 - utils.logger2026-03-09-14.06.10 - INFO - Val result of epoch 10 / 40 mae 0.8862 corr 0.7169 f1 0.7787
2026-03-09 14:06:40,579 - utils.logger2026-03-09-14.06.10 - INFO - Tst result of epoch 10 / 40 mae 0.9182 corr 0.6893 f1 0.8108
2026-03-09 14:06:41,381 - utils.logger2026-03-09-14.06.10 - INFO - Cur epoch 11 loss TA:0.7883 TV:0.7688 VA:1.4433 CE:1.0320
2026-03-09 14:06:41,890 - utils.logger2026-03-09-14.06.10 - INFO - Cur epoch 11 loss TA:0.7761 TV:0.7662 VA:1.4283 CE:1.0787
2026-03-09 14:06:42,350 - utils.logger2026-03-09-14.06.10 - INFO - saving the model at the end of epoch 11, iters 308
2026-03-09 14:06:42,455 - utils.logger2026-03-09-14.06.10 - INFO - End of training epoch 11 / 40 	 Time Taken: 1 sec
2026-03-09 14:06:42,455 - utils.logger2026-03-09-14.06.10 - INFO - learning rate = 0.0002000
2026-03-09 14:06:42,899 - utils.logger2026-03-09-14.06.10 - INFO - Val result of epoch 11 / 40 mae 0.8948 corr 0.7186 f1 0.7994
2026-03-09 14:06:43,339 - utils.logger2026-03-09-14.06.10 - INFO - Tst result of epoch 11 / 40 mae 0.9263 corr 0.7111 f1 0.8224
2026-03-09 14:06:43,914 - utils.logger2026-03-09-14.06.10 - INFO - Cur epoch 12 loss TA:0.7954 TV:0.7760 VA:1.3978 CE:0.7268
2026-03-09 14:06:44,321 - utils.logger2026-03-09-14.06.10 - INFO - Cur epoch 12 loss TA:0.7444 TV:0.7302 VA:1.3064 CE:0.9895
2026-03-09 14:06:44,834 - utils.logger2026-03-09-14.06.10 - INFO - Cur epoch 12 loss TA:0.7742 TV:0.7886 VA:1.4248 CE:0.9718
2026-03-09 14:06:45,104 - utils.logger2026-03-09-14.06.10 - INFO - saving the model at the end of epoch 12, iters 336
2026-03-09 14:06:45,345 - utils.logger2026-03-09-14.06.10 - INFO - End of training epoch 12 / 40 	 Time Taken: 2 sec
2026-03-09 14:06:45,345 - utils.logger2026-03-09-14.06.10 - INFO - learning rate = 0.0002000
2026-03-09 14:06:45,883 - utils.logger2026-03-09-14.06.10 - INFO - Val result of epoch 12 / 40 mae 0.8695 corr 0.7231 f1 0.7874
2026-03-09 14:06:46,417 - utils.logger2026-03-09-14.06.10 - INFO - Tst result of epoch 12 / 40 mae 0.8848 corr 0.7158 f1 0.8283
2026-03-09 14:06:46,997 - utils.logger2026-03-09-14.06.10 - INFO - Cur epoch 13 loss TA:0.7316 TV:0.7506 VA:1.3693 CE:0.7392
2026-03-09 14:06:47,433 - utils.logger2026-03-09-14.06.10 - INFO - Cur epoch 13 loss TA:0.7090 TV:0.7403 VA:1.4117 CE:0.6483
2026-03-09 14:06:47,910 - utils.logger2026-03-09-14.06.10 - INFO - Cur epoch 13 loss TA:0.7470 TV:0.7640 VA:1.3805 CE:0.7202
2026-03-09 14:06:48,180 - utils.logger2026-03-09-14.06.10 - INFO - saving the model at the end of epoch 13, iters 364
2026-03-09 14:06:48,368 - utils.logger2026-03-09-14.06.10 - INFO - End of training epoch 13 / 40 	 Time Taken: 1 sec
2026-03-09 14:06:48,368 - utils.logger2026-03-09-14.06.10 - INFO - learning rate = 0.0002000
2026-03-09 14:06:48,823 - utils.logger2026-03-09-14.06.10 - INFO - Val result of epoch 13 / 40 mae 0.8540 corr 0.7382 f1 0.7886
2026-03-09 14:06:49,345 - utils.logger2026-03-09-14.06.10 - INFO - Tst result of epoch 13 / 40 mae 0.9500 corr 0.6898 f1 0.8022
2026-03-09 14:06:50,059 - utils.logger2026-03-09-14.06.10 - INFO - Cur epoch 14 loss TA:0.7494 TV:0.7518 VA:1.3552 CE:0.5796
2026-03-09 14:06:50,495 - utils.logger2026-03-09-14.06.10 - INFO - Cur epoch 14 loss TA:0.7351 TV:0.7488 VA:1.2719 CE:0.7195
2026-03-09 14:06:50,962 - utils.logger2026-03-09-14.06.10 - INFO - Cur epoch 14 loss TA:0.7528 TV:0.7595 VA:1.4242 CE:0.6948
2026-03-09 14:06:51,085 - utils.logger2026-03-09-14.06.10 - INFO - saving the model at the end of epoch 14, iters 392
2026-03-09 14:06:51,322 - utils.logger2026-03-09-14.06.10 - INFO - End of training epoch 14 / 40 	 Time Taken: 1 sec
2026-03-09 14:06:51,323 - utils.logger2026-03-09-14.06.10 - INFO - learning rate = 0.0002000
2026-03-09 14:06:51,836 - utils.logger2026-03-09-14.06.10 - INFO - Val result of epoch 14 / 40 mae 0.8627 corr 0.7242 f1 0.7981
2026-03-09 14:06:52,261 - utils.logger2026-03-09-14.06.10 - INFO - Tst result of epoch 14 / 40 mae 0.9047 corr 0.7135 f1 0.8399
2026-03-09 14:06:53,087 - utils.logger2026-03-09-14.06.10 - INFO - Cur epoch 15 loss TA:0.7163 TV:0.7185 VA:1.3346 CE:0.8480
2026-03-09 14:06:53,591 - utils.logger2026-03-09-14.06.10 - INFO - Cur epoch 15 loss TA:0.6874 TV:0.7074 VA:1.2874 CE:0.8201
2026-03-09 14:06:54,037 - utils.logger2026-03-09-14.06.10 - INFO - Cur epoch 15 loss TA:0.4823 TV:0.5033 VA:0.8511 CE:0.5466
2026-03-09 14:06:54,095 - utils.logger2026-03-09-14.06.10 - INFO - saving the model at the end of epoch 15, iters 420
2026-03-09 14:06:54,321 - utils.logger2026-03-09-14.06.10 - INFO - End of training epoch 15 / 40 	 Time Taken: 2 sec
2026-03-09 14:06:54,321 - utils.logger2026-03-09-14.06.10 - INFO - learning rate = 0.0002000
2026-03-09 14:06:54,773 - utils.logger2026-03-09-14.06.10 - INFO - Val result of epoch 15 / 40 mae 0.8654 corr 0.7239 f1 0.7981
2026-03-09 14:06:55,212 - utils.logger2026-03-09-14.06.10 - INFO - Tst result of epoch 15 / 40 mae 0.8933 corr 0.7203 f1 0.8399
2026-03-09 14:06:56,095 - utils.logger2026-03-09-14.06.10 - INFO - Cur epoch 16 loss TA:0.7045 TV:0.6927 VA:1.3263 CE:0.4757
2026-03-09 14:06:56,462 - utils.logger2026-03-09-14.06.10 - INFO - Cur epoch 16 loss TA:0.6553 TV:0.6850 VA:1.2713 CE:0.4778
2026-03-09 14:06:56,946 - utils.logger2026-03-09-14.06.10 - INFO - saving the model at the end of epoch 16, iters 448
2026-03-09 14:06:57,070 - utils.logger2026-03-09-14.06.10 - INFO - End of training epoch 16 / 40 	 Time Taken: 1 sec
2026-03-09 14:06:57,071 - utils.logger2026-03-09-14.06.10 - INFO - learning rate = 0.0002000
2026-03-09 14:06:57,527 - utils.logger2026-03-09-14.06.10 - INFO - Val result of epoch 16 / 40 mae 0.8540 corr 0.7175 f1 0.7891
2026-03-09 14:06:57,986 - utils.logger2026-03-09-14.06.10 - INFO - Tst result of epoch 16 / 40 mae 0.8455 corr 0.7243 f1 0.8267
2026-03-09 14:06:58,494 - utils.logger2026-03-09-14.06.10 - INFO - Cur epoch 17 loss TA:0.6930 TV:0.6945 VA:1.2930 CE:0.6848
2026-03-09 14:06:59,031 - utils.logger2026-03-09-14.06.10 - INFO - Cur epoch 17 loss TA:0.6943 TV:0.6900 VA:1.2683 CE:0.4877
2026-03-09 14:06:59,484 - utils.logger2026-03-09-14.06.10 - INFO - Cur epoch 17 loss TA:0.6674 TV:0.6494 VA:1.2248 CE:0.5452
2026-03-09 14:06:59,890 - utils.logger2026-03-09-14.06.10 - INFO - saving the model at the end of epoch 17, iters 476
2026-03-09 14:06:59,987 - utils.logger2026-03-09-14.06.10 - INFO - End of training epoch 17 / 40 	 Time Taken: 2 sec
2026-03-09 14:06:59,987 - utils.logger2026-03-09-14.06.10 - INFO - learning rate = 0.0002000
2026-03-09 14:07:00,430 - utils.logger2026-03-09-14.06.10 - INFO - Val result of epoch 17 / 40 mae 0.8645 corr 0.7214 f1 0.7852
2026-03-09 14:07:00,890 - utils.logger2026-03-09-14.06.10 - INFO - Tst result of epoch 17 / 40 mae 0.8547 corr 0.7318 f1 0.8369
2026-03-09 14:07:01,472 - utils.logger2026-03-09-14.06.10 - INFO - Cur epoch 18 loss TA:0.6944 TV:0.7045 VA:1.2398 CE:0.3633
2026-03-09 14:07:01,878 - utils.logger2026-03-09-14.06.10 - INFO - Cur epoch 18 loss TA:0.6753 TV:0.6549 VA:1.2077 CE:0.4622
2026-03-09 14:07:02,376 - utils.logger2026-03-09-14.06.10 - INFO - Cur epoch 18 loss TA:0.6326 TV:0.6278 VA:1.2074 CE:0.4407
2026-03-09 14:07:02,560 - utils.logger2026-03-09-14.06.10 - INFO - saving the model at the end of epoch 18, iters 504
2026-03-09 14:07:02,812 - utils.logger2026-03-09-14.06.10 - INFO - End of training epoch 18 / 40 	 Time Taken: 1 sec
2026-03-09 14:07:02,812 - utils.logger2026-03-09-14.06.10 - INFO - learning rate = 0.0002000
2026-03-09 14:07:03,243 - utils.logger2026-03-09-14.06.10 - INFO - Val result of epoch 18 / 40 mae 0.8506 corr 0.7269 f1 0.8029
2026-03-09 14:07:03,750 - utils.logger2026-03-09-14.06.10 - INFO - Tst result of epoch 18 / 40 mae 0.8989 corr 0.7133 f1 0.8213
2026-03-09 14:07:04,351 - utils.logger2026-03-09-14.06.10 - INFO - Cur epoch 19 loss TA:0.6677 TV:0.6634 VA:1.2347 CE:0.3971
2026-03-09 14:07:04,860 - utils.logger2026-03-09-14.06.10 - INFO - Cur epoch 19 loss TA:0.6528 TV:0.6482 VA:1.2209 CE:0.5107
2026-03-09 14:07:05,334 - utils.logger2026-03-09-14.06.10 - INFO - Cur epoch 19 loss TA:0.6305 TV:0.6370 VA:1.2125 CE:0.5128
2026-03-09 14:07:05,483 - utils.logger2026-03-09-14.06.10 - INFO - saving the model at the end of epoch 19, iters 532
2026-03-09 14:07:05,599 - utils.logger2026-03-09-14.06.10 - INFO - End of training epoch 19 / 40 	 Time Taken: 1 sec
2026-03-09 14:07:05,599 - utils.logger2026-03-09-14.06.10 - INFO - learning rate = 0.0002000
2026-03-09 14:07:06,139 - utils.logger2026-03-09-14.06.10 - INFO - Val result of epoch 19 / 40 mae 0.8455 corr 0.7249 f1 0.8172
2026-03-09 14:07:06,591 - utils.logger2026-03-09-14.06.10 - INFO - Tst result of epoch 19 / 40 mae 0.8629 corr 0.7255 f1 0.8404
2026-03-09 14:07:07,271 - utils.logger2026-03-09-14.06.10 - INFO - Cur epoch 20 loss TA:0.6381 TV:0.6521 VA:1.2189 CE:0.4061
2026-03-09 14:07:07,815 - utils.logger2026-03-09-14.06.10 - INFO - Cur epoch 20 loss TA:0.6382 TV:0.6374 VA:1.1610 CE:0.3398
2026-03-09 14:07:08,338 - utils.logger2026-03-09-14.06.10 - INFO - Cur epoch 20 loss TA:0.4068 TV:0.4272 VA:0.6394 CE:0.3556
2026-03-09 14:07:08,385 - utils.logger2026-03-09-14.06.10 - INFO - saving the model at the end of epoch 20, iters 560
2026-03-09 14:07:08,485 - utils.logger2026-03-09-14.06.10 - INFO - End of training epoch 20 / 40 	 Time Taken: 1 sec
2026-03-09 14:07:08,486 - utils.logger2026-03-09-14.06.10 - INFO - learning rate = 0.0001905
2026-03-09 14:07:08,947 - utils.logger2026-03-09-14.06.10 - INFO - Val result of epoch 20 / 40 mae 0.8742 corr 0.7110 f1 0.7941
2026-03-09 14:07:09,438 - utils.logger2026-03-09-14.06.10 - INFO - Tst result of epoch 20 / 40 mae 0.8703 corr 0.7375 f1 0.8411
2026-03-09 14:07:10,265 - utils.logger2026-03-09-14.06.10 - INFO - Cur epoch 21 loss TA:0.6231 TV:0.6558 VA:1.1733 CE:0.2479
2026-03-09 14:07:10,797 - utils.logger2026-03-09-14.06.10 - INFO - Cur epoch 21 loss TA:0.6568 TV:0.6533 VA:1.1679 CE:0.4943
2026-03-09 14:07:11,173 - utils.logger2026-03-09-14.06.10 - INFO - saving the model at the end of epoch 21, iters 588
2026-03-09 14:07:11,344 - utils.logger2026-03-09-14.06.10 - INFO - End of training epoch 21 / 40 	 Time Taken: 1 sec
2026-03-09 14:07:11,344 - utils.logger2026-03-09-14.06.10 - INFO - learning rate = 0.0001810
2026-03-09 14:07:11,797 - utils.logger2026-03-09-14.06.10 - INFO - Val result of epoch 21 / 40 mae 0.9056 corr 0.7197 f1 0.7849
2026-03-09 14:07:12,251 - utils.logger2026-03-09-14.06.10 - INFO - Tst result of epoch 21 / 40 mae 0.8589 corr 0.7274 f1 0.8449
2026-03-09 14:07:12,787 - utils.logger2026-03-09-14.06.10 - INFO - Cur epoch 22 loss TA:0.5999 TV:0.6124 VA:1.0977 CE:0.2842
2026-03-09 14:07:13,219 - utils.logger2026-03-09-14.06.10 - INFO - Cur epoch 22 loss TA:0.6134 TV:0.6452 VA:1.1443 CE:0.3087
2026-03-09 14:07:13,721 - utils.logger2026-03-09-14.06.10 - INFO - Cur epoch 22 loss TA:0.6321 TV:0.6667 VA:1.1931 CE:0.4000
2026-03-09 14:07:13,988 - utils.logger2026-03-09-14.06.10 - INFO - saving the model at the end of epoch 22, iters 616
2026-03-09 14:07:14,237 - utils.logger2026-03-09-14.06.10 - INFO - End of training epoch 22 / 40 	 Time Taken: 1 sec
2026-03-09 14:07:14,237 - utils.logger2026-03-09-14.06.10 - INFO - learning rate = 0.0001714
2026-03-09 14:07:14,697 - utils.logger2026-03-09-14.06.10 - INFO - Val result of epoch 22 / 40 mae 0.8861 corr 0.7077 f1 0.7745
2026-03-09 14:07:15,133 - utils.logger2026-03-09-14.06.10 - INFO - Tst result of epoch 22 / 40 mae 0.9320 corr 0.7004 f1 0.8259
2026-03-09 14:07:15,639 - utils.logger2026-03-09-14.06.10 - INFO - Cur epoch 23 loss TA:0.6053 TV:0.6186 VA:1.1138 CE:0.4234
2026-03-09 14:07:16,162 - utils.logger2026-03-09-14.06.10 - INFO - Cur epoch 23 loss TA:0.6403 TV:0.6407 VA:1.1224 CE:0.3783
2026-03-09 14:07:16,670 - utils.logger2026-03-09-14.06.10 - INFO - Cur epoch 23 loss TA:0.6060 TV:0.5936 VA:1.1162 CE:0.2901
2026-03-09 14:07:16,870 - utils.logger2026-03-09-14.06.10 - INFO - saving the model at the end of epoch 23, iters 644
2026-03-09 14:07:17,024 - utils.logger2026-03-09-14.06.10 - INFO - End of training epoch 23 / 40 	 Time Taken: 1 sec
2026-03-09 14:07:17,024 - utils.logger2026-03-09-14.06.10 - INFO - learning rate = 0.0001619
2026-03-09 14:07:17,467 - utils.logger2026-03-09-14.06.10 - INFO - Val result of epoch 23 / 40 mae 0.8677 corr 0.7216 f1 0.7953
2026-03-09 14:07:17,949 - utils.logger2026-03-09-14.06.10 - INFO - Tst result of epoch 23 / 40 mae 0.8848 corr 0.7108 f1 0.8183
2026-03-09 14:07:18,588 - utils.logger2026-03-09-14.06.10 - INFO - Cur epoch 24 loss TA:0.6304 TV:0.6405 VA:1.1247 CE:0.3442
2026-03-09 14:07:19,164 - utils.logger2026-03-09-14.06.10 - INFO - Cur epoch 24 loss TA:0.5757 TV:0.5837 VA:1.0612 CE:0.2954
2026-03-09 14:07:19,669 - utils.logger2026-03-09-14.06.10 - INFO - Cur epoch 24 loss TA:0.6218 TV:0.6302 VA:1.1594 CE:0.4273
2026-03-09 14:07:19,832 - utils.logger2026-03-09-14.06.10 - INFO - saving the model at the end of epoch 24, iters 672
2026-03-09 14:07:19,941 - utils.logger2026-03-09-14.06.10 - INFO - End of training epoch 24 / 40 	 Time Taken: 1 sec
2026-03-09 14:07:19,941 - utils.logger2026-03-09-14.06.10 - INFO - learning rate = 0.0001524
2026-03-09 14:07:20,465 - utils.logger2026-03-09-14.06.10 - INFO - Val result of epoch 24 / 40 mae 0.8777 corr 0.7171 f1 0.8076
2026-03-09 14:07:20,988 - utils.logger2026-03-09-14.06.10 - INFO - Tst result of epoch 24 / 40 mae 0.9288 corr 0.7054 f1 0.8257
2026-03-09 14:07:21,873 - utils.logger2026-03-09-14.06.10 - INFO - Cur epoch 25 loss TA:0.6068 TV:0.6043 VA:1.0946 CE:0.3127
2026-03-09 14:07:22,382 - utils.logger2026-03-09-14.06.10 - INFO - Cur epoch 25 loss TA:0.6102 TV:0.6178 VA:1.1134 CE:0.3279
2026-03-09 14:07:22,803 - utils.logger2026-03-09-14.06.10 - INFO - Cur epoch 25 loss TA:0.2436 TV:0.2394 VA:0.4452 CE:0.1714
2026-03-09 14:07:22,852 - utils.logger2026-03-09-14.06.10 - INFO - saving the model at the end of epoch 25, iters 700
2026-03-09 14:07:23,093 - utils.logger2026-03-09-14.06.10 - INFO - End of training epoch 25 / 40 	 Time Taken: 2 sec
2026-03-09 14:07:23,093 - utils.logger2026-03-09-14.06.10 - INFO - learning rate = 0.0001429
2026-03-09 14:07:23,539 - utils.logger2026-03-09-14.06.10 - INFO - Val result of epoch 25 / 40 mae 0.8719 corr 0.7212 f1 0.8034
2026-03-09 14:07:23,991 - utils.logger2026-03-09-14.06.10 - INFO - Tst result of epoch 25 / 40 mae 0.9114 corr 0.7141 f1 0.8125
2026-03-09 14:07:24,927 - utils.logger2026-03-09-14.06.10 - INFO - Cur epoch 26 loss TA:0.5739 TV:0.5890 VA:1.0795 CE:0.2429
2026-03-09 14:07:25,417 - utils.logger2026-03-09-14.06.10 - INFO - Cur epoch 26 loss TA:0.5965 TV:0.6103 VA:1.0812 CE:0.2134
2026-03-09 14:07:25,781 - utils.logger2026-03-09-14.06.10 - INFO - saving the model at the end of epoch 26, iters 728
2026-03-09 14:07:26,033 - utils.logger2026-03-09-14.06.10 - INFO - End of training epoch 26 / 40 	 Time Taken: 2 sec
2026-03-09 14:07:26,034 - utils.logger2026-03-09-14.06.10 - INFO - learning rate = 0.0001333
2026-03-09 14:07:26,527 - utils.logger2026-03-09-14.06.10 - INFO - Val result of epoch 26 / 40 mae 0.9243 corr 0.7004 f1 0.7747
2026-03-09 14:07:27,078 - utils.logger2026-03-09-14.06.10 - INFO - Tst result of epoch 26 / 40 mae 0.9518 corr 0.7217 f1 0.8213
2026-03-09 14:07:27,566 - utils.logger2026-03-09-14.06.10 - INFO - Cur epoch 27 loss TA:0.6102 TV:0.6026 VA:1.0687 CE:0.2314
2026-03-09 14:07:28,040 - utils.logger2026-03-09-14.06.10 - INFO - Cur epoch 27 loss TA:0.5702 TV:0.5923 VA:1.0979 CE:0.2700
2026-03-09 14:07:28,518 - utils.logger2026-03-09-14.06.10 - INFO - Cur epoch 27 loss TA:0.5826 TV:0.5889 VA:1.1328 CE:0.3563
2026-03-09 14:07:28,910 - utils.logger2026-03-09-14.06.10 - INFO - saving the model at the end of epoch 27, iters 756
2026-03-09 14:07:29,044 - utils.logger2026-03-09-14.06.10 - INFO - End of training epoch 27 / 40 	 Time Taken: 1 sec
2026-03-09 14:07:29,044 - utils.logger2026-03-09-14.06.10 - INFO - learning rate = 0.0001238
2026-03-09 14:07:29,486 - utils.logger2026-03-09-14.06.10 - INFO - Val result of epoch 27 / 40 mae 0.8652 corr 0.7191 f1 0.8082
2026-03-09 14:07:29,941 - utils.logger2026-03-09-14.06.10 - INFO - Tst result of epoch 27 / 40 mae 0.8905 corr 0.7188 f1 0.8228
2026-03-09 14:07:30,626 - utils.logger2026-03-09-14.06.10 - INFO - Cur epoch 28 loss TA:0.5852 TV:0.5862 VA:1.1031 CE:0.2644
2026-03-09 14:07:31,037 - utils.logger2026-03-09-14.06.10 - INFO - Cur epoch 28 loss TA:0.5460 TV:0.5548 VA:1.0178 CE:0.2437
2026-03-09 14:07:31,546 - utils.logger2026-03-09-14.06.10 - INFO - Cur epoch 28 loss TA:0.5491 TV:0.5608 VA:1.0304 CE:0.2427
2026-03-09 14:07:31,749 - utils.logger2026-03-09-14.06.10 - INFO - saving the model at the end of epoch 28, iters 784
2026-03-09 14:07:31,996 - utils.logger2026-03-09-14.06.10 - INFO - End of training epoch 28 / 40 	 Time Taken: 2 sec
2026-03-09 14:07:31,996 - utils.logger2026-03-09-14.06.10 - INFO - learning rate = 0.0001143
2026-03-09 14:07:32,433 - utils.logger2026-03-09-14.06.10 - INFO - Val result of epoch 28 / 40 mae 0.8647 corr 0.7196 f1 0.8046
2026-03-09 14:07:32,870 - utils.logger2026-03-09-14.06.10 - INFO - Tst result of epoch 28 / 40 mae 0.8864 corr 0.7117 f1 0.8239
2026-03-09 14:07:33,616 - utils.logger2026-03-09-14.06.10 - INFO - Cur epoch 29 loss TA:0.5561 TV:0.5724 VA:1.0075 CE:0.2223
2026-03-09 14:07:34,050 - utils.logger2026-03-09-14.06.10 - INFO - Cur epoch 29 loss TA:0.5698 TV:0.5764 VA:1.0673 CE:0.2177
2026-03-09 14:07:34,510 - utils.logger2026-03-09-14.06.10 - INFO - Cur epoch 29 loss TA:0.5782 TV:0.5863 VA:1.0179 CE:0.2020
2026-03-09 14:07:34,630 - utils.logger2026-03-09-14.06.10 - INFO - saving the model at the end of epoch 29, iters 812
2026-03-09 14:07:34,852 - utils.logger2026-03-09-14.06.10 - INFO - End of training epoch 29 / 40 	 Time Taken: 1 sec
2026-03-09 14:07:34,852 - utils.logger2026-03-09-14.06.10 - INFO - learning rate = 0.0001048
2026-03-09 14:07:35,337 - utils.logger2026-03-09-14.06.10 - INFO - Val result of epoch 29 / 40 mae 0.8740 corr 0.7130 f1 0.7933
2026-03-09 14:07:35,770 - utils.logger2026-03-09-14.06.10 - INFO - Tst result of epoch 29 / 40 mae 0.9167 corr 0.7117 f1 0.8257
2026-03-09 14:07:36,630 - utils.logger2026-03-09-14.06.10 - INFO - Cur epoch 30 loss TA:0.5401 TV:0.5413 VA:1.0599 CE:0.2711
2026-03-09 14:07:37,054 - utils.logger2026-03-09-14.06.10 - INFO - Cur epoch 30 loss TA:0.5483 TV:0.5469 VA:1.0616 CE:0.2216
2026-03-09 14:07:37,533 - utils.logger2026-03-09-14.06.10 - INFO - Cur epoch 30 loss TA:0.2197 TV:0.2333 VA:0.4192 CE:0.2041
2026-03-09 14:07:37,580 - utils.logger2026-03-09-14.06.10 - INFO - saving the model at the end of epoch 30, iters 840
2026-03-09 14:07:37,819 - utils.logger2026-03-09-14.06.10 - INFO - End of training epoch 30 / 40 	 Time Taken: 2 sec
2026-03-09 14:07:37,819 - utils.logger2026-03-09-14.06.10 - INFO - learning rate = 0.0000952
2026-03-09 14:07:38,277 - utils.logger2026-03-09-14.06.10 - INFO - Val result of epoch 30 / 40 mae 0.8730 corr 0.7152 f1 0.7946
2026-03-09 14:07:38,721 - utils.logger2026-03-09-14.06.10 - INFO - Tst result of epoch 30 / 40 mae 0.8787 corr 0.7231 f1 0.8332
2026-03-09 14:07:39,671 - utils.logger2026-03-09-14.06.10 - INFO - Cur epoch 31 loss TA:0.5401 TV:0.5532 VA:1.0053 CE:0.2091
2026-03-09 14:07:40,091 - utils.logger2026-03-09-14.06.10 - INFO - Cur epoch 31 loss TA:0.5688 TV:0.5703 VA:1.0796 CE:0.1778
2026-03-09 14:07:40,530 - utils.logger2026-03-09-14.06.10 - INFO - saving the model at the end of epoch 31, iters 868
2026-03-09 14:07:40,763 - utils.logger2026-03-09-14.06.10 - INFO - End of training epoch 31 / 40 	 Time Taken: 2 sec
2026-03-09 14:07:40,763 - utils.logger2026-03-09-14.06.10 - INFO - learning rate = 0.0000857
2026-03-09 14:07:41,213 - utils.logger2026-03-09-14.06.10 - INFO - Val result of epoch 31 / 40 mae 0.8763 corr 0.7127 f1 0.8078
2026-03-09 14:07:41,683 - utils.logger2026-03-09-14.06.10 - INFO - Tst result of epoch 31 / 40 mae 0.9018 corr 0.7250 f1 0.8357
2026-03-09 14:07:42,132 - utils.logger2026-03-09-14.06.10 - INFO - Cur epoch 32 loss TA:0.5766 TV:0.5795 VA:1.0853 CE:0.2396
2026-03-09 14:07:42,620 - utils.logger2026-03-09-14.06.10 - INFO - Cur epoch 32 loss TA:0.5661 TV:0.5728 VA:1.0272 CE:0.1795
2026-03-09 14:07:43,088 - utils.logger2026-03-09-14.06.10 - INFO - Cur epoch 32 loss TA:0.5758 TV:0.5846 VA:1.1217 CE:0.2211
2026-03-09 14:07:43,482 - utils.logger2026-03-09-14.06.10 - INFO - saving the model at the end of epoch 32, iters 896
2026-03-09 14:07:43,604 - utils.logger2026-03-09-14.06.10 - INFO - End of training epoch 32 / 40 	 Time Taken: 1 sec
2026-03-09 14:07:43,605 - utils.logger2026-03-09-14.06.10 - INFO - learning rate = 0.0000762
2026-03-09 14:07:44,040 - utils.logger2026-03-09-14.06.10 - INFO - Val result of epoch 32 / 40 mae 0.8685 corr 0.7136 f1 0.8080
2026-03-09 14:07:44,542 - utils.logger2026-03-09-14.06.10 - INFO - Tst result of epoch 32 / 40 mae 0.8926 corr 0.7237 f1 0.8219
2026-03-09 14:07:45,187 - utils.logger2026-03-09-14.06.10 - INFO - Cur epoch 33 loss TA:0.5783 TV:0.5771 VA:1.0642 CE:0.2154
2026-03-09 14:07:45,705 - utils.logger2026-03-09-14.06.10 - INFO - Cur epoch 33 loss TA:0.5888 TV:0.5982 VA:1.0800 CE:0.1745
2026-03-09 14:07:46,134 - utils.logger2026-03-09-14.06.10 - INFO - Cur epoch 33 loss TA:0.5439 TV:0.5500 VA:1.0481 CE:0.1921
2026-03-09 14:07:46,445 - utils.logger2026-03-09-14.06.10 - INFO - saving the model at the end of epoch 33, iters 924
2026-03-09 14:07:46,550 - utils.logger2026-03-09-14.06.10 - INFO - End of training epoch 33 / 40 	 Time Taken: 2 sec
2026-03-09 14:07:46,550 - utils.logger2026-03-09-14.06.10 - INFO - learning rate = 0.0000667
2026-03-09 14:07:47,029 - utils.logger2026-03-09-14.06.10 - INFO - Val result of epoch 33 / 40 mae 0.8615 corr 0.7134 f1 0.8036
2026-03-09 14:07:47,556 - utils.logger2026-03-09-14.06.10 - INFO - Tst result of epoch 33 / 40 mae 0.8802 corr 0.7187 f1 0.8369
2026-03-09 14:07:48,222 - utils.logger2026-03-09-14.06.10 - INFO - Cur epoch 34 loss TA:0.6129 TV:0.6030 VA:1.0249 CE:0.2086
2026-03-09 14:07:48,772 - utils.logger2026-03-09-14.06.10 - INFO - Cur epoch 34 loss TA:0.5353 TV:0.5350 VA:1.0287 CE:0.1934
2026-03-09 14:07:49,273 - utils.logger2026-03-09-14.06.10 - INFO - Cur epoch 34 loss TA:0.5366 TV:0.5398 VA:1.0645 CE:0.2056
2026-03-09 14:07:49,457 - utils.logger2026-03-09-14.06.10 - INFO - saving the model at the end of epoch 34, iters 952
2026-03-09 14:07:49,558 - utils.logger2026-03-09-14.06.10 - INFO - End of training epoch 34 / 40 	 Time Taken: 2 sec
2026-03-09 14:07:49,559 - utils.logger2026-03-09-14.06.10 - INFO - learning rate = 0.0000571
2026-03-09 14:07:49,990 - utils.logger2026-03-09-14.06.10 - INFO - Val result of epoch 34 / 40 mae 0.8765 corr 0.7131 f1 0.7941
2026-03-09 14:07:50,470 - utils.logger2026-03-09-14.06.10 - INFO - Tst result of epoch 34 / 40 mae 0.9004 corr 0.7181 f1 0.8358
2026-03-09 14:07:51,287 - utils.logger2026-03-09-14.06.10 - INFO - Cur epoch 35 loss TA:0.5276 TV:0.5249 VA:1.0147 CE:0.1229
2026-03-09 14:07:51,817 - utils.logger2026-03-09-14.06.10 - INFO - Cur epoch 35 loss TA:0.5335 TV:0.5278 VA:1.0174 CE:0.1830
2026-03-09 14:07:52,275 - utils.logger2026-03-09-14.06.10 - INFO - Cur epoch 35 loss TA:0.2645 TV:0.2694 VA:0.4701 CE:0.2577
2026-03-09 14:07:52,329 - utils.logger2026-03-09-14.06.10 - INFO - saving the model at the end of epoch 35, iters 980
2026-03-09 14:07:52,452 - utils.logger2026-03-09-14.06.10 - INFO - End of training epoch 35 / 40 	 Time Taken: 1 sec
2026-03-09 14:07:52,452 - utils.logger2026-03-09-14.06.10 - INFO - learning rate = 0.0000476
2026-03-09 14:07:52,895 - utils.logger2026-03-09-14.06.10 - INFO - Val result of epoch 35 / 40 mae 0.8685 corr 0.7171 f1 0.7943
2026-03-09 14:07:53,335 - utils.logger2026-03-09-14.06.10 - INFO - Tst result of epoch 35 / 40 mae 0.8915 corr 0.7188 f1 0.8318
2026-03-09 14:07:54,237 - utils.logger2026-03-09-14.06.10 - INFO - Cur epoch 36 loss TA:0.5345 TV:0.5372 VA:1.0236 CE:0.1907
2026-03-09 14:07:54,723 - utils.logger2026-03-09-14.06.10 - INFO - Cur epoch 36 loss TA:0.5430 TV:0.5461 VA:1.0352 CE:0.1736
2026-03-09 14:07:55,101 - utils.logger2026-03-09-14.06.10 - INFO - saving the model at the end of epoch 36, iters 1008
2026-03-09 14:07:55,343 - utils.logger2026-03-09-14.06.10 - INFO - End of training epoch 36 / 40 	 Time Taken: 2 sec
2026-03-09 14:07:55,343 - utils.logger2026-03-09-14.06.10 - INFO - learning rate = 0.0000381
2026-03-09 14:07:55,822 - utils.logger2026-03-09-14.06.10 - INFO - Val result of epoch 36 / 40 mae 0.8752 corr 0.7148 f1 0.8032
2026-03-09 14:07:56,302 - utils.logger2026-03-09-14.06.10 - INFO - Tst result of epoch 36 / 40 mae 0.9082 corr 0.7141 f1 0.8263
2026-03-09 14:07:56,829 - utils.logger2026-03-09-14.06.10 - INFO - Cur epoch 37 loss TA:0.5662 TV:0.5544 VA:1.0171 CE:0.1614
2026-03-09 14:07:57,257 - utils.logger2026-03-09-14.06.10 - INFO - Cur epoch 37 loss TA:0.5086 TV:0.5175 VA:0.9811 CE:0.1564
2026-03-09 14:07:57,757 - utils.logger2026-03-09-14.06.10 - INFO - Cur epoch 37 loss TA:0.5458 TV:0.5729 VA:1.0212 CE:0.1741
2026-03-09 14:07:58,027 - utils.logger2026-03-09-14.06.10 - INFO - saving the model at the end of epoch 37, iters 1036
2026-03-09 14:07:58,284 - utils.logger2026-03-09-14.06.10 - INFO - End of training epoch 37 / 40 	 Time Taken: 1 sec
2026-03-09 14:07:58,284 - utils.logger2026-03-09-14.06.10 - INFO - learning rate = 0.0000286
2026-03-09 14:07:58,729 - utils.logger2026-03-09-14.06.10 - INFO - Val result of epoch 37 / 40 mae 0.8732 corr 0.7163 f1 0.7988
2026-03-09 14:07:59,207 - utils.logger2026-03-09-14.06.10 - INFO - Tst result of epoch 37 / 40 mae 0.9031 corr 0.7152 f1 0.8315
2026-03-09 14:07:59,858 - utils.logger2026-03-09-14.06.10 - INFO - Cur epoch 38 loss TA:0.5207 TV:0.5278 VA:1.0134 CE:0.2582
2026-03-09 14:08:00,285 - utils.logger2026-03-09-14.06.10 - INFO - Cur epoch 38 loss TA:0.5709 TV:0.5714 VA:1.0653 CE:0.1666
2026-03-09 14:08:00,770 - utils.logger2026-03-09-14.06.10 - INFO - Cur epoch 38 loss TA:0.5281 TV:0.5232 VA:0.9831 CE:0.1487
2026-03-09 14:08:00,970 - utils.logger2026-03-09-14.06.10 - INFO - saving the model at the end of epoch 38, iters 1064
2026-03-09 14:08:01,198 - utils.logger2026-03-09-14.06.10 - INFO - End of training epoch 38 / 40 	 Time Taken: 1 sec
2026-03-09 14:08:01,198 - utils.logger2026-03-09-14.06.10 - INFO - learning rate = 0.0000190
2026-03-09 14:08:01,651 - utils.logger2026-03-09-14.06.10 - INFO - Val result of epoch 38 / 40 mae 0.8639 corr 0.7185 f1 0.7988
2026-03-09 14:08:02,166 - utils.logger2026-03-09-14.06.10 - INFO - Tst result of epoch 38 / 40 mae 0.8932 corr 0.7168 f1 0.8363
2026-03-09 14:08:02,833 - utils.logger2026-03-09-14.06.10 - INFO - Cur epoch 39 loss TA:0.5412 TV:0.5517 VA:1.0318 CE:0.2427
2026-03-09 14:08:03,311 - utils.logger2026-03-09-14.06.10 - INFO - Cur epoch 39 loss TA:0.5295 TV:0.5316 VA:1.0378 CE:0.1543
2026-03-09 14:08:03,737 - utils.logger2026-03-09-14.06.10 - INFO - Cur epoch 39 loss TA:0.5174 TV:0.5257 VA:0.9730 CE:0.2077
2026-03-09 14:08:03,858 - utils.logger2026-03-09-14.06.10 - INFO - saving the model at the end of epoch 39, iters 1092
2026-03-09 14:08:04,096 - utils.logger2026-03-09-14.06.10 - INFO - End of training epoch 39 / 40 	 Time Taken: 1 sec
2026-03-09 14:08:04,096 - utils.logger2026-03-09-14.06.10 - INFO - learning rate = 0.0000095
2026-03-09 14:08:04,555 - utils.logger2026-03-09-14.06.10 - INFO - Val result of epoch 39 / 40 mae 0.8753 corr 0.7161 f1 0.7988
2026-03-09 14:08:05,019 - utils.logger2026-03-09-14.06.10 - INFO - Tst result of epoch 39 / 40 mae 0.9026 corr 0.7184 f1 0.8267
2026-03-09 14:08:05,818 - utils.logger2026-03-09-14.06.10 - INFO - Cur epoch 40 loss TA:0.5572 TV:0.5595 VA:1.0636 CE:0.2395
2026-03-09 14:08:06,336 - utils.logger2026-03-09-14.06.10 - INFO - Cur epoch 40 loss TA:0.5241 TV:0.5356 VA:1.0363 CE:0.1302
2026-03-09 14:08:06,710 - utils.logger2026-03-09-14.06.10 - INFO - Cur epoch 40 loss TA:0.2683 TV:0.2689 VA:0.4894 CE:0.1366
2026-03-09 14:08:06,753 - utils.logger2026-03-09-14.06.10 - INFO - saving the model at the end of epoch 40, iters 1120
2026-03-09 14:08:07,009 - utils.logger2026-03-09-14.06.10 - INFO - End of training epoch 40 / 40 	 Time Taken: 1 sec
2026-03-09 14:08:07,010 - utils.logger2026-03-09-14.06.10 - INFO - learning rate = 0.0000000
2026-03-09 14:08:07,470 - utils.logger2026-03-09-14.06.10 - INFO - Val result of epoch 40 / 40 mae 0.8761 corr 0.7153 f1 0.7984
2026-03-09 14:08:07,897 - utils.logger2026-03-09-14.06.10 - INFO - Tst result of epoch 40 / 40 mae 0.9086 corr 0.7169 f1 0.8217
2026-03-09 14:08:07,897 - utils.logger2026-03-09-14.06.10 - INFO - Best eval epoch 16 found with MAE 0.845541
2026-03-09 14:08:07,897 - utils.logger2026-03-09-14.06.10 - INFO - Loading best model found on val set: epoch-16
2026-03-09 14:08:08,780 - utils.logger2026-03-09-14.06.10 - INFO - Tst result mae 0.8455 corr 0.7243 f1 0.8267
