2026-03-09 13:35:50,081 - utils.logger2026-03-09-13.35.50 - INFO - The number of training samples = 1750
2026-03-09 13:35:50,081 - utils.logger2026-03-09-13.35.50 - INFO - The number of testing samples = 224
2026-03-09 13:35:52,901 - utils.logger2026-03-09-13.35.50 - INFO - Cur epoch 1 loss TA:1.0356 TV:1.0359 VA:2.0736 CE:3.0487
2026-03-09 13:35:53,892 - utils.logger2026-03-09-13.35.50 - INFO - Cur epoch 1 loss TA:1.0383 TV:1.0343 VA:2.0677 CE:3.1533
2026-03-09 13:35:54,410 - utils.logger2026-03-09-13.35.50 - INFO - saving the model at the end of epoch 1, iters 28
2026-03-09 13:35:54,665 - utils.logger2026-03-09-13.35.50 - INFO - End of training epoch 1 / 40 	 Time Taken: 4 sec
2026-03-09 13:35:54,665 - utils.logger2026-03-09-13.35.50 - INFO - learning rate = 0.0002000
2026-03-09 13:35:55,166 - utils.logger2026-03-09-13.35.50 - INFO - Val result of epoch 1 / 40 mae 1.2986 corr 0.2891 f1 0.6084
2026-03-09 13:35:55,727 - utils.logger2026-03-09-13.35.50 - INFO - Tst result of epoch 1 / 40 mae 1.3489 corr 0.4217 f1 0.7161
2026-03-09 13:35:56,250 - utils.logger2026-03-09-13.35.50 - INFO - Cur epoch 2 loss TA:1.0304 TV:1.0319 VA:2.0560 CE:2.6147
2026-03-09 13:35:56,899 - utils.logger2026-03-09-13.35.50 - INFO - Cur epoch 2 loss TA:1.0283 TV:1.0296 VA:2.0587 CE:2.7458
2026-03-09 13:35:57,869 - utils.logger2026-03-09-13.35.50 - INFO - Cur epoch 2 loss TA:1.0248 TV:1.0262 VA:2.0598 CE:2.3541
2026-03-09 13:35:58,339 - utils.logger2026-03-09-13.35.50 - INFO - saving the model at the end of epoch 2, iters 56
2026-03-09 13:35:58,567 - utils.logger2026-03-09-13.35.50 - INFO - End of training epoch 2 / 40 	 Time Taken: 2 sec
2026-03-09 13:35:58,567 - utils.logger2026-03-09-13.35.50 - INFO - learning rate = 0.0002000
2026-03-09 13:35:59,041 - utils.logger2026-03-09-13.35.50 - INFO - Val result of epoch 2 / 40 mae 1.2544 corr 0.4609 f1 0.6979
2026-03-09 13:35:59,534 - utils.logger2026-03-09-13.35.50 - INFO - Tst result of epoch 2 / 40 mae 1.3073 corr 0.5694 f1 0.7668
2026-03-09 13:36:00,279 - utils.logger2026-03-09-13.35.50 - INFO - Cur epoch 3 loss TA:0.9974 TV:0.9958 VA:2.0058 CE:2.6594
2026-03-09 13:36:01,349 - utils.logger2026-03-09-13.35.50 - INFO - Cur epoch 3 loss TA:0.9752 TV:0.9806 VA:1.9838 CE:2.3171
2026-03-09 13:36:02,220 - utils.logger2026-03-09-13.35.50 - INFO - Cur epoch 3 loss TA:0.9953 TV:0.9748 VA:1.9899 CE:1.8501
2026-03-09 13:36:02,493 - utils.logger2026-03-09-13.35.50 - INFO - saving the model at the end of epoch 3, iters 84
2026-03-09 13:36:02,667 - utils.logger2026-03-09-13.35.50 - INFO - End of training epoch 3 / 40 	 Time Taken: 3 sec
2026-03-09 13:36:02,667 - utils.logger2026-03-09-13.35.50 - INFO - learning rate = 0.0002000
2026-03-09 13:36:03,134 - utils.logger2026-03-09-13.35.50 - INFO - Val result of epoch 3 / 40 mae 1.2007 corr 0.5721 f1 0.6697
2026-03-09 13:36:03,579 - utils.logger2026-03-09-13.35.50 - INFO - Tst result of epoch 3 / 40 mae 1.3104 corr 0.5956 f1 0.6472
2026-03-09 13:36:04,471 - utils.logger2026-03-09-13.35.50 - INFO - Cur epoch 4 loss TA:0.9566 TV:0.9382 VA:1.8722 CE:2.1492
2026-03-09 13:36:05,046 - utils.logger2026-03-09-13.35.50 - INFO - Cur epoch 4 loss TA:0.9466 TV:0.9441 VA:1.9020 CE:1.9009
2026-03-09 13:36:06,048 - utils.logger2026-03-09-13.35.50 - INFO - Cur epoch 4 loss TA:0.9434 TV:0.9298 VA:1.8566 CE:2.5224
2026-03-09 13:36:06,273 - utils.logger2026-03-09-13.35.50 - INFO - saving the model at the end of epoch 4, iters 112
2026-03-09 13:36:06,436 - utils.logger2026-03-09-13.35.50 - INFO - End of training epoch 4 / 40 	 Time Taken: 2 sec
2026-03-09 13:36:06,436 - utils.logger2026-03-09-13.35.50 - INFO - learning rate = 0.0002000
2026-03-09 13:36:06,966 - utils.logger2026-03-09-13.35.50 - INFO - Val result of epoch 4 / 40 mae 1.0778 corr 0.6278 f1 0.7370
2026-03-09 13:36:07,457 - utils.logger2026-03-09-13.35.50 - INFO - Tst result of epoch 4 / 40 mae 1.1700 corr 0.6421 f1 0.7418
2026-03-09 13:36:08,637 - utils.logger2026-03-09-13.35.50 - INFO - Cur epoch 5 loss TA:0.9436 TV:0.9262 VA:1.8250 CE:1.6877
2026-03-09 13:36:09,683 - utils.logger2026-03-09-13.35.50 - INFO - Cur epoch 5 loss TA:0.9132 TV:0.9059 VA:1.8142 CE:2.2254
2026-03-09 13:36:10,407 - utils.logger2026-03-09-13.35.50 - INFO - Cur epoch 5 loss TA:0.6332 TV:0.6466 VA:1.2121 CE:1.3679
2026-03-09 13:36:10,457 - utils.logger2026-03-09-13.35.50 - INFO - saving the model at the end of epoch 5, iters 140
2026-03-09 13:36:10,667 - utils.logger2026-03-09-13.35.50 - INFO - End of training epoch 5 / 40 	 Time Taken: 3 sec
2026-03-09 13:36:10,668 - utils.logger2026-03-09-13.35.50 - INFO - learning rate = 0.0002000
2026-03-09 13:36:11,074 - utils.logger2026-03-09-13.35.50 - INFO - Val result of epoch 5 / 40 mae 1.0249 corr 0.6542 f1 0.7787
2026-03-09 13:36:11,506 - utils.logger2026-03-09-13.35.50 - INFO - Tst result of epoch 5 / 40 mae 1.0877 corr 0.6481 f1 0.8133
2026-03-09 13:36:12,743 - utils.logger2026-03-09-13.35.50 - INFO - Cur epoch 6 loss TA:0.9286 TV:0.9070 VA:1.7732 CE:1.7293
2026-03-09 13:36:13,579 - utils.logger2026-03-09-13.35.50 - INFO - Cur epoch 6 loss TA:0.8831 TV:0.8827 VA:1.7434 CE:1.6613
2026-03-09 13:36:14,314 - utils.logger2026-03-09-13.35.50 - INFO - saving the model at the end of epoch 6, iters 168
2026-03-09 13:36:14,512 - utils.logger2026-03-09-13.35.50 - INFO - End of training epoch 6 / 40 	 Time Taken: 3 sec
2026-03-09 13:36:14,512 - utils.logger2026-03-09-13.35.50 - INFO - learning rate = 0.0002000
2026-03-09 13:36:14,992 - utils.logger2026-03-09-13.35.50 - INFO - Val result of epoch 6 / 40 mae 0.9735 corr 0.6705 f1 0.7576
2026-03-09 13:36:15,432 - utils.logger2026-03-09-13.35.50 - INFO - Tst result of epoch 6 / 40 mae 1.0289 corr 0.6786 f1 0.8231
2026-03-09 13:36:15,958 - utils.logger2026-03-09-13.35.50 - INFO - Cur epoch 7 loss TA:0.8773 TV:0.8830 VA:1.6575 CE:1.5141
2026-03-09 13:36:16,968 - utils.logger2026-03-09-13.35.50 - INFO - Cur epoch 7 loss TA:0.8710 TV:0.8990 VA:1.7189 CE:1.9070
2026-03-09 13:36:17,943 - utils.logger2026-03-09-13.35.50 - INFO - Cur epoch 7 loss TA:0.8767 TV:0.8730 VA:1.6482 CE:1.4424
2026-03-09 13:36:18,372 - utils.logger2026-03-09-13.35.50 - INFO - saving the model at the end of epoch 7, iters 196
2026-03-09 13:36:18,548 - utils.logger2026-03-09-13.35.50 - INFO - End of training epoch 7 / 40 	 Time Taken: 3 sec
2026-03-09 13:36:18,548 - utils.logger2026-03-09-13.35.50 - INFO - learning rate = 0.0002000
2026-03-09 13:36:18,946 - utils.logger2026-03-09-13.35.50 - INFO - Val result of epoch 7 / 40 mae 0.9573 corr 0.6885 f1 0.7732
2026-03-09 13:36:19,363 - utils.logger2026-03-09-13.35.50 - INFO - Tst result of epoch 7 / 40 mae 1.0220 corr 0.6681 f1 0.8279
2026-03-09 13:36:19,995 - utils.logger2026-03-09-13.35.50 - INFO - Cur epoch 8 loss TA:0.8638 TV:0.8553 VA:1.5418 CE:1.4958
2026-03-09 13:36:20,530 - utils.logger2026-03-09-13.35.50 - INFO - Cur epoch 8 loss TA:0.8440 TV:0.8539 VA:1.6369 CE:1.7251
2026-03-09 13:36:21,189 - utils.logger2026-03-09-13.35.50 - INFO - Cur epoch 8 loss TA:0.8511 TV:0.8670 VA:1.6145 CE:1.4526
2026-03-09 13:36:21,625 - utils.logger2026-03-09-13.35.50 - INFO - saving the model at the end of epoch 8, iters 224
2026-03-09 13:36:21,776 - utils.logger2026-03-09-13.35.50 - INFO - End of training epoch 8 / 40 	 Time Taken: 2 sec
2026-03-09 13:36:21,776 - utils.logger2026-03-09-13.35.50 - INFO - learning rate = 0.0002000
2026-03-09 13:36:22,210 - utils.logger2026-03-09-13.35.50 - INFO - Val result of epoch 8 / 40 mae 0.9259 corr 0.7068 f1 0.7776
2026-03-09 13:36:22,962 - utils.logger2026-03-09-13.35.50 - INFO - Tst result of epoch 8 / 40 mae 0.9858 corr 0.6708 f1 0.8224
2026-03-09 13:36:24,251 - utils.logger2026-03-09-13.35.50 - INFO - Cur epoch 9 loss TA:0.8269 TV:0.8391 VA:1.5336 CE:1.1567
2026-03-09 13:36:25,259 - utils.logger2026-03-09-13.35.50 - INFO - Cur epoch 9 loss TA:0.8457 TV:0.8521 VA:1.6206 CE:1.1978
2026-03-09 13:36:26,247 - utils.logger2026-03-09-13.35.50 - INFO - Cur epoch 9 loss TA:0.8426 TV:0.8518 VA:1.5624 CE:0.9837
2026-03-09 13:36:26,416 - utils.logger2026-03-09-13.35.50 - INFO - saving the model at the end of epoch 9, iters 252
2026-03-09 13:36:26,680 - utils.logger2026-03-09-13.35.50 - INFO - End of training epoch 9 / 40 	 Time Taken: 3 sec
2026-03-09 13:36:26,681 - utils.logger2026-03-09-13.35.50 - INFO - learning rate = 0.0002000
2026-03-09 13:36:27,291 - utils.logger2026-03-09-13.35.50 - INFO - Val result of epoch 9 / 40 mae 0.9327 corr 0.7058 f1 0.8038
2026-03-09 13:36:27,815 - utils.logger2026-03-09-13.35.50 - INFO - Tst result of epoch 9 / 40 mae 1.0468 corr 0.6508 f1 0.7789
2026-03-09 13:36:28,949 - utils.logger2026-03-09-13.35.50 - INFO - Cur epoch 10 loss TA:0.8085 TV:0.7994 VA:1.4867 CE:1.1928
2026-03-09 13:36:29,550 - utils.logger2026-03-09-13.35.50 - INFO - Cur epoch 10 loss TA:0.8178 TV:0.8093 VA:1.4778 CE:1.2364
2026-03-09 13:36:30,157 - utils.logger2026-03-09-13.35.50 - INFO - Cur epoch 10 loss TA:0.5286 TV:0.5340 VA:0.9446 CE:0.9014
2026-03-09 13:36:30,215 - utils.logger2026-03-09-13.35.50 - INFO - saving the model at the end of epoch 10, iters 280
2026-03-09 13:36:30,634 - utils.logger2026-03-09-13.35.50 - INFO - End of training epoch 10 / 40 	 Time Taken: 2 sec
2026-03-09 13:36:30,634 - utils.logger2026-03-09-13.35.50 - INFO - learning rate = 0.0002000
2026-03-09 13:36:31,074 - utils.logger2026-03-09-13.35.50 - INFO - Val result of epoch 10 / 40 mae 0.9259 corr 0.7043 f1 0.7798
2026-03-09 13:36:31,611 - utils.logger2026-03-09-13.35.50 - INFO - Tst result of epoch 10 / 40 mae 0.9997 corr 0.6831 f1 0.7837
2026-03-09 13:36:33,080 - utils.logger2026-03-09-13.35.50 - INFO - Cur epoch 11 loss TA:0.7728 TV:0.7561 VA:1.4494 CE:0.8446
2026-03-09 13:36:34,099 - utils.logger2026-03-09-13.35.50 - INFO - Cur epoch 11 loss TA:0.7680 TV:0.7825 VA:1.4026 CE:1.2184
2026-03-09 13:36:34,943 - utils.logger2026-03-09-13.35.50 - INFO - saving the model at the end of epoch 11, iters 308
2026-03-09 13:36:35,111 - utils.logger2026-03-09-13.35.50 - INFO - End of training epoch 11 / 40 	 Time Taken: 3 sec
2026-03-09 13:36:35,111 - utils.logger2026-03-09-13.35.50 - INFO - learning rate = 0.0002000
2026-03-09 13:36:35,576 - utils.logger2026-03-09-13.35.50 - INFO - Val result of epoch 11 / 40 mae 0.8961 corr 0.7088 f1 0.7605
2026-03-09 13:36:36,104 - utils.logger2026-03-09-13.35.50 - INFO - Tst result of epoch 11 / 40 mae 0.9529 corr 0.6792 f1 0.7740
2026-03-09 13:36:36,671 - utils.logger2026-03-09-13.35.50 - INFO - Cur epoch 12 loss TA:0.7664 TV:0.7798 VA:1.3570 CE:0.7235
2026-03-09 13:36:37,429 - utils.logger2026-03-09-13.35.50 - INFO - Cur epoch 12 loss TA:0.7799 TV:0.7870 VA:1.4195 CE:1.0000
2026-03-09 13:36:38,279 - utils.logger2026-03-09-13.35.50 - INFO - Cur epoch 12 loss TA:0.7737 TV:0.7812 VA:1.4224 CE:0.7490
2026-03-09 13:36:38,799 - utils.logger2026-03-09-13.35.50 - INFO - saving the model at the end of epoch 12, iters 336
2026-03-09 13:36:39,052 - utils.logger2026-03-09-13.35.50 - INFO - End of training epoch 12 / 40 	 Time Taken: 2 sec
2026-03-09 13:36:39,052 - utils.logger2026-03-09-13.35.50 - INFO - learning rate = 0.0002000
2026-03-09 13:36:39,491 - utils.logger2026-03-09-13.35.50 - INFO - Val result of epoch 12 / 40 mae 0.8895 corr 0.7229 f1 0.7658
2026-03-09 13:36:39,969 - utils.logger2026-03-09-13.35.50 - INFO - Tst result of epoch 12 / 40 mae 0.9594 corr 0.6949 f1 0.7929
2026-03-09 13:36:40,730 - utils.logger2026-03-09-13.35.50 - INFO - Cur epoch 13 loss TA:0.6979 TV:0.7252 VA:1.2771 CE:1.0660
2026-03-09 13:36:41,774 - utils.logger2026-03-09-13.35.50 - INFO - Cur epoch 13 loss TA:0.7104 TV:0.7115 VA:1.3113 CE:0.6945
2026-03-09 13:36:42,743 - utils.logger2026-03-09-13.35.50 - INFO - Cur epoch 13 loss TA:0.7738 TV:0.7428 VA:1.3954 CE:0.9164
2026-03-09 13:36:43,031 - utils.logger2026-03-09-13.35.50 - INFO - saving the model at the end of epoch 13, iters 364
2026-03-09 13:36:43,296 - utils.logger2026-03-09-13.35.50 - INFO - End of training epoch 13 / 40 	 Time Taken: 3 sec
2026-03-09 13:36:43,297 - utils.logger2026-03-09-13.35.50 - INFO - learning rate = 0.0002000
2026-03-09 13:36:43,810 - utils.logger2026-03-09-13.35.50 - INFO - Val result of epoch 13 / 40 mae 0.8925 corr 0.7097 f1 0.7793
2026-03-09 13:36:44,322 - utils.logger2026-03-09-13.35.50 - INFO - Tst result of epoch 13 / 40 mae 0.9325 corr 0.6958 f1 0.8164
2026-03-09 13:36:45,386 - utils.logger2026-03-09-13.35.50 - INFO - Cur epoch 14 loss TA:0.7319 TV:0.7342 VA:1.3592 CE:0.7054
2026-03-09 13:36:45,919 - utils.logger2026-03-09-13.35.50 - INFO - Cur epoch 14 loss TA:0.7402 TV:0.7380 VA:1.3682 CE:0.4987
2026-03-09 13:36:46,634 - utils.logger2026-03-09-13.35.50 - INFO - Cur epoch 14 loss TA:0.7285 TV:0.7633 VA:1.3641 CE:0.5174
2026-03-09 13:36:46,812 - utils.logger2026-03-09-13.35.50 - INFO - saving the model at the end of epoch 14, iters 392
2026-03-09 13:36:47,093 - utils.logger2026-03-09-13.35.50 - INFO - End of training epoch 14 / 40 	 Time Taken: 2 sec
2026-03-09 13:36:47,093 - utils.logger2026-03-09-13.35.50 - INFO - learning rate = 0.0002000
2026-03-09 13:36:47,596 - utils.logger2026-03-09-13.35.50 - INFO - Val result of epoch 14 / 40 mae 0.8774 corr 0.7204 f1 0.7839
2026-03-09 13:36:48,124 - utils.logger2026-03-09-13.35.50 - INFO - Tst result of epoch 14 / 40 mae 0.9485 corr 0.6825 f1 0.7834
2026-03-09 13:36:49,363 - utils.logger2026-03-09-13.35.50 - INFO - Cur epoch 15 loss TA:0.6888 TV:0.6995 VA:1.2542 CE:0.4312
2026-03-09 13:36:50,678 - utils.logger2026-03-09-13.35.50 - INFO - Cur epoch 15 loss TA:0.6917 TV:0.6909 VA:1.2301 CE:0.5181
2026-03-09 13:36:51,460 - utils.logger2026-03-09-13.35.50 - INFO - Cur epoch 15 loss TA:0.3620 TV:0.3906 VA:0.7349 CE:0.4556
2026-03-09 13:36:51,513 - utils.logger2026-03-09-13.35.50 - INFO - saving the model at the end of epoch 15, iters 420
2026-03-09 13:36:51,702 - utils.logger2026-03-09-13.35.50 - INFO - End of training epoch 15 / 40 	 Time Taken: 3 sec
2026-03-09 13:36:51,702 - utils.logger2026-03-09-13.35.50 - INFO - learning rate = 0.0002000
2026-03-09 13:36:52,143 - utils.logger2026-03-09-13.35.50 - INFO - Val result of epoch 15 / 40 mae 0.9215 corr 0.7223 f1 0.7627
2026-03-09 13:36:52,635 - utils.logger2026-03-09-13.35.50 - INFO - Tst result of epoch 15 / 40 mae 1.0153 corr 0.6865 f1 0.7745
2026-03-09 13:36:53,930 - utils.logger2026-03-09-13.35.50 - INFO - Cur epoch 16 loss TA:0.7029 TV:0.7150 VA:1.2111 CE:0.6887
2026-03-09 13:36:54,631 - utils.logger2026-03-09-13.35.50 - INFO - Cur epoch 16 loss TA:0.6931 TV:0.6845 VA:1.2559 CE:0.5912
2026-03-09 13:36:55,381 - utils.logger2026-03-09-13.35.50 - INFO - saving the model at the end of epoch 16, iters 448
2026-03-09 13:36:55,529 - utils.logger2026-03-09-13.35.50 - INFO - End of training epoch 16 / 40 	 Time Taken: 2 sec
2026-03-09 13:36:55,529 - utils.logger2026-03-09-13.35.50 - INFO - learning rate = 0.0002000
2026-03-09 13:36:56,081 - utils.logger2026-03-09-13.35.50 - INFO - Val result of epoch 16 / 40 mae 0.8498 corr 0.7276 f1 0.8085
2026-03-09 13:36:56,686 - utils.logger2026-03-09-13.35.50 - INFO - Tst result of epoch 16 / 40 mae 0.8585 corr 0.7100 f1 0.8433
2026-03-09 13:36:57,218 - utils.logger2026-03-09-13.35.50 - INFO - Cur epoch 17 loss TA:0.6609 TV:0.6668 VA:1.2199 CE:0.4013
2026-03-09 13:36:58,308 - utils.logger2026-03-09-13.35.50 - INFO - Cur epoch 17 loss TA:0.6945 TV:0.7075 VA:1.2198 CE:0.5588
2026-03-09 13:36:59,314 - utils.logger2026-03-09-13.35.50 - INFO - Cur epoch 17 loss TA:0.6822 TV:0.7102 VA:1.2256 CE:0.3744
2026-03-09 13:36:59,731 - utils.logger2026-03-09-13.35.50 - INFO - saving the model at the end of epoch 17, iters 476
2026-03-09 13:36:59,952 - utils.logger2026-03-09-13.35.50 - INFO - End of training epoch 17 / 40 	 Time Taken: 3 sec
2026-03-09 13:36:59,952 - utils.logger2026-03-09-13.35.50 - INFO - learning rate = 0.0002000
2026-03-09 13:37:00,434 - utils.logger2026-03-09-13.35.50 - INFO - Val result of epoch 17 / 40 mae 0.8665 corr 0.7189 f1 0.7841
2026-03-09 13:37:00,980 - utils.logger2026-03-09-13.35.50 - INFO - Tst result of epoch 17 / 40 mae 0.9142 corr 0.6933 f1 0.7979
2026-03-09 13:37:01,831 - utils.logger2026-03-09-13.35.50 - INFO - Cur epoch 18 loss TA:0.6740 TV:0.6792 VA:1.2023 CE:0.3646
2026-03-09 13:37:02,431 - utils.logger2026-03-09-13.35.50 - INFO - Cur epoch 18 loss TA:0.6469 TV:0.6507 VA:1.2118 CE:0.3995
2026-03-09 13:37:03,049 - utils.logger2026-03-09-13.35.50 - INFO - Cur epoch 18 loss TA:0.6493 TV:0.6757 VA:1.1644 CE:0.3516
2026-03-09 13:37:03,384 - utils.logger2026-03-09-13.35.50 - INFO - saving the model at the end of epoch 18, iters 504
2026-03-09 13:37:03,632 - utils.logger2026-03-09-13.35.50 - INFO - End of training epoch 18 / 40 	 Time Taken: 2 sec
2026-03-09 13:37:03,632 - utils.logger2026-03-09-13.35.50 - INFO - learning rate = 0.0002000
2026-03-09 13:37:04,110 - utils.logger2026-03-09-13.35.50 - INFO - Val result of epoch 18 / 40 mae 0.8668 corr 0.7228 f1 0.8074
2026-03-09 13:37:04,576 - utils.logger2026-03-09-13.35.50 - INFO - Tst result of epoch 18 / 40 mae 0.9031 corr 0.7050 f1 0.8075
2026-03-09 13:37:05,726 - utils.logger2026-03-09-13.35.50 - INFO - Cur epoch 19 loss TA:0.6197 TV:0.6333 VA:1.1263 CE:0.3421
2026-03-09 13:37:06,775 - utils.logger2026-03-09-13.35.50 - INFO - Cur epoch 19 loss TA:0.6723 TV:0.6839 VA:1.2183 CE:0.3761
2026-03-09 13:37:07,853 - utils.logger2026-03-09-13.35.50 - INFO - Cur epoch 19 loss TA:0.6412 TV:0.6564 VA:1.1773 CE:0.4610
2026-03-09 13:37:08,038 - utils.logger2026-03-09-13.35.50 - INFO - saving the model at the end of epoch 19, iters 532
2026-03-09 13:37:08,293 - utils.logger2026-03-09-13.35.50 - INFO - End of training epoch 19 / 40 	 Time Taken: 3 sec
2026-03-09 13:37:08,293 - utils.logger2026-03-09-13.35.50 - INFO - learning rate = 0.0002000
2026-03-09 13:37:08,722 - utils.logger2026-03-09-13.35.50 - INFO - Val result of epoch 19 / 40 mae 0.8872 corr 0.7237 f1 0.7798
2026-03-09 13:37:09,173 - utils.logger2026-03-09-13.35.50 - INFO - Tst result of epoch 19 / 40 mae 0.9799 corr 0.6814 f1 0.7881
2026-03-09 13:37:10,288 - utils.logger2026-03-09-13.35.50 - INFO - Cur epoch 20 loss TA:0.6484 TV:0.6581 VA:1.1938 CE:0.4075
2026-03-09 13:37:11,023 - utils.logger2026-03-09-13.35.50 - INFO - Cur epoch 20 loss TA:0.6080 TV:0.6216 VA:1.1629 CE:0.3283
2026-03-09 13:37:11,601 - utils.logger2026-03-09-13.35.50 - INFO - Cur epoch 20 loss TA:0.3380 TV:0.3728 VA:0.6192 CE:0.2352
2026-03-09 13:37:11,666 - utils.logger2026-03-09-13.35.50 - INFO - saving the model at the end of epoch 20, iters 560
2026-03-09 13:37:11,940 - utils.logger2026-03-09-13.35.50 - INFO - End of training epoch 20 / 40 	 Time Taken: 2 sec
2026-03-09 13:37:11,941 - utils.logger2026-03-09-13.35.50 - INFO - learning rate = 0.0001905
2026-03-09 13:37:12,441 - utils.logger2026-03-09-13.35.50 - INFO - Val result of epoch 20 / 40 mae 0.8773 corr 0.7188 f1 0.7982
2026-03-09 13:37:12,895 - utils.logger2026-03-09-13.35.50 - INFO - Tst result of epoch 20 / 40 mae 0.9160 corr 0.7027 f1 0.8228
2026-03-09 13:37:13,910 - utils.logger2026-03-09-13.35.50 - INFO - Cur epoch 21 loss TA:0.6312 TV:0.6481 VA:1.1299 CE:0.3749
2026-03-09 13:37:14,822 - utils.logger2026-03-09-13.35.50 - INFO - Cur epoch 21 loss TA:0.5946 TV:0.5987 VA:1.1027 CE:0.5282
2026-03-09 13:37:15,346 - utils.logger2026-03-09-13.35.50 - INFO - saving the model at the end of epoch 21, iters 588
2026-03-09 13:37:15,499 - utils.logger2026-03-09-13.35.50 - INFO - End of training epoch 21 / 40 	 Time Taken: 2 sec
2026-03-09 13:37:15,499 - utils.logger2026-03-09-13.35.50 - INFO - learning rate = 0.0001810
2026-03-09 13:37:16,033 - utils.logger2026-03-09-13.35.50 - INFO - Val result of epoch 21 / 40 mae 0.8911 corr 0.7202 f1 0.7887
2026-03-09 13:37:16,483 - utils.logger2026-03-09-13.35.50 - INFO - Tst result of epoch 21 / 40 mae 0.9316 corr 0.7037 f1 0.8318
2026-03-09 13:37:16,937 - utils.logger2026-03-09-13.35.50 - INFO - Cur epoch 22 loss TA:0.6129 TV:0.6125 VA:1.1001 CE:0.2277
2026-03-09 13:37:17,539 - utils.logger2026-03-09-13.35.50 - INFO - Cur epoch 22 loss TA:0.6544 TV:0.6640 VA:1.1763 CE:0.3221
2026-03-09 13:37:18,344 - utils.logger2026-03-09-13.35.50 - INFO - Cur epoch 22 loss TA:0.5870 TV:0.5939 VA:1.0763 CE:0.3264
2026-03-09 13:37:18,790 - utils.logger2026-03-09-13.35.50 - INFO - saving the model at the end of epoch 22, iters 616
2026-03-09 13:37:18,930 - utils.logger2026-03-09-13.35.50 - INFO - End of training epoch 22 / 40 	 Time Taken: 2 sec
2026-03-09 13:37:18,930 - utils.logger2026-03-09-13.35.50 - INFO - learning rate = 0.0001714
2026-03-09 13:37:19,434 - utils.logger2026-03-09-13.35.50 - INFO - Val result of epoch 22 / 40 mae 0.8670 corr 0.7214 f1 0.7841
2026-03-09 13:37:19,908 - utils.logger2026-03-09-13.35.50 - INFO - Tst result of epoch 22 / 40 mae 0.9149 corr 0.7095 f1 0.8315
2026-03-09 13:37:20,638 - utils.logger2026-03-09-13.35.50 - INFO - Cur epoch 23 loss TA:0.5784 TV:0.5954 VA:1.0742 CE:0.3047
2026-03-09 13:37:21,308 - utils.logger2026-03-09-13.35.50 - INFO - Cur epoch 23 loss TA:0.5917 TV:0.6105 VA:1.0771 CE:0.3079
2026-03-09 13:37:21,843 - utils.logger2026-03-09-13.35.50 - INFO - Cur epoch 23 loss TA:0.6189 TV:0.6071 VA:1.1553 CE:0.3713
2026-03-09 13:37:22,136 - utils.logger2026-03-09-13.35.50 - INFO - saving the model at the end of epoch 23, iters 644
2026-03-09 13:37:22,373 - utils.logger2026-03-09-13.35.50 - INFO - End of training epoch 23 / 40 	 Time Taken: 2 sec
2026-03-09 13:37:22,373 - utils.logger2026-03-09-13.35.50 - INFO - learning rate = 0.0001619
2026-03-09 13:37:22,915 - utils.logger2026-03-09-13.35.50 - INFO - Val result of epoch 23 / 40 mae 0.9469 corr 0.7070 f1 0.7513
2026-03-09 13:37:23,428 - utils.logger2026-03-09-13.35.50 - INFO - Tst result of epoch 23 / 40 mae 1.0560 corr 0.6780 f1 0.7442
2026-03-09 13:37:24,171 - utils.logger2026-03-09-13.35.50 - INFO - Cur epoch 24 loss TA:0.5763 TV:0.5890 VA:1.0479 CE:0.3126
2026-03-09 13:37:24,752 - utils.logger2026-03-09-13.35.50 - INFO - Cur epoch 24 loss TA:0.5804 TV:0.5884 VA:1.0512 CE:0.3022
2026-03-09 13:37:25,308 - utils.logger2026-03-09-13.35.50 - INFO - Cur epoch 24 loss TA:0.5722 TV:0.5803 VA:1.0947 CE:0.3033
2026-03-09 13:37:25,481 - utils.logger2026-03-09-13.35.50 - INFO - saving the model at the end of epoch 24, iters 672
2026-03-09 13:37:25,922 - utils.logger2026-03-09-13.35.50 - INFO - End of training epoch 24 / 40 	 Time Taken: 2 sec
2026-03-09 13:37:25,923 - utils.logger2026-03-09-13.35.50 - INFO - learning rate = 0.0001524
2026-03-09 13:37:26,405 - utils.logger2026-03-09-13.35.50 - INFO - Val result of epoch 24 / 40 mae 0.8610 corr 0.7243 f1 0.7794
2026-03-09 13:37:26,926 - utils.logger2026-03-09-13.35.50 - INFO - Tst result of epoch 24 / 40 mae 0.9467 corr 0.6832 f1 0.8118
2026-03-09 13:37:27,860 - utils.logger2026-03-09-13.35.50 - INFO - Cur epoch 25 loss TA:0.5488 TV:0.5716 VA:1.0754 CE:0.3168
2026-03-09 13:37:28,418 - utils.logger2026-03-09-13.35.50 - INFO - Cur epoch 25 loss TA:0.6022 TV:0.6154 VA:1.1227 CE:0.3451
2026-03-09 13:37:29,227 - utils.logger2026-03-09-13.35.50 - INFO - Cur epoch 25 loss TA:0.2880 TV:0.2905 VA:0.4985 CE:0.2236
2026-03-09 13:37:29,284 - utils.logger2026-03-09-13.35.50 - INFO - saving the model at the end of epoch 25, iters 700
2026-03-09 13:37:29,513 - utils.logger2026-03-09-13.35.50 - INFO - End of training epoch 25 / 40 	 Time Taken: 2 sec
2026-03-09 13:37:29,513 - utils.logger2026-03-09-13.35.50 - INFO - learning rate = 0.0001429
2026-03-09 13:37:30,061 - utils.logger2026-03-09-13.35.50 - INFO - Val result of epoch 25 / 40 mae 0.8944 corr 0.7178 f1 0.7752
2026-03-09 13:37:30,647 - utils.logger2026-03-09-13.35.50 - INFO - Tst result of epoch 25 / 40 mae 0.9674 corr 0.7014 f1 0.7976
2026-03-09 13:37:32,069 - utils.logger2026-03-09-13.35.50 - INFO - Cur epoch 26 loss TA:0.5242 TV:0.5311 VA:1.0335 CE:0.3323
2026-03-09 13:37:33,111 - utils.logger2026-03-09-13.35.50 - INFO - Cur epoch 26 loss TA:0.5977 TV:0.5932 VA:1.0987 CE:0.2442
2026-03-09 13:37:33,788 - utils.logger2026-03-09-13.35.50 - INFO - saving the model at the end of epoch 26, iters 728
2026-03-09 13:37:33,979 - utils.logger2026-03-09-13.35.50 - INFO - End of training epoch 26 / 40 	 Time Taken: 3 sec
2026-03-09 13:37:33,980 - utils.logger2026-03-09-13.35.50 - INFO - learning rate = 0.0001333
2026-03-09 13:37:34,476 - utils.logger2026-03-09-13.35.50 - INFO - Val result of epoch 26 / 40 mae 0.8585 corr 0.7251 f1 0.7983
2026-03-09 13:37:35,008 - utils.logger2026-03-09-13.35.50 - INFO - Tst result of epoch 26 / 40 mae 0.9070 corr 0.7098 f1 0.8224
2026-03-09 13:37:35,703 - utils.logger2026-03-09-13.35.50 - INFO - Cur epoch 27 loss TA:0.5407 TV:0.5484 VA:1.0396 CE:0.4035
2026-03-09 13:37:36,290 - utils.logger2026-03-09-13.35.50 - INFO - Cur epoch 27 loss TA:0.5668 TV:0.5785 VA:1.0781 CE:0.2618
2026-03-09 13:37:37,188 - utils.logger2026-03-09-13.35.50 - INFO - Cur epoch 27 loss TA:0.5491 TV:0.5498 VA:1.0479 CE:0.3007
2026-03-09 13:37:37,666 - utils.logger2026-03-09-13.35.50 - INFO - saving the model at the end of epoch 27, iters 756
2026-03-09 13:37:37,888 - utils.logger2026-03-09-13.35.50 - INFO - End of training epoch 27 / 40 	 Time Taken: 2 sec
2026-03-09 13:37:37,888 - utils.logger2026-03-09-13.35.50 - INFO - learning rate = 0.0001238
2026-03-09 13:37:38,414 - utils.logger2026-03-09-13.35.50 - INFO - Val result of epoch 27 / 40 mae 0.8620 corr 0.7230 f1 0.7981
2026-03-09 13:37:38,947 - utils.logger2026-03-09-13.35.50 - INFO - Tst result of epoch 27 / 40 mae 0.9247 corr 0.6953 f1 0.8215
2026-03-09 13:37:39,855 - utils.logger2026-03-09-13.35.50 - INFO - Cur epoch 28 loss TA:0.5555 TV:0.5694 VA:1.0479 CE:0.4165
2026-03-09 13:37:40,936 - utils.logger2026-03-09-13.35.50 - INFO - Cur epoch 28 loss TA:0.5713 TV:0.5663 VA:1.0713 CE:0.1944
2026-03-09 13:37:41,736 - utils.logger2026-03-09-13.35.50 - INFO - Cur epoch 28 loss TA:0.5646 TV:0.5766 VA:1.0818 CE:0.2608
2026-03-09 13:37:42,028 - utils.logger2026-03-09-13.35.50 - INFO - saving the model at the end of epoch 28, iters 784
2026-03-09 13:37:42,194 - utils.logger2026-03-09-13.35.50 - INFO - End of training epoch 28 / 40 	 Time Taken: 3 sec
2026-03-09 13:37:42,195 - utils.logger2026-03-09-13.35.50 - INFO - learning rate = 0.0001143
2026-03-09 13:37:42,726 - utils.logger2026-03-09-13.35.50 - INFO - Val result of epoch 28 / 40 mae 0.8498 corr 0.7232 f1 0.7797
2026-03-09 13:37:43,275 - utils.logger2026-03-09-13.35.50 - INFO - Tst result of epoch 28 / 40 mae 0.8928 corr 0.7072 f1 0.8462
2026-03-09 13:37:44,120 - utils.logger2026-03-09-13.35.50 - INFO - Cur epoch 29 loss TA:0.5318 TV:0.5318 VA:1.0365 CE:0.1547
2026-03-09 13:37:44,831 - utils.logger2026-03-09-13.35.50 - INFO - Cur epoch 29 loss TA:0.5390 TV:0.5572 VA:1.0296 CE:0.2420
2026-03-09 13:37:45,708 - utils.logger2026-03-09-13.35.50 - INFO - Cur epoch 29 loss TA:0.5428 TV:0.5477 VA:1.0621 CE:0.2880
2026-03-09 13:37:45,877 - utils.logger2026-03-09-13.35.50 - INFO - saving the model at the end of epoch 29, iters 812
2026-03-09 13:37:46,115 - utils.logger2026-03-09-13.35.50 - INFO - End of training epoch 29 / 40 	 Time Taken: 2 sec
2026-03-09 13:37:46,115 - utils.logger2026-03-09-13.35.50 - INFO - learning rate = 0.0001048
2026-03-09 13:37:46,729 - utils.logger2026-03-09-13.35.50 - INFO - Val result of epoch 29 / 40 mae 0.8733 corr 0.7250 f1 0.7842
2026-03-09 13:37:47,265 - utils.logger2026-03-09-13.35.50 - INFO - Tst result of epoch 29 / 40 mae 0.9597 corr 0.6885 f1 0.7739
2026-03-09 13:37:48,460 - utils.logger2026-03-09-13.35.50 - INFO - Cur epoch 30 loss TA:0.5625 TV:0.5729 VA:1.0517 CE:0.3416
2026-03-09 13:37:49,448 - utils.logger2026-03-09-13.35.50 - INFO - Cur epoch 30 loss TA:0.5657 TV:0.5728 VA:1.0457 CE:0.2692
2026-03-09 13:37:50,077 - utils.logger2026-03-09-13.35.50 - INFO - Cur epoch 30 loss TA:0.2245 TV:0.2407 VA:0.4354 CE:0.2652
2026-03-09 13:37:50,137 - utils.logger2026-03-09-13.35.50 - INFO - saving the model at the end of epoch 30, iters 840
2026-03-09 13:37:50,313 - utils.logger2026-03-09-13.35.50 - INFO - End of training epoch 30 / 40 	 Time Taken: 3 sec
2026-03-09 13:37:50,314 - utils.logger2026-03-09-13.35.50 - INFO - learning rate = 0.0000952
2026-03-09 13:37:50,829 - utils.logger2026-03-09-13.35.50 - INFO - Val result of epoch 30 / 40 mae 0.8714 corr 0.7261 f1 0.7840
2026-03-09 13:37:51,403 - utils.logger2026-03-09-13.35.50 - INFO - Tst result of epoch 30 / 40 mae 0.9365 corr 0.7063 f1 0.8121
2026-03-09 13:37:52,674 - utils.logger2026-03-09-13.35.50 - INFO - Cur epoch 31 loss TA:0.5460 TV:0.5437 VA:1.0125 CE:0.2493
2026-03-09 13:37:53,298 - utils.logger2026-03-09-13.35.50 - INFO - Cur epoch 31 loss TA:0.5373 TV:0.5608 VA:0.9935 CE:0.2214
2026-03-09 13:37:54,018 - utils.logger2026-03-09-13.35.50 - INFO - saving the model at the end of epoch 31, iters 868
2026-03-09 13:37:54,259 - utils.logger2026-03-09-13.35.50 - INFO - End of training epoch 31 / 40 	 Time Taken: 2 sec
2026-03-09 13:37:54,259 - utils.logger2026-03-09-13.35.50 - INFO - learning rate = 0.0000857
2026-03-09 13:37:54,834 - utils.logger2026-03-09-13.35.50 - INFO - Val result of epoch 31 / 40 mae 0.8721 corr 0.7264 f1 0.7933
2026-03-09 13:37:55,369 - utils.logger2026-03-09-13.35.50 - INFO - Tst result of epoch 31 / 40 mae 0.9528 corr 0.6931 f1 0.8167
2026-03-09 13:37:56,047 - utils.logger2026-03-09-13.35.50 - INFO - Cur epoch 32 loss TA:0.5234 TV:0.5272 VA:1.0595 CE:0.2248
2026-03-09 13:37:57,056 - utils.logger2026-03-09-13.35.50 - INFO - Cur epoch 32 loss TA:0.5485 TV:0.5651 VA:1.0483 CE:0.2495
2026-03-09 13:37:57,904 - utils.logger2026-03-09-13.35.50 - INFO - Cur epoch 32 loss TA:0.5206 TV:0.5332 VA:1.0175 CE:0.2577
2026-03-09 13:37:58,324 - utils.logger2026-03-09-13.35.50 - INFO - saving the model at the end of epoch 32, iters 896
2026-03-09 13:37:58,607 - utils.logger2026-03-09-13.35.50 - INFO - End of training epoch 32 / 40 	 Time Taken: 3 sec
2026-03-09 13:37:58,607 - utils.logger2026-03-09-13.35.50 - INFO - learning rate = 0.0000762
2026-03-09 13:37:59,090 - utils.logger2026-03-09-13.35.50 - INFO - Val result of epoch 32 / 40 mae 0.8626 corr 0.7226 f1 0.7933
2026-03-09 13:37:59,610 - utils.logger2026-03-09-13.35.50 - INFO - Tst result of epoch 32 / 40 mae 0.9218 corr 0.7040 f1 0.8123
2026-03-09 13:38:00,342 - utils.logger2026-03-09-13.35.50 - INFO - Cur epoch 33 loss TA:0.5487 TV:0.5463 VA:1.0092 CE:0.2646
2026-03-09 13:38:00,967 - utils.logger2026-03-09-13.35.50 - INFO - Cur epoch 33 loss TA:0.5082 TV:0.5225 VA:1.0302 CE:0.2280
2026-03-09 13:38:01,622 - utils.logger2026-03-09-13.35.50 - INFO - Cur epoch 33 loss TA:0.5337 TV:0.5483 VA:1.0394 CE:0.2452
2026-03-09 13:38:01,977 - utils.logger2026-03-09-13.35.50 - INFO - saving the model at the end of epoch 33, iters 924
2026-03-09 13:38:02,251 - utils.logger2026-03-09-13.35.50 - INFO - End of training epoch 33 / 40 	 Time Taken: 2 sec
2026-03-09 13:38:02,251 - utils.logger2026-03-09-13.35.50 - INFO - learning rate = 0.0000667
2026-03-09 13:38:02,778 - utils.logger2026-03-09-13.35.50 - INFO - Val result of epoch 33 / 40 mae 0.8866 corr 0.7157 f1 0.7746
2026-03-09 13:38:03,347 - utils.logger2026-03-09-13.35.50 - INFO - Tst result of epoch 33 / 40 mae 0.9522 corr 0.6992 f1 0.7979
2026-03-09 13:38:04,391 - utils.logger2026-03-09-13.35.50 - INFO - Cur epoch 34 loss TA:0.5388 TV:0.5375 VA:1.0310 CE:0.1820
2026-03-09 13:38:05,435 - utils.logger2026-03-09-13.35.50 - INFO - Cur epoch 34 loss TA:0.5066 TV:0.5102 VA:1.0171 CE:0.2000
2026-03-09 13:38:06,456 - utils.logger2026-03-09-13.35.50 - INFO - Cur epoch 34 loss TA:0.5025 TV:0.5079 VA:0.9856 CE:0.1398
2026-03-09 13:38:06,641 - utils.logger2026-03-09-13.35.50 - INFO - saving the model at the end of epoch 34, iters 952
2026-03-09 13:38:06,882 - utils.logger2026-03-09-13.35.50 - INFO - End of training epoch 34 / 40 	 Time Taken: 3 sec
2026-03-09 13:38:06,882 - utils.logger2026-03-09-13.35.50 - INFO - learning rate = 0.0000571
2026-03-09 13:38:07,446 - utils.logger2026-03-09-13.35.50 - INFO - Val result of epoch 34 / 40 mae 0.8802 corr 0.7215 f1 0.7700
2026-03-09 13:38:08,122 - utils.logger2026-03-09-13.35.50 - INFO - Tst result of epoch 34 / 40 mae 0.9610 corr 0.6945 f1 0.7881
2026-03-09 13:38:09,137 - utils.logger2026-03-09-13.35.50 - INFO - Cur epoch 35 loss TA:0.5442 TV:0.5528 VA:1.0606 CE:0.2566
2026-03-09 13:38:09,779 - utils.logger2026-03-09-13.35.50 - INFO - Cur epoch 35 loss TA:0.5267 TV:0.5274 VA:1.0163 CE:0.2300
2026-03-09 13:38:10,697 - utils.logger2026-03-09-13.35.50 - INFO - Cur epoch 35 loss TA:0.2015 TV:0.2089 VA:0.4145 CE:0.2537
2026-03-09 13:38:10,745 - utils.logger2026-03-09-13.35.50 - INFO - saving the model at the end of epoch 35, iters 980
2026-03-09 13:38:10,947 - utils.logger2026-03-09-13.35.50 - INFO - End of training epoch 35 / 40 	 Time Taken: 2 sec
2026-03-09 13:38:10,947 - utils.logger2026-03-09-13.35.50 - INFO - learning rate = 0.0000476
2026-03-09 13:38:11,379 - utils.logger2026-03-09-13.35.50 - INFO - Val result of epoch 35 / 40 mae 0.8693 corr 0.7210 f1 0.7933
2026-03-09 13:38:11,895 - utils.logger2026-03-09-13.35.50 - INFO - Tst result of epoch 35 / 40 mae 0.9339 corr 0.7038 f1 0.8121
2026-03-09 13:38:13,271 - utils.logger2026-03-09-13.35.50 - INFO - Cur epoch 36 loss TA:0.5231 TV:0.5365 VA:1.0136 CE:0.1527
2026-03-09 13:38:14,503 - utils.logger2026-03-09-13.35.50 - INFO - Cur epoch 36 loss TA:0.4922 TV:0.4922 VA:0.9865 CE:0.1758
2026-03-09 13:38:15,041 - utils.logger2026-03-09-13.35.50 - INFO - saving the model at the end of epoch 36, iters 1008
2026-03-09 13:38:15,219 - utils.logger2026-03-09-13.35.50 - INFO - End of training epoch 36 / 40 	 Time Taken: 3 sec
2026-03-09 13:38:15,219 - utils.logger2026-03-09-13.35.50 - INFO - learning rate = 0.0000381
2026-03-09 13:38:15,661 - utils.logger2026-03-09-13.35.50 - INFO - Val result of epoch 36 / 40 mae 0.8629 corr 0.7257 f1 0.7933
2026-03-09 13:38:16,151 - utils.logger2026-03-09-13.35.50 - INFO - Tst result of epoch 36 / 40 mae 0.9385 corr 0.7009 f1 0.8169
2026-03-09 13:38:16,847 - utils.logger2026-03-09-13.35.50 - INFO - Cur epoch 37 loss TA:0.5221 TV:0.5345 VA:1.0426 CE:0.1775
2026-03-09 13:38:17,498 - utils.logger2026-03-09-13.35.50 - INFO - Cur epoch 37 loss TA:0.5013 TV:0.5064 VA:0.9684 CE:0.1745
2026-03-09 13:38:18,175 - utils.logger2026-03-09-13.35.50 - INFO - Cur epoch 37 loss TA:0.5227 TV:0.5220 VA:0.9976 CE:0.1923
2026-03-09 13:38:18,869 - utils.logger2026-03-09-13.35.50 - INFO - saving the model at the end of epoch 37, iters 1036
2026-03-09 13:38:19,220 - utils.logger2026-03-09-13.35.50 - INFO - End of training epoch 37 / 40 	 Time Taken: 3 sec
2026-03-09 13:38:19,220 - utils.logger2026-03-09-13.35.50 - INFO - learning rate = 0.0000286
2026-03-09 13:38:19,994 - utils.logger2026-03-09-13.35.50 - INFO - Val result of epoch 37 / 40 mae 0.8710 corr 0.7255 f1 0.7887
2026-03-09 13:38:20,732 - utils.logger2026-03-09-13.35.50 - INFO - Tst result of epoch 37 / 40 mae 0.9548 corr 0.6990 f1 0.7979
2026-03-09 13:38:21,693 - utils.logger2026-03-09-13.35.50 - INFO - Cur epoch 38 loss TA:0.5367 TV:0.5452 VA:1.0102 CE:0.1954
2026-03-09 13:38:22,965 - utils.logger2026-03-09-13.35.50 - INFO - Cur epoch 38 loss TA:0.5128 TV:0.5154 VA:1.0112 CE:0.1685
2026-03-09 13:38:24,010 - utils.logger2026-03-09-13.35.50 - INFO - Cur epoch 38 loss TA:0.5075 TV:0.5139 VA:0.9736 CE:0.1911
2026-03-09 13:38:24,259 - utils.logger2026-03-09-13.35.50 - INFO - saving the model at the end of epoch 38, iters 1064
2026-03-09 13:38:24,501 - utils.logger2026-03-09-13.35.50 - INFO - End of training epoch 38 / 40 	 Time Taken: 3 sec
2026-03-09 13:38:24,501 - utils.logger2026-03-09-13.35.50 - INFO - learning rate = 0.0000190
2026-03-09 13:38:24,976 - utils.logger2026-03-09-13.35.50 - INFO - Val result of epoch 38 / 40 mae 0.8717 corr 0.7270 f1 0.7839
2026-03-09 13:38:25,509 - utils.logger2026-03-09-13.35.50 - INFO - Tst result of epoch 38 / 40 mae 0.9554 corr 0.6989 f1 0.8075
2026-03-09 13:38:26,476 - utils.logger2026-03-09-13.35.50 - INFO - Cur epoch 39 loss TA:0.5280 TV:0.5356 VA:1.0109 CE:0.2135
2026-03-09 13:38:27,028 - utils.logger2026-03-09-13.35.50 - INFO - Cur epoch 39 loss TA:0.4984 TV:0.5042 VA:0.9884 CE:0.2071
2026-03-09 13:38:27,675 - utils.logger2026-03-09-13.35.50 - INFO - Cur epoch 39 loss TA:0.5082 TV:0.5115 VA:1.0023 CE:0.2080
2026-03-09 13:38:27,857 - utils.logger2026-03-09-13.35.50 - INFO - saving the model at the end of epoch 39, iters 1092
2026-03-09 13:38:28,318 - utils.logger2026-03-09-13.35.50 - INFO - End of training epoch 39 / 40 	 Time Taken: 2 sec
2026-03-09 13:38:28,318 - utils.logger2026-03-09-13.35.50 - INFO - learning rate = 0.0000095
2026-03-09 13:38:28,790 - utils.logger2026-03-09-13.35.50 - INFO - Val result of epoch 39 / 40 mae 0.8719 corr 0.7245 f1 0.7840
2026-03-09 13:38:29,359 - utils.logger2026-03-09-13.35.50 - INFO - Tst result of epoch 39 / 40 mae 0.9491 corr 0.7025 f1 0.8121
2026-03-09 13:38:30,553 - utils.logger2026-03-09-13.35.50 - INFO - Cur epoch 40 loss TA:0.5065 TV:0.5182 VA:0.9996 CE:0.1684
2026-03-09 13:38:31,885 - utils.logger2026-03-09-13.35.50 - INFO - Cur epoch 40 loss TA:0.5031 TV:0.5183 VA:1.0024 CE:0.1909
2026-03-09 13:38:32,573 - utils.logger2026-03-09-13.35.50 - INFO - Cur epoch 40 loss TA:0.2242 TV:0.2298 VA:0.4580 CE:0.2347
2026-03-09 13:38:32,615 - utils.logger2026-03-09-13.35.50 - INFO - saving the model at the end of epoch 40, iters 1120
2026-03-09 13:38:32,788 - utils.logger2026-03-09-13.35.50 - INFO - End of training epoch 40 / 40 	 Time Taken: 3 sec
2026-03-09 13:38:32,789 - utils.logger2026-03-09-13.35.50 - INFO - learning rate = 0.0000000
2026-03-09 13:38:33,264 - utils.logger2026-03-09-13.35.50 - INFO - Val result of epoch 40 / 40 mae 0.8701 corr 0.7251 f1 0.7840
2026-03-09 13:38:33,818 - utils.logger2026-03-09-13.35.50 - INFO - Tst result of epoch 40 / 40 mae 0.9463 corr 0.7026 f1 0.8169
2026-03-09 13:38:33,818 - utils.logger2026-03-09-13.35.50 - INFO - Best eval epoch 16 found with MAE 0.858523
2026-03-09 13:38:33,818 - utils.logger2026-03-09-13.35.50 - INFO - Loading best model found on val set: epoch-16
2026-03-09 13:38:35,171 - utils.logger2026-03-09-13.35.50 - INFO - Tst result mae 0.8585 corr 0.7100 f1 0.8433
