2026-03-04 20:37:09,501 - utils.logger2026-03-04-20.37.09 - INFO - The number of training samples = 1750
2026-03-04 20:37:12,217 - utils.logger2026-03-04-20.37.09 - INFO - Cur epoch 1 loss TA:1.0373 TV:1.0375 VA:2.0766 CE:8.1911
2026-03-04 20:37:13,149 - utils.logger2026-03-04-20.37.09 - INFO - Cur epoch 1 loss TA:1.0362 TV:1.0362 VA:2.0614 CE:5.9009
2026-03-04 20:37:14,137 - utils.logger2026-03-04-20.37.09 - INFO - saving the model at the end of epoch 1, iters 28
2026-03-04 20:37:14,281 - utils.logger2026-03-04-20.37.09 - INFO - End of training epoch 1 / 40 	 Time Taken: 4 sec
2026-03-04 20:37:14,281 - utils.logger2026-03-04-20.37.09 - INFO - learning rate = 0.0002000
2026-03-04 20:37:14,795 - utils.logger2026-03-04-20.37.09 - INFO - Val result of epoch 1 / 40 acc 0.5580 MAE 0.1114 f1 0.5905
2026-03-04 20:37:15,296 - utils.logger2026-03-04-20.37.09 - INFO - Tst result of epoch 1 / 40 acc 0.5580 MAE 0.1114 f1 0.5905
2026-03-04 20:37:15,858 - utils.logger2026-03-04-20.37.09 - INFO - Cur epoch 2 loss TA:1.0348 TV:1.0354 VA:2.0689 CE:2.9950
2026-03-04 20:37:16,840 - utils.logger2026-03-04-20.37.09 - INFO - Cur epoch 2 loss TA:1.0331 TV:1.0327 VA:2.0657 CE:3.0231
2026-03-04 20:37:17,861 - utils.logger2026-03-04-20.37.09 - INFO - Cur epoch 2 loss TA:1.0322 TV:1.0337 VA:2.0575 CE:2.7092
2026-03-04 20:37:18,492 - utils.logger2026-03-04-20.37.09 - INFO - saving the model at the end of epoch 2, iters 56
2026-03-04 20:37:18,626 - utils.logger2026-03-04-20.37.09 - INFO - End of training epoch 2 / 40 	 Time Taken: 3 sec
2026-03-04 20:37:18,626 - utils.logger2026-03-04-20.37.09 - INFO - learning rate = 0.0002000
2026-03-04 20:37:19,152 - utils.logger2026-03-04-20.37.09 - INFO - Val result of epoch 2 / 40 acc 0.6875 MAE 0.4062 f1 0.6927
2026-03-04 20:37:19,662 - utils.logger2026-03-04-20.37.09 - INFO - Tst result of epoch 2 / 40 acc 0.6875 MAE 0.4062 f1 0.6927
2026-03-04 20:37:20,349 - utils.logger2026-03-04-20.37.09 - INFO - Cur epoch 3 loss TA:1.0294 TV:1.0273 VA:2.0460 CE:2.3978
2026-03-04 20:37:21,212 - utils.logger2026-03-04-20.37.09 - INFO - Cur epoch 3 loss TA:1.0200 TV:1.0184 VA:2.0205 CE:2.4058
2026-03-04 20:37:22,119 - utils.logger2026-03-04-20.37.09 - INFO - Cur epoch 3 loss TA:1.0097 TV:1.0007 VA:2.0032 CE:1.5989
2026-03-04 20:37:22,524 - utils.logger2026-03-04-20.37.09 - INFO - saving the model at the end of epoch 3, iters 84
2026-03-04 20:37:22,664 - utils.logger2026-03-04-20.37.09 - INFO - End of training epoch 3 / 40 	 Time Taken: 3 sec
2026-03-04 20:37:22,665 - utils.logger2026-03-04-20.37.09 - INFO - learning rate = 0.0002000
2026-03-04 20:37:23,207 - utils.logger2026-03-04-20.37.09 - INFO - Val result of epoch 3 / 40 acc 0.6429 MAE 0.4276 f1 0.6671
2026-03-04 20:37:23,896 - utils.logger2026-03-04-20.37.09 - INFO - Tst result of epoch 3 / 40 acc 0.6429 MAE 0.4276 f1 0.6671
2026-03-04 20:37:25,143 - utils.logger2026-03-04-20.37.09 - INFO - Cur epoch 4 loss TA:0.9857 TV:0.9754 VA:1.9603 CE:2.5448
2026-03-04 20:37:26,128 - utils.logger2026-03-04-20.37.09 - INFO - Cur epoch 4 loss TA:0.9715 TV:0.9711 VA:1.9063 CE:1.7706
2026-03-04 20:37:27,085 - utils.logger2026-03-04-20.37.09 - INFO - Cur epoch 4 loss TA:0.9636 TV:0.9653 VA:1.9323 CE:2.5637
2026-03-04 20:37:27,361 - utils.logger2026-03-04-20.37.09 - INFO - saving the model at the end of epoch 4, iters 112
2026-03-04 20:37:27,512 - utils.logger2026-03-04-20.37.09 - INFO - End of training epoch 4 / 40 	 Time Taken: 3 sec
2026-03-04 20:37:27,512 - utils.logger2026-03-04-20.37.09 - INFO - learning rate = 0.0002000
2026-03-04 20:37:28,062 - utils.logger2026-03-04-20.37.09 - INFO - Val result of epoch 4 / 40 acc 0.6741 MAE 0.4662 f1 0.6898
2026-03-04 20:37:28,605 - utils.logger2026-03-04-20.37.09 - INFO - Tst result of epoch 4 / 40 acc 0.6741 MAE 0.4662 f1 0.6898
2026-03-04 20:37:29,699 - utils.logger2026-03-04-20.37.09 - INFO - Cur epoch 5 loss TA:0.9486 TV:0.9528 VA:1.8567 CE:1.8822
2026-03-04 20:37:30,592 - utils.logger2026-03-04-20.37.09 - INFO - Cur epoch 5 loss TA:0.9364 TV:0.9386 VA:1.8491 CE:2.1615
2026-03-04 20:37:31,489 - utils.logger2026-03-04-20.37.09 - INFO - Cur epoch 5 loss TA:0.6793 TV:0.6695 VA:1.2955 CE:2.5321
2026-03-04 20:37:31,557 - utils.logger2026-03-04-20.37.09 - INFO - saving the model at the end of epoch 5, iters 140
2026-03-04 20:37:31,705 - utils.logger2026-03-04-20.37.09 - INFO - End of training epoch 5 / 40 	 Time Taken: 3 sec
2026-03-04 20:37:31,706 - utils.logger2026-03-04-20.37.09 - INFO - learning rate = 0.0002000
2026-03-04 20:37:32,227 - utils.logger2026-03-04-20.37.09 - INFO - Val result of epoch 5 / 40 acc 0.7143 MAE 0.5595 f1 0.7301
2026-03-04 20:37:32,828 - utils.logger2026-03-04-20.37.09 - INFO - Tst result of epoch 5 / 40 acc 0.7143 MAE 0.5595 f1 0.7301
2026-03-04 20:37:34,171 - utils.logger2026-03-04-20.37.09 - INFO - Cur epoch 6 loss TA:0.9365 TV:0.9336 VA:1.8288 CE:1.8458
2026-03-04 20:37:35,136 - utils.logger2026-03-04-20.37.09 - INFO - Cur epoch 6 loss TA:0.9124 TV:0.9191 VA:1.8198 CE:1.7062
2026-03-04 20:37:35,950 - utils.logger2026-03-04-20.37.09 - INFO - saving the model at the end of epoch 6, iters 168
2026-03-04 20:37:36,086 - utils.logger2026-03-04-20.37.09 - INFO - End of training epoch 6 / 40 	 Time Taken: 3 sec
2026-03-04 20:37:36,086 - utils.logger2026-03-04-20.37.09 - INFO - learning rate = 0.0002000
2026-03-04 20:37:36,575 - utils.logger2026-03-04-20.37.09 - INFO - Val result of epoch 6 / 40 acc 0.7455 MAE 0.6037 f1 0.7585
2026-03-04 20:37:37,071 - utils.logger2026-03-04-20.37.09 - INFO - Tst result of epoch 6 / 40 acc 0.7455 MAE 0.6037 f1 0.7585
2026-03-04 20:37:37,624 - utils.logger2026-03-04-20.37.09 - INFO - Cur epoch 7 loss TA:0.9251 TV:0.9289 VA:1.8129 CE:1.4985
2026-03-04 20:37:38,552 - utils.logger2026-03-04-20.37.09 - INFO - Cur epoch 7 loss TA:0.9035 TV:0.9004 VA:1.8026 CE:1.6886
2026-03-04 20:37:39,437 - utils.logger2026-03-04-20.37.09 - INFO - Cur epoch 7 loss TA:0.9031 TV:0.9043 VA:1.7899 CE:1.5104
2026-03-04 20:37:40,042 - utils.logger2026-03-04-20.37.09 - INFO - saving the model at the end of epoch 7, iters 196
2026-03-04 20:37:40,211 - utils.logger2026-03-04-20.37.09 - INFO - End of training epoch 7 / 40 	 Time Taken: 3 sec
2026-03-04 20:37:40,211 - utils.logger2026-03-04-20.37.09 - INFO - learning rate = 0.0002000
2026-03-04 20:37:40,713 - utils.logger2026-03-04-20.37.09 - INFO - Val result of epoch 7 / 40 acc 0.7768 MAE 0.6065 f1 0.7786
2026-03-04 20:37:41,253 - utils.logger2026-03-04-20.37.09 - INFO - Tst result of epoch 7 / 40 acc 0.7768 MAE 0.6065 f1 0.7786
2026-03-04 20:37:42,018 - utils.logger2026-03-04-20.37.09 - INFO - Cur epoch 8 loss TA:0.9060 TV:0.9059 VA:1.7856 CE:1.5928
2026-03-04 20:37:42,996 - utils.logger2026-03-04-20.37.09 - INFO - Cur epoch 8 loss TA:0.8812 TV:0.8891 VA:1.7531 CE:1.5724
2026-03-04 20:37:43,982 - utils.logger2026-03-04-20.37.09 - INFO - Cur epoch 8 loss TA:0.8671 TV:0.8821 VA:1.7391 CE:1.3072
2026-03-04 20:37:44,446 - utils.logger2026-03-04-20.37.09 - INFO - saving the model at the end of epoch 8, iters 224
2026-03-04 20:37:44,580 - utils.logger2026-03-04-20.37.09 - INFO - End of training epoch 8 / 40 	 Time Taken: 3 sec
2026-03-04 20:37:44,581 - utils.logger2026-03-04-20.37.09 - INFO - learning rate = 0.0002000
2026-03-04 20:37:45,142 - utils.logger2026-03-04-20.37.09 - INFO - Val result of epoch 8 / 40 acc 0.7812 MAE 0.6087 f1 0.7881
2026-03-04 20:37:45,709 - utils.logger2026-03-04-20.37.09 - INFO - Tst result of epoch 8 / 40 acc 0.7812 MAE 0.6087 f1 0.7881
2026-03-04 20:37:46,703 - utils.logger2026-03-04-20.37.09 - INFO - Cur epoch 9 loss TA:0.8848 TV:0.8938 VA:1.7839 CE:1.0411
2026-03-04 20:37:47,652 - utils.logger2026-03-04-20.37.09 - INFO - Cur epoch 9 loss TA:0.8868 TV:0.8643 VA:1.7426 CE:1.1264
2026-03-04 20:37:48,636 - utils.logger2026-03-04-20.37.09 - INFO - Cur epoch 9 loss TA:0.8763 TV:0.8931 VA:1.7718 CE:1.2516
2026-03-04 20:37:48,903 - utils.logger2026-03-04-20.37.09 - INFO - saving the model at the end of epoch 9, iters 252
2026-03-04 20:37:49,054 - utils.logger2026-03-04-20.37.09 - INFO - End of training epoch 9 / 40 	 Time Taken: 3 sec
2026-03-04 20:37:49,054 - utils.logger2026-03-04-20.37.09 - INFO - learning rate = 0.0002000
2026-03-04 20:37:49,593 - utils.logger2026-03-04-20.37.09 - INFO - Val result of epoch 9 / 40 acc 0.7589 MAE 0.6041 f1 0.7682
2026-03-04 20:37:50,088 - utils.logger2026-03-04-20.37.09 - INFO - Tst result of epoch 9 / 40 acc 0.7589 MAE 0.6041 f1 0.7682
2026-03-04 20:37:51,128 - utils.logger2026-03-04-20.37.09 - INFO - Cur epoch 10 loss TA:0.8676 TV:0.8616 VA:1.7040 CE:1.0917
2026-03-04 20:37:52,017 - utils.logger2026-03-04-20.37.09 - INFO - Cur epoch 10 loss TA:0.8773 TV:0.8500 VA:1.6833 CE:0.9619
2026-03-04 20:37:52,924 - utils.logger2026-03-04-20.37.09 - INFO - Cur epoch 10 loss TA:0.5478 TV:0.5858 VA:1.0975 CE:0.9294
2026-03-04 20:37:52,996 - utils.logger2026-03-04-20.37.09 - INFO - saving the model at the end of epoch 10, iters 280
2026-03-04 20:37:53,130 - utils.logger2026-03-04-20.37.09 - INFO - End of training epoch 10 / 40 	 Time Taken: 3 sec
2026-03-04 20:37:53,130 - utils.logger2026-03-04-20.37.09 - INFO - learning rate = 0.0002000
2026-03-04 20:37:53,667 - utils.logger2026-03-04-20.37.09 - INFO - Val result of epoch 10 / 40 acc 0.7634 MAE 0.6263 f1 0.7745
2026-03-04 20:37:54,165 - utils.logger2026-03-04-20.37.09 - INFO - Tst result of epoch 10 / 40 acc 0.7634 MAE 0.6263 f1 0.7745
2026-03-04 20:37:55,439 - utils.logger2026-03-04-20.37.09 - INFO - Cur epoch 11 loss TA:0.8441 TV:0.8515 VA:1.6621 CE:0.7296
2026-03-04 20:37:56,355 - utils.logger2026-03-04-20.37.09 - INFO - Cur epoch 11 loss TA:0.8637 TV:0.8567 VA:1.6583 CE:0.7878
2026-03-04 20:37:57,186 - utils.logger2026-03-04-20.37.09 - INFO - saving the model at the end of epoch 11, iters 308
2026-03-04 20:37:57,321 - utils.logger2026-03-04-20.37.09 - INFO - End of training epoch 11 / 40 	 Time Taken: 3 sec
2026-03-04 20:37:57,321 - utils.logger2026-03-04-20.37.09 - INFO - learning rate = 0.0002000
2026-03-04 20:37:57,811 - utils.logger2026-03-04-20.37.09 - INFO - Val result of epoch 11 / 40 acc 0.7812 MAE 0.6242 f1 0.7848
2026-03-04 20:37:58,321 - utils.logger2026-03-04-20.37.09 - INFO - Tst result of epoch 11 / 40 acc 0.7812 MAE 0.6242 f1 0.7848
2026-03-04 20:37:58,795 - utils.logger2026-03-04-20.37.09 - INFO - Cur epoch 12 loss TA:0.8407 TV:0.8408 VA:1.6444 CE:1.0378
2026-03-04 20:37:59,604 - utils.logger2026-03-04-20.37.09 - INFO - Cur epoch 12 loss TA:0.8284 TV:0.8263 VA:1.6496 CE:0.6366
2026-03-04 20:38:00,419 - utils.logger2026-03-04-20.37.09 - INFO - Cur epoch 12 loss TA:0.8516 TV:0.8493 VA:1.7099 CE:0.6384
2026-03-04 20:38:00,965 - utils.logger2026-03-04-20.37.09 - INFO - saving the model at the end of epoch 12, iters 336
2026-03-04 20:38:01,101 - utils.logger2026-03-04-20.37.09 - INFO - End of training epoch 12 / 40 	 Time Taken: 2 sec
2026-03-04 20:38:01,101 - utils.logger2026-03-04-20.37.09 - INFO - learning rate = 0.0002000
2026-03-04 20:38:01,574 - utils.logger2026-03-04-20.37.09 - INFO - Val result of epoch 12 / 40 acc 0.7679 MAE 0.6125 f1 0.7724
2026-03-04 20:38:02,078 - utils.logger2026-03-04-20.37.09 - INFO - Tst result of epoch 12 / 40 acc 0.7679 MAE 0.6125 f1 0.7724
2026-03-04 20:38:02,766 - utils.logger2026-03-04-20.37.09 - INFO - Cur epoch 13 loss TA:0.8287 TV:0.8227 VA:1.6099 CE:0.7855
2026-03-04 20:38:03,681 - utils.logger2026-03-04-20.37.09 - INFO - Cur epoch 13 loss TA:0.8296 TV:0.8324 VA:1.6254 CE:0.8288
2026-03-04 20:38:04,618 - utils.logger2026-03-04-20.37.09 - INFO - Cur epoch 13 loss TA:0.8169 TV:0.8362 VA:1.6280 CE:0.6800
2026-03-04 20:38:04,994 - utils.logger2026-03-04-20.37.09 - INFO - saving the model at the end of epoch 13, iters 364
2026-03-04 20:38:05,132 - utils.logger2026-03-04-20.37.09 - INFO - End of training epoch 13 / 40 	 Time Taken: 3 sec
2026-03-04 20:38:05,133 - utils.logger2026-03-04-20.37.09 - INFO - learning rate = 0.0002000
2026-03-04 20:38:05,672 - utils.logger2026-03-04-20.37.09 - INFO - Val result of epoch 13 / 40 acc 0.7679 MAE 0.6225 f1 0.7779
2026-03-04 20:38:06,171 - utils.logger2026-03-04-20.37.09 - INFO - Tst result of epoch 13 / 40 acc 0.7679 MAE 0.6225 f1 0.7779
2026-03-04 20:38:07,155 - utils.logger2026-03-04-20.37.09 - INFO - Cur epoch 14 loss TA:0.8276 TV:0.8140 VA:1.5932 CE:0.7746
2026-03-04 20:38:08,149 - utils.logger2026-03-04-20.37.09 - INFO - Cur epoch 14 loss TA:0.8128 TV:0.8416 VA:1.6125 CE:0.7817
2026-03-04 20:38:09,130 - utils.logger2026-03-04-20.37.09 - INFO - Cur epoch 14 loss TA:0.8086 TV:0.8238 VA:1.6511 CE:0.8058
2026-03-04 20:38:09,402 - utils.logger2026-03-04-20.37.09 - INFO - saving the model at the end of epoch 14, iters 392
2026-03-04 20:38:09,553 - utils.logger2026-03-04-20.37.09 - INFO - End of training epoch 14 / 40 	 Time Taken: 3 sec
2026-03-04 20:38:09,553 - utils.logger2026-03-04-20.37.09 - INFO - learning rate = 0.0002000
2026-03-04 20:38:10,115 - utils.logger2026-03-04-20.37.09 - INFO - Val result of epoch 14 / 40 acc 0.7812 MAE 0.6285 f1 0.7831
2026-03-04 20:38:10,668 - utils.logger2026-03-04-20.37.09 - INFO - Tst result of epoch 14 / 40 acc 0.7812 MAE 0.6285 f1 0.7831
2026-03-04 20:38:11,813 - utils.logger2026-03-04-20.37.09 - INFO - Cur epoch 15 loss TA:0.7949 TV:0.7963 VA:1.5447 CE:0.6443
2026-03-04 20:38:12,813 - utils.logger2026-03-04-20.37.09 - INFO - Cur epoch 15 loss TA:0.8445 TV:0.8136 VA:1.6267 CE:0.5278
2026-03-04 20:38:13,811 - utils.logger2026-03-04-20.37.09 - INFO - Cur epoch 15 loss TA:0.4549 TV:0.5287 VA:1.0268 CE:0.6922
2026-03-04 20:38:13,877 - utils.logger2026-03-04-20.37.09 - INFO - saving the model at the end of epoch 15, iters 420
2026-03-04 20:38:14,026 - utils.logger2026-03-04-20.37.09 - INFO - End of training epoch 15 / 40 	 Time Taken: 3 sec
2026-03-04 20:38:14,027 - utils.logger2026-03-04-20.37.09 - INFO - learning rate = 0.0002000
2026-03-04 20:38:14,609 - utils.logger2026-03-04-20.37.09 - INFO - Val result of epoch 15 / 40 acc 0.7723 MAE 0.6380 f1 0.7779
2026-03-04 20:38:15,172 - utils.logger2026-03-04-20.37.09 - INFO - Tst result of epoch 15 / 40 acc 0.7723 MAE 0.6380 f1 0.7779
2026-03-04 20:38:16,508 - utils.logger2026-03-04-20.37.09 - INFO - Cur epoch 16 loss TA:0.7800 TV:0.7566 VA:1.5392 CE:0.5683
2026-03-04 20:38:17,524 - utils.logger2026-03-04-20.37.09 - INFO - Cur epoch 16 loss TA:0.7916 TV:0.8192 VA:1.5999 CE:0.6121
2026-03-04 20:38:18,358 - utils.logger2026-03-04-20.37.09 - INFO - saving the model at the end of epoch 16, iters 448
2026-03-04 20:38:18,519 - utils.logger2026-03-04-20.37.09 - INFO - End of training epoch 16 / 40 	 Time Taken: 3 sec
2026-03-04 20:38:18,519 - utils.logger2026-03-04-20.37.09 - INFO - learning rate = 0.0002000
2026-03-04 20:38:19,042 - utils.logger2026-03-04-20.37.09 - INFO - Val result of epoch 16 / 40 acc 0.7812 MAE 0.6309 f1 0.7853
2026-03-04 20:38:19,619 - utils.logger2026-03-04-20.37.09 - INFO - Tst result of epoch 16 / 40 acc 0.7812 MAE 0.6309 f1 0.7853
2026-03-04 20:38:20,163 - utils.logger2026-03-04-20.37.09 - INFO - Cur epoch 17 loss TA:0.7983 TV:0.8015 VA:1.5639 CE:0.7696
2026-03-04 20:38:21,080 - utils.logger2026-03-04-20.37.09 - INFO - Cur epoch 17 loss TA:0.7727 TV:0.7695 VA:1.5475 CE:0.7134
2026-03-04 20:38:21,980 - utils.logger2026-03-04-20.37.09 - INFO - Cur epoch 17 loss TA:0.7771 TV:0.7808 VA:1.4987 CE:0.5064
2026-03-04 20:38:22,571 - utils.logger2026-03-04-20.37.09 - INFO - saving the model at the end of epoch 17, iters 476
2026-03-04 20:38:22,724 - utils.logger2026-03-04-20.37.09 - INFO - End of training epoch 17 / 40 	 Time Taken: 3 sec
2026-03-04 20:38:22,724 - utils.logger2026-03-04-20.37.09 - INFO - learning rate = 0.0002000
2026-03-04 20:38:23,259 - utils.logger2026-03-04-20.37.09 - INFO - Val result of epoch 17 / 40 acc 0.7723 MAE 0.6371 f1 0.7826
2026-03-04 20:38:23,819 - utils.logger2026-03-04-20.37.09 - INFO - Tst result of epoch 17 / 40 acc 0.7723 MAE 0.6371 f1 0.7826
2026-03-04 20:38:24,488 - utils.logger2026-03-04-20.37.09 - INFO - Cur epoch 18 loss TA:0.7666 TV:0.7826 VA:1.4988 CE:0.6144
2026-03-04 20:38:25,416 - utils.logger2026-03-04-20.37.09 - INFO - Cur epoch 18 loss TA:0.7925 TV:0.8036 VA:1.5553 CE:0.5448
2026-03-04 20:38:26,431 - utils.logger2026-03-04-20.37.09 - INFO - Cur epoch 18 loss TA:0.7681 TV:0.7831 VA:1.5042 CE:0.5695
2026-03-04 20:38:26,870 - utils.logger2026-03-04-20.37.09 - INFO - saving the model at the end of epoch 18, iters 504
2026-03-04 20:38:27,036 - utils.logger2026-03-04-20.37.09 - INFO - End of training epoch 18 / 40 	 Time Taken: 3 sec
2026-03-04 20:38:27,037 - utils.logger2026-03-04-20.37.09 - INFO - learning rate = 0.0002000
2026-03-04 20:38:27,589 - utils.logger2026-03-04-20.37.09 - INFO - Val result of epoch 18 / 40 acc 0.7723 MAE 0.6375 f1 0.7767
2026-03-04 20:38:28,112 - utils.logger2026-03-04-20.37.09 - INFO - Tst result of epoch 18 / 40 acc 0.7723 MAE 0.6375 f1 0.7767
2026-03-04 20:38:29,037 - utils.logger2026-03-04-20.37.09 - INFO - Cur epoch 19 loss TA:0.7689 TV:0.7451 VA:1.4701 CE:0.6344
2026-03-04 20:38:29,956 - utils.logger2026-03-04-20.37.09 - INFO - Cur epoch 19 loss TA:0.7696 TV:0.7640 VA:1.5318 CE:0.4983
2026-03-04 20:38:30,945 - utils.logger2026-03-04-20.37.09 - INFO - Cur epoch 19 loss TA:0.7626 TV:0.7568 VA:1.5275 CE:0.4682
2026-03-04 20:38:31,198 - utils.logger2026-03-04-20.37.09 - INFO - saving the model at the end of epoch 19, iters 532
2026-03-04 20:38:31,363 - utils.logger2026-03-04-20.37.09 - INFO - End of training epoch 19 / 40 	 Time Taken: 3 sec
2026-03-04 20:38:31,363 - utils.logger2026-03-04-20.37.09 - INFO - learning rate = 0.0002000
2026-03-04 20:38:31,883 - utils.logger2026-03-04-20.37.09 - INFO - Val result of epoch 19 / 40 acc 0.7946 MAE 0.6443 f1 0.7967
2026-03-04 20:38:32,378 - utils.logger2026-03-04-20.37.09 - INFO - Tst result of epoch 19 / 40 acc 0.7946 MAE 0.6443 f1 0.7967
2026-03-04 20:38:33,482 - utils.logger2026-03-04-20.37.09 - INFO - Cur epoch 20 loss TA:0.7745 TV:0.7682 VA:1.5017 CE:0.4558
2026-03-04 20:38:34,381 - utils.logger2026-03-04-20.37.09 - INFO - Cur epoch 20 loss TA:0.7708 TV:0.7724 VA:1.5273 CE:0.5333
2026-03-04 20:38:35,227 - utils.logger2026-03-04-20.37.09 - INFO - Cur epoch 20 loss TA:0.4554 TV:0.4410 VA:0.9345 CE:0.4477
2026-03-04 20:38:35,276 - utils.logger2026-03-04-20.37.09 - INFO - saving the model at the end of epoch 20, iters 560
2026-03-04 20:38:35,411 - utils.logger2026-03-04-20.37.09 - INFO - End of training epoch 20 / 40 	 Time Taken: 3 sec
2026-03-04 20:38:35,411 - utils.logger2026-03-04-20.37.09 - INFO - learning rate = 0.0002000
2026-03-04 20:38:35,921 - utils.logger2026-03-04-20.37.09 - INFO - Val result of epoch 20 / 40 acc 0.7991 MAE 0.6557 f1 0.8061
2026-03-04 20:38:36,429 - utils.logger2026-03-04-20.37.09 - INFO - Tst result of epoch 20 / 40 acc 0.7991 MAE 0.6557 f1 0.8061
2026-03-04 20:38:37,568 - utils.logger2026-03-04-20.37.09 - INFO - Cur epoch 21 loss TA:0.7712 TV:0.7930 VA:1.5618 CE:0.5259
2026-03-04 20:38:38,435 - utils.logger2026-03-04-20.37.09 - INFO - Cur epoch 21 loss TA:0.7506 TV:0.7458 VA:1.4671 CE:0.5171
2026-03-04 20:38:39,218 - utils.logger2026-03-04-20.37.09 - INFO - saving the model at the end of epoch 21, iters 588
2026-03-04 20:38:39,356 - utils.logger2026-03-04-20.37.09 - INFO - End of training epoch 21 / 40 	 Time Taken: 2 sec
2026-03-04 20:38:39,356 - utils.logger2026-03-04-20.37.09 - INFO - learning rate = 0.0002000
2026-03-04 20:38:39,877 - utils.logger2026-03-04-20.37.09 - INFO - Val result of epoch 21 / 40 acc 0.7812 MAE 0.6384 f1 0.7916
2026-03-04 20:38:40,423 - utils.logger2026-03-04-20.37.09 - INFO - Tst result of epoch 21 / 40 acc 0.7812 MAE 0.6384 f1 0.7916
2026-03-04 20:38:40,988 - utils.logger2026-03-04-20.37.09 - INFO - Cur epoch 22 loss TA:0.7609 TV:0.7648 VA:1.4535 CE:0.4973
2026-03-04 20:38:42,018 - utils.logger2026-03-04-20.37.09 - INFO - Cur epoch 22 loss TA:0.7062 TV:0.7178 VA:1.4193 CE:0.5291
2026-03-04 20:38:43,014 - utils.logger2026-03-04-20.37.09 - INFO - Cur epoch 22 loss TA:0.7613 TV:0.7727 VA:1.4434 CE:0.6009
2026-03-04 20:38:43,690 - utils.logger2026-03-04-20.37.09 - INFO - saving the model at the end of epoch 22, iters 616
2026-03-04 20:38:43,838 - utils.logger2026-03-04-20.37.09 - INFO - End of training epoch 22 / 40 	 Time Taken: 3 sec
2026-03-04 20:38:43,838 - utils.logger2026-03-04-20.37.09 - INFO - learning rate = 0.0002000
2026-03-04 20:38:44,404 - utils.logger2026-03-04-20.37.09 - INFO - Val result of epoch 22 / 40 acc 0.7812 MAE 0.6443 f1 0.7874
2026-03-04 20:38:44,952 - utils.logger2026-03-04-20.37.09 - INFO - Tst result of epoch 22 / 40 acc 0.7812 MAE 0.6443 f1 0.7874
2026-03-04 20:38:45,717 - utils.logger2026-03-04-20.37.09 - INFO - Cur epoch 23 loss TA:0.7306 TV:0.7351 VA:1.4996 CE:0.5685
2026-03-04 20:38:46,706 - utils.logger2026-03-04-20.37.09 - INFO - Cur epoch 23 loss TA:0.7275 TV:0.7395 VA:1.4491 CE:0.4136
2026-03-04 20:38:47,701 - utils.logger2026-03-04-20.37.09 - INFO - Cur epoch 23 loss TA:0.6981 TV:0.6982 VA:1.4322 CE:0.3734
2026-03-04 20:38:48,139 - utils.logger2026-03-04-20.37.09 - INFO - saving the model at the end of epoch 23, iters 644
2026-03-04 20:38:48,285 - utils.logger2026-03-04-20.37.09 - INFO - End of training epoch 23 / 40 	 Time Taken: 3 sec
2026-03-04 20:38:48,286 - utils.logger2026-03-04-20.37.09 - INFO - learning rate = 0.0002000
2026-03-04 20:38:48,800 - utils.logger2026-03-04-20.37.09 - INFO - Val result of epoch 23 / 40 acc 0.7812 MAE 0.6552 f1 0.7885
2026-03-04 20:38:49,394 - utils.logger2026-03-04-20.37.09 - INFO - Tst result of epoch 23 / 40 acc 0.7812 MAE 0.6552 f1 0.7885
2026-03-04 20:38:50,365 - utils.logger2026-03-04-20.37.09 - INFO - Cur epoch 24 loss TA:0.7078 TV:0.7221 VA:1.4951 CE:0.3389
2026-03-04 20:38:51,323 - utils.logger2026-03-04-20.37.09 - INFO - Cur epoch 24 loss TA:0.6860 TV:0.7023 VA:1.4189 CE:0.3857
2026-03-04 20:38:52,366 - utils.logger2026-03-04-20.37.09 - INFO - Cur epoch 24 loss TA:0.7066 TV:0.7217 VA:1.3899 CE:0.2805
2026-03-04 20:38:52,633 - utils.logger2026-03-04-20.37.09 - INFO - saving the model at the end of epoch 24, iters 672
2026-03-04 20:38:52,783 - utils.logger2026-03-04-20.37.09 - INFO - End of training epoch 24 / 40 	 Time Taken: 3 sec
2026-03-04 20:38:52,783 - utils.logger2026-03-04-20.37.09 - INFO - learning rate = 0.0002000
2026-03-04 20:38:53,300 - utils.logger2026-03-04-20.37.09 - INFO - Val result of epoch 24 / 40 acc 0.7723 MAE 0.6455 f1 0.7823
2026-03-04 20:38:53,795 - utils.logger2026-03-04-20.37.09 - INFO - Tst result of epoch 24 / 40 acc 0.7723 MAE 0.6455 f1 0.7823
2026-03-04 20:38:54,834 - utils.logger2026-03-04-20.37.09 - INFO - Cur epoch 25 loss TA:0.7212 TV:0.7296 VA:1.4533 CE:0.4256
2026-03-04 20:38:55,794 - utils.logger2026-03-04-20.37.09 - INFO - Cur epoch 25 loss TA:0.7063 TV:0.7024 VA:1.3387 CE:0.4838
2026-03-04 20:38:56,767 - utils.logger2026-03-04-20.37.09 - INFO - Cur epoch 25 loss TA:0.4128 TV:0.4324 VA:0.8556 CE:0.1715
2026-03-04 20:38:56,844 - utils.logger2026-03-04-20.37.09 - INFO - saving the model at the end of epoch 25, iters 700
2026-03-04 20:38:57,010 - utils.logger2026-03-04-20.37.09 - INFO - End of training epoch 25 / 40 	 Time Taken: 3 sec
2026-03-04 20:38:57,010 - utils.logger2026-03-04-20.37.09 - INFO - learning rate = 0.0002000
2026-03-04 20:38:57,551 - utils.logger2026-03-04-20.37.09 - INFO - Val result of epoch 25 / 40 acc 0.7857 MAE 0.6576 f1 0.7929
2026-03-04 20:38:58,095 - utils.logger2026-03-04-20.37.09 - INFO - Tst result of epoch 25 / 40 acc 0.7857 MAE 0.6576 f1 0.7929
2026-03-04 20:38:59,423 - utils.logger2026-03-04-20.37.09 - INFO - Cur epoch 26 loss TA:0.7201 TV:0.6869 VA:1.3822 CE:0.3982
2026-03-04 20:39:00,354 - utils.logger2026-03-04-20.37.09 - INFO - Cur epoch 26 loss TA:0.6614 TV:0.6844 VA:1.3606 CE:0.3003
2026-03-04 20:39:01,188 - utils.logger2026-03-04-20.37.09 - INFO - saving the model at the end of epoch 26, iters 728
2026-03-04 20:39:01,352 - utils.logger2026-03-04-20.37.09 - INFO - End of training epoch 26 / 40 	 Time Taken: 3 sec
2026-03-04 20:39:01,352 - utils.logger2026-03-04-20.37.09 - INFO - learning rate = 0.0002000
2026-03-04 20:39:01,944 - utils.logger2026-03-04-20.37.09 - INFO - Val result of epoch 26 / 40 acc 0.8080 MAE 0.6773 f1 0.8158
2026-03-04 20:39:02,516 - utils.logger2026-03-04-20.37.09 - INFO - Tst result of epoch 26 / 40 acc 0.8080 MAE 0.6773 f1 0.8158
2026-03-04 20:39:03,042 - utils.logger2026-03-04-20.37.09 - INFO - Cur epoch 27 loss TA:0.7121 TV:0.7006 VA:1.4201 CE:0.4381
2026-03-04 20:39:04,041 - utils.logger2026-03-04-20.37.09 - INFO - Cur epoch 27 loss TA:0.7057 TV:0.7031 VA:1.3877 CE:0.2636
2026-03-04 20:39:04,986 - utils.logger2026-03-04-20.37.09 - INFO - Cur epoch 27 loss TA:0.6734 TV:0.6867 VA:1.3347 CE:0.3562
2026-03-04 20:39:05,609 - utils.logger2026-03-04-20.37.09 - INFO - saving the model at the end of epoch 27, iters 756
2026-03-04 20:39:05,771 - utils.logger2026-03-04-20.37.09 - INFO - End of training epoch 27 / 40 	 Time Taken: 3 sec
2026-03-04 20:39:05,771 - utils.logger2026-03-04-20.37.09 - INFO - learning rate = 0.0002000
2026-03-04 20:39:06,301 - utils.logger2026-03-04-20.37.09 - INFO - Val result of epoch 27 / 40 acc 0.7902 MAE 0.6600 f1 0.7963
2026-03-04 20:39:06,777 - utils.logger2026-03-04-20.37.09 - INFO - Tst result of epoch 27 / 40 acc 0.7902 MAE 0.6600 f1 0.7963
2026-03-04 20:39:07,515 - utils.logger2026-03-04-20.37.09 - INFO - Cur epoch 28 loss TA:0.7113 TV:0.7125 VA:1.3332 CE:0.3340
2026-03-04 20:39:08,452 - utils.logger2026-03-04-20.37.09 - INFO - Cur epoch 28 loss TA:0.6927 TV:0.7074 VA:1.4551 CE:0.3311
2026-03-04 20:39:09,294 - utils.logger2026-03-04-20.37.09 - INFO - Cur epoch 28 loss TA:0.6787 TV:0.6902 VA:1.3682 CE:0.4818
2026-03-04 20:39:09,718 - utils.logger2026-03-04-20.37.09 - INFO - saving the model at the end of epoch 28, iters 784
2026-03-04 20:39:09,873 - utils.logger2026-03-04-20.37.09 - INFO - End of training epoch 28 / 40 	 Time Taken: 3 sec
2026-03-04 20:39:09,873 - utils.logger2026-03-04-20.37.09 - INFO - learning rate = 0.0002000
2026-03-04 20:39:10,400 - utils.logger2026-03-04-20.37.09 - INFO - Val result of epoch 28 / 40 acc 0.7812 MAE 0.6548 f1 0.7870
2026-03-04 20:39:10,946 - utils.logger2026-03-04-20.37.09 - INFO - Tst result of epoch 28 / 40 acc 0.7812 MAE 0.6548 f1 0.7870
2026-03-04 20:39:11,879 - utils.logger2026-03-04-20.37.09 - INFO - Cur epoch 29 loss TA:0.6936 TV:0.6916 VA:1.4301 CE:0.2966
2026-03-04 20:39:12,703 - utils.logger2026-03-04-20.37.09 - INFO - Cur epoch 29 loss TA:0.6928 TV:0.7083 VA:1.4238 CE:0.4146
2026-03-04 20:39:13,462 - utils.logger2026-03-04-20.37.09 - INFO - Cur epoch 29 loss TA:0.7096 TV:0.7234 VA:1.3697 CE:0.4158
2026-03-04 20:39:13,651 - utils.logger2026-03-04-20.37.09 - INFO - saving the model at the end of epoch 29, iters 812
2026-03-04 20:39:13,787 - utils.logger2026-03-04-20.37.09 - INFO - End of training epoch 29 / 40 	 Time Taken: 2 sec
2026-03-04 20:39:13,788 - utils.logger2026-03-04-20.37.09 - INFO - learning rate = 0.0002000
2026-03-04 20:39:14,262 - utils.logger2026-03-04-20.37.09 - INFO - Val result of epoch 29 / 40 acc 0.7857 MAE 0.6654 f1 0.7916
2026-03-04 20:39:14,756 - utils.logger2026-03-04-20.37.09 - INFO - Tst result of epoch 29 / 40 acc 0.7857 MAE 0.6654 f1 0.7916
2026-03-04 20:39:15,807 - utils.logger2026-03-04-20.37.09 - INFO - Cur epoch 30 loss TA:0.6865 TV:0.6871 VA:1.3747 CE:0.4199
2026-03-04 20:39:16,632 - utils.logger2026-03-04-20.37.09 - INFO - Cur epoch 30 loss TA:0.6894 TV:0.6907 VA:1.3868 CE:0.3190
2026-03-04 20:39:17,501 - utils.logger2026-03-04-20.37.09 - INFO - Cur epoch 30 loss TA:0.4011 TV:0.4064 VA:0.7886 CE:0.5553
2026-03-04 20:39:17,553 - utils.logger2026-03-04-20.37.09 - INFO - saving the model at the end of epoch 30, iters 840
2026-03-04 20:39:17,699 - utils.logger2026-03-04-20.37.09 - INFO - End of training epoch 30 / 40 	 Time Taken: 2 sec
2026-03-04 20:39:17,700 - utils.logger2026-03-04-20.37.09 - INFO - learning rate = 0.0001818
2026-03-04 20:39:18,220 - utils.logger2026-03-04-20.37.09 - INFO - Val result of epoch 30 / 40 acc 0.7902 MAE 0.6609 f1 0.7962
2026-03-04 20:39:18,708 - utils.logger2026-03-04-20.37.09 - INFO - Tst result of epoch 30 / 40 acc 0.7902 MAE 0.6609 f1 0.7962
2026-03-04 20:39:19,981 - utils.logger2026-03-04-20.37.09 - INFO - Cur epoch 31 loss TA:0.6635 TV:0.6431 VA:1.3669 CE:0.3390
2026-03-04 20:39:20,949 - utils.logger2026-03-04-20.37.09 - INFO - Cur epoch 31 loss TA:0.6547 TV:0.6613 VA:1.3276 CE:0.3446
2026-03-04 20:39:21,779 - utils.logger2026-03-04-20.37.09 - INFO - saving the model at the end of epoch 31, iters 868
2026-03-04 20:39:21,933 - utils.logger2026-03-04-20.37.09 - INFO - End of training epoch 31 / 40 	 Time Taken: 3 sec
2026-03-04 20:39:21,933 - utils.logger2026-03-04-20.37.09 - INFO - learning rate = 0.0001636
2026-03-04 20:39:22,515 - utils.logger2026-03-04-20.37.09 - INFO - Val result of epoch 31 / 40 acc 0.7991 MAE 0.6692 f1 0.8058
2026-03-04 20:39:23,048 - utils.logger2026-03-04-20.37.09 - INFO - Tst result of epoch 31 / 40 acc 0.7991 MAE 0.6692 f1 0.8058
2026-03-04 20:39:23,629 - utils.logger2026-03-04-20.37.09 - INFO - Cur epoch 32 loss TA:0.6428 TV:0.6603 VA:1.2880 CE:0.2907
2026-03-04 20:39:24,617 - utils.logger2026-03-04-20.37.09 - INFO - Cur epoch 32 loss TA:0.6961 TV:0.6859 VA:1.3596 CE:0.3014
2026-03-04 20:39:25,573 - utils.logger2026-03-04-20.37.09 - INFO - Cur epoch 32 loss TA:0.6526 TV:0.6683 VA:1.3289 CE:0.3469
2026-03-04 20:39:26,192 - utils.logger2026-03-04-20.37.09 - INFO - saving the model at the end of epoch 32, iters 896
2026-03-04 20:39:26,340 - utils.logger2026-03-04-20.37.09 - INFO - End of training epoch 32 / 40 	 Time Taken: 3 sec
2026-03-04 20:39:26,340 - utils.logger2026-03-04-20.37.09 - INFO - learning rate = 0.0001455
2026-03-04 20:39:26,914 - utils.logger2026-03-04-20.37.09 - INFO - Val result of epoch 32 / 40 acc 0.7902 MAE 0.6671 f1 0.7963
2026-03-04 20:39:27,440 - utils.logger2026-03-04-20.37.09 - INFO - Tst result of epoch 32 / 40 acc 0.7902 MAE 0.6671 f1 0.7963
2026-03-04 20:39:28,162 - utils.logger2026-03-04-20.37.09 - INFO - Cur epoch 33 loss TA:0.6634 TV:0.6548 VA:1.2983 CE:0.3618
2026-03-04 20:39:29,135 - utils.logger2026-03-04-20.37.09 - INFO - Cur epoch 33 loss TA:0.6838 TV:0.6609 VA:1.4142 CE:0.3168
2026-03-04 20:39:30,074 - utils.logger2026-03-04-20.37.09 - INFO - Cur epoch 33 loss TA:0.6468 TV:0.6650 VA:1.3462 CE:0.2205
2026-03-04 20:39:30,544 - utils.logger2026-03-04-20.37.09 - INFO - saving the model at the end of epoch 33, iters 924
2026-03-04 20:39:30,704 - utils.logger2026-03-04-20.37.09 - INFO - End of training epoch 33 / 40 	 Time Taken: 3 sec
2026-03-04 20:39:30,704 - utils.logger2026-03-04-20.37.09 - INFO - learning rate = 0.0001273
2026-03-04 20:39:31,258 - utils.logger2026-03-04-20.37.09 - INFO - Val result of epoch 33 / 40 acc 0.7857 MAE 0.6687 f1 0.7921
2026-03-04 20:39:31,770 - utils.logger2026-03-04-20.37.09 - INFO - Tst result of epoch 33 / 40 acc 0.7857 MAE 0.6687 f1 0.7921
2026-03-04 20:39:32,638 - utils.logger2026-03-04-20.37.09 - INFO - Cur epoch 34 loss TA:0.6285 TV:0.6248 VA:1.2668 CE:0.2633
2026-03-04 20:39:33,545 - utils.logger2026-03-04-20.37.09 - INFO - Cur epoch 34 loss TA:0.6409 TV:0.6525 VA:1.2776 CE:0.2269
2026-03-04 20:39:34,422 - utils.logger2026-03-04-20.37.09 - INFO - Cur epoch 34 loss TA:0.6269 TV:0.6301 VA:1.2468 CE:0.2804
2026-03-04 20:39:34,645 - utils.logger2026-03-04-20.37.09 - INFO - saving the model at the end of epoch 34, iters 952
2026-03-04 20:39:34,809 - utils.logger2026-03-04-20.37.09 - INFO - End of training epoch 34 / 40 	 Time Taken: 3 sec
2026-03-04 20:39:34,810 - utils.logger2026-03-04-20.37.09 - INFO - learning rate = 0.0001091
2026-03-04 20:39:35,338 - utils.logger2026-03-04-20.37.09 - INFO - Val result of epoch 34 / 40 acc 0.7857 MAE 0.6741 f1 0.7916
2026-03-04 20:39:35,898 - utils.logger2026-03-04-20.37.09 - INFO - Tst result of epoch 34 / 40 acc 0.7857 MAE 0.6741 f1 0.7916
2026-03-04 20:39:36,884 - utils.logger2026-03-04-20.37.09 - INFO - Cur epoch 35 loss TA:0.6397 TV:0.6370 VA:1.2955 CE:0.2419
2026-03-04 20:39:37,748 - utils.logger2026-03-04-20.37.09 - INFO - Cur epoch 35 loss TA:0.6439 TV:0.6517 VA:1.2813 CE:0.4043
2026-03-04 20:39:38,597 - utils.logger2026-03-04-20.37.09 - INFO - Cur epoch 35 loss TA:0.3741 TV:0.3739 VA:0.7388 CE:0.3163
2026-03-04 20:39:38,653 - utils.logger2026-03-04-20.37.09 - INFO - saving the model at the end of epoch 35, iters 980
2026-03-04 20:39:38,827 - utils.logger2026-03-04-20.37.09 - INFO - End of training epoch 35 / 40 	 Time Taken: 2 sec
2026-03-04 20:39:38,827 - utils.logger2026-03-04-20.37.09 - INFO - learning rate = 0.0000909
2026-03-04 20:39:39,385 - utils.logger2026-03-04-20.37.09 - INFO - Val result of epoch 35 / 40 acc 0.8080 MAE 0.6764 f1 0.8151
2026-03-04 20:39:39,936 - utils.logger2026-03-04-20.37.09 - INFO - Tst result of epoch 35 / 40 acc 0.8080 MAE 0.6764 f1 0.8151
2026-03-04 20:39:41,314 - utils.logger2026-03-04-20.37.09 - INFO - Cur epoch 36 loss TA:0.6498 TV:0.6578 VA:1.2907 CE:0.2497
2026-03-04 20:39:42,279 - utils.logger2026-03-04-20.37.09 - INFO - Cur epoch 36 loss TA:0.6568 TV:0.6789 VA:1.3152 CE:0.2402
2026-03-04 20:39:43,060 - utils.logger2026-03-04-20.37.09 - INFO - saving the model at the end of epoch 36, iters 1008
2026-03-04 20:39:43,211 - utils.logger2026-03-04-20.37.09 - INFO - End of training epoch 36 / 40 	 Time Taken: 3 sec
2026-03-04 20:39:43,211 - utils.logger2026-03-04-20.37.09 - INFO - learning rate = 0.0000727
2026-03-04 20:39:43,732 - utils.logger2026-03-04-20.37.09 - INFO - Val result of epoch 36 / 40 acc 0.7857 MAE 0.6683 f1 0.7917
2026-03-04 20:39:44,282 - utils.logger2026-03-04-20.37.09 - INFO - Tst result of epoch 36 / 40 acc 0.7857 MAE 0.6683 f1 0.7917
2026-03-04 20:39:44,840 - utils.logger2026-03-04-20.37.09 - INFO - Cur epoch 37 loss TA:0.6553 TV:0.6476 VA:1.3069 CE:0.2691
2026-03-04 20:39:45,739 - utils.logger2026-03-04-20.37.09 - INFO - Cur epoch 37 loss TA:0.6233 TV:0.6152 VA:1.2389 CE:0.2704
2026-03-04 20:39:46,697 - utils.logger2026-03-04-20.37.09 - INFO - Cur epoch 37 loss TA:0.5717 TV:0.5889 VA:1.1830 CE:0.3395
2026-03-04 20:39:47,272 - utils.logger2026-03-04-20.37.09 - INFO - saving the model at the end of epoch 37, iters 1036
2026-03-04 20:39:47,413 - utils.logger2026-03-04-20.37.09 - INFO - End of training epoch 37 / 40 	 Time Taken: 3 sec
2026-03-04 20:39:47,413 - utils.logger2026-03-04-20.37.09 - INFO - learning rate = 0.0000545
2026-03-04 20:39:47,969 - utils.logger2026-03-04-20.37.09 - INFO - Val result of epoch 37 / 40 acc 0.7857 MAE 0.6685 f1 0.7917
2026-03-04 20:39:48,485 - utils.logger2026-03-04-20.37.09 - INFO - Tst result of epoch 37 / 40 acc 0.7857 MAE 0.6685 f1 0.7917
2026-03-04 20:39:49,153 - utils.logger2026-03-04-20.37.09 - INFO - Cur epoch 38 loss TA:0.6182 TV:0.6408 VA:1.2678 CE:0.3786
2026-03-04 20:39:50,100 - utils.logger2026-03-04-20.37.09 - INFO - Cur epoch 38 loss TA:0.6203 TV:0.6254 VA:1.2844 CE:0.2423
2026-03-04 20:39:51,097 - utils.logger2026-03-04-20.37.09 - INFO - Cur epoch 38 loss TA:0.5987 TV:0.5975 VA:1.1882 CE:0.2559
2026-03-04 20:39:51,487 - utils.logger2026-03-04-20.37.09 - INFO - saving the model at the end of epoch 38, iters 1064
2026-03-04 20:39:51,646 - utils.logger2026-03-04-20.37.09 - INFO - End of training epoch 38 / 40 	 Time Taken: 3 sec
2026-03-04 20:39:51,647 - utils.logger2026-03-04-20.37.09 - INFO - learning rate = 0.0000364
2026-03-04 20:39:52,179 - utils.logger2026-03-04-20.37.09 - INFO - Val result of epoch 38 / 40 acc 0.7946 MAE 0.6689 f1 0.8010
2026-03-04 20:39:52,688 - utils.logger2026-03-04-20.37.09 - INFO - Tst result of epoch 38 / 40 acc 0.7946 MAE 0.6689 f1 0.8010
2026-03-04 20:39:53,541 - utils.logger2026-03-04-20.37.09 - INFO - Cur epoch 39 loss TA:0.5873 TV:0.5942 VA:1.2241 CE:0.1905
2026-03-04 20:39:54,341 - utils.logger2026-03-04-20.37.09 - INFO - Cur epoch 39 loss TA:0.6053 TV:0.6234 VA:1.2472 CE:0.1792
2026-03-04 20:39:55,179 - utils.logger2026-03-04-20.37.09 - INFO - Cur epoch 39 loss TA:0.5976 TV:0.6056 VA:1.2213 CE:0.2545
2026-03-04 20:39:55,420 - utils.logger2026-03-04-20.37.09 - INFO - saving the model at the end of epoch 39, iters 1092
2026-03-04 20:39:55,605 - utils.logger2026-03-04-20.37.09 - INFO - End of training epoch 39 / 40 	 Time Taken: 2 sec
2026-03-04 20:39:55,605 - utils.logger2026-03-04-20.37.09 - INFO - learning rate = 0.0000182
2026-03-04 20:39:56,135 - utils.logger2026-03-04-20.37.09 - INFO - Val result of epoch 39 / 40 acc 0.7857 MAE 0.6714 f1 0.7916
2026-03-04 20:39:56,724 - utils.logger2026-03-04-20.37.09 - INFO - Tst result of epoch 39 / 40 acc 0.7857 MAE 0.6714 f1 0.7916
2026-03-04 20:39:57,781 - utils.logger2026-03-04-20.37.09 - INFO - Cur epoch 40 loss TA:0.6267 TV:0.6263 VA:1.2475 CE:0.2386
2026-03-04 20:39:58,646 - utils.logger2026-03-04-20.37.09 - INFO - Cur epoch 40 loss TA:0.6334 TV:0.6473 VA:1.3100 CE:0.2405
2026-03-04 20:39:59,576 - utils.logger2026-03-04-20.37.09 - INFO - Cur epoch 40 loss TA:0.3084 TV:0.3119 VA:0.6656 CE:0.1799
2026-03-04 20:39:59,642 - utils.logger2026-03-04-20.37.09 - INFO - saving the model at the end of epoch 40, iters 1120
2026-03-04 20:39:59,801 - utils.logger2026-03-04-20.37.09 - INFO - End of training epoch 40 / 40 	 Time Taken: 3 sec
2026-03-04 20:39:59,801 - utils.logger2026-03-04-20.37.09 - INFO - learning rate = 0.0000000
2026-03-04 20:40:00,323 - utils.logger2026-03-04-20.37.09 - INFO - Val result of epoch 40 / 40 acc 0.7857 MAE 0.6712 f1 0.7916
2026-03-04 20:40:00,846 - utils.logger2026-03-04-20.37.09 - INFO - Tst result of epoch 40 / 40 acc 0.7857 MAE 0.6712 f1 0.7916
2026-03-04 20:40:00,846 - utils.logger2026-03-04-20.37.09 - INFO - Best eval epoch 26 found with f1 0.815776
