2026-03-09 14:58:18,792 - utils.logger2026-03-09-14.58.13 - INFO - The number of training samples = 1750
2026-03-09 14:58:18,792 - utils.logger2026-03-09-14.58.13 - INFO - The number of testing samples = 1344
2026-03-09 14:58:22,165 - utils.logger2026-03-09-14.58.13 - INFO - Cur epoch 1 loss CE:1.8277 mse:1.0219 consistent:3.1029
2026-03-09 14:58:22,799 - utils.logger2026-03-09-14.58.13 - INFO - Cur epoch 1 loss CE:2.9869 mse:0.6848 consistent:3.1408
2026-03-09 14:58:23,454 - utils.logger2026-03-09-14.58.13 - INFO - saving the model at the end of epoch 1, iters 28
2026-03-09 14:58:24,020 - utils.logger2026-03-09-14.58.13 - INFO - End of training epoch 1 / 40 	 Time Taken: 4 sec
2026-03-09 14:58:24,020 - utils.logger2026-03-09-14.58.13 - INFO - learning rate = 0.0002000
2026-03-09 14:58:26,061 - utils.logger2026-03-09-14.58.13 - INFO - Val result of epoch 1 / 40 mae 1.2440 corr 0.4640 f1 0.6277
2026-03-09 14:58:28,047 - utils.logger2026-03-09-14.58.13 - INFO - Tst result of epoch 1 / 40 mae 1.1101 corr 0.4213 f1 0.6205
2026-03-09 14:58:29,340 - utils.logger2026-03-09-14.58.13 - INFO - Cur epoch 2 loss CE:2.2948 mse:0.5941 consistent:2.9115
2026-03-09 14:58:30,133 - utils.logger2026-03-09-14.58.13 - INFO - Cur epoch 2 loss CE:1.6838 mse:0.5190 consistent:2.8786
2026-03-09 14:58:30,817 - utils.logger2026-03-09-14.58.13 - INFO - Cur epoch 2 loss CE:1.7035 mse:0.4292 consistent:2.8135
2026-03-09 14:58:31,356 - utils.logger2026-03-09-14.58.13 - INFO - saving the model at the end of epoch 2, iters 56
2026-03-09 14:58:31,845 - utils.logger2026-03-09-14.58.13 - INFO - End of training epoch 2 / 40 	 Time Taken: 3 sec
2026-03-09 14:58:31,846 - utils.logger2026-03-09-14.58.13 - INFO - learning rate = 0.0002000
2026-03-09 14:58:34,016 - utils.logger2026-03-09-14.58.13 - INFO - Val result of epoch 2 / 40 mae 1.1545 corr 0.4936 f1 0.6659
2026-03-09 14:58:36,193 - utils.logger2026-03-09-14.58.13 - INFO - Tst result of epoch 2 / 40 mae 1.0909 corr 0.4415 f1 0.6293
2026-03-09 14:58:37,755 - utils.logger2026-03-09-14.58.13 - INFO - Cur epoch 3 loss CE:1.5332 mse:0.3810 consistent:2.6678
2026-03-09 14:58:38,399 - utils.logger2026-03-09-14.58.13 - INFO - Cur epoch 3 loss CE:1.9916 mse:0.3849 consistent:2.6018
2026-03-09 14:58:39,068 - utils.logger2026-03-09-14.58.13 - INFO - Cur epoch 3 loss CE:1.8451 mse:0.3583 consistent:2.6617
2026-03-09 14:58:39,554 - utils.logger2026-03-09-14.58.13 - INFO - saving the model at the end of epoch 3, iters 84
2026-03-09 14:58:40,210 - utils.logger2026-03-09-14.58.13 - INFO - End of training epoch 3 / 40 	 Time Taken: 4 sec
2026-03-09 14:58:40,210 - utils.logger2026-03-09-14.58.13 - INFO - learning rate = 0.0002000
2026-03-09 14:58:42,396 - utils.logger2026-03-09-14.58.13 - INFO - Val result of epoch 3 / 40 mae 1.1849 corr 0.4557 f1 0.6431
2026-03-09 14:58:44,521 - utils.logger2026-03-09-14.58.13 - INFO - Tst result of epoch 3 / 40 mae 1.0955 corr 0.4345 f1 0.6384
2026-03-09 14:58:46,210 - utils.logger2026-03-09-14.58.13 - INFO - Cur epoch 4 loss CE:1.2150 mse:0.3083 consistent:2.5023
2026-03-09 14:58:46,914 - utils.logger2026-03-09-14.58.13 - INFO - Cur epoch 4 loss CE:2.1848 mse:0.3718 consistent:2.3476
2026-03-09 14:58:47,570 - utils.logger2026-03-09-14.58.13 - INFO - Cur epoch 4 loss CE:1.6473 mse:0.2958 consistent:2.2611
2026-03-09 14:58:48,065 - utils.logger2026-03-09-14.58.13 - INFO - saving the model at the end of epoch 4, iters 112
2026-03-09 14:58:48,634 - utils.logger2026-03-09-14.58.13 - INFO - End of training epoch 4 / 40 	 Time Taken: 4 sec
2026-03-09 14:58:48,634 - utils.logger2026-03-09-14.58.13 - INFO - learning rate = 0.0002000
2026-03-09 14:58:51,061 - utils.logger2026-03-09-14.58.13 - INFO - Val result of epoch 4 / 40 mae 1.1447 corr 0.4867 f1 0.7011
2026-03-09 14:58:53,169 - utils.logger2026-03-09-14.58.13 - INFO - Tst result of epoch 4 / 40 mae 1.0685 corr 0.4389 f1 0.6844
2026-03-09 14:58:54,546 - utils.logger2026-03-09-14.58.13 - INFO - Cur epoch 5 loss CE:1.5518 mse:0.3432 consistent:2.5195
2026-03-09 14:58:54,991 - utils.logger2026-03-09-14.58.13 - INFO - Cur epoch 5 loss CE:1.5799 mse:0.3099 consistent:2.3423
2026-03-09 14:58:55,628 - utils.logger2026-03-09-14.58.13 - INFO - Cur epoch 5 loss CE:2.2126 mse:0.4642 consistent:2.6895
2026-03-09 14:58:55,948 - utils.logger2026-03-09-14.58.13 - INFO - saving the model at the end of epoch 5, iters 140
2026-03-09 14:58:56,379 - utils.logger2026-03-09-14.58.13 - INFO - End of training epoch 5 / 40 	 Time Taken: 3 sec
2026-03-09 14:58:56,380 - utils.logger2026-03-09-14.58.13 - INFO - learning rate = 0.0002000
2026-03-09 14:58:58,496 - utils.logger2026-03-09-14.58.13 - INFO - Val result of epoch 5 / 40 mae 1.1529 corr 0.4862 f1 0.6531
2026-03-09 14:59:00,932 - utils.logger2026-03-09-14.58.13 - INFO - Tst result of epoch 5 / 40 mae 1.0672 corr 0.4372 f1 0.6461
2026-03-09 14:59:02,877 - utils.logger2026-03-09-14.58.13 - INFO - Cur epoch 6 loss CE:1.5453 mse:0.3340 consistent:2.1638
2026-03-09 14:59:03,631 - utils.logger2026-03-09-14.58.13 - INFO - Cur epoch 6 loss CE:1.5094 mse:0.3108 consistent:2.2464
2026-03-09 14:59:04,415 - utils.logger2026-03-09-14.58.13 - INFO - saving the model at the end of epoch 6, iters 168
2026-03-09 14:59:05,145 - utils.logger2026-03-09-14.58.13 - INFO - End of training epoch 6 / 40 	 Time Taken: 4 sec
2026-03-09 14:59:05,146 - utils.logger2026-03-09-14.58.13 - INFO - learning rate = 0.0002000
2026-03-09 14:59:07,672 - utils.logger2026-03-09-14.58.13 - INFO - Val result of epoch 6 / 40 mae 1.1406 corr 0.4863 f1 0.6852
2026-03-09 14:59:09,834 - utils.logger2026-03-09-14.58.13 - INFO - Tst result of epoch 6 / 40 mae 1.0636 corr 0.4420 f1 0.6935
2026-03-09 14:59:11,184 - utils.logger2026-03-09-14.58.13 - INFO - Cur epoch 7 loss CE:1.5445 mse:0.2926 consistent:2.3529
2026-03-09 14:59:11,851 - utils.logger2026-03-09-14.58.13 - INFO - Cur epoch 7 loss CE:1.7454 mse:0.3835 consistent:2.3266
2026-03-09 14:59:12,537 - utils.logger2026-03-09-14.58.13 - INFO - Cur epoch 7 loss CE:1.9567 mse:0.3073 consistent:1.9810
2026-03-09 14:59:13,150 - utils.logger2026-03-09-14.58.13 - INFO - saving the model at the end of epoch 7, iters 196
2026-03-09 14:59:13,757 - utils.logger2026-03-09-14.58.13 - INFO - End of training epoch 7 / 40 	 Time Taken: 3 sec
2026-03-09 14:59:13,758 - utils.logger2026-03-09-14.58.13 - INFO - learning rate = 0.0002000
2026-03-09 14:59:15,952 - utils.logger2026-03-09-14.58.13 - INFO - Val result of epoch 7 / 40 mae 1.1292 corr 0.4910 f1 0.6957
2026-03-09 14:59:18,107 - utils.logger2026-03-09-14.58.13 - INFO - Tst result of epoch 7 / 40 mae 1.0495 corr 0.4439 f1 0.6680
2026-03-09 14:59:19,952 - utils.logger2026-03-09-14.58.13 - INFO - Cur epoch 8 loss CE:2.0313 mse:0.3226 consistent:2.2200
2026-03-09 14:59:20,683 - utils.logger2026-03-09-14.58.13 - INFO - Cur epoch 8 loss CE:1.0712 mse:0.2503 consistent:1.9866
2026-03-09 14:59:21,355 - utils.logger2026-03-09-14.58.13 - INFO - Cur epoch 8 loss CE:1.9090 mse:0.3374 consistent:2.1511
2026-03-09 14:59:21,821 - utils.logger2026-03-09-14.58.13 - INFO - saving the model at the end of epoch 8, iters 224
2026-03-09 14:59:22,329 - utils.logger2026-03-09-14.58.13 - INFO - End of training epoch 8 / 40 	 Time Taken: 4 sec
2026-03-09 14:59:22,329 - utils.logger2026-03-09-14.58.13 - INFO - learning rate = 0.0002000
2026-03-09 14:59:24,657 - utils.logger2026-03-09-14.58.13 - INFO - Val result of epoch 8 / 40 mae 1.1268 corr 0.4963 f1 0.6896
2026-03-09 14:59:26,795 - utils.logger2026-03-09-14.58.13 - INFO - Tst result of epoch 8 / 40 mae 1.0380 corr 0.4487 f1 0.6691
2026-03-09 14:59:28,394 - utils.logger2026-03-09-14.58.13 - INFO - Cur epoch 9 loss CE:1.5065 mse:0.2505 consistent:1.9996
2026-03-09 14:59:29,207 - utils.logger2026-03-09-14.58.13 - INFO - Cur epoch 9 loss CE:2.0537 mse:0.2727 consistent:2.0020
2026-03-09 14:59:29,882 - utils.logger2026-03-09-14.58.13 - INFO - Cur epoch 9 loss CE:1.5480 mse:0.2839 consistent:1.9429
2026-03-09 14:59:30,219 - utils.logger2026-03-09-14.58.13 - INFO - saving the model at the end of epoch 9, iters 252
2026-03-09 14:59:31,055 - utils.logger2026-03-09-14.58.13 - INFO - End of training epoch 9 / 40 	 Time Taken: 4 sec
2026-03-09 14:59:31,055 - utils.logger2026-03-09-14.58.13 - INFO - learning rate = 0.0002000
2026-03-09 14:59:33,166 - utils.logger2026-03-09-14.58.13 - INFO - Val result of epoch 9 / 40 mae 1.1174 corr 0.4917 f1 0.7014
2026-03-09 14:59:35,302 - utils.logger2026-03-09-14.58.13 - INFO - Tst result of epoch 9 / 40 mae 1.0807 corr 0.4376 f1 0.6955
2026-03-09 14:59:37,172 - utils.logger2026-03-09-14.58.13 - INFO - Cur epoch 10 loss CE:1.9683 mse:0.2957 consistent:2.0512
2026-03-09 14:59:37,849 - utils.logger2026-03-09-14.58.13 - INFO - Cur epoch 10 loss CE:1.6055 mse:0.2893 consistent:2.0688
2026-03-09 14:59:38,645 - utils.logger2026-03-09-14.58.13 - INFO - Cur epoch 10 loss CE:2.3490 mse:0.2866 consistent:2.4092
2026-03-09 14:59:38,884 - utils.logger2026-03-09-14.58.13 - INFO - saving the model at the end of epoch 10, iters 280
2026-03-09 14:59:39,476 - utils.logger2026-03-09-14.58.13 - INFO - End of training epoch 10 / 40 	 Time Taken: 4 sec
2026-03-09 14:59:39,476 - utils.logger2026-03-09-14.58.13 - INFO - learning rate = 0.0002000
2026-03-09 14:59:41,619 - utils.logger2026-03-09-14.58.13 - INFO - Val result of epoch 10 / 40 mae 1.1653 corr 0.4856 f1 0.6430
2026-03-09 14:59:43,829 - utils.logger2026-03-09-14.58.13 - INFO - Tst result of epoch 10 / 40 mae 1.0888 corr 0.4332 f1 0.6273
2026-03-09 14:59:45,864 - utils.logger2026-03-09-14.58.13 - INFO - Cur epoch 11 loss CE:1.8370 mse:0.2667 consistent:1.9416
2026-03-09 14:59:46,544 - utils.logger2026-03-09-14.58.13 - INFO - Cur epoch 11 loss CE:1.8510 mse:0.2678 consistent:1.9424
2026-03-09 14:59:47,254 - utils.logger2026-03-09-14.58.13 - INFO - saving the model at the end of epoch 11, iters 308
2026-03-09 14:59:47,920 - utils.logger2026-03-09-14.58.13 - INFO - End of training epoch 11 / 40 	 Time Taken: 4 sec
2026-03-09 14:59:47,921 - utils.logger2026-03-09-14.58.13 - INFO - learning rate = 0.0002000
2026-03-09 14:59:50,136 - utils.logger2026-03-09-14.58.13 - INFO - Val result of epoch 11 / 40 mae 1.1431 corr 0.4778 f1 0.6301
2026-03-09 14:59:52,370 - utils.logger2026-03-09-14.58.13 - INFO - Tst result of epoch 11 / 40 mae 1.0666 corr 0.4312 f1 0.6214
2026-03-09 14:59:53,961 - utils.logger2026-03-09-14.58.13 - INFO - Cur epoch 12 loss CE:1.4706 mse:0.1873 consistent:1.6778
2026-03-09 14:59:54,680 - utils.logger2026-03-09-14.58.13 - INFO - Cur epoch 12 loss CE:1.7761 mse:0.2579 consistent:1.9208
2026-03-09 14:59:55,299 - utils.logger2026-03-09-14.58.13 - INFO - Cur epoch 12 loss CE:1.1675 mse:0.1980 consistent:1.7847
2026-03-09 14:59:55,881 - utils.logger2026-03-09-14.58.13 - INFO - saving the model at the end of epoch 12, iters 336
2026-03-09 14:59:56,384 - utils.logger2026-03-09-14.58.13 - INFO - End of training epoch 12 / 40 	 Time Taken: 4 sec
2026-03-09 14:59:56,384 - utils.logger2026-03-09-14.58.13 - INFO - learning rate = 0.0002000
2026-03-09 14:59:58,484 - utils.logger2026-03-09-14.58.13 - INFO - Val result of epoch 12 / 40 mae 1.1841 corr 0.4979 f1 0.6288
2026-03-09 15:00:00,583 - utils.logger2026-03-09-14.58.13 - INFO - Tst result of epoch 12 / 40 mae 1.0914 corr 0.4443 f1 0.6201
2026-03-09 15:00:02,120 - utils.logger2026-03-09-14.58.13 - INFO - Cur epoch 13 loss CE:1.2332 mse:0.1925 consistent:1.7732
2026-03-09 15:00:02,790 - utils.logger2026-03-09-14.58.13 - INFO - Cur epoch 13 loss CE:1.4737 mse:0.2005 consistent:1.8078
2026-03-09 15:00:03,461 - utils.logger2026-03-09-14.58.13 - INFO - Cur epoch 13 loss CE:1.6916 mse:0.2406 consistent:1.9188
2026-03-09 15:00:03,927 - utils.logger2026-03-09-14.58.13 - INFO - saving the model at the end of epoch 13, iters 364
2026-03-09 15:00:04,521 - utils.logger2026-03-09-14.58.13 - INFO - End of training epoch 13 / 40 	 Time Taken: 3 sec
2026-03-09 15:00:04,522 - utils.logger2026-03-09-14.58.13 - INFO - learning rate = 0.0002000
2026-03-09 15:00:06,704 - utils.logger2026-03-09-14.58.13 - INFO - Val result of epoch 13 / 40 mae 1.1133 corr 0.4776 f1 0.6868
2026-03-09 15:00:08,875 - utils.logger2026-03-09-14.58.13 - INFO - Tst result of epoch 13 / 40 mae 1.0542 corr 0.4361 f1 0.6854
2026-03-09 15:00:10,388 - utils.logger2026-03-09-14.58.13 - INFO - Cur epoch 14 loss CE:1.6494 mse:0.2068 consistent:1.7446
2026-03-09 15:00:10,961 - utils.logger2026-03-09-14.58.13 - INFO - Cur epoch 14 loss CE:1.4665 mse:0.2107 consistent:1.6577
2026-03-09 15:00:11,559 - utils.logger2026-03-09-14.58.13 - INFO - Cur epoch 14 loss CE:0.9870 mse:0.2108 consistent:1.7242
2026-03-09 15:00:11,807 - utils.logger2026-03-09-14.58.13 - INFO - saving the model at the end of epoch 14, iters 392
2026-03-09 15:00:12,192 - utils.logger2026-03-09-14.58.13 - INFO - End of training epoch 14 / 40 	 Time Taken: 3 sec
2026-03-09 15:00:12,192 - utils.logger2026-03-09-14.58.13 - INFO - learning rate = 0.0002000
2026-03-09 15:00:14,486 - utils.logger2026-03-09-14.58.13 - INFO - Val result of epoch 14 / 40 mae 1.1408 corr 0.4900 f1 0.6520
2026-03-09 15:00:16,987 - utils.logger2026-03-09-14.58.13 - INFO - Tst result of epoch 14 / 40 mae 1.0582 corr 0.4442 f1 0.6335
2026-03-09 15:00:18,934 - utils.logger2026-03-09-14.58.13 - INFO - Cur epoch 15 loss CE:1.7685 mse:0.2215 consistent:1.6845
2026-03-09 15:00:19,746 - utils.logger2026-03-09-14.58.13 - INFO - Cur epoch 15 loss CE:1.3681 mse:0.2255 consistent:1.7492
2026-03-09 15:00:20,509 - utils.logger2026-03-09-14.58.13 - INFO - Cur epoch 15 loss CE:1.1460 mse:0.1810 consistent:1.5732
2026-03-09 15:00:20,738 - utils.logger2026-03-09-14.58.13 - INFO - saving the model at the end of epoch 15, iters 420
2026-03-09 15:00:21,252 - utils.logger2026-03-09-14.58.13 - INFO - End of training epoch 15 / 40 	 Time Taken: 4 sec
2026-03-09 15:00:21,252 - utils.logger2026-03-09-14.58.13 - INFO - learning rate = 0.0002000
2026-03-09 15:00:23,543 - utils.logger2026-03-09-14.58.13 - INFO - Val result of epoch 15 / 40 mae 1.0847 corr 0.4994 f1 0.7056
2026-03-09 15:00:25,617 - utils.logger2026-03-09-14.58.13 - INFO - Tst result of epoch 15 / 40 mae 1.0205 corr 0.4672 f1 0.6928
2026-03-09 15:00:27,474 - utils.logger2026-03-09-14.58.13 - INFO - Cur epoch 16 loss CE:1.3454 mse:0.1902 consistent:1.6156
2026-03-09 15:00:28,113 - utils.logger2026-03-09-14.58.13 - INFO - Cur epoch 16 loss CE:1.6344 mse:0.2026 consistent:1.5408
2026-03-09 15:00:28,868 - utils.logger2026-03-09-14.58.13 - INFO - saving the model at the end of epoch 16, iters 448
2026-03-09 15:00:29,466 - utils.logger2026-03-09-14.58.13 - INFO - End of training epoch 16 / 40 	 Time Taken: 3 sec
2026-03-09 15:00:29,466 - utils.logger2026-03-09-14.58.13 - INFO - learning rate = 0.0002000
2026-03-09 15:00:31,652 - utils.logger2026-03-09-14.58.13 - INFO - Val result of epoch 16 / 40 mae 1.1134 corr 0.5048 f1 0.6754
2026-03-09 15:00:34,062 - utils.logger2026-03-09-14.58.13 - INFO - Tst result of epoch 16 / 40 mae 1.0329 corr 0.4635 f1 0.6552
2026-03-09 15:00:35,427 - utils.logger2026-03-09-14.58.13 - INFO - Cur epoch 17 loss CE:1.1253 mse:0.1761 consistent:1.5472
2026-03-09 15:00:36,075 - utils.logger2026-03-09-14.58.13 - INFO - Cur epoch 17 loss CE:1.2935 mse:0.2193 consistent:1.6068
2026-03-09 15:00:36,737 - utils.logger2026-03-09-14.58.13 - INFO - Cur epoch 17 loss CE:1.5700 mse:0.1976 consistent:1.5779
2026-03-09 15:00:37,354 - utils.logger2026-03-09-14.58.13 - INFO - saving the model at the end of epoch 17, iters 476
2026-03-09 15:00:37,719 - utils.logger2026-03-09-14.58.13 - INFO - End of training epoch 17 / 40 	 Time Taken: 3 sec
2026-03-09 15:00:37,719 - utils.logger2026-03-09-14.58.13 - INFO - learning rate = 0.0002000
2026-03-09 15:00:39,772 - utils.logger2026-03-09-14.58.13 - INFO - Val result of epoch 17 / 40 mae 1.1449 corr 0.4591 f1 0.7024
2026-03-09 15:00:41,834 - utils.logger2026-03-09-14.58.13 - INFO - Tst result of epoch 17 / 40 mae 1.0997 corr 0.4460 f1 0.7069
2026-03-09 15:00:43,268 - utils.logger2026-03-09-14.58.13 - INFO - Cur epoch 18 loss CE:1.6301 mse:0.1869 consistent:1.4119
2026-03-09 15:00:43,987 - utils.logger2026-03-09-14.58.13 - INFO - Cur epoch 18 loss CE:1.2997 mse:0.1879 consistent:1.5060
2026-03-09 15:00:44,792 - utils.logger2026-03-09-14.58.13 - INFO - Cur epoch 18 loss CE:1.3532 mse:0.1867 consistent:1.5179
2026-03-09 15:00:45,299 - utils.logger2026-03-09-14.58.13 - INFO - saving the model at the end of epoch 18, iters 504
2026-03-09 15:00:46,002 - utils.logger2026-03-09-14.58.13 - INFO - End of training epoch 18 / 40 	 Time Taken: 4 sec
2026-03-09 15:00:46,003 - utils.logger2026-03-09-14.58.13 - INFO - learning rate = 0.0002000
2026-03-09 15:00:48,119 - utils.logger2026-03-09-14.58.13 - INFO - Val result of epoch 18 / 40 mae 1.1116 corr 0.4726 f1 0.6708
2026-03-09 15:00:50,497 - utils.logger2026-03-09-14.58.13 - INFO - Tst result of epoch 18 / 40 mae 1.0549 corr 0.4469 f1 0.6764
2026-03-09 15:00:51,978 - utils.logger2026-03-09-14.58.13 - INFO - Cur epoch 19 loss CE:1.1807 mse:0.1961 consistent:1.5844
2026-03-09 15:00:52,647 - utils.logger2026-03-09-14.58.13 - INFO - Cur epoch 19 loss CE:1.5119 mse:0.2268 consistent:1.6507
2026-03-09 15:00:53,324 - utils.logger2026-03-09-14.58.13 - INFO - Cur epoch 19 loss CE:1.0519 mse:0.2090 consistent:1.5429
2026-03-09 15:00:53,626 - utils.logger2026-03-09-14.58.13 - INFO - saving the model at the end of epoch 19, iters 532
2026-03-09 15:00:54,522 - utils.logger2026-03-09-14.58.13 - INFO - End of training epoch 19 / 40 	 Time Taken: 4 sec
2026-03-09 15:00:54,522 - utils.logger2026-03-09-14.58.13 - INFO - learning rate = 0.0002000
2026-03-09 15:00:56,841 - utils.logger2026-03-09-14.58.13 - INFO - Val result of epoch 19 / 40 mae 1.1608 corr 0.4858 f1 0.6353
2026-03-09 15:00:59,315 - utils.logger2026-03-09-14.58.13 - INFO - Tst result of epoch 19 / 40 mae 1.0877 corr 0.4447 f1 0.6292
2026-03-09 15:01:01,066 - utils.logger2026-03-09-14.58.13 - INFO - Cur epoch 20 loss CE:1.2875 mse:0.1997 consistent:1.4713
2026-03-09 15:01:01,682 - utils.logger2026-03-09-14.58.13 - INFO - Cur epoch 20 loss CE:0.8022 mse:0.1696 consistent:1.5432
2026-03-09 15:01:02,368 - utils.logger2026-03-09-14.58.13 - INFO - Cur epoch 20 loss CE:1.0602 mse:0.1517 consistent:1.3381
2026-03-09 15:01:02,525 - utils.logger2026-03-09-14.58.13 - INFO - saving the model at the end of epoch 20, iters 560
2026-03-09 15:01:03,188 - utils.logger2026-03-09-14.58.13 - INFO - End of training epoch 20 / 40 	 Time Taken: 3 sec
2026-03-09 15:01:03,189 - utils.logger2026-03-09-14.58.13 - INFO - learning rate = 0.0001905
2026-03-09 15:01:05,472 - utils.logger2026-03-09-14.58.13 - INFO - Val result of epoch 20 / 40 mae 1.1433 corr 0.4682 f1 0.6495
2026-03-09 15:01:07,572 - utils.logger2026-03-09-14.58.13 - INFO - Tst result of epoch 20 / 40 mae 1.0534 corr 0.4359 f1 0.6479
2026-03-09 15:01:09,534 - utils.logger2026-03-09-14.58.13 - INFO - Cur epoch 21 loss CE:0.9278 mse:0.1778 consistent:1.3961
2026-03-09 15:01:10,237 - utils.logger2026-03-09-14.58.13 - INFO - Cur epoch 21 loss CE:1.3312 mse:0.1910 consistent:1.5158
2026-03-09 15:01:11,070 - utils.logger2026-03-09-14.58.13 - INFO - saving the model at the end of epoch 21, iters 588
2026-03-09 15:01:11,654 - utils.logger2026-03-09-14.58.13 - INFO - End of training epoch 21 / 40 	 Time Taken: 4 sec
2026-03-09 15:01:11,654 - utils.logger2026-03-09-14.58.13 - INFO - learning rate = 0.0001810
2026-03-09 15:01:13,656 - utils.logger2026-03-09-14.58.13 - INFO - Val result of epoch 21 / 40 mae 1.1250 corr 0.4534 f1 0.6587
2026-03-09 15:01:15,714 - utils.logger2026-03-09-14.58.13 - INFO - Tst result of epoch 21 / 40 mae 1.0696 corr 0.4218 f1 0.6557
2026-03-09 15:01:17,211 - utils.logger2026-03-09-14.58.13 - INFO - Cur epoch 22 loss CE:1.1305 mse:0.1869 consistent:1.4276
2026-03-09 15:01:17,871 - utils.logger2026-03-09-14.58.13 - INFO - Cur epoch 22 loss CE:0.8457 mse:0.1888 consistent:1.4064
2026-03-09 15:01:18,610 - utils.logger2026-03-09-14.58.13 - INFO - Cur epoch 22 loss CE:1.0262 mse:0.1770 consistent:1.3012
2026-03-09 15:01:19,193 - utils.logger2026-03-09-14.58.13 - INFO - saving the model at the end of epoch 22, iters 616
2026-03-09 15:01:19,739 - utils.logger2026-03-09-14.58.13 - INFO - End of training epoch 22 / 40 	 Time Taken: 4 sec
2026-03-09 15:01:19,740 - utils.logger2026-03-09-14.58.13 - INFO - learning rate = 0.0001714
2026-03-09 15:01:21,775 - utils.logger2026-03-09-14.58.13 - INFO - Val result of epoch 22 / 40 mae 1.1218 corr 0.4711 f1 0.6782
2026-03-09 15:01:23,882 - utils.logger2026-03-09-14.58.13 - INFO - Tst result of epoch 22 / 40 mae 1.0523 corr 0.4579 f1 0.6833
2026-03-09 15:01:25,354 - utils.logger2026-03-09-14.58.13 - INFO - Cur epoch 23 loss CE:0.9671 mse:0.2029 consistent:1.3452
2026-03-09 15:01:26,043 - utils.logger2026-03-09-14.58.13 - INFO - Cur epoch 23 loss CE:0.7911 mse:0.1710 consistent:1.3870
2026-03-09 15:01:26,684 - utils.logger2026-03-09-14.58.13 - INFO - Cur epoch 23 loss CE:1.1730 mse:0.2051 consistent:1.3087
2026-03-09 15:01:27,137 - utils.logger2026-03-09-14.58.13 - INFO - saving the model at the end of epoch 23, iters 644
2026-03-09 15:01:27,809 - utils.logger2026-03-09-14.58.13 - INFO - End of training epoch 23 / 40 	 Time Taken: 3 sec
2026-03-09 15:01:27,809 - utils.logger2026-03-09-14.58.13 - INFO - learning rate = 0.0001619
2026-03-09 15:01:29,956 - utils.logger2026-03-09-14.58.13 - INFO - Val result of epoch 23 / 40 mae 1.1870 corr 0.4401 f1 0.6289
2026-03-09 15:01:32,010 - utils.logger2026-03-09-14.58.13 - INFO - Tst result of epoch 23 / 40 mae 1.0962 corr 0.4192 f1 0.6422
2026-03-09 15:01:33,411 - utils.logger2026-03-09-14.58.13 - INFO - Cur epoch 24 loss CE:1.3544 mse:0.2298 consistent:1.4819
2026-03-09 15:01:33,985 - utils.logger2026-03-09-14.58.13 - INFO - Cur epoch 24 loss CE:1.0485 mse:0.1569 consistent:1.2073
2026-03-09 15:01:34,568 - utils.logger2026-03-09-14.58.13 - INFO - Cur epoch 24 loss CE:1.0830 mse:0.1682 consistent:1.2505
2026-03-09 15:01:34,840 - utils.logger2026-03-09-14.58.13 - INFO - saving the model at the end of epoch 24, iters 672
2026-03-09 15:01:35,628 - utils.logger2026-03-09-14.58.13 - INFO - End of training epoch 24 / 40 	 Time Taken: 3 sec
2026-03-09 15:01:35,628 - utils.logger2026-03-09-14.58.13 - INFO - learning rate = 0.0001524
2026-03-09 15:01:37,781 - utils.logger2026-03-09-14.58.13 - INFO - Val result of epoch 24 / 40 mae 1.1796 corr 0.4533 f1 0.6249
2026-03-09 15:01:39,836 - utils.logger2026-03-09-14.58.13 - INFO - Tst result of epoch 24 / 40 mae 1.0808 corr 0.4329 f1 0.6517
2026-03-09 15:01:41,645 - utils.logger2026-03-09-14.58.13 - INFO - Cur epoch 25 loss CE:1.0040 mse:0.1544 consistent:1.3031
2026-03-09 15:01:42,355 - utils.logger2026-03-09-14.58.13 - INFO - Cur epoch 25 loss CE:1.2520 mse:0.1944 consistent:1.3181
2026-03-09 15:01:43,020 - utils.logger2026-03-09-14.58.13 - INFO - Cur epoch 25 loss CE:1.1160 mse:0.1515 consistent:1.1213
2026-03-09 15:01:43,323 - utils.logger2026-03-09-14.58.13 - INFO - saving the model at the end of epoch 25, iters 700
2026-03-09 15:01:43,850 - utils.logger2026-03-09-14.58.13 - INFO - End of training epoch 25 / 40 	 Time Taken: 4 sec
2026-03-09 15:01:43,850 - utils.logger2026-03-09-14.58.13 - INFO - learning rate = 0.0001429
2026-03-09 15:01:46,026 - utils.logger2026-03-09-14.58.13 - INFO - Val result of epoch 25 / 40 mae 1.1611 corr 0.4296 f1 0.6308
2026-03-09 15:01:48,366 - utils.logger2026-03-09-14.58.13 - INFO - Tst result of epoch 25 / 40 mae 1.0790 corr 0.4140 f1 0.6563
2026-03-09 15:01:50,411 - utils.logger2026-03-09-14.58.13 - INFO - Cur epoch 26 loss CE:0.7142 mse:0.1435 consistent:1.2199
2026-03-09 15:01:51,108 - utils.logger2026-03-09-14.58.13 - INFO - Cur epoch 26 loss CE:0.9784 mse:0.1790 consistent:1.2004
2026-03-09 15:01:51,884 - utils.logger2026-03-09-14.58.13 - INFO - saving the model at the end of epoch 26, iters 728
2026-03-09 15:01:52,529 - utils.logger2026-03-09-14.58.13 - INFO - End of training epoch 26 / 40 	 Time Taken: 4 sec
2026-03-09 15:01:52,529 - utils.logger2026-03-09-14.58.13 - INFO - learning rate = 0.0001333
2026-03-09 15:01:54,994 - utils.logger2026-03-09-14.58.13 - INFO - Val result of epoch 26 / 40 mae 1.1384 corr 0.4607 f1 0.6370
2026-03-09 15:01:57,411 - utils.logger2026-03-09-14.58.13 - INFO - Tst result of epoch 26 / 40 mae 1.0373 corr 0.4537 f1 0.6698
2026-03-09 15:01:58,669 - utils.logger2026-03-09-14.58.13 - INFO - Cur epoch 27 loss CE:0.6108 mse:0.1664 consistent:1.2020
2026-03-09 15:01:59,436 - utils.logger2026-03-09-14.58.13 - INFO - Cur epoch 27 loss CE:0.8069 mse:0.1638 consistent:1.3315
2026-03-09 15:02:00,057 - utils.logger2026-03-09-14.58.13 - INFO - Cur epoch 27 loss CE:0.5576 mse:0.1925 consistent:1.2489
2026-03-09 15:02:00,774 - utils.logger2026-03-09-14.58.13 - INFO - saving the model at the end of epoch 27, iters 756
2026-03-09 15:02:01,514 - utils.logger2026-03-09-14.58.13 - INFO - End of training epoch 27 / 40 	 Time Taken: 4 sec
2026-03-09 15:02:01,514 - utils.logger2026-03-09-14.58.13 - INFO - learning rate = 0.0001238
2026-03-09 15:02:03,690 - utils.logger2026-03-09-14.58.13 - INFO - Val result of epoch 27 / 40 mae 1.1753 corr 0.4229 f1 0.6400
2026-03-09 15:02:05,889 - utils.logger2026-03-09-14.58.13 - INFO - Tst result of epoch 27 / 40 mae 1.0827 corr 0.4130 f1 0.6592
2026-03-09 15:02:07,358 - utils.logger2026-03-09-14.58.13 - INFO - Cur epoch 28 loss CE:0.5910 mse:0.1445 consistent:1.1714
2026-03-09 15:02:08,028 - utils.logger2026-03-09-14.58.13 - INFO - Cur epoch 28 loss CE:0.7944 mse:0.1608 consistent:1.1539
2026-03-09 15:02:08,693 - utils.logger2026-03-09-14.58.13 - INFO - Cur epoch 28 loss CE:0.8406 mse:0.1709 consistent:1.2133
2026-03-09 15:02:09,199 - utils.logger2026-03-09-14.58.13 - INFO - saving the model at the end of epoch 28, iters 784
2026-03-09 15:02:09,826 - utils.logger2026-03-09-14.58.13 - INFO - End of training epoch 28 / 40 	 Time Taken: 3 sec
2026-03-09 15:02:09,827 - utils.logger2026-03-09-14.58.13 - INFO - learning rate = 0.0001143
2026-03-09 15:02:12,056 - utils.logger2026-03-09-14.58.13 - INFO - Val result of epoch 28 / 40 mae 1.2072 corr 0.4176 f1 0.6330
2026-03-09 15:02:14,379 - utils.logger2026-03-09-14.58.13 - INFO - Tst result of epoch 28 / 40 mae 1.1054 corr 0.4080 f1 0.6446
2026-03-09 15:02:15,996 - utils.logger2026-03-09-14.58.13 - INFO - Cur epoch 29 loss CE:0.7115 mse:0.1388 consistent:1.1150
2026-03-09 15:02:16,659 - utils.logger2026-03-09-14.58.13 - INFO - Cur epoch 29 loss CE:0.7671 mse:0.1758 consistent:1.3345
2026-03-09 15:02:17,328 - utils.logger2026-03-09-14.58.13 - INFO - Cur epoch 29 loss CE:1.0269 mse:0.1663 consistent:1.1897
2026-03-09 15:02:17,657 - utils.logger2026-03-09-14.58.13 - INFO - saving the model at the end of epoch 29, iters 812
2026-03-09 15:02:18,319 - utils.logger2026-03-09-14.58.13 - INFO - End of training epoch 29 / 40 	 Time Taken: 3 sec
2026-03-09 15:02:18,320 - utils.logger2026-03-09-14.58.13 - INFO - learning rate = 0.0001048
2026-03-09 15:02:20,631 - utils.logger2026-03-09-14.58.13 - INFO - Val result of epoch 29 / 40 mae 1.1659 corr 0.4510 f1 0.6330
2026-03-09 15:02:22,870 - utils.logger2026-03-09-14.58.13 - INFO - Tst result of epoch 29 / 40 mae 1.0513 corr 0.4414 f1 0.6563
2026-03-09 15:02:24,669 - utils.logger2026-03-09-14.58.13 - INFO - Cur epoch 30 loss CE:0.6762 mse:0.1855 consistent:1.1816
2026-03-09 15:02:25,394 - utils.logger2026-03-09-14.58.13 - INFO - Cur epoch 30 loss CE:0.6045 mse:0.1671 consistent:1.2664
2026-03-09 15:02:26,104 - utils.logger2026-03-09-14.58.13 - INFO - Cur epoch 30 loss CE:0.5685 mse:0.1499 consistent:1.0817
2026-03-09 15:02:26,329 - utils.logger2026-03-09-14.58.13 - INFO - saving the model at the end of epoch 30, iters 840
2026-03-09 15:02:26,918 - utils.logger2026-03-09-14.58.13 - INFO - End of training epoch 30 / 40 	 Time Taken: 4 sec
2026-03-09 15:02:26,918 - utils.logger2026-03-09-14.58.13 - INFO - learning rate = 0.0000952
2026-03-09 15:02:29,106 - utils.logger2026-03-09-14.58.13 - INFO - Val result of epoch 30 / 40 mae 1.1875 corr 0.4364 f1 0.6345
2026-03-09 15:02:31,231 - utils.logger2026-03-09-14.58.13 - INFO - Tst result of epoch 30 / 40 mae 1.0836 corr 0.4240 f1 0.6577
2026-03-09 15:02:33,187 - utils.logger2026-03-09-14.58.13 - INFO - Cur epoch 31 loss CE:0.6383 mse:0.1773 consistent:1.1902
2026-03-09 15:02:33,794 - utils.logger2026-03-09-14.58.13 - INFO - Cur epoch 31 loss CE:0.3101 mse:0.1535 consistent:1.1772
2026-03-09 15:02:34,644 - utils.logger2026-03-09-14.58.13 - INFO - saving the model at the end of epoch 31, iters 868
2026-03-09 15:02:35,186 - utils.logger2026-03-09-14.58.13 - INFO - End of training epoch 31 / 40 	 Time Taken: 3 sec
2026-03-09 15:02:35,186 - utils.logger2026-03-09-14.58.13 - INFO - learning rate = 0.0000857
2026-03-09 15:02:37,267 - utils.logger2026-03-09-14.58.13 - INFO - Val result of epoch 31 / 40 mae 1.1859 corr 0.4332 f1 0.6372
2026-03-09 15:02:39,541 - utils.logger2026-03-09-14.58.13 - INFO - Tst result of epoch 31 / 40 mae 1.0729 corr 0.4306 f1 0.6643
2026-03-09 15:02:40,864 - utils.logger2026-03-09-14.58.13 - INFO - Cur epoch 32 loss CE:0.8874 mse:0.1553 consistent:1.2231
2026-03-09 15:02:41,678 - utils.logger2026-03-09-14.58.13 - INFO - Cur epoch 32 loss CE:0.7966 mse:0.1705 consistent:1.2314
2026-03-09 15:02:42,337 - utils.logger2026-03-09-14.58.13 - INFO - Cur epoch 32 loss CE:0.5030 mse:0.1343 consistent:1.0350
2026-03-09 15:02:42,953 - utils.logger2026-03-09-14.58.13 - INFO - saving the model at the end of epoch 32, iters 896
2026-03-09 15:02:43,693 - utils.logger2026-03-09-14.58.13 - INFO - End of training epoch 32 / 40 	 Time Taken: 4 sec
2026-03-09 15:02:43,693 - utils.logger2026-03-09-14.58.13 - INFO - learning rate = 0.0000762
2026-03-09 15:02:45,980 - utils.logger2026-03-09-14.58.13 - INFO - Val result of epoch 32 / 40 mae 1.1651 corr 0.4512 f1 0.6340
2026-03-09 15:02:48,330 - utils.logger2026-03-09-14.58.13 - INFO - Tst result of epoch 32 / 40 mae 1.0588 corr 0.4380 f1 0.6707
2026-03-09 15:02:49,838 - utils.logger2026-03-09-14.58.13 - INFO - Cur epoch 33 loss CE:0.7733 mse:0.1557 consistent:1.1017
2026-03-09 15:02:50,521 - utils.logger2026-03-09-14.58.13 - INFO - Cur epoch 33 loss CE:0.6212 mse:0.1545 consistent:1.1211
2026-03-09 15:02:51,112 - utils.logger2026-03-09-14.58.13 - INFO - Cur epoch 33 loss CE:0.4905 mse:0.1635 consistent:1.1753
2026-03-09 15:02:51,434 - utils.logger2026-03-09-14.58.13 - INFO - saving the model at the end of epoch 33, iters 924
2026-03-09 15:02:51,796 - utils.logger2026-03-09-14.58.13 - INFO - End of training epoch 33 / 40 	 Time Taken: 3 sec
2026-03-09 15:02:51,796 - utils.logger2026-03-09-14.58.13 - INFO - learning rate = 0.0000667
2026-03-09 15:02:53,507 - utils.logger2026-03-09-14.58.13 - INFO - Val result of epoch 33 / 40 mae 1.1815 corr 0.4323 f1 0.6360
2026-03-09 15:02:55,550 - utils.logger2026-03-09-14.58.13 - INFO - Tst result of epoch 33 / 40 mae 1.0800 corr 0.4205 f1 0.6632
2026-03-09 15:02:57,145 - utils.logger2026-03-09-14.58.13 - INFO - Cur epoch 34 loss CE:0.5637 mse:0.1720 consistent:1.1353
2026-03-09 15:02:57,831 - utils.logger2026-03-09-14.58.13 - INFO - Cur epoch 34 loss CE:0.7271 mse:0.1554 consistent:1.1044
2026-03-09 15:02:58,535 - utils.logger2026-03-09-14.58.13 - INFO - Cur epoch 34 loss CE:0.4380 mse:0.1399 consistent:0.8960
2026-03-09 15:02:58,855 - utils.logger2026-03-09-14.58.13 - INFO - saving the model at the end of epoch 34, iters 952
2026-03-09 15:02:59,509 - utils.logger2026-03-09-14.58.13 - INFO - End of training epoch 34 / 40 	 Time Taken: 3 sec
2026-03-09 15:02:59,510 - utils.logger2026-03-09-14.58.13 - INFO - learning rate = 0.0000571
2026-03-09 15:03:02,125 - utils.logger2026-03-09-14.58.13 - INFO - Val result of epoch 34 / 40 mae 1.1648 corr 0.4362 f1 0.6486
2026-03-09 15:03:04,268 - utils.logger2026-03-09-14.58.13 - INFO - Tst result of epoch 34 / 40 mae 1.0546 corr 0.4296 f1 0.6802
2026-03-09 15:03:06,220 - utils.logger2026-03-09-14.58.13 - INFO - Cur epoch 35 loss CE:0.7933 mse:0.1563 consistent:1.0796
2026-03-09 15:03:06,922 - utils.logger2026-03-09-14.58.13 - INFO - Cur epoch 35 loss CE:0.5925 mse:0.1801 consistent:1.2159
2026-03-09 15:03:07,616 - utils.logger2026-03-09-14.58.13 - INFO - Cur epoch 35 loss CE:0.8330 mse:0.1714 consistent:1.1135
2026-03-09 15:03:07,778 - utils.logger2026-03-09-14.58.13 - INFO - saving the model at the end of epoch 35, iters 980
2026-03-09 15:03:08,260 - utils.logger2026-03-09-14.58.13 - INFO - End of training epoch 35 / 40 	 Time Taken: 3 sec
2026-03-09 15:03:08,261 - utils.logger2026-03-09-14.58.13 - INFO - learning rate = 0.0000476
2026-03-09 15:03:10,374 - utils.logger2026-03-09-14.58.13 - INFO - Val result of epoch 35 / 40 mae 1.1900 corr 0.4392 f1 0.6264
2026-03-09 15:03:12,605 - utils.logger2026-03-09-14.58.13 - INFO - Tst result of epoch 35 / 40 mae 1.0721 corr 0.4307 f1 0.6739
2026-03-09 15:03:14,549 - utils.logger2026-03-09-14.58.13 - INFO - Cur epoch 36 loss CE:0.4048 mse:0.1723 consistent:1.1642
2026-03-09 15:03:15,184 - utils.logger2026-03-09-14.58.13 - INFO - Cur epoch 36 loss CE:0.4566 mse:0.1620 consistent:1.2056
2026-03-09 15:03:15,936 - utils.logger2026-03-09-14.58.13 - INFO - saving the model at the end of epoch 36, iters 1008
2026-03-09 15:03:16,689 - utils.logger2026-03-09-14.58.13 - INFO - End of training epoch 36 / 40 	 Time Taken: 4 sec
2026-03-09 15:03:16,689 - utils.logger2026-03-09-14.58.13 - INFO - learning rate = 0.0000381
2026-03-09 15:03:18,880 - utils.logger2026-03-09-14.58.13 - INFO - Val result of epoch 36 / 40 mae 1.1866 corr 0.4256 f1 0.6283
2026-03-09 15:03:21,136 - utils.logger2026-03-09-14.58.13 - INFO - Tst result of epoch 36 / 40 mae 1.0815 corr 0.4133 f1 0.6632
2026-03-09 15:03:22,474 - utils.logger2026-03-09-14.58.13 - INFO - Cur epoch 37 loss CE:0.7099 mse:0.1847 consistent:1.1227
2026-03-09 15:03:23,191 - utils.logger2026-03-09-14.58.13 - INFO - Cur epoch 37 loss CE:0.6122 mse:0.1680 consistent:1.0923
2026-03-09 15:03:23,819 - utils.logger2026-03-09-14.58.13 - INFO - Cur epoch 37 loss CE:0.6268 mse:0.1877 consistent:1.1009
2026-03-09 15:03:24,377 - utils.logger2026-03-09-14.58.13 - INFO - saving the model at the end of epoch 37, iters 1036
2026-03-09 15:03:25,044 - utils.logger2026-03-09-14.58.13 - INFO - End of training epoch 37 / 40 	 Time Taken: 3 sec
2026-03-09 15:03:25,044 - utils.logger2026-03-09-14.58.13 - INFO - learning rate = 0.0000286
2026-03-09 15:03:27,187 - utils.logger2026-03-09-14.58.13 - INFO - Val result of epoch 37 / 40 mae 1.1625 corr 0.4338 f1 0.6472
2026-03-09 15:03:29,383 - utils.logger2026-03-09-14.58.13 - INFO - Tst result of epoch 37 / 40 mae 1.0566 corr 0.4266 f1 0.6706
2026-03-09 15:03:30,808 - utils.logger2026-03-09-14.58.13 - INFO - Cur epoch 38 loss CE:0.5211 mse:0.1536 consistent:1.0899
2026-03-09 15:03:31,491 - utils.logger2026-03-09-14.58.13 - INFO - Cur epoch 38 loss CE:0.6750 mse:0.1672 consistent:1.0688
2026-03-09 15:03:32,148 - utils.logger2026-03-09-14.58.13 - INFO - Cur epoch 38 loss CE:0.5289 mse:0.1813 consistent:1.0791
2026-03-09 15:03:32,586 - utils.logger2026-03-09-14.58.13 - INFO - saving the model at the end of epoch 38, iters 1064
2026-03-09 15:03:33,145 - utils.logger2026-03-09-14.58.13 - INFO - End of training epoch 38 / 40 	 Time Taken: 3 sec
2026-03-09 15:03:33,146 - utils.logger2026-03-09-14.58.13 - INFO - learning rate = 0.0000190
2026-03-09 15:03:35,368 - utils.logger2026-03-09-14.58.13 - INFO - Val result of epoch 38 / 40 mae 1.1725 corr 0.4250 f1 0.6408
2026-03-09 15:03:37,956 - utils.logger2026-03-09-14.58.13 - INFO - Tst result of epoch 38 / 40 mae 1.0671 corr 0.4186 f1 0.6745
2026-03-09 15:03:39,792 - utils.logger2026-03-09-14.58.13 - INFO - Cur epoch 39 loss CE:0.5714 mse:0.1667 consistent:1.1648
2026-03-09 15:03:40,488 - utils.logger2026-03-09-14.58.13 - INFO - Cur epoch 39 loss CE:0.5086 mse:0.1717 consistent:1.1588
2026-03-09 15:03:41,154 - utils.logger2026-03-09-14.58.13 - INFO - Cur epoch 39 loss CE:0.4177 mse:0.1483 consistent:1.0522
2026-03-09 15:03:41,604 - utils.logger2026-03-09-14.58.13 - INFO - saving the model at the end of epoch 39, iters 1092
2026-03-09 15:03:42,409 - utils.logger2026-03-09-14.58.13 - INFO - End of training epoch 39 / 40 	 Time Taken: 4 sec
2026-03-09 15:03:42,409 - utils.logger2026-03-09-14.58.13 - INFO - learning rate = 0.0000095
2026-03-09 15:03:44,774 - utils.logger2026-03-09-14.58.13 - INFO - Val result of epoch 39 / 40 mae 1.1673 corr 0.4336 f1 0.6432
2026-03-09 15:03:47,223 - utils.logger2026-03-09-14.58.13 - INFO - Tst result of epoch 39 / 40 mae 1.0609 corr 0.4278 f1 0.6762
2026-03-09 15:03:49,267 - utils.logger2026-03-09-14.58.13 - INFO - Cur epoch 40 loss CE:0.8347 mse:0.1625 consistent:1.0241
2026-03-09 15:03:49,955 - utils.logger2026-03-09-14.58.13 - INFO - Cur epoch 40 loss CE:0.5966 mse:0.1810 consistent:1.1370
2026-03-09 15:03:50,581 - utils.logger2026-03-09-14.58.13 - INFO - Cur epoch 40 loss CE:0.4527 mse:0.1441 consistent:1.1332
2026-03-09 15:03:50,796 - utils.logger2026-03-09-14.58.13 - INFO - saving the model at the end of epoch 40, iters 1120
2026-03-09 15:03:51,424 - utils.logger2026-03-09-14.58.13 - INFO - End of training epoch 40 / 40 	 Time Taken: 4 sec
2026-03-09 15:03:51,425 - utils.logger2026-03-09-14.58.13 - INFO - learning rate = 0.0000000
2026-03-09 15:03:53,790 - utils.logger2026-03-09-14.58.13 - INFO - Val result of epoch 40 / 40 mae 1.1659 corr 0.4311 f1 0.6463
2026-03-09 15:03:56,193 - utils.logger2026-03-09-14.58.13 - INFO - Tst result of epoch 40 / 40 mae 1.0636 corr 0.4245 f1 0.6795
2026-03-09 15:03:56,194 - utils.logger2026-03-09-14.58.13 - INFO - Best eval epoch 15 found with MAE 1.020542
2026-03-09 15:03:56,194 - utils.logger2026-03-09-14.58.13 - INFO - Loading best model found on val set: epoch-15
2026-03-09 15:04:00,864 - utils.logger2026-03-09-14.58.13 - INFO - Tst result mae 1.0205 corr 0.4672 f1 0.6928
