2026-03-09 20:01:55,392 - utils.logger2026-03-09-20.01.51 - INFO - The number of training samples = 1750
2026-03-09 20:01:55,393 - utils.logger2026-03-09-20.01.51 - INFO - The number of testing samples = 1344
2026-03-09 20:01:57,359 - utils.logger2026-03-09-20.01.51 - INFO - Cur epoch 1 loss CE:2.6127 mse:1.2186 consistent:3.4629
2026-03-09 20:01:57,847 - utils.logger2026-03-09-20.01.51 - INFO - Cur epoch 1 loss CE:2.1867 mse:0.7010 consistent:3.4779
2026-03-09 20:01:58,291 - utils.logger2026-03-09-20.01.51 - INFO - saving the model at the end of epoch 1, iters 28
2026-03-09 20:01:58,638 - utils.logger2026-03-09-20.01.51 - INFO - End of training epoch 1 / 40 	 Time Taken: 2 sec
2026-03-09 20:01:58,638 - utils.logger2026-03-09-20.01.51 - INFO - learning rate = 0.0002000
2026-03-09 20:01:59,793 - utils.logger2026-03-09-20.01.51 - INFO - Val result of epoch 1 / 40 mae 1.1942 corr 0.4721 f1 0.6424
2026-03-09 20:02:01,189 - utils.logger2026-03-09-20.01.51 - INFO - Tst result of epoch 1 / 40 mae 1.1705 corr 0.4518 f1 0.6368
2026-03-09 20:02:01,984 - utils.logger2026-03-09-20.01.51 - INFO - Cur epoch 2 loss CE:2.2034 mse:0.5602 consistent:3.0487
2026-03-09 20:02:02,523 - utils.logger2026-03-09-20.01.51 - INFO - Cur epoch 2 loss CE:1.7612 mse:0.4717 consistent:3.1676
2026-03-09 20:02:03,062 - utils.logger2026-03-09-20.01.51 - INFO - Cur epoch 2 loss CE:1.6243 mse:0.4956 consistent:2.8772
2026-03-09 20:02:03,436 - utils.logger2026-03-09-20.01.51 - INFO - saving the model at the end of epoch 2, iters 56
2026-03-09 20:02:03,769 - utils.logger2026-03-09-20.01.51 - INFO - End of training epoch 2 / 40 	 Time Taken: 2 sec
2026-03-09 20:02:03,769 - utils.logger2026-03-09-20.01.51 - INFO - learning rate = 0.0002000
2026-03-09 20:02:05,107 - utils.logger2026-03-09-20.01.51 - INFO - Val result of epoch 2 / 40 mae 1.1061 corr 0.4785 f1 0.6938
2026-03-09 20:02:06,402 - utils.logger2026-03-09-20.01.51 - INFO - Tst result of epoch 2 / 40 mae 1.1119 corr 0.4546 f1 0.6729
2026-03-09 20:02:07,125 - utils.logger2026-03-09-20.01.51 - INFO - Cur epoch 3 loss CE:1.7761 mse:0.4324 consistent:2.6299
2026-03-09 20:02:07,587 - utils.logger2026-03-09-20.01.51 - INFO - Cur epoch 3 loss CE:1.5786 mse:0.4246 consistent:2.9923
2026-03-09 20:02:08,072 - utils.logger2026-03-09-20.01.51 - INFO - Cur epoch 3 loss CE:1.9545 mse:0.4716 consistent:2.7504
2026-03-09 20:02:08,305 - utils.logger2026-03-09-20.01.51 - INFO - saving the model at the end of epoch 3, iters 84
2026-03-09 20:02:08,630 - utils.logger2026-03-09-20.01.51 - INFO - End of training epoch 3 / 40 	 Time Taken: 2 sec
2026-03-09 20:02:08,630 - utils.logger2026-03-09-20.01.51 - INFO - learning rate = 0.0002000
2026-03-09 20:02:09,717 - utils.logger2026-03-09-20.01.51 - INFO - Val result of epoch 3 / 40 mae 1.0876 corr 0.5009 f1 0.7100
2026-03-09 20:02:10,846 - utils.logger2026-03-09-20.01.51 - INFO - Tst result of epoch 3 / 40 mae 1.1138 corr 0.4616 f1 0.6751
2026-03-09 20:02:11,682 - utils.logger2026-03-09-20.01.51 - INFO - Cur epoch 4 loss CE:1.8130 mse:0.3490 consistent:2.6279
2026-03-09 20:02:12,234 - utils.logger2026-03-09-20.01.51 - INFO - Cur epoch 4 loss CE:1.7001 mse:0.3429 consistent:2.5955
2026-03-09 20:02:12,677 - utils.logger2026-03-09-20.01.51 - INFO - Cur epoch 4 loss CE:1.7909 mse:0.3393 consistent:2.6479
2026-03-09 20:02:12,894 - utils.logger2026-03-09-20.01.51 - INFO - saving the model at the end of epoch 4, iters 112
2026-03-09 20:02:13,136 - utils.logger2026-03-09-20.01.51 - INFO - End of training epoch 4 / 40 	 Time Taken: 2 sec
2026-03-09 20:02:13,137 - utils.logger2026-03-09-20.01.51 - INFO - learning rate = 0.0002000
2026-03-09 20:02:14,499 - utils.logger2026-03-09-20.01.51 - INFO - Val result of epoch 4 / 40 mae 1.1081 corr 0.5002 f1 0.7075
2026-03-09 20:02:15,802 - utils.logger2026-03-09-20.01.51 - INFO - Tst result of epoch 4 / 40 mae 1.1426 corr 0.4593 f1 0.6778
2026-03-09 20:02:16,737 - utils.logger2026-03-09-20.01.51 - INFO - Cur epoch 5 loss CE:1.8404 mse:0.3431 consistent:2.5469
2026-03-09 20:02:17,220 - utils.logger2026-03-09-20.01.51 - INFO - Cur epoch 5 loss CE:1.6764 mse:0.3217 consistent:2.4969
2026-03-09 20:02:17,702 - utils.logger2026-03-09-20.01.51 - INFO - Cur epoch 5 loss CE:2.2474 mse:0.4195 consistent:3.1047
2026-03-09 20:02:17,795 - utils.logger2026-03-09-20.01.51 - INFO - saving the model at the end of epoch 5, iters 140
2026-03-09 20:02:18,125 - utils.logger2026-03-09-20.01.51 - INFO - End of training epoch 5 / 40 	 Time Taken: 2 sec
2026-03-09 20:02:18,126 - utils.logger2026-03-09-20.01.51 - INFO - learning rate = 0.0002000
2026-03-09 20:02:19,339 - utils.logger2026-03-09-20.01.51 - INFO - Val result of epoch 5 / 40 mae 1.1007 corr 0.5025 f1 0.7052
2026-03-09 20:02:20,545 - utils.logger2026-03-09-20.01.51 - INFO - Tst result of epoch 5 / 40 mae 1.0925 corr 0.4761 f1 0.6820
2026-03-09 20:02:21,614 - utils.logger2026-03-09-20.01.51 - INFO - Cur epoch 6 loss CE:1.3929 mse:0.2913 consistent:2.2681
2026-03-09 20:02:22,125 - utils.logger2026-03-09-20.01.51 - INFO - Cur epoch 6 loss CE:1.3455 mse:0.2970 consistent:2.2712
2026-03-09 20:02:22,598 - utils.logger2026-03-09-20.01.51 - INFO - saving the model at the end of epoch 6, iters 168
2026-03-09 20:02:22,844 - utils.logger2026-03-09-20.01.51 - INFO - End of training epoch 6 / 40 	 Time Taken: 2 sec
2026-03-09 20:02:22,844 - utils.logger2026-03-09-20.01.51 - INFO - learning rate = 0.0002000
2026-03-09 20:02:24,023 - utils.logger2026-03-09-20.01.51 - INFO - Val result of epoch 6 / 40 mae 1.1188 corr 0.5168 f1 0.6926
2026-03-09 20:02:25,191 - utils.logger2026-03-09-20.01.51 - INFO - Tst result of epoch 6 / 40 mae 1.1338 corr 0.4637 f1 0.6822
2026-03-09 20:02:25,993 - utils.logger2026-03-09-20.01.51 - INFO - Cur epoch 7 loss CE:1.4369 mse:0.3521 consistent:2.3677
2026-03-09 20:02:26,505 - utils.logger2026-03-09-20.01.51 - INFO - Cur epoch 7 loss CE:1.0487 mse:0.2992 consistent:2.1689
2026-03-09 20:02:26,992 - utils.logger2026-03-09-20.01.51 - INFO - Cur epoch 7 loss CE:1.9423 mse:0.3952 consistent:2.5798
2026-03-09 20:02:27,335 - utils.logger2026-03-09-20.01.51 - INFO - saving the model at the end of epoch 7, iters 196
2026-03-09 20:02:27,594 - utils.logger2026-03-09-20.01.51 - INFO - End of training epoch 7 / 40 	 Time Taken: 2 sec
2026-03-09 20:02:27,594 - utils.logger2026-03-09-20.01.51 - INFO - learning rate = 0.0002000
2026-03-09 20:02:28,682 - utils.logger2026-03-09-20.01.51 - INFO - Val result of epoch 7 / 40 mae 1.0984 corr 0.4953 f1 0.6630
2026-03-09 20:02:29,862 - utils.logger2026-03-09-20.01.51 - INFO - Tst result of epoch 7 / 40 mae 1.1030 corr 0.4619 f1 0.6603
2026-03-09 20:02:30,614 - utils.logger2026-03-09-20.01.51 - INFO - Cur epoch 8 loss CE:2.0286 mse:0.3531 consistent:2.2411
2026-03-09 20:02:31,140 - utils.logger2026-03-09-20.01.51 - INFO - Cur epoch 8 loss CE:1.5812 mse:0.2616 consistent:2.1205
2026-03-09 20:02:31,577 - utils.logger2026-03-09-20.01.51 - INFO - Cur epoch 8 loss CE:1.3116 mse:0.2714 consistent:2.2131
2026-03-09 20:02:31,916 - utils.logger2026-03-09-20.01.51 - INFO - saving the model at the end of epoch 8, iters 224
2026-03-09 20:02:32,332 - utils.logger2026-03-09-20.01.51 - INFO - End of training epoch 8 / 40 	 Time Taken: 2 sec
2026-03-09 20:02:32,332 - utils.logger2026-03-09-20.01.51 - INFO - learning rate = 0.0002000
2026-03-09 20:02:33,535 - utils.logger2026-03-09-20.01.51 - INFO - Val result of epoch 8 / 40 mae 1.0977 corr 0.5084 f1 0.7146
2026-03-09 20:02:34,732 - utils.logger2026-03-09-20.01.51 - INFO - Tst result of epoch 8 / 40 mae 1.0994 corr 0.4741 f1 0.6795
2026-03-09 20:02:35,681 - utils.logger2026-03-09-20.01.51 - INFO - Cur epoch 9 loss CE:1.7232 mse:0.3077 consistent:2.1229
2026-03-09 20:02:36,170 - utils.logger2026-03-09-20.01.51 - INFO - Cur epoch 9 loss CE:1.5097 mse:0.2617 consistent:2.1885
2026-03-09 20:02:36,618 - utils.logger2026-03-09-20.01.51 - INFO - Cur epoch 9 loss CE:1.2597 mse:0.2487 consistent:1.9682
2026-03-09 20:02:36,794 - utils.logger2026-03-09-20.01.51 - INFO - saving the model at the end of epoch 9, iters 252
2026-03-09 20:02:37,096 - utils.logger2026-03-09-20.01.51 - INFO - End of training epoch 9 / 40 	 Time Taken: 2 sec
2026-03-09 20:02:37,097 - utils.logger2026-03-09-20.01.51 - INFO - learning rate = 0.0002000
2026-03-09 20:02:38,219 - utils.logger2026-03-09-20.01.51 - INFO - Val result of epoch 9 / 40 mae 1.0701 corr 0.5165 f1 0.7028
2026-03-09 20:02:39,387 - utils.logger2026-03-09-20.01.51 - INFO - Tst result of epoch 9 / 40 mae 1.0849 corr 0.4806 f1 0.6836
2026-03-09 20:02:40,298 - utils.logger2026-03-09-20.01.51 - INFO - Cur epoch 10 loss CE:2.0859 mse:0.3261 consistent:2.2171
2026-03-09 20:02:40,826 - utils.logger2026-03-09-20.01.51 - INFO - Cur epoch 10 loss CE:1.2689 mse:0.2482 consistent:2.0127
2026-03-09 20:02:41,234 - utils.logger2026-03-09-20.01.51 - INFO - Cur epoch 10 loss CE:1.8287 mse:0.3237 consistent:2.3269
2026-03-09 20:02:41,311 - utils.logger2026-03-09-20.01.51 - INFO - saving the model at the end of epoch 10, iters 280
2026-03-09 20:02:41,622 - utils.logger2026-03-09-20.01.51 - INFO - End of training epoch 10 / 40 	 Time Taken: 2 sec
2026-03-09 20:02:41,622 - utils.logger2026-03-09-20.01.51 - INFO - learning rate = 0.0002000
2026-03-09 20:02:42,753 - utils.logger2026-03-09-20.01.51 - INFO - Val result of epoch 10 / 40 mae 1.0718 corr 0.5152 f1 0.6902
2026-03-09 20:02:43,884 - utils.logger2026-03-09-20.01.51 - INFO - Tst result of epoch 10 / 40 mae 1.0960 corr 0.4786 f1 0.6699
2026-03-09 20:02:44,859 - utils.logger2026-03-09-20.01.51 - INFO - Cur epoch 11 loss CE:1.3918 mse:0.2392 consistent:2.1493
2026-03-09 20:02:45,380 - utils.logger2026-03-09-20.01.51 - INFO - Cur epoch 11 loss CE:1.8218 mse:0.2569 consistent:1.8983
2026-03-09 20:02:45,781 - utils.logger2026-03-09-20.01.51 - INFO - saving the model at the end of epoch 11, iters 308
2026-03-09 20:02:46,063 - utils.logger2026-03-09-20.01.51 - INFO - End of training epoch 11 / 40 	 Time Taken: 2 sec
2026-03-09 20:02:46,063 - utils.logger2026-03-09-20.01.51 - INFO - learning rate = 0.0002000
2026-03-09 20:02:47,223 - utils.logger2026-03-09-20.01.51 - INFO - Val result of epoch 11 / 40 mae 1.0738 corr 0.5179 f1 0.7335
