2026-03-04 21:00:42,849 - utils.logger2026-03-04-21.00.42 - INFO - The number of training samples = 1750
2026-03-04 21:00:45,561 - utils.logger2026-03-04-21.00.42 - INFO - Cur epoch 1 loss TA:1.0349 TV:1.0379 VA:2.0715 CE:9.4095
2026-03-04 21:00:46,430 - utils.logger2026-03-04-21.00.42 - INFO - Cur epoch 1 loss TA:1.0363 TV:1.0351 VA:2.0730 CE:4.0842
2026-03-04 21:00:47,160 - utils.logger2026-03-04-21.00.42 - INFO - saving the model at the end of epoch 1, iters 28
2026-03-04 21:00:47,318 - utils.logger2026-03-04-21.00.42 - INFO - End of training epoch 1 / 40 	 Time Taken: 3 sec
2026-03-04 21:00:47,318 - utils.logger2026-03-04-21.00.42 - INFO - learning rate = 0.0002000
2026-03-04 21:00:47,811 - utils.logger2026-03-04-21.00.42 - INFO - Val result of epoch 1 / 40 acc 0.5402 MAE 0.2431 f1 0.5324
2026-03-04 21:00:48,289 - utils.logger2026-03-04-21.00.42 - INFO - Tst result of epoch 1 / 40 acc 0.5402 MAE 0.2431 f1 0.5324
2026-03-04 21:00:48,838 - utils.logger2026-03-04-21.00.42 - INFO - Cur epoch 2 loss TA:1.0357 TV:1.0357 VA:2.0655 CE:4.2538
2026-03-04 21:00:49,785 - utils.logger2026-03-04-21.00.42 - INFO - Cur epoch 2 loss TA:1.0351 TV:1.0345 VA:2.0642 CE:2.9077
2026-03-04 21:00:50,659 - utils.logger2026-03-04-21.00.42 - INFO - Cur epoch 2 loss TA:1.0351 TV:1.0332 VA:2.0669 CE:2.5460
2026-03-04 21:00:51,277 - utils.logger2026-03-04-21.00.42 - INFO - saving the model at the end of epoch 2, iters 56
2026-03-04 21:00:51,435 - utils.logger2026-03-04-21.00.42 - INFO - End of training epoch 2 / 40 	 Time Taken: 3 sec
2026-03-04 21:00:51,436 - utils.logger2026-03-04-21.00.42 - INFO - learning rate = 0.0002000
2026-03-04 21:00:51,981 - utils.logger2026-03-04-21.00.42 - INFO - Val result of epoch 2 / 40 acc 0.6786 MAE 0.3511 f1 0.7133
2026-03-04 21:00:52,479 - utils.logger2026-03-04-21.00.42 - INFO - Tst result of epoch 2 / 40 acc 0.6786 MAE 0.3511 f1 0.7133
2026-03-04 21:00:53,158 - utils.logger2026-03-04-21.00.42 - INFO - Cur epoch 3 loss TA:1.0277 TV:1.0282 VA:2.0469 CE:2.3709
2026-03-04 21:00:53,960 - utils.logger2026-03-04-21.00.42 - INFO - Cur epoch 3 loss TA:1.0253 TV:1.0204 VA:2.0249 CE:2.2323
2026-03-04 21:00:54,760 - utils.logger2026-03-04-21.00.42 - INFO - Cur epoch 3 loss TA:1.0164 TV:1.0116 VA:2.0123 CE:2.3050
2026-03-04 21:00:55,160 - utils.logger2026-03-04-21.00.42 - INFO - saving the model at the end of epoch 3, iters 84
2026-03-04 21:00:55,305 - utils.logger2026-03-04-21.00.42 - INFO - End of training epoch 3 / 40 	 Time Taken: 2 sec
2026-03-04 21:00:55,306 - utils.logger2026-03-04-21.00.42 - INFO - learning rate = 0.0002000
2026-03-04 21:00:55,861 - utils.logger2026-03-04-21.00.42 - INFO - Val result of epoch 3 / 40 acc 0.6652 MAE 0.4258 f1 0.6673
2026-03-04 21:00:56,595 - utils.logger2026-03-04-21.00.42 - INFO - Tst result of epoch 3 / 40 acc 0.6652 MAE 0.4258 f1 0.6673
2026-03-04 21:00:57,764 - utils.logger2026-03-04-21.00.42 - INFO - Cur epoch 4 loss TA:0.9791 TV:0.9666 VA:1.9367 CE:2.3862
2026-03-04 21:00:58,654 - utils.logger2026-03-04-21.00.42 - INFO - Cur epoch 4 loss TA:0.9701 TV:0.9582 VA:1.9443 CE:2.1151
2026-03-04 21:00:59,532 - utils.logger2026-03-04-21.00.42 - INFO - Cur epoch 4 loss TA:0.9610 TV:0.9626 VA:1.9282 CE:3.5237
2026-03-04 21:00:59,750 - utils.logger2026-03-04-21.00.42 - INFO - saving the model at the end of epoch 4, iters 112
2026-03-04 21:00:59,888 - utils.logger2026-03-04-21.00.42 - INFO - End of training epoch 4 / 40 	 Time Taken: 3 sec
2026-03-04 21:00:59,888 - utils.logger2026-03-04-21.00.42 - INFO - learning rate = 0.0002000
2026-03-04 21:01:00,381 - utils.logger2026-03-04-21.00.42 - INFO - Val result of epoch 4 / 40 acc 0.6518 MAE 0.5150 f1 0.6628
2026-03-04 21:01:00,878 - utils.logger2026-03-04-21.00.42 - INFO - Tst result of epoch 4 / 40 acc 0.6518 MAE 0.5150 f1 0.6628
2026-03-04 21:01:01,893 - utils.logger2026-03-04-21.00.42 - INFO - Cur epoch 5 loss TA:0.9380 TV:0.9453 VA:1.9013 CE:2.2911
2026-03-04 21:01:02,723 - utils.logger2026-03-04-21.00.42 - INFO - Cur epoch 5 loss TA:0.9282 TV:0.9366 VA:1.8343 CE:2.0496
2026-03-04 21:01:03,597 - utils.logger2026-03-04-21.00.42 - INFO - Cur epoch 5 loss TA:0.6663 TV:0.6470 VA:1.3097 CE:2.1827
2026-03-04 21:01:03,673 - utils.logger2026-03-04-21.00.42 - INFO - saving the model at the end of epoch 5, iters 140
2026-03-04 21:01:03,810 - utils.logger2026-03-04-21.00.42 - INFO - End of training epoch 5 / 40 	 Time Taken: 2 sec
2026-03-04 21:01:03,810 - utils.logger2026-03-04-21.00.42 - INFO - learning rate = 0.0002000
2026-03-04 21:01:04,316 - utils.logger2026-03-04-21.00.42 - INFO - Val result of epoch 5 / 40 acc 0.7455 MAE 0.5834 f1 0.7702
2026-03-04 21:01:04,865 - utils.logger2026-03-04-21.00.42 - INFO - Tst result of epoch 5 / 40 acc 0.7455 MAE 0.5834 f1 0.7702
2026-03-04 21:01:06,035 - utils.logger2026-03-04-21.00.42 - INFO - Cur epoch 6 loss TA:0.9163 TV:0.9147 VA:1.7984 CE:1.5995
2026-03-04 21:01:06,984 - utils.logger2026-03-04-21.00.42 - INFO - Cur epoch 6 loss TA:0.9149 TV:0.9165 VA:1.8354 CE:2.3198
2026-03-04 21:01:07,833 - utils.logger2026-03-04-21.00.42 - INFO - saving the model at the end of epoch 6, iters 168
2026-03-04 21:01:07,983 - utils.logger2026-03-04-21.00.42 - INFO - End of training epoch 6 / 40 	 Time Taken: 3 sec
2026-03-04 21:01:07,984 - utils.logger2026-03-04-21.00.42 - INFO - learning rate = 0.0002000
2026-03-04 21:01:08,504 - utils.logger2026-03-04-21.00.42 - INFO - Val result of epoch 6 / 40 acc 0.7812 MAE 0.6189 f1 0.8017
2026-03-04 21:01:09,060 - utils.logger2026-03-04-21.00.42 - INFO - Tst result of epoch 6 / 40 acc 0.7812 MAE 0.6189 f1 0.8017
2026-03-04 21:01:09,653 - utils.logger2026-03-04-21.00.42 - INFO - Cur epoch 7 loss TA:0.9051 TV:0.9053 VA:1.7958 CE:1.5934
2026-03-04 21:01:10,642 - utils.logger2026-03-04-21.00.42 - INFO - Cur epoch 7 loss TA:0.9130 TV:0.8901 VA:1.8185 CE:1.5216
2026-03-04 21:01:11,641 - utils.logger2026-03-04-21.00.42 - INFO - Cur epoch 7 loss TA:0.8865 TV:0.8924 VA:1.7873 CE:2.2412
2026-03-04 21:01:12,279 - utils.logger2026-03-04-21.00.42 - INFO - saving the model at the end of epoch 7, iters 196
2026-03-04 21:01:12,440 - utils.logger2026-03-04-21.00.42 - INFO - End of training epoch 7 / 40 	 Time Taken: 3 sec
2026-03-04 21:01:12,441 - utils.logger2026-03-04-21.00.42 - INFO - learning rate = 0.0002000
2026-03-04 21:01:13,000 - utils.logger2026-03-04-21.00.42 - INFO - Val result of epoch 7 / 40 acc 0.7232 MAE 0.6282 f1 0.7385
2026-03-04 21:01:13,571 - utils.logger2026-03-04-21.00.42 - INFO - Tst result of epoch 7 / 40 acc 0.7232 MAE 0.6282 f1 0.7385
2026-03-04 21:01:14,334 - utils.logger2026-03-04-21.00.42 - INFO - Cur epoch 8 loss TA:0.8803 TV:0.8915 VA:1.7875 CE:1.3384
2026-03-04 21:01:15,325 - utils.logger2026-03-04-21.00.42 - INFO - Cur epoch 8 loss TA:0.8912 TV:0.8839 VA:1.7548 CE:1.3181
2026-03-04 21:01:16,329 - utils.logger2026-03-04-21.00.42 - INFO - Cur epoch 8 loss TA:0.8884 TV:0.8925 VA:1.7583 CE:1.3057
2026-03-04 21:01:16,819 - utils.logger2026-03-04-21.00.42 - INFO - saving the model at the end of epoch 8, iters 224
2026-03-04 21:01:16,966 - utils.logger2026-03-04-21.00.42 - INFO - End of training epoch 8 / 40 	 Time Taken: 3 sec
2026-03-04 21:01:16,967 - utils.logger2026-03-04-21.00.42 - INFO - learning rate = 0.0002000
2026-03-04 21:01:17,543 - utils.logger2026-03-04-21.00.42 - INFO - Val result of epoch 8 / 40 acc 0.7232 MAE 0.6203 f1 0.7394
2026-03-04 21:01:18,134 - utils.logger2026-03-04-21.00.42 - INFO - Tst result of epoch 8 / 40 acc 0.7232 MAE 0.6203 f1 0.7394
2026-03-04 21:01:19,158 - utils.logger2026-03-04-21.00.42 - INFO - Cur epoch 9 loss TA:0.8614 TV:0.8605 VA:1.7182 CE:1.2071
2026-03-04 21:01:20,124 - utils.logger2026-03-04-21.00.42 - INFO - Cur epoch 9 loss TA:0.8775 TV:0.8651 VA:1.7381 CE:1.2172
2026-03-04 21:01:21,057 - utils.logger2026-03-04-21.00.42 - INFO - Cur epoch 9 loss TA:0.8710 TV:0.8664 VA:1.7263 CE:1.3668
2026-03-04 21:01:21,309 - utils.logger2026-03-04-21.00.42 - INFO - saving the model at the end of epoch 9, iters 252
2026-03-04 21:01:21,461 - utils.logger2026-03-04-21.00.42 - INFO - End of training epoch 9 / 40 	 Time Taken: 3 sec
2026-03-04 21:01:21,461 - utils.logger2026-03-04-21.00.42 - INFO - learning rate = 0.0002000
2026-03-04 21:01:22,008 - utils.logger2026-03-04-21.00.42 - INFO - Val result of epoch 9 / 40 acc 0.7411 MAE 0.6344 f1 0.7584
2026-03-04 21:01:22,581 - utils.logger2026-03-04-21.00.42 - INFO - Tst result of epoch 9 / 40 acc 0.7411 MAE 0.6344 f1 0.7584
2026-03-04 21:01:23,741 - utils.logger2026-03-04-21.00.42 - INFO - Cur epoch 10 loss TA:0.8529 TV:0.8451 VA:1.7260 CE:1.1803
2026-03-04 21:01:24,788 - utils.logger2026-03-04-21.00.42 - INFO - Cur epoch 10 loss TA:0.8547 TV:0.8549 VA:1.7006 CE:1.1940
2026-03-04 21:01:25,758 - utils.logger2026-03-04-21.00.42 - INFO - Cur epoch 10 loss TA:0.5384 TV:0.5247 VA:1.0697 CE:1.2729
2026-03-04 21:01:25,829 - utils.logger2026-03-04-21.00.42 - INFO - saving the model at the end of epoch 10, iters 280
2026-03-04 21:01:26,027 - utils.logger2026-03-04-21.00.42 - INFO - End of training epoch 10 / 40 	 Time Taken: 3 sec
2026-03-04 21:01:26,027 - utils.logger2026-03-04-21.00.42 - INFO - learning rate = 0.0002000
2026-03-04 21:01:26,644 - utils.logger2026-03-04-21.00.42 - INFO - Val result of epoch 10 / 40 acc 0.7188 MAE 0.6449 f1 0.7338
2026-03-04 21:01:27,220 - utils.logger2026-03-04-21.00.42 - INFO - Tst result of epoch 10 / 40 acc 0.7188 MAE 0.6449 f1 0.7338
2026-03-04 21:01:28,625 - utils.logger2026-03-04-21.00.42 - INFO - Cur epoch 11 loss TA:0.8265 TV:0.8361 VA:1.6950 CE:0.9674
2026-03-04 21:01:29,634 - utils.logger2026-03-04-21.00.42 - INFO - Cur epoch 11 loss TA:0.8341 TV:0.8453 VA:1.6745 CE:1.1197
2026-03-04 21:01:30,477 - utils.logger2026-03-04-21.00.42 - INFO - saving the model at the end of epoch 11, iters 308
2026-03-04 21:01:30,629 - utils.logger2026-03-04-21.00.42 - INFO - End of training epoch 11 / 40 	 Time Taken: 3 sec
2026-03-04 21:01:30,629 - utils.logger2026-03-04-21.00.42 - INFO - learning rate = 0.0002000
2026-03-04 21:01:31,217 - utils.logger2026-03-04-21.00.42 - INFO - Val result of epoch 11 / 40 acc 0.7143 MAE 0.6726 f1 0.7252
2026-03-04 21:01:31,766 - utils.logger2026-03-04-21.00.42 - INFO - Tst result of epoch 11 / 40 acc 0.7143 MAE 0.6726 f1 0.7252
2026-03-04 21:01:32,336 - utils.logger2026-03-04-21.00.42 - INFO - Cur epoch 12 loss TA:0.8407 TV:0.8565 VA:1.6938 CE:0.8128
2026-03-04 21:01:33,323 - utils.logger2026-03-04-21.00.42 - INFO - Cur epoch 12 loss TA:0.8256 TV:0.8250 VA:1.6639 CE:0.9830
2026-03-04 21:01:34,321 - utils.logger2026-03-04-21.00.42 - INFO - Cur epoch 12 loss TA:0.8204 TV:0.8309 VA:1.6600 CE:0.7000
2026-03-04 21:01:34,966 - utils.logger2026-03-04-21.00.42 - INFO - saving the model at the end of epoch 12, iters 336
2026-03-04 21:01:35,127 - utils.logger2026-03-04-21.00.42 - INFO - End of training epoch 12 / 40 	 Time Taken: 3 sec
2026-03-04 21:01:35,127 - utils.logger2026-03-04-21.00.42 - INFO - learning rate = 0.0002000
2026-03-04 21:01:35,718 - utils.logger2026-03-04-21.00.42 - INFO - Val result of epoch 12 / 40 acc 0.6875 MAE 0.6440 f1 0.6909
2026-03-04 21:01:36,267 - utils.logger2026-03-04-21.00.42 - INFO - Tst result of epoch 12 / 40 acc 0.6875 MAE 0.6440 f1 0.6909
2026-03-04 21:01:37,043 - utils.logger2026-03-04-21.00.42 - INFO - Cur epoch 13 loss TA:0.7704 TV:0.7897 VA:1.5878 CE:1.0232
2026-03-04 21:01:37,977 - utils.logger2026-03-04-21.00.42 - INFO - Cur epoch 13 loss TA:0.8112 TV:0.8267 VA:1.6449 CE:0.9660
2026-03-04 21:01:38,967 - utils.logger2026-03-04-21.00.42 - INFO - Cur epoch 13 loss TA:0.7941 TV:0.8055 VA:1.6068 CE:0.9013
2026-03-04 21:01:39,447 - utils.logger2026-03-04-21.00.42 - INFO - saving the model at the end of epoch 13, iters 364
2026-03-04 21:01:39,593 - utils.logger2026-03-04-21.00.42 - INFO - End of training epoch 13 / 40 	 Time Taken: 3 sec
2026-03-04 21:01:39,593 - utils.logger2026-03-04-21.00.42 - INFO - learning rate = 0.0002000
2026-03-04 21:01:40,159 - utils.logger2026-03-04-21.00.42 - INFO - Val result of epoch 13 / 40 acc 0.7723 MAE 0.6606 f1 0.7916
2026-03-04 21:01:40,694 - utils.logger2026-03-04-21.00.42 - INFO - Tst result of epoch 13 / 40 acc 0.7723 MAE 0.6606 f1 0.7916
2026-03-04 21:01:41,550 - utils.logger2026-03-04-21.00.42 - INFO - Cur epoch 14 loss TA:0.7920 TV:0.7995 VA:1.5775 CE:0.9553
2026-03-04 21:01:42,459 - utils.logger2026-03-04-21.00.42 - INFO - Cur epoch 14 loss TA:0.7962 TV:0.8165 VA:1.6013 CE:0.7599
2026-03-04 21:01:43,370 - utils.logger2026-03-04-21.00.42 - INFO - Cur epoch 14 loss TA:0.7644 TV:0.7960 VA:1.6651 CE:0.7927
2026-03-04 21:01:43,616 - utils.logger2026-03-04-21.00.42 - INFO - saving the model at the end of epoch 14, iters 392
2026-03-04 21:01:43,756 - utils.logger2026-03-04-21.00.42 - INFO - End of training epoch 14 / 40 	 Time Taken: 3 sec
2026-03-04 21:01:43,757 - utils.logger2026-03-04-21.00.42 - INFO - learning rate = 0.0002000
2026-03-04 21:01:44,320 - utils.logger2026-03-04-21.00.42 - INFO - Val result of epoch 14 / 40 acc 0.7009 MAE 0.6596 f1 0.7074
2026-03-04 21:01:44,814 - utils.logger2026-03-04-21.00.42 - INFO - Tst result of epoch 14 / 40 acc 0.7009 MAE 0.6596 f1 0.7074
2026-03-04 21:01:45,830 - utils.logger2026-03-04-21.00.42 - INFO - Cur epoch 15 loss TA:0.8053 TV:0.7832 VA:1.5870 CE:0.8033
2026-03-04 21:01:46,671 - utils.logger2026-03-04-21.00.42 - INFO - Cur epoch 15 loss TA:0.7943 TV:0.7944 VA:1.5375 CE:0.8979
2026-03-04 21:01:47,499 - utils.logger2026-03-04-21.00.42 - INFO - Cur epoch 15 loss TA:0.5110 TV:0.5112 VA:1.0851 CE:0.8544
2026-03-04 21:01:47,555 - utils.logger2026-03-04-21.00.42 - INFO - saving the model at the end of epoch 15, iters 420
2026-03-04 21:01:47,698 - utils.logger2026-03-04-21.00.42 - INFO - End of training epoch 15 / 40 	 Time Taken: 2 sec
2026-03-04 21:01:47,698 - utils.logger2026-03-04-21.00.42 - INFO - learning rate = 0.0002000
2026-03-04 21:01:48,211 - utils.logger2026-03-04-21.00.42 - INFO - Val result of epoch 15 / 40 acc 0.7545 MAE 0.6686 f1 0.7718
2026-03-04 21:01:48,708 - utils.logger2026-03-04-21.00.42 - INFO - Tst result of epoch 15 / 40 acc 0.7545 MAE 0.6686 f1 0.7718
2026-03-04 21:01:49,865 - utils.logger2026-03-04-21.00.42 - INFO - Cur epoch 16 loss TA:0.7697 TV:0.7904 VA:1.5875 CE:0.5600
2026-03-04 21:01:50,698 - utils.logger2026-03-04-21.00.42 - INFO - Cur epoch 16 loss TA:0.7247 TV:0.7810 VA:1.5191 CE:0.6796
2026-03-04 21:01:51,478 - utils.logger2026-03-04-21.00.42 - INFO - saving the model at the end of epoch 16, iters 448
2026-03-04 21:01:51,618 - utils.logger2026-03-04-21.00.42 - INFO - End of training epoch 16 / 40 	 Time Taken: 2 sec
2026-03-04 21:01:51,618 - utils.logger2026-03-04-21.00.42 - INFO - learning rate = 0.0002000
2026-03-04 21:01:52,112 - utils.logger2026-03-04-21.00.42 - INFO - Val result of epoch 16 / 40 acc 0.7589 MAE 0.6505 f1 0.7845
2026-03-04 21:01:52,631 - utils.logger2026-03-04-21.00.42 - INFO - Tst result of epoch 16 / 40 acc 0.7589 MAE 0.6505 f1 0.7845
2026-03-04 21:01:53,205 - utils.logger2026-03-04-21.00.42 - INFO - Cur epoch 17 loss TA:0.7744 TV:0.7998 VA:1.5112 CE:0.5094
2026-03-04 21:01:54,058 - utils.logger2026-03-04-21.00.42 - INFO - Cur epoch 17 loss TA:0.7499 TV:0.7567 VA:1.5555 CE:0.6185
2026-03-04 21:01:54,898 - utils.logger2026-03-04-21.00.42 - INFO - Cur epoch 17 loss TA:0.7415 TV:0.7497 VA:1.5557 CE:0.4878
2026-03-04 21:01:55,501 - utils.logger2026-03-04-21.00.42 - INFO - saving the model at the end of epoch 17, iters 476
2026-03-04 21:01:55,644 - utils.logger2026-03-04-21.00.42 - INFO - End of training epoch 17 / 40 	 Time Taken: 3 sec
2026-03-04 21:01:55,645 - utils.logger2026-03-04-21.00.42 - INFO - learning rate = 0.0002000
2026-03-04 21:01:56,188 - utils.logger2026-03-04-21.00.42 - INFO - Val result of epoch 17 / 40 acc 0.7500 MAE 0.6595 f1 0.7671
2026-03-04 21:01:56,719 - utils.logger2026-03-04-21.00.42 - INFO - Tst result of epoch 17 / 40 acc 0.7500 MAE 0.6595 f1 0.7671
2026-03-04 21:01:57,391 - utils.logger2026-03-04-21.00.42 - INFO - Cur epoch 18 loss TA:0.7371 TV:0.7429 VA:1.4852 CE:0.5278
2026-03-04 21:01:58,298 - utils.logger2026-03-04-21.00.42 - INFO - Cur epoch 18 loss TA:0.7568 TV:0.7659 VA:1.5604 CE:0.6732
2026-03-04 21:01:59,107 - utils.logger2026-03-04-21.00.42 - INFO - Cur epoch 18 loss TA:0.7524 TV:0.7478 VA:1.4917 CE:0.6405
2026-03-04 21:01:59,484 - utils.logger2026-03-04-21.00.42 - INFO - saving the model at the end of epoch 18, iters 504
2026-03-04 21:01:59,622 - utils.logger2026-03-04-21.00.42 - INFO - End of training epoch 18 / 40 	 Time Taken: 2 sec
2026-03-04 21:01:59,623 - utils.logger2026-03-04-21.00.42 - INFO - learning rate = 0.0002000
2026-03-04 21:02:00,139 - utils.logger2026-03-04-21.00.42 - INFO - Val result of epoch 18 / 40 acc 0.7545 MAE 0.6624 f1 0.7718
2026-03-04 21:02:00,711 - utils.logger2026-03-04-21.00.42 - INFO - Tst result of epoch 18 / 40 acc 0.7545 MAE 0.6624 f1 0.7718
2026-03-04 21:02:01,691 - utils.logger2026-03-04-21.00.42 - INFO - Cur epoch 19 loss TA:0.7635 TV:0.7616 VA:1.5616 CE:0.6125
2026-03-04 21:02:02,625 - utils.logger2026-03-04-21.00.42 - INFO - Cur epoch 19 loss TA:0.7800 TV:0.7637 VA:1.4965 CE:0.6259
2026-03-04 21:02:03,633 - utils.logger2026-03-04-21.00.42 - INFO - Cur epoch 19 loss TA:0.7771 TV:0.7719 VA:1.5301 CE:0.4878
2026-03-04 21:02:03,886 - utils.logger2026-03-04-21.00.42 - INFO - saving the model at the end of epoch 19, iters 532
2026-03-04 21:02:04,025 - utils.logger2026-03-04-21.00.42 - INFO - End of training epoch 19 / 40 	 Time Taken: 3 sec
2026-03-04 21:02:04,025 - utils.logger2026-03-04-21.00.42 - INFO - learning rate = 0.0002000
2026-03-04 21:02:04,565 - utils.logger2026-03-04-21.00.42 - INFO - Val result of epoch 19 / 40 acc 0.7500 MAE 0.6712 f1 0.7672
2026-03-04 21:02:05,109 - utils.logger2026-03-04-21.00.42 - INFO - Tst result of epoch 19 / 40 acc 0.7500 MAE 0.6712 f1 0.7672
2026-03-04 21:02:06,261 - utils.logger2026-03-04-21.00.42 - INFO - Cur epoch 20 loss TA:0.7219 TV:0.7666 VA:1.4816 CE:0.5199
2026-03-04 21:02:07,208 - utils.logger2026-03-04-21.00.42 - INFO - Cur epoch 20 loss TA:0.6999 TV:0.7196 VA:1.4634 CE:0.4197
2026-03-04 21:02:08,097 - utils.logger2026-03-04-21.00.42 - INFO - Cur epoch 20 loss TA:0.3837 TV:0.4545 VA:0.8826 CE:0.6765
2026-03-04 21:02:08,182 - utils.logger2026-03-04-21.00.42 - INFO - saving the model at the end of epoch 20, iters 560
2026-03-04 21:02:08,364 - utils.logger2026-03-04-21.00.42 - INFO - End of training epoch 20 / 40 	 Time Taken: 3 sec
2026-03-04 21:02:08,364 - utils.logger2026-03-04-21.00.42 - INFO - learning rate = 0.0002000
2026-03-04 21:02:08,915 - utils.logger2026-03-04-21.00.42 - INFO - Val result of epoch 20 / 40 acc 0.7589 MAE 0.6678 f1 0.7765
2026-03-04 21:02:09,445 - utils.logger2026-03-04-21.00.42 - INFO - Tst result of epoch 20 / 40 acc 0.7589 MAE 0.6678 f1 0.7765
2026-03-04 21:02:10,802 - utils.logger2026-03-04-21.00.42 - INFO - Cur epoch 21 loss TA:0.7319 TV:0.7339 VA:1.4635 CE:0.4642
2026-03-04 21:02:11,813 - utils.logger2026-03-04-21.00.42 - INFO - Cur epoch 21 loss TA:0.7404 TV:0.7582 VA:1.4759 CE:0.5077
2026-03-04 21:02:12,645 - utils.logger2026-03-04-21.00.42 - INFO - saving the model at the end of epoch 21, iters 588
2026-03-04 21:02:12,801 - utils.logger2026-03-04-21.00.42 - INFO - End of training epoch 21 / 40 	 Time Taken: 3 sec
2026-03-04 21:02:12,801 - utils.logger2026-03-04-21.00.42 - INFO - learning rate = 0.0002000
2026-03-04 21:02:13,355 - utils.logger2026-03-04-21.00.42 - INFO - Val result of epoch 21 / 40 acc 0.7188 MAE 0.6634 f1 0.7295
2026-03-04 21:02:13,906 - utils.logger2026-03-04-21.00.42 - INFO - Tst result of epoch 21 / 40 acc 0.7188 MAE 0.6634 f1 0.7295
2026-03-04 21:02:14,481 - utils.logger2026-03-04-21.00.42 - INFO - Cur epoch 22 loss TA:0.6849 TV:0.6870 VA:1.3271 CE:0.4657
2026-03-04 21:02:15,463 - utils.logger2026-03-04-21.00.42 - INFO - Cur epoch 22 loss TA:0.7050 TV:0.7083 VA:1.4588 CE:0.4412
2026-03-04 21:02:16,489 - utils.logger2026-03-04-21.00.42 - INFO - Cur epoch 22 loss TA:0.7034 TV:0.7053 VA:1.4551 CE:0.4373
2026-03-04 21:02:17,148 - utils.logger2026-03-04-21.00.42 - INFO - saving the model at the end of epoch 22, iters 616
2026-03-04 21:02:17,281 - utils.logger2026-03-04-21.00.42 - INFO - End of training epoch 22 / 40 	 Time Taken: 3 sec
2026-03-04 21:02:17,282 - utils.logger2026-03-04-21.00.42 - INFO - learning rate = 0.0002000
2026-03-04 21:02:17,804 - utils.logger2026-03-04-21.00.42 - INFO - Val result of epoch 22 / 40 acc 0.7500 MAE 0.6646 f1 0.7575
2026-03-04 21:02:18,391 - utils.logger2026-03-04-21.00.42 - INFO - Tst result of epoch 22 / 40 acc 0.7500 MAE 0.6646 f1 0.7575
2026-03-04 21:02:19,133 - utils.logger2026-03-04-21.00.42 - INFO - Cur epoch 23 loss TA:0.7117 TV:0.7552 VA:1.4420 CE:0.3987
2026-03-04 21:02:20,117 - utils.logger2026-03-04-21.00.42 - INFO - Cur epoch 23 loss TA:0.6875 TV:0.7075 VA:1.4284 CE:0.4502
2026-03-04 21:02:21,090 - utils.logger2026-03-04-21.00.42 - INFO - Cur epoch 23 loss TA:0.7177 TV:0.7111 VA:1.3693 CE:0.3237
2026-03-04 21:02:21,530 - utils.logger2026-03-04-21.00.42 - INFO - saving the model at the end of epoch 23, iters 644
2026-03-04 21:02:21,672 - utils.logger2026-03-04-21.00.42 - INFO - End of training epoch 23 / 40 	 Time Taken: 3 sec
2026-03-04 21:02:21,672 - utils.logger2026-03-04-21.00.42 - INFO - learning rate = 0.0002000
2026-03-04 21:02:22,204 - utils.logger2026-03-04-21.00.42 - INFO - Val result of epoch 23 / 40 acc 0.7634 MAE 0.6692 f1 0.7719
2026-03-04 21:02:22,766 - utils.logger2026-03-04-21.00.42 - INFO - Tst result of epoch 23 / 40 acc 0.7634 MAE 0.6692 f1 0.7719
2026-03-04 21:02:23,746 - utils.logger2026-03-04-21.00.42 - INFO - Cur epoch 24 loss TA:0.6750 TV:0.7059 VA:1.3731 CE:0.3298
2026-03-04 21:02:24,797 - utils.logger2026-03-04-21.00.42 - INFO - Cur epoch 24 loss TA:0.7085 TV:0.7093 VA:1.4048 CE:0.4037
2026-03-04 21:02:25,894 - utils.logger2026-03-04-21.00.42 - INFO - Cur epoch 24 loss TA:0.7164 TV:0.7025 VA:1.4435 CE:0.3941
2026-03-04 21:02:26,122 - utils.logger2026-03-04-21.00.42 - INFO - saving the model at the end of epoch 24, iters 672
2026-03-04 21:02:26,278 - utils.logger2026-03-04-21.00.42 - INFO - End of training epoch 24 / 40 	 Time Taken: 3 sec
2026-03-04 21:02:26,278 - utils.logger2026-03-04-21.00.42 - INFO - learning rate = 0.0002000
2026-03-04 21:02:26,783 - utils.logger2026-03-04-21.00.42 - INFO - Val result of epoch 24 / 40 acc 0.7768 MAE 0.6841 f1 0.7957
2026-03-04 21:02:27,288 - utils.logger2026-03-04-21.00.42 - INFO - Tst result of epoch 24 / 40 acc 0.7768 MAE 0.6841 f1 0.7957
2026-03-04 21:02:28,323 - utils.logger2026-03-04-21.00.42 - INFO - Cur epoch 25 loss TA:0.6958 TV:0.6983 VA:1.4113 CE:0.4309
2026-03-04 21:02:29,217 - utils.logger2026-03-04-21.00.42 - INFO - Cur epoch 25 loss TA:0.6523 TV:0.6732 VA:1.3537 CE:0.3973
2026-03-04 21:02:30,076 - utils.logger2026-03-04-21.00.42 - INFO - Cur epoch 25 loss TA:0.3853 TV:0.4192 VA:0.8569 CE:0.5166
2026-03-04 21:02:30,140 - utils.logger2026-03-04-21.00.42 - INFO - saving the model at the end of epoch 25, iters 700
2026-03-04 21:02:30,279 - utils.logger2026-03-04-21.00.42 - INFO - End of training epoch 25 / 40 	 Time Taken: 2 sec
2026-03-04 21:02:30,279 - utils.logger2026-03-04-21.00.42 - INFO - learning rate = 0.0002000
2026-03-04 21:02:30,815 - utils.logger2026-03-04-21.00.42 - INFO - Val result of epoch 25 / 40 acc 0.7679 MAE 0.6701 f1 0.7863
2026-03-04 21:02:31,350 - utils.logger2026-03-04-21.00.42 - INFO - Tst result of epoch 25 / 40 acc 0.7679 MAE 0.6701 f1 0.7863
2026-03-04 21:02:32,656 - utils.logger2026-03-04-21.00.42 - INFO - Cur epoch 26 loss TA:0.6970 TV:0.7084 VA:1.3475 CE:0.3215
2026-03-04 21:02:33,599 - utils.logger2026-03-04-21.00.42 - INFO - Cur epoch 26 loss TA:0.7067 TV:0.6950 VA:1.3630 CE:0.3683
2026-03-04 21:02:34,336 - utils.logger2026-03-04-21.00.42 - INFO - saving the model at the end of epoch 26, iters 728
2026-03-04 21:02:34,473 - utils.logger2026-03-04-21.00.42 - INFO - End of training epoch 26 / 40 	 Time Taken: 3 sec
2026-03-04 21:02:34,473 - utils.logger2026-03-04-21.00.42 - INFO - learning rate = 0.0002000
2026-03-04 21:02:34,978 - utils.logger2026-03-04-21.00.42 - INFO - Val result of epoch 26 / 40 acc 0.7366 MAE 0.6661 f1 0.7392
2026-03-04 21:02:35,467 - utils.logger2026-03-04-21.00.42 - INFO - Tst result of epoch 26 / 40 acc 0.7366 MAE 0.6661 f1 0.7392
2026-03-04 21:02:35,987 - utils.logger2026-03-04-21.00.42 - INFO - Cur epoch 27 loss TA:0.6817 TV:0.6800 VA:1.3388 CE:0.3379
2026-03-04 21:02:36,851 - utils.logger2026-03-04-21.00.42 - INFO - Cur epoch 27 loss TA:0.6491 TV:0.6740 VA:1.3432 CE:0.4503
2026-03-04 21:02:37,675 - utils.logger2026-03-04-21.00.42 - INFO - Cur epoch 27 loss TA:0.6927 TV:0.7342 VA:1.4808 CE:0.4188
2026-03-04 21:02:38,203 - utils.logger2026-03-04-21.00.42 - INFO - saving the model at the end of epoch 27, iters 756
2026-03-04 21:02:38,351 - utils.logger2026-03-04-21.00.42 - INFO - End of training epoch 27 / 40 	 Time Taken: 2 sec
2026-03-04 21:02:38,351 - utils.logger2026-03-04-21.00.42 - INFO - learning rate = 0.0002000
2026-03-04 21:02:38,901 - utils.logger2026-03-04-21.00.42 - INFO - Val result of epoch 27 / 40 acc 0.7768 MAE 0.6967 f1 0.7968
2026-03-04 21:02:39,428 - utils.logger2026-03-04-21.00.42 - INFO - Tst result of epoch 27 / 40 acc 0.7768 MAE 0.6967 f1 0.7968
2026-03-04 21:02:40,137 - utils.logger2026-03-04-21.00.42 - INFO - Cur epoch 28 loss TA:0.6978 TV:0.7019 VA:1.4558 CE:0.3513
2026-03-04 21:02:40,986 - utils.logger2026-03-04-21.00.42 - INFO - Cur epoch 28 loss TA:0.6639 TV:0.6664 VA:1.3180 CE:0.3977
2026-03-04 21:02:41,886 - utils.logger2026-03-04-21.00.42 - INFO - Cur epoch 28 loss TA:0.6501 TV:0.6720 VA:1.3465 CE:0.3705
2026-03-04 21:02:42,324 - utils.logger2026-03-04-21.00.42 - INFO - saving the model at the end of epoch 28, iters 784
2026-03-04 21:02:42,471 - utils.logger2026-03-04-21.00.42 - INFO - End of training epoch 28 / 40 	 Time Taken: 3 sec
2026-03-04 21:02:42,471 - utils.logger2026-03-04-21.00.42 - INFO - learning rate = 0.0002000
2026-03-04 21:02:43,010 - utils.logger2026-03-04-21.00.42 - INFO - Val result of epoch 28 / 40 acc 0.7500 MAE 0.6739 f1 0.7623
2026-03-04 21:02:43,497 - utils.logger2026-03-04-21.00.42 - INFO - Tst result of epoch 28 / 40 acc 0.7500 MAE 0.6739 f1 0.7623
2026-03-04 21:02:44,351 - utils.logger2026-03-04-21.00.42 - INFO - Cur epoch 29 loss TA:0.6557 TV:0.6644 VA:1.3153 CE:0.2474
2026-03-04 21:02:45,187 - utils.logger2026-03-04-21.00.42 - INFO - Cur epoch 29 loss TA:0.6649 TV:0.6841 VA:1.3478 CE:0.4606
2026-03-04 21:02:46,055 - utils.logger2026-03-04-21.00.42 - INFO - Cur epoch 29 loss TA:0.6442 TV:0.6556 VA:1.3660 CE:0.4358
2026-03-04 21:02:46,272 - utils.logger2026-03-04-21.00.42 - INFO - saving the model at the end of epoch 29, iters 812
2026-03-04 21:02:46,412 - utils.logger2026-03-04-21.00.42 - INFO - End of training epoch 29 / 40 	 Time Taken: 2 sec
2026-03-04 21:02:46,412 - utils.logger2026-03-04-21.00.42 - INFO - learning rate = 0.0002000
2026-03-04 21:02:46,921 - utils.logger2026-03-04-21.00.42 - INFO - Val result of epoch 29 / 40 acc 0.7723 MAE 0.6904 f1 0.7912
2026-03-04 21:02:47,405 - utils.logger2026-03-04-21.00.42 - INFO - Tst result of epoch 29 / 40 acc 0.7723 MAE 0.6904 f1 0.7912
2026-03-04 21:02:48,388 - utils.logger2026-03-04-21.00.42 - INFO - Cur epoch 30 loss TA:0.6782 TV:0.6749 VA:1.3722 CE:0.4460
2026-03-04 21:02:49,215 - utils.logger2026-03-04-21.00.42 - INFO - Cur epoch 30 loss TA:0.6676 TV:0.6847 VA:1.3475 CE:0.2976
2026-03-04 21:02:50,005 - utils.logger2026-03-04-21.00.42 - INFO - Cur epoch 30 loss TA:0.4349 TV:0.4422 VA:0.8380 CE:0.3017
2026-03-04 21:02:50,062 - utils.logger2026-03-04-21.00.42 - INFO - saving the model at the end of epoch 30, iters 840
2026-03-04 21:02:50,210 - utils.logger2026-03-04-21.00.42 - INFO - End of training epoch 30 / 40 	 Time Taken: 2 sec
2026-03-04 21:02:50,210 - utils.logger2026-03-04-21.00.42 - INFO - learning rate = 0.0001818
2026-03-04 21:02:50,748 - utils.logger2026-03-04-21.00.42 - INFO - Val result of epoch 30 / 40 acc 0.7366 MAE 0.6817 f1 0.7437
2026-03-04 21:02:51,270 - utils.logger2026-03-04-21.00.42 - INFO - Tst result of epoch 30 / 40 acc 0.7366 MAE 0.6817 f1 0.7437
2026-03-04 21:02:52,437 - utils.logger2026-03-04-21.00.42 - INFO - Cur epoch 31 loss TA:0.6608 TV:0.6519 VA:1.3369 CE:0.3696
2026-03-04 21:02:53,314 - utils.logger2026-03-04-21.00.42 - INFO - Cur epoch 31 loss TA:0.6322 TV:0.6350 VA:1.2858 CE:0.3921
2026-03-04 21:02:54,091 - utils.logger2026-03-04-21.00.42 - INFO - saving the model at the end of epoch 31, iters 868
2026-03-04 21:02:54,225 - utils.logger2026-03-04-21.00.42 - INFO - End of training epoch 31 / 40 	 Time Taken: 2 sec
2026-03-04 21:02:54,226 - utils.logger2026-03-04-21.00.42 - INFO - learning rate = 0.0001636
2026-03-04 21:02:54,811 - utils.logger2026-03-04-21.00.42 - INFO - Val result of epoch 31 / 40 acc 0.7991 MAE 0.6930 f1 0.8212
2026-03-04 21:02:55,317 - utils.logger2026-03-04-21.00.42 - INFO - Tst result of epoch 31 / 40 acc 0.7991 MAE 0.6930 f1 0.8212
2026-03-04 21:02:55,816 - utils.logger2026-03-04-21.00.42 - INFO - Cur epoch 32 loss TA:0.6490 TV:0.6523 VA:1.2985 CE:0.2379
2026-03-04 21:02:56,709 - utils.logger2026-03-04-21.00.42 - INFO - Cur epoch 32 loss TA:0.6163 TV:0.6270 VA:1.2992 CE:0.1905
2026-03-04 21:02:57,604 - utils.logger2026-03-04-21.00.42 - INFO - Cur epoch 32 loss TA:0.6366 TV:0.6436 VA:1.3013 CE:0.2813
2026-03-04 21:02:58,157 - utils.logger2026-03-04-21.00.42 - INFO - saving the model at the end of epoch 32, iters 896
2026-03-04 21:02:58,297 - utils.logger2026-03-04-21.00.42 - INFO - End of training epoch 32 / 40 	 Time Taken: 2 sec
2026-03-04 21:02:58,298 - utils.logger2026-03-04-21.00.42 - INFO - learning rate = 0.0001455
2026-03-04 21:02:58,851 - utils.logger2026-03-04-21.00.42 - INFO - Val result of epoch 32 / 40 acc 0.7946 MAE 0.6757 f1 0.8185
2026-03-04 21:02:59,385 - utils.logger2026-03-04-21.00.42 - INFO - Tst result of epoch 32 / 40 acc 0.7946 MAE 0.6757 f1 0.8185
2026-03-04 21:03:00,143 - utils.logger2026-03-04-21.00.42 - INFO - Cur epoch 33 loss TA:0.6147 TV:0.6282 VA:1.2657 CE:0.3605
2026-03-04 21:03:01,080 - utils.logger2026-03-04-21.00.42 - INFO - Cur epoch 33 loss TA:0.6694 TV:0.6463 VA:1.3081 CE:0.3284
2026-03-04 21:03:02,010 - utils.logger2026-03-04-21.00.42 - INFO - Cur epoch 33 loss TA:0.6343 TV:0.6268 VA:1.2853 CE:0.3099
2026-03-04 21:03:02,423 - utils.logger2026-03-04-21.00.42 - INFO - saving the model at the end of epoch 33, iters 924
2026-03-04 21:03:02,585 - utils.logger2026-03-04-21.00.42 - INFO - End of training epoch 33 / 40 	 Time Taken: 3 sec
2026-03-04 21:03:02,586 - utils.logger2026-03-04-21.00.42 - INFO - learning rate = 0.0001273
2026-03-04 21:03:03,186 - utils.logger2026-03-04-21.00.42 - INFO - Val result of epoch 33 / 40 acc 0.7411 MAE 0.6550 f1 0.7483
2026-03-04 21:03:03,726 - utils.logger2026-03-04-21.00.42 - INFO - Tst result of epoch 33 / 40 acc 0.7411 MAE 0.6550 f1 0.7483
2026-03-04 21:03:04,743 - utils.logger2026-03-04-21.00.42 - INFO - Cur epoch 34 loss TA:0.6114 TV:0.6474 VA:1.2899 CE:0.2699
2026-03-04 21:03:05,700 - utils.logger2026-03-04-21.00.42 - INFO - Cur epoch 34 loss TA:0.6403 TV:0.6673 VA:1.3163 CE:0.2880
2026-03-04 21:03:06,580 - utils.logger2026-03-04-21.00.42 - INFO - Cur epoch 34 loss TA:0.6498 TV:0.6391 VA:1.2472 CE:0.3157
2026-03-04 21:03:06,842 - utils.logger2026-03-04-21.00.42 - INFO - saving the model at the end of epoch 34, iters 952
2026-03-04 21:03:06,992 - utils.logger2026-03-04-21.00.42 - INFO - End of training epoch 34 / 40 	 Time Taken: 3 sec
2026-03-04 21:03:06,992 - utils.logger2026-03-04-21.00.42 - INFO - learning rate = 0.0001091
2026-03-04 21:03:07,554 - utils.logger2026-03-04-21.00.42 - INFO - Val result of epoch 34 / 40 acc 0.7500 MAE 0.6602 f1 0.7670
2026-03-04 21:03:08,083 - utils.logger2026-03-04-21.00.42 - INFO - Tst result of epoch 34 / 40 acc 0.7500 MAE 0.6602 f1 0.7670
2026-03-04 21:03:09,231 - utils.logger2026-03-04-21.00.42 - INFO - Cur epoch 35 loss TA:0.5971 TV:0.6341 VA:1.2859 CE:0.2351
2026-03-04 21:03:10,194 - utils.logger2026-03-04-21.00.42 - INFO - Cur epoch 35 loss TA:0.6224 TV:0.6210 VA:1.2903 CE:0.3344
2026-03-04 21:03:11,188 - utils.logger2026-03-04-21.00.42 - INFO - Cur epoch 35 loss TA:0.3209 TV:0.3561 VA:0.7207 CE:0.4275
2026-03-04 21:03:11,256 - utils.logger2026-03-04-21.00.42 - INFO - saving the model at the end of epoch 35, iters 980
2026-03-04 21:03:11,399 - utils.logger2026-03-04-21.00.42 - INFO - End of training epoch 35 / 40 	 Time Taken: 3 sec
2026-03-04 21:03:11,399 - utils.logger2026-03-04-21.00.42 - INFO - learning rate = 0.0000909
2026-03-04 21:03:11,936 - utils.logger2026-03-04-21.00.42 - INFO - Val result of epoch 35 / 40 acc 0.7411 MAE 0.6729 f1 0.7529
2026-03-04 21:03:12,513 - utils.logger2026-03-04-21.00.42 - INFO - Tst result of epoch 35 / 40 acc 0.7411 MAE 0.6729 f1 0.7529
2026-03-04 21:03:13,876 - utils.logger2026-03-04-21.00.42 - INFO - Cur epoch 36 loss TA:0.6076 TV:0.6057 VA:1.2422 CE:0.2125
2026-03-04 21:03:14,871 - utils.logger2026-03-04-21.00.42 - INFO - Cur epoch 36 loss TA:0.6042 TV:0.6202 VA:1.2330 CE:0.2189
2026-03-04 21:03:15,738 - utils.logger2026-03-04-21.00.42 - INFO - saving the model at the end of epoch 36, iters 1008
2026-03-04 21:03:15,889 - utils.logger2026-03-04-21.00.42 - INFO - End of training epoch 36 / 40 	 Time Taken: 3 sec
2026-03-04 21:03:15,889 - utils.logger2026-03-04-21.00.42 - INFO - learning rate = 0.0000727
2026-03-04 21:03:16,396 - utils.logger2026-03-04-21.00.42 - INFO - Val result of epoch 36 / 40 acc 0.7589 MAE 0.6795 f1 0.7718
2026-03-04 21:03:17,002 - utils.logger2026-03-04-21.00.42 - INFO - Tst result of epoch 36 / 40 acc 0.7589 MAE 0.6795 f1 0.7718
2026-03-04 21:03:17,592 - utils.logger2026-03-04-21.00.42 - INFO - Cur epoch 37 loss TA:0.6157 TV:0.6348 VA:1.2927 CE:0.2950
2026-03-04 21:03:18,603 - utils.logger2026-03-04-21.00.42 - INFO - Cur epoch 37 loss TA:0.6099 TV:0.5932 VA:1.2418 CE:0.2951
2026-03-04 21:03:19,580 - utils.logger2026-03-04-21.00.42 - INFO - Cur epoch 37 loss TA:0.6384 TV:0.6113 VA:1.2819 CE:0.3504
2026-03-04 21:03:20,219 - utils.logger2026-03-04-21.00.42 - INFO - saving the model at the end of epoch 37, iters 1036
2026-03-04 21:03:20,402 - utils.logger2026-03-04-21.00.42 - INFO - End of training epoch 37 / 40 	 Time Taken: 3 sec
2026-03-04 21:03:20,402 - utils.logger2026-03-04-21.00.42 - INFO - learning rate = 0.0000545
2026-03-04 21:03:20,945 - utils.logger2026-03-04-21.00.42 - INFO - Val result of epoch 37 / 40 acc 0.7768 MAE 0.6806 f1 0.7908
2026-03-04 21:03:21,546 - utils.logger2026-03-04-21.00.42 - INFO - Tst result of epoch 37 / 40 acc 0.7768 MAE 0.6806 f1 0.7908
2026-03-04 21:03:22,323 - utils.logger2026-03-04-21.00.42 - INFO - Cur epoch 38 loss TA:0.6345 TV:0.6229 VA:1.2960 CE:0.2447
2026-03-04 21:03:23,332 - utils.logger2026-03-04-21.00.42 - INFO - Cur epoch 38 loss TA:0.5960 TV:0.6310 VA:1.2548 CE:0.2388
2026-03-04 21:03:24,327 - utils.logger2026-03-04-21.00.42 - INFO - Cur epoch 38 loss TA:0.6432 TV:0.6362 VA:1.3065 CE:0.2138
2026-03-04 21:03:24,759 - utils.logger2026-03-04-21.00.42 - INFO - saving the model at the end of epoch 38, iters 1064
2026-03-04 21:03:24,910 - utils.logger2026-03-04-21.00.42 - INFO - End of training epoch 38 / 40 	 Time Taken: 3 sec
2026-03-04 21:03:24,910 - utils.logger2026-03-04-21.00.42 - INFO - learning rate = 0.0000364
2026-03-04 21:03:25,437 - utils.logger2026-03-04-21.00.42 - INFO - Val result of epoch 38 / 40 acc 0.7634 MAE 0.6756 f1 0.7766
2026-03-04 21:03:25,990 - utils.logger2026-03-04-21.00.42 - INFO - Tst result of epoch 38 / 40 acc 0.7634 MAE 0.6756 f1 0.7766
2026-03-04 21:03:26,820 - utils.logger2026-03-04-21.00.42 - INFO - Cur epoch 39 loss TA:0.5840 TV:0.6146 VA:1.2369 CE:0.2085
2026-03-04 21:03:27,700 - utils.logger2026-03-04-21.00.42 - INFO - Cur epoch 39 loss TA:0.5807 TV:0.6022 VA:1.1948 CE:0.2548
2026-03-04 21:03:28,595 - utils.logger2026-03-04-21.00.42 - INFO - Cur epoch 39 loss TA:0.6131 TV:0.6165 VA:1.2329 CE:0.1883
2026-03-04 21:03:28,821 - utils.logger2026-03-04-21.00.42 - INFO - saving the model at the end of epoch 39, iters 1092
2026-03-04 21:03:28,974 - utils.logger2026-03-04-21.00.42 - INFO - End of training epoch 39 / 40 	 Time Taken: 2 sec
2026-03-04 21:03:28,974 - utils.logger2026-03-04-21.00.42 - INFO - learning rate = 0.0000182
2026-03-04 21:03:29,482 - utils.logger2026-03-04-21.00.42 - INFO - Val result of epoch 39 / 40 acc 0.7589 MAE 0.6750 f1 0.7718
2026-03-04 21:03:29,974 - utils.logger2026-03-04-21.00.42 - INFO - Tst result of epoch 39 / 40 acc 0.7589 MAE 0.6750 f1 0.7718
2026-03-04 21:03:31,061 - utils.logger2026-03-04-21.00.42 - INFO - Cur epoch 40 loss TA:0.5928 TV:0.6164 VA:1.2236 CE:0.2686
2026-03-04 21:03:31,896 - utils.logger2026-03-04-21.00.42 - INFO - Cur epoch 40 loss TA:0.5814 TV:0.5932 VA:1.2156 CE:0.2121
2026-03-04 21:03:32,736 - utils.logger2026-03-04-21.00.42 - INFO - Cur epoch 40 loss TA:0.2881 TV:0.2757 VA:0.5674 CE:0.3167
2026-03-04 21:03:32,801 - utils.logger2026-03-04-21.00.42 - INFO - saving the model at the end of epoch 40, iters 1120
2026-03-04 21:03:32,939 - utils.logger2026-03-04-21.00.42 - INFO - End of training epoch 40 / 40 	 Time Taken: 2 sec
2026-03-04 21:03:32,939 - utils.logger2026-03-04-21.00.42 - INFO - learning rate = 0.0000000
2026-03-04 21:03:33,476 - utils.logger2026-03-04-21.00.42 - INFO - Val result of epoch 40 / 40 acc 0.7723 MAE 0.6768 f1 0.7861
2026-03-04 21:03:33,973 - utils.logger2026-03-04-21.00.42 - INFO - Tst result of epoch 40 / 40 acc 0.7723 MAE 0.6768 f1 0.7861
2026-03-04 21:03:33,973 - utils.logger2026-03-04-21.00.42 - INFO - Best eval epoch 31 found with f1 0.821200
