2026-03-09 13:57:42,851 - utils.logger2026-03-09-13.57.42 - INFO - The number of training samples = 1750
2026-03-09 13:57:42,851 - utils.logger2026-03-09-13.57.42 - INFO - The number of testing samples = 224
2026-03-09 13:57:44,643 - utils.logger2026-03-09-13.57.42 - INFO - Cur epoch 1 loss TA:1.0329 TV:1.0347 VA:2.0763 CE:3.0787
2026-03-09 13:57:45,023 - utils.logger2026-03-09-13.57.42 - INFO - Cur epoch 1 loss TA:1.0352 TV:1.0312 VA:2.0652 CE:3.2140
2026-03-09 13:57:45,521 - utils.logger2026-03-09-13.57.42 - INFO - saving the model at the end of epoch 1, iters 28
2026-03-09 13:57:45,618 - utils.logger2026-03-09-13.57.42 - INFO - End of training epoch 1 / 40 	 Time Taken: 2 sec
2026-03-09 13:57:45,619 - utils.logger2026-03-09-13.57.42 - INFO - learning rate = 0.0002000
2026-03-09 13:57:46,067 - utils.logger2026-03-09-13.57.42 - INFO - Val result of epoch 1 / 40 mae 1.3542 corr 0.1260 f1 0.6339
2026-03-09 13:57:46,545 - utils.logger2026-03-09-13.57.42 - INFO - Tst result of epoch 1 / 40 mae 1.4997 corr 0.2884 f1 0.6719
2026-03-09 13:57:46,965 - utils.logger2026-03-09-13.57.42 - INFO - Cur epoch 2 loss TA:1.0313 TV:1.0266 VA:2.0641 CE:2.2356
2026-03-09 13:57:47,453 - utils.logger2026-03-09-13.57.42 - INFO - Cur epoch 2 loss TA:1.0231 TV:1.0117 VA:2.0502 CE:2.7890
2026-03-09 13:57:47,920 - utils.logger2026-03-09-13.57.42 - INFO - Cur epoch 2 loss TA:1.0200 TV:1.0006 VA:2.0391 CE:2.1894
2026-03-09 13:57:48,202 - utils.logger2026-03-09-13.57.42 - INFO - saving the model at the end of epoch 2, iters 56
2026-03-09 13:57:48,450 - utils.logger2026-03-09-13.57.42 - INFO - End of training epoch 2 / 40 	 Time Taken: 1 sec
2026-03-09 13:57:48,450 - utils.logger2026-03-09-13.57.42 - INFO - learning rate = 0.0002000
2026-03-09 13:57:48,891 - utils.logger2026-03-09-13.57.42 - INFO - Val result of epoch 2 / 40 mae 1.3454 corr 0.2029 f1 0.6122
2026-03-09 13:57:49,333 - utils.logger2026-03-09-13.57.42 - INFO - Tst result of epoch 2 / 40 mae 1.4691 corr 0.3723 f1 0.6345
2026-03-09 13:57:49,850 - utils.logger2026-03-09-13.57.42 - INFO - Cur epoch 3 loss TA:0.9862 TV:0.9698 VA:1.9844 CE:2.2246
2026-03-09 13:57:50,246 - utils.logger2026-03-09-13.57.42 - INFO - Cur epoch 3 loss TA:0.9689 TV:0.9525 VA:1.9465 CE:2.3820
2026-03-09 13:57:50,756 - utils.logger2026-03-09-13.57.42 - INFO - Cur epoch 3 loss TA:0.9789 TV:0.9682 VA:1.9614 CE:2.0786
2026-03-09 13:57:50,954 - utils.logger2026-03-09-13.57.42 - INFO - saving the model at the end of epoch 3, iters 84
2026-03-09 13:57:51,055 - utils.logger2026-03-09-13.57.42 - INFO - End of training epoch 3 / 40 	 Time Taken: 1 sec
2026-03-09 13:57:51,055 - utils.logger2026-03-09-13.57.42 - INFO - learning rate = 0.0002000
2026-03-09 13:57:51,480 - utils.logger2026-03-09-13.57.42 - INFO - Val result of epoch 3 / 40 mae 1.2539 corr 0.2778 f1 0.7147
2026-03-09 13:57:51,898 - utils.logger2026-03-09-13.57.42 - INFO - Tst result of epoch 3 / 40 mae 1.3973 corr 0.4436 f1 0.6909
2026-03-09 13:57:52,506 - utils.logger2026-03-09-13.57.42 - INFO - Cur epoch 4 loss TA:0.9372 TV:0.9199 VA:1.8476 CE:1.9079
2026-03-09 13:57:53,035 - utils.logger2026-03-09-13.57.42 - INFO - Cur epoch 4 loss TA:0.9484 TV:0.9420 VA:1.8939 CE:1.7871
2026-03-09 13:57:53,411 - utils.logger2026-03-09-13.57.42 - INFO - Cur epoch 4 loss TA:0.9364 TV:0.9339 VA:1.8425 CE:1.9452
2026-03-09 13:57:53,535 - utils.logger2026-03-09-13.57.42 - INFO - saving the model at the end of epoch 4, iters 112
2026-03-09 13:57:53,773 - utils.logger2026-03-09-13.57.42 - INFO - End of training epoch 4 / 40 	 Time Taken: 1 sec
2026-03-09 13:57:53,773 - utils.logger2026-03-09-13.57.42 - INFO - learning rate = 0.0002000
2026-03-09 13:57:54,212 - utils.logger2026-03-09-13.57.42 - INFO - Val result of epoch 4 / 40 mae 1.2059 corr 0.3920 f1 0.7278
2026-03-09 13:57:54,633 - utils.logger2026-03-09-13.57.42 - INFO - Tst result of epoch 4 / 40 mae 1.3364 corr 0.5129 f1 0.7422
2026-03-09 13:57:55,344 - utils.logger2026-03-09-13.57.42 - INFO - Cur epoch 5 loss TA:0.9231 TV:0.9297 VA:1.7952 CE:1.7720
2026-03-09 13:57:55,837 - utils.logger2026-03-09-13.57.42 - INFO - Cur epoch 5 loss TA:0.9075 TV:0.9052 VA:1.7909 CE:1.3990
2026-03-09 13:57:56,255 - utils.logger2026-03-09-13.57.42 - INFO - Cur epoch 5 loss TA:0.6403 TV:0.6507 VA:1.2371 CE:1.4563
2026-03-09 13:57:56,311 - utils.logger2026-03-09-13.57.42 - INFO - saving the model at the end of epoch 5, iters 140
2026-03-09 13:57:56,554 - utils.logger2026-03-09-13.57.42 - INFO - End of training epoch 5 / 40 	 Time Taken: 1 sec
2026-03-09 13:57:56,554 - utils.logger2026-03-09-13.57.42 - INFO - learning rate = 0.0002000
2026-03-09 13:57:57,034 - utils.logger2026-03-09-13.57.42 - INFO - Val result of epoch 5 / 40 mae 1.1618 corr 0.4474 f1 0.7316
2026-03-09 13:57:57,489 - utils.logger2026-03-09-13.57.42 - INFO - Tst result of epoch 5 / 40 mae 1.2979 corr 0.5376 f1 0.7384
2026-03-09 13:57:58,257 - utils.logger2026-03-09-13.57.42 - INFO - Cur epoch 6 loss TA:0.9075 TV:0.9204 VA:1.6988 CE:1.3958
2026-03-09 13:57:58,786 - utils.logger2026-03-09-13.57.42 - INFO - Cur epoch 6 loss TA:0.8958 TV:0.8853 VA:1.7205 CE:1.5389
2026-03-09 13:57:59,140 - utils.logger2026-03-09-13.57.42 - INFO - saving the model at the end of epoch 6, iters 168
2026-03-09 13:57:59,383 - utils.logger2026-03-09-13.57.42 - INFO - End of training epoch 6 / 40 	 Time Taken: 1 sec
2026-03-09 13:57:59,383 - utils.logger2026-03-09-13.57.42 - INFO - learning rate = 0.0002000
2026-03-09 13:57:59,834 - utils.logger2026-03-09-13.57.42 - INFO - Val result of epoch 6 / 40 mae 1.1047 corr 0.5199 f1 0.7597
2026-03-09 13:58:00,278 - utils.logger2026-03-09-13.57.42 - INFO - Tst result of epoch 6 / 40 mae 1.2679 corr 0.5631 f1 0.7422
2026-03-09 13:58:00,722 - utils.logger2026-03-09-13.57.42 - INFO - Cur epoch 7 loss TA:0.8726 TV:0.8711 VA:1.6766 CE:1.0868
2026-03-09 13:58:01,119 - utils.logger2026-03-09-13.57.42 - INFO - Cur epoch 7 loss TA:0.8673 TV:0.8875 VA:1.6597 CE:1.3015
2026-03-09 13:58:01,629 - utils.logger2026-03-09-13.57.42 - INFO - Cur epoch 7 loss TA:0.8695 TV:0.8835 VA:1.6750 CE:1.1261
2026-03-09 13:58:01,908 - utils.logger2026-03-09-13.57.42 - INFO - saving the model at the end of epoch 7, iters 196
2026-03-09 13:58:02,010 - utils.logger2026-03-09-13.57.42 - INFO - End of training epoch 7 / 40 	 Time Taken: 1 sec
2026-03-09 13:58:02,010 - utils.logger2026-03-09-13.57.42 - INFO - learning rate = 0.0002000
2026-03-09 13:58:02,447 - utils.logger2026-03-09-13.57.42 - INFO - Val result of epoch 7 / 40 mae 1.1274 corr 0.5291 f1 0.7355
2026-03-09 13:58:02,848 - utils.logger2026-03-09-13.57.42 - INFO - Tst result of epoch 7 / 40 mae 1.2190 corr 0.5650 f1 0.7468
2026-03-09 13:58:03,376 - utils.logger2026-03-09-13.57.42 - INFO - Cur epoch 8 loss TA:0.8301 TV:0.8549 VA:1.6427 CE:1.0326
2026-03-09 13:58:03,883 - utils.logger2026-03-09-13.57.42 - INFO - Cur epoch 8 loss TA:0.8482 TV:0.8573 VA:1.5615 CE:1.4343
2026-03-09 13:58:04,275 - utils.logger2026-03-09-13.57.42 - INFO - Cur epoch 8 loss TA:0.8519 TV:0.8768 VA:1.6614 CE:1.5840
2026-03-09 13:58:04,467 - utils.logger2026-03-09-13.57.42 - INFO - saving the model at the end of epoch 8, iters 224
2026-03-09 13:58:04,719 - utils.logger2026-03-09-13.57.42 - INFO - End of training epoch 8 / 40 	 Time Taken: 1 sec
2026-03-09 13:58:04,719 - utils.logger2026-03-09-13.57.42 - INFO - learning rate = 0.0002000
2026-03-09 13:58:05,157 - utils.logger2026-03-09-13.57.42 - INFO - Val result of epoch 8 / 40 mae 1.0627 corr 0.5489 f1 0.7582
2026-03-09 13:58:05,581 - utils.logger2026-03-09-13.57.42 - INFO - Tst result of epoch 8 / 40 mae 1.1956 corr 0.5833 f1 0.7537
2026-03-09 13:58:06,227 - utils.logger2026-03-09-13.57.42 - INFO - Cur epoch 9 loss TA:0.8384 TV:0.8425 VA:1.5238 CE:1.3599
2026-03-09 13:58:06,712 - utils.logger2026-03-09-13.57.42 - INFO - Cur epoch 9 loss TA:0.8250 TV:0.8307 VA:1.5608 CE:1.2436
2026-03-09 13:58:07,138 - utils.logger2026-03-09-13.57.42 - INFO - Cur epoch 9 loss TA:0.8262 TV:0.8591 VA:1.5739 CE:0.7970
2026-03-09 13:58:07,262 - utils.logger2026-03-09-13.57.42 - INFO - saving the model at the end of epoch 9, iters 252
2026-03-09 13:58:07,495 - utils.logger2026-03-09-13.57.42 - INFO - End of training epoch 9 / 40 	 Time Taken: 1 sec
2026-03-09 13:58:07,495 - utils.logger2026-03-09-13.57.42 - INFO - learning rate = 0.0002000
2026-03-09 13:58:07,962 - utils.logger2026-03-09-13.57.42 - INFO - Val result of epoch 9 / 40 mae 1.0368 corr 0.5780 f1 0.8009
2026-03-09 13:58:08,406 - utils.logger2026-03-09-13.57.42 - INFO - Tst result of epoch 9 / 40 mae 1.1805 corr 0.6050 f1 0.7772
2026-03-09 13:58:09,139 - utils.logger2026-03-09-13.57.42 - INFO - Cur epoch 10 loss TA:0.7694 TV:0.7851 VA:1.4653 CE:0.7157
2026-03-09 13:58:09,693 - utils.logger2026-03-09-13.57.42 - INFO - Cur epoch 10 loss TA:0.7828 TV:0.8090 VA:1.4777 CE:0.8218
2026-03-09 13:58:10,103 - utils.logger2026-03-09-13.57.42 - INFO - Cur epoch 10 loss TA:0.5199 TV:0.5381 VA:0.9482 CE:0.9787
2026-03-09 13:58:10,148 - utils.logger2026-03-09-13.57.42 - INFO - saving the model at the end of epoch 10, iters 280
2026-03-09 13:58:10,385 - utils.logger2026-03-09-13.57.42 - INFO - End of training epoch 10 / 40 	 Time Taken: 1 sec
2026-03-09 13:58:10,385 - utils.logger2026-03-09-13.57.42 - INFO - learning rate = 0.0002000
2026-03-09 13:58:10,826 - utils.logger2026-03-09-13.57.42 - INFO - Val result of epoch 10 / 40 mae 1.0054 corr 0.5804 f1 0.7900
2026-03-09 13:58:11,267 - utils.logger2026-03-09-13.57.42 - INFO - Tst result of epoch 10 / 40 mae 1.1426 corr 0.6084 f1 0.7861
2026-03-09 13:58:12,007 - utils.logger2026-03-09-13.57.42 - INFO - Cur epoch 11 loss TA:0.7796 TV:0.8018 VA:1.4763 CE:0.6338
2026-03-09 13:58:12,520 - utils.logger2026-03-09-13.57.42 - INFO - Cur epoch 11 loss TA:0.7872 TV:0.8028 VA:1.4653 CE:0.9550
2026-03-09 13:58:12,874 - utils.logger2026-03-09-13.57.42 - INFO - saving the model at the end of epoch 11, iters 308
2026-03-09 13:58:13,001 - utils.logger2026-03-09-13.57.42 - INFO - End of training epoch 11 / 40 	 Time Taken: 1 sec
2026-03-09 13:58:13,002 - utils.logger2026-03-09-13.57.42 - INFO - learning rate = 0.0002000
2026-03-09 13:58:13,464 - utils.logger2026-03-09-13.57.42 - INFO - Val result of epoch 11 / 40 mae 1.0460 corr 0.6063 f1 0.7884
2026-03-09 13:58:13,869 - utils.logger2026-03-09-13.57.42 - INFO - Tst result of epoch 11 / 40 mae 1.1863 corr 0.6055 f1 0.7815
2026-03-09 13:58:14,328 - utils.logger2026-03-09-13.57.42 - INFO - Cur epoch 12 loss TA:0.7373 TV:0.7454 VA:1.3749 CE:0.9308
2026-03-09 13:58:14,846 - utils.logger2026-03-09-13.57.42 - INFO - Cur epoch 12 loss TA:0.7535 TV:0.7860 VA:1.4081 CE:0.7570
2026-03-09 13:58:15,222 - utils.logger2026-03-09-13.57.42 - INFO - Cur epoch 12 loss TA:0.7825 TV:0.7999 VA:1.4324 CE:0.6153
2026-03-09 13:58:15,486 - utils.logger2026-03-09-13.57.42 - INFO - saving the model at the end of epoch 12, iters 336
2026-03-09 13:58:15,711 - utils.logger2026-03-09-13.57.42 - INFO - End of training epoch 12 / 40 	 Time Taken: 1 sec
2026-03-09 13:58:15,711 - utils.logger2026-03-09-13.57.42 - INFO - learning rate = 0.0002000
2026-03-09 13:58:16,175 - utils.logger2026-03-09-13.57.42 - INFO - Val result of epoch 12 / 40 mae 0.9999 corr 0.5964 f1 0.7937
2026-03-09 13:58:16,608 - utils.logger2026-03-09-13.57.42 - INFO - Tst result of epoch 12 / 40 mae 1.1576 corr 0.6125 f1 0.7964
2026-03-09 13:58:17,141 - utils.logger2026-03-09-13.57.42 - INFO - Cur epoch 13 loss TA:0.7179 TV:0.7527 VA:1.3450 CE:0.6530
2026-03-09 13:58:17,531 - utils.logger2026-03-09-13.57.42 - INFO - Cur epoch 13 loss TA:0.7309 TV:0.7422 VA:1.3131 CE:0.8166
2026-03-09 13:58:18,049 - utils.logger2026-03-09-13.57.42 - INFO - Cur epoch 13 loss TA:0.7547 TV:0.7475 VA:1.3719 CE:0.5662
2026-03-09 13:58:18,269 - utils.logger2026-03-09-13.57.42 - INFO - saving the model at the end of epoch 13, iters 364
2026-03-09 13:58:18,495 - utils.logger2026-03-09-13.57.42 - INFO - End of training epoch 13 / 40 	 Time Taken: 1 sec
2026-03-09 13:58:18,496 - utils.logger2026-03-09-13.57.42 - INFO - learning rate = 0.0002000
2026-03-09 13:58:18,943 - utils.logger2026-03-09-13.57.42 - INFO - Val result of epoch 13 / 40 mae 0.9629 corr 0.6090 f1 0.7781
2026-03-09 13:58:19,403 - utils.logger2026-03-09-13.57.42 - INFO - Tst result of epoch 13 / 40 mae 1.1429 corr 0.6087 f1 0.7817
2026-03-09 13:58:20,052 - utils.logger2026-03-09-13.57.42 - INFO - Cur epoch 14 loss TA:0.7377 TV:0.7341 VA:1.3505 CE:0.6800
2026-03-09 13:58:20,500 - utils.logger2026-03-09-13.57.42 - INFO - Cur epoch 14 loss TA:0.7289 TV:0.7584 VA:1.3201 CE:0.5810
2026-03-09 13:58:20,963 - utils.logger2026-03-09-13.57.42 - INFO - Cur epoch 14 loss TA:0.7246 TV:0.7450 VA:1.3762 CE:0.5113
2026-03-09 13:58:21,080 - utils.logger2026-03-09-13.57.42 - INFO - saving the model at the end of epoch 14, iters 392
2026-03-09 13:58:21,315 - utils.logger2026-03-09-13.57.42 - INFO - End of training epoch 14 / 40 	 Time Taken: 1 sec
2026-03-09 13:58:21,315 - utils.logger2026-03-09-13.57.42 - INFO - learning rate = 0.0002000
2026-03-09 13:58:21,762 - utils.logger2026-03-09-13.57.42 - INFO - Val result of epoch 14 / 40 mae 0.9687 corr 0.6121 f1 0.7837
2026-03-09 13:58:22,192 - utils.logger2026-03-09-13.57.42 - INFO - Tst result of epoch 14 / 40 mae 1.1490 corr 0.6103 f1 0.7770
2026-03-09 13:58:22,895 - utils.logger2026-03-09-13.57.42 - INFO - Cur epoch 15 loss TA:0.7128 TV:0.7194 VA:1.2967 CE:0.5867
2026-03-09 13:58:23,368 - utils.logger2026-03-09-13.57.42 - INFO - Cur epoch 15 loss TA:0.7028 TV:0.7242 VA:1.3313 CE:0.5409
2026-03-09 13:58:23,792 - utils.logger2026-03-09-13.57.42 - INFO - Cur epoch 15 loss TA:0.4430 TV:0.4546 VA:0.7892 CE:0.5678
2026-03-09 13:58:23,833 - utils.logger2026-03-09-13.57.42 - INFO - saving the model at the end of epoch 15, iters 420
2026-03-09 13:58:23,976 - utils.logger2026-03-09-13.57.42 - INFO - End of training epoch 15 / 40 	 Time Taken: 1 sec
2026-03-09 13:58:23,976 - utils.logger2026-03-09-13.57.42 - INFO - learning rate = 0.0002000
2026-03-09 13:58:24,413 - utils.logger2026-03-09-13.57.42 - INFO - Val result of epoch 15 / 40 mae 0.9924 corr 0.6188 f1 0.7762
2026-03-09 13:58:24,904 - utils.logger2026-03-09-13.57.42 - INFO - Tst result of epoch 15 / 40 mae 1.1517 corr 0.6041 f1 0.7628
2026-03-09 13:58:25,746 - utils.logger2026-03-09-13.57.42 - INFO - Cur epoch 16 loss TA:0.6840 TV:0.6961 VA:1.3078 CE:0.6056
2026-03-09 13:58:26,236 - utils.logger2026-03-09-13.57.42 - INFO - Cur epoch 16 loss TA:0.6950 TV:0.7267 VA:1.2848 CE:0.6966
2026-03-09 13:58:26,610 - utils.logger2026-03-09-13.57.42 - INFO - saving the model at the end of epoch 16, iters 448
2026-03-09 13:58:26,789 - utils.logger2026-03-09-13.57.42 - INFO - End of training epoch 16 / 40 	 Time Taken: 1 sec
2026-03-09 13:58:26,789 - utils.logger2026-03-09-13.57.42 - INFO - learning rate = 0.0002000
2026-03-09 13:58:27,274 - utils.logger2026-03-09-13.57.42 - INFO - Val result of epoch 16 / 40 mae 0.9940 corr 0.5980 f1 0.7880
2026-03-09 13:58:27,719 - utils.logger2026-03-09-13.57.42 - INFO - Tst result of epoch 16 / 40 mae 1.1669 corr 0.5941 f1 0.7676
2026-03-09 13:58:28,234 - utils.logger2026-03-09-13.57.42 - INFO - Cur epoch 17 loss TA:0.6640 TV:0.6797 VA:1.1740 CE:0.4717
2026-03-09 13:58:28,636 - utils.logger2026-03-09-13.57.42 - INFO - Cur epoch 17 loss TA:0.7111 TV:0.7147 VA:1.2808 CE:0.3998
2026-03-09 13:58:29,145 - utils.logger2026-03-09-13.57.42 - INFO - Cur epoch 17 loss TA:0.6609 TV:0.6807 VA:1.2467 CE:0.3734
2026-03-09 13:58:29,416 - utils.logger2026-03-09-13.57.42 - INFO - saving the model at the end of epoch 17, iters 476
2026-03-09 13:58:29,637 - utils.logger2026-03-09-13.57.42 - INFO - End of training epoch 17 / 40 	 Time Taken: 1 sec
2026-03-09 13:58:29,638 - utils.logger2026-03-09-13.57.42 - INFO - learning rate = 0.0002000
2026-03-09 13:58:30,135 - utils.logger2026-03-09-13.57.42 - INFO - Val result of epoch 17 / 40 mae 0.9823 corr 0.6149 f1 0.7681
2026-03-09 13:58:30,615 - utils.logger2026-03-09-13.57.42 - INFO - Tst result of epoch 17 / 40 mae 1.1451 corr 0.6064 f1 0.7630
2026-03-09 13:58:31,148 - utils.logger2026-03-09-13.57.42 - INFO - Cur epoch 18 loss TA:0.6423 TV:0.6542 VA:1.2363 CE:0.3395
2026-03-09 13:58:31,536 - utils.logger2026-03-09-13.57.42 - INFO - Cur epoch 18 loss TA:0.6652 TV:0.6705 VA:1.2015 CE:0.4589
2026-03-09 13:58:32,044 - utils.logger2026-03-09-13.57.42 - INFO - Cur epoch 18 loss TA:0.7167 TV:0.7250 VA:1.3073 CE:0.4251
2026-03-09 13:58:32,238 - utils.logger2026-03-09-13.57.42 - INFO - saving the model at the end of epoch 18, iters 504
2026-03-09 13:58:32,360 - utils.logger2026-03-09-13.57.42 - INFO - End of training epoch 18 / 40 	 Time Taken: 1 sec
2026-03-09 13:58:32,360 - utils.logger2026-03-09-13.57.42 - INFO - learning rate = 0.0002000
2026-03-09 13:58:32,785 - utils.logger2026-03-09-13.57.42 - INFO - Val result of epoch 18 / 40 mae 0.9860 corr 0.6078 f1 0.7979
2026-03-09 13:58:33,206 - utils.logger2026-03-09-13.57.42 - INFO - Tst result of epoch 18 / 40 mae 1.1564 corr 0.6185 f1 0.7636
2026-03-09 13:58:33,804 - utils.logger2026-03-09-13.57.42 - INFO - Cur epoch 19 loss TA:0.6489 TV:0.6662 VA:1.1734 CE:0.3644
2026-03-09 13:58:34,334 - utils.logger2026-03-09-13.57.42 - INFO - Cur epoch 19 loss TA:0.6138 TV:0.6233 VA:1.1759 CE:0.3930
2026-03-09 13:58:34,712 - utils.logger2026-03-09-13.57.42 - INFO - Cur epoch 19 loss TA:0.6600 TV:0.6694 VA:1.2153 CE:0.2530
2026-03-09 13:58:34,883 - utils.logger2026-03-09-13.57.42 - INFO - saving the model at the end of epoch 19, iters 532
2026-03-09 13:58:35,071 - utils.logger2026-03-09-13.57.42 - INFO - End of training epoch 19 / 40 	 Time Taken: 1 sec
2026-03-09 13:58:35,071 - utils.logger2026-03-09-13.57.42 - INFO - learning rate = 0.0002000
2026-03-09 13:58:35,524 - utils.logger2026-03-09-13.57.42 - INFO - Val result of epoch 19 / 40 mae 0.9966 corr 0.5873 f1 0.7949
2026-03-09 13:58:35,994 - utils.logger2026-03-09-13.57.42 - INFO - Tst result of epoch 19 / 40 mae 1.1309 corr 0.6174 f1 0.7535
2026-03-09 13:58:36,661 - utils.logger2026-03-09-13.57.42 - INFO - Cur epoch 20 loss TA:0.6535 TV:0.6729 VA:1.1979 CE:0.4200
2026-03-09 13:58:37,185 - utils.logger2026-03-09-13.57.42 - INFO - Cur epoch 20 loss TA:0.6478 TV:0.6503 VA:1.1646 CE:0.3843
2026-03-09 13:58:37,567 - utils.logger2026-03-09-13.57.42 - INFO - Cur epoch 20 loss TA:0.3740 TV:0.3902 VA:0.6791 CE:0.2789
2026-03-09 13:58:37,616 - utils.logger2026-03-09-13.57.42 - INFO - saving the model at the end of epoch 20, iters 560
2026-03-09 13:58:37,854 - utils.logger2026-03-09-13.57.42 - INFO - End of training epoch 20 / 40 	 Time Taken: 1 sec
2026-03-09 13:58:37,854 - utils.logger2026-03-09-13.57.42 - INFO - learning rate = 0.0001905
2026-03-09 13:58:38,306 - utils.logger2026-03-09-13.57.42 - INFO - Val result of epoch 20 / 40 mae 1.0199 corr 0.5972 f1 0.7881
2026-03-09 13:58:38,805 - utils.logger2026-03-09-13.57.42 - INFO - Tst result of epoch 20 / 40 mae 1.1305 corr 0.6192 f1 0.7817
2026-03-09 13:58:39,591 - utils.logger2026-03-09-13.57.42 - INFO - Cur epoch 21 loss TA:0.6150 TV:0.6345 VA:1.1390 CE:0.2737
2026-03-09 13:58:40,118 - utils.logger2026-03-09-13.57.42 - INFO - Cur epoch 21 loss TA:0.6516 TV:0.6707 VA:1.1816 CE:0.3341
2026-03-09 13:58:40,476 - utils.logger2026-03-09-13.57.42 - INFO - saving the model at the end of epoch 21, iters 588
2026-03-09 13:58:40,716 - utils.logger2026-03-09-13.57.42 - INFO - End of training epoch 21 / 40 	 Time Taken: 1 sec
2026-03-09 13:58:40,716 - utils.logger2026-03-09-13.57.42 - INFO - learning rate = 0.0001810
2026-03-09 13:58:41,178 - utils.logger2026-03-09-13.57.42 - INFO - Val result of epoch 21 / 40 mae 1.0044 corr 0.6177 f1 0.7797
2026-03-09 13:58:41,656 - utils.logger2026-03-09-13.57.42 - INFO - Tst result of epoch 21 / 40 mae 1.1399 corr 0.6265 f1 0.7814
2026-03-09 13:58:42,172 - utils.logger2026-03-09-13.57.42 - INFO - Cur epoch 22 loss TA:0.5892 TV:0.5970 VA:1.0738 CE:0.3771
2026-03-09 13:58:42,701 - utils.logger2026-03-09-13.57.42 - INFO - Cur epoch 22 loss TA:0.6049 TV:0.6124 VA:1.1443 CE:0.4174
2026-03-09 13:58:43,070 - utils.logger2026-03-09-13.57.42 - INFO - Cur epoch 22 loss TA:0.6718 TV:0.6837 VA:1.2204 CE:0.3120
2026-03-09 13:58:43,446 - utils.logger2026-03-09-13.57.42 - INFO - saving the model at the end of epoch 22, iters 616
2026-03-09 13:58:43,549 - utils.logger2026-03-09-13.57.42 - INFO - End of training epoch 22 / 40 	 Time Taken: 1 sec
2026-03-09 13:58:43,550 - utils.logger2026-03-09-13.57.42 - INFO - learning rate = 0.0001714
2026-03-09 13:58:44,007 - utils.logger2026-03-09-13.57.42 - INFO - Val result of epoch 22 / 40 mae 1.0126 corr 0.5917 f1 0.7826
2026-03-09 13:58:44,435 - utils.logger2026-03-09-13.57.42 - INFO - Tst result of epoch 22 / 40 mae 1.1860 corr 0.6112 f1 0.7628
2026-03-09 13:58:44,973 - utils.logger2026-03-09-13.57.42 - INFO - Cur epoch 23 loss TA:0.6160 TV:0.6195 VA:1.1363 CE:0.3731
2026-03-09 13:58:45,486 - utils.logger2026-03-09-13.57.42 - INFO - Cur epoch 23 loss TA:0.5953 TV:0.6025 VA:1.1229 CE:0.3643
2026-03-09 13:58:45,940 - utils.logger2026-03-09-13.57.42 - INFO - Cur epoch 23 loss TA:0.6014 TV:0.6179 VA:1.1282 CE:0.2407
2026-03-09 13:58:46,152 - utils.logger2026-03-09-13.57.42 - INFO - saving the model at the end of epoch 23, iters 644
2026-03-09 13:58:46,372 - utils.logger2026-03-09-13.57.42 - INFO - End of training epoch 23 / 40 	 Time Taken: 1 sec
2026-03-09 13:58:46,372 - utils.logger2026-03-09-13.57.42 - INFO - learning rate = 0.0001619
2026-03-09 13:58:46,813 - utils.logger2026-03-09-13.57.42 - INFO - Val result of epoch 23 / 40 mae 0.9878 corr 0.5984 f1 0.8042
2026-03-09 13:58:47,305 - utils.logger2026-03-09-13.57.42 - INFO - Tst result of epoch 23 / 40 mae 1.1442 corr 0.6089 f1 0.7721
2026-03-09 13:58:47,900 - utils.logger2026-03-09-13.57.42 - INFO - Cur epoch 24 loss TA:0.5935 TV:0.6095 VA:1.1337 CE:0.2718
2026-03-09 13:58:48,397 - utils.logger2026-03-09-13.57.42 - INFO - Cur epoch 24 loss TA:0.6227 TV:0.6319 VA:1.0957 CE:0.2559
2026-03-09 13:58:48,837 - utils.logger2026-03-09-13.57.42 - INFO - Cur epoch 24 loss TA:0.5904 TV:0.6033 VA:1.1083 CE:0.2498
2026-03-09 13:58:48,960 - utils.logger2026-03-09-13.57.42 - INFO - saving the model at the end of epoch 24, iters 672
2026-03-09 13:58:49,184 - utils.logger2026-03-09-13.57.42 - INFO - End of training epoch 24 / 40 	 Time Taken: 1 sec
2026-03-09 13:58:49,184 - utils.logger2026-03-09-13.57.42 - INFO - learning rate = 0.0001524
2026-03-09 13:58:49,622 - utils.logger2026-03-09-13.57.42 - INFO - Val result of epoch 24 / 40 mae 0.9796 corr 0.6137 f1 0.7998
2026-03-09 13:58:50,052 - utils.logger2026-03-09-13.57.42 - INFO - Tst result of epoch 24 / 40 mae 1.1585 corr 0.6102 f1 0.7724
2026-03-09 13:58:50,778 - utils.logger2026-03-09-13.57.42 - INFO - Cur epoch 25 loss TA:0.5878 TV:0.6021 VA:1.0705 CE:0.2742
2026-03-09 13:58:51,167 - utils.logger2026-03-09-13.57.42 - INFO - Cur epoch 25 loss TA:0.5984 TV:0.5973 VA:1.1168 CE:0.2517
2026-03-09 13:58:51,677 - utils.logger2026-03-09-13.57.42 - INFO - Cur epoch 25 loss TA:0.3372 TV:0.3512 VA:0.6491 CE:0.2433
2026-03-09 13:58:51,719 - utils.logger2026-03-09-13.57.42 - INFO - saving the model at the end of epoch 25, iters 700
2026-03-09 13:58:51,819 - utils.logger2026-03-09-13.57.42 - INFO - End of training epoch 25 / 40 	 Time Taken: 1 sec
2026-03-09 13:58:51,819 - utils.logger2026-03-09-13.57.42 - INFO - learning rate = 0.0001429
2026-03-09 13:58:52,260 - utils.logger2026-03-09-13.57.42 - INFO - Val result of epoch 25 / 40 mae 1.0227 corr 0.6036 f1 0.8026
2026-03-09 13:58:52,662 - utils.logger2026-03-09-13.57.42 - INFO - Tst result of epoch 25 / 40 mae 1.1391 corr 0.6282 f1 0.7722
2026-03-09 13:58:53,528 - utils.logger2026-03-09-13.57.42 - INFO - Cur epoch 26 loss TA:0.5824 TV:0.5829 VA:1.0848 CE:0.2822
2026-03-09 13:58:53,933 - utils.logger2026-03-09-13.57.42 - INFO - Cur epoch 26 loss TA:0.5987 TV:0.6046 VA:1.0623 CE:0.2683
2026-03-09 13:58:54,347 - utils.logger2026-03-09-13.57.42 - INFO - saving the model at the end of epoch 26, iters 728
2026-03-09 13:58:54,470 - utils.logger2026-03-09-13.57.42 - INFO - End of training epoch 26 / 40 	 Time Taken: 1 sec
2026-03-09 13:58:54,470 - utils.logger2026-03-09-13.57.42 - INFO - learning rate = 0.0001333
2026-03-09 13:58:54,938 - utils.logger2026-03-09-13.57.42 - INFO - Val result of epoch 26 / 40 mae 0.9821 corr 0.6162 f1 0.8037
2026-03-09 13:58:55,392 - utils.logger2026-03-09-13.57.42 - INFO - Tst result of epoch 26 / 40 mae 1.1329 corr 0.6287 f1 0.7675
2026-03-09 13:58:55,847 - utils.logger2026-03-09-13.57.42 - INFO - Cur epoch 27 loss TA:0.5496 TV:0.5546 VA:1.0646 CE:0.2467
2026-03-09 13:58:56,381 - utils.logger2026-03-09-13.57.42 - INFO - Cur epoch 27 loss TA:0.5253 TV:0.5388 VA:1.0400 CE:0.2383
2026-03-09 13:58:56,751 - utils.logger2026-03-09-13.57.42 - INFO - Cur epoch 27 loss TA:0.6008 TV:0.6056 VA:1.0804 CE:0.3202
2026-03-09 13:58:57,080 - utils.logger2026-03-09-13.57.42 - INFO - saving the model at the end of epoch 27, iters 756
2026-03-09 13:58:57,223 - utils.logger2026-03-09-13.57.42 - INFO - End of training epoch 27 / 40 	 Time Taken: 1 sec
2026-03-09 13:58:57,223 - utils.logger2026-03-09-13.57.42 - INFO - learning rate = 0.0001238
2026-03-09 13:58:57,662 - utils.logger2026-03-09-13.57.42 - INFO - Val result of epoch 27 / 40 mae 0.9856 corr 0.6218 f1 0.7929
2026-03-09 13:58:58,087 - utils.logger2026-03-09-13.57.42 - INFO - Tst result of epoch 27 / 40 mae 1.1528 corr 0.6332 f1 0.7684
2026-03-09 13:58:58,638 - utils.logger2026-03-09-13.57.42 - INFO - Cur epoch 28 loss TA:0.5782 TV:0.5844 VA:1.0868 CE:0.2096
2026-03-09 13:58:59,178 - utils.logger2026-03-09-13.57.42 - INFO - Cur epoch 28 loss TA:0.5601 TV:0.5704 VA:1.0664 CE:0.2638
2026-03-09 13:58:59,551 - utils.logger2026-03-09-13.57.42 - INFO - Cur epoch 28 loss TA:0.5283 TV:0.5389 VA:0.9816 CE:0.3257
2026-03-09 13:58:59,741 - utils.logger2026-03-09-13.57.42 - INFO - saving the model at the end of epoch 28, iters 784
2026-03-09 13:58:59,964 - utils.logger2026-03-09-13.57.42 - INFO - End of training epoch 28 / 40 	 Time Taken: 1 sec
2026-03-09 13:58:59,964 - utils.logger2026-03-09-13.57.42 - INFO - learning rate = 0.0001143
2026-03-09 13:59:00,423 - utils.logger2026-03-09-13.57.42 - INFO - Val result of epoch 28 / 40 mae 0.9746 corr 0.6247 f1 0.7984
2026-03-09 13:59:00,842 - utils.logger2026-03-09-13.57.42 - INFO - Tst result of epoch 28 / 40 mae 1.1243 corr 0.6373 f1 0.7675
2026-03-09 13:59:01,461 - utils.logger2026-03-09-13.57.42 - INFO - Cur epoch 29 loss TA:0.5637 TV:0.5734 VA:1.0811 CE:0.2225
2026-03-09 13:59:01,966 - utils.logger2026-03-09-13.57.42 - INFO - Cur epoch 29 loss TA:0.5589 TV:0.5834 VA:1.0800 CE:0.3188
2026-03-09 13:59:02,376 - utils.logger2026-03-09-13.57.42 - INFO - Cur epoch 29 loss TA:0.5527 TV:0.5677 VA:1.0786 CE:0.2138
2026-03-09 13:59:02,495 - utils.logger2026-03-09-13.57.42 - INFO - saving the model at the end of epoch 29, iters 812
2026-03-09 13:59:02,750 - utils.logger2026-03-09-13.57.42 - INFO - End of training epoch 29 / 40 	 Time Taken: 1 sec
2026-03-09 13:59:02,750 - utils.logger2026-03-09-13.57.42 - INFO - learning rate = 0.0001048
2026-03-09 13:59:03,199 - utils.logger2026-03-09-13.57.42 - INFO - Val result of epoch 29 / 40 mae 1.0116 corr 0.5986 f1 0.7959
2026-03-09 13:59:03,629 - utils.logger2026-03-09-13.57.42 - INFO - Tst result of epoch 29 / 40 mae 1.1516 corr 0.6308 f1 0.7584
2026-03-09 13:59:04,348 - utils.logger2026-03-09-13.57.42 - INFO - Cur epoch 30 loss TA:0.5438 TV:0.5658 VA:1.0386 CE:0.2107
2026-03-09 13:59:04,849 - utils.logger2026-03-09-13.57.42 - INFO - Cur epoch 30 loss TA:0.5420 TV:0.5569 VA:1.0851 CE:0.2506
2026-03-09 13:59:05,241 - utils.logger2026-03-09-13.57.42 - INFO - Cur epoch 30 loss TA:0.3205 TV:0.3305 VA:0.5163 CE:0.1253
2026-03-09 13:59:05,290 - utils.logger2026-03-09-13.57.42 - INFO - saving the model at the end of epoch 30, iters 840
2026-03-09 13:59:05,522 - utils.logger2026-03-09-13.57.42 - INFO - End of training epoch 30 / 40 	 Time Taken: 1 sec
2026-03-09 13:59:05,522 - utils.logger2026-03-09-13.57.42 - INFO - learning rate = 0.0000952
2026-03-09 13:59:05,964 - utils.logger2026-03-09-13.57.42 - INFO - Val result of epoch 30 / 40 mae 0.9811 corr 0.6276 f1 0.8009
2026-03-09 13:59:06,414 - utils.logger2026-03-09-13.57.42 - INFO - Tst result of epoch 30 / 40 mae 1.1521 corr 0.6283 f1 0.7634
2026-03-09 13:59:07,245 - utils.logger2026-03-09-13.57.42 - INFO - Cur epoch 31 loss TA:0.5308 TV:0.5367 VA:1.0546 CE:0.1791
2026-03-09 13:59:07,757 - utils.logger2026-03-09-13.57.42 - INFO - Cur epoch 31 loss TA:0.5385 TV:0.5367 VA:1.0468 CE:0.2072
2026-03-09 13:59:08,094 - utils.logger2026-03-09-13.57.42 - INFO - saving the model at the end of epoch 31, iters 868
2026-03-09 13:59:08,350 - utils.logger2026-03-09-13.57.42 - INFO - End of training epoch 31 / 40 	 Time Taken: 1 sec
2026-03-09 13:59:08,350 - utils.logger2026-03-09-13.57.42 - INFO - learning rate = 0.0000857
2026-03-09 13:59:08,837 - utils.logger2026-03-09-13.57.42 - INFO - Val result of epoch 31 / 40 mae 0.9798 corr 0.6234 f1 0.7993
2026-03-09 13:59:09,263 - utils.logger2026-03-09-13.57.42 - INFO - Tst result of epoch 31 / 40 mae 1.1262 corr 0.6365 f1 0.7768
2026-03-09 13:59:09,671 - utils.logger2026-03-09-13.57.42 - INFO - Cur epoch 32 loss TA:0.5461 TV:0.5535 VA:1.0590 CE:0.1471
2026-03-09 13:59:10,128 - utils.logger2026-03-09-13.57.42 - INFO - Cur epoch 32 loss TA:0.5401 TV:0.5596 VA:1.0363 CE:0.1808
2026-03-09 13:59:10,586 - utils.logger2026-03-09-13.57.42 - INFO - Cur epoch 32 loss TA:0.5073 TV:0.5069 VA:0.9717 CE:0.1818
2026-03-09 13:59:10,849 - utils.logger2026-03-09-13.57.42 - INFO - saving the model at the end of epoch 32, iters 896
2026-03-09 13:59:11,101 - utils.logger2026-03-09-13.57.42 - INFO - End of training epoch 32 / 40 	 Time Taken: 1 sec
2026-03-09 13:59:11,102 - utils.logger2026-03-09-13.57.42 - INFO - learning rate = 0.0000762
2026-03-09 13:59:11,578 - utils.logger2026-03-09-13.57.42 - INFO - Val result of epoch 32 / 40 mae 0.9787 corr 0.6199 f1 0.8042
2026-03-09 13:59:12,028 - utils.logger2026-03-09-13.57.42 - INFO - Tst result of epoch 32 / 40 mae 1.1253 corr 0.6334 f1 0.7815
2026-03-09 13:59:12,563 - utils.logger2026-03-09-13.57.42 - INFO - Cur epoch 33 loss TA:0.5296 TV:0.5424 VA:0.9956 CE:0.1937
2026-03-09 13:59:13,091 - utils.logger2026-03-09-13.57.42 - INFO - Cur epoch 33 loss TA:0.5607 TV:0.5612 VA:1.0355 CE:0.2919
2026-03-09 13:59:13,462 - utils.logger2026-03-09-13.57.42 - INFO - Cur epoch 33 loss TA:0.5481 TV:0.5570 VA:1.0514 CE:0.1858
2026-03-09 13:59:13,646 - utils.logger2026-03-09-13.57.42 - INFO - saving the model at the end of epoch 33, iters 924
2026-03-09 13:59:13,881 - utils.logger2026-03-09-13.57.42 - INFO - End of training epoch 33 / 40 	 Time Taken: 1 sec
2026-03-09 13:59:13,881 - utils.logger2026-03-09-13.57.42 - INFO - learning rate = 0.0000667
2026-03-09 13:59:14,331 - utils.logger2026-03-09-13.57.42 - INFO - Val result of epoch 33 / 40 mae 0.9797 corr 0.6183 f1 0.7988
2026-03-09 13:59:14,820 - utils.logger2026-03-09-13.57.42 - INFO - Tst result of epoch 33 / 40 mae 1.1259 corr 0.6311 f1 0.7769
2026-03-09 13:59:15,415 - utils.logger2026-03-09-13.57.42 - INFO - Cur epoch 34 loss TA:0.5334 TV:0.5377 VA:1.0315 CE:0.1658
2026-03-09 13:59:15,895 - utils.logger2026-03-09-13.57.42 - INFO - Cur epoch 34 loss TA:0.5366 TV:0.5346 VA:1.0187 CE:0.1946
2026-03-09 13:59:16,321 - utils.logger2026-03-09-13.57.42 - INFO - Cur epoch 34 loss TA:0.5295 TV:0.5381 VA:1.0322 CE:0.2259
2026-03-09 13:59:16,431 - utils.logger2026-03-09-13.57.42 - INFO - saving the model at the end of epoch 34, iters 952
2026-03-09 13:59:16,678 - utils.logger2026-03-09-13.57.42 - INFO - End of training epoch 34 / 40 	 Time Taken: 1 sec
2026-03-09 13:59:16,678 - utils.logger2026-03-09-13.57.42 - INFO - learning rate = 0.0000571
2026-03-09 13:59:17,115 - utils.logger2026-03-09-13.57.42 - INFO - Val result of epoch 34 / 40 mae 0.9794 corr 0.6292 f1 0.7988
2026-03-09 13:59:17,559 - utils.logger2026-03-09-13.57.42 - INFO - Tst result of epoch 34 / 40 mae 1.1363 corr 0.6312 f1 0.7677
2026-03-09 13:59:18,251 - utils.logger2026-03-09-13.57.42 - INFO - Cur epoch 35 loss TA:0.5317 TV:0.5386 VA:1.0102 CE:0.2576
2026-03-09 13:59:18,773 - utils.logger2026-03-09-13.57.42 - INFO - Cur epoch 35 loss TA:0.5516 TV:0.5596 VA:1.0093 CE:0.2009
2026-03-09 13:59:19,157 - utils.logger2026-03-09-13.57.42 - INFO - Cur epoch 35 loss TA:0.2469 TV:0.2658 VA:0.4701 CE:0.1949
2026-03-09 13:59:19,210 - utils.logger2026-03-09-13.57.42 - INFO - saving the model at the end of epoch 35, iters 980
2026-03-09 13:59:19,460 - utils.logger2026-03-09-13.57.42 - INFO - End of training epoch 35 / 40 	 Time Taken: 1 sec
2026-03-09 13:59:19,460 - utils.logger2026-03-09-13.57.42 - INFO - learning rate = 0.0000476
2026-03-09 13:59:19,922 - utils.logger2026-03-09-13.57.42 - INFO - Val result of epoch 35 / 40 mae 0.9765 corr 0.6330 f1 0.7993
2026-03-09 13:59:20,373 - utils.logger2026-03-09-13.57.42 - INFO - Tst result of epoch 35 / 40 mae 1.1443 corr 0.6295 f1 0.7679
2026-03-09 13:59:21,130 - utils.logger2026-03-09-13.57.42 - INFO - Cur epoch 36 loss TA:0.5183 TV:0.5470 VA:0.9735 CE:0.1532
2026-03-09 13:59:21,646 - utils.logger2026-03-09-13.57.42 - INFO - Cur epoch 36 loss TA:0.4934 TV:0.4914 VA:0.9500 CE:0.2032
2026-03-09 13:59:21,987 - utils.logger2026-03-09-13.57.42 - INFO - saving the model at the end of epoch 36, iters 1008
2026-03-09 13:59:22,246 - utils.logger2026-03-09-13.57.42 - INFO - End of training epoch 36 / 40 	 Time Taken: 1 sec
2026-03-09 13:59:22,246 - utils.logger2026-03-09-13.57.42 - INFO - learning rate = 0.0000381
2026-03-09 13:59:22,710 - utils.logger2026-03-09-13.57.42 - INFO - Val result of epoch 36 / 40 mae 0.9849 corr 0.6243 f1 0.7936
2026-03-09 13:59:23,180 - utils.logger2026-03-09-13.57.42 - INFO - Tst result of epoch 36 / 40 mae 1.1412 corr 0.6268 f1 0.7768
2026-03-09 13:59:23,604 - utils.logger2026-03-09-13.57.42 - INFO - Cur epoch 37 loss TA:0.5147 TV:0.5044 VA:0.9774 CE:0.2180
2026-03-09 13:59:24,107 - utils.logger2026-03-09-13.57.42 - INFO - Cur epoch 37 loss TA:0.5131 TV:0.5192 VA:1.0001 CE:0.1647
2026-03-09 13:59:24,518 - utils.logger2026-03-09-13.57.42 - INFO - Cur epoch 37 loss TA:0.4963 TV:0.5125 VA:0.9914 CE:0.2273
2026-03-09 13:59:24,813 - utils.logger2026-03-09-13.57.42 - INFO - saving the model at the end of epoch 37, iters 1036
2026-03-09 13:59:25,009 - utils.logger2026-03-09-13.57.42 - INFO - End of training epoch 37 / 40 	 Time Taken: 1 sec
2026-03-09 13:59:25,010 - utils.logger2026-03-09-13.57.42 - INFO - learning rate = 0.0000286
2026-03-09 13:59:25,439 - utils.logger2026-03-09-13.57.42 - INFO - Val result of epoch 37 / 40 mae 0.9885 corr 0.6261 f1 0.7988
2026-03-09 13:59:25,873 - utils.logger2026-03-09-13.57.42 - INFO - Tst result of epoch 37 / 40 mae 1.1402 corr 0.6318 f1 0.7722
2026-03-09 13:59:26,452 - utils.logger2026-03-09-13.57.42 - INFO - Cur epoch 38 loss TA:0.5121 TV:0.5256 VA:0.9968 CE:0.1404
2026-03-09 13:59:26,977 - utils.logger2026-03-09-13.57.42 - INFO - Cur epoch 38 loss TA:0.5154 TV:0.5211 VA:1.0152 CE:0.1841
2026-03-09 13:59:27,467 - utils.logger2026-03-09-13.57.42 - INFO - Cur epoch 38 loss TA:0.5281 TV:0.5356 VA:1.0096 CE:0.1284
2026-03-09 13:59:27,702 - utils.logger2026-03-09-13.57.42 - INFO - saving the model at the end of epoch 38, iters 1064
2026-03-09 13:59:27,796 - utils.logger2026-03-09-13.57.42 - INFO - End of training epoch 38 / 40 	 Time Taken: 1 sec
2026-03-09 13:59:27,796 - utils.logger2026-03-09-13.57.42 - INFO - learning rate = 0.0000190
2026-03-09 13:59:28,248 - utils.logger2026-03-09-13.57.42 - INFO - Val result of epoch 38 / 40 mae 0.9783 corr 0.6256 f1 0.7988
2026-03-09 13:59:28,690 - utils.logger2026-03-09-13.57.42 - INFO - Tst result of epoch 38 / 40 mae 1.1373 corr 0.6336 f1 0.7817
2026-03-09 13:59:29,419 - utils.logger2026-03-09-13.57.42 - INFO - Cur epoch 39 loss TA:0.5168 TV:0.5249 VA:0.9793 CE:0.2048
2026-03-09 13:59:29,828 - utils.logger2026-03-09-13.57.42 - INFO - Cur epoch 39 loss TA:0.5334 TV:0.5252 VA:0.9920 CE:0.1833
2026-03-09 13:59:30,341 - utils.logger2026-03-09-13.57.42 - INFO - Cur epoch 39 loss TA:0.5017 TV:0.5134 VA:0.9612 CE:0.1897
2026-03-09 13:59:30,459 - utils.logger2026-03-09-13.57.42 - INFO - saving the model at the end of epoch 39, iters 1092
2026-03-09 13:59:30,690 - utils.logger2026-03-09-13.57.42 - INFO - End of training epoch 39 / 40 	 Time Taken: 1 sec
2026-03-09 13:59:30,690 - utils.logger2026-03-09-13.57.42 - INFO - learning rate = 0.0000095
2026-03-09 13:59:31,140 - utils.logger2026-03-09-13.57.42 - INFO - Val result of epoch 39 / 40 mae 0.9879 corr 0.6202 f1 0.7954
2026-03-09 13:59:31,608 - utils.logger2026-03-09-13.57.42 - INFO - Tst result of epoch 39 / 40 mae 1.1428 corr 0.6345 f1 0.7817
2026-03-09 13:59:32,292 - utils.logger2026-03-09-13.57.42 - INFO - Cur epoch 40 loss TA:0.4959 TV:0.5074 VA:0.9822 CE:0.2578
2026-03-09 13:59:32,825 - utils.logger2026-03-09-13.57.42 - INFO - Cur epoch 40 loss TA:0.5547 TV:0.5668 VA:1.0120 CE:0.1346
2026-03-09 13:59:33,209 - utils.logger2026-03-09-13.57.42 - INFO - Cur epoch 40 loss TA:0.2370 TV:0.2462 VA:0.4250 CE:0.1983
2026-03-09 13:59:33,270 - utils.logger2026-03-09-13.57.42 - INFO - saving the model at the end of epoch 40, iters 1120
2026-03-09 13:59:33,501 - utils.logger2026-03-09-13.57.42 - INFO - End of training epoch 40 / 40 	 Time Taken: 1 sec
2026-03-09 13:59:33,501 - utils.logger2026-03-09-13.57.42 - INFO - learning rate = 0.0000000
2026-03-09 13:59:34,001 - utils.logger2026-03-09-13.57.42 - INFO - Val result of epoch 40 / 40 mae 0.9870 corr 0.6199 f1 0.7940
2026-03-09 13:59:34,442 - utils.logger2026-03-09-13.57.42 - INFO - Tst result of epoch 40 / 40 mae 1.1356 corr 0.6344 f1 0.7862
2026-03-09 13:59:34,442 - utils.logger2026-03-09-13.57.42 - INFO - Best eval epoch 28 found with MAE 1.124282
2026-03-09 13:59:34,442 - utils.logger2026-03-09-13.57.42 - INFO - Loading best model found on val set: epoch-28
2026-03-09 13:59:35,335 - utils.logger2026-03-09-13.57.42 - INFO - Tst result mae 1.1243 corr 0.6373 f1 0.7675
