2026-03-09 14:27:49,620 - utils.logger2026-03-09-14.27.49 - INFO - The number of training samples = 1750
2026-03-09 14:27:49,621 - utils.logger2026-03-09-14.27.49 - INFO - The number of testing samples = 224
2026-03-09 14:27:52,535 - utils.logger2026-03-09-14.27.49 - INFO - Cur epoch 1 loss TA:1.0383 TV:1.0366 VA:2.0721 CE:2.7651
2026-03-09 14:27:53,191 - utils.logger2026-03-09-14.27.49 - INFO - Cur epoch 1 loss TA:1.0369 TV:1.0356 VA:2.0698 CE:2.8983
2026-03-09 14:27:54,045 - utils.logger2026-03-09-14.27.49 - INFO - saving the model at the end of epoch 1, iters 28
2026-03-09 14:27:54,352 - utils.logger2026-03-09-14.27.49 - INFO - End of training epoch 1 / 40 	 Time Taken: 4 sec
2026-03-09 14:27:54,352 - utils.logger2026-03-09-14.27.49 - INFO - learning rate = 0.0002000
2026-03-09 14:27:55,099 - utils.logger2026-03-09-14.27.49 - INFO - Val result of epoch 1 / 40 mae 1.3734 corr 0.1955 f1 0.5249
2026-03-09 14:27:55,872 - utils.logger2026-03-09-14.27.49 - INFO - Tst result of epoch 1 / 40 mae 1.4953 corr 0.3022 f1 0.5951
2026-03-09 14:27:56,572 - utils.logger2026-03-09-14.27.49 - INFO - Cur epoch 2 loss TA:1.0316 TV:1.0324 VA:2.0638 CE:2.9334
2026-03-09 14:27:57,345 - utils.logger2026-03-09-14.27.49 - INFO - Cur epoch 2 loss TA:1.0303 TV:1.0290 VA:2.0641 CE:1.7978
2026-03-09 14:27:58,116 - utils.logger2026-03-09-14.27.49 - INFO - Cur epoch 2 loss TA:1.0359 TV:1.0212 VA:2.0634 CE:1.9477
2026-03-09 14:27:58,574 - utils.logger2026-03-09-14.27.49 - INFO - saving the model at the end of epoch 2, iters 56
2026-03-09 14:27:59,023 - utils.logger2026-03-09-14.27.49 - INFO - End of training epoch 2 / 40 	 Time Taken: 3 sec
2026-03-09 14:27:59,023 - utils.logger2026-03-09-14.27.49 - INFO - learning rate = 0.0002000
2026-03-09 14:27:59,684 - utils.logger2026-03-09-14.27.49 - INFO - Val result of epoch 2 / 40 mae 1.2878 corr 0.3167 f1 0.6451
2026-03-09 14:28:00,355 - utils.logger2026-03-09-14.27.49 - INFO - Tst result of epoch 2 / 40 mae 1.3981 corr 0.4471 f1 0.6774
2026-03-09 14:28:01,229 - utils.logger2026-03-09-14.27.49 - INFO - Cur epoch 3 loss TA:1.0042 TV:0.9958 VA:2.0171 CE:2.1199
2026-03-09 14:28:01,942 - utils.logger2026-03-09-14.27.49 - INFO - Cur epoch 3 loss TA:1.0043 TV:0.9889 VA:2.0013 CE:2.3300
2026-03-09 14:28:02,783 - utils.logger2026-03-09-14.27.49 - INFO - Cur epoch 3 loss TA:0.9839 TV:0.9690 VA:1.9509 CE:1.9409
2026-03-09 14:28:03,167 - utils.logger2026-03-09-14.27.49 - INFO - saving the model at the end of epoch 3, iters 84
2026-03-09 14:28:03,398 - utils.logger2026-03-09-14.27.49 - INFO - End of training epoch 3 / 40 	 Time Taken: 3 sec
2026-03-09 14:28:03,399 - utils.logger2026-03-09-14.27.49 - INFO - learning rate = 0.0002000
2026-03-09 14:28:04,142 - utils.logger2026-03-09-14.27.49 - INFO - Val result of epoch 3 / 40 mae 1.2181 corr 0.4187 f1 0.7021
2026-03-09 14:28:04,768 - utils.logger2026-03-09-14.27.49 - INFO - Tst result of epoch 3 / 40 mae 1.3275 corr 0.5121 f1 0.7354
2026-03-09 14:28:05,823 - utils.logger2026-03-09-14.27.49 - INFO - Cur epoch 4 loss TA:0.9549 TV:0.9456 VA:1.8905 CE:2.7117
2026-03-09 14:28:06,628 - utils.logger2026-03-09-14.27.49 - INFO - Cur epoch 4 loss TA:0.9439 TV:0.9390 VA:1.8553 CE:1.7347
2026-03-09 14:28:07,369 - utils.logger2026-03-09-14.27.49 - INFO - Cur epoch 4 loss TA:0.9401 TV:0.9285 VA:1.8601 CE:1.6772
2026-03-09 14:28:07,545 - utils.logger2026-03-09-14.27.49 - INFO - saving the model at the end of epoch 4, iters 112
2026-03-09 14:28:07,843 - utils.logger2026-03-09-14.27.49 - INFO - End of training epoch 4 / 40 	 Time Taken: 3 sec
2026-03-09 14:28:07,844 - utils.logger2026-03-09-14.27.49 - INFO - learning rate = 0.0002000
2026-03-09 14:28:08,503 - utils.logger2026-03-09-14.27.49 - INFO - Val result of epoch 4 / 40 mae 1.1751 corr 0.4376 f1 0.7042
2026-03-09 14:28:09,154 - utils.logger2026-03-09-14.27.49 - INFO - Tst result of epoch 4 / 40 mae 1.2982 corr 0.5122 f1 0.7395
2026-03-09 14:28:10,248 - utils.logger2026-03-09-14.27.49 - INFO - Cur epoch 5 loss TA:0.9251 TV:0.9399 VA:1.8499 CE:1.5403
2026-03-09 14:28:11,009 - utils.logger2026-03-09-14.27.49 - INFO - Cur epoch 5 loss TA:0.9353 TV:0.9301 VA:1.8199 CE:1.6820
2026-03-09 14:28:11,882 - utils.logger2026-03-09-14.27.49 - INFO - Cur epoch 5 loss TA:0.6430 TV:0.6540 VA:1.1954 CE:1.1393
2026-03-09 14:28:11,963 - utils.logger2026-03-09-14.27.49 - INFO - saving the model at the end of epoch 5, iters 140
2026-03-09 14:28:12,126 - utils.logger2026-03-09-14.27.49 - INFO - End of training epoch 5 / 40 	 Time Taken: 2 sec
2026-03-09 14:28:12,127 - utils.logger2026-03-09-14.27.49 - INFO - learning rate = 0.0002000
2026-03-09 14:28:12,763 - utils.logger2026-03-09-14.27.49 - INFO - Val result of epoch 5 / 40 mae 1.1439 corr 0.5069 f1 0.7413
2026-03-09 14:28:13,376 - utils.logger2026-03-09-14.27.49 - INFO - Tst result of epoch 5 / 40 mae 1.2597 corr 0.5622 f1 0.7354
2026-03-09 14:28:14,549 - utils.logger2026-03-09-14.27.49 - INFO - Cur epoch 6 loss TA:0.8976 TV:0.8903 VA:1.7614 CE:1.5340
2026-03-09 14:28:15,404 - utils.logger2026-03-09-14.27.49 - INFO - Cur epoch 6 loss TA:0.9117 TV:0.8981 VA:1.7372 CE:1.2783
2026-03-09 14:28:16,003 - utils.logger2026-03-09-14.27.49 - INFO - saving the model at the end of epoch 6, iters 168
2026-03-09 14:28:16,283 - utils.logger2026-03-09-14.27.49 - INFO - End of training epoch 6 / 40 	 Time Taken: 2 sec
2026-03-09 14:28:16,284 - utils.logger2026-03-09-14.27.49 - INFO - learning rate = 0.0002000
2026-03-09 14:28:16,948 - utils.logger2026-03-09-14.27.49 - INFO - Val result of epoch 6 / 40 mae 1.0966 corr 0.5695 f1 0.7209
2026-03-09 14:28:17,648 - utils.logger2026-03-09-14.27.49 - INFO - Tst result of epoch 6 / 40 mae 1.2215 corr 0.5874 f1 0.7459
2026-03-09 14:28:18,385 - utils.logger2026-03-09-14.27.49 - INFO - Cur epoch 7 loss TA:0.8712 TV:0.8714 VA:1.7064 CE:1.5072
2026-03-09 14:28:19,155 - utils.logger2026-03-09-14.27.49 - INFO - Cur epoch 7 loss TA:0.8800 TV:0.8786 VA:1.6640 CE:0.9485
2026-03-09 14:28:19,751 - utils.logger2026-03-09-14.27.49 - INFO - Cur epoch 7 loss TA:0.8721 TV:0.8761 VA:1.7091 CE:1.2298
2026-03-09 14:28:20,260 - utils.logger2026-03-09-14.27.49 - INFO - saving the model at the end of epoch 7, iters 196
2026-03-09 14:28:20,666 - utils.logger2026-03-09-14.27.49 - INFO - End of training epoch 7 / 40 	 Time Taken: 3 sec
2026-03-09 14:28:20,666 - utils.logger2026-03-09-14.27.49 - INFO - learning rate = 0.0002000
2026-03-09 14:28:21,337 - utils.logger2026-03-09-14.27.49 - INFO - Val result of epoch 7 / 40 mae 1.0720 corr 0.5765 f1 0.7625
2026-03-09 14:28:22,113 - utils.logger2026-03-09-14.27.49 - INFO - Tst result of epoch 7 / 40 mae 1.2105 corr 0.6026 f1 0.7767
2026-03-09 14:28:22,931 - utils.logger2026-03-09-14.27.49 - INFO - Cur epoch 8 loss TA:0.8597 TV:0.8514 VA:1.5982 CE:0.8779
2026-03-09 14:28:23,627 - utils.logger2026-03-09-14.27.49 - INFO - Cur epoch 8 loss TA:0.8655 TV:0.8436 VA:1.6281 CE:1.0729
2026-03-09 14:28:24,273 - utils.logger2026-03-09-14.27.49 - INFO - Cur epoch 8 loss TA:0.8740 TV:0.8648 VA:1.6629 CE:1.0707
2026-03-09 14:28:24,613 - utils.logger2026-03-09-14.27.49 - INFO - saving the model at the end of epoch 8, iters 224
2026-03-09 14:28:24,891 - utils.logger2026-03-09-14.27.49 - INFO - End of training epoch 8 / 40 	 Time Taken: 2 sec
2026-03-09 14:28:24,891 - utils.logger2026-03-09-14.27.49 - INFO - learning rate = 0.0002000
2026-03-09 14:28:25,534 - utils.logger2026-03-09-14.27.49 - INFO - Val result of epoch 8 / 40 mae 1.0491 corr 0.6005 f1 0.7498
2026-03-09 14:28:26,196 - utils.logger2026-03-09-14.27.49 - INFO - Tst result of epoch 8 / 40 mae 1.1780 corr 0.6080 f1 0.7635
2026-03-09 14:28:27,346 - utils.logger2026-03-09-14.27.49 - INFO - Cur epoch 9 loss TA:0.8267 TV:0.8089 VA:1.5259 CE:1.2878
2026-03-09 14:28:28,071 - utils.logger2026-03-09-14.27.49 - INFO - Cur epoch 9 loss TA:0.8365 TV:0.8433 VA:1.5823 CE:1.0527
2026-03-09 14:28:28,773 - utils.logger2026-03-09-14.27.49 - INFO - Cur epoch 9 loss TA:0.8600 TV:0.8653 VA:1.5809 CE:0.9688
2026-03-09 14:28:29,042 - utils.logger2026-03-09-14.27.49 - INFO - saving the model at the end of epoch 9, iters 252
2026-03-09 14:28:29,386 - utils.logger2026-03-09-14.27.49 - INFO - End of training epoch 9 / 40 	 Time Taken: 3 sec
2026-03-09 14:28:29,386 - utils.logger2026-03-09-14.27.49 - INFO - learning rate = 0.0002000
2026-03-09 14:28:30,131 - utils.logger2026-03-09-14.27.49 - INFO - Val result of epoch 9 / 40 mae 1.0720 corr 0.6062 f1 0.7255
2026-03-09 14:28:30,774 - utils.logger2026-03-09-14.27.49 - INFO - Tst result of epoch 9 / 40 mae 1.1805 corr 0.6125 f1 0.7696
2026-03-09 14:28:32,143 - utils.logger2026-03-09-14.27.49 - INFO - Cur epoch 10 loss TA:0.7939 TV:0.7875 VA:1.4799 CE:0.9189
2026-03-09 14:28:32,882 - utils.logger2026-03-09-14.27.49 - INFO - Cur epoch 10 loss TA:0.8216 TV:0.8215 VA:1.4323 CE:0.5394
2026-03-09 14:28:33,466 - utils.logger2026-03-09-14.27.49 - INFO - Cur epoch 10 loss TA:0.5401 TV:0.5324 VA:0.9781 CE:0.7400
2026-03-09 14:28:33,521 - utils.logger2026-03-09-14.27.49 - INFO - saving the model at the end of epoch 10, iters 280
2026-03-09 14:28:34,063 - utils.logger2026-03-09-14.27.49 - INFO - End of training epoch 10 / 40 	 Time Taken: 3 sec
2026-03-09 14:28:34,064 - utils.logger2026-03-09-14.27.49 - INFO - learning rate = 0.0002000
2026-03-09 14:28:34,521 - utils.logger2026-03-09-14.27.49 - INFO - Val result of epoch 10 / 40 mae 1.0199 corr 0.5915 f1 0.7556
2026-03-09 14:28:34,952 - utils.logger2026-03-09-14.27.49 - INFO - Tst result of epoch 10 / 40 mae 1.1548 corr 0.6016 f1 0.7675
2026-03-09 14:28:36,113 - utils.logger2026-03-09-14.27.49 - INFO - Cur epoch 11 loss TA:0.7813 TV:0.7808 VA:1.4590 CE:0.7124
2026-03-09 14:28:36,546 - utils.logger2026-03-09-14.27.49 - INFO - Cur epoch 11 loss TA:0.7964 TV:0.7988 VA:1.3914 CE:0.7246
2026-03-09 14:28:37,200 - utils.logger2026-03-09-14.27.49 - INFO - saving the model at the end of epoch 11, iters 308
2026-03-09 14:28:37,348 - utils.logger2026-03-09-14.27.49 - INFO - End of training epoch 11 / 40 	 Time Taken: 2 sec
2026-03-09 14:28:37,348 - utils.logger2026-03-09-14.27.49 - INFO - learning rate = 0.0002000
2026-03-09 14:28:38,093 - utils.logger2026-03-09-14.27.49 - INFO - Val result of epoch 11 / 40 mae 1.0363 corr 0.6029 f1 0.7452
2026-03-09 14:28:38,753 - utils.logger2026-03-09-14.27.49 - INFO - Tst result of epoch 11 / 40 mae 1.1369 corr 0.6172 f1 0.7771
2026-03-09 14:28:39,489 - utils.logger2026-03-09-14.27.49 - INFO - Cur epoch 12 loss TA:0.7680 TV:0.7686 VA:1.4013 CE:0.7985
2026-03-09 14:28:40,262 - utils.logger2026-03-09-14.27.49 - INFO - Cur epoch 12 loss TA:0.7841 TV:0.7928 VA:1.3910 CE:0.4715
2026-03-09 14:28:41,038 - utils.logger2026-03-09-14.27.49 - INFO - Cur epoch 12 loss TA:0.7425 TV:0.7759 VA:1.4233 CE:0.7397
2026-03-09 14:28:41,593 - utils.logger2026-03-09-14.27.49 - INFO - saving the model at the end of epoch 12, iters 336
2026-03-09 14:28:41,927 - utils.logger2026-03-09-14.27.49 - INFO - End of training epoch 12 / 40 	 Time Taken: 3 sec
2026-03-09 14:28:41,928 - utils.logger2026-03-09-14.27.49 - INFO - learning rate = 0.0002000
2026-03-09 14:28:42,692 - utils.logger2026-03-09-14.27.49 - INFO - Val result of epoch 12 / 40 mae 1.0147 corr 0.6040 f1 0.7708
2026-03-09 14:28:43,423 - utils.logger2026-03-09-14.27.49 - INFO - Tst result of epoch 12 / 40 mae 1.1536 corr 0.6094 f1 0.7721
2026-03-09 14:28:44,387 - utils.logger2026-03-09-14.27.49 - INFO - Cur epoch 13 loss TA:0.7393 TV:0.7521 VA:1.2614 CE:0.4600
2026-03-09 14:28:45,051 - utils.logger2026-03-09-14.27.49 - INFO - Cur epoch 13 loss TA:0.7527 TV:0.7501 VA:1.3901 CE:0.5702
2026-03-09 14:28:45,985 - utils.logger2026-03-09-14.27.49 - INFO - Cur epoch 13 loss TA:0.7298 TV:0.7275 VA:1.3195 CE:0.5887
2026-03-09 14:28:46,376 - utils.logger2026-03-09-14.27.49 - INFO - saving the model at the end of epoch 13, iters 364
2026-03-09 14:28:46,692 - utils.logger2026-03-09-14.27.49 - INFO - End of training epoch 13 / 40 	 Time Taken: 3 sec
2026-03-09 14:28:46,693 - utils.logger2026-03-09-14.27.49 - INFO - learning rate = 0.0002000
2026-03-09 14:28:47,405 - utils.logger2026-03-09-14.27.49 - INFO - Val result of epoch 13 / 40 mae 1.0325 corr 0.6156 f1 0.7350
2026-03-09 14:28:48,171 - utils.logger2026-03-09-14.27.49 - INFO - Tst result of epoch 13 / 40 mae 1.1504 corr 0.6183 f1 0.7918
2026-03-09 14:28:49,349 - utils.logger2026-03-09-14.27.49 - INFO - Cur epoch 14 loss TA:0.7123 TV:0.7363 VA:1.3057 CE:0.6030
2026-03-09 14:28:50,008 - utils.logger2026-03-09-14.27.49 - INFO - Cur epoch 14 loss TA:0.7483 TV:0.7726 VA:1.3124 CE:0.6549
2026-03-09 14:28:50,724 - utils.logger2026-03-09-14.27.49 - INFO - Cur epoch 14 loss TA:0.7492 TV:0.7635 VA:1.4391 CE:0.6965
2026-03-09 14:28:51,021 - utils.logger2026-03-09-14.27.49 - INFO - saving the model at the end of epoch 14, iters 392
2026-03-09 14:28:51,339 - utils.logger2026-03-09-14.27.49 - INFO - End of training epoch 14 / 40 	 Time Taken: 3 sec
2026-03-09 14:28:51,340 - utils.logger2026-03-09-14.27.49 - INFO - learning rate = 0.0002000
2026-03-09 14:28:52,029 - utils.logger2026-03-09-14.27.49 - INFO - Val result of epoch 14 / 40 mae 1.0138 corr 0.6040 f1 0.7817
2026-03-09 14:28:52,683 - utils.logger2026-03-09-14.27.49 - INFO - Tst result of epoch 14 / 40 mae 1.1708 corr 0.6036 f1 0.7768
2026-03-09 14:28:53,965 - utils.logger2026-03-09-14.27.49 - INFO - Cur epoch 15 loss TA:0.6614 TV:0.6547 VA:1.2618 CE:0.4926
2026-03-09 14:28:54,702 - utils.logger2026-03-09-14.27.49 - INFO - Cur epoch 15 loss TA:0.7079 TV:0.7397 VA:1.2727 CE:0.3673
2026-03-09 14:28:55,512 - utils.logger2026-03-09-14.27.49 - INFO - Cur epoch 15 loss TA:0.4033 TV:0.4049 VA:0.7169 CE:0.4194
2026-03-09 14:28:55,582 - utils.logger2026-03-09-14.27.49 - INFO - saving the model at the end of epoch 15, iters 420
2026-03-09 14:28:55,878 - utils.logger2026-03-09-14.27.49 - INFO - End of training epoch 15 / 40 	 Time Taken: 3 sec
2026-03-09 14:28:55,878 - utils.logger2026-03-09-14.27.49 - INFO - learning rate = 0.0002000
2026-03-09 14:28:56,542 - utils.logger2026-03-09-14.27.49 - INFO - Val result of epoch 15 / 40 mae 1.0215 corr 0.6063 f1 0.7752
2026-03-09 14:28:57,212 - utils.logger2026-03-09-14.27.49 - INFO - Tst result of epoch 15 / 40 mae 1.1550 corr 0.6081 f1 0.7815
2026-03-09 14:28:58,473 - utils.logger2026-03-09-14.27.49 - INFO - Cur epoch 16 loss TA:0.6837 TV:0.6905 VA:1.2270 CE:0.4367
2026-03-09 14:28:59,436 - utils.logger2026-03-09-14.27.49 - INFO - Cur epoch 16 loss TA:0.6757 TV:0.6950 VA:1.2462 CE:0.7135
2026-03-09 14:29:00,122 - utils.logger2026-03-09-14.27.49 - INFO - saving the model at the end of epoch 16, iters 448
2026-03-09 14:29:00,376 - utils.logger2026-03-09-14.27.49 - INFO - End of training epoch 16 / 40 	 Time Taken: 3 sec
2026-03-09 14:29:00,377 - utils.logger2026-03-09-14.27.49 - INFO - learning rate = 0.0002000
2026-03-09 14:29:01,094 - utils.logger2026-03-09-14.27.49 - INFO - Val result of epoch 16 / 40 mae 0.9842 corr 0.6168 f1 0.7801
2026-03-09 14:29:01,748 - utils.logger2026-03-09-14.27.49 - INFO - Tst result of epoch 16 / 40 mae 1.1206 corr 0.6138 f1 0.7814
2026-03-09 14:29:02,479 - utils.logger2026-03-09-14.27.49 - INFO - Cur epoch 17 loss TA:0.6761 TV:0.6890 VA:1.2746 CE:0.3783
2026-03-09 14:29:03,356 - utils.logger2026-03-09-14.27.49 - INFO - Cur epoch 17 loss TA:0.6579 TV:0.6672 VA:1.2617 CE:0.2739
2026-03-09 14:29:04,058 - utils.logger2026-03-09-14.27.49 - INFO - Cur epoch 17 loss TA:0.6383 TV:0.6663 VA:1.1737 CE:0.4965
2026-03-09 14:29:04,545 - utils.logger2026-03-09-14.27.49 - INFO - saving the model at the end of epoch 17, iters 476
2026-03-09 14:29:05,046 - utils.logger2026-03-09-14.27.49 - INFO - End of training epoch 17 / 40 	 Time Taken: 3 sec
2026-03-09 14:29:05,046 - utils.logger2026-03-09-14.27.49 - INFO - learning rate = 0.0002000
2026-03-09 14:29:05,797 - utils.logger2026-03-09-14.27.49 - INFO - Val result of epoch 17 / 40 mae 1.0055 corr 0.6128 f1 0.7699
2026-03-09 14:29:06,479 - utils.logger2026-03-09-14.27.49 - INFO - Tst result of epoch 17 / 40 mae 1.1314 corr 0.6148 f1 0.7955
2026-03-09 14:29:07,296 - utils.logger2026-03-09-14.27.49 - INFO - Cur epoch 18 loss TA:0.6589 TV:0.6525 VA:1.2053 CE:0.3835
2026-03-09 14:29:07,982 - utils.logger2026-03-09-14.27.49 - INFO - Cur epoch 18 loss TA:0.6453 TV:0.6717 VA:1.1529 CE:0.3725
2026-03-09 14:29:08,784 - utils.logger2026-03-09-14.27.49 - INFO - Cur epoch 18 loss TA:0.6865 TV:0.7016 VA:1.2153 CE:0.4422
2026-03-09 14:29:09,209 - utils.logger2026-03-09-14.27.49 - INFO - saving the model at the end of epoch 18, iters 504
2026-03-09 14:29:09,460 - utils.logger2026-03-09-14.27.49 - INFO - End of training epoch 18 / 40 	 Time Taken: 2 sec
2026-03-09 14:29:09,461 - utils.logger2026-03-09-14.27.49 - INFO - learning rate = 0.0002000
2026-03-09 14:29:10,196 - utils.logger2026-03-09-14.27.49 - INFO - Val result of epoch 18 / 40 mae 1.0273 corr 0.6038 f1 0.7496
2026-03-09 14:29:10,934 - utils.logger2026-03-09-14.27.49 - INFO - Tst result of epoch 18 / 40 mae 1.1451 corr 0.6029 f1 0.7688
2026-03-09 14:29:11,855 - utils.logger2026-03-09-14.27.49 - INFO - Cur epoch 19 loss TA:0.6330 TV:0.6270 VA:1.1870 CE:0.4187
2026-03-09 14:29:12,731 - utils.logger2026-03-09-14.27.49 - INFO - Cur epoch 19 loss TA:0.6663 TV:0.6788 VA:1.2641 CE:0.2702
2026-03-09 14:29:13,508 - utils.logger2026-03-09-14.27.49 - INFO - Cur epoch 19 loss TA:0.6728 TV:0.6854 VA:1.1700 CE:0.3813
2026-03-09 14:29:13,680 - utils.logger2026-03-09-14.27.49 - INFO - saving the model at the end of epoch 19, iters 532
2026-03-09 14:29:13,991 - utils.logger2026-03-09-14.27.49 - INFO - End of training epoch 19 / 40 	 Time Taken: 3 sec
2026-03-09 14:29:13,991 - utils.logger2026-03-09-14.27.49 - INFO - learning rate = 0.0002000
2026-03-09 14:29:14,616 - utils.logger2026-03-09-14.27.49 - INFO - Val result of epoch 19 / 40 mae 0.9817 corr 0.6186 f1 0.7972
2026-03-09 14:29:15,341 - utils.logger2026-03-09-14.27.49 - INFO - Tst result of epoch 19 / 40 mae 1.1329 corr 0.6135 f1 0.7628
2026-03-09 14:29:16,542 - utils.logger2026-03-09-14.27.49 - INFO - Cur epoch 20 loss TA:0.6000 TV:0.6130 VA:1.1489 CE:0.3217
2026-03-09 14:29:17,440 - utils.logger2026-03-09-14.27.49 - INFO - Cur epoch 20 loss TA:0.6387 TV:0.6372 VA:1.1662 CE:0.4212
2026-03-09 14:29:18,192 - utils.logger2026-03-09-14.27.49 - INFO - Cur epoch 20 loss TA:0.3765 TV:0.4081 VA:0.7029 CE:0.2036
2026-03-09 14:29:18,282 - utils.logger2026-03-09-14.27.49 - INFO - saving the model at the end of epoch 20, iters 560
2026-03-09 14:29:18,769 - utils.logger2026-03-09-14.27.49 - INFO - End of training epoch 20 / 40 	 Time Taken: 3 sec
2026-03-09 14:29:18,769 - utils.logger2026-03-09-14.27.49 - INFO - learning rate = 0.0001905
2026-03-09 14:29:19,487 - utils.logger2026-03-09-14.27.49 - INFO - Val result of epoch 20 / 40 mae 1.0486 corr 0.6093 f1 0.7255
2026-03-09 14:29:20,294 - utils.logger2026-03-09-14.27.49 - INFO - Tst result of epoch 20 / 40 mae 1.1493 corr 0.6159 f1 0.7692
2026-03-09 14:29:21,801 - utils.logger2026-03-09-14.27.49 - INFO - Cur epoch 21 loss TA:0.6418 TV:0.6620 VA:1.1850 CE:0.2684
2026-03-09 14:29:22,593 - utils.logger2026-03-09-14.27.49 - INFO - Cur epoch 21 loss TA:0.6550 TV:0.6431 VA:1.1928 CE:0.3264
2026-03-09 14:29:23,246 - utils.logger2026-03-09-14.27.49 - INFO - saving the model at the end of epoch 21, iters 588
2026-03-09 14:29:23,585 - utils.logger2026-03-09-14.27.49 - INFO - End of training epoch 21 / 40 	 Time Taken: 3 sec
2026-03-09 14:29:23,586 - utils.logger2026-03-09-14.27.49 - INFO - learning rate = 0.0001810
2026-03-09 14:29:24,312 - utils.logger2026-03-09-14.27.49 - INFO - Val result of epoch 21 / 40 mae 1.0015 corr 0.6060 f1 0.7647
2026-03-09 14:29:25,011 - utils.logger2026-03-09-14.27.49 - INFO - Tst result of epoch 21 / 40 mae 1.1122 corr 0.6318 f1 0.7954
2026-03-09 14:29:25,798 - utils.logger2026-03-09-14.27.49 - INFO - Cur epoch 22 loss TA:0.6177 TV:0.6134 VA:1.1093 CE:0.3763
2026-03-09 14:29:26,581 - utils.logger2026-03-09-14.27.49 - INFO - Cur epoch 22 loss TA:0.6037 TV:0.6201 VA:1.1482 CE:0.2077
2026-03-09 14:29:27,353 - utils.logger2026-03-09-14.27.49 - INFO - Cur epoch 22 loss TA:0.6286 TV:0.6300 VA:1.1487 CE:0.2376
2026-03-09 14:29:27,798 - utils.logger2026-03-09-14.27.49 - INFO - saving the model at the end of epoch 22, iters 616
2026-03-09 14:29:28,307 - utils.logger2026-03-09-14.27.49 - INFO - End of training epoch 22 / 40 	 Time Taken: 3 sec
2026-03-09 14:29:28,307 - utils.logger2026-03-09-14.27.49 - INFO - learning rate = 0.0001714
2026-03-09 14:29:29,068 - utils.logger2026-03-09-14.27.49 - INFO - Val result of epoch 22 / 40 mae 1.0150 corr 0.6160 f1 0.7595
2026-03-09 14:29:29,735 - utils.logger2026-03-09-14.27.49 - INFO - Tst result of epoch 22 / 40 mae 1.1375 corr 0.6182 f1 0.7769
2026-03-09 14:29:30,612 - utils.logger2026-03-09-14.27.49 - INFO - Cur epoch 23 loss TA:0.5873 TV:0.6274 VA:1.1066 CE:0.3319
2026-03-09 14:29:31,347 - utils.logger2026-03-09-14.27.49 - INFO - Cur epoch 23 loss TA:0.5948 TV:0.5983 VA:1.0901 CE:0.2875
2026-03-09 14:29:32,061 - utils.logger2026-03-09-14.27.49 - INFO - Cur epoch 23 loss TA:0.6006 TV:0.6033 VA:1.0993 CE:0.2277
2026-03-09 14:29:32,439 - utils.logger2026-03-09-14.27.49 - INFO - saving the model at the end of epoch 23, iters 644
2026-03-09 14:29:32,707 - utils.logger2026-03-09-14.27.49 - INFO - End of training epoch 23 / 40 	 Time Taken: 2 sec
2026-03-09 14:29:32,707 - utils.logger2026-03-09-14.27.49 - INFO - learning rate = 0.0001619
2026-03-09 14:29:33,446 - utils.logger2026-03-09-14.27.49 - INFO - Val result of epoch 23 / 40 mae 0.9986 corr 0.6108 f1 0.7748
2026-03-09 14:29:34,185 - utils.logger2026-03-09-14.27.49 - INFO - Tst result of epoch 23 / 40 mae 1.1265 corr 0.6169 f1 0.7861
2026-03-09 14:29:35,324 - utils.logger2026-03-09-14.27.49 - INFO - Cur epoch 24 loss TA:0.5967 TV:0.6144 VA:1.1170 CE:0.2615
2026-03-09 14:29:35,999 - utils.logger2026-03-09-14.27.49 - INFO - Cur epoch 24 loss TA:0.5969 TV:0.6115 VA:1.1043 CE:0.2569
2026-03-09 14:29:36,715 - utils.logger2026-03-09-14.27.49 - INFO - Cur epoch 24 loss TA:0.5809 TV:0.6043 VA:1.1207 CE:0.2398
2026-03-09 14:29:36,909 - utils.logger2026-03-09-14.27.49 - INFO - saving the model at the end of epoch 24, iters 672
2026-03-09 14:29:37,215 - utils.logger2026-03-09-14.27.49 - INFO - End of training epoch 24 / 40 	 Time Taken: 3 sec
2026-03-09 14:29:37,216 - utils.logger2026-03-09-14.27.49 - INFO - learning rate = 0.0001524
2026-03-09 14:29:37,924 - utils.logger2026-03-09-14.27.49 - INFO - Val result of epoch 24 / 40 mae 0.9605 corr 0.6218 f1 0.8052
2026-03-09 14:29:38,589 - utils.logger2026-03-09-14.27.49 - INFO - Tst result of epoch 24 / 40 mae 1.1314 corr 0.6220 f1 0.7908
2026-03-09 14:29:39,715 - utils.logger2026-03-09-14.27.49 - INFO - Cur epoch 25 loss TA:0.5753 TV:0.5928 VA:1.1173 CE:0.2558
2026-03-09 14:29:40,472 - utils.logger2026-03-09-14.27.49 - INFO - Cur epoch 25 loss TA:0.5787 TV:0.5734 VA:1.0595 CE:0.3698
2026-03-09 14:29:41,354 - utils.logger2026-03-09-14.27.49 - INFO - Cur epoch 25 loss TA:0.2707 TV:0.2863 VA:0.5078 CE:0.3836
2026-03-09 14:29:41,424 - utils.logger2026-03-09-14.27.49 - INFO - saving the model at the end of epoch 25, iters 700
2026-03-09 14:29:41,595 - utils.logger2026-03-09-14.27.49 - INFO - End of training epoch 25 / 40 	 Time Taken: 3 sec
2026-03-09 14:29:41,595 - utils.logger2026-03-09-14.27.49 - INFO - learning rate = 0.0001429
2026-03-09 14:29:42,289 - utils.logger2026-03-09-14.27.49 - INFO - Val result of epoch 25 / 40 mae 1.0491 corr 0.6101 f1 0.7209
2026-03-09 14:29:42,991 - utils.logger2026-03-09-14.27.49 - INFO - Tst result of epoch 25 / 40 mae 1.1397 corr 0.6160 f1 0.7700
2026-03-09 14:29:44,284 - utils.logger2026-03-09-14.27.49 - INFO - Cur epoch 26 loss TA:0.5544 TV:0.5525 VA:1.0438 CE:0.2749
2026-03-09 14:29:45,047 - utils.logger2026-03-09-14.27.49 - INFO - Cur epoch 26 loss TA:0.5482 TV:0.5439 VA:1.0046 CE:0.2863
2026-03-09 14:29:45,673 - utils.logger2026-03-09-14.27.49 - INFO - saving the model at the end of epoch 26, iters 728
2026-03-09 14:29:45,894 - utils.logger2026-03-09-14.27.49 - INFO - End of training epoch 26 / 40 	 Time Taken: 2 sec
2026-03-09 14:29:45,894 - utils.logger2026-03-09-14.27.49 - INFO - learning rate = 0.0001333
2026-03-09 14:29:46,526 - utils.logger2026-03-09-14.27.49 - INFO - Val result of epoch 26 / 40 mae 1.0159 corr 0.6079 f1 0.7789
2026-03-09 14:29:47,163 - utils.logger2026-03-09-14.27.49 - INFO - Tst result of epoch 26 / 40 mae 1.1256 corr 0.6268 f1 0.7957
2026-03-09 14:29:47,736 - utils.logger2026-03-09-14.27.49 - INFO - Cur epoch 27 loss TA:0.5914 TV:0.5875 VA:1.0929 CE:0.3064
2026-03-09 14:29:48,278 - utils.logger2026-03-09-14.27.49 - INFO - Cur epoch 27 loss TA:0.5364 TV:0.5616 VA:1.0487 CE:0.2590
2026-03-09 14:29:49,184 - utils.logger2026-03-09-14.27.49 - INFO - Cur epoch 27 loss TA:0.5494 TV:0.5506 VA:1.0197 CE:0.2866
2026-03-09 14:29:49,626 - utils.logger2026-03-09-14.27.49 - INFO - saving the model at the end of epoch 27, iters 756
2026-03-09 14:29:49,821 - utils.logger2026-03-09-14.27.49 - INFO - End of training epoch 27 / 40 	 Time Taken: 2 sec
2026-03-09 14:29:49,822 - utils.logger2026-03-09-14.27.49 - INFO - learning rate = 0.0001238
2026-03-09 14:29:50,308 - utils.logger2026-03-09-14.27.49 - INFO - Val result of epoch 27 / 40 mae 1.0248 corr 0.6277 f1 0.7445
2026-03-09 14:29:50,940 - utils.logger2026-03-09-14.27.49 - INFO - Tst result of epoch 27 / 40 mae 1.1342 corr 0.6338 f1 0.7880
2026-03-09 14:29:51,845 - utils.logger2026-03-09-14.27.49 - INFO - Cur epoch 28 loss TA:0.5482 TV:0.5660 VA:1.0404 CE:0.2341
2026-03-09 14:29:52,447 - utils.logger2026-03-09-14.27.49 - INFO - Cur epoch 28 loss TA:0.5316 TV:0.5405 VA:1.0118 CE:0.2055
2026-03-09 14:29:53,347 - utils.logger2026-03-09-14.27.49 - INFO - Cur epoch 28 loss TA:0.5564 TV:0.5845 VA:1.0494 CE:0.2194
2026-03-09 14:29:53,818 - utils.logger2026-03-09-14.27.49 - INFO - saving the model at the end of epoch 28, iters 784
2026-03-09 14:29:54,074 - utils.logger2026-03-09-14.27.49 - INFO - End of training epoch 28 / 40 	 Time Taken: 3 sec
2026-03-09 14:29:54,075 - utils.logger2026-03-09-14.27.49 - INFO - learning rate = 0.0001143
2026-03-09 14:29:54,691 - utils.logger2026-03-09-14.27.49 - INFO - Val result of epoch 28 / 40 mae 1.0043 corr 0.6064 f1 0.7748
2026-03-09 14:29:55,403 - utils.logger2026-03-09-14.27.49 - INFO - Tst result of epoch 28 / 40 mae 1.1250 corr 0.6309 f1 0.7957
2026-03-09 14:29:56,387 - utils.logger2026-03-09-14.27.49 - INFO - Cur epoch 29 loss TA:0.5460 TV:0.5504 VA:1.0358 CE:0.2383
2026-03-09 14:29:57,289 - utils.logger2026-03-09-14.27.49 - INFO - Cur epoch 29 loss TA:0.5454 TV:0.5349 VA:1.0281 CE:0.2421
2026-03-09 14:29:58,053 - utils.logger2026-03-09-14.27.49 - INFO - Cur epoch 29 loss TA:0.5407 TV:0.5435 VA:1.0312 CE:0.2328
2026-03-09 14:29:58,271 - utils.logger2026-03-09-14.27.49 - INFO - saving the model at the end of epoch 29, iters 812
2026-03-09 14:29:58,449 - utils.logger2026-03-09-14.27.49 - INFO - End of training epoch 29 / 40 	 Time Taken: 3 sec
2026-03-09 14:29:58,449 - utils.logger2026-03-09-14.27.49 - INFO - learning rate = 0.0001048
2026-03-09 14:29:59,164 - utils.logger2026-03-09-14.27.49 - INFO - Val result of epoch 29 / 40 mae 0.9877 corr 0.6215 f1 0.7786
2026-03-09 14:29:59,892 - utils.logger2026-03-09-14.27.49 - INFO - Tst result of epoch 29 / 40 mae 1.1117 corr 0.6293 f1 0.8002
2026-03-09 14:30:01,097 - utils.logger2026-03-09-14.27.49 - INFO - Cur epoch 30 loss TA:0.5262 TV:0.5402 VA:1.0390 CE:0.2143
2026-03-09 14:30:01,898 - utils.logger2026-03-09-14.27.49 - INFO - Cur epoch 30 loss TA:0.5548 TV:0.5473 VA:1.0586 CE:0.2050
2026-03-09 14:30:02,643 - utils.logger2026-03-09-14.27.49 - INFO - Cur epoch 30 loss TA:0.2848 TV:0.2980 VA:0.5237 CE:0.2818
2026-03-09 14:30:02,717 - utils.logger2026-03-09-14.27.49 - INFO - saving the model at the end of epoch 30, iters 840
2026-03-09 14:30:03,097 - utils.logger2026-03-09-14.27.49 - INFO - End of training epoch 30 / 40 	 Time Taken: 3 sec
2026-03-09 14:30:03,098 - utils.logger2026-03-09-14.27.49 - INFO - learning rate = 0.0000952
2026-03-09 14:30:03,801 - utils.logger2026-03-09-14.27.49 - INFO - Val result of epoch 30 / 40 mae 0.9820 corr 0.6225 f1 0.7797
2026-03-09 14:30:04,501 - utils.logger2026-03-09-14.27.49 - INFO - Tst result of epoch 30 / 40 mae 1.1278 corr 0.6237 f1 0.7767
2026-03-09 14:30:05,844 - utils.logger2026-03-09-14.27.49 - INFO - Cur epoch 31 loss TA:0.5174 TV:0.5357 VA:0.9954 CE:0.2133
2026-03-09 14:30:06,613 - utils.logger2026-03-09-14.27.49 - INFO - Cur epoch 31 loss TA:0.5595 TV:0.5601 VA:1.0332 CE:0.1573
2026-03-09 14:30:07,295 - utils.logger2026-03-09-14.27.49 - INFO - saving the model at the end of epoch 31, iters 868
2026-03-09 14:30:07,572 - utils.logger2026-03-09-14.27.49 - INFO - End of training epoch 31 / 40 	 Time Taken: 3 sec
2026-03-09 14:30:07,572 - utils.logger2026-03-09-14.27.49 - INFO - learning rate = 0.0000857
2026-03-09 14:30:08,352 - utils.logger2026-03-09-14.27.49 - INFO - Val result of epoch 31 / 40 mae 0.9611 corr 0.6236 f1 0.8058
2026-03-09 14:30:09,082 - utils.logger2026-03-09-14.27.49 - INFO - Tst result of epoch 31 / 40 mae 1.1237 corr 0.6194 f1 0.7861
2026-03-09 14:30:09,776 - utils.logger2026-03-09-14.27.49 - INFO - Cur epoch 32 loss TA:0.5174 TV:0.5303 VA:1.0222 CE:0.1746
2026-03-09 14:30:10,544 - utils.logger2026-03-09-14.27.49 - INFO - Cur epoch 32 loss TA:0.5217 TV:0.5388 VA:1.0059 CE:0.1987
2026-03-09 14:30:11,396 - utils.logger2026-03-09-14.27.49 - INFO - Cur epoch 32 loss TA:0.5301 TV:0.5448 VA:1.0316 CE:0.2375
2026-03-09 14:30:11,916 - utils.logger2026-03-09-14.27.49 - INFO - saving the model at the end of epoch 32, iters 896
2026-03-09 14:30:12,219 - utils.logger2026-03-09-14.27.49 - INFO - End of training epoch 32 / 40 	 Time Taken: 3 sec
2026-03-09 14:30:12,219 - utils.logger2026-03-09-14.27.49 - INFO - learning rate = 0.0000762
2026-03-09 14:30:12,911 - utils.logger2026-03-09-14.27.49 - INFO - Val result of epoch 32 / 40 mae 0.9746 corr 0.6204 f1 0.8003
2026-03-09 14:30:13,549 - utils.logger2026-03-09-14.27.49 - INFO - Tst result of epoch 32 / 40 mae 1.1299 corr 0.6254 f1 0.7722
2026-03-09 14:30:14,581 - utils.logger2026-03-09-14.27.49 - INFO - Cur epoch 33 loss TA:0.5171 TV:0.5200 VA:1.0089 CE:0.1717
2026-03-09 14:30:15,348 - utils.logger2026-03-09-14.27.49 - INFO - Cur epoch 33 loss TA:0.5613 TV:0.5648 VA:1.0253 CE:0.2266
2026-03-09 14:30:15,996 - utils.logger2026-03-09-14.27.49 - INFO - Cur epoch 33 loss TA:0.5447 TV:0.5460 VA:1.0337 CE:0.1978
2026-03-09 14:30:16,473 - utils.logger2026-03-09-14.27.49 - INFO - saving the model at the end of epoch 33, iters 924
2026-03-09 14:30:16,857 - utils.logger2026-03-09-14.27.49 - INFO - End of training epoch 33 / 40 	 Time Taken: 3 sec
2026-03-09 14:30:16,857 - utils.logger2026-03-09-14.27.49 - INFO - learning rate = 0.0000667
2026-03-09 14:30:17,529 - utils.logger2026-03-09-14.27.49 - INFO - Val result of epoch 33 / 40 mae 0.9917 corr 0.6107 f1 0.7905
2026-03-09 14:30:18,257 - utils.logger2026-03-09-14.27.49 - INFO - Tst result of epoch 33 / 40 mae 1.1192 corr 0.6284 f1 0.7860
2026-03-09 14:30:19,310 - utils.logger2026-03-09-14.27.49 - INFO - Cur epoch 34 loss TA:0.5088 TV:0.5109 VA:0.9956 CE:0.1421
2026-03-09 14:30:20,156 - utils.logger2026-03-09-14.27.49 - INFO - Cur epoch 34 loss TA:0.5465 TV:0.5514 VA:1.0400 CE:0.1788
2026-03-09 14:30:20,920 - utils.logger2026-03-09-14.27.49 - INFO - Cur epoch 34 loss TA:0.5597 TV:0.5502 VA:1.0349 CE:0.1693
2026-03-09 14:30:21,149 - utils.logger2026-03-09-14.27.49 - INFO - saving the model at the end of epoch 34, iters 952
2026-03-09 14:30:21,371 - utils.logger2026-03-09-14.27.49 - INFO - End of training epoch 34 / 40 	 Time Taken: 3 sec
2026-03-09 14:30:21,371 - utils.logger2026-03-09-14.27.49 - INFO - learning rate = 0.0000571
2026-03-09 14:30:22,069 - utils.logger2026-03-09-14.27.49 - INFO - Val result of epoch 34 / 40 mae 0.9896 corr 0.6258 f1 0.7949
2026-03-09 14:30:22,764 - utils.logger2026-03-09-14.27.49 - INFO - Tst result of epoch 34 / 40 mae 1.1223 corr 0.6307 f1 0.7861
2026-03-09 14:30:24,144 - utils.logger2026-03-09-14.27.49 - INFO - Cur epoch 35 loss TA:0.5366 TV:0.5433 VA:1.0282 CE:0.2178
2026-03-09 14:30:24,740 - utils.logger2026-03-09-14.27.49 - INFO - Cur epoch 35 loss TA:0.5025 TV:0.5287 VA:0.9923 CE:0.1904
2026-03-09 14:30:25,696 - utils.logger2026-03-09-14.27.49 - INFO - Cur epoch 35 loss TA:0.2304 TV:0.2339 VA:0.4246 CE:0.1630
2026-03-09 14:30:25,770 - utils.logger2026-03-09-14.27.49 - INFO - saving the model at the end of epoch 35, iters 980
2026-03-09 14:30:26,030 - utils.logger2026-03-09-14.27.49 - INFO - End of training epoch 35 / 40 	 Time Taken: 3 sec
2026-03-09 14:30:26,031 - utils.logger2026-03-09-14.27.49 - INFO - learning rate = 0.0000476
2026-03-09 14:30:26,668 - utils.logger2026-03-09-14.27.49 - INFO - Val result of epoch 35 / 40 mae 0.9879 corr 0.6174 f1 0.7654
2026-03-09 14:30:27,330 - utils.logger2026-03-09-14.27.49 - INFO - Tst result of epoch 35 / 40 mae 1.1166 corr 0.6278 f1 0.7954
2026-03-09 14:30:28,727 - utils.logger2026-03-09-14.27.49 - INFO - Cur epoch 36 loss TA:0.5183 TV:0.5249 VA:1.0056 CE:0.1661
2026-03-09 14:30:29,501 - utils.logger2026-03-09-14.27.49 - INFO - Cur epoch 36 loss TA:0.5649 TV:0.5555 VA:1.0374 CE:0.2011
2026-03-09 14:30:30,228 - utils.logger2026-03-09-14.27.49 - INFO - saving the model at the end of epoch 36, iters 1008
2026-03-09 14:30:30,477 - utils.logger2026-03-09-14.27.49 - INFO - End of training epoch 36 / 40 	 Time Taken: 3 sec
2026-03-09 14:30:30,478 - utils.logger2026-03-09-14.27.49 - INFO - learning rate = 0.0000381
2026-03-09 14:30:31,220 - utils.logger2026-03-09-14.27.49 - INFO - Val result of epoch 36 / 40 mae 0.9835 corr 0.6200 f1 0.7998
2026-03-09 14:30:31,915 - utils.logger2026-03-09-14.27.49 - INFO - Tst result of epoch 36 / 40 mae 1.1219 corr 0.6292 f1 0.7953
2026-03-09 14:30:32,611 - utils.logger2026-03-09-14.27.49 - INFO - Cur epoch 37 loss TA:0.5273 TV:0.5147 VA:1.0159 CE:0.2172
2026-03-09 14:30:33,345 - utils.logger2026-03-09-14.27.49 - INFO - Cur epoch 37 loss TA:0.5097 TV:0.5189 VA:0.9794 CE:0.1528
2026-03-09 14:30:34,092 - utils.logger2026-03-09-14.27.49 - INFO - Cur epoch 37 loss TA:0.5226 TV:0.5249 VA:1.0187 CE:0.2257
2026-03-09 14:30:34,607 - utils.logger2026-03-09-14.27.49 - INFO - saving the model at the end of epoch 37, iters 1036
2026-03-09 14:30:34,903 - utils.logger2026-03-09-14.27.49 - INFO - End of training epoch 37 / 40 	 Time Taken: 2 sec
2026-03-09 14:30:34,903 - utils.logger2026-03-09-14.27.49 - INFO - learning rate = 0.0000286
2026-03-09 14:30:35,649 - utils.logger2026-03-09-14.27.49 - INFO - Val result of epoch 37 / 40 mae 0.9896 corr 0.6242 f1 0.7891
2026-03-09 14:30:36,381 - utils.logger2026-03-09-14.27.49 - INFO - Tst result of epoch 37 / 40 mae 1.1183 corr 0.6337 f1 0.7954
2026-03-09 14:30:37,382 - utils.logger2026-03-09-14.27.49 - INFO - Cur epoch 38 loss TA:0.5005 TV:0.5155 VA:0.9961 CE:0.2122
2026-03-09 14:30:37,993 - utils.logger2026-03-09-14.27.49 - INFO - Cur epoch 38 loss TA:0.4960 TV:0.5113 VA:0.9833 CE:0.2142
2026-03-09 14:30:38,928 - utils.logger2026-03-09-14.27.49 - INFO - Cur epoch 38 loss TA:0.5145 TV:0.5125 VA:1.0009 CE:0.1725
2026-03-09 14:30:39,304 - utils.logger2026-03-09-14.27.49 - INFO - saving the model at the end of epoch 38, iters 1064
2026-03-09 14:30:39,593 - utils.logger2026-03-09-14.27.49 - INFO - End of training epoch 38 / 40 	 Time Taken: 3 sec
2026-03-09 14:30:39,594 - utils.logger2026-03-09-14.27.49 - INFO - learning rate = 0.0000190
2026-03-09 14:30:40,268 - utils.logger2026-03-09-14.27.49 - INFO - Val result of epoch 38 / 40 mae 0.9933 corr 0.6220 f1 0.7842
2026-03-09 14:30:41,006 - utils.logger2026-03-09-14.27.49 - INFO - Tst result of epoch 38 / 40 mae 1.1178 corr 0.6329 f1 0.7908
2026-03-09 14:30:42,081 - utils.logger2026-03-09-14.27.49 - INFO - Cur epoch 39 loss TA:0.5445 TV:0.5548 VA:1.0584 CE:0.1391
2026-03-09 14:30:42,746 - utils.logger2026-03-09-14.27.49 - INFO - Cur epoch 39 loss TA:0.5274 TV:0.5263 VA:0.9580 CE:0.1576
2026-03-09 14:30:43,527 - utils.logger2026-03-09-14.27.49 - INFO - Cur epoch 39 loss TA:0.5225 TV:0.5271 VA:0.9757 CE:0.1298
2026-03-09 14:30:43,751 - utils.logger2026-03-09-14.27.49 - INFO - saving the model at the end of epoch 39, iters 1092
2026-03-09 14:30:43,989 - utils.logger2026-03-09-14.27.49 - INFO - End of training epoch 39 / 40 	 Time Taken: 2 sec
2026-03-09 14:30:43,990 - utils.logger2026-03-09-14.27.49 - INFO - learning rate = 0.0000095
2026-03-09 14:30:44,681 - utils.logger2026-03-09-14.27.49 - INFO - Val result of epoch 39 / 40 mae 0.9892 corr 0.6183 f1 0.7944
2026-03-09 14:30:45,319 - utils.logger2026-03-09-14.27.49 - INFO - Tst result of epoch 39 / 40 mae 1.1174 corr 0.6317 f1 0.7954
2026-03-09 14:30:46,633 - utils.logger2026-03-09-14.27.49 - INFO - Cur epoch 40 loss TA:0.5044 TV:0.5011 VA:0.9587 CE:0.1946
2026-03-09 14:30:47,206 - utils.logger2026-03-09-14.27.49 - INFO - Cur epoch 40 loss TA:0.5268 TV:0.5356 VA:1.0239 CE:0.1337
2026-03-09 14:30:48,108 - utils.logger2026-03-09-14.27.49 - INFO - Cur epoch 40 loss TA:0.2539 TV:0.2548 VA:0.5171 CE:0.1567
2026-03-09 14:30:48,188 - utils.logger2026-03-09-14.27.49 - INFO - saving the model at the end of epoch 40, iters 1120
2026-03-09 14:30:48,463 - utils.logger2026-03-09-14.27.49 - INFO - End of training epoch 40 / 40 	 Time Taken: 3 sec
2026-03-09 14:30:48,463 - utils.logger2026-03-09-14.27.49 - INFO - learning rate = 0.0000000
2026-03-09 14:30:49,104 - utils.logger2026-03-09-14.27.49 - INFO - Val result of epoch 40 / 40 mae 0.9913 corr 0.6179 f1 0.7944
2026-03-09 14:30:49,761 - utils.logger2026-03-09-14.27.49 - INFO - Tst result of epoch 40 / 40 mae 1.1177 corr 0.6324 f1 0.7954
2026-03-09 14:30:49,761 - utils.logger2026-03-09-14.27.49 - INFO - Best eval epoch 29 found with MAE 1.111662
2026-03-09 14:30:49,761 - utils.logger2026-03-09-14.27.49 - INFO - Loading best model found on val set: epoch-29
2026-03-09 14:30:51,258 - utils.logger2026-03-09-14.27.49 - INFO - Tst result mae 1.1117 corr 0.6293 f1 0.8002
