2026-03-09 11:23:46,337 - utils.logger2026-03-09-11.23.46 - INFO - The number of training samples = 1750
2026-03-09 11:23:48,506 - utils.logger2026-03-09-11.23.46 - INFO - Cur epoch 1 loss TA:1.0395 TV:1.0372 VA:2.0716 CE:2.4869
2026-03-09 11:23:49,082 - utils.logger2026-03-09-11.23.46 - INFO - Cur epoch 1 loss TA:1.0369 TV:1.0373 VA:2.0711 CE:2.6312
2026-03-09 11:23:49,601 - utils.logger2026-03-09-11.23.46 - INFO - saving the model at the end of epoch 1, iters 28
2026-03-09 11:23:49,705 - utils.logger2026-03-09-11.23.46 - INFO - End of training epoch 1 / 40 	 Time Taken: 3 sec
2026-03-09 11:23:49,705 - utils.logger2026-03-09-11.23.46 - INFO - learning rate = 0.0002000
2026-03-09 11:23:50,109 - utils.logger2026-03-09-11.23.46 - INFO - Val result of epoch 1 / 40 acc 0.6027 MAE 0.1134 f1 0.6042
2026-03-09 11:23:50,513 - utils.logger2026-03-09-11.23.46 - INFO - Tst result of epoch 1 / 40 acc 0.6027 MAE 0.1134 f1 0.6042
2026-03-09 11:23:50,913 - utils.logger2026-03-09-11.23.46 - INFO - Cur epoch 2 loss TA:1.0325 TV:1.0348 VA:2.0665 CE:2.3751
2026-03-09 11:23:51,462 - utils.logger2026-03-09-11.23.46 - INFO - Cur epoch 2 loss TA:1.0333 TV:1.0309 VA:2.0607 CE:2.2855
2026-03-09 11:23:52,067 - utils.logger2026-03-09-11.23.46 - INFO - Cur epoch 2 loss TA:1.0291 TV:1.0271 VA:2.0497 CE:2.6792
2026-03-09 11:23:52,470 - utils.logger2026-03-09-11.23.46 - INFO - saving the model at the end of epoch 2, iters 56
2026-03-09 11:23:52,867 - utils.logger2026-03-09-11.23.46 - INFO - End of training epoch 2 / 40 	 Time Taken: 2 sec
2026-03-09 11:23:52,867 - utils.logger2026-03-09-11.23.46 - INFO - learning rate = 0.0002000
2026-03-09 11:23:53,265 - utils.logger2026-03-09-11.23.46 - INFO - Val result of epoch 2 / 40 acc 0.6205 MAE 0.1350 f1 0.6929
2026-03-09 11:23:53,650 - utils.logger2026-03-09-11.23.46 - INFO - Tst result of epoch 2 / 40 acc 0.6205 MAE 0.1350 f1 0.6929
2026-03-09 11:23:54,358 - utils.logger2026-03-09-11.23.46 - INFO - Cur epoch 3 loss TA:1.0179 TV:1.0134 VA:2.0263 CE:2.3188
2026-03-09 11:23:55,318 - utils.logger2026-03-09-11.23.46 - INFO - Cur epoch 3 loss TA:1.0054 TV:1.0076 VA:2.0201 CE:1.7241
2026-03-09 11:23:55,901 - utils.logger2026-03-09-11.23.46 - INFO - Cur epoch 3 loss TA:0.9960 TV:0.9843 VA:1.9857 CE:2.3077
2026-03-09 11:23:56,201 - utils.logger2026-03-09-11.23.46 - INFO - saving the model at the end of epoch 3, iters 84
2026-03-09 11:23:56,384 - utils.logger2026-03-09-11.23.46 - INFO - End of training epoch 3 / 40 	 Time Taken: 2 sec
2026-03-09 11:23:56,384 - utils.logger2026-03-09-11.23.46 - INFO - learning rate = 0.0002000
2026-03-09 11:23:56,824 - utils.logger2026-03-09-11.23.46 - INFO - Val result of epoch 3 / 40 acc 0.6696 MAE 0.2544 f1 0.6866
2026-03-09 11:23:57,225 - utils.logger2026-03-09-11.23.46 - INFO - Tst result of epoch 3 / 40 acc 0.6696 MAE 0.2544 f1 0.6866
2026-03-09 11:23:58,057 - utils.logger2026-03-09-11.23.46 - INFO - Cur epoch 4 loss TA:0.9656 TV:0.9643 VA:1.9394 CE:2.2920
2026-03-09 11:23:58,650 - utils.logger2026-03-09-11.23.46 - INFO - Cur epoch 4 loss TA:0.9763 TV:0.9567 VA:1.9243 CE:1.9080
2026-03-09 11:23:59,277 - utils.logger2026-03-09-11.23.46 - INFO - Cur epoch 4 loss TA:0.9563 TV:0.9455 VA:1.8982 CE:2.1107
2026-03-09 11:23:59,489 - utils.logger2026-03-09-11.23.46 - INFO - saving the model at the end of epoch 4, iters 112
2026-03-09 11:23:59,789 - utils.logger2026-03-09-11.23.46 - INFO - End of training epoch 4 / 40 	 Time Taken: 2 sec
2026-03-09 11:23:59,790 - utils.logger2026-03-09-11.23.46 - INFO - learning rate = 0.0002000
2026-03-09 11:24:00,194 - utils.logger2026-03-09-11.23.46 - INFO - Val result of epoch 4 / 40 acc 0.6741 MAE 0.4053 f1 0.6706
2026-03-09 11:24:00,626 - utils.logger2026-03-09-11.23.46 - INFO - Tst result of epoch 4 / 40 acc 0.6741 MAE 0.4053 f1 0.6706
2026-03-09 11:24:01,468 - utils.logger2026-03-09-11.23.46 - INFO - Cur epoch 5 loss TA:0.9320 TV:0.9176 VA:1.8289 CE:2.0227
2026-03-09 11:24:02,503 - utils.logger2026-03-09-11.23.46 - INFO - Cur epoch 5 loss TA:0.9131 TV:0.9208 VA:1.8166 CE:1.7150
2026-03-09 11:24:03,569 - utils.logger2026-03-09-11.23.46 - INFO - Cur epoch 5 loss TA:0.6577 TV:0.6426 VA:1.3290 CE:1.5381
2026-03-09 11:24:03,628 - utils.logger2026-03-09-11.23.46 - INFO - saving the model at the end of epoch 5, iters 140
2026-03-09 11:24:04,053 - utils.logger2026-03-09-11.23.46 - INFO - End of training epoch 5 / 40 	 Time Taken: 3 sec
2026-03-09 11:24:04,054 - utils.logger2026-03-09-11.23.46 - INFO - learning rate = 0.0002000
2026-03-09 11:24:04,455 - utils.logger2026-03-09-11.23.46 - INFO - Val result of epoch 5 / 40 acc 0.7009 MAE 0.4506 f1 0.7019
2026-03-09 11:24:04,891 - utils.logger2026-03-09-11.23.46 - INFO - Tst result of epoch 5 / 40 acc 0.7009 MAE 0.4506 f1 0.7019
2026-03-09 11:24:05,766 - utils.logger2026-03-09-11.23.46 - INFO - Cur epoch 6 loss TA:0.8996 TV:0.9006 VA:1.7777 CE:1.4380
2026-03-09 11:24:06,559 - utils.logger2026-03-09-11.23.46 - INFO - Cur epoch 6 loss TA:0.8878 TV:0.8939 VA:1.7655 CE:1.5002
2026-03-09 11:24:07,067 - utils.logger2026-03-09-11.23.46 - INFO - saving the model at the end of epoch 6, iters 168
2026-03-09 11:24:07,243 - utils.logger2026-03-09-11.23.46 - INFO - End of training epoch 6 / 40 	 Time Taken: 2 sec
2026-03-09 11:24:07,244 - utils.logger2026-03-09-11.23.46 - INFO - learning rate = 0.0002000
2026-03-09 11:24:07,667 - utils.logger2026-03-09-11.23.46 - INFO - Val result of epoch 6 / 40 acc 0.7455 MAE 0.5285 f1 0.7646
2026-03-09 11:24:08,160 - utils.logger2026-03-09-11.23.46 - INFO - Tst result of epoch 6 / 40 acc 0.7455 MAE 0.5285 f1 0.7646
2026-03-09 11:24:08,549 - utils.logger2026-03-09-11.23.46 - INFO - Cur epoch 7 loss TA:0.8750 TV:0.8646 VA:1.6902 CE:1.8352
2026-03-09 11:24:09,168 - utils.logger2026-03-09-11.23.46 - INFO - Cur epoch 7 loss TA:0.8741 TV:0.8786 VA:1.7376 CE:1.3315
2026-03-09 11:24:09,724 - utils.logger2026-03-09-11.23.46 - INFO - Cur epoch 7 loss TA:0.8932 TV:0.8817 VA:1.6869 CE:1.4846
2026-03-09 11:24:10,346 - utils.logger2026-03-09-11.23.46 - INFO - saving the model at the end of epoch 7, iters 196
2026-03-09 11:24:10,756 - utils.logger2026-03-09-11.23.46 - INFO - End of training epoch 7 / 40 	 Time Taken: 2 sec
2026-03-09 11:24:10,756 - utils.logger2026-03-09-11.23.46 - INFO - learning rate = 0.0002000
2026-03-09 11:24:11,137 - utils.logger2026-03-09-11.23.46 - INFO - Val result of epoch 7 / 40 acc 0.7321 MAE 0.5253 f1 0.7458
2026-03-09 11:24:11,561 - utils.logger2026-03-09-11.23.46 - INFO - Tst result of epoch 7 / 40 acc 0.7321 MAE 0.5254 f1 0.7458
2026-03-09 11:24:12,257 - utils.logger2026-03-09-11.23.46 - INFO - Cur epoch 8 loss TA:0.8483 TV:0.8439 VA:1.6350 CE:1.1402
2026-03-09 11:24:13,020 - utils.logger2026-03-09-11.23.46 - INFO - Cur epoch 8 loss TA:0.8559 TV:0.8597 VA:1.6268 CE:1.2729
2026-03-09 11:24:13,636 - utils.logger2026-03-09-11.23.46 - INFO - Cur epoch 8 loss TA:0.8500 TV:0.8375 VA:1.6488 CE:0.9913
2026-03-09 11:24:13,960 - utils.logger2026-03-09-11.23.46 - INFO - saving the model at the end of epoch 8, iters 224
2026-03-09 11:24:14,157 - utils.logger2026-03-09-11.23.46 - INFO - End of training epoch 8 / 40 	 Time Taken: 2 sec
2026-03-09 11:24:14,158 - utils.logger2026-03-09-11.23.46 - INFO - learning rate = 0.0002000
2026-03-09 11:24:14,541 - utils.logger2026-03-09-11.23.46 - INFO - Val result of epoch 8 / 40 acc 0.7411 MAE 0.5279 f1 0.7703
2026-03-09 11:24:15,003 - utils.logger2026-03-09-11.23.46 - INFO - Tst result of epoch 8 / 40 acc 0.7411 MAE 0.5279 f1 0.7703
2026-03-09 11:24:15,688 - utils.logger2026-03-09-11.23.46 - INFO - Cur epoch 9 loss TA:0.8309 TV:0.8352 VA:1.5955 CE:0.9275
2026-03-09 11:24:16,290 - utils.logger2026-03-09-11.23.46 - INFO - Cur epoch 9 loss TA:0.8124 TV:0.7979 VA:1.5065 CE:1.0670
2026-03-09 11:24:16,921 - utils.logger2026-03-09-11.23.46 - INFO - Cur epoch 9 loss TA:0.8056 TV:0.8141 VA:1.5564 CE:0.8892
2026-03-09 11:24:17,208 - utils.logger2026-03-09-11.23.46 - INFO - saving the model at the end of epoch 9, iters 252
2026-03-09 11:24:17,476 - utils.logger2026-03-09-11.23.46 - INFO - End of training epoch 9 / 40 	 Time Taken: 2 sec
2026-03-09 11:24:17,476 - utils.logger2026-03-09-11.23.46 - INFO - learning rate = 0.0002000
2026-03-09 11:24:17,894 - utils.logger2026-03-09-11.23.46 - INFO - Val result of epoch 9 / 40 acc 0.7723 MAE 0.5819 f1 0.7838
2026-03-09 11:24:18,336 - utils.logger2026-03-09-11.23.46 - INFO - Tst result of epoch 9 / 40 acc 0.7723 MAE 0.5819 f1 0.7838
2026-03-09 11:24:19,594 - utils.logger2026-03-09-11.23.46 - INFO - Cur epoch 10 loss TA:0.8205 TV:0.8120 VA:1.5350 CE:1.2829
2026-03-09 11:24:20,665 - utils.logger2026-03-09-11.23.46 - INFO - Cur epoch 10 loss TA:0.7909 TV:0.8026 VA:1.4871 CE:1.3677
2026-03-09 11:24:21,634 - utils.logger2026-03-09-11.23.46 - INFO - Cur epoch 10 loss TA:0.4661 TV:0.5158 VA:0.9818 CE:1.4649
2026-03-09 11:24:21,722 - utils.logger2026-03-09-11.23.46 - INFO - saving the model at the end of epoch 10, iters 280
2026-03-09 11:24:21,920 - utils.logger2026-03-09-11.23.46 - INFO - End of training epoch 10 / 40 	 Time Taken: 3 sec
2026-03-09 11:24:21,920 - utils.logger2026-03-09-11.23.46 - INFO - learning rate = 0.0002000
2026-03-09 11:24:22,329 - utils.logger2026-03-09-11.23.46 - INFO - Val result of epoch 10 / 40 acc 0.7634 MAE 0.5847 f1 0.7744
2026-03-09 11:24:22,701 - utils.logger2026-03-09-11.23.46 - INFO - Tst result of epoch 10 / 40 acc 0.7634 MAE 0.5847 f1 0.7744
2026-03-09 11:24:23,688 - utils.logger2026-03-09-11.23.46 - INFO - Cur epoch 11 loss TA:0.7729 TV:0.8033 VA:1.4694 CE:1.0123
2026-03-09 11:24:24,458 - utils.logger2026-03-09-11.23.46 - INFO - Cur epoch 11 loss TA:0.8091 TV:0.7846 VA:1.4970 CE:0.5724
2026-03-09 11:24:24,969 - utils.logger2026-03-09-11.23.46 - INFO - saving the model at the end of epoch 11, iters 308
2026-03-09 11:24:25,156 - utils.logger2026-03-09-11.23.46 - INFO - End of training epoch 11 / 40 	 Time Taken: 2 sec
2026-03-09 11:24:25,156 - utils.logger2026-03-09-11.23.46 - INFO - learning rate = 0.0002000
2026-03-09 11:24:25,598 - utils.logger2026-03-09-11.23.46 - INFO - Val result of epoch 11 / 40 acc 0.7857 MAE 0.5900 f1 0.7929
2026-03-09 11:24:26,069 - utils.logger2026-03-09-11.23.46 - INFO - Tst result of epoch 11 / 40 acc 0.7857 MAE 0.5900 f1 0.7929
2026-03-09 11:24:26,497 - utils.logger2026-03-09-11.23.46 - INFO - Cur epoch 12 loss TA:0.7192 TV:0.7279 VA:1.3652 CE:0.7666
2026-03-09 11:24:27,075 - utils.logger2026-03-09-11.23.46 - INFO - Cur epoch 12 loss TA:0.7527 TV:0.7695 VA:1.4598 CE:0.8252
2026-03-09 11:24:27,772 - utils.logger2026-03-09-11.23.46 - INFO - Cur epoch 12 loss TA:0.7284 TV:0.7351 VA:1.3530 CE:0.6305
2026-03-09 11:24:28,366 - utils.logger2026-03-09-11.23.46 - INFO - saving the model at the end of epoch 12, iters 336
2026-03-09 11:24:28,773 - utils.logger2026-03-09-11.23.46 - INFO - End of training epoch 12 / 40 	 Time Taken: 2 sec
2026-03-09 11:24:28,773 - utils.logger2026-03-09-11.23.46 - INFO - learning rate = 0.0002000
2026-03-09 11:24:29,191 - utils.logger2026-03-09-11.23.46 - INFO - Val result of epoch 12 / 40 acc 0.7723 MAE 0.6156 f1 0.7842
2026-03-09 11:24:29,654 - utils.logger2026-03-09-11.23.46 - INFO - Tst result of epoch 12 / 40 acc 0.7723 MAE 0.6156 f1 0.7842
2026-03-09 11:24:30,372 - utils.logger2026-03-09-11.23.46 - INFO - Cur epoch 13 loss TA:0.6889 TV:0.7128 VA:1.3105 CE:0.7147
2026-03-09 11:24:30,980 - utils.logger2026-03-09-11.23.46 - INFO - Cur epoch 13 loss TA:0.7111 TV:0.7296 VA:1.3604 CE:0.5810
2026-03-09 11:24:31,621 - utils.logger2026-03-09-11.23.46 - INFO - Cur epoch 13 loss TA:0.7160 TV:0.7339 VA:1.3640 CE:0.7230
2026-03-09 11:24:31,884 - utils.logger2026-03-09-11.23.46 - INFO - saving the model at the end of epoch 13, iters 364
2026-03-09 11:24:32,028 - utils.logger2026-03-09-11.23.46 - INFO - End of training epoch 13 / 40 	 Time Taken: 2 sec
2026-03-09 11:24:32,029 - utils.logger2026-03-09-11.23.46 - INFO - learning rate = 0.0002000
2026-03-09 11:24:32,452 - utils.logger2026-03-09-11.23.46 - INFO - Val result of epoch 13 / 40 acc 0.7545 MAE 0.6129 f1 0.7853
2026-03-09 11:24:32,955 - utils.logger2026-03-09-11.23.46 - INFO - Tst result of epoch 13 / 40 acc 0.7545 MAE 0.6129 f1 0.7853
2026-03-09 11:24:33,639 - utils.logger2026-03-09-11.23.46 - INFO - Cur epoch 14 loss TA:0.6860 TV:0.6776 VA:1.2740 CE:0.4221
2026-03-09 11:24:34,231 - utils.logger2026-03-09-11.23.46 - INFO - Cur epoch 14 loss TA:0.7024 TV:0.7198 VA:1.2994 CE:0.5498
2026-03-09 11:24:34,893 - utils.logger2026-03-09-11.23.46 - INFO - Cur epoch 14 loss TA:0.7193 TV:0.7318 VA:1.3324 CE:0.6561
2026-03-09 11:24:35,071 - utils.logger2026-03-09-11.23.46 - INFO - saving the model at the end of epoch 14, iters 392
2026-03-09 11:24:35,290 - utils.logger2026-03-09-11.23.46 - INFO - End of training epoch 14 / 40 	 Time Taken: 2 sec
2026-03-09 11:24:35,290 - utils.logger2026-03-09-11.23.46 - INFO - learning rate = 0.0002000
2026-03-09 11:24:35,698 - utils.logger2026-03-09-11.23.46 - INFO - Val result of epoch 14 / 40 acc 0.7679 MAE 0.6141 f1 0.7850
2026-03-09 11:24:36,123 - utils.logger2026-03-09-11.23.46 - INFO - Tst result of epoch 14 / 40 acc 0.7679 MAE 0.6141 f1 0.7850
2026-03-09 11:24:37,205 - utils.logger2026-03-09-11.23.46 - INFO - Cur epoch 15 loss TA:0.6963 TV:0.7185 VA:1.3683 CE:0.4870
2026-03-09 11:24:38,243 - utils.logger2026-03-09-11.23.46 - INFO - Cur epoch 15 loss TA:0.6726 TV:0.6946 VA:1.2882 CE:0.9152
2026-03-09 11:24:39,262 - utils.logger2026-03-09-11.23.46 - INFO - Cur epoch 15 loss TA:0.4003 TV:0.3799 VA:0.8014 CE:0.3619
2026-03-09 11:24:39,329 - utils.logger2026-03-09-11.23.46 - INFO - saving the model at the end of epoch 15, iters 420
2026-03-09 11:24:39,665 - utils.logger2026-03-09-11.23.46 - INFO - End of training epoch 15 / 40 	 Time Taken: 3 sec
2026-03-09 11:24:39,665 - utils.logger2026-03-09-11.23.46 - INFO - learning rate = 0.0002000
2026-03-09 11:24:40,062 - utils.logger2026-03-09-11.23.46 - INFO - Val result of epoch 15 / 40 acc 0.7723 MAE 0.6126 f1 0.7867
2026-03-09 11:24:40,474 - utils.logger2026-03-09-11.23.46 - INFO - Tst result of epoch 15 / 40 acc 0.7723 MAE 0.6126 f1 0.7867
2026-03-09 11:24:41,358 - utils.logger2026-03-09-11.23.46 - INFO - Cur epoch 16 loss TA:0.6516 TV:0.6751 VA:1.2443 CE:0.5714
2026-03-09 11:24:42,068 - utils.logger2026-03-09-11.23.46 - INFO - Cur epoch 16 loss TA:0.6669 TV:0.6968 VA:1.2630 CE:0.2933
2026-03-09 11:24:42,694 - utils.logger2026-03-09-11.23.46 - INFO - saving the model at the end of epoch 16, iters 448
2026-03-09 11:24:42,892 - utils.logger2026-03-09-11.23.46 - INFO - End of training epoch 16 / 40 	 Time Taken: 2 sec
2026-03-09 11:24:42,893 - utils.logger2026-03-09-11.23.46 - INFO - learning rate = 0.0002000
2026-03-09 11:24:43,283 - utils.logger2026-03-09-11.23.46 - INFO - Val result of epoch 16 / 40 acc 0.7679 MAE 0.6225 f1 0.7929
2026-03-09 11:24:43,753 - utils.logger2026-03-09-11.23.46 - INFO - Tst result of epoch 16 / 40 acc 0.7679 MAE 0.6225 f1 0.7929
2026-03-09 11:24:44,189 - utils.logger2026-03-09-11.23.46 - INFO - Cur epoch 17 loss TA:0.6426 TV:0.6657 VA:1.2139 CE:0.4751
2026-03-09 11:24:44,789 - utils.logger2026-03-09-11.23.46 - INFO - Cur epoch 17 loss TA:0.6824 TV:0.7047 VA:1.1866 CE:0.5870
2026-03-09 11:24:45,383 - utils.logger2026-03-09-11.23.46 - INFO - Cur epoch 17 loss TA:0.6594 TV:0.6642 VA:1.2708 CE:0.4336
2026-03-09 11:24:46,010 - utils.logger2026-03-09-11.23.46 - INFO - saving the model at the end of epoch 17, iters 476
2026-03-09 11:24:46,409 - utils.logger2026-03-09-11.23.46 - INFO - End of training epoch 17 / 40 	 Time Taken: 2 sec
2026-03-09 11:24:46,410 - utils.logger2026-03-09-11.23.46 - INFO - learning rate = 0.0002000
2026-03-09 11:24:46,811 - utils.logger2026-03-09-11.23.46 - INFO - Val result of epoch 17 / 40 acc 0.7545 MAE 0.6215 f1 0.7812
2026-03-09 11:24:47,197 - utils.logger2026-03-09-11.23.46 - INFO - Tst result of epoch 17 / 40 acc 0.7545 MAE 0.6215 f1 0.7812
2026-03-09 11:24:47,846 - utils.logger2026-03-09-11.23.46 - INFO - Cur epoch 18 loss TA:0.6425 TV:0.6773 VA:1.1844 CE:0.4069
2026-03-09 11:24:48,681 - utils.logger2026-03-09-11.23.46 - INFO - Cur epoch 18 loss TA:0.6136 TV:0.6140 VA:1.1910 CE:0.3171
2026-03-09 11:24:49,284 - utils.logger2026-03-09-11.23.46 - INFO - Cur epoch 18 loss TA:0.6839 TV:0.6942 VA:1.2567 CE:0.5098
2026-03-09 11:24:49,607 - utils.logger2026-03-09-11.23.46 - INFO - saving the model at the end of epoch 18, iters 504
2026-03-09 11:24:49,827 - utils.logger2026-03-09-11.23.46 - INFO - End of training epoch 18 / 40 	 Time Taken: 2 sec
2026-03-09 11:24:49,827 - utils.logger2026-03-09-11.23.46 - INFO - learning rate = 0.0002000
2026-03-09 11:24:50,245 - utils.logger2026-03-09-11.23.46 - INFO - Val result of epoch 18 / 40 acc 0.7902 MAE 0.6250 f1 0.7968
2026-03-09 11:24:50,713 - utils.logger2026-03-09-11.23.46 - INFO - Tst result of epoch 18 / 40 acc 0.7902 MAE 0.6250 f1 0.7968
2026-03-09 11:24:51,373 - utils.logger2026-03-09-11.23.46 - INFO - Cur epoch 19 loss TA:0.6526 TV:0.6498 VA:1.1950 CE:0.4519
2026-03-09 11:24:51,933 - utils.logger2026-03-09-11.23.46 - INFO - Cur epoch 19 loss TA:0.6226 TV:0.6276 VA:1.1299 CE:0.4746
2026-03-09 11:24:52,761 - utils.logger2026-03-09-11.23.46 - INFO - Cur epoch 19 loss TA:0.6124 TV:0.6380 VA:1.1995 CE:0.3470
2026-03-09 11:24:52,903 - utils.logger2026-03-09-11.23.46 - INFO - saving the model at the end of epoch 19, iters 532
2026-03-09 11:24:53,075 - utils.logger2026-03-09-11.23.46 - INFO - End of training epoch 19 / 40 	 Time Taken: 2 sec
2026-03-09 11:24:53,075 - utils.logger2026-03-09-11.23.46 - INFO - learning rate = 0.0002000
2026-03-09 11:24:53,450 - utils.logger2026-03-09-11.23.46 - INFO - Val result of epoch 19 / 40 acc 0.7857 MAE 0.6239 f1 0.7940
2026-03-09 11:24:53,834 - utils.logger2026-03-09-11.23.46 - INFO - Tst result of epoch 19 / 40 acc 0.7857 MAE 0.6239 f1 0.7940
2026-03-09 11:24:54,937 - utils.logger2026-03-09-11.23.46 - INFO - Cur epoch 20 loss TA:0.5895 TV:0.6185 VA:1.1306 CE:0.2851
2026-03-09 11:24:56,004 - utils.logger2026-03-09-11.23.46 - INFO - Cur epoch 20 loss TA:0.6145 TV:0.6263 VA:1.2037 CE:0.3854
2026-03-09 11:24:56,833 - utils.logger2026-03-09-11.23.46 - INFO - Cur epoch 20 loss TA:0.3550 TV:0.3548 VA:0.5827 CE:0.2306
2026-03-09 11:24:56,892 - utils.logger2026-03-09-11.23.46 - INFO - saving the model at the end of epoch 20, iters 560
2026-03-09 11:24:57,134 - utils.logger2026-03-09-11.23.46 - INFO - End of training epoch 20 / 40 	 Time Taken: 3 sec
2026-03-09 11:24:57,134 - utils.logger2026-03-09-11.23.46 - INFO - learning rate = 0.0002000
2026-03-09 11:24:57,474 - utils.logger2026-03-09-11.23.46 - INFO - Val result of epoch 20 / 40 acc 0.7768 MAE 0.6331 f1 0.7986
2026-03-09 11:24:57,833 - utils.logger2026-03-09-11.23.46 - INFO - Tst result of epoch 20 / 40 acc 0.7768 MAE 0.6331 f1 0.7986
2026-03-09 11:24:58,661 - utils.logger2026-03-09-11.23.46 - INFO - Cur epoch 21 loss TA:0.5852 TV:0.5952 VA:1.1847 CE:0.3053
2026-03-09 11:24:59,319 - utils.logger2026-03-09-11.23.46 - INFO - Cur epoch 21 loss TA:0.6132 TV:0.6159 VA:1.1682 CE:0.3758
2026-03-09 11:24:59,822 - utils.logger2026-03-09-11.23.46 - INFO - saving the model at the end of epoch 21, iters 588
2026-03-09 11:24:59,919 - utils.logger2026-03-09-11.23.46 - INFO - End of training epoch 21 / 40 	 Time Taken: 2 sec
2026-03-09 11:24:59,919 - utils.logger2026-03-09-11.23.46 - INFO - learning rate = 0.0002000
2026-03-09 11:25:00,431 - utils.logger2026-03-09-11.23.46 - INFO - Val result of epoch 21 / 40 acc 0.7589 MAE 0.6320 f1 0.7644
2026-03-09 11:25:01,041 - utils.logger2026-03-09-11.23.46 - INFO - Tst result of epoch 21 / 40 acc 0.7589 MAE 0.6320 f1 0.7644
2026-03-09 11:25:01,760 - utils.logger2026-03-09-11.23.46 - INFO - Cur epoch 22 loss TA:0.5719 TV:0.5850 VA:1.1190 CE:0.3524
2026-03-09 11:25:02,494 - utils.logger2026-03-09-11.23.46 - INFO - Cur epoch 22 loss TA:0.5900 TV:0.6085 VA:1.1271 CE:0.3267
2026-03-09 11:25:03,185 - utils.logger2026-03-09-11.23.46 - INFO - Cur epoch 22 loss TA:0.6120 TV:0.6206 VA:1.1430 CE:0.3599
2026-03-09 11:25:03,643 - utils.logger2026-03-09-11.23.46 - INFO - saving the model at the end of epoch 22, iters 616
2026-03-09 11:25:04,055 - utils.logger2026-03-09-11.23.46 - INFO - End of training epoch 22 / 40 	 Time Taken: 3 sec
2026-03-09 11:25:04,055 - utils.logger2026-03-09-11.23.46 - INFO - learning rate = 0.0002000
2026-03-09 11:25:04,496 - utils.logger2026-03-09-11.23.46 - INFO - Val result of epoch 22 / 40 acc 0.7768 MAE 0.6267 f1 0.7895
2026-03-09 11:25:04,923 - utils.logger2026-03-09-11.23.46 - INFO - Tst result of epoch 22 / 40 acc 0.7768 MAE 0.6267 f1 0.7895
2026-03-09 11:25:05,623 - utils.logger2026-03-09-11.23.46 - INFO - Cur epoch 23 loss TA:0.5929 TV:0.6200 VA:1.1363 CE:0.3445
2026-03-09 11:25:06,628 - utils.logger2026-03-09-11.23.46 - INFO - Cur epoch 23 loss TA:0.5798 TV:0.6007 VA:1.1295 CE:0.2757
2026-03-09 11:25:07,211 - utils.logger2026-03-09-11.23.46 - INFO - Cur epoch 23 loss TA:0.5733 TV:0.5762 VA:1.0879 CE:0.2371
2026-03-09 11:25:07,513 - utils.logger2026-03-09-11.23.46 - INFO - saving the model at the end of epoch 23, iters 644
2026-03-09 11:25:07,760 - utils.logger2026-03-09-11.23.46 - INFO - End of training epoch 23 / 40 	 Time Taken: 2 sec
2026-03-09 11:25:07,760 - utils.logger2026-03-09-11.23.46 - INFO - learning rate = 0.0002000
2026-03-09 11:25:08,122 - utils.logger2026-03-09-11.23.46 - INFO - Val result of epoch 23 / 40 acc 0.7634 MAE 0.6356 f1 0.7812
2026-03-09 11:25:08,493 - utils.logger2026-03-09-11.23.46 - INFO - Tst result of epoch 23 / 40 acc 0.7634 MAE 0.6356 f1 0.7812
2026-03-09 11:25:09,243 - utils.logger2026-03-09-11.23.46 - INFO - Cur epoch 24 loss TA:0.5792 TV:0.6074 VA:1.1342 CE:0.2869
2026-03-09 11:25:09,846 - utils.logger2026-03-09-11.23.46 - INFO - Cur epoch 24 loss TA:0.6090 TV:0.6062 VA:1.1532 CE:0.3366
2026-03-09 11:25:10,442 - utils.logger2026-03-09-11.23.46 - INFO - Cur epoch 24 loss TA:0.5587 TV:0.5741 VA:1.1032 CE:0.2465
2026-03-09 11:25:10,589 - utils.logger2026-03-09-11.23.46 - INFO - saving the model at the end of epoch 24, iters 672
2026-03-09 11:25:10,845 - utils.logger2026-03-09-11.23.46 - INFO - End of training epoch 24 / 40 	 Time Taken: 2 sec
2026-03-09 11:25:10,845 - utils.logger2026-03-09-11.23.46 - INFO - learning rate = 0.0002000
2026-03-09 11:25:11,253 - utils.logger2026-03-09-11.23.46 - INFO - Val result of epoch 24 / 40 acc 0.7634 MAE 0.6300 f1 0.7921
2026-03-09 11:25:11,636 - utils.logger2026-03-09-11.23.46 - INFO - Tst result of epoch 24 / 40 acc 0.7634 MAE 0.6301 f1 0.7921
2026-03-09 11:25:12,368 - utils.logger2026-03-09-11.23.46 - INFO - Cur epoch 25 loss TA:0.5701 TV:0.5603 VA:1.0907 CE:0.3573
2026-03-09 11:25:13,316 - utils.logger2026-03-09-11.23.46 - INFO - Cur epoch 25 loss TA:0.5558 TV:0.5794 VA:1.1028 CE:0.3752
2026-03-09 11:25:14,409 - utils.logger2026-03-09-11.23.46 - INFO - Cur epoch 25 loss TA:0.3032 TV:0.3327 VA:0.5583 CE:0.1825
2026-03-09 11:25:14,452 - utils.logger2026-03-09-11.23.46 - INFO - saving the model at the end of epoch 25, iters 700
2026-03-09 11:25:14,958 - utils.logger2026-03-09-11.23.46 - INFO - End of training epoch 25 / 40 	 Time Taken: 3 sec
2026-03-09 11:25:14,959 - utils.logger2026-03-09-11.23.46 - INFO - learning rate = 0.0002000
2026-03-09 11:25:15,356 - utils.logger2026-03-09-11.23.46 - INFO - Val result of epoch 25 / 40 acc 0.7991 MAE 0.6109 f1 0.8078
2026-03-09 11:25:15,740 - utils.logger2026-03-09-11.23.46 - INFO - Tst result of epoch 25 / 40 acc 0.7991 MAE 0.6109 f1 0.8078
2026-03-09 11:25:16,546 - utils.logger2026-03-09-11.23.46 - INFO - Cur epoch 26 loss TA:0.5771 TV:0.5813 VA:1.0358 CE:0.2360
2026-03-09 11:25:17,143 - utils.logger2026-03-09-11.23.46 - INFO - Cur epoch 26 loss TA:0.5854 TV:0.5918 VA:1.0969 CE:0.2714
2026-03-09 11:25:17,886 - utils.logger2026-03-09-11.23.46 - INFO - saving the model at the end of epoch 26, iters 728
2026-03-09 11:25:18,098 - utils.logger2026-03-09-11.23.46 - INFO - End of training epoch 26 / 40 	 Time Taken: 2 sec
2026-03-09 11:25:18,098 - utils.logger2026-03-09-11.23.46 - INFO - learning rate = 0.0002000
2026-03-09 11:25:18,472 - utils.logger2026-03-09-11.23.46 - INFO - Val result of epoch 26 / 40 acc 0.7723 MAE 0.6127 f1 0.7900
2026-03-09 11:25:18,921 - utils.logger2026-03-09-11.23.46 - INFO - Tst result of epoch 26 / 40 acc 0.7723 MAE 0.6127 f1 0.7900
2026-03-09 11:25:19,332 - utils.logger2026-03-09-11.23.46 - INFO - Cur epoch 27 loss TA:0.5651 TV:0.5756 VA:1.1071 CE:0.2273
2026-03-09 11:25:19,968 - utils.logger2026-03-09-11.23.46 - INFO - Cur epoch 27 loss TA:0.5542 TV:0.5497 VA:1.0611 CE:0.2318
2026-03-09 11:25:20,524 - utils.logger2026-03-09-11.23.46 - INFO - Cur epoch 27 loss TA:0.5653 TV:0.5793 VA:1.1059 CE:0.2602
2026-03-09 11:25:20,932 - utils.logger2026-03-09-11.23.46 - INFO - saving the model at the end of epoch 27, iters 756
2026-03-09 11:25:21,298 - utils.logger2026-03-09-11.23.46 - INFO - End of training epoch 27 / 40 	 Time Taken: 2 sec
2026-03-09 11:25:21,298 - utils.logger2026-03-09-11.23.46 - INFO - learning rate = 0.0002000
2026-03-09 11:25:21,731 - utils.logger2026-03-09-11.23.46 - INFO - Val result of epoch 27 / 40 acc 0.7946 MAE 0.6282 f1 0.8042
2026-03-09 11:25:22,174 - utils.logger2026-03-09-11.23.46 - INFO - Tst result of epoch 27 / 40 acc 0.7946 MAE 0.6282 f1 0.8042
2026-03-09 11:25:22,857 - utils.logger2026-03-09-11.23.46 - INFO - Cur epoch 28 loss TA:0.5331 TV:0.5507 VA:1.0678 CE:0.3045
2026-03-09 11:25:23,890 - utils.logger2026-03-09-11.23.46 - INFO - Cur epoch 28 loss TA:0.5366 TV:0.5426 VA:1.0620 CE:0.1679
2026-03-09 11:25:24,468 - utils.logger2026-03-09-11.23.46 - INFO - Cur epoch 28 loss TA:0.5454 TV:0.5533 VA:1.0479 CE:0.2230
2026-03-09 11:25:24,795 - utils.logger2026-03-09-11.23.46 - INFO - saving the model at the end of epoch 28, iters 784
2026-03-09 11:25:25,014 - utils.logger2026-03-09-11.23.46 - INFO - End of training epoch 28 / 40 	 Time Taken: 2 sec
2026-03-09 11:25:25,015 - utils.logger2026-03-09-11.23.46 - INFO - learning rate = 0.0002000
2026-03-09 11:25:25,412 - utils.logger2026-03-09-11.23.46 - INFO - Val result of epoch 28 / 40 acc 0.7679 MAE 0.6078 f1 0.7929
2026-03-09 11:25:25,829 - utils.logger2026-03-09-11.23.46 - INFO - Tst result of epoch 28 / 40 acc 0.7679 MAE 0.6078 f1 0.7929
2026-03-09 11:25:26,564 - utils.logger2026-03-09-11.23.46 - INFO - Cur epoch 29 loss TA:0.5522 TV:0.5825 VA:1.0866 CE:0.2277
2026-03-09 11:25:27,134 - utils.logger2026-03-09-11.23.46 - INFO - Cur epoch 29 loss TA:0.5307 TV:0.5381 VA:1.0143 CE:0.2629
2026-03-09 11:25:27,697 - utils.logger2026-03-09-11.23.46 - INFO - Cur epoch 29 loss TA:0.5406 TV:0.5698 VA:1.0814 CE:0.2308
2026-03-09 11:25:27,921 - utils.logger2026-03-09-11.23.46 - INFO - saving the model at the end of epoch 29, iters 812
2026-03-09 11:25:28,166 - utils.logger2026-03-09-11.23.46 - INFO - End of training epoch 29 / 40 	 Time Taken: 2 sec
2026-03-09 11:25:28,166 - utils.logger2026-03-09-11.23.46 - INFO - learning rate = 0.0002000
2026-03-09 11:25:28,530 - utils.logger2026-03-09-11.23.46 - INFO - Val result of epoch 29 / 40 acc 0.7679 MAE 0.6199 f1 0.7880
2026-03-09 11:25:28,916 - utils.logger2026-03-09-11.23.46 - INFO - Tst result of epoch 29 / 40 acc 0.7679 MAE 0.6199 f1 0.7880
2026-03-09 11:25:29,862 - utils.logger2026-03-09-11.23.46 - INFO - Cur epoch 30 loss TA:0.5390 TV:0.5546 VA:1.0559 CE:0.1822
2026-03-09 11:25:30,954 - utils.logger2026-03-09-11.23.46 - INFO - Cur epoch 30 loss TA:0.5309 TV:0.5439 VA:1.0583 CE:0.1929
2026-03-09 11:25:32,025 - utils.logger2026-03-09-11.23.46 - INFO - Cur epoch 30 loss TA:0.2172 TV:0.2260 VA:0.4059 CE:0.2026
2026-03-09 11:25:32,074 - utils.logger2026-03-09-11.23.46 - INFO - saving the model at the end of epoch 30, iters 840
2026-03-09 11:25:32,489 - utils.logger2026-03-09-11.23.46 - INFO - End of training epoch 30 / 40 	 Time Taken: 3 sec
2026-03-09 11:25:32,489 - utils.logger2026-03-09-11.23.46 - INFO - learning rate = 0.0001818
2026-03-09 11:25:32,922 - utils.logger2026-03-09-11.23.46 - INFO - Val result of epoch 30 / 40 acc 0.7946 MAE 0.6196 f1 0.8047
2026-03-09 11:25:33,324 - utils.logger2026-03-09-11.23.46 - INFO - Tst result of epoch 30 / 40 acc 0.7946 MAE 0.6196 f1 0.8047
2026-03-09 11:25:34,155 - utils.logger2026-03-09-11.23.46 - INFO - Cur epoch 31 loss TA:0.5282 TV:0.5367 VA:1.0460 CE:0.2307
2026-03-09 11:25:34,966 - utils.logger2026-03-09-11.23.46 - INFO - Cur epoch 31 loss TA:0.5367 TV:0.5480 VA:1.0508 CE:0.1787
2026-03-09 11:25:35,498 - utils.logger2026-03-09-11.23.46 - INFO - saving the model at the end of epoch 31, iters 868
2026-03-09 11:25:35,638 - utils.logger2026-03-09-11.23.46 - INFO - End of training epoch 31 / 40 	 Time Taken: 2 sec
2026-03-09 11:25:35,638 - utils.logger2026-03-09-11.23.46 - INFO - learning rate = 0.0001636
2026-03-09 11:25:36,049 - utils.logger2026-03-09-11.23.46 - INFO - Val result of epoch 31 / 40 acc 0.7812 MAE 0.6145 f1 0.7998
2026-03-09 11:25:36,446 - utils.logger2026-03-09-11.23.46 - INFO - Tst result of epoch 31 / 40 acc 0.7812 MAE 0.6146 f1 0.7998
2026-03-09 11:25:36,864 - utils.logger2026-03-09-11.23.46 - INFO - Cur epoch 32 loss TA:0.5386 TV:0.5458 VA:1.0483 CE:0.1887
2026-03-09 11:25:37,479 - utils.logger2026-03-09-11.23.46 - INFO - Cur epoch 32 loss TA:0.5260 TV:0.5446 VA:1.0150 CE:0.2122
2026-03-09 11:25:38,138 - utils.logger2026-03-09-11.23.46 - INFO - Cur epoch 32 loss TA:0.5255 TV:0.5282 VA:1.0299 CE:0.2154
2026-03-09 11:25:38,853 - utils.logger2026-03-09-11.23.46 - INFO - saving the model at the end of epoch 32, iters 896
2026-03-09 11:25:39,341 - utils.logger2026-03-09-11.23.46 - INFO - End of training epoch 32 / 40 	 Time Taken: 2 sec
2026-03-09 11:25:39,341 - utils.logger2026-03-09-11.23.46 - INFO - learning rate = 0.0001455
2026-03-09 11:25:39,727 - utils.logger2026-03-09-11.23.46 - INFO - Val result of epoch 32 / 40 acc 0.7902 MAE 0.6260 f1 0.8037
2026-03-09 11:25:40,122 - utils.logger2026-03-09-11.23.46 - INFO - Tst result of epoch 32 / 40 acc 0.7902 MAE 0.6260 f1 0.8037
2026-03-09 11:25:40,753 - utils.logger2026-03-09-11.23.46 - INFO - Cur epoch 33 loss TA:0.5435 TV:0.5415 VA:1.0133 CE:0.2594
2026-03-09 11:25:41,350 - utils.logger2026-03-09-11.23.46 - INFO - Cur epoch 33 loss TA:0.5458 TV:0.5678 VA:1.0993 CE:0.2260
2026-03-09 11:25:42,009 - utils.logger2026-03-09-11.23.46 - INFO - Cur epoch 33 loss TA:0.5349 TV:0.5334 VA:1.0172 CE:0.2199
2026-03-09 11:25:42,252 - utils.logger2026-03-09-11.23.46 - INFO - saving the model at the end of epoch 33, iters 924
2026-03-09 11:25:42,414 - utils.logger2026-03-09-11.23.46 - INFO - End of training epoch 33 / 40 	 Time Taken: 2 sec
2026-03-09 11:25:42,414 - utils.logger2026-03-09-11.23.46 - INFO - learning rate = 0.0001273
2026-03-09 11:25:42,811 - utils.logger2026-03-09-11.23.46 - INFO - Val result of epoch 33 / 40 acc 0.7812 MAE 0.6269 f1 0.7984
2026-03-09 11:25:43,268 - utils.logger2026-03-09-11.23.46 - INFO - Tst result of epoch 33 / 40 acc 0.7812 MAE 0.6269 f1 0.7984
2026-03-09 11:25:43,896 - utils.logger2026-03-09-11.23.46 - INFO - Cur epoch 34 loss TA:0.5316 TV:0.5433 VA:1.0264 CE:0.2412
2026-03-09 11:25:44,459 - utils.logger2026-03-09-11.23.46 - INFO - Cur epoch 34 loss TA:0.5142 TV:0.5287 VA:1.0301 CE:0.2008
2026-03-09 11:25:45,218 - utils.logger2026-03-09-11.23.46 - INFO - Cur epoch 34 loss TA:0.5185 TV:0.5189 VA:1.0270 CE:0.1626
2026-03-09 11:25:45,391 - utils.logger2026-03-09-11.23.46 - INFO - saving the model at the end of epoch 34, iters 952
2026-03-09 11:25:45,589 - utils.logger2026-03-09-11.23.46 - INFO - End of training epoch 34 / 40 	 Time Taken: 2 sec
2026-03-09 11:25:45,590 - utils.logger2026-03-09-11.23.46 - INFO - learning rate = 0.0001091
2026-03-09 11:25:45,997 - utils.logger2026-03-09-11.23.46 - INFO - Val result of epoch 34 / 40 acc 0.7589 MAE 0.6225 f1 0.7738
2026-03-09 11:25:46,381 - utils.logger2026-03-09-11.23.46 - INFO - Tst result of epoch 34 / 40 acc 0.7589 MAE 0.6225 f1 0.7738
2026-03-09 11:25:47,576 - utils.logger2026-03-09-11.23.46 - INFO - Cur epoch 35 loss TA:0.5207 TV:0.5209 VA:1.0140 CE:0.2169
2026-03-09 11:25:48,609 - utils.logger2026-03-09-11.23.46 - INFO - Cur epoch 35 loss TA:0.5365 TV:0.5423 VA:1.0495 CE:0.1631
2026-03-09 11:25:49,567 - utils.logger2026-03-09-11.23.46 - INFO - Cur epoch 35 loss TA:0.2673 TV:0.2586 VA:0.4041 CE:0.2061
2026-03-09 11:25:49,624 - utils.logger2026-03-09-11.23.46 - INFO - saving the model at the end of epoch 35, iters 980
2026-03-09 11:25:49,841 - utils.logger2026-03-09-11.23.46 - INFO - End of training epoch 35 / 40 	 Time Taken: 3 sec
2026-03-09 11:25:49,842 - utils.logger2026-03-09-11.23.46 - INFO - learning rate = 0.0000909
2026-03-09 11:25:50,234 - utils.logger2026-03-09-11.23.46 - INFO - Val result of epoch 35 / 40 acc 0.7679 MAE 0.6164 f1 0.7910
2026-03-09 11:25:50,680 - utils.logger2026-03-09-11.23.46 - INFO - Tst result of epoch 35 / 40 acc 0.7679 MAE 0.6164 f1 0.7910
2026-03-09 11:25:51,690 - utils.logger2026-03-09-11.23.46 - INFO - Cur epoch 36 loss TA:0.4992 TV:0.5095 VA:1.0228 CE:0.2109
2026-03-09 11:25:52,389 - utils.logger2026-03-09-11.23.46 - INFO - Cur epoch 36 loss TA:0.5245 TV:0.5308 VA:1.0099 CE:0.1821
2026-03-09 11:25:52,871 - utils.logger2026-03-09-11.23.46 - INFO - saving the model at the end of epoch 36, iters 1008
2026-03-09 11:25:53,054 - utils.logger2026-03-09-11.23.46 - INFO - End of training epoch 36 / 40 	 Time Taken: 2 sec
2026-03-09 11:25:53,054 - utils.logger2026-03-09-11.23.46 - INFO - learning rate = 0.0000727
2026-03-09 11:25:53,546 - utils.logger2026-03-09-11.23.46 - INFO - Val result of epoch 36 / 40 acc 0.7812 MAE 0.6261 f1 0.7993
2026-03-09 11:25:53,978 - utils.logger2026-03-09-11.23.46 - INFO - Tst result of epoch 36 / 40 acc 0.7812 MAE 0.6261 f1 0.7993
2026-03-09 11:25:54,391 - utils.logger2026-03-09-11.23.46 - INFO - Cur epoch 37 loss TA:0.5132 TV:0.5162 VA:1.0195 CE:0.1713
2026-03-09 11:25:54,969 - utils.logger2026-03-09-11.23.46 - INFO - Cur epoch 37 loss TA:0.5130 TV:0.5212 VA:0.9897 CE:0.2392
2026-03-09 11:25:55,819 - utils.logger2026-03-09-11.23.46 - INFO - Cur epoch 37 loss TA:0.5050 TV:0.5145 VA:1.0144 CE:0.1370
2026-03-09 11:25:56,470 - utils.logger2026-03-09-11.23.46 - INFO - saving the model at the end of epoch 37, iters 1036
2026-03-09 11:25:56,933 - utils.logger2026-03-09-11.23.46 - INFO - End of training epoch 37 / 40 	 Time Taken: 2 sec
2026-03-09 11:25:56,933 - utils.logger2026-03-09-11.23.46 - INFO - learning rate = 0.0000545
2026-03-09 11:25:57,409 - utils.logger2026-03-09-11.23.46 - INFO - Val result of epoch 37 / 40 acc 0.7768 MAE 0.6163 f1 0.7940
2026-03-09 11:25:57,849 - utils.logger2026-03-09-11.23.46 - INFO - Tst result of epoch 37 / 40 acc 0.7768 MAE 0.6163 f1 0.7940
2026-03-09 11:25:58,413 - utils.logger2026-03-09-11.23.46 - INFO - Cur epoch 38 loss TA:0.5162 TV:0.5340 VA:1.0029 CE:0.1977
2026-03-09 11:25:59,100 - utils.logger2026-03-09-11.23.46 - INFO - Cur epoch 38 loss TA:0.5416 TV:0.5435 VA:1.0214 CE:0.1764
2026-03-09 11:25:59,727 - utils.logger2026-03-09-11.23.46 - INFO - Cur epoch 38 loss TA:0.5292 TV:0.5277 VA:1.0263 CE:0.2157
2026-03-09 11:26:00,004 - utils.logger2026-03-09-11.23.46 - INFO - saving the model at the end of epoch 38, iters 1064
2026-03-09 11:26:00,176 - utils.logger2026-03-09-11.23.46 - INFO - End of training epoch 38 / 40 	 Time Taken: 2 sec
2026-03-09 11:26:00,177 - utils.logger2026-03-09-11.23.46 - INFO - learning rate = 0.0000364
2026-03-09 11:26:00,653 - utils.logger2026-03-09-11.23.46 - INFO - Val result of epoch 38 / 40 acc 0.7812 MAE 0.6260 f1 0.7988
2026-03-09 11:26:01,072 - utils.logger2026-03-09-11.23.46 - INFO - Tst result of epoch 38 / 40 acc 0.7812 MAE 0.6260 f1 0.7988
2026-03-09 11:26:01,757 - utils.logger2026-03-09-11.23.46 - INFO - Cur epoch 39 loss TA:0.5099 TV:0.5169 VA:0.9986 CE:0.1597
2026-03-09 11:26:02,365 - utils.logger2026-03-09-11.23.46 - INFO - Cur epoch 39 loss TA:0.5183 TV:0.5261 VA:0.9988 CE:0.1760
2026-03-09 11:26:03,083 - utils.logger2026-03-09-11.23.46 - INFO - Cur epoch 39 loss TA:0.5098 TV:0.5173 VA:0.9933 CE:0.1860
2026-03-09 11:26:03,288 - utils.logger2026-03-09-11.23.46 - INFO - saving the model at the end of epoch 39, iters 1092
2026-03-09 11:26:03,481 - utils.logger2026-03-09-11.23.46 - INFO - End of training epoch 39 / 40 	 Time Taken: 2 sec
2026-03-09 11:26:03,481 - utils.logger2026-03-09-11.23.46 - INFO - learning rate = 0.0000182
2026-03-09 11:26:03,886 - utils.logger2026-03-09-11.23.46 - INFO - Val result of epoch 39 / 40 acc 0.7857 MAE 0.6229 f1 0.8042
2026-03-09 11:26:04,269 - utils.logger2026-03-09-11.23.46 - INFO - Tst result of epoch 39 / 40 acc 0.7857 MAE 0.6229 f1 0.8042
2026-03-09 11:26:05,450 - utils.logger2026-03-09-11.23.46 - INFO - Cur epoch 40 loss TA:0.5153 TV:0.5289 VA:0.9841 CE:0.2148
2026-03-09 11:26:06,494 - utils.logger2026-03-09-11.23.46 - INFO - Cur epoch 40 loss TA:0.4864 TV:0.4888 VA:0.9711 CE:0.1579
2026-03-09 11:26:07,608 - utils.logger2026-03-09-11.23.46 - INFO - Cur epoch 40 loss TA:0.2091 TV:0.2199 VA:0.4252 CE:0.1423
2026-03-09 11:26:07,666 - utils.logger2026-03-09-11.23.46 - INFO - saving the model at the end of epoch 40, iters 1120
2026-03-09 11:26:07,756 - utils.logger2026-03-09-11.23.46 - INFO - End of training epoch 40 / 40 	 Time Taken: 3 sec
2026-03-09 11:26:07,756 - utils.logger2026-03-09-11.23.46 - INFO - learning rate = 0.0000000
2026-03-09 11:26:08,125 - utils.logger2026-03-09-11.23.46 - INFO - Val result of epoch 40 / 40 acc 0.7857 MAE 0.6240 f1 0.8042
2026-03-09 11:26:08,479 - utils.logger2026-03-09-11.23.46 - INFO - Tst result of epoch 40 / 40 acc 0.7857 MAE 0.6240 f1 0.8042
2026-03-09 11:26:08,479 - utils.logger2026-03-09-11.23.46 - INFO - Best eval epoch 25 found with f1 0.807820
