2026-03-09 15:04:11,890 - utils.logger2026-03-09-15.04.06 - INFO - The number of training samples = 1750
2026-03-09 15:04:11,890 - utils.logger2026-03-09-15.04.06 - INFO - The number of testing samples = 1344
2026-03-09 15:04:15,451 - utils.logger2026-03-09-15.04.06 - INFO - Cur epoch 1 loss CE:2.6415 mse:1.3432 consistent:3.6434
2026-03-09 15:04:16,089 - utils.logger2026-03-09-15.04.06 - INFO - Cur epoch 1 loss CE:2.1563 mse:0.6955 consistent:3.2452
2026-03-09 15:04:16,879 - utils.logger2026-03-09-15.04.06 - INFO - saving the model at the end of epoch 1, iters 28
2026-03-09 15:04:17,739 - utils.logger2026-03-09-15.04.06 - INFO - End of training epoch 1 / 40 	 Time Taken: 4 sec
2026-03-09 15:04:17,740 - utils.logger2026-03-09-15.04.06 - INFO - learning rate = 0.0002000
2026-03-09 15:04:20,183 - utils.logger2026-03-09-15.04.06 - INFO - Val result of epoch 1 / 40 mae 1.2602 corr 0.3903 f1 0.6033
2026-03-09 15:04:22,338 - utils.logger2026-03-09-15.04.06 - INFO - Tst result of epoch 1 / 40 mae 1.2516 corr 0.4518 f1 0.6105
2026-03-09 15:04:23,611 - utils.logger2026-03-09-15.04.06 - INFO - Cur epoch 2 loss CE:1.9039 mse:0.5422 consistent:3.0251
2026-03-09 15:04:24,195 - utils.logger2026-03-09-15.04.06 - INFO - Cur epoch 2 loss CE:1.7609 mse:0.4197 consistent:3.0097
2026-03-09 15:04:24,840 - utils.logger2026-03-09-15.04.06 - INFO - Cur epoch 2 loss CE:1.2020 mse:0.5440 consistent:2.8109
2026-03-09 15:04:25,374 - utils.logger2026-03-09-15.04.06 - INFO - saving the model at the end of epoch 2, iters 56
2026-03-09 15:04:25,974 - utils.logger2026-03-09-15.04.06 - INFO - End of training epoch 2 / 40 	 Time Taken: 3 sec
2026-03-09 15:04:25,975 - utils.logger2026-03-09-15.04.06 - INFO - learning rate = 0.0002000
2026-03-09 15:04:28,117 - utils.logger2026-03-09-15.04.06 - INFO - Val result of epoch 2 / 40 mae 1.2039 corr 0.4072 f1 0.6261
2026-03-09 15:04:30,074 - utils.logger2026-03-09-15.04.06 - INFO - Tst result of epoch 2 / 40 mae 1.1540 corr 0.4726 f1 0.6281
2026-03-09 15:04:31,462 - utils.logger2026-03-09-15.04.06 - INFO - Cur epoch 3 loss CE:1.4138 mse:0.3973 consistent:2.7109
2026-03-09 15:04:32,184 - utils.logger2026-03-09-15.04.06 - INFO - Cur epoch 3 loss CE:1.9865 mse:0.3225 consistent:2.6849
2026-03-09 15:04:32,963 - utils.logger2026-03-09-15.04.06 - INFO - Cur epoch 3 loss CE:1.8171 mse:0.3072 consistent:2.6679
2026-03-09 15:04:33,501 - utils.logger2026-03-09-15.04.06 - INFO - saving the model at the end of epoch 3, iters 84
2026-03-09 15:04:34,159 - utils.logger2026-03-09-15.04.06 - INFO - End of training epoch 3 / 40 	 Time Taken: 4 sec
2026-03-09 15:04:34,159 - utils.logger2026-03-09-15.04.06 - INFO - learning rate = 0.0002000
2026-03-09 15:04:36,236 - utils.logger2026-03-09-15.04.06 - INFO - Val result of epoch 3 / 40 mae 1.2915 corr 0.3795 f1 0.6151
2026-03-09 15:04:38,576 - utils.logger2026-03-09-15.04.06 - INFO - Tst result of epoch 3 / 40 mae 1.2259 corr 0.4682 f1 0.6416
2026-03-09 15:04:40,080 - utils.logger2026-03-09-15.04.06 - INFO - Cur epoch 4 loss CE:1.4982 mse:0.2846 consistent:2.3433
2026-03-09 15:04:40,767 - utils.logger2026-03-09-15.04.06 - INFO - Cur epoch 4 loss CE:1.9293 mse:0.5858 consistent:2.5763
2026-03-09 15:04:41,382 - utils.logger2026-03-09-15.04.06 - INFO - Cur epoch 4 loss CE:1.9182 mse:0.3484 consistent:2.7730
2026-03-09 15:04:41,710 - utils.logger2026-03-09-15.04.06 - INFO - saving the model at the end of epoch 4, iters 112
2026-03-09 15:04:42,569 - utils.logger2026-03-09-15.04.06 - INFO - End of training epoch 4 / 40 	 Time Taken: 3 sec
2026-03-09 15:04:42,569 - utils.logger2026-03-09-15.04.06 - INFO - learning rate = 0.0002000
2026-03-09 15:04:44,790 - utils.logger2026-03-09-15.04.06 - INFO - Val result of epoch 4 / 40 mae 1.2090 corr 0.4045 f1 0.6203
2026-03-09 15:04:46,814 - utils.logger2026-03-09-15.04.06 - INFO - Tst result of epoch 4 / 40 mae 1.1599 corr 0.4761 f1 0.6227
2026-03-09 15:04:48,504 - utils.logger2026-03-09-15.04.06 - INFO - Cur epoch 5 loss CE:1.5502 mse:0.2935 consistent:2.7017
2026-03-09 15:04:49,180 - utils.logger2026-03-09-15.04.06 - INFO - Cur epoch 5 loss CE:1.9303 mse:0.3257 consistent:2.7745
2026-03-09 15:04:49,864 - utils.logger2026-03-09-15.04.06 - INFO - Cur epoch 5 loss CE:1.7949 mse:0.2936 consistent:2.5367
2026-03-09 15:04:50,092 - utils.logger2026-03-09-15.04.06 - INFO - saving the model at the end of epoch 5, iters 140
2026-03-09 15:04:50,973 - utils.logger2026-03-09-15.04.06 - INFO - End of training epoch 5 / 40 	 Time Taken: 4 sec
2026-03-09 15:04:50,974 - utils.logger2026-03-09-15.04.06 - INFO - learning rate = 0.0002000
2026-03-09 15:04:53,457 - utils.logger2026-03-09-15.04.06 - INFO - Val result of epoch 5 / 40 mae 1.3843 corr 0.3491 f1 0.5875
2026-03-09 15:04:55,840 - utils.logger2026-03-09-15.04.06 - INFO - Tst result of epoch 5 / 40 mae 1.3306 corr 0.4452 f1 0.6104
2026-03-09 15:04:57,954 - utils.logger2026-03-09-15.04.06 - INFO - Cur epoch 6 loss CE:2.1794 mse:0.3511 consistent:2.5888
2026-03-09 15:04:58,628 - utils.logger2026-03-09-15.04.06 - INFO - Cur epoch 6 loss CE:1.1182 mse:0.2677 consistent:2.2853
2026-03-09 15:04:59,409 - utils.logger2026-03-09-15.04.06 - INFO - saving the model at the end of epoch 6, iters 168
2026-03-09 15:04:59,951 - utils.logger2026-03-09-15.04.06 - INFO - End of training epoch 6 / 40 	 Time Taken: 4 sec
2026-03-09 15:04:59,952 - utils.logger2026-03-09-15.04.06 - INFO - learning rate = 0.0002000
2026-03-09 15:05:02,368 - utils.logger2026-03-09-15.04.06 - INFO - Val result of epoch 6 / 40 mae 1.2494 corr 0.3993 f1 0.6171
2026-03-09 15:05:04,478 - utils.logger2026-03-09-15.04.06 - INFO - Tst result of epoch 6 / 40 mae 1.1985 corr 0.4795 f1 0.6286
2026-03-09 15:05:05,944 - utils.logger2026-03-09-15.04.06 - INFO - Cur epoch 7 loss CE:1.3676 mse:0.2922 consistent:2.4775
2026-03-09 15:05:06,624 - utils.logger2026-03-09-15.04.06 - INFO - Cur epoch 7 loss CE:1.5375 mse:0.2873 consistent:2.4437
2026-03-09 15:05:07,442 - utils.logger2026-03-09-15.04.06 - INFO - Cur epoch 7 loss CE:1.3070 mse:0.2484 consistent:2.4009
2026-03-09 15:05:08,378 - utils.logger2026-03-09-15.04.06 - INFO - saving the model at the end of epoch 7, iters 196
2026-03-09 15:05:09,237 - utils.logger2026-03-09-15.04.06 - INFO - End of training epoch 7 / 40 	 Time Taken: 4 sec
2026-03-09 15:05:09,237 - utils.logger2026-03-09-15.04.06 - INFO - learning rate = 0.0002000
2026-03-09 15:05:11,512 - utils.logger2026-03-09-15.04.06 - INFO - Val result of epoch 7 / 40 mae 1.1956 corr 0.3922 f1 0.6206
2026-03-09 15:05:13,857 - utils.logger2026-03-09-15.04.06 - INFO - Tst result of epoch 7 / 40 mae 1.1486 corr 0.4775 f1 0.6295
2026-03-09 15:05:15,376 - utils.logger2026-03-09-15.04.06 - INFO - Cur epoch 8 loss CE:1.7037 mse:0.3208 consistent:2.3835
2026-03-09 15:05:16,199 - utils.logger2026-03-09-15.04.06 - INFO - Cur epoch 8 loss CE:2.0404 mse:0.3436 consistent:2.3584
2026-03-09 15:05:16,859 - utils.logger2026-03-09-15.04.06 - INFO - Cur epoch 8 loss CE:1.6745 mse:0.2714 consistent:2.2666
2026-03-09 15:05:17,279 - utils.logger2026-03-09-15.04.06 - INFO - saving the model at the end of epoch 8, iters 224
2026-03-09 15:05:17,819 - utils.logger2026-03-09-15.04.06 - INFO - End of training epoch 8 / 40 	 Time Taken: 3 sec
2026-03-09 15:05:17,819 - utils.logger2026-03-09-15.04.06 - INFO - learning rate = 0.0002000
2026-03-09 15:05:20,007 - utils.logger2026-03-09-15.04.06 - INFO - Val result of epoch 8 / 40 mae 1.1607 corr 0.4170 f1 0.6285
2026-03-09 15:05:22,094 - utils.logger2026-03-09-15.04.06 - INFO - Tst result of epoch 8 / 40 mae 1.1324 corr 0.4792 f1 0.6564
2026-03-09 15:05:23,624 - utils.logger2026-03-09-15.04.06 - INFO - Cur epoch 9 loss CE:1.5370 mse:0.2764 consistent:2.2320
2026-03-09 15:05:24,396 - utils.logger2026-03-09-15.04.06 - INFO - Cur epoch 9 loss CE:1.3349 mse:0.2283 consistent:2.0412
2026-03-09 15:05:25,149 - utils.logger2026-03-09-15.04.06 - INFO - Cur epoch 9 loss CE:1.1742 mse:0.2302 consistent:2.1144
2026-03-09 15:05:25,565 - utils.logger2026-03-09-15.04.06 - INFO - saving the model at the end of epoch 9, iters 252
2026-03-09 15:05:26,003 - utils.logger2026-03-09-15.04.06 - INFO - End of training epoch 9 / 40 	 Time Taken: 3 sec
2026-03-09 15:05:26,003 - utils.logger2026-03-09-15.04.06 - INFO - learning rate = 0.0002000
2026-03-09 15:05:28,318 - utils.logger2026-03-09-15.04.06 - INFO - Val result of epoch 9 / 40 mae 1.1849 corr 0.4034 f1 0.6570
2026-03-09 15:05:30,009 - utils.logger2026-03-09-15.04.06 - INFO - Tst result of epoch 9 / 40 mae 1.1426 corr 0.4815 f1 0.6997
2026-03-09 15:05:31,171 - utils.logger2026-03-09-15.04.06 - INFO - Cur epoch 10 loss CE:1.3783 mse:0.2941 consistent:2.2825
2026-03-09 15:05:31,617 - utils.logger2026-03-09-15.04.06 - INFO - Cur epoch 10 loss CE:1.5889 mse:0.3216 consistent:2.2070
2026-03-09 15:05:32,231 - utils.logger2026-03-09-15.04.06 - INFO - Cur epoch 10 loss CE:0.9601 mse:0.2000 consistent:1.9063
2026-03-09 15:05:32,422 - utils.logger2026-03-09-15.04.06 - INFO - saving the model at the end of epoch 10, iters 280
2026-03-09 15:05:32,733 - utils.logger2026-03-09-15.04.06 - INFO - End of training epoch 10 / 40 	 Time Taken: 2 sec
2026-03-09 15:05:32,733 - utils.logger2026-03-09-15.04.06 - INFO - learning rate = 0.0002000
2026-03-09 15:05:34,927 - utils.logger2026-03-09-15.04.06 - INFO - Val result of epoch 10 / 40 mae 1.2013 corr 0.4049 f1 0.6310
2026-03-09 15:05:37,115 - utils.logger2026-03-09-15.04.06 - INFO - Tst result of epoch 10 / 40 mae 1.1439 corr 0.4952 f1 0.6432
2026-03-09 15:05:39,266 - utils.logger2026-03-09-15.04.06 - INFO - Cur epoch 11 loss CE:1.6569 mse:0.2893 consistent:2.0176
2026-03-09 15:05:39,958 - utils.logger2026-03-09-15.04.06 - INFO - Cur epoch 11 loss CE:1.1976 mse:0.2748 consistent:2.0206
2026-03-09 15:05:40,770 - utils.logger2026-03-09-15.04.06 - INFO - saving the model at the end of epoch 11, iters 308
2026-03-09 15:05:41,270 - utils.logger2026-03-09-15.04.06 - INFO - End of training epoch 11 / 40 	 Time Taken: 4 sec
2026-03-09 15:05:41,271 - utils.logger2026-03-09-15.04.06 - INFO - learning rate = 0.0002000
2026-03-09 15:05:43,685 - utils.logger2026-03-09-15.04.06 - INFO - Val result of epoch 11 / 40 mae 1.1804 corr 0.4116 f1 0.6349
2026-03-09 15:05:45,873 - utils.logger2026-03-09-15.04.06 - INFO - Tst result of epoch 11 / 40 mae 1.1294 corr 0.4923 f1 0.6378
2026-03-09 15:05:47,371 - utils.logger2026-03-09-15.04.06 - INFO - Cur epoch 12 loss CE:1.7601 mse:0.2985 consistent:2.0785
2026-03-09 15:05:48,130 - utils.logger2026-03-09-15.04.06 - INFO - Cur epoch 12 loss CE:1.5015 mse:0.2810 consistent:1.9771
2026-03-09 15:05:48,835 - utils.logger2026-03-09-15.04.06 - INFO - Cur epoch 12 loss CE:1.4217 mse:0.2643 consistent:2.0089
2026-03-09 15:05:49,455 - utils.logger2026-03-09-15.04.06 - INFO - saving the model at the end of epoch 12, iters 336
2026-03-09 15:05:50,053 - utils.logger2026-03-09-15.04.06 - INFO - End of training epoch 12 / 40 	 Time Taken: 4 sec
2026-03-09 15:05:50,053 - utils.logger2026-03-09-15.04.06 - INFO - learning rate = 0.0002000
2026-03-09 15:05:52,111 - utils.logger2026-03-09-15.04.06 - INFO - Val result of epoch 12 / 40 mae 1.2252 corr 0.3951 f1 0.6287
2026-03-09 15:05:54,486 - utils.logger2026-03-09-15.04.06 - INFO - Tst result of epoch 12 / 40 mae 1.1765 corr 0.4869 f1 0.6421
2026-03-09 15:05:56,005 - utils.logger2026-03-09-15.04.06 - INFO - Cur epoch 13 loss CE:1.1828 mse:0.3083 consistent:2.0249
2026-03-09 15:05:56,694 - utils.logger2026-03-09-15.04.06 - INFO - Cur epoch 13 loss CE:1.6429 mse:0.3046 consistent:1.9523
2026-03-09 15:05:57,442 - utils.logger2026-03-09-15.04.06 - INFO - Cur epoch 13 loss CE:1.5497 mse:0.2726 consistent:1.9959
2026-03-09 15:05:57,912 - utils.logger2026-03-09-15.04.06 - INFO - saving the model at the end of epoch 13, iters 364
2026-03-09 15:05:58,657 - utils.logger2026-03-09-15.04.06 - INFO - End of training epoch 13 / 40 	 Time Taken: 4 sec
2026-03-09 15:05:58,658 - utils.logger2026-03-09-15.04.06 - INFO - learning rate = 0.0002000
2026-03-09 15:06:00,868 - utils.logger2026-03-09-15.04.06 - INFO - Val result of epoch 13 / 40 mae 1.2844 corr 0.3992 f1 0.6113
2026-03-09 15:06:03,246 - utils.logger2026-03-09-15.04.06 - INFO - Tst result of epoch 13 / 40 mae 1.2390 corr 0.4888 f1 0.6213
2026-03-09 15:06:04,807 - utils.logger2026-03-09-15.04.06 - INFO - Cur epoch 14 loss CE:1.2616 mse:0.3194 consistent:2.1257
2026-03-09 15:06:05,489 - utils.logger2026-03-09-15.04.06 - INFO - Cur epoch 14 loss CE:1.3086 mse:0.2834 consistent:1.8282
2026-03-09 15:06:06,163 - utils.logger2026-03-09-15.04.06 - INFO - Cur epoch 14 loss CE:1.4357 mse:0.2954 consistent:1.7565
2026-03-09 15:06:06,460 - utils.logger2026-03-09-15.04.06 - INFO - saving the model at the end of epoch 14, iters 392
2026-03-09 15:06:06,934 - utils.logger2026-03-09-15.04.06 - INFO - End of training epoch 14 / 40 	 Time Taken: 3 sec
2026-03-09 15:06:06,934 - utils.logger2026-03-09-15.04.06 - INFO - learning rate = 0.0002000
2026-03-09 15:06:09,021 - utils.logger2026-03-09-15.04.06 - INFO - Val result of epoch 14 / 40 mae 1.1578 corr 0.4101 f1 0.6575
2026-03-09 15:06:11,099 - utils.logger2026-03-09-15.04.06 - INFO - Tst result of epoch 14 / 40 mae 1.1146 corr 0.4868 f1 0.6579
2026-03-09 15:06:12,917 - utils.logger2026-03-09-15.04.06 - INFO - Cur epoch 15 loss CE:1.6838 mse:0.3011 consistent:1.8730
2026-03-09 15:06:13,577 - utils.logger2026-03-09-15.04.06 - INFO - Cur epoch 15 loss CE:1.3866 mse:0.3201 consistent:2.1157
2026-03-09 15:06:14,257 - utils.logger2026-03-09-15.04.06 - INFO - Cur epoch 15 loss CE:1.0150 mse:0.2986 consistent:1.5020
2026-03-09 15:06:14,422 - utils.logger2026-03-09-15.04.06 - INFO - saving the model at the end of epoch 15, iters 420
2026-03-09 15:06:15,021 - utils.logger2026-03-09-15.04.06 - INFO - End of training epoch 15 / 40 	 Time Taken: 3 sec
2026-03-09 15:06:15,021 - utils.logger2026-03-09-15.04.06 - INFO - learning rate = 0.0002000
2026-03-09 15:06:17,168 - utils.logger2026-03-09-15.04.06 - INFO - Val result of epoch 15 / 40 mae 1.1775 corr 0.4023 f1 0.6435
2026-03-09 15:06:19,326 - utils.logger2026-03-09-15.04.06 - INFO - Tst result of epoch 15 / 40 mae 1.1408 corr 0.4838 f1 0.6459
2026-03-09 15:06:21,255 - utils.logger2026-03-09-15.04.06 - INFO - Cur epoch 16 loss CE:0.7393 mse:0.2122 consistent:1.6325
2026-03-09 15:06:21,956 - utils.logger2026-03-09-15.04.06 - INFO - Cur epoch 16 loss CE:1.1513 mse:0.2764 consistent:1.7509
2026-03-09 15:06:22,865 - utils.logger2026-03-09-15.04.06 - INFO - saving the model at the end of epoch 16, iters 448
2026-03-09 15:06:23,359 - utils.logger2026-03-09-15.04.06 - INFO - End of training epoch 16 / 40 	 Time Taken: 4 sec
2026-03-09 15:06:23,359 - utils.logger2026-03-09-15.04.06 - INFO - learning rate = 0.0002000
2026-03-09 15:06:25,500 - utils.logger2026-03-09-15.04.06 - INFO - Val result of epoch 16 / 40 mae 1.2050 corr 0.4011 f1 0.6283
2026-03-09 15:06:27,637 - utils.logger2026-03-09-15.04.06 - INFO - Tst result of epoch 16 / 40 mae 1.1602 corr 0.4876 f1 0.6482
2026-03-09 15:06:28,966 - utils.logger2026-03-09-15.04.06 - INFO - Cur epoch 17 loss CE:0.9715 mse:0.2543 consistent:1.6722
2026-03-09 15:06:29,732 - utils.logger2026-03-09-15.04.06 - INFO - Cur epoch 17 loss CE:1.1366 mse:0.3285 consistent:1.9448
2026-03-09 15:06:30,382 - utils.logger2026-03-09-15.04.06 - INFO - Cur epoch 17 loss CE:0.8304 mse:0.2657 consistent:1.7450
2026-03-09 15:06:30,994 - utils.logger2026-03-09-15.04.06 - INFO - saving the model at the end of epoch 17, iters 476
2026-03-09 15:06:31,744 - utils.logger2026-03-09-15.04.06 - INFO - End of training epoch 17 / 40 	 Time Taken: 4 sec
2026-03-09 15:06:31,745 - utils.logger2026-03-09-15.04.06 - INFO - learning rate = 0.0002000
2026-03-09 15:06:34,185 - utils.logger2026-03-09-15.04.06 - INFO - Val result of epoch 17 / 40 mae 1.2217 corr 0.3666 f1 0.6560
2026-03-09 15:06:36,255 - utils.logger2026-03-09-15.04.06 - INFO - Tst result of epoch 17 / 40 mae 1.1637 corr 0.4656 f1 0.6380
2026-03-09 15:06:37,604 - utils.logger2026-03-09-15.04.06 - INFO - Cur epoch 18 loss CE:1.4468 mse:0.2815 consistent:1.5959
2026-03-09 15:06:38,300 - utils.logger2026-03-09-15.04.06 - INFO - Cur epoch 18 loss CE:1.0456 mse:0.2741 consistent:1.7614
2026-03-09 15:06:39,104 - utils.logger2026-03-09-15.04.06 - INFO - Cur epoch 18 loss CE:1.1282 mse:0.2221 consistent:1.6074
2026-03-09 15:06:39,552 - utils.logger2026-03-09-15.04.06 - INFO - saving the model at the end of epoch 18, iters 504
2026-03-09 15:06:40,122 - utils.logger2026-03-09-15.04.06 - INFO - End of training epoch 18 / 40 	 Time Taken: 3 sec
2026-03-09 15:06:40,123 - utils.logger2026-03-09-15.04.06 - INFO - learning rate = 0.0002000
2026-03-09 15:06:42,365 - utils.logger2026-03-09-15.04.06 - INFO - Val result of epoch 18 / 40 mae 1.1902 corr 0.3936 f1 0.6335
2026-03-09 15:06:44,456 - utils.logger2026-03-09-15.04.06 - INFO - Tst result of epoch 18 / 40 mae 1.1404 corr 0.4854 f1 0.6479
2026-03-09 15:06:45,918 - utils.logger2026-03-09-15.04.06 - INFO - Cur epoch 19 loss CE:0.9002 mse:0.2484 consistent:1.5739
2026-03-09 15:06:46,498 - utils.logger2026-03-09-15.04.06 - INFO - Cur epoch 19 loss CE:1.0367 mse:0.2964 consistent:1.6680
2026-03-09 15:06:47,126 - utils.logger2026-03-09-15.04.06 - INFO - Cur epoch 19 loss CE:1.0904 mse:0.2324 consistent:1.4478
2026-03-09 15:06:47,375 - utils.logger2026-03-09-15.04.06 - INFO - saving the model at the end of epoch 19, iters 532
2026-03-09 15:06:48,193 - utils.logger2026-03-09-15.04.06 - INFO - End of training epoch 19 / 40 	 Time Taken: 3 sec
2026-03-09 15:06:48,193 - utils.logger2026-03-09-15.04.06 - INFO - learning rate = 0.0002000
2026-03-09 15:06:49,794 - utils.logger2026-03-09-15.04.06 - INFO - Val result of epoch 19 / 40 mae 1.2036 corr 0.3720 f1 0.6363
2026-03-09 15:06:51,856 - utils.logger2026-03-09-15.04.06 - INFO - Tst result of epoch 19 / 40 mae 1.1476 corr 0.4696 f1 0.6538
2026-03-09 15:06:53,467 - utils.logger2026-03-09-15.04.06 - INFO - Cur epoch 20 loss CE:0.6572 mse:0.2225 consistent:1.4128
2026-03-09 15:06:54,301 - utils.logger2026-03-09-15.04.06 - INFO - Cur epoch 20 loss CE:1.0200 mse:0.2782 consistent:1.5469
2026-03-09 15:06:54,967 - utils.logger2026-03-09-15.04.06 - INFO - Cur epoch 20 loss CE:0.5878 mse:0.2426 consistent:1.5744
2026-03-09 15:06:55,086 - utils.logger2026-03-09-15.04.06 - INFO - saving the model at the end of epoch 20, iters 560
2026-03-09 15:06:55,712 - utils.logger2026-03-09-15.04.06 - INFO - End of training epoch 20 / 40 	 Time Taken: 3 sec
2026-03-09 15:06:55,713 - utils.logger2026-03-09-15.04.06 - INFO - learning rate = 0.0001905
2026-03-09 15:06:57,847 - utils.logger2026-03-09-15.04.06 - INFO - Val result of epoch 20 / 40 mae 1.1849 corr 0.3772 f1 0.6546
2026-03-09 15:07:00,237 - utils.logger2026-03-09-15.04.06 - INFO - Tst result of epoch 20 / 40 mae 1.1232 corr 0.4728 f1 0.6605
2026-03-09 15:07:02,202 - utils.logger2026-03-09-15.04.06 - INFO - Cur epoch 21 loss CE:0.9219 mse:0.2721 consistent:1.5459
2026-03-09 15:07:02,860 - utils.logger2026-03-09-15.04.06 - INFO - Cur epoch 21 loss CE:0.8417 mse:0.2544 consistent:1.4896
2026-03-09 15:07:03,547 - utils.logger2026-03-09-15.04.06 - INFO - saving the model at the end of epoch 21, iters 588
2026-03-09 15:07:04,217 - utils.logger2026-03-09-15.04.06 - INFO - End of training epoch 21 / 40 	 Time Taken: 3 sec
2026-03-09 15:07:04,218 - utils.logger2026-03-09-15.04.06 - INFO - learning rate = 0.0001810
2026-03-09 15:07:06,495 - utils.logger2026-03-09-15.04.06 - INFO - Val result of epoch 21 / 40 mae 1.1991 corr 0.3616 f1 0.6402
2026-03-09 15:07:08,734 - utils.logger2026-03-09-15.04.06 - INFO - Tst result of epoch 21 / 40 mae 1.1404 corr 0.4491 f1 0.6572
2026-03-09 15:07:10,150 - utils.logger2026-03-09-15.04.06 - INFO - Cur epoch 22 loss CE:1.3073 mse:0.3124 consistent:1.6993
2026-03-09 15:07:10,848 - utils.logger2026-03-09-15.04.06 - INFO - Cur epoch 22 loss CE:0.9732 mse:0.2926 consistent:1.5885
2026-03-09 15:07:11,516 - utils.logger2026-03-09-15.04.06 - INFO - Cur epoch 22 loss CE:0.8738 mse:0.2520 consistent:1.3570
2026-03-09 15:07:12,168 - utils.logger2026-03-09-15.04.06 - INFO - saving the model at the end of epoch 22, iters 616
2026-03-09 15:07:12,798 - utils.logger2026-03-09-15.04.06 - INFO - End of training epoch 22 / 40 	 Time Taken: 4 sec
2026-03-09 15:07:12,798 - utils.logger2026-03-09-15.04.06 - INFO - learning rate = 0.0001714
2026-03-09 15:07:14,990 - utils.logger2026-03-09-15.04.06 - INFO - Val result of epoch 22 / 40 mae 1.1769 corr 0.3765 f1 0.6569
2026-03-09 15:07:16,893 - utils.logger2026-03-09-15.04.06 - INFO - Tst result of epoch 22 / 40 mae 1.1248 corr 0.4599 f1 0.6545
2026-03-09 15:07:18,468 - utils.logger2026-03-09-15.04.06 - INFO - Cur epoch 23 loss CE:0.9339 mse:0.2570 consistent:1.4239
2026-03-09 15:07:19,186 - utils.logger2026-03-09-15.04.06 - INFO - Cur epoch 23 loss CE:1.0284 mse:0.3278 consistent:1.4238
2026-03-09 15:07:19,852 - utils.logger2026-03-09-15.04.06 - INFO - Cur epoch 23 loss CE:0.8868 mse:0.3017 consistent:1.3590
2026-03-09 15:07:20,323 - utils.logger2026-03-09-15.04.06 - INFO - saving the model at the end of epoch 23, iters 644
2026-03-09 15:07:20,867 - utils.logger2026-03-09-15.04.06 - INFO - End of training epoch 23 / 40 	 Time Taken: 3 sec
2026-03-09 15:07:20,867 - utils.logger2026-03-09-15.04.06 - INFO - learning rate = 0.0001619
2026-03-09 15:07:23,238 - utils.logger2026-03-09-15.04.06 - INFO - Val result of epoch 23 / 40 mae 1.1711 corr 0.3864 f1 0.6403
2026-03-09 15:07:25,394 - utils.logger2026-03-09-15.04.06 - INFO - Tst result of epoch 23 / 40 mae 1.1234 corr 0.4778 f1 0.6494
2026-03-09 15:07:26,867 - utils.logger2026-03-09-15.04.06 - INFO - Cur epoch 24 loss CE:0.7625 mse:0.2582 consistent:1.4647
2026-03-09 15:07:27,656 - utils.logger2026-03-09-15.04.06 - INFO - Cur epoch 24 loss CE:1.1429 mse:0.4688 consistent:1.5185
2026-03-09 15:07:28,232 - utils.logger2026-03-09-15.04.06 - INFO - Cur epoch 24 loss CE:1.9293 mse:0.3516 consistent:1.4736
2026-03-09 15:07:28,500 - utils.logger2026-03-09-15.04.06 - INFO - saving the model at the end of epoch 24, iters 672
2026-03-09 15:07:29,173 - utils.logger2026-03-09-15.04.06 - INFO - End of training epoch 24 / 40 	 Time Taken: 3 sec
2026-03-09 15:07:29,174 - utils.logger2026-03-09-15.04.06 - INFO - learning rate = 0.0001524
2026-03-09 15:07:31,241 - utils.logger2026-03-09-15.04.06 - INFO - Val result of epoch 24 / 40 mae 1.4211 corr 0.3233 f1 0.6187
2026-03-09 15:07:33,299 - utils.logger2026-03-09-15.04.06 - INFO - Tst result of epoch 24 / 40 mae 1.3800 corr 0.4135 f1 0.6243
2026-03-09 15:07:35,003 - utils.logger2026-03-09-15.04.06 - INFO - Cur epoch 25 loss CE:0.6541 mse:0.2907 consistent:1.4379
2026-03-09 15:07:35,637 - utils.logger2026-03-09-15.04.06 - INFO - Cur epoch 25 loss CE:0.7302 mse:0.2749 consistent:1.4859
2026-03-09 15:07:36,329 - utils.logger2026-03-09-15.04.06 - INFO - Cur epoch 25 loss CE:0.6202 mse:0.2600 consistent:1.2427
2026-03-09 15:07:36,490 - utils.logger2026-03-09-15.04.06 - INFO - saving the model at the end of epoch 25, iters 700
2026-03-09 15:07:37,081 - utils.logger2026-03-09-15.04.06 - INFO - End of training epoch 25 / 40 	 Time Taken: 3 sec
2026-03-09 15:07:37,082 - utils.logger2026-03-09-15.04.06 - INFO - learning rate = 0.0001429
2026-03-09 15:07:39,118 - utils.logger2026-03-09-15.04.06 - INFO - Val result of epoch 25 / 40 mae 1.1943 corr 0.3551 f1 0.6528
2026-03-09 15:07:41,119 - utils.logger2026-03-09-15.04.06 - INFO - Tst result of epoch 25 / 40 mae 1.1545 corr 0.4372 f1 0.6426
2026-03-09 15:07:42,991 - utils.logger2026-03-09-15.04.06 - INFO - Cur epoch 26 loss CE:0.9637 mse:0.2887 consistent:1.3557
2026-03-09 15:07:43,644 - utils.logger2026-03-09-15.04.06 - INFO - Cur epoch 26 loss CE:0.8816 mse:0.2819 consistent:1.3159
2026-03-09 15:07:44,320 - utils.logger2026-03-09-15.04.06 - INFO - saving the model at the end of epoch 26, iters 728
2026-03-09 15:07:44,978 - utils.logger2026-03-09-15.04.06 - INFO - End of training epoch 26 / 40 	 Time Taken: 3 sec
2026-03-09 15:07:44,978 - utils.logger2026-03-09-15.04.06 - INFO - learning rate = 0.0001333
2026-03-09 15:07:47,082 - utils.logger2026-03-09-15.04.06 - INFO - Val result of epoch 26 / 40 mae 1.1899 corr 0.3703 f1 0.6512
2026-03-09 15:07:49,223 - utils.logger2026-03-09-15.04.06 - INFO - Tst result of epoch 26 / 40 mae 1.1524 corr 0.4486 f1 0.6390
2026-03-09 15:07:50,571 - utils.logger2026-03-09-15.04.06 - INFO - Cur epoch 27 loss CE:0.6452 mse:0.2432 consistent:1.3288
2026-03-09 15:07:51,393 - utils.logger2026-03-09-15.04.06 - INFO - Cur epoch 27 loss CE:1.0498 mse:0.2811 consistent:1.2931
2026-03-09 15:07:52,050 - utils.logger2026-03-09-15.04.06 - INFO - Cur epoch 27 loss CE:0.6404 mse:0.3031 consistent:1.2548
2026-03-09 15:07:52,674 - utils.logger2026-03-09-15.04.06 - INFO - saving the model at the end of epoch 27, iters 756
2026-03-09 15:07:53,372 - utils.logger2026-03-09-15.04.06 - INFO - End of training epoch 27 / 40 	 Time Taken: 4 sec
2026-03-09 15:07:53,372 - utils.logger2026-03-09-15.04.06 - INFO - learning rate = 0.0001238
2026-03-09 15:07:55,558 - utils.logger2026-03-09-15.04.06 - INFO - Val result of epoch 27 / 40 mae 1.1988 corr 0.3846 f1 0.6523
2026-03-09 15:07:57,656 - utils.logger2026-03-09-15.04.06 - INFO - Tst result of epoch 27 / 40 mae 1.1521 corr 0.4641 f1 0.6502
2026-03-09 15:07:59,048 - utils.logger2026-03-09-15.04.06 - INFO - Cur epoch 28 loss CE:1.0786 mse:0.3436 consistent:1.3840
2026-03-09 15:07:59,660 - utils.logger2026-03-09-15.04.06 - INFO - Cur epoch 28 loss CE:0.6743 mse:0.2601 consistent:1.3955
2026-03-09 15:08:00,456 - utils.logger2026-03-09-15.04.06 - INFO - Cur epoch 28 loss CE:0.6324 mse:0.2984 consistent:1.3260
2026-03-09 15:08:00,880 - utils.logger2026-03-09-15.04.06 - INFO - saving the model at the end of epoch 28, iters 784
2026-03-09 15:08:01,350 - utils.logger2026-03-09-15.04.06 - INFO - End of training epoch 28 / 40 	 Time Taken: 3 sec
2026-03-09 15:08:01,351 - utils.logger2026-03-09-15.04.06 - INFO - learning rate = 0.0001143
2026-03-09 15:08:03,486 - utils.logger2026-03-09-15.04.06 - INFO - Val result of epoch 28 / 40 mae 1.1972 corr 0.3845 f1 0.6560
2026-03-09 15:08:05,557 - utils.logger2026-03-09-15.04.06 - INFO - Tst result of epoch 28 / 40 mae 1.1475 corr 0.4592 f1 0.6424
2026-03-09 15:08:06,820 - utils.logger2026-03-09-15.04.06 - INFO - Cur epoch 29 loss CE:0.9425 mse:0.2530 consistent:1.2166
2026-03-09 15:08:07,435 - utils.logger2026-03-09-15.04.06 - INFO - Cur epoch 29 loss CE:0.5576 mse:0.2409 consistent:1.2198
2026-03-09 15:08:08,038 - utils.logger2026-03-09-15.04.06 - INFO - Cur epoch 29 loss CE:0.9988 mse:0.2902 consistent:1.2930
2026-03-09 15:08:08,274 - utils.logger2026-03-09-15.04.06 - INFO - saving the model at the end of epoch 29, iters 812
2026-03-09 15:08:08,648 - utils.logger2026-03-09-15.04.06 - INFO - End of training epoch 29 / 40 	 Time Taken: 3 sec
2026-03-09 15:08:08,648 - utils.logger2026-03-09-15.04.06 - INFO - learning rate = 0.0001048
2026-03-09 15:08:11,233 - utils.logger2026-03-09-15.04.06 - INFO - Val result of epoch 29 / 40 mae 1.1839 corr 0.3754 f1 0.6577
2026-03-09 15:08:13,321 - utils.logger2026-03-09-15.04.06 - INFO - Tst result of epoch 29 / 40 mae 1.1368 corr 0.4442 f1 0.6584
2026-03-09 15:08:15,057 - utils.logger2026-03-09-15.04.06 - INFO - Cur epoch 30 loss CE:0.6099 mse:0.2768 consistent:1.1781
2026-03-09 15:08:15,682 - utils.logger2026-03-09-15.04.06 - INFO - Cur epoch 30 loss CE:0.6649 mse:0.2859 consistent:1.4089
2026-03-09 15:08:16,359 - utils.logger2026-03-09-15.04.06 - INFO - Cur epoch 30 loss CE:0.8082 mse:0.3097 consistent:1.2332
2026-03-09 15:08:16,589 - utils.logger2026-03-09-15.04.06 - INFO - saving the model at the end of epoch 30, iters 840
2026-03-09 15:08:17,227 - utils.logger2026-03-09-15.04.06 - INFO - End of training epoch 30 / 40 	 Time Taken: 3 sec
2026-03-09 15:08:17,228 - utils.logger2026-03-09-15.04.06 - INFO - learning rate = 0.0000952
2026-03-09 15:08:19,334 - utils.logger2026-03-09-15.04.06 - INFO - Val result of epoch 30 / 40 mae 1.1877 corr 0.3873 f1 0.6559
2026-03-09 15:08:21,410 - utils.logger2026-03-09-15.04.06 - INFO - Tst result of epoch 30 / 40 mae 1.1454 corr 0.4588 f1 0.6513
2026-03-09 15:08:23,270 - utils.logger2026-03-09-15.04.06 - INFO - Cur epoch 31 loss CE:0.5650 mse:0.2855 consistent:1.3144
2026-03-09 15:08:23,971 - utils.logger2026-03-09-15.04.06 - INFO - Cur epoch 31 loss CE:0.3991 mse:0.2374 consistent:1.2048
2026-03-09 15:08:24,701 - utils.logger2026-03-09-15.04.06 - INFO - saving the model at the end of epoch 31, iters 868
2026-03-09 15:08:25,540 - utils.logger2026-03-09-15.04.06 - INFO - End of training epoch 31 / 40 	 Time Taken: 4 sec
2026-03-09 15:08:25,541 - utils.logger2026-03-09-15.04.06 - INFO - learning rate = 0.0000857
2026-03-09 15:08:27,784 - utils.logger2026-03-09-15.04.06 - INFO - Val result of epoch 31 / 40 mae 1.2096 corr 0.3611 f1 0.6560
2026-03-09 15:08:29,989 - utils.logger2026-03-09-15.04.06 - INFO - Tst result of epoch 31 / 40 mae 1.1644 corr 0.4410 f1 0.6517
2026-03-09 15:08:31,502 - utils.logger2026-03-09-15.04.06 - INFO - Cur epoch 32 loss CE:0.9726 mse:0.2717 consistent:1.2454
2026-03-09 15:08:32,206 - utils.logger2026-03-09-15.04.06 - INFO - Cur epoch 32 loss CE:0.7019 mse:0.2277 consistent:1.1556
2026-03-09 15:08:33,003 - utils.logger2026-03-09-15.04.06 - INFO - Cur epoch 32 loss CE:0.7369 mse:0.2827 consistent:1.3062
2026-03-09 15:08:33,610 - utils.logger2026-03-09-15.04.06 - INFO - saving the model at the end of epoch 32, iters 896
2026-03-09 15:08:34,424 - utils.logger2026-03-09-15.04.06 - INFO - End of training epoch 32 / 40 	 Time Taken: 4 sec
2026-03-09 15:08:34,424 - utils.logger2026-03-09-15.04.06 - INFO - learning rate = 0.0000762
2026-03-09 15:08:36,521 - utils.logger2026-03-09-15.04.06 - INFO - Val result of epoch 32 / 40 mae 1.2113 corr 0.3685 f1 0.6526
2026-03-09 15:08:38,488 - utils.logger2026-03-09-15.04.06 - INFO - Tst result of epoch 32 / 40 mae 1.1641 corr 0.4522 f1 0.6423
2026-03-09 15:08:39,901 - utils.logger2026-03-09-15.04.06 - INFO - Cur epoch 33 loss CE:0.6093 mse:0.3186 consistent:1.3168
2026-03-09 15:08:40,584 - utils.logger2026-03-09-15.04.06 - INFO - Cur epoch 33 loss CE:0.3975 mse:0.2103 consistent:1.1706
2026-03-09 15:08:41,174 - utils.logger2026-03-09-15.04.06 - INFO - Cur epoch 33 loss CE:1.0277 mse:0.2671 consistent:1.2124
2026-03-09 15:08:41,579 - utils.logger2026-03-09-15.04.06 - INFO - saving the model at the end of epoch 33, iters 924
2026-03-09 15:08:42,138 - utils.logger2026-03-09-15.04.06 - INFO - End of training epoch 33 / 40 	 Time Taken: 3 sec
2026-03-09 15:08:42,138 - utils.logger2026-03-09-15.04.06 - INFO - learning rate = 0.0000667
2026-03-09 15:08:44,185 - utils.logger2026-03-09-15.04.06 - INFO - Val result of epoch 33 / 40 mae 1.1968 corr 0.3708 f1 0.6607
2026-03-09 15:08:46,439 - utils.logger2026-03-09-15.04.06 - INFO - Tst result of epoch 33 / 40 mae 1.1481 corr 0.4471 f1 0.6566
2026-03-09 15:08:48,165 - utils.logger2026-03-09-15.04.06 - INFO - Cur epoch 34 loss CE:0.4677 mse:0.2569 consistent:1.1573
2026-03-09 15:08:48,931 - utils.logger2026-03-09-15.04.06 - INFO - Cur epoch 34 loss CE:0.4823 mse:0.2072 consistent:1.2080
2026-03-09 15:08:49,625 - utils.logger2026-03-09-15.04.06 - INFO - Cur epoch 34 loss CE:0.8519 mse:0.3233 consistent:1.2262
2026-03-09 15:08:49,987 - utils.logger2026-03-09-15.04.06 - INFO - saving the model at the end of epoch 34, iters 952
2026-03-09 15:08:50,360 - utils.logger2026-03-09-15.04.06 - INFO - End of training epoch 34 / 40 	 Time Taken: 3 sec
2026-03-09 15:08:50,360 - utils.logger2026-03-09-15.04.06 - INFO - learning rate = 0.0000571
2026-03-09 15:08:52,498 - utils.logger2026-03-09-15.04.06 - INFO - Val result of epoch 34 / 40 mae 1.2373 corr 0.3606 f1 0.6550
2026-03-09 15:08:54,738 - utils.logger2026-03-09-15.04.06 - INFO - Tst result of epoch 34 / 40 mae 1.1896 corr 0.4452 f1 0.6404
2026-03-09 15:08:56,420 - utils.logger2026-03-09-15.04.06 - INFO - Cur epoch 35 loss CE:0.4010 mse:0.2651 consistent:1.3223
2026-03-09 15:08:57,257 - utils.logger2026-03-09-15.04.06 - INFO - Cur epoch 35 loss CE:0.6264 mse:0.2622 consistent:1.2145
2026-03-09 15:08:57,870 - utils.logger2026-03-09-15.04.06 - INFO - Cur epoch 35 loss CE:0.4051 mse:0.2087 consistent:1.0646
2026-03-09 15:08:58,071 - utils.logger2026-03-09-15.04.06 - INFO - saving the model at the end of epoch 35, iters 980
2026-03-09 15:08:58,622 - utils.logger2026-03-09-15.04.06 - INFO - End of training epoch 35 / 40 	 Time Taken: 3 sec
2026-03-09 15:08:58,623 - utils.logger2026-03-09-15.04.06 - INFO - learning rate = 0.0000476
2026-03-09 15:09:00,938 - utils.logger2026-03-09-15.04.06 - INFO - Val result of epoch 35 / 40 mae 1.2039 corr 0.3646 f1 0.6582
2026-03-09 15:09:03,134 - utils.logger2026-03-09-15.04.06 - INFO - Tst result of epoch 35 / 40 mae 1.1551 corr 0.4445 f1 0.6539
2026-03-09 15:09:05,301 - utils.logger2026-03-09-15.04.06 - INFO - Cur epoch 36 loss CE:0.3763 mse:0.2497 consistent:1.1270
2026-03-09 15:09:06,020 - utils.logger2026-03-09-15.04.06 - INFO - Cur epoch 36 loss CE:0.4089 mse:0.2600 consistent:1.1593
2026-03-09 15:09:06,748 - utils.logger2026-03-09-15.04.06 - INFO - saving the model at the end of epoch 36, iters 1008
2026-03-09 15:09:07,338 - utils.logger2026-03-09-15.04.06 - INFO - End of training epoch 36 / 40 	 Time Taken: 4 sec
2026-03-09 15:09:07,339 - utils.logger2026-03-09-15.04.06 - INFO - learning rate = 0.0000381
2026-03-09 15:09:09,370 - utils.logger2026-03-09-15.04.06 - INFO - Val result of epoch 36 / 40 mae 1.2056 corr 0.3671 f1 0.6574
2026-03-09 15:09:11,501 - utils.logger2026-03-09-15.04.06 - INFO - Tst result of epoch 36 / 40 mae 1.1587 corr 0.4448 f1 0.6523
2026-03-09 15:09:12,765 - utils.logger2026-03-09-15.04.06 - INFO - Cur epoch 37 loss CE:0.4131 mse:0.2472 consistent:1.1530
2026-03-09 15:09:13,512 - utils.logger2026-03-09-15.04.06 - INFO - Cur epoch 37 loss CE:0.6897 mse:0.3035 consistent:1.2417
2026-03-09 15:09:14,135 - utils.logger2026-03-09-15.04.06 - INFO - Cur epoch 37 loss CE:0.5359 mse:0.2810 consistent:1.2582
2026-03-09 15:09:14,798 - utils.logger2026-03-09-15.04.06 - INFO - saving the model at the end of epoch 37, iters 1036
2026-03-09 15:09:15,392 - utils.logger2026-03-09-15.04.06 - INFO - End of training epoch 37 / 40 	 Time Taken: 3 sec
2026-03-09 15:09:15,393 - utils.logger2026-03-09-15.04.06 - INFO - learning rate = 0.0000286
2026-03-09 15:09:17,694 - utils.logger2026-03-09-15.04.06 - INFO - Val result of epoch 37 / 40 mae 1.2040 corr 0.3615 f1 0.6521
2026-03-09 15:09:19,852 - utils.logger2026-03-09-15.04.06 - INFO - Tst result of epoch 37 / 40 mae 1.1538 corr 0.4387 f1 0.6559
2026-03-09 15:09:21,299 - utils.logger2026-03-09-15.04.06 - INFO - Cur epoch 38 loss CE:0.6850 mse:0.2965 consistent:1.2082
2026-03-09 15:09:21,989 - utils.logger2026-03-09-15.04.06 - INFO - Cur epoch 38 loss CE:0.4387 mse:0.1963 consistent:1.0274
2026-03-09 15:09:22,646 - utils.logger2026-03-09-15.04.06 - INFO - Cur epoch 38 loss CE:0.4225 mse:0.2691 consistent:1.2536
2026-03-09 15:09:23,042 - utils.logger2026-03-09-15.04.06 - INFO - saving the model at the end of epoch 38, iters 1064
2026-03-09 15:09:23,651 - utils.logger2026-03-09-15.04.06 - INFO - End of training epoch 38 / 40 	 Time Taken: 3 sec
2026-03-09 15:09:23,651 - utils.logger2026-03-09-15.04.06 - INFO - learning rate = 0.0000190
2026-03-09 15:09:25,557 - utils.logger2026-03-09-15.04.06 - INFO - Val result of epoch 38 / 40 mae 1.2200 corr 0.3562 f1 0.6574
2026-03-09 15:09:27,070 - utils.logger2026-03-09-15.04.06 - INFO - Tst result of epoch 38 / 40 mae 1.1651 corr 0.4395 f1 0.6500
2026-03-09 15:09:28,099 - utils.logger2026-03-09-15.04.06 - INFO - Cur epoch 39 loss CE:0.6364 mse:0.2424 consistent:1.1695
2026-03-09 15:09:28,542 - utils.logger2026-03-09-15.04.06 - INFO - Cur epoch 39 loss CE:0.4514 mse:0.2865 consistent:1.3682
2026-03-09 15:09:29,121 - utils.logger2026-03-09-15.04.06 - INFO - Cur epoch 39 loss CE:0.5730 mse:0.2473 consistent:1.1256
2026-03-09 15:09:29,408 - utils.logger2026-03-09-15.04.06 - INFO - saving the model at the end of epoch 39, iters 1092
2026-03-09 15:09:29,735 - utils.logger2026-03-09-15.04.06 - INFO - End of training epoch 39 / 40 	 Time Taken: 2 sec
2026-03-09 15:09:29,735 - utils.logger2026-03-09-15.04.06 - INFO - learning rate = 0.0000095
2026-03-09 15:09:32,085 - utils.logger2026-03-09-15.04.06 - INFO - Val result of epoch 39 / 40 mae 1.2351 corr 0.3533 f1 0.6583
2026-03-09 15:09:34,292 - utils.logger2026-03-09-15.04.06 - INFO - Tst result of epoch 39 / 40 mae 1.1800 corr 0.4425 f1 0.6455
2026-03-09 15:09:36,098 - utils.logger2026-03-09-15.04.06 - INFO - Cur epoch 40 loss CE:0.5967 mse:0.3010 consistent:1.2584
2026-03-09 15:09:36,778 - utils.logger2026-03-09-15.04.06 - INFO - Cur epoch 40 loss CE:0.4806 mse:0.2559 consistent:1.0212
2026-03-09 15:09:37,513 - utils.logger2026-03-09-15.04.06 - INFO - Cur epoch 40 loss CE:0.4620 mse:0.2192 consistent:1.1795
2026-03-09 15:09:37,693 - utils.logger2026-03-09-15.04.06 - INFO - saving the model at the end of epoch 40, iters 1120
2026-03-09 15:09:38,263 - utils.logger2026-03-09-15.04.06 - INFO - End of training epoch 40 / 40 	 Time Taken: 3 sec
2026-03-09 15:09:38,264 - utils.logger2026-03-09-15.04.06 - INFO - learning rate = 0.0000000
2026-03-09 15:09:40,486 - utils.logger2026-03-09-15.04.06 - INFO - Val result of epoch 40 / 40 mae 1.2273 corr 0.3545 f1 0.6610
2026-03-09 15:09:42,533 - utils.logger2026-03-09-15.04.06 - INFO - Tst result of epoch 40 / 40 mae 1.1734 corr 0.4421 f1 0.6462
2026-03-09 15:09:42,534 - utils.logger2026-03-09-15.04.06 - INFO - Best eval epoch 14 found with MAE 1.114554
2026-03-09 15:09:42,534 - utils.logger2026-03-09-15.04.06 - INFO - Loading best model found on val set: epoch-14
2026-03-09 15:09:46,946 - utils.logger2026-03-09-15.04.06 - INFO - Tst result mae 1.1146 corr 0.4868 f1 0.6579
