2026-03-04 21:19:08,714 - utils.logger2026-03-04-21.19.02 - INFO - The number of training samples = 1750
2026-03-04 21:19:08,715 - utils.logger2026-03-04-21.19.02 - INFO - The number of testing samples = 1344
2026-03-04 21:19:12,513 - utils.logger2026-03-04-21.19.02 - INFO - Cur epoch 1 loss CE:55.3911 mse:314.3293 consistent:168.7729
2026-03-04 21:19:13,513 - utils.logger2026-03-04-21.19.02 - INFO - Cur epoch 1 loss CE:11.7102 mse:67.5906 consistent:160.6578
2026-03-04 21:19:14,442 - utils.logger2026-03-04-21.19.02 - INFO - saving the model at the end of epoch 1, iters 28
2026-03-04 21:19:14,663 - utils.logger2026-03-04-21.19.02 - INFO - End of training epoch 1 / 40 	 Time Taken: 5 sec
2026-03-04 21:19:14,663 - utils.logger2026-03-04-21.19.02 - INFO - learning rate = 0.0002000
2026-03-04 21:19:17,091 - utils.logger2026-03-04-21.19.02 - INFO - Val result of epoch 1 / 40 mae 1.4558 corr 0.0372 f1 0.5438
2026-03-04 21:19:19,075 - utils.logger2026-03-04-21.19.02 - INFO - Tst result of epoch 1 / 40 mae 1.4649 corr 0.0127 f1 0.5199
2026-03-04 21:19:20,360 - utils.logger2026-03-04-21.19.02 - INFO - Cur epoch 2 loss CE:15.1613 mse:30.9595 consistent:148.7923
2026-03-04 21:19:21,319 - utils.logger2026-03-04-21.19.02 - INFO - Cur epoch 2 loss CE:5.7441 mse:17.2085 consistent:140.3437
2026-03-04 21:19:22,231 - utils.logger2026-03-04-21.19.02 - INFO - Cur epoch 2 loss CE:4.5097 mse:13.3680 consistent:138.5412
2026-03-04 21:19:22,929 - utils.logger2026-03-04-21.19.02 - INFO - saving the model at the end of epoch 2, iters 56
2026-03-04 21:19:23,124 - utils.logger2026-03-04-21.19.02 - INFO - End of training epoch 2 / 40 	 Time Taken: 4 sec
2026-03-04 21:19:23,125 - utils.logger2026-03-04-21.19.02 - INFO - learning rate = 0.0002000
2026-03-04 21:19:25,239 - utils.logger2026-03-04-21.19.02 - INFO - Val result of epoch 2 / 40 mae 1.3370 corr 0.1160 f1 0.5649
2026-03-04 21:19:27,342 - utils.logger2026-03-04-21.19.02 - INFO - Tst result of epoch 2 / 40 mae 1.2875 corr 0.1436 f1 0.5524
2026-03-04 21:19:28,871 - utils.logger2026-03-04-21.19.02 - INFO - Cur epoch 3 loss CE:4.4466 mse:12.9964 consistent:126.3957
2026-03-04 21:19:29,922 - utils.logger2026-03-04-21.19.02 - INFO - Cur epoch 3 loss CE:2.6024 mse:11.2366 consistent:117.4797
2026-03-04 21:19:31,011 - utils.logger2026-03-04-21.19.02 - INFO - Cur epoch 3 loss CE:2.8334 mse:11.5123 consistent:127.2610
2026-03-04 21:19:31,592 - utils.logger2026-03-04-21.19.02 - INFO - saving the model at the end of epoch 3, iters 84
2026-03-04 21:19:31,812 - utils.logger2026-03-04-21.19.02 - INFO - End of training epoch 3 / 40 	 Time Taken: 4 sec
2026-03-04 21:19:31,812 - utils.logger2026-03-04-21.19.02 - INFO - learning rate = 0.0002000
2026-03-04 21:19:33,890 - utils.logger2026-03-04-21.19.02 - INFO - Val result of epoch 3 / 40 mae 1.3054 corr 0.2595 f1 0.5986
2026-03-04 21:19:35,948 - utils.logger2026-03-04-21.19.02 - INFO - Tst result of epoch 3 / 40 mae 1.2775 corr 0.2114 f1 0.5763
2026-03-04 21:19:37,685 - utils.logger2026-03-04-21.19.02 - INFO - Cur epoch 4 loss CE:2.6011 mse:10.0011 consistent:125.0252
2026-03-04 21:19:38,667 - utils.logger2026-03-04-21.19.02 - INFO - Cur epoch 4 loss CE:2.7901 mse:9.7366 consistent:132.7596
2026-03-04 21:19:39,735 - utils.logger2026-03-04-21.19.02 - INFO - Cur epoch 4 loss CE:2.4391 mse:7.8737 consistent:124.3327
2026-03-04 21:19:40,116 - utils.logger2026-03-04-21.19.02 - INFO - saving the model at the end of epoch 4, iters 112
2026-03-04 21:19:40,368 - utils.logger2026-03-04-21.19.02 - INFO - End of training epoch 4 / 40 	 Time Taken: 4 sec
2026-03-04 21:19:40,368 - utils.logger2026-03-04-21.19.02 - INFO - learning rate = 0.0002000
2026-03-04 21:19:42,396 - utils.logger2026-03-04-21.19.02 - INFO - Val result of epoch 4 / 40 mae 1.2464 corr 0.3932 f1 0.6445
2026-03-04 21:19:44,444 - utils.logger2026-03-04-21.19.02 - INFO - Tst result of epoch 4 / 40 mae 1.2298 corr 0.3452 f1 0.6288
2026-03-04 21:19:46,380 - utils.logger2026-03-04-21.19.02 - INFO - Cur epoch 5 loss CE:1.7944 mse:6.8449 consistent:122.8636
2026-03-04 21:19:47,502 - utils.logger2026-03-04-21.19.02 - INFO - Cur epoch 5 loss CE:2.5210 mse:6.0933 consistent:119.8260
2026-03-04 21:19:48,659 - utils.logger2026-03-04-21.19.02 - INFO - Cur epoch 5 loss CE:1.7626 mse:5.1365 consistent:107.8064
2026-03-04 21:19:48,810 - utils.logger2026-03-04-21.19.02 - INFO - saving the model at the end of epoch 5, iters 140
2026-03-04 21:19:49,032 - utils.logger2026-03-04-21.19.02 - INFO - End of training epoch 5 / 40 	 Time Taken: 4 sec
2026-03-04 21:19:49,032 - utils.logger2026-03-04-21.19.02 - INFO - learning rate = 0.0002000
2026-03-04 21:19:51,131 - utils.logger2026-03-04-21.19.02 - INFO - Val result of epoch 5 / 40 mae 1.1991 corr 0.4356 f1 0.6805
2026-03-04 21:19:53,208 - utils.logger2026-03-04-21.19.02 - INFO - Tst result of epoch 5 / 40 mae 1.1989 corr 0.3869 f1 0.6322
2026-03-04 21:19:55,298 - utils.logger2026-03-04-21.19.02 - INFO - Cur epoch 6 loss CE:2.4517 mse:5.0349 consistent:126.1493
2026-03-04 21:19:56,317 - utils.logger2026-03-04-21.19.02 - INFO - Cur epoch 6 loss CE:2.8770 mse:4.2043 consistent:117.6716
2026-03-04 21:19:57,256 - utils.logger2026-03-04-21.19.02 - INFO - saving the model at the end of epoch 6, iters 168
2026-03-04 21:19:57,446 - utils.logger2026-03-04-21.19.02 - INFO - End of training epoch 6 / 40 	 Time Taken: 4 sec
2026-03-04 21:19:57,446 - utils.logger2026-03-04-21.19.02 - INFO - learning rate = 0.0002000
2026-03-04 21:19:59,497 - utils.logger2026-03-04-21.19.02 - INFO - Val result of epoch 6 / 40 mae 1.1526 corr 0.4737 f1 0.6835
2026-03-04 21:20:01,592 - utils.logger2026-03-04-21.19.02 - INFO - Tst result of epoch 6 / 40 mae 1.1530 corr 0.4339 f1 0.6460
2026-03-04 21:20:02,855 - utils.logger2026-03-04-21.19.02 - INFO - Cur epoch 7 loss CE:1.9445 mse:3.6291 consistent:111.9459
2026-03-04 21:20:03,821 - utils.logger2026-03-04-21.19.02 - INFO - Cur epoch 7 loss CE:1.6203 mse:3.5942 consistent:119.2332
2026-03-04 21:20:04,825 - utils.logger2026-03-04-21.19.02 - INFO - Cur epoch 7 loss CE:1.9534 mse:3.0088 consistent:109.6461
2026-03-04 21:20:05,632 - utils.logger2026-03-04-21.19.02 - INFO - saving the model at the end of epoch 7, iters 196
2026-03-04 21:20:05,822 - utils.logger2026-03-04-21.19.02 - INFO - End of training epoch 7 / 40 	 Time Taken: 4 sec
2026-03-04 21:20:05,823 - utils.logger2026-03-04-21.19.02 - INFO - learning rate = 0.0002000
2026-03-04 21:20:07,851 - utils.logger2026-03-04-21.19.02 - INFO - Val result of epoch 7 / 40 mae 1.1793 corr 0.4950 f1 0.6359
2026-03-04 21:20:09,898 - utils.logger2026-03-04-21.19.02 - INFO - Tst result of epoch 7 / 40 mae 1.1712 corr 0.4403 f1 0.6309
2026-03-04 21:20:11,400 - utils.logger2026-03-04-21.19.02 - INFO - Cur epoch 8 loss CE:2.2491 mse:2.7722 consistent:112.2165
2026-03-04 21:20:12,388 - utils.logger2026-03-04-21.19.02 - INFO - Cur epoch 8 loss CE:1.6989 mse:2.6702 consistent:129.4473
2026-03-04 21:20:13,421 - utils.logger2026-03-04-21.19.02 - INFO - Cur epoch 8 loss CE:2.5830 mse:2.9044 consistent:112.5221
2026-03-04 21:20:14,001 - utils.logger2026-03-04-21.19.02 - INFO - saving the model at the end of epoch 8, iters 224
2026-03-04 21:20:14,204 - utils.logger2026-03-04-21.19.02 - INFO - End of training epoch 8 / 40 	 Time Taken: 4 sec
2026-03-04 21:20:14,205 - utils.logger2026-03-04-21.19.02 - INFO - learning rate = 0.0002000
2026-03-04 21:20:16,304 - utils.logger2026-03-04-21.19.02 - INFO - Val result of epoch 8 / 40 mae 1.1211 corr 0.4949 f1 0.7206
2026-03-04 21:20:18,340 - utils.logger2026-03-04-21.19.02 - INFO - Tst result of epoch 8 / 40 mae 1.1469 corr 0.4413 f1 0.6723
2026-03-04 21:20:20,057 - utils.logger2026-03-04-21.19.02 - INFO - Cur epoch 9 loss CE:1.9603 mse:2.4323 consistent:113.9156
2026-03-04 21:20:21,034 - utils.logger2026-03-04-21.19.02 - INFO - Cur epoch 9 loss CE:2.7102 mse:2.5625 consistent:111.1496
2026-03-04 21:20:22,007 - utils.logger2026-03-04-21.19.02 - INFO - Cur epoch 9 loss CE:1.8014 mse:2.3772 consistent:114.1274
2026-03-04 21:20:22,351 - utils.logger2026-03-04-21.19.02 - INFO - saving the model at the end of epoch 9, iters 252
2026-03-04 21:20:22,549 - utils.logger2026-03-04-21.19.02 - INFO - End of training epoch 9 / 40 	 Time Taken: 4 sec
2026-03-04 21:20:22,549 - utils.logger2026-03-04-21.19.02 - INFO - learning rate = 0.0002000
2026-03-04 21:20:24,660 - utils.logger2026-03-04-21.19.02 - INFO - Val result of epoch 9 / 40 mae 1.1601 corr 0.4956 f1 0.6420
2026-03-04 21:20:26,735 - utils.logger2026-03-04-21.19.02 - INFO - Tst result of epoch 9 / 40 mae 1.1462 corr 0.4624 f1 0.6378
2026-03-04 21:20:28,661 - utils.logger2026-03-04-21.19.02 - INFO - Cur epoch 10 loss CE:1.3732 mse:2.0412 consistent:112.5214
2026-03-04 21:20:29,652 - utils.logger2026-03-04-21.19.02 - INFO - Cur epoch 10 loss CE:1.7974 mse:2.0699 consistent:113.8276
2026-03-04 21:20:30,644 - utils.logger2026-03-04-21.19.02 - INFO - Cur epoch 10 loss CE:1.5982 mse:2.2563 consistent:120.9178
2026-03-04 21:20:30,802 - utils.logger2026-03-04-21.19.02 - INFO - saving the model at the end of epoch 10, iters 280
2026-03-04 21:20:31,016 - utils.logger2026-03-04-21.19.02 - INFO - End of training epoch 10 / 40 	 Time Taken: 4 sec
2026-03-04 21:20:31,016 - utils.logger2026-03-04-21.19.02 - INFO - learning rate = 0.0002000
2026-03-04 21:20:33,070 - utils.logger2026-03-04-21.19.02 - INFO - Val result of epoch 10 / 40 mae 1.1427 corr 0.5004 f1 0.6686
2026-03-04 21:20:35,154 - utils.logger2026-03-04-21.19.02 - INFO - Tst result of epoch 10 / 40 mae 1.1419 corr 0.4576 f1 0.6446
2026-03-04 21:20:37,340 - utils.logger2026-03-04-21.19.02 - INFO - Cur epoch 11 loss CE:1.8579 mse:2.2934 consistent:112.4089
2026-03-04 21:20:38,426 - utils.logger2026-03-04-21.19.02 - INFO - Cur epoch 11 loss CE:1.9631 mse:1.9706 consistent:98.4266
2026-03-04 21:20:39,454 - utils.logger2026-03-04-21.19.02 - INFO - saving the model at the end of epoch 11, iters 308
2026-03-04 21:20:39,665 - utils.logger2026-03-04-21.19.02 - INFO - End of training epoch 11 / 40 	 Time Taken: 4 sec
2026-03-04 21:20:39,665 - utils.logger2026-03-04-21.19.02 - INFO - learning rate = 0.0002000
2026-03-04 21:20:41,705 - utils.logger2026-03-04-21.19.02 - INFO - Val result of epoch 11 / 40 mae 1.1832 corr 0.4816 f1 0.6408
2026-03-04 21:20:43,747 - utils.logger2026-03-04-21.19.02 - INFO - Tst result of epoch 11 / 40 mae 1.1650 corr 0.4456 f1 0.6203
2026-03-04 21:20:45,088 - utils.logger2026-03-04-21.19.02 - INFO - Cur epoch 12 loss CE:1.8992 mse:1.8876 consistent:113.7057
2026-03-04 21:20:46,053 - utils.logger2026-03-04-21.19.02 - INFO - Cur epoch 12 loss CE:1.7266 mse:2.0017 consistent:110.5561
2026-03-04 21:20:47,065 - utils.logger2026-03-04-21.19.02 - INFO - Cur epoch 12 loss CE:1.5988 mse:1.8084 consistent:109.3794
2026-03-04 21:20:47,809 - utils.logger2026-03-04-21.19.02 - INFO - saving the model at the end of epoch 12, iters 336
2026-03-04 21:20:48,109 - utils.logger2026-03-04-21.19.02 - INFO - End of training epoch 12 / 40 	 Time Taken: 4 sec
2026-03-04 21:20:48,109 - utils.logger2026-03-04-21.19.02 - INFO - learning rate = 0.0002000
2026-03-04 21:20:50,197 - utils.logger2026-03-04-21.19.02 - INFO - Val result of epoch 12 / 40 mae 1.1382 corr 0.4639 f1 0.6534
2026-03-04 21:20:52,226 - utils.logger2026-03-04-21.19.02 - INFO - Tst result of epoch 12 / 40 mae 1.1297 corr 0.4503 f1 0.6398
2026-03-04 21:20:53,741 - utils.logger2026-03-04-21.19.02 - INFO - Cur epoch 13 loss CE:2.2463 mse:1.9159 consistent:111.9568
2026-03-04 21:20:54,797 - utils.logger2026-03-04-21.19.02 - INFO - Cur epoch 13 loss CE:1.3013 mse:1.7869 consistent:106.8676
2026-03-04 21:20:55,843 - utils.logger2026-03-04-21.19.02 - INFO - Cur epoch 13 loss CE:1.6967 mse:1.7473 consistent:108.3213
2026-03-04 21:20:56,473 - utils.logger2026-03-04-21.19.02 - INFO - saving the model at the end of epoch 13, iters 364
2026-03-04 21:20:56,716 - utils.logger2026-03-04-21.19.02 - INFO - End of training epoch 13 / 40 	 Time Taken: 4 sec
2026-03-04 21:20:56,716 - utils.logger2026-03-04-21.19.02 - INFO - learning rate = 0.0002000
2026-03-04 21:20:58,735 - utils.logger2026-03-04-21.19.02 - INFO - Val result of epoch 13 / 40 mae 1.1340 corr 0.5027 f1 0.6496
2026-03-04 21:21:00,826 - utils.logger2026-03-04-21.19.02 - INFO - Tst result of epoch 13 / 40 mae 1.1258 corr 0.4755 f1 0.6645
2026-03-04 21:21:02,546 - utils.logger2026-03-04-21.19.02 - INFO - Cur epoch 14 loss CE:1.7165 mse:1.7996 consistent:114.4236
2026-03-04 21:21:03,559 - utils.logger2026-03-04-21.19.02 - INFO - Cur epoch 14 loss CE:1.9862 mse:1.7483 consistent:103.0476
2026-03-04 21:21:04,605 - utils.logger2026-03-04-21.19.02 - INFO - Cur epoch 14 loss CE:1.9564 mse:1.9832 consistent:115.0835
2026-03-04 21:21:04,958 - utils.logger2026-03-04-21.19.02 - INFO - saving the model at the end of epoch 14, iters 392
2026-03-04 21:21:05,178 - utils.logger2026-03-04-21.19.02 - INFO - End of training epoch 14 / 40 	 Time Taken: 4 sec
2026-03-04 21:21:05,179 - utils.logger2026-03-04-21.19.02 - INFO - learning rate = 0.0002000
2026-03-04 21:21:07,219 - utils.logger2026-03-04-21.19.02 - INFO - Val result of epoch 14 / 40 mae 1.1601 corr 0.4952 f1 0.6507
2026-03-04 21:21:09,424 - utils.logger2026-03-04-21.19.02 - INFO - Tst result of epoch 14 / 40 mae 1.1475 corr 0.4678 f1 0.6551
2026-03-04 21:21:11,334 - utils.logger2026-03-04-21.19.02 - INFO - Cur epoch 15 loss CE:1.7668 mse:1.7537 consistent:113.2877
2026-03-04 21:21:12,378 - utils.logger2026-03-04-21.19.02 - INFO - Cur epoch 15 loss CE:1.6669 mse:1.7612 consistent:115.8325
2026-03-04 21:21:13,427 - utils.logger2026-03-04-21.19.02 - INFO - Cur epoch 15 loss CE:2.0418 mse:2.3011 consistent:105.3272
2026-03-04 21:21:13,595 - utils.logger2026-03-04-21.19.02 - INFO - saving the model at the end of epoch 15, iters 420
2026-03-04 21:21:13,792 - utils.logger2026-03-04-21.19.02 - INFO - End of training epoch 15 / 40 	 Time Taken: 4 sec
2026-03-04 21:21:13,792 - utils.logger2026-03-04-21.19.02 - INFO - learning rate = 0.0002000
2026-03-04 21:21:15,860 - utils.logger2026-03-04-21.19.02 - INFO - Val result of epoch 15 / 40 mae 1.1291 corr 0.4992 f1 0.6559
2026-03-04 21:21:17,943 - utils.logger2026-03-04-21.19.02 - INFO - Tst result of epoch 15 / 40 mae 1.1239 corr 0.4730 f1 0.6636
2026-03-04 21:21:20,097 - utils.logger2026-03-04-21.19.02 - INFO - Cur epoch 16 loss CE:1.7845 mse:1.6193 consistent:105.4193
2026-03-04 21:21:21,072 - utils.logger2026-03-04-21.19.02 - INFO - Cur epoch 16 loss CE:1.5743 mse:1.7075 consistent:108.8027
2026-03-04 21:21:22,093 - utils.logger2026-03-04-21.19.02 - INFO - saving the model at the end of epoch 16, iters 448
2026-03-04 21:21:22,327 - utils.logger2026-03-04-21.19.02 - INFO - End of training epoch 16 / 40 	 Time Taken: 4 sec
2026-03-04 21:21:22,327 - utils.logger2026-03-04-21.19.02 - INFO - learning rate = 0.0002000
2026-03-04 21:21:24,343 - utils.logger2026-03-04-21.19.02 - INFO - Val result of epoch 16 / 40 mae 1.1337 corr 0.4887 f1 0.6694
2026-03-04 21:21:26,444 - utils.logger2026-03-04-21.19.02 - INFO - Tst result of epoch 16 / 40 mae 1.1296 corr 0.4656 f1 0.6461
2026-03-04 21:21:27,777 - utils.logger2026-03-04-21.19.02 - INFO - Cur epoch 17 loss CE:1.4667 mse:1.7282 consistent:103.5031
2026-03-04 21:21:28,824 - utils.logger2026-03-04-21.19.02 - INFO - Cur epoch 17 loss CE:1.3777 mse:1.6222 consistent:108.1519
2026-03-04 21:21:29,852 - utils.logger2026-03-04-21.19.02 - INFO - Cur epoch 17 loss CE:1.2797 mse:1.6818 consistent:93.1291
2026-03-04 21:21:30,597 - utils.logger2026-03-04-21.19.02 - INFO - saving the model at the end of epoch 17, iters 476
2026-03-04 21:21:30,796 - utils.logger2026-03-04-21.19.02 - INFO - End of training epoch 17 / 40 	 Time Taken: 4 sec
2026-03-04 21:21:30,797 - utils.logger2026-03-04-21.19.02 - INFO - learning rate = 0.0002000
2026-03-04 21:21:32,834 - utils.logger2026-03-04-21.19.02 - INFO - Val result of epoch 17 / 40 mae 1.1471 corr 0.5036 f1 0.6799
2026-03-04 21:21:34,932 - utils.logger2026-03-04-21.19.02 - INFO - Tst result of epoch 17 / 40 mae 1.1384 corr 0.4819 f1 0.6499
2026-03-04 21:21:36,393 - utils.logger2026-03-04-21.19.02 - INFO - Cur epoch 18 loss CE:1.5094 mse:1.6728 consistent:104.4695
2026-03-04 21:21:37,384 - utils.logger2026-03-04-21.19.02 - INFO - Cur epoch 18 loss CE:1.4278 mse:1.6654 consistent:121.5284
2026-03-04 21:21:38,352 - utils.logger2026-03-04-21.19.02 - INFO - Cur epoch 18 loss CE:1.7509 mse:1.7206 consistent:105.9863
2026-03-04 21:21:38,902 - utils.logger2026-03-04-21.19.02 - INFO - saving the model at the end of epoch 18, iters 504
2026-03-04 21:21:39,117 - utils.logger2026-03-04-21.19.02 - INFO - End of training epoch 18 / 40 	 Time Taken: 4 sec
2026-03-04 21:21:39,117 - utils.logger2026-03-04-21.19.02 - INFO - learning rate = 0.0002000
2026-03-04 21:21:41,201 - utils.logger2026-03-04-21.19.02 - INFO - Val result of epoch 18 / 40 mae 1.0977 corr 0.5056 f1 0.7140
2026-03-04 21:21:43,291 - utils.logger2026-03-04-21.19.02 - INFO - Tst result of epoch 18 / 40 mae 1.1074 corr 0.4795 f1 0.6780
2026-03-04 21:21:45,050 - utils.logger2026-03-04-21.19.02 - INFO - Cur epoch 19 loss CE:1.7996 mse:1.5466 consistent:107.3249
2026-03-04 21:21:46,071 - utils.logger2026-03-04-21.19.02 - INFO - Cur epoch 19 loss CE:1.4443 mse:1.6050 consistent:98.6071
2026-03-04 21:21:47,120 - utils.logger2026-03-04-21.19.02 - INFO - Cur epoch 19 loss CE:2.0353 mse:1.6938 consistent:100.6190
2026-03-04 21:21:47,514 - utils.logger2026-03-04-21.19.02 - INFO - saving the model at the end of epoch 19, iters 532
2026-03-04 21:21:47,733 - utils.logger2026-03-04-21.19.02 - INFO - End of training epoch 19 / 40 	 Time Taken: 4 sec
2026-03-04 21:21:47,734 - utils.logger2026-03-04-21.19.02 - INFO - learning rate = 0.0002000
2026-03-04 21:21:49,904 - utils.logger2026-03-04-21.19.02 - INFO - Val result of epoch 19 / 40 mae 1.1377 corr 0.4926 f1 0.7119
2026-03-04 21:21:51,937 - utils.logger2026-03-04-21.19.02 - INFO - Tst result of epoch 19 / 40 mae 1.1368 corr 0.4851 f1 0.6725
2026-03-04 21:21:53,898 - utils.logger2026-03-04-21.19.02 - INFO - Cur epoch 20 loss CE:1.5484 mse:1.7163 consistent:114.4157
2026-03-04 21:21:54,965 - utils.logger2026-03-04-21.19.02 - INFO - Cur epoch 20 loss CE:1.6142 mse:1.6194 consistent:101.3404
2026-03-04 21:21:55,976 - utils.logger2026-03-04-21.19.02 - INFO - Cur epoch 20 loss CE:1.7443 mse:1.6172 consistent:119.1324
2026-03-04 21:21:56,131 - utils.logger2026-03-04-21.19.02 - INFO - saving the model at the end of epoch 20, iters 560
2026-03-04 21:21:56,345 - utils.logger2026-03-04-21.19.02 - INFO - End of training epoch 20 / 40 	 Time Taken: 4 sec
2026-03-04 21:21:56,346 - utils.logger2026-03-04-21.19.02 - INFO - learning rate = 0.0001905
2026-03-04 21:21:58,485 - utils.logger2026-03-04-21.19.02 - INFO - Val result of epoch 20 / 40 mae 1.1253 corr 0.4898 f1 0.6671
2026-03-04 21:22:00,624 - utils.logger2026-03-04-21.19.02 - INFO - Tst result of epoch 20 / 40 mae 1.1171 corr 0.4781 f1 0.6598
2026-03-04 21:22:02,808 - utils.logger2026-03-04-21.19.02 - INFO - Cur epoch 21 loss CE:1.8682 mse:1.7182 consistent:114.2494
2026-03-04 21:22:03,827 - utils.logger2026-03-04-21.19.02 - INFO - Cur epoch 21 loss CE:1.4664 mse:1.5988 consistent:106.9564
2026-03-04 21:22:04,780 - utils.logger2026-03-04-21.19.02 - INFO - saving the model at the end of epoch 21, iters 588
2026-03-04 21:22:04,999 - utils.logger2026-03-04-21.19.02 - INFO - End of training epoch 21 / 40 	 Time Taken: 4 sec
2026-03-04 21:22:04,999 - utils.logger2026-03-04-21.19.02 - INFO - learning rate = 0.0001810
2026-03-04 21:22:07,049 - utils.logger2026-03-04-21.19.02 - INFO - Val result of epoch 21 / 40 mae 1.1168 corr 0.5025 f1 0.6902
2026-03-04 21:22:09,250 - utils.logger2026-03-04-21.19.02 - INFO - Tst result of epoch 21 / 40 mae 1.1193 corr 0.4748 f1 0.6615
2026-03-04 21:22:10,587 - utils.logger2026-03-04-21.19.02 - INFO - Cur epoch 22 loss CE:1.3949 mse:1.6008 consistent:111.1542
2026-03-04 21:22:11,641 - utils.logger2026-03-04-21.19.02 - INFO - Cur epoch 22 loss CE:1.2055 mse:1.4512 consistent:105.7506
2026-03-04 21:22:12,650 - utils.logger2026-03-04-21.19.02 - INFO - Cur epoch 22 loss CE:1.2171 mse:1.5295 consistent:119.9344
2026-03-04 21:22:13,427 - utils.logger2026-03-04-21.19.02 - INFO - saving the model at the end of epoch 22, iters 616
2026-03-04 21:22:13,625 - utils.logger2026-03-04-21.19.02 - INFO - End of training epoch 22 / 40 	 Time Taken: 4 sec
2026-03-04 21:22:13,625 - utils.logger2026-03-04-21.19.02 - INFO - learning rate = 0.0001714
2026-03-04 21:22:15,736 - utils.logger2026-03-04-21.19.02 - INFO - Val result of epoch 22 / 40 mae 1.1182 corr 0.4922 f1 0.6768
2026-03-04 21:22:17,841 - utils.logger2026-03-04-21.19.02 - INFO - Tst result of epoch 22 / 40 mae 1.1211 corr 0.4689 f1 0.6603
2026-03-04 21:22:19,395 - utils.logger2026-03-04-21.19.02 - INFO - Cur epoch 23 loss CE:1.7184 mse:1.6044 consistent:111.7764
2026-03-04 21:22:20,318 - utils.logger2026-03-04-21.19.02 - INFO - Cur epoch 23 loss CE:1.5874 mse:1.6440 consistent:100.7721
2026-03-04 21:22:21,220 - utils.logger2026-03-04-21.19.02 - INFO - Cur epoch 23 loss CE:1.7686 mse:1.6382 consistent:108.6829
2026-03-04 21:22:21,731 - utils.logger2026-03-04-21.19.02 - INFO - saving the model at the end of epoch 23, iters 644
2026-03-04 21:22:21,925 - utils.logger2026-03-04-21.19.02 - INFO - End of training epoch 23 / 40 	 Time Taken: 4 sec
2026-03-04 21:22:21,926 - utils.logger2026-03-04-21.19.02 - INFO - learning rate = 0.0001619
2026-03-04 21:22:23,948 - utils.logger2026-03-04-21.19.02 - INFO - Val result of epoch 23 / 40 mae 1.1308 corr 0.5009 f1 0.6830
2026-03-04 21:22:26,016 - utils.logger2026-03-04-21.19.02 - INFO - Tst result of epoch 23 / 40 mae 1.1337 corr 0.4706 f1 0.6521
2026-03-04 21:22:27,679 - utils.logger2026-03-04-21.19.02 - INFO - Cur epoch 24 loss CE:1.4851 mse:1.5070 consistent:100.7467
2026-03-04 21:22:28,772 - utils.logger2026-03-04-21.19.02 - INFO - Cur epoch 24 loss CE:1.1184 mse:1.4304 consistent:102.9572
2026-03-04 21:22:29,804 - utils.logger2026-03-04-21.19.02 - INFO - Cur epoch 24 loss CE:1.3185 mse:1.5862 consistent:107.0591
2026-03-04 21:22:30,178 - utils.logger2026-03-04-21.19.02 - INFO - saving the model at the end of epoch 24, iters 672
2026-03-04 21:22:30,383 - utils.logger2026-03-04-21.19.02 - INFO - End of training epoch 24 / 40 	 Time Taken: 4 sec
2026-03-04 21:22:30,383 - utils.logger2026-03-04-21.19.02 - INFO - learning rate = 0.0001524
2026-03-04 21:22:32,430 - utils.logger2026-03-04-21.19.02 - INFO - Val result of epoch 24 / 40 mae 1.1508 corr 0.5072 f1 0.6781
2026-03-04 21:22:34,536 - utils.logger2026-03-04-21.19.02 - INFO - Tst result of epoch 24 / 40 mae 1.1520 corr 0.4611 f1 0.6538
2026-03-04 21:22:36,476 - utils.logger2026-03-04-21.19.02 - INFO - Cur epoch 25 loss CE:1.5622 mse:1.6148 consistent:115.1509
2026-03-04 21:22:37,535 - utils.logger2026-03-04-21.19.02 - INFO - Cur epoch 25 loss CE:0.9339 mse:1.4292 consistent:104.0365
2026-03-04 21:22:38,590 - utils.logger2026-03-04-21.19.02 - INFO - Cur epoch 25 loss CE:1.0990 mse:1.4340 consistent:101.0207
2026-03-04 21:22:38,742 - utils.logger2026-03-04-21.19.02 - INFO - saving the model at the end of epoch 25, iters 700
2026-03-04 21:22:38,948 - utils.logger2026-03-04-21.19.02 - INFO - End of training epoch 25 / 40 	 Time Taken: 4 sec
2026-03-04 21:22:38,949 - utils.logger2026-03-04-21.19.02 - INFO - learning rate = 0.0001429
2026-03-04 21:22:41,063 - utils.logger2026-03-04-21.19.02 - INFO - Val result of epoch 25 / 40 mae 1.1525 corr 0.5116 f1 0.6666
2026-03-04 21:22:43,107 - utils.logger2026-03-04-21.19.02 - INFO - Tst result of epoch 25 / 40 mae 1.1429 corr 0.4759 f1 0.6555
2026-03-04 21:22:45,247 - utils.logger2026-03-04-21.19.02 - INFO - Cur epoch 26 loss CE:1.6448 mse:1.6275 consistent:115.7978
2026-03-04 21:22:46,293 - utils.logger2026-03-04-21.19.02 - INFO - Cur epoch 26 loss CE:1.3541 mse:1.4882 consistent:110.5532
2026-03-04 21:22:47,279 - utils.logger2026-03-04-21.19.02 - INFO - saving the model at the end of epoch 26, iters 728
2026-03-04 21:22:47,470 - utils.logger2026-03-04-21.19.02 - INFO - End of training epoch 26 / 40 	 Time Taken: 4 sec
2026-03-04 21:22:47,470 - utils.logger2026-03-04-21.19.02 - INFO - learning rate = 0.0001333
2026-03-04 21:22:49,546 - utils.logger2026-03-04-21.19.02 - INFO - Val result of epoch 26 / 40 mae 1.1066 corr 0.5213 f1 0.6927
2026-03-04 21:22:51,661 - utils.logger2026-03-04-21.19.02 - INFO - Tst result of epoch 26 / 40 mae 1.1150 corr 0.4790 f1 0.6601
2026-03-04 21:22:52,975 - utils.logger2026-03-04-21.19.02 - INFO - Cur epoch 27 loss CE:1.6520 mse:1.4750 consistent:104.4812
2026-03-04 21:22:54,042 - utils.logger2026-03-04-21.19.02 - INFO - Cur epoch 27 loss CE:1.2491 mse:1.5290 consistent:107.3057
2026-03-04 21:22:55,042 - utils.logger2026-03-04-21.19.02 - INFO - Cur epoch 27 loss CE:1.0711 mse:1.4658 consistent:106.7166
2026-03-04 21:22:55,829 - utils.logger2026-03-04-21.19.02 - INFO - saving the model at the end of epoch 27, iters 756
2026-03-04 21:22:56,031 - utils.logger2026-03-04-21.19.02 - INFO - End of training epoch 27 / 40 	 Time Taken: 4 sec
2026-03-04 21:22:56,031 - utils.logger2026-03-04-21.19.02 - INFO - learning rate = 0.0001238
2026-03-04 21:22:58,177 - utils.logger2026-03-04-21.19.02 - INFO - Val result of epoch 27 / 40 mae 1.1508 corr 0.5268 f1 0.6783
2026-03-04 21:23:00,241 - utils.logger2026-03-04-21.19.02 - INFO - Tst result of epoch 27 / 40 mae 1.1487 corr 0.4739 f1 0.6593
2026-03-04 21:23:01,745 - utils.logger2026-03-04-21.19.02 - INFO - Cur epoch 28 loss CE:1.2641 mse:1.5559 consistent:108.0072
2026-03-04 21:23:02,693 - utils.logger2026-03-04-21.19.02 - INFO - Cur epoch 28 loss CE:1.4182 mse:1.5008 consistent:107.3957
2026-03-04 21:23:03,676 - utils.logger2026-03-04-21.19.02 - INFO - Cur epoch 28 loss CE:1.0844 mse:1.4643 consistent:103.1981
2026-03-04 21:23:04,201 - utils.logger2026-03-04-21.19.02 - INFO - saving the model at the end of epoch 28, iters 784
2026-03-04 21:23:04,408 - utils.logger2026-03-04-21.19.02 - INFO - End of training epoch 28 / 40 	 Time Taken: 4 sec
2026-03-04 21:23:04,408 - utils.logger2026-03-04-21.19.02 - INFO - learning rate = 0.0001143
2026-03-04 21:23:06,451 - utils.logger2026-03-04-21.19.02 - INFO - Val result of epoch 28 / 40 mae 1.1384 corr 0.5180 f1 0.6953
2026-03-04 21:23:08,557 - utils.logger2026-03-04-21.19.02 - INFO - Tst result of epoch 28 / 40 mae 1.1464 corr 0.4604 f1 0.6537
2026-03-04 21:23:10,243 - utils.logger2026-03-04-21.19.02 - INFO - Cur epoch 29 loss CE:1.1091 mse:1.5659 consistent:107.9911
2026-03-04 21:23:11,146 - utils.logger2026-03-04-21.19.02 - INFO - Cur epoch 29 loss CE:1.2191 mse:1.4425 consistent:109.4800
2026-03-04 21:23:12,085 - utils.logger2026-03-04-21.19.02 - INFO - Cur epoch 29 loss CE:0.9577 mse:1.5125 consistent:106.0482
2026-03-04 21:23:12,429 - utils.logger2026-03-04-21.19.02 - INFO - saving the model at the end of epoch 29, iters 812
2026-03-04 21:23:12,648 - utils.logger2026-03-04-21.19.02 - INFO - End of training epoch 29 / 40 	 Time Taken: 4 sec
2026-03-04 21:23:12,648 - utils.logger2026-03-04-21.19.02 - INFO - learning rate = 0.0001048
2026-03-04 21:23:14,700 - utils.logger2026-03-04-21.19.02 - INFO - Val result of epoch 29 / 40 mae 1.1569 corr 0.5224 f1 0.6809
2026-03-04 21:23:16,745 - utils.logger2026-03-04-21.19.02 - INFO - Tst result of epoch 29 / 40 mae 1.1533 corr 0.4703 f1 0.6488
2026-03-04 21:23:18,719 - utils.logger2026-03-04-21.19.02 - INFO - Cur epoch 30 loss CE:1.2785 mse:1.4115 consistent:102.3343
2026-03-04 21:23:19,757 - utils.logger2026-03-04-21.19.02 - INFO - Cur epoch 30 loss CE:1.2233 mse:1.4027 consistent:98.4186
2026-03-04 21:23:20,819 - utils.logger2026-03-04-21.19.02 - INFO - Cur epoch 30 loss CE:1.2604 mse:1.6265 consistent:112.4465
2026-03-04 21:23:20,985 - utils.logger2026-03-04-21.19.02 - INFO - saving the model at the end of epoch 30, iters 840
2026-03-04 21:23:21,197 - utils.logger2026-03-04-21.19.02 - INFO - End of training epoch 30 / 40 	 Time Taken: 4 sec
2026-03-04 21:23:21,197 - utils.logger2026-03-04-21.19.02 - INFO - learning rate = 0.0000952
2026-03-04 21:23:23,289 - utils.logger2026-03-04-21.19.02 - INFO - Val result of epoch 30 / 40 mae 1.1273 corr 0.5017 f1 0.6754
2026-03-04 21:23:25,361 - utils.logger2026-03-04-21.19.02 - INFO - Tst result of epoch 30 / 40 mae 1.1390 corr 0.4528 f1 0.6419
2026-03-04 21:23:27,524 - utils.logger2026-03-04-21.19.02 - INFO - Cur epoch 31 loss CE:1.0861 mse:1.5301 consistent:107.6520
2026-03-04 21:23:28,592 - utils.logger2026-03-04-21.19.02 - INFO - Cur epoch 31 loss CE:1.2791 mse:1.4879 consistent:108.0255
2026-03-04 21:23:29,622 - utils.logger2026-03-04-21.19.02 - INFO - saving the model at the end of epoch 31, iters 868
2026-03-04 21:23:29,854 - utils.logger2026-03-04-21.19.02 - INFO - End of training epoch 31 / 40 	 Time Taken: 4 sec
2026-03-04 21:23:29,854 - utils.logger2026-03-04-21.19.02 - INFO - learning rate = 0.0000857
2026-03-04 21:23:31,919 - utils.logger2026-03-04-21.19.02 - INFO - Val result of epoch 31 / 40 mae 1.1198 corr 0.5165 f1 0.6838
2026-03-04 21:23:33,952 - utils.logger2026-03-04-21.19.02 - INFO - Tst result of epoch 31 / 40 mae 1.1319 corr 0.4649 f1 0.6513
2026-03-04 21:23:35,257 - utils.logger2026-03-04-21.19.02 - INFO - Cur epoch 32 loss CE:1.0582 mse:1.5729 consistent:109.6200
2026-03-04 21:23:36,243 - utils.logger2026-03-04-21.19.02 - INFO - Cur epoch 32 loss CE:0.8898 mse:1.3281 consistent:97.4852
2026-03-04 21:23:37,304 - utils.logger2026-03-04-21.19.02 - INFO - Cur epoch 32 loss CE:1.4528 mse:1.5160 consistent:105.9807
2026-03-04 21:23:38,124 - utils.logger2026-03-04-21.19.02 - INFO - saving the model at the end of epoch 32, iters 896
2026-03-04 21:23:38,310 - utils.logger2026-03-04-21.19.02 - INFO - End of training epoch 32 / 40 	 Time Taken: 4 sec
2026-03-04 21:23:38,310 - utils.logger2026-03-04-21.19.02 - INFO - learning rate = 0.0000762
2026-03-04 21:23:40,376 - utils.logger2026-03-04-21.19.02 - INFO - Val result of epoch 32 / 40 mae 1.1209 corr 0.5131 f1 0.7001
2026-03-04 21:23:42,417 - utils.logger2026-03-04-21.19.02 - INFO - Tst result of epoch 32 / 40 mae 1.1367 corr 0.4627 f1 0.6663
2026-03-04 21:23:44,007 - utils.logger2026-03-04-21.19.02 - INFO - Cur epoch 33 loss CE:1.1067 mse:1.4901 consistent:103.7292
2026-03-04 21:23:45,124 - utils.logger2026-03-04-21.19.02 - INFO - Cur epoch 33 loss CE:1.1561 mse:1.4665 consistent:111.4580
2026-03-04 21:23:46,216 - utils.logger2026-03-04-21.19.02 - INFO - Cur epoch 33 loss CE:1.2930 mse:1.3923 consistent:101.7817
2026-03-04 21:23:46,821 - utils.logger2026-03-04-21.19.02 - INFO - saving the model at the end of epoch 33, iters 924
2026-03-04 21:23:47,033 - utils.logger2026-03-04-21.19.02 - INFO - End of training epoch 33 / 40 	 Time Taken: 4 sec
2026-03-04 21:23:47,033 - utils.logger2026-03-04-21.19.02 - INFO - learning rate = 0.0000667
2026-03-04 21:23:49,107 - utils.logger2026-03-04-21.19.02 - INFO - Val result of epoch 33 / 40 mae 1.1193 corr 0.5248 f1 0.6934
2026-03-04 21:23:51,215 - utils.logger2026-03-04-21.19.02 - INFO - Tst result of epoch 33 / 40 mae 1.1324 corr 0.4691 f1 0.6583
2026-03-04 21:23:52,859 - utils.logger2026-03-04-21.19.02 - INFO - Cur epoch 34 loss CE:1.4651 mse:1.4996 consistent:108.3283
2026-03-04 21:23:53,815 - utils.logger2026-03-04-21.19.02 - INFO - Cur epoch 34 loss CE:1.0207 mse:1.3809 consistent:101.9291
2026-03-04 21:23:54,832 - utils.logger2026-03-04-21.19.02 - INFO - Cur epoch 34 loss CE:1.2139 mse:1.4939 consistent:102.3368
2026-03-04 21:23:55,215 - utils.logger2026-03-04-21.19.02 - INFO - saving the model at the end of epoch 34, iters 952
2026-03-04 21:23:55,402 - utils.logger2026-03-04-21.19.02 - INFO - End of training epoch 34 / 40 	 Time Taken: 4 sec
2026-03-04 21:23:55,403 - utils.logger2026-03-04-21.19.02 - INFO - learning rate = 0.0000571
2026-03-04 21:23:57,428 - utils.logger2026-03-04-21.19.02 - INFO - Val result of epoch 34 / 40 mae 1.1216 corr 0.5208 f1 0.6817
2026-03-04 21:23:59,524 - utils.logger2026-03-04-21.19.02 - INFO - Tst result of epoch 34 / 40 mae 1.1282 corr 0.4770 f1 0.6553
2026-03-04 21:24:01,507 - utils.logger2026-03-04-21.19.02 - INFO - Cur epoch 35 loss CE:0.9120 mse:1.2739 consistent:99.3782
2026-03-04 21:24:02,598 - utils.logger2026-03-04-21.19.02 - INFO - Cur epoch 35 loss CE:1.2257 mse:1.4562 consistent:110.5776
2026-03-04 21:24:03,630 - utils.logger2026-03-04-21.19.02 - INFO - Cur epoch 35 loss CE:1.7421 mse:1.3426 consistent:97.7131
2026-03-04 21:24:03,794 - utils.logger2026-03-04-21.19.02 - INFO - saving the model at the end of epoch 35, iters 980
2026-03-04 21:24:04,029 - utils.logger2026-03-04-21.19.02 - INFO - End of training epoch 35 / 40 	 Time Taken: 4 sec
2026-03-04 21:24:04,030 - utils.logger2026-03-04-21.19.02 - INFO - learning rate = 0.0000476
2026-03-04 21:24:06,104 - utils.logger2026-03-04-21.19.02 - INFO - Val result of epoch 35 / 40 mae 1.1203 corr 0.5193 f1 0.6889
2026-03-04 21:24:08,163 - utils.logger2026-03-04-21.19.02 - INFO - Tst result of epoch 35 / 40 mae 1.1266 corr 0.4799 f1 0.6605
2026-03-04 21:24:10,365 - utils.logger2026-03-04-21.19.02 - INFO - Cur epoch 36 loss CE:1.1764 mse:1.5225 consistent:107.5402
2026-03-04 21:24:11,485 - utils.logger2026-03-04-21.19.02 - INFO - Cur epoch 36 loss CE:0.9069 mse:1.3606 consistent:107.0859
2026-03-04 21:24:12,527 - utils.logger2026-03-04-21.19.02 - INFO - saving the model at the end of epoch 36, iters 1008
2026-03-04 21:24:12,753 - utils.logger2026-03-04-21.19.02 - INFO - End of training epoch 36 / 40 	 Time Taken: 4 sec
2026-03-04 21:24:12,753 - utils.logger2026-03-04-21.19.02 - INFO - learning rate = 0.0000381
2026-03-04 21:24:14,818 - utils.logger2026-03-04-21.19.02 - INFO - Val result of epoch 36 / 40 mae 1.1458 corr 0.5168 f1 0.6765
2026-03-04 21:24:16,869 - utils.logger2026-03-04-21.19.02 - INFO - Tst result of epoch 36 / 40 mae 1.1458 corr 0.4719 f1 0.6557
2026-03-04 21:24:18,175 - utils.logger2026-03-04-21.19.02 - INFO - Cur epoch 37 loss CE:0.9973 mse:1.3602 consistent:101.7320
2026-03-04 21:24:19,297 - utils.logger2026-03-04-21.19.02 - INFO - Cur epoch 37 loss CE:0.8910 mse:1.3725 consistent:99.7535
2026-03-04 21:24:20,447 - utils.logger2026-03-04-21.19.02 - INFO - Cur epoch 37 loss CE:0.7968 mse:1.5038 consistent:104.0362
2026-03-04 21:24:21,351 - utils.logger2026-03-04-21.19.02 - INFO - saving the model at the end of epoch 37, iters 1036
2026-03-04 21:24:21,538 - utils.logger2026-03-04-21.19.02 - INFO - End of training epoch 37 / 40 	 Time Taken: 4 sec
2026-03-04 21:24:21,539 - utils.logger2026-03-04-21.19.02 - INFO - learning rate = 0.0000286
2026-03-04 21:24:23,645 - utils.logger2026-03-04-21.19.02 - INFO - Val result of epoch 37 / 40 mae 1.1292 corr 0.5145 f1 0.6795
2026-03-04 21:24:25,760 - utils.logger2026-03-04-21.19.02 - INFO - Tst result of epoch 37 / 40 mae 1.1330 corr 0.4754 f1 0.6520
2026-03-04 21:24:27,317 - utils.logger2026-03-04-21.19.02 - INFO - Cur epoch 38 loss CE:1.5647 mse:1.4996 consistent:104.2548
2026-03-04 21:24:28,405 - utils.logger2026-03-04-21.19.02 - INFO - Cur epoch 38 loss CE:0.8472 mse:1.4921 consistent:103.1388
2026-03-04 21:24:29,481 - utils.logger2026-03-04-21.19.02 - INFO - Cur epoch 38 loss CE:1.0849 mse:1.3557 consistent:101.7453
2026-03-04 21:24:30,100 - utils.logger2026-03-04-21.19.02 - INFO - saving the model at the end of epoch 38, iters 1064
2026-03-04 21:24:30,352 - utils.logger2026-03-04-21.19.02 - INFO - End of training epoch 38 / 40 	 Time Taken: 4 sec
2026-03-04 21:24:30,352 - utils.logger2026-03-04-21.19.02 - INFO - learning rate = 0.0000190
2026-03-04 21:24:32,470 - utils.logger2026-03-04-21.19.02 - INFO - Val result of epoch 38 / 40 mae 1.1365 corr 0.5184 f1 0.6832
2026-03-04 21:24:34,558 - utils.logger2026-03-04-21.19.02 - INFO - Tst result of epoch 38 / 40 mae 1.1346 corr 0.4802 f1 0.6668
2026-03-04 21:24:36,315 - utils.logger2026-03-04-21.19.02 - INFO - Cur epoch 39 loss CE:1.3269 mse:1.5004 consistent:96.1517
2026-03-04 21:24:37,256 - utils.logger2026-03-04-21.19.02 - INFO - Cur epoch 39 loss CE:0.8044 mse:1.3448 consistent:117.2880
2026-03-04 21:24:38,190 - utils.logger2026-03-04-21.19.02 - INFO - Cur epoch 39 loss CE:1.1704 mse:1.4317 consistent:97.8132
2026-03-04 21:24:38,528 - utils.logger2026-03-04-21.19.02 - INFO - saving the model at the end of epoch 39, iters 1092
2026-03-04 21:24:38,719 - utils.logger2026-03-04-21.19.02 - INFO - End of training epoch 39 / 40 	 Time Taken: 4 sec
2026-03-04 21:24:38,719 - utils.logger2026-03-04-21.19.02 - INFO - learning rate = 0.0000095
2026-03-04 21:24:40,802 - utils.logger2026-03-04-21.19.02 - INFO - Val result of epoch 39 / 40 mae 1.1267 corr 0.5176 f1 0.6883
2026-03-04 21:24:42,867 - utils.logger2026-03-04-21.19.02 - INFO - Tst result of epoch 39 / 40 mae 1.1293 corr 0.4780 f1 0.6559
2026-03-04 21:24:44,802 - utils.logger2026-03-04-21.19.02 - INFO - Cur epoch 40 loss CE:1.3271 mse:1.4584 consistent:101.4105
2026-03-04 21:24:45,826 - utils.logger2026-03-04-21.19.02 - INFO - Cur epoch 40 loss CE:0.8079 mse:1.4115 consistent:107.9184
2026-03-04 21:24:46,832 - utils.logger2026-03-04-21.19.02 - INFO - Cur epoch 40 loss CE:0.9885 mse:1.3853 consistent:103.1283
2026-03-04 21:24:46,984 - utils.logger2026-03-04-21.19.02 - INFO - saving the model at the end of epoch 40, iters 1120
2026-03-04 21:24:47,196 - utils.logger2026-03-04-21.19.02 - INFO - End of training epoch 40 / 40 	 Time Taken: 4 sec
2026-03-04 21:24:47,196 - utils.logger2026-03-04-21.19.02 - INFO - learning rate = 0.0000000
2026-03-04 21:24:49,261 - utils.logger2026-03-04-21.19.02 - INFO - Val result of epoch 40 / 40 mae 1.1244 corr 0.5191 f1 0.6847
2026-03-04 21:24:51,332 - utils.logger2026-03-04-21.19.02 - INFO - Tst result of epoch 40 / 40 mae 1.1279 corr 0.4786 f1 0.6553
2026-03-04 21:24:51,333 - utils.logger2026-03-04-21.19.02 - INFO - Best eval epoch 18 found with MAE 1.107409
2026-03-04 21:24:51,333 - utils.logger2026-03-04-21.19.02 - INFO - Loading best model found on val set: epoch-18
2026-03-04 21:24:55,697 - utils.logger2026-03-04-21.19.02 - INFO - Tst result mae 1.1074 corr 0.4795 f1 0.6780
