2026-03-09 11:09:13,151 - utils.logger2026-03-09-11.09.13 - INFO - The number of training samples = 1750
2026-03-09 11:09:15,833 - utils.logger2026-03-09-11.09.13 - INFO - Cur epoch 1 loss TA:1.0371 TV:1.0372 VA:2.0722 CE:3.0319
2026-03-09 11:09:16,774 - utils.logger2026-03-09-11.09.13 - INFO - Cur epoch 1 loss TA:1.0354 TV:1.0366 VA:2.0709 CE:3.0428
2026-03-09 11:09:17,287 - utils.logger2026-03-09-11.09.13 - INFO - saving the model at the end of epoch 1, iters 28
2026-03-09 11:09:17,522 - utils.logger2026-03-09-11.09.13 - INFO - End of training epoch 1 / 40 	 Time Taken: 4 sec
2026-03-09 11:09:17,522 - utils.logger2026-03-09-11.09.13 - INFO - learning rate = 0.0002000
2026-03-09 11:09:17,905 - utils.logger2026-03-09-11.09.13 - INFO - Val result of epoch 1 / 40 acc 0.4509 MAE 0.3628 f1 0.5921
2026-03-09 11:09:18,313 - utils.logger2026-03-09-11.09.13 - INFO - Tst result of epoch 1 / 40 acc 0.4509 MAE 0.3628 f1 0.5921
2026-03-09 11:09:18,785 - utils.logger2026-03-09-11.09.13 - INFO - Cur epoch 2 loss TA:1.0354 TV:1.0332 VA:2.0633 CE:2.5377
2026-03-09 11:09:19,543 - utils.logger2026-03-09-11.09.13 - INFO - Cur epoch 2 loss TA:1.0298 TV:1.0262 VA:2.0551 CE:2.5456
2026-03-09 11:09:20,163 - utils.logger2026-03-09-11.09.13 - INFO - Cur epoch 2 loss TA:1.0295 TV:1.0243 VA:2.0523 CE:2.3731
2026-03-09 11:09:20,593 - utils.logger2026-03-09-11.09.13 - INFO - saving the model at the end of epoch 2, iters 56
2026-03-09 11:09:20,745 - utils.logger2026-03-09-11.09.13 - INFO - End of training epoch 2 / 40 	 Time Taken: 2 sec
2026-03-09 11:09:20,745 - utils.logger2026-03-09-11.09.13 - INFO - learning rate = 0.0002000
2026-03-09 11:09:21,155 - utils.logger2026-03-09-11.09.13 - INFO - Val result of epoch 2 / 40 acc 0.6071 MAE 0.4307 f1 0.6130
2026-03-09 11:09:21,520 - utils.logger2026-03-09-11.09.13 - INFO - Tst result of epoch 2 / 40 acc 0.6071 MAE 0.4307 f1 0.6130
2026-03-09 11:09:22,033 - utils.logger2026-03-09-11.09.13 - INFO - Cur epoch 3 loss TA:1.0104 TV:1.0068 VA:2.0208 CE:2.4868
2026-03-09 11:09:22,771 - utils.logger2026-03-09-11.09.13 - INFO - Cur epoch 3 loss TA:1.0039 TV:0.9935 VA:2.0062 CE:2.0764
2026-03-09 11:09:23,837 - utils.logger2026-03-09-11.09.13 - INFO - Cur epoch 3 loss TA:0.9975 TV:0.9793 VA:1.9813 CE:1.9279
2026-03-09 11:09:24,326 - utils.logger2026-03-09-11.09.13 - INFO - saving the model at the end of epoch 3, iters 84
2026-03-09 11:09:24,736 - utils.logger2026-03-09-11.09.13 - INFO - End of training epoch 3 / 40 	 Time Taken: 3 sec
2026-03-09 11:09:24,736 - utils.logger2026-03-09-11.09.13 - INFO - learning rate = 0.0002000
2026-03-09 11:09:25,101 - utils.logger2026-03-09-11.09.13 - INFO - Val result of epoch 3 / 40 acc 0.7321 MAE 0.5951 f1 0.7317
2026-03-09 11:09:25,477 - utils.logger2026-03-09-11.09.13 - INFO - Tst result of epoch 3 / 40 acc 0.7321 MAE 0.5951 f1 0.7317
2026-03-09 11:09:26,107 - utils.logger2026-03-09-11.09.13 - INFO - Cur epoch 4 loss TA:0.9651 TV:0.9453 VA:1.9238 CE:2.8080
2026-03-09 11:09:26,652 - utils.logger2026-03-09-11.09.13 - INFO - Cur epoch 4 loss TA:0.9643 TV:0.9397 VA:1.8768 CE:1.8302
2026-03-09 11:09:27,259 - utils.logger2026-03-09-11.09.13 - INFO - Cur epoch 4 loss TA:0.9406 TV:0.9610 VA:1.9101 CE:1.6901
2026-03-09 11:09:27,471 - utils.logger2026-03-09-11.09.13 - INFO - saving the model at the end of epoch 4, iters 112
2026-03-09 11:09:27,818 - utils.logger2026-03-09-11.09.13 - INFO - End of training epoch 4 / 40 	 Time Taken: 2 sec
2026-03-09 11:09:27,818 - utils.logger2026-03-09-11.09.13 - INFO - learning rate = 0.0002000
2026-03-09 11:09:28,225 - utils.logger2026-03-09-11.09.13 - INFO - Val result of epoch 4 / 40 acc 0.7455 MAE 0.6319 f1 0.7458
2026-03-09 11:09:28,588 - utils.logger2026-03-09-11.09.13 - INFO - Tst result of epoch 4 / 40 acc 0.7455 MAE 0.6319 f1 0.7458
2026-03-09 11:09:29,371 - utils.logger2026-03-09-11.09.13 - INFO - Cur epoch 5 loss TA:0.9306 TV:0.9194 VA:1.8132 CE:1.5711
2026-03-09 11:09:30,157 - utils.logger2026-03-09-11.09.13 - INFO - Cur epoch 5 loss TA:0.9152 TV:0.9138 VA:1.8337 CE:1.9535
2026-03-09 11:09:30,700 - utils.logger2026-03-09-11.09.13 - INFO - Cur epoch 5 loss TA:0.6561 TV:0.6272 VA:1.2629 CE:1.7819
2026-03-09 11:09:30,763 - utils.logger2026-03-09-11.09.13 - INFO - saving the model at the end of epoch 5, iters 140
2026-03-09 11:09:30,929 - utils.logger2026-03-09-11.09.13 - INFO - End of training epoch 5 / 40 	 Time Taken: 2 sec
2026-03-09 11:09:30,929 - utils.logger2026-03-09-11.09.13 - INFO - learning rate = 0.0002000
2026-03-09 11:09:31,363 - utils.logger2026-03-09-11.09.13 - INFO - Val result of epoch 5 / 40 acc 0.7991 MAE 0.6790 f1 0.8005
2026-03-09 11:09:31,766 - utils.logger2026-03-09-11.09.13 - INFO - Tst result of epoch 5 / 40 acc 0.7991 MAE 0.6790 f1 0.8005
2026-03-09 11:09:33,131 - utils.logger2026-03-09-11.09.13 - INFO - Cur epoch 6 loss TA:0.8955 TV:0.9085 VA:1.7354 CE:2.3340
2026-03-09 11:09:34,138 - utils.logger2026-03-09-11.09.13 - INFO - Cur epoch 6 loss TA:0.8774 TV:0.8908 VA:1.7222 CE:1.6099
2026-03-09 11:09:34,642 - utils.logger2026-03-09-11.09.13 - INFO - saving the model at the end of epoch 6, iters 168
2026-03-09 11:09:34,824 - utils.logger2026-03-09-11.09.13 - INFO - End of training epoch 6 / 40 	 Time Taken: 3 sec
2026-03-09 11:09:34,825 - utils.logger2026-03-09-11.09.13 - INFO - learning rate = 0.0002000
2026-03-09 11:09:35,172 - utils.logger2026-03-09-11.09.13 - INFO - Val result of epoch 6 / 40 acc 0.7679 MAE 0.7010 f1 0.7732
2026-03-09 11:09:35,557 - utils.logger2026-03-09-11.09.13 - INFO - Tst result of epoch 6 / 40 acc 0.7679 MAE 0.7010 f1 0.7732
2026-03-09 11:09:35,988 - utils.logger2026-03-09-11.09.13 - INFO - Cur epoch 7 loss TA:0.8875 TV:0.8762 VA:1.6832 CE:1.3116
2026-03-09 11:09:36,818 - utils.logger2026-03-09-11.09.13 - INFO - Cur epoch 7 loss TA:0.9085 TV:0.8772 VA:1.7038 CE:1.6443
2026-03-09 11:09:37,409 - utils.logger2026-03-09-11.09.13 - INFO - Cur epoch 7 loss TA:0.8775 TV:0.8949 VA:1.6839 CE:1.2282
2026-03-09 11:09:37,784 - utils.logger2026-03-09-11.09.13 - INFO - saving the model at the end of epoch 7, iters 196
2026-03-09 11:09:37,993 - utils.logger2026-03-09-11.09.13 - INFO - End of training epoch 7 / 40 	 Time Taken: 2 sec
2026-03-09 11:09:37,993 - utils.logger2026-03-09-11.09.13 - INFO - learning rate = 0.0002000
2026-03-09 11:09:38,417 - utils.logger2026-03-09-11.09.13 - INFO - Val result of epoch 7 / 40 acc 0.7857 MAE 0.7174 f1 0.7915
2026-03-09 11:09:38,811 - utils.logger2026-03-09-11.09.13 - INFO - Tst result of epoch 7 / 40 acc 0.7857 MAE 0.7174 f1 0.7915
2026-03-09 11:09:39,382 - utils.logger2026-03-09-11.09.13 - INFO - Cur epoch 8 loss TA:0.8543 TV:0.8597 VA:1.6699 CE:1.1909
2026-03-09 11:09:40,193 - utils.logger2026-03-09-11.09.13 - INFO - Cur epoch 8 loss TA:0.8646 TV:0.8525 VA:1.6344 CE:1.3035
2026-03-09 11:09:41,256 - utils.logger2026-03-09-11.09.13 - INFO - Cur epoch 8 loss TA:0.8493 TV:0.8614 VA:1.6223 CE:1.4924
2026-03-09 11:09:41,686 - utils.logger2026-03-09-11.09.13 - INFO - saving the model at the end of epoch 8, iters 224
2026-03-09 11:09:42,202 - utils.logger2026-03-09-11.09.13 - INFO - End of training epoch 8 / 40 	 Time Taken: 3 sec
2026-03-09 11:09:42,202 - utils.logger2026-03-09-11.09.13 - INFO - learning rate = 0.0002000
2026-03-09 11:09:42,629 - utils.logger2026-03-09-11.09.13 - INFO - Val result of epoch 8 / 40 acc 0.7679 MAE 0.7206 f1 0.7739
2026-03-09 11:09:43,056 - utils.logger2026-03-09-11.09.13 - INFO - Tst result of epoch 8 / 40 acc 0.7679 MAE 0.7206 f1 0.7739
2026-03-09 11:09:43,665 - utils.logger2026-03-09-11.09.13 - INFO - Cur epoch 9 loss TA:0.8129 TV:0.8376 VA:1.5785 CE:1.2082
2026-03-09 11:09:44,259 - utils.logger2026-03-09-11.09.13 - INFO - Cur epoch 9 loss TA:0.8105 TV:0.8305 VA:1.5426 CE:1.3628
2026-03-09 11:09:45,114 - utils.logger2026-03-09-11.09.13 - INFO - Cur epoch 9 loss TA:0.8111 TV:0.8260 VA:1.5385 CE:1.3503
2026-03-09 11:09:45,283 - utils.logger2026-03-09-11.09.13 - INFO - saving the model at the end of epoch 9, iters 252
2026-03-09 11:09:45,489 - utils.logger2026-03-09-11.09.13 - INFO - End of training epoch 9 / 40 	 Time Taken: 2 sec
2026-03-09 11:09:45,490 - utils.logger2026-03-09-11.09.13 - INFO - learning rate = 0.0002000
2026-03-09 11:09:45,902 - utils.logger2026-03-09-11.09.13 - INFO - Val result of epoch 9 / 40 acc 0.8080 MAE 0.7289 f1 0.8137
2026-03-09 11:09:46,309 - utils.logger2026-03-09-11.09.13 - INFO - Tst result of epoch 9 / 40 acc 0.8080 MAE 0.7289 f1 0.8137
2026-03-09 11:09:47,067 - utils.logger2026-03-09-11.09.13 - INFO - Cur epoch 10 loss TA:0.8043 TV:0.8408 VA:1.4823 CE:0.9937
2026-03-09 11:09:47,611 - utils.logger2026-03-09-11.09.13 - INFO - Cur epoch 10 loss TA:0.8318 TV:0.8171 VA:1.5981 CE:1.2523
2026-03-09 11:09:48,359 - utils.logger2026-03-09-11.09.13 - INFO - Cur epoch 10 loss TA:0.5161 TV:0.5389 VA:0.9039 CE:0.6824
2026-03-09 11:09:48,406 - utils.logger2026-03-09-11.09.13 - INFO - saving the model at the end of epoch 10, iters 280
2026-03-09 11:09:48,891 - utils.logger2026-03-09-11.09.13 - INFO - End of training epoch 10 / 40 	 Time Taken: 2 sec
2026-03-09 11:09:48,891 - utils.logger2026-03-09-11.09.13 - INFO - learning rate = 0.0002000
2026-03-09 11:09:49,236 - utils.logger2026-03-09-11.09.13 - INFO - Val result of epoch 10 / 40 acc 0.7991 MAE 0.7171 f1 0.8001
2026-03-09 11:09:49,613 - utils.logger2026-03-09-11.09.13 - INFO - Tst result of epoch 10 / 40 acc 0.7991 MAE 0.7171 f1 0.8001
2026-03-09 11:09:50,794 - utils.logger2026-03-09-11.09.13 - INFO - Cur epoch 11 loss TA:0.7782 TV:0.7746 VA:1.4147 CE:0.8391
2026-03-09 11:09:51,420 - utils.logger2026-03-09-11.09.13 - INFO - Cur epoch 11 loss TA:0.8203 TV:0.7894 VA:1.4064 CE:0.6185
2026-03-09 11:09:51,896 - utils.logger2026-03-09-11.09.13 - INFO - saving the model at the end of epoch 11, iters 308
2026-03-09 11:09:52,091 - utils.logger2026-03-09-11.09.13 - INFO - End of training epoch 11 / 40 	 Time Taken: 2 sec
2026-03-09 11:09:52,091 - utils.logger2026-03-09-11.09.13 - INFO - learning rate = 0.0002000
2026-03-09 11:09:52,432 - utils.logger2026-03-09-11.09.13 - INFO - Val result of epoch 11 / 40 acc 0.7946 MAE 0.7254 f1 0.7972
2026-03-09 11:09:52,769 - utils.logger2026-03-09-11.09.13 - INFO - Tst result of epoch 11 / 40 acc 0.7946 MAE 0.7254 f1 0.7972
2026-03-09 11:09:53,243 - utils.logger2026-03-09-11.09.13 - INFO - Cur epoch 12 loss TA:0.7407 TV:0.7733 VA:1.4332 CE:0.8733
2026-03-09 11:09:53,803 - utils.logger2026-03-09-11.09.13 - INFO - Cur epoch 12 loss TA:0.7216 TV:0.7333 VA:1.3917 CE:0.8614
2026-03-09 11:09:54,329 - utils.logger2026-03-09-11.09.13 - INFO - Cur epoch 12 loss TA:0.7498 TV:0.7697 VA:1.3987 CE:1.0132
2026-03-09 11:09:54,728 - utils.logger2026-03-09-11.09.13 - INFO - saving the model at the end of epoch 12, iters 336
2026-03-09 11:09:54,865 - utils.logger2026-03-09-11.09.13 - INFO - End of training epoch 12 / 40 	 Time Taken: 2 sec
2026-03-09 11:09:54,865 - utils.logger2026-03-09-11.09.13 - INFO - learning rate = 0.0002000
2026-03-09 11:09:55,358 - utils.logger2026-03-09-11.09.13 - INFO - Val result of epoch 12 / 40 acc 0.7768 MAE 0.7192 f1 0.7823
2026-03-09 11:09:55,883 - utils.logger2026-03-09-11.09.13 - INFO - Tst result of epoch 12 / 40 acc 0.7768 MAE 0.7192 f1 0.7823
2026-03-09 11:09:56,572 - utils.logger2026-03-09-11.09.13 - INFO - Cur epoch 13 loss TA:0.7282 TV:0.7660 VA:1.3561 CE:0.5075
2026-03-09 11:09:57,277 - utils.logger2026-03-09-11.09.13 - INFO - Cur epoch 13 loss TA:0.7105 TV:0.7197 VA:1.3148 CE:0.8375
2026-03-09 11:09:58,326 - utils.logger2026-03-09-11.09.13 - INFO - Cur epoch 13 loss TA:0.7136 TV:0.7373 VA:1.2977 CE:0.8156
2026-03-09 11:09:58,777 - utils.logger2026-03-09-11.09.13 - INFO - saving the model at the end of epoch 13, iters 364
2026-03-09 11:09:59,081 - utils.logger2026-03-09-11.09.13 - INFO - End of training epoch 13 / 40 	 Time Taken: 3 sec
2026-03-09 11:09:59,082 - utils.logger2026-03-09-11.09.13 - INFO - learning rate = 0.0002000
2026-03-09 11:09:59,514 - utils.logger2026-03-09-11.09.13 - INFO - Val result of epoch 13 / 40 acc 0.7857 MAE 0.7274 f1 0.7912
2026-03-09 11:09:59,926 - utils.logger2026-03-09-11.09.13 - INFO - Tst result of epoch 13 / 40 acc 0.7857 MAE 0.7274 f1 0.7912
2026-03-09 11:10:00,586 - utils.logger2026-03-09-11.09.13 - INFO - Cur epoch 14 loss TA:0.6857 TV:0.6946 VA:1.2374 CE:0.5667
2026-03-09 11:10:01,212 - utils.logger2026-03-09-11.09.13 - INFO - Cur epoch 14 loss TA:0.7162 TV:0.7144 VA:1.3395 CE:1.0099
2026-03-09 11:10:01,800 - utils.logger2026-03-09-11.09.13 - INFO - Cur epoch 14 loss TA:0.6572 TV:0.6843 VA:1.2812 CE:0.6218
2026-03-09 11:10:01,985 - utils.logger2026-03-09-11.09.13 - INFO - saving the model at the end of epoch 14, iters 392
2026-03-09 11:10:02,135 - utils.logger2026-03-09-11.09.13 - INFO - End of training epoch 14 / 40 	 Time Taken: 2 sec
2026-03-09 11:10:02,136 - utils.logger2026-03-09-11.09.13 - INFO - learning rate = 0.0002000
2026-03-09 11:10:02,631 - utils.logger2026-03-09-11.09.13 - INFO - Val result of epoch 14 / 40 acc 0.7723 MAE 0.7232 f1 0.7779
2026-03-09 11:10:03,017 - utils.logger2026-03-09-11.09.13 - INFO - Tst result of epoch 14 / 40 acc 0.7723 MAE 0.7232 f1 0.7779
2026-03-09 11:10:03,767 - utils.logger2026-03-09-11.09.13 - INFO - Cur epoch 15 loss TA:0.6842 TV:0.6931 VA:1.2749 CE:0.6491
2026-03-09 11:10:04,373 - utils.logger2026-03-09-11.09.13 - INFO - Cur epoch 15 loss TA:0.6942 TV:0.7002 VA:1.2636 CE:0.6006
2026-03-09 11:10:05,120 - utils.logger2026-03-09-11.09.13 - INFO - Cur epoch 15 loss TA:0.4168 TV:0.4409 VA:0.7609 CE:0.3651
2026-03-09 11:10:05,186 - utils.logger2026-03-09-11.09.13 - INFO - saving the model at the end of epoch 15, iters 420
2026-03-09 11:10:05,454 - utils.logger2026-03-09-11.09.13 - INFO - End of training epoch 15 / 40 	 Time Taken: 2 sec
2026-03-09 11:10:05,455 - utils.logger2026-03-09-11.09.13 - INFO - learning rate = 0.0002000
2026-03-09 11:10:05,899 - utils.logger2026-03-09-11.09.13 - INFO - Val result of epoch 15 / 40 acc 0.7589 MAE 0.7325 f1 0.7642
2026-03-09 11:10:06,314 - utils.logger2026-03-09-11.09.13 - INFO - Tst result of epoch 15 / 40 acc 0.7589 MAE 0.7325 f1 0.7642
2026-03-09 11:10:07,694 - utils.logger2026-03-09-11.09.13 - INFO - Cur epoch 16 loss TA:0.6341 TV:0.6408 VA:1.1625 CE:0.5348
2026-03-09 11:10:08,739 - utils.logger2026-03-09-11.09.13 - INFO - Cur epoch 16 loss TA:0.6734 TV:0.6927 VA:1.2311 CE:0.5334
2026-03-09 11:10:09,537 - utils.logger2026-03-09-11.09.13 - INFO - saving the model at the end of epoch 16, iters 448
2026-03-09 11:10:09,748 - utils.logger2026-03-09-11.09.13 - INFO - End of training epoch 16 / 40 	 Time Taken: 3 sec
2026-03-09 11:10:09,749 - utils.logger2026-03-09-11.09.13 - INFO - learning rate = 0.0002000
2026-03-09 11:10:10,128 - utils.logger2026-03-09-11.09.13 - INFO - Val result of epoch 16 / 40 acc 0.7812 MAE 0.7292 f1 0.7805
2026-03-09 11:10:10,539 - utils.logger2026-03-09-11.09.13 - INFO - Tst result of epoch 16 / 40 acc 0.7812 MAE 0.7292 f1 0.7805
2026-03-09 11:10:11,032 - utils.logger2026-03-09-11.09.13 - INFO - Cur epoch 17 loss TA:0.6619 TV:0.6827 VA:1.2064 CE:0.4593
2026-03-09 11:10:11,876 - utils.logger2026-03-09-11.09.13 - INFO - Cur epoch 17 loss TA:0.6572 TV:0.6506 VA:1.2218 CE:0.3513
2026-03-09 11:10:12,490 - utils.logger2026-03-09-11.09.13 - INFO - Cur epoch 17 loss TA:0.6268 TV:0.6326 VA:1.1348 CE:0.4548
2026-03-09 11:10:12,899 - utils.logger2026-03-09-11.09.13 - INFO - saving the model at the end of epoch 17, iters 476
2026-03-09 11:10:13,068 - utils.logger2026-03-09-11.09.13 - INFO - End of training epoch 17 / 40 	 Time Taken: 2 sec
2026-03-09 11:10:13,068 - utils.logger2026-03-09-11.09.13 - INFO - learning rate = 0.0002000
2026-03-09 11:10:13,474 - utils.logger2026-03-09-11.09.13 - INFO - Val result of epoch 17 / 40 acc 0.7946 MAE 0.7309 f1 0.8000
2026-03-09 11:10:13,861 - utils.logger2026-03-09-11.09.13 - INFO - Tst result of epoch 17 / 40 acc 0.7946 MAE 0.7309 f1 0.8000
2026-03-09 11:10:14,335 - utils.logger2026-03-09-11.09.13 - INFO - Cur epoch 18 loss TA:0.6332 TV:0.6431 VA:1.1671 CE:0.5153
2026-03-09 11:10:15,069 - utils.logger2026-03-09-11.09.13 - INFO - Cur epoch 18 loss TA:0.6381 TV:0.6406 VA:1.2160 CE:0.5226
2026-03-09 11:10:16,141 - utils.logger2026-03-09-11.09.13 - INFO - Cur epoch 18 loss TA:0.6893 TV:0.6934 VA:1.2526 CE:0.5066
2026-03-09 11:10:16,610 - utils.logger2026-03-09-11.09.13 - INFO - saving the model at the end of epoch 18, iters 504
2026-03-09 11:10:17,130 - utils.logger2026-03-09-11.09.13 - INFO - End of training epoch 18 / 40 	 Time Taken: 3 sec
2026-03-09 11:10:17,130 - utils.logger2026-03-09-11.09.13 - INFO - learning rate = 0.0002000
2026-03-09 11:10:17,495 - utils.logger2026-03-09-11.09.13 - INFO - Val result of epoch 18 / 40 acc 0.7991 MAE 0.7339 f1 0.8045
2026-03-09 11:10:17,873 - utils.logger2026-03-09-11.09.13 - INFO - Tst result of epoch 18 / 40 acc 0.7991 MAE 0.7339 f1 0.8045
2026-03-09 11:10:18,547 - utils.logger2026-03-09-11.09.13 - INFO - Cur epoch 19 loss TA:0.6011 TV:0.6129 VA:1.1199 CE:0.4289
2026-03-09 11:10:19,123 - utils.logger2026-03-09-11.09.13 - INFO - Cur epoch 19 loss TA:0.6339 TV:0.6468 VA:1.1875 CE:0.3304
2026-03-09 11:10:19,877 - utils.logger2026-03-09-11.09.13 - INFO - Cur epoch 19 loss TA:0.6522 TV:0.6582 VA:1.1623 CE:0.2901
2026-03-09 11:10:20,080 - utils.logger2026-03-09-11.09.13 - INFO - saving the model at the end of epoch 19, iters 532
2026-03-09 11:10:20,337 - utils.logger2026-03-09-11.09.13 - INFO - End of training epoch 19 / 40 	 Time Taken: 2 sec
2026-03-09 11:10:20,337 - utils.logger2026-03-09-11.09.13 - INFO - learning rate = 0.0002000
2026-03-09 11:10:20,754 - utils.logger2026-03-09-11.09.13 - INFO - Val result of epoch 19 / 40 acc 0.7812 MAE 0.7383 f1 0.7866
2026-03-09 11:10:21,126 - utils.logger2026-03-09-11.09.13 - INFO - Tst result of epoch 19 / 40 acc 0.7812 MAE 0.7383 f1 0.7866
2026-03-09 11:10:22,041 - utils.logger2026-03-09-11.09.13 - INFO - Cur epoch 20 loss TA:0.6211 TV:0.6209 VA:1.0885 CE:0.3862
2026-03-09 11:10:22,677 - utils.logger2026-03-09-11.09.13 - INFO - Cur epoch 20 loss TA:0.6258 TV:0.6232 VA:1.1576 CE:0.3178
2026-03-09 11:10:23,252 - utils.logger2026-03-09-11.09.13 - INFO - Cur epoch 20 loss TA:0.3355 TV:0.3381 VA:0.5030 CE:0.3862
2026-03-09 11:10:23,333 - utils.logger2026-03-09-11.09.13 - INFO - saving the model at the end of epoch 20, iters 560
2026-03-09 11:10:23,548 - utils.logger2026-03-09-11.09.13 - INFO - End of training epoch 20 / 40 	 Time Taken: 2 sec
2026-03-09 11:10:23,548 - utils.logger2026-03-09-11.09.13 - INFO - learning rate = 0.0002000
2026-03-09 11:10:23,918 - utils.logger2026-03-09-11.09.13 - INFO - Val result of epoch 20 / 40 acc 0.7902 MAE 0.7382 f1 0.7960
2026-03-09 11:10:24,319 - utils.logger2026-03-09-11.09.13 - INFO - Tst result of epoch 20 / 40 acc 0.7902 MAE 0.7382 f1 0.7960
2026-03-09 11:10:25,608 - utils.logger2026-03-09-11.09.13 - INFO - Cur epoch 21 loss TA:0.6100 TV:0.6122 VA:1.1221 CE:0.3511
2026-03-09 11:10:26,492 - utils.logger2026-03-09-11.09.13 - INFO - Cur epoch 21 loss TA:0.5942 TV:0.5982 VA:1.0982 CE:0.5016
2026-03-09 11:10:27,004 - utils.logger2026-03-09-11.09.13 - INFO - saving the model at the end of epoch 21, iters 588
2026-03-09 11:10:27,246 - utils.logger2026-03-09-11.09.13 - INFO - End of training epoch 21 / 40 	 Time Taken: 2 sec
2026-03-09 11:10:27,246 - utils.logger2026-03-09-11.09.13 - INFO - learning rate = 0.0002000
2026-03-09 11:10:27,606 - utils.logger2026-03-09-11.09.13 - INFO - Val result of epoch 21 / 40 acc 0.7768 MAE 0.7392 f1 0.7820
2026-03-09 11:10:27,970 - utils.logger2026-03-09-11.09.13 - INFO - Tst result of epoch 21 / 40 acc 0.7768 MAE 0.7392 f1 0.7820
2026-03-09 11:10:28,387 - utils.logger2026-03-09-11.09.13 - INFO - Cur epoch 22 loss TA:0.6526 TV:0.6537 VA:1.1420 CE:0.3216
2026-03-09 11:10:29,154 - utils.logger2026-03-09-11.09.13 - INFO - Cur epoch 22 loss TA:0.6069 TV:0.6123 VA:1.1531 CE:0.3448
2026-03-09 11:10:29,717 - utils.logger2026-03-09-11.09.13 - INFO - Cur epoch 22 loss TA:0.5811 TV:0.5951 VA:1.1319 CE:0.4238
2026-03-09 11:10:30,166 - utils.logger2026-03-09-11.09.13 - INFO - saving the model at the end of epoch 22, iters 616
2026-03-09 11:10:30,483 - utils.logger2026-03-09-11.09.13 - INFO - End of training epoch 22 / 40 	 Time Taken: 2 sec
2026-03-09 11:10:30,484 - utils.logger2026-03-09-11.09.13 - INFO - learning rate = 0.0002000
2026-03-09 11:10:30,908 - utils.logger2026-03-09-11.09.13 - INFO - Val result of epoch 22 / 40 acc 0.7634 MAE 0.7363 f1 0.7686
2026-03-09 11:10:31,327 - utils.logger2026-03-09-11.09.13 - INFO - Tst result of epoch 22 / 40 acc 0.7634 MAE 0.7363 f1 0.7686
2026-03-09 11:10:31,912 - utils.logger2026-03-09-11.09.13 - INFO - Cur epoch 23 loss TA:0.6032 TV:0.6170 VA:1.1463 CE:0.2861
2026-03-09 11:10:32,942 - utils.logger2026-03-09-11.09.13 - INFO - Cur epoch 23 loss TA:0.6165 TV:0.6149 VA:1.0919 CE:0.2333
2026-03-09 11:10:33,975 - utils.logger2026-03-09-11.09.13 - INFO - Cur epoch 23 loss TA:0.5620 TV:0.5770 VA:1.0628 CE:0.3173
2026-03-09 11:10:34,476 - utils.logger2026-03-09-11.09.13 - INFO - saving the model at the end of epoch 23, iters 644
2026-03-09 11:10:34,863 - utils.logger2026-03-09-11.09.13 - INFO - End of training epoch 23 / 40 	 Time Taken: 3 sec
2026-03-09 11:10:34,863 - utils.logger2026-03-09-11.09.13 - INFO - learning rate = 0.0002000
2026-03-09 11:10:35,214 - utils.logger2026-03-09-11.09.13 - INFO - Val result of epoch 23 / 40 acc 0.7545 MAE 0.7435 f1 0.7578
2026-03-09 11:10:35,567 - utils.logger2026-03-09-11.09.13 - INFO - Tst result of epoch 23 / 40 acc 0.7545 MAE 0.7435 f1 0.7578
2026-03-09 11:10:36,170 - utils.logger2026-03-09-11.09.13 - INFO - Cur epoch 24 loss TA:0.5619 TV:0.5736 VA:1.0925 CE:0.2959
2026-03-09 11:10:36,802 - utils.logger2026-03-09-11.09.13 - INFO - Cur epoch 24 loss TA:0.6056 TV:0.6077 VA:1.1026 CE:0.2834
2026-03-09 11:10:37,556 - utils.logger2026-03-09-11.09.13 - INFO - Cur epoch 24 loss TA:0.5994 TV:0.5995 VA:1.1110 CE:0.2847
2026-03-09 11:10:37,707 - utils.logger2026-03-09-11.09.13 - INFO - saving the model at the end of epoch 24, iters 672
2026-03-09 11:10:37,918 - utils.logger2026-03-09-11.09.13 - INFO - End of training epoch 24 / 40 	 Time Taken: 2 sec
2026-03-09 11:10:37,918 - utils.logger2026-03-09-11.09.13 - INFO - learning rate = 0.0002000
2026-03-09 11:10:38,347 - utils.logger2026-03-09-11.09.13 - INFO - Val result of epoch 24 / 40 acc 0.7679 MAE 0.7322 f1 0.7726
2026-03-09 11:10:38,761 - utils.logger2026-03-09-11.09.13 - INFO - Tst result of epoch 24 / 40 acc 0.7679 MAE 0.7322 f1 0.7726
2026-03-09 11:10:39,537 - utils.logger2026-03-09-11.09.13 - INFO - Cur epoch 25 loss TA:0.5701 TV:0.5704 VA:1.0651 CE:0.2092
2026-03-09 11:10:40,098 - utils.logger2026-03-09-11.09.13 - INFO - Cur epoch 25 loss TA:0.5767 TV:0.5755 VA:1.0882 CE:0.3760
2026-03-09 11:10:41,105 - utils.logger2026-03-09-11.09.13 - INFO - Cur epoch 25 loss TA:0.3406 TV:0.3295 VA:0.5388 CE:0.3353
2026-03-09 11:10:41,152 - utils.logger2026-03-09-11.09.13 - INFO - saving the model at the end of epoch 25, iters 700
2026-03-09 11:10:41,532 - utils.logger2026-03-09-11.09.13 - INFO - End of training epoch 25 / 40 	 Time Taken: 2 sec
2026-03-09 11:10:41,533 - utils.logger2026-03-09-11.09.13 - INFO - learning rate = 0.0002000
2026-03-09 11:10:41,940 - utils.logger2026-03-09-11.09.13 - INFO - Val result of epoch 25 / 40 acc 0.7812 MAE 0.7421 f1 0.7865
2026-03-09 11:10:42,334 - utils.logger2026-03-09-11.09.13 - INFO - Tst result of epoch 25 / 40 acc 0.7812 MAE 0.7421 f1 0.7865
2026-03-09 11:10:43,312 - utils.logger2026-03-09-11.09.13 - INFO - Cur epoch 26 loss TA:0.5605 TV:0.5637 VA:1.1049 CE:0.4455
2026-03-09 11:10:43,924 - utils.logger2026-03-09-11.09.13 - INFO - Cur epoch 26 loss TA:0.5834 TV:0.5930 VA:1.0671 CE:0.3914
2026-03-09 11:10:44,427 - utils.logger2026-03-09-11.09.13 - INFO - saving the model at the end of epoch 26, iters 728
2026-03-09 11:10:44,643 - utils.logger2026-03-09-11.09.13 - INFO - End of training epoch 26 / 40 	 Time Taken: 2 sec
2026-03-09 11:10:44,643 - utils.logger2026-03-09-11.09.13 - INFO - learning rate = 0.0002000
2026-03-09 11:10:45,098 - utils.logger2026-03-09-11.09.13 - INFO - Val result of epoch 26 / 40 acc 0.7946 MAE 0.7376 f1 0.7999
2026-03-09 11:10:45,520 - utils.logger2026-03-09-11.09.13 - INFO - Tst result of epoch 26 / 40 acc 0.7946 MAE 0.7376 f1 0.7999
2026-03-09 11:10:45,906 - utils.logger2026-03-09-11.09.13 - INFO - Cur epoch 27 loss TA:0.5630 TV:0.5771 VA:1.0753 CE:0.4405
2026-03-09 11:10:46,529 - utils.logger2026-03-09-11.09.13 - INFO - Cur epoch 27 loss TA:0.5772 TV:0.5887 VA:1.0892 CE:0.3063
2026-03-09 11:10:47,245 - utils.logger2026-03-09-11.09.13 - INFO - Cur epoch 27 loss TA:0.5629 TV:0.5473 VA:1.0702 CE:0.2677
2026-03-09 11:10:47,769 - utils.logger2026-03-09-11.09.13 - INFO - saving the model at the end of epoch 27, iters 756
2026-03-09 11:10:47,917 - utils.logger2026-03-09-11.09.13 - INFO - End of training epoch 27 / 40 	 Time Taken: 2 sec
2026-03-09 11:10:47,917 - utils.logger2026-03-09-11.09.13 - INFO - learning rate = 0.0002000
2026-03-09 11:10:48,323 - utils.logger2026-03-09-11.09.13 - INFO - Val result of epoch 27 / 40 acc 0.7857 MAE 0.7456 f1 0.7909
2026-03-09 11:10:48,743 - utils.logger2026-03-09-11.09.13 - INFO - Tst result of epoch 27 / 40 acc 0.7857 MAE 0.7456 f1 0.7909
2026-03-09 11:10:49,450 - utils.logger2026-03-09-11.09.13 - INFO - Cur epoch 28 loss TA:0.5520 TV:0.5578 VA:1.0631 CE:0.2868
2026-03-09 11:10:50,447 - utils.logger2026-03-09-11.09.13 - INFO - Cur epoch 28 loss TA:0.5345 TV:0.5385 VA:1.0122 CE:0.2493
2026-03-09 11:10:51,524 - utils.logger2026-03-09-11.09.13 - INFO - Cur epoch 28 loss TA:0.5625 TV:0.5602 VA:1.0702 CE:0.2718
2026-03-09 11:10:51,929 - utils.logger2026-03-09-11.09.13 - INFO - saving the model at the end of epoch 28, iters 784
2026-03-09 11:10:52,044 - utils.logger2026-03-09-11.09.13 - INFO - End of training epoch 28 / 40 	 Time Taken: 3 sec
2026-03-09 11:10:52,044 - utils.logger2026-03-09-11.09.13 - INFO - learning rate = 0.0002000
2026-03-09 11:10:52,394 - utils.logger2026-03-09-11.09.13 - INFO - Val result of epoch 28 / 40 acc 0.7902 MAE 0.7467 f1 0.7957
2026-03-09 11:10:52,766 - utils.logger2026-03-09-11.09.13 - INFO - Tst result of epoch 28 / 40 acc 0.7902 MAE 0.7467 f1 0.7957
2026-03-09 11:10:53,390 - utils.logger2026-03-09-11.09.13 - INFO - Cur epoch 29 loss TA:0.5527 TV:0.5480 VA:1.0453 CE:0.2067
2026-03-09 11:10:54,154 - utils.logger2026-03-09-11.09.13 - INFO - Cur epoch 29 loss TA:0.5575 TV:0.5540 VA:1.0540 CE:0.2769
2026-03-09 11:10:54,802 - utils.logger2026-03-09-11.09.13 - INFO - Cur epoch 29 loss TA:0.5530 TV:0.5602 VA:1.0516 CE:0.2882
2026-03-09 11:10:54,963 - utils.logger2026-03-09-11.09.13 - INFO - saving the model at the end of epoch 29, iters 812
2026-03-09 11:10:55,170 - utils.logger2026-03-09-11.09.13 - INFO - End of training epoch 29 / 40 	 Time Taken: 2 sec
2026-03-09 11:10:55,171 - utils.logger2026-03-09-11.09.13 - INFO - learning rate = 0.0002000
2026-03-09 11:10:55,618 - utils.logger2026-03-09-11.09.13 - INFO - Val result of epoch 29 / 40 acc 0.7857 MAE 0.7429 f1 0.7910
2026-03-09 11:10:56,040 - utils.logger2026-03-09-11.09.13 - INFO - Tst result of epoch 29 / 40 acc 0.7857 MAE 0.7429 f1 0.7910
2026-03-09 11:10:56,835 - utils.logger2026-03-09-11.09.13 - INFO - Cur epoch 30 loss TA:0.5336 TV:0.5548 VA:1.0671 CE:0.3352
2026-03-09 11:10:57,566 - utils.logger2026-03-09-11.09.13 - INFO - Cur epoch 30 loss TA:0.5785 TV:0.5885 VA:1.0584 CE:0.2398
2026-03-09 11:10:58,629 - utils.logger2026-03-09-11.09.13 - INFO - Cur epoch 30 loss TA:0.2909 TV:0.2816 VA:0.5249 CE:0.1171
2026-03-09 11:10:58,685 - utils.logger2026-03-09-11.09.13 - INFO - saving the model at the end of epoch 30, iters 840
2026-03-09 11:10:59,144 - utils.logger2026-03-09-11.09.13 - INFO - End of training epoch 30 / 40 	 Time Taken: 3 sec
2026-03-09 11:10:59,144 - utils.logger2026-03-09-11.09.13 - INFO - learning rate = 0.0001818
2026-03-09 11:10:59,529 - utils.logger2026-03-09-11.09.13 - INFO - Val result of epoch 30 / 40 acc 0.7902 MAE 0.7445 f1 0.7958
2026-03-09 11:10:59,922 - utils.logger2026-03-09-11.09.13 - INFO - Tst result of epoch 30 / 40 acc 0.7902 MAE 0.7445 f1 0.7958
2026-03-09 11:11:00,753 - utils.logger2026-03-09-11.09.13 - INFO - Cur epoch 31 loss TA:0.5377 TV:0.5600 VA:1.0220 CE:0.2029
2026-03-09 11:11:01,326 - utils.logger2026-03-09-11.09.13 - INFO - Cur epoch 31 loss TA:0.5301 TV:0.5404 VA:1.0003 CE:0.2450
2026-03-09 11:11:01,829 - utils.logger2026-03-09-11.09.13 - INFO - saving the model at the end of epoch 31, iters 868
2026-03-09 11:11:01,946 - utils.logger2026-03-09-11.09.13 - INFO - End of training epoch 31 / 40 	 Time Taken: 2 sec
2026-03-09 11:11:01,946 - utils.logger2026-03-09-11.09.13 - INFO - learning rate = 0.0001636
2026-03-09 11:11:02,385 - utils.logger2026-03-09-11.09.13 - INFO - Val result of epoch 31 / 40 acc 0.7902 MAE 0.7498 f1 0.7975
2026-03-09 11:11:02,800 - utils.logger2026-03-09-11.09.13 - INFO - Tst result of epoch 31 / 40 acc 0.7902 MAE 0.7498 f1 0.7975
2026-03-09 11:11:03,168 - utils.logger2026-03-09-11.09.13 - INFO - Cur epoch 32 loss TA:0.5474 TV:0.5481 VA:1.1034 CE:0.2382
2026-03-09 11:11:03,788 - utils.logger2026-03-09-11.09.13 - INFO - Cur epoch 32 loss TA:0.5183 TV:0.5265 VA:0.9758 CE:0.2345
2026-03-09 11:11:04,453 - utils.logger2026-03-09-11.09.13 - INFO - Cur epoch 32 loss TA:0.5531 TV:0.5539 VA:1.0777 CE:0.1892
2026-03-09 11:11:04,979 - utils.logger2026-03-09-11.09.13 - INFO - saving the model at the end of epoch 32, iters 896
2026-03-09 11:11:05,153 - utils.logger2026-03-09-11.09.13 - INFO - End of training epoch 32 / 40 	 Time Taken: 2 sec
2026-03-09 11:11:05,153 - utils.logger2026-03-09-11.09.13 - INFO - learning rate = 0.0001455
2026-03-09 11:11:05,514 - utils.logger2026-03-09-11.09.13 - INFO - Val result of epoch 32 / 40 acc 0.7857 MAE 0.7354 f1 0.7863
2026-03-09 11:11:05,887 - utils.logger2026-03-09-11.09.13 - INFO - Tst result of epoch 32 / 40 acc 0.7857 MAE 0.7354 f1 0.7863
2026-03-09 11:11:06,582 - utils.logger2026-03-09-11.09.13 - INFO - Cur epoch 33 loss TA:0.4963 TV:0.4909 VA:0.9504 CE:0.2187
2026-03-09 11:11:07,657 - utils.logger2026-03-09-11.09.13 - INFO - Cur epoch 33 loss TA:0.5303 TV:0.5205 VA:0.9966 CE:0.1601
2026-03-09 11:11:08,700 - utils.logger2026-03-09-11.09.13 - INFO - Cur epoch 33 loss TA:0.5444 TV:0.5460 VA:1.0190 CE:0.1764
2026-03-09 11:11:09,140 - utils.logger2026-03-09-11.09.13 - INFO - saving the model at the end of epoch 33, iters 924
2026-03-09 11:11:09,358 - utils.logger2026-03-09-11.09.13 - INFO - End of training epoch 33 / 40 	 Time Taken: 3 sec
2026-03-09 11:11:09,358 - utils.logger2026-03-09-11.09.13 - INFO - learning rate = 0.0001273
2026-03-09 11:11:09,723 - utils.logger2026-03-09-11.09.13 - INFO - Val result of epoch 33 / 40 acc 0.7991 MAE 0.7473 f1 0.8018
2026-03-09 11:11:10,103 - utils.logger2026-03-09-11.09.13 - INFO - Tst result of epoch 33 / 40 acc 0.7991 MAE 0.7473 f1 0.8018
2026-03-09 11:11:10,715 - utils.logger2026-03-09-11.09.13 - INFO - Cur epoch 34 loss TA:0.5335 TV:0.5328 VA:1.0612 CE:0.1681
2026-03-09 11:11:11,448 - utils.logger2026-03-09-11.09.13 - INFO - Cur epoch 34 loss TA:0.5232 TV:0.5383 VA:1.0308 CE:0.1991
2026-03-09 11:11:12,086 - utils.logger2026-03-09-11.09.13 - INFO - Cur epoch 34 loss TA:0.5319 TV:0.5336 VA:0.9638 CE:0.3128
2026-03-09 11:11:12,258 - utils.logger2026-03-09-11.09.13 - INFO - saving the model at the end of epoch 34, iters 952
2026-03-09 11:11:12,414 - utils.logger2026-03-09-11.09.13 - INFO - End of training epoch 34 / 40 	 Time Taken: 2 sec
2026-03-09 11:11:12,414 - utils.logger2026-03-09-11.09.13 - INFO - learning rate = 0.0001091
2026-03-09 11:11:12,821 - utils.logger2026-03-09-11.09.13 - INFO - Val result of epoch 34 / 40 acc 0.7991 MAE 0.7545 f1 0.8026
2026-03-09 11:11:13,171 - utils.logger2026-03-09-11.09.13 - INFO - Tst result of epoch 34 / 40 acc 0.7991 MAE 0.7545 f1 0.8026
2026-03-09 11:11:13,918 - utils.logger2026-03-09-11.09.13 - INFO - Cur epoch 35 loss TA:0.5378 TV:0.5373 VA:1.0076 CE:0.1796
2026-03-09 11:11:14,615 - utils.logger2026-03-09-11.09.13 - INFO - Cur epoch 35 loss TA:0.5207 TV:0.5223 VA:1.0152 CE:0.1141
2026-03-09 11:11:15,657 - utils.logger2026-03-09-11.09.13 - INFO - Cur epoch 35 loss TA:0.2490 TV:0.2782 VA:0.4873 CE:0.1731
2026-03-09 11:11:15,708 - utils.logger2026-03-09-11.09.13 - INFO - saving the model at the end of epoch 35, iters 980
2026-03-09 11:11:16,106 - utils.logger2026-03-09-11.09.13 - INFO - End of training epoch 35 / 40 	 Time Taken: 2 sec
2026-03-09 11:11:16,106 - utils.logger2026-03-09-11.09.13 - INFO - learning rate = 0.0000909
2026-03-09 11:11:16,509 - utils.logger2026-03-09-11.09.13 - INFO - Val result of epoch 35 / 40 acc 0.8036 MAE 0.7582 f1 0.8058
2026-03-09 11:11:16,910 - utils.logger2026-03-09-11.09.13 - INFO - Tst result of epoch 35 / 40 acc 0.8036 MAE 0.7582 f1 0.8058
2026-03-09 11:11:17,807 - utils.logger2026-03-09-11.09.13 - INFO - Cur epoch 36 loss TA:0.5272 TV:0.5254 VA:1.0173 CE:0.1601
2026-03-09 11:11:18,487 - utils.logger2026-03-09-11.09.13 - INFO - Cur epoch 36 loss TA:0.5087 TV:0.5156 VA:0.9534 CE:0.2026
2026-03-09 11:11:19,020 - utils.logger2026-03-09-11.09.13 - INFO - saving the model at the end of epoch 36, iters 1008
2026-03-09 11:11:19,219 - utils.logger2026-03-09-11.09.13 - INFO - End of training epoch 36 / 40 	 Time Taken: 2 sec
2026-03-09 11:11:19,219 - utils.logger2026-03-09-11.09.13 - INFO - learning rate = 0.0000727
2026-03-09 11:11:19,706 - utils.logger2026-03-09-11.09.13 - INFO - Val result of epoch 36 / 40 acc 0.7991 MAE 0.7540 f1 0.7975
2026-03-09 11:11:20,155 - utils.logger2026-03-09-11.09.13 - INFO - Tst result of epoch 36 / 40 acc 0.7991 MAE 0.7540 f1 0.7975
2026-03-09 11:11:20,578 - utils.logger2026-03-09-11.09.13 - INFO - Cur epoch 37 loss TA:0.5148 TV:0.5268 VA:0.9638 CE:0.1832
2026-03-09 11:11:21,199 - utils.logger2026-03-09-11.09.13 - INFO - Cur epoch 37 loss TA:0.5103 TV:0.5130 VA:0.9857 CE:0.1704
2026-03-09 11:11:21,967 - utils.logger2026-03-09-11.09.13 - INFO - Cur epoch 37 loss TA:0.5105 TV:0.5120 VA:0.9731 CE:0.1645
2026-03-09 11:11:22,452 - utils.logger2026-03-09-11.09.13 - INFO - saving the model at the end of epoch 37, iters 1036
2026-03-09 11:11:22,574 - utils.logger2026-03-09-11.09.13 - INFO - End of training epoch 37 / 40 	 Time Taken: 2 sec
2026-03-09 11:11:22,574 - utils.logger2026-03-09-11.09.13 - INFO - learning rate = 0.0000545
2026-03-09 11:11:22,952 - utils.logger2026-03-09-11.09.13 - INFO - Val result of epoch 37 / 40 acc 0.7991 MAE 0.7544 f1 0.8062
2026-03-09 11:11:23,318 - utils.logger2026-03-09-11.09.13 - INFO - Tst result of epoch 37 / 40 acc 0.7991 MAE 0.7544 f1 0.8062
2026-03-09 11:11:24,006 - utils.logger2026-03-09-11.09.13 - INFO - Cur epoch 38 loss TA:0.5273 TV:0.5292 VA:1.0069 CE:0.1474
2026-03-09 11:11:24,874 - utils.logger2026-03-09-11.09.13 - INFO - Cur epoch 38 loss TA:0.5092 TV:0.5152 VA:0.9933 CE:0.2309
2026-03-09 11:11:25,909 - utils.logger2026-03-09-11.09.13 - INFO - Cur epoch 38 loss TA:0.4889 TV:0.4912 VA:0.9675 CE:0.1947
2026-03-09 11:11:26,376 - utils.logger2026-03-09-11.09.13 - INFO - saving the model at the end of epoch 38, iters 1064
2026-03-09 11:11:26,773 - utils.logger2026-03-09-11.09.13 - INFO - End of training epoch 38 / 40 	 Time Taken: 3 sec
2026-03-09 11:11:26,773 - utils.logger2026-03-09-11.09.13 - INFO - learning rate = 0.0000364
2026-03-09 11:11:27,132 - utils.logger2026-03-09-11.09.13 - INFO - Val result of epoch 38 / 40 acc 0.7991 MAE 0.7533 f1 0.8018
2026-03-09 11:11:27,531 - utils.logger2026-03-09-11.09.13 - INFO - Tst result of epoch 38 / 40 acc 0.7991 MAE 0.7533 f1 0.8018
2026-03-09 11:11:28,201 - utils.logger2026-03-09-11.09.13 - INFO - Cur epoch 39 loss TA:0.4892 TV:0.4911 VA:0.9852 CE:0.2070
2026-03-09 11:11:29,059 - utils.logger2026-03-09-11.09.13 - INFO - Cur epoch 39 loss TA:0.5356 TV:0.5386 VA:1.0224 CE:0.1605
2026-03-09 11:11:29,654 - utils.logger2026-03-09-11.09.13 - INFO - Cur epoch 39 loss TA:0.5340 TV:0.5363 VA:0.9967 CE:0.2005
2026-03-09 11:11:29,811 - utils.logger2026-03-09-11.09.13 - INFO - saving the model at the end of epoch 39, iters 1092
2026-03-09 11:11:29,908 - utils.logger2026-03-09-11.09.13 - INFO - End of training epoch 39 / 40 	 Time Taken: 2 sec
2026-03-09 11:11:29,908 - utils.logger2026-03-09-11.09.13 - INFO - learning rate = 0.0000182
2026-03-09 11:11:30,341 - utils.logger2026-03-09-11.09.13 - INFO - Val result of epoch 39 / 40 acc 0.7991 MAE 0.7520 f1 0.7975
2026-03-09 11:11:30,755 - utils.logger2026-03-09-11.09.13 - INFO - Tst result of epoch 39 / 40 acc 0.7991 MAE 0.7520 f1 0.7975
2026-03-09 11:11:31,597 - utils.logger2026-03-09-11.09.13 - INFO - Cur epoch 40 loss TA:0.4833 TV:0.4795 VA:0.9688 CE:0.1872
2026-03-09 11:11:32,238 - utils.logger2026-03-09-11.09.13 - INFO - Cur epoch 40 loss TA:0.5191 TV:0.5176 VA:0.9767 CE:0.1529
2026-03-09 11:11:33,262 - utils.logger2026-03-09-11.09.13 - INFO - Cur epoch 40 loss TA:0.2226 TV:0.2190 VA:0.4035 CE:0.1393
2026-03-09 11:11:33,318 - utils.logger2026-03-09-11.09.13 - INFO - saving the model at the end of epoch 40, iters 1120
2026-03-09 11:11:33,741 - utils.logger2026-03-09-11.09.13 - INFO - End of training epoch 40 / 40 	 Time Taken: 2 sec
2026-03-09 11:11:33,741 - utils.logger2026-03-09-11.09.13 - INFO - learning rate = 0.0000000
2026-03-09 11:11:34,144 - utils.logger2026-03-09-11.09.13 - INFO - Val result of epoch 40 / 40 acc 0.7946 MAE 0.7512 f1 0.7928
2026-03-09 11:11:34,524 - utils.logger2026-03-09-11.09.13 - INFO - Tst result of epoch 40 / 40 acc 0.7946 MAE 0.7512 f1 0.7928
2026-03-09 11:11:34,525 - utils.logger2026-03-09-11.09.13 - INFO - Best eval epoch 9 found with f1 0.813720
