2026-03-09 14:10:11,624 - utils.logger2026-03-09-14.10.11 - INFO - The number of training samples = 1750
2026-03-09 14:10:11,625 - utils.logger2026-03-09-14.10.11 - INFO - The number of testing samples = 224
2026-03-09 14:10:13,597 - utils.logger2026-03-09-14.10.11 - INFO - Cur epoch 1 loss TA:1.0335 TV:1.0368 VA:2.0674 CE:3.1505
2026-03-09 14:10:14,120 - utils.logger2026-03-09-14.10.11 - INFO - Cur epoch 1 loss TA:1.0355 TV:1.0334 VA:2.0697 CE:4.0194
2026-03-09 14:10:14,491 - utils.logger2026-03-09-14.10.11 - INFO - saving the model at the end of epoch 1, iters 28
2026-03-09 14:10:14,719 - utils.logger2026-03-09-14.10.11 - INFO - End of training epoch 1 / 40 	 Time Taken: 2 sec
2026-03-09 14:10:14,720 - utils.logger2026-03-09-14.10.11 - INFO - learning rate = 0.0002000
2026-03-09 14:10:15,157 - utils.logger2026-03-09-14.10.11 - INFO - Val result of epoch 1 / 40 mae 1.2761 corr 0.4406 f1 0.7067
2026-03-09 14:10:15,597 - utils.logger2026-03-09-14.10.11 - INFO - Tst result of epoch 1 / 40 mae 1.2520 corr 0.4271 f1 0.6522
2026-03-09 14:10:16,038 - utils.logger2026-03-09-14.10.11 - INFO - Cur epoch 2 loss TA:1.0299 TV:1.0265 VA:2.0552 CE:2.7921
2026-03-09 14:10:16,559 - utils.logger2026-03-09-14.10.11 - INFO - Cur epoch 2 loss TA:1.0264 TV:1.0218 VA:2.0504 CE:2.5173
2026-03-09 14:10:17,006 - utils.logger2026-03-09-14.10.11 - INFO - Cur epoch 2 loss TA:1.0232 TV:1.0148 VA:2.0512 CE:2.4383
2026-03-09 14:10:17,428 - utils.logger2026-03-09-14.10.11 - INFO - saving the model at the end of epoch 2, iters 56
2026-03-09 14:10:17,545 - utils.logger2026-03-09-14.10.11 - INFO - End of training epoch 2 / 40 	 Time Taken: 1 sec
2026-03-09 14:10:17,545 - utils.logger2026-03-09-14.10.11 - INFO - learning rate = 0.0002000
2026-03-09 14:10:18,071 - utils.logger2026-03-09-14.10.11 - INFO - Val result of epoch 2 / 40 mae 1.1929 corr 0.5738 f1 0.7361
2026-03-09 14:10:18,632 - utils.logger2026-03-09-14.10.11 - INFO - Tst result of epoch 2 / 40 mae 1.1815 corr 0.5188 f1 0.6963
2026-03-09 14:10:19,223 - utils.logger2026-03-09-14.10.11 - INFO - Cur epoch 3 loss TA:0.9715 TV:0.9679 VA:1.9637 CE:2.6326
2026-03-09 14:10:19,753 - utils.logger2026-03-09-14.10.11 - INFO - Cur epoch 3 loss TA:0.9629 TV:0.9606 VA:1.9344 CE:2.4571
2026-03-09 14:10:20,235 - utils.logger2026-03-09-14.10.11 - INFO - Cur epoch 3 loss TA:0.9745 TV:0.9742 VA:1.9394 CE:1.8660
2026-03-09 14:10:20,459 - utils.logger2026-03-09-14.10.11 - INFO - saving the model at the end of epoch 3, iters 84
2026-03-09 14:10:20,561 - utils.logger2026-03-09-14.10.11 - INFO - End of training epoch 3 / 40 	 Time Taken: 1 sec
2026-03-09 14:10:20,562 - utils.logger2026-03-09-14.10.11 - INFO - learning rate = 0.0002000
2026-03-09 14:10:21,005 - utils.logger2026-03-09-14.10.11 - INFO - Val result of epoch 3 / 40 mae 1.0334 corr 0.6568 f1 0.7570
2026-03-09 14:10:21,416 - utils.logger2026-03-09-14.10.11 - INFO - Tst result of epoch 3 / 40 mae 1.0561 corr 0.5869 f1 0.7834
2026-03-09 14:10:22,121 - utils.logger2026-03-09-14.10.11 - INFO - Cur epoch 4 loss TA:0.9408 TV:0.9422 VA:1.8775 CE:2.2645
2026-03-09 14:10:22,533 - utils.logger2026-03-09-14.10.11 - INFO - Cur epoch 4 loss TA:0.9435 TV:0.9393 VA:1.8646 CE:2.0277
2026-03-09 14:10:23,035 - utils.logger2026-03-09-14.10.11 - INFO - Cur epoch 4 loss TA:0.9208 TV:0.9204 VA:1.8130 CE:1.7095
2026-03-09 14:10:23,160 - utils.logger2026-03-09-14.10.11 - INFO - saving the model at the end of epoch 4, iters 112
2026-03-09 14:10:23,300 - utils.logger2026-03-09-14.10.11 - INFO - End of training epoch 4 / 40 	 Time Taken: 1 sec
2026-03-09 14:10:23,300 - utils.logger2026-03-09-14.10.11 - INFO - learning rate = 0.0002000
2026-03-09 14:10:23,734 - utils.logger2026-03-09-14.10.11 - INFO - Val result of epoch 4 / 40 mae 0.9814 corr 0.6738 f1 0.8065
2026-03-09 14:10:24,260 - utils.logger2026-03-09-14.10.11 - INFO - Tst result of epoch 4 / 40 mae 1.0079 corr 0.6138 f1 0.7546
2026-03-09 14:10:25,025 - utils.logger2026-03-09-14.10.11 - INFO - Cur epoch 5 loss TA:0.9236 TV:0.9162 VA:1.8103 CE:1.7912
2026-03-09 14:10:25,561 - utils.logger2026-03-09-14.10.11 - INFO - Cur epoch 5 loss TA:0.9229 TV:0.9144 VA:1.7973 CE:1.7326
2026-03-09 14:10:25,977 - utils.logger2026-03-09-14.10.11 - INFO - Cur epoch 5 loss TA:0.6433 TV:0.6166 VA:1.2208 CE:1.4846
2026-03-09 14:10:26,030 - utils.logger2026-03-09-14.10.11 - INFO - saving the model at the end of epoch 5, iters 140
2026-03-09 14:10:26,195 - utils.logger2026-03-09-14.10.11 - INFO - End of training epoch 5 / 40 	 Time Taken: 1 sec
2026-03-09 14:10:26,195 - utils.logger2026-03-09-14.10.11 - INFO - learning rate = 0.0002000
2026-03-09 14:10:26,621 - utils.logger2026-03-09-14.10.11 - INFO - Val result of epoch 5 / 40 mae 0.9400 corr 0.6910 f1 0.8108
2026-03-09 14:10:27,041 - utils.logger2026-03-09-14.10.11 - INFO - Tst result of epoch 5 / 40 mae 0.9654 corr 0.6478 f1 0.7639
2026-03-09 14:10:27,995 - utils.logger2026-03-09-14.10.11 - INFO - Cur epoch 6 loss TA:0.9088 TV:0.8981 VA:1.7514 CE:1.6800
2026-03-09 14:10:28,425 - utils.logger2026-03-09-14.10.11 - INFO - Cur epoch 6 loss TA:0.9075 TV:0.8877 VA:1.7351 CE:1.1455
2026-03-09 14:10:28,853 - utils.logger2026-03-09-14.10.11 - INFO - saving the model at the end of epoch 6, iters 168
2026-03-09 14:10:29,004 - utils.logger2026-03-09-14.10.11 - INFO - End of training epoch 6 / 40 	 Time Taken: 1 sec
2026-03-09 14:10:29,004 - utils.logger2026-03-09-14.10.11 - INFO - learning rate = 0.0002000
2026-03-09 14:10:29,475 - utils.logger2026-03-09-14.10.11 - INFO - Val result of epoch 6 / 40 mae 0.9159 corr 0.7016 f1 0.8053
2026-03-09 14:10:29,956 - utils.logger2026-03-09-14.10.11 - INFO - Tst result of epoch 6 / 40 mae 0.9516 corr 0.6496 f1 0.7731
2026-03-09 14:10:30,425 - utils.logger2026-03-09-14.10.11 - INFO - Cur epoch 7 loss TA:0.8733 TV:0.8683 VA:1.6726 CE:1.3341
2026-03-09 14:10:30,823 - utils.logger2026-03-09-14.10.11 - INFO - Cur epoch 7 loss TA:0.8807 TV:0.8753 VA:1.7138 CE:1.4017
2026-03-09 14:10:31,338 - utils.logger2026-03-09-14.10.11 - INFO - Cur epoch 7 loss TA:0.8849 TV:0.8716 VA:1.6805 CE:1.6326
2026-03-09 14:10:31,616 - utils.logger2026-03-09-14.10.11 - INFO - saving the model at the end of epoch 7, iters 196
2026-03-09 14:10:31,845 - utils.logger2026-03-09-14.10.11 - INFO - End of training epoch 7 / 40 	 Time Taken: 1 sec
2026-03-09 14:10:31,845 - utils.logger2026-03-09-14.10.11 - INFO - learning rate = 0.0002000
2026-03-09 14:10:32,281 - utils.logger2026-03-09-14.10.11 - INFO - Val result of epoch 7 / 40 mae 0.8903 corr 0.7091 f1 0.8091
2026-03-09 14:10:32,703 - utils.logger2026-03-09-14.10.11 - INFO - Tst result of epoch 7 / 40 mae 0.9286 corr 0.6626 f1 0.7745
2026-03-09 14:10:33,204 - utils.logger2026-03-09-14.10.11 - INFO - Cur epoch 8 loss TA:0.8392 TV:0.8708 VA:1.6292 CE:1.0051
2026-03-09 14:10:33,740 - utils.logger2026-03-09-14.10.11 - INFO - Cur epoch 8 loss TA:0.8394 TV:0.8396 VA:1.6003 CE:1.3897
2026-03-09 14:10:34,128 - utils.logger2026-03-09-14.10.11 - INFO - Cur epoch 8 loss TA:0.8702 TV:0.8681 VA:1.6024 CE:1.5910
2026-03-09 14:10:34,433 - utils.logger2026-03-09-14.10.11 - INFO - saving the model at the end of epoch 8, iters 224
2026-03-09 14:10:34,556 - utils.logger2026-03-09-14.10.11 - INFO - End of training epoch 8 / 40 	 Time Taken: 1 sec
2026-03-09 14:10:34,557 - utils.logger2026-03-09-14.10.11 - INFO - learning rate = 0.0002000
2026-03-09 14:10:35,018 - utils.logger2026-03-09-14.10.11 - INFO - Val result of epoch 8 / 40 mae 0.8375 corr 0.7192 f1 0.8112
2026-03-09 14:10:35,541 - utils.logger2026-03-09-14.10.11 - INFO - Tst result of epoch 8 / 40 mae 0.8866 corr 0.6707 f1 0.7870
2026-03-09 14:10:36,199 - utils.logger2026-03-09-14.10.11 - INFO - Cur epoch 9 loss TA:0.8110 TV:0.8175 VA:1.5336 CE:0.8945
2026-03-09 14:10:36,766 - utils.logger2026-03-09-14.10.11 - INFO - Cur epoch 9 loss TA:0.8388 TV:0.8356 VA:1.5238 CE:1.0779
2026-03-09 14:10:37,145 - utils.logger2026-03-09-14.10.11 - INFO - Cur epoch 9 loss TA:0.8329 TV:0.8319 VA:1.5948 CE:1.2004
2026-03-09 14:10:37,327 - utils.logger2026-03-09-14.10.11 - INFO - saving the model at the end of epoch 9, iters 252
2026-03-09 14:10:37,477 - utils.logger2026-03-09-14.10.11 - INFO - End of training epoch 9 / 40 	 Time Taken: 1 sec
2026-03-09 14:10:37,477 - utils.logger2026-03-09-14.10.11 - INFO - learning rate = 0.0002000
2026-03-09 14:10:37,912 - utils.logger2026-03-09-14.10.11 - INFO - Val result of epoch 9 / 40 mae 0.8907 corr 0.7099 f1 0.7926
2026-03-09 14:10:38,321 - utils.logger2026-03-09-14.10.11 - INFO - Tst result of epoch 9 / 40 mae 0.9451 corr 0.6629 f1 0.7440
2026-03-09 14:10:38,987 - utils.logger2026-03-09-14.10.11 - INFO - Cur epoch 10 loss TA:0.7699 TV:0.7800 VA:1.4980 CE:1.2086
2026-03-09 14:10:39,474 - utils.logger2026-03-09-14.10.11 - INFO - Cur epoch 10 loss TA:0.8054 TV:0.8058 VA:1.4818 CE:0.7209
2026-03-09 14:10:39,983 - utils.logger2026-03-09-14.10.11 - INFO - Cur epoch 10 loss TA:0.4993 TV:0.5180 VA:0.9277 CE:0.9029
2026-03-09 14:10:40,028 - utils.logger2026-03-09-14.10.11 - INFO - saving the model at the end of epoch 10, iters 280
2026-03-09 14:10:40,131 - utils.logger2026-03-09-14.10.11 - INFO - End of training epoch 10 / 40 	 Time Taken: 1 sec
2026-03-09 14:10:40,131 - utils.logger2026-03-09-14.10.11 - INFO - learning rate = 0.0002000
2026-03-09 14:10:40,540 - utils.logger2026-03-09-14.10.11 - INFO - Val result of epoch 10 / 40 mae 0.8328 corr 0.7161 f1 0.8120
2026-03-09 14:10:41,011 - utils.logger2026-03-09-14.10.11 - INFO - Tst result of epoch 10 / 40 mae 0.8666 corr 0.6779 f1 0.7735
2026-03-09 14:10:41,856 - utils.logger2026-03-09-14.10.11 - INFO - Cur epoch 11 loss TA:0.7922 TV:0.7870 VA:1.4473 CE:0.8931
2026-03-09 14:10:42,377 - utils.logger2026-03-09-14.10.11 - INFO - Cur epoch 11 loss TA:0.7478 TV:0.7677 VA:1.3895 CE:1.2692
2026-03-09 14:10:42,717 - utils.logger2026-03-09-14.10.11 - INFO - saving the model at the end of epoch 11, iters 308
2026-03-09 14:10:42,949 - utils.logger2026-03-09-14.10.11 - INFO - End of training epoch 11 / 40 	 Time Taken: 1 sec
2026-03-09 14:10:42,949 - utils.logger2026-03-09-14.10.11 - INFO - learning rate = 0.0002000
2026-03-09 14:10:43,361 - utils.logger2026-03-09-14.10.11 - INFO - Val result of epoch 11 / 40 mae 0.8283 corr 0.7179 f1 0.7914
2026-03-09 14:10:43,776 - utils.logger2026-03-09-14.10.11 - INFO - Tst result of epoch 11 / 40 mae 0.8768 corr 0.6804 f1 0.7965
2026-03-09 14:10:44,206 - utils.logger2026-03-09-14.10.11 - INFO - Cur epoch 12 loss TA:0.7657 TV:0.7524 VA:1.3602 CE:0.7807
2026-03-09 14:10:44,711 - utils.logger2026-03-09-14.10.11 - INFO - Cur epoch 12 loss TA:0.7687 TV:0.7449 VA:1.4021 CE:0.7957
2026-03-09 14:10:45,114 - utils.logger2026-03-09-14.10.11 - INFO - Cur epoch 12 loss TA:0.7522 TV:0.7724 VA:1.4273 CE:0.9458
2026-03-09 14:10:45,526 - utils.logger2026-03-09-14.10.11 - INFO - saving the model at the end of epoch 12, iters 336
2026-03-09 14:10:45,632 - utils.logger2026-03-09-14.10.11 - INFO - End of training epoch 12 / 40 	 Time Taken: 1 sec
2026-03-09 14:10:45,632 - utils.logger2026-03-09-14.10.11 - INFO - learning rate = 0.0002000
2026-03-09 14:10:46,076 - utils.logger2026-03-09-14.10.11 - INFO - Val result of epoch 12 / 40 mae 0.8350 corr 0.7228 f1 0.8130
2026-03-09 14:10:46,547 - utils.logger2026-03-09-14.10.11 - INFO - Tst result of epoch 12 / 40 mae 0.8852 corr 0.6760 f1 0.7793
2026-03-09 14:10:47,131 - utils.logger2026-03-09-14.10.11 - INFO - Cur epoch 13 loss TA:0.7109 TV:0.7254 VA:1.3363 CE:0.7130
2026-03-09 14:10:47,585 - utils.logger2026-03-09-14.10.11 - INFO - Cur epoch 13 loss TA:0.7366 TV:0.7478 VA:1.3577 CE:0.6504
2026-03-09 14:10:48,035 - utils.logger2026-03-09-14.10.11 - INFO - Cur epoch 13 loss TA:0.7562 TV:0.7506 VA:1.3143 CE:0.5205
2026-03-09 14:10:48,270 - utils.logger2026-03-09-14.10.11 - INFO - saving the model at the end of epoch 13, iters 364
2026-03-09 14:10:48,466 - utils.logger2026-03-09-14.10.11 - INFO - End of training epoch 13 / 40 	 Time Taken: 1 sec
2026-03-09 14:10:48,466 - utils.logger2026-03-09-14.10.11 - INFO - learning rate = 0.0002000
2026-03-09 14:10:48,909 - utils.logger2026-03-09-14.10.11 - INFO - Val result of epoch 13 / 40 mae 0.8260 corr 0.7206 f1 0.8073
2026-03-09 14:10:49,383 - utils.logger2026-03-09-14.10.11 - INFO - Tst result of epoch 13 / 40 mae 0.8725 corr 0.6746 f1 0.7688
2026-03-09 14:10:50,079 - utils.logger2026-03-09-14.10.11 - INFO - Cur epoch 14 loss TA:0.7325 TV:0.6988 VA:1.3207 CE:0.6199
2026-03-09 14:10:50,490 - utils.logger2026-03-09-14.10.11 - INFO - Cur epoch 14 loss TA:0.7288 TV:0.7438 VA:1.3391 CE:0.5744
2026-03-09 14:10:51,010 - utils.logger2026-03-09-14.10.11 - INFO - Cur epoch 14 loss TA:0.7380 TV:0.7530 VA:1.3642 CE:0.7227
2026-03-09 14:10:51,128 - utils.logger2026-03-09-14.10.11 - INFO - saving the model at the end of epoch 14, iters 392
2026-03-09 14:10:51,340 - utils.logger2026-03-09-14.10.11 - INFO - End of training epoch 14 / 40 	 Time Taken: 1 sec
2026-03-09 14:10:51,340 - utils.logger2026-03-09-14.10.11 - INFO - learning rate = 0.0002000
2026-03-09 14:10:51,768 - utils.logger2026-03-09-14.10.11 - INFO - Val result of epoch 14 / 40 mae 0.8399 corr 0.7198 f1 0.8095
2026-03-09 14:10:52,245 - utils.logger2026-03-09-14.10.11 - INFO - Tst result of epoch 14 / 40 mae 0.8871 corr 0.6753 f1 0.7917
2026-03-09 14:10:52,952 - utils.logger2026-03-09-14.10.11 - INFO - Cur epoch 15 loss TA:0.6863 TV:0.6871 VA:1.2643 CE:0.8034
2026-03-09 14:10:53,444 - utils.logger2026-03-09-14.10.11 - INFO - Cur epoch 15 loss TA:0.7299 TV:0.7343 VA:1.3443 CE:0.6824
2026-03-09 14:10:53,950 - utils.logger2026-03-09-14.10.11 - INFO - Cur epoch 15 loss TA:0.4164 TV:0.4368 VA:0.6385 CE:0.2461
2026-03-09 14:10:54,003 - utils.logger2026-03-09-14.10.11 - INFO - saving the model at the end of epoch 15, iters 420
2026-03-09 14:10:54,120 - utils.logger2026-03-09-14.10.11 - INFO - End of training epoch 15 / 40 	 Time Taken: 1 sec
2026-03-09 14:10:54,120 - utils.logger2026-03-09-14.10.11 - INFO - learning rate = 0.0002000
2026-03-09 14:10:54,640 - utils.logger2026-03-09-14.10.11 - INFO - Val result of epoch 15 / 40 mae 0.8101 corr 0.7354 f1 0.7960
2026-03-09 14:10:55,156 - utils.logger2026-03-09-14.10.11 - INFO - Tst result of epoch 15 / 40 mae 0.8740 corr 0.6808 f1 0.7963
2026-03-09 14:10:55,966 - utils.logger2026-03-09-14.10.11 - INFO - Cur epoch 16 loss TA:0.6512 TV:0.6724 VA:1.2508 CE:0.6834
2026-03-09 14:10:56,494 - utils.logger2026-03-09-14.10.11 - INFO - Cur epoch 16 loss TA:0.6841 TV:0.6761 VA:1.2497 CE:0.2947
2026-03-09 14:10:57,000 - utils.logger2026-03-09-14.10.11 - INFO - saving the model at the end of epoch 16, iters 448
2026-03-09 14:10:57,108 - utils.logger2026-03-09-14.10.11 - INFO - End of training epoch 16 / 40 	 Time Taken: 1 sec
2026-03-09 14:10:57,108 - utils.logger2026-03-09-14.10.11 - INFO - learning rate = 0.0002000
2026-03-09 14:10:57,513 - utils.logger2026-03-09-14.10.11 - INFO - Val result of epoch 16 / 40 mae 0.8299 corr 0.7367 f1 0.8144
2026-03-09 14:10:57,961 - utils.logger2026-03-09-14.10.11 - INFO - Tst result of epoch 16 / 40 mae 0.8767 corr 0.6857 f1 0.8009
2026-03-09 14:10:58,475 - utils.logger2026-03-09-14.10.11 - INFO - Cur epoch 17 loss TA:0.6577 TV:0.6653 VA:1.2269 CE:0.5894
2026-03-09 14:10:58,971 - utils.logger2026-03-09-14.10.11 - INFO - Cur epoch 17 loss TA:0.6413 TV:0.6444 VA:1.1739 CE:0.4867
2026-03-09 14:10:59,497 - utils.logger2026-03-09-14.10.11 - INFO - Cur epoch 17 loss TA:0.6794 TV:0.6893 VA:1.2036 CE:0.5454
2026-03-09 14:10:59,894 - utils.logger2026-03-09-14.10.11 - INFO - saving the model at the end of epoch 17, iters 476
2026-03-09 14:11:00,034 - utils.logger2026-03-09-14.10.11 - INFO - End of training epoch 17 / 40 	 Time Taken: 2 sec
2026-03-09 14:11:00,034 - utils.logger2026-03-09-14.10.11 - INFO - learning rate = 0.0002000
2026-03-09 14:11:00,537 - utils.logger2026-03-09-14.10.11 - INFO - Val result of epoch 17 / 40 mae 0.8681 corr 0.7243 f1 0.7908
2026-03-09 14:11:01,048 - utils.logger2026-03-09-14.10.11 - INFO - Tst result of epoch 17 / 40 mae 0.9149 corr 0.6718 f1 0.8068
2026-03-09 14:11:01,598 - utils.logger2026-03-09-14.10.11 - INFO - Cur epoch 18 loss TA:0.6649 TV:0.6668 VA:1.1991 CE:0.5644
2026-03-09 14:11:02,100 - utils.logger2026-03-09-14.10.11 - INFO - Cur epoch 18 loss TA:0.6565 TV:0.6824 VA:1.2637 CE:0.3587
2026-03-09 14:11:02,504 - utils.logger2026-03-09-14.10.11 - INFO - Cur epoch 18 loss TA:0.6648 TV:0.6972 VA:1.2226 CE:0.4072
2026-03-09 14:11:02,750 - utils.logger2026-03-09-14.10.11 - INFO - saving the model at the end of epoch 18, iters 504
2026-03-09 14:11:02,909 - utils.logger2026-03-09-14.10.11 - INFO - End of training epoch 18 / 40 	 Time Taken: 1 sec
2026-03-09 14:11:02,909 - utils.logger2026-03-09-14.10.11 - INFO - learning rate = 0.0002000
2026-03-09 14:11:03,366 - utils.logger2026-03-09-14.10.11 - INFO - Val result of epoch 18 / 40 mae 0.8020 corr 0.7355 f1 0.8236
2026-03-09 14:11:03,823 - utils.logger2026-03-09-14.10.11 - INFO - Tst result of epoch 18 / 40 mae 0.8640 corr 0.6703 f1 0.7962
2026-03-09 14:11:04,481 - utils.logger2026-03-09-14.10.11 - INFO - Cur epoch 19 loss TA:0.6032 TV:0.6186 VA:1.1736 CE:0.3788
2026-03-09 14:11:04,917 - utils.logger2026-03-09-14.10.11 - INFO - Cur epoch 19 loss TA:0.6500 TV:0.6532 VA:1.1968 CE:0.4107
2026-03-09 14:11:05,428 - utils.logger2026-03-09-14.10.11 - INFO - Cur epoch 19 loss TA:0.6311 TV:0.6214 VA:1.2023 CE:0.3734
2026-03-09 14:11:05,545 - utils.logger2026-03-09-14.10.11 - INFO - saving the model at the end of epoch 19, iters 532
2026-03-09 14:11:05,678 - utils.logger2026-03-09-14.10.11 - INFO - End of training epoch 19 / 40 	 Time Taken: 1 sec
2026-03-09 14:11:05,678 - utils.logger2026-03-09-14.10.11 - INFO - learning rate = 0.0002000
2026-03-09 14:11:06,095 - utils.logger2026-03-09-14.10.11 - INFO - Val result of epoch 19 / 40 mae 0.8283 corr 0.7105 f1 0.7838
2026-03-09 14:11:06,573 - utils.logger2026-03-09-14.10.11 - INFO - Tst result of epoch 19 / 40 mae 0.8497 corr 0.6796 f1 0.7826
2026-03-09 14:11:07,273 - utils.logger2026-03-09-14.10.11 - INFO - Cur epoch 20 loss TA:0.6271 TV:0.6450 VA:1.1880 CE:0.2530
2026-03-09 14:11:07,791 - utils.logger2026-03-09-14.10.11 - INFO - Cur epoch 20 loss TA:0.6289 TV:0.6404 VA:1.1846 CE:0.3281
2026-03-09 14:11:08,160 - utils.logger2026-03-09-14.10.11 - INFO - Cur epoch 20 loss TA:0.3377 TV:0.3804 VA:0.6166 CE:0.2555
2026-03-09 14:11:08,203 - utils.logger2026-03-09-14.10.11 - INFO - saving the model at the end of epoch 20, iters 560
2026-03-09 14:11:08,464 - utils.logger2026-03-09-14.10.11 - INFO - End of training epoch 20 / 40 	 Time Taken: 1 sec
2026-03-09 14:11:08,464 - utils.logger2026-03-09-14.10.11 - INFO - learning rate = 0.0001905
2026-03-09 14:11:08,888 - utils.logger2026-03-09-14.10.11 - INFO - Val result of epoch 20 / 40 mae 0.8542 corr 0.7216 f1 0.7999
2026-03-09 14:11:09,339 - utils.logger2026-03-09-14.10.11 - INFO - Tst result of epoch 20 / 40 mae 0.9077 corr 0.6764 f1 0.7796
2026-03-09 14:11:10,211 - utils.logger2026-03-09-14.10.11 - INFO - Cur epoch 21 loss TA:0.6190 TV:0.6290 VA:1.1320 CE:0.5088
2026-03-09 14:11:10,616 - utils.logger2026-03-09-14.10.11 - INFO - Cur epoch 21 loss TA:0.6115 TV:0.6170 VA:1.1691 CE:0.3656
2026-03-09 14:11:11,100 - utils.logger2026-03-09-14.10.11 - INFO - saving the model at the end of epoch 21, iters 588
2026-03-09 14:11:11,202 - utils.logger2026-03-09-14.10.11 - INFO - End of training epoch 21 / 40 	 Time Taken: 1 sec
2026-03-09 14:11:11,203 - utils.logger2026-03-09-14.10.11 - INFO - learning rate = 0.0001810
2026-03-09 14:11:11,635 - utils.logger2026-03-09-14.10.11 - INFO - Val result of epoch 21 / 40 mae 0.8342 corr 0.7151 f1 0.8142
2026-03-09 14:11:12,155 - utils.logger2026-03-09-14.10.11 - INFO - Tst result of epoch 21 / 40 mae 0.8796 corr 0.6786 f1 0.7824
2026-03-09 14:11:12,612 - utils.logger2026-03-09-14.10.11 - INFO - Cur epoch 22 loss TA:0.5642 TV:0.5745 VA:1.0762 CE:0.3277
2026-03-09 14:11:13,011 - utils.logger2026-03-09-14.10.11 - INFO - Cur epoch 22 loss TA:0.6211 TV:0.6254 VA:1.1420 CE:0.2184
2026-03-09 14:11:13,519 - utils.logger2026-03-09-14.10.11 - INFO - Cur epoch 22 loss TA:0.5936 TV:0.6140 VA:1.1405 CE:0.2947
2026-03-09 14:11:13,782 - utils.logger2026-03-09-14.10.11 - INFO - saving the model at the end of epoch 22, iters 616
2026-03-09 14:11:14,034 - utils.logger2026-03-09-14.10.11 - INFO - End of training epoch 22 / 40 	 Time Taken: 1 sec
2026-03-09 14:11:14,034 - utils.logger2026-03-09-14.10.11 - INFO - learning rate = 0.0001714
2026-03-09 14:11:14,478 - utils.logger2026-03-09-14.10.11 - INFO - Val result of epoch 22 / 40 mae 0.8189 corr 0.7230 f1 0.8210
2026-03-09 14:11:14,922 - utils.logger2026-03-09-14.10.11 - INFO - Tst result of epoch 22 / 40 mae 0.8708 corr 0.6769 f1 0.7647
2026-03-09 14:11:15,441 - utils.logger2026-03-09-14.10.11 - INFO - Cur epoch 23 loss TA:0.5889 TV:0.5827 VA:1.0953 CE:0.3190
2026-03-09 14:11:15,969 - utils.logger2026-03-09-14.10.11 - INFO - Cur epoch 23 loss TA:0.5864 TV:0.5974 VA:1.1240 CE:0.3454
2026-03-09 14:11:16,476 - utils.logger2026-03-09-14.10.11 - INFO - Cur epoch 23 loss TA:0.5713 TV:0.5690 VA:1.0629 CE:0.3572
2026-03-09 14:11:16,676 - utils.logger2026-03-09-14.10.11 - INFO - saving the model at the end of epoch 23, iters 644
2026-03-09 14:11:16,834 - utils.logger2026-03-09-14.10.11 - INFO - End of training epoch 23 / 40 	 Time Taken: 1 sec
2026-03-09 14:11:16,834 - utils.logger2026-03-09-14.10.11 - INFO - learning rate = 0.0001619
2026-03-09 14:11:17,264 - utils.logger2026-03-09-14.10.11 - INFO - Val result of epoch 23 / 40 mae 0.8248 corr 0.7278 f1 0.8092
2026-03-09 14:11:17,726 - utils.logger2026-03-09-14.10.11 - INFO - Tst result of epoch 23 / 40 mae 0.8838 corr 0.6680 f1 0.7782
2026-03-09 14:11:18,355 - utils.logger2026-03-09-14.10.11 - INFO - Cur epoch 24 loss TA:0.5697 TV:0.5753 VA:1.1023 CE:0.3307
2026-03-09 14:11:18,860 - utils.logger2026-03-09-14.10.11 - INFO - Cur epoch 24 loss TA:0.6049 TV:0.6108 VA:1.1347 CE:0.3589
2026-03-09 14:11:19,336 - utils.logger2026-03-09-14.10.11 - INFO - Cur epoch 24 loss TA:0.5712 TV:0.5763 VA:1.0871 CE:0.2374
2026-03-09 14:11:19,537 - utils.logger2026-03-09-14.10.11 - INFO - saving the model at the end of epoch 24, iters 672
2026-03-09 14:11:19,665 - utils.logger2026-03-09-14.10.11 - INFO - End of training epoch 24 / 40 	 Time Taken: 1 sec
2026-03-09 14:11:19,666 - utils.logger2026-03-09-14.10.11 - INFO - learning rate = 0.0001524
2026-03-09 14:11:20,152 - utils.logger2026-03-09-14.10.11 - INFO - Val result of epoch 24 / 40 mae 0.8105 corr 0.7397 f1 0.8231
2026-03-09 14:11:20,594 - utils.logger2026-03-09-14.10.11 - INFO - Tst result of epoch 24 / 40 mae 0.8879 corr 0.6711 f1 0.7918
2026-03-09 14:11:21,343 - utils.logger2026-03-09-14.10.11 - INFO - Cur epoch 25 loss TA:0.5890 TV:0.5941 VA:1.0928 CE:0.1852
2026-03-09 14:11:21,867 - utils.logger2026-03-09-14.10.11 - INFO - Cur epoch 25 loss TA:0.5849 TV:0.5932 VA:1.1066 CE:0.2664
2026-03-09 14:11:22,240 - utils.logger2026-03-09-14.10.11 - INFO - Cur epoch 25 loss TA:0.3544 TV:0.3377 VA:0.5872 CE:0.3323
2026-03-09 14:11:22,296 - utils.logger2026-03-09-14.10.11 - INFO - saving the model at the end of epoch 25, iters 700
2026-03-09 14:11:22,533 - utils.logger2026-03-09-14.10.11 - INFO - End of training epoch 25 / 40 	 Time Taken: 1 sec
2026-03-09 14:11:22,534 - utils.logger2026-03-09-14.10.11 - INFO - learning rate = 0.0001429
2026-03-09 14:11:22,982 - utils.logger2026-03-09-14.10.11 - INFO - Val result of epoch 25 / 40 mae 0.8044 corr 0.7341 f1 0.8195
2026-03-09 14:11:23,439 - utils.logger2026-03-09-14.10.11 - INFO - Tst result of epoch 25 / 40 mae 0.8793 corr 0.6613 f1 0.7777
2026-03-09 14:11:24,314 - utils.logger2026-03-09-14.10.11 - INFO - Cur epoch 26 loss TA:0.5599 TV:0.5794 VA:1.1041 CE:0.2395
2026-03-09 14:11:24,811 - utils.logger2026-03-09-14.10.11 - INFO - Cur epoch 26 loss TA:0.5643 TV:0.5769 VA:1.0476 CE:0.2975
2026-03-09 14:11:25,171 - utils.logger2026-03-09-14.10.11 - INFO - saving the model at the end of epoch 26, iters 728
2026-03-09 14:11:25,423 - utils.logger2026-03-09-14.10.11 - INFO - End of training epoch 26 / 40 	 Time Taken: 1 sec
2026-03-09 14:11:25,424 - utils.logger2026-03-09-14.10.11 - INFO - learning rate = 0.0001333
2026-03-09 14:11:25,898 - utils.logger2026-03-09-14.10.11 - INFO - Val result of epoch 26 / 40 mae 0.7992 corr 0.7395 f1 0.8206
2026-03-09 14:11:26,461 - utils.logger2026-03-09-14.10.11 - INFO - Tst result of epoch 26 / 40 mae 0.8581 corr 0.6806 f1 0.7873
2026-03-09 14:11:26,995 - utils.logger2026-03-09-14.10.11 - INFO - Cur epoch 27 loss TA:0.5391 TV:0.5468 VA:1.0188 CE:0.3582
2026-03-09 14:11:27,471 - utils.logger2026-03-09-14.10.11 - INFO - Cur epoch 27 loss TA:0.5758 TV:0.5795 VA:1.0522 CE:0.3869
2026-03-09 14:11:27,914 - utils.logger2026-03-09-14.10.11 - INFO - Cur epoch 27 loss TA:0.5610 TV:0.5629 VA:1.0259 CE:0.3452
2026-03-09 14:11:28,254 - utils.logger2026-03-09-14.10.11 - INFO - saving the model at the end of epoch 27, iters 756
2026-03-09 14:11:28,404 - utils.logger2026-03-09-14.10.11 - INFO - End of training epoch 27 / 40 	 Time Taken: 1 sec
2026-03-09 14:11:28,404 - utils.logger2026-03-09-14.10.11 - INFO - learning rate = 0.0001238
2026-03-09 14:11:28,889 - utils.logger2026-03-09-14.10.11 - INFO - Val result of epoch 27 / 40 mae 0.8270 corr 0.7310 f1 0.7823
2026-03-09 14:11:29,407 - utils.logger2026-03-09-14.10.11 - INFO - Tst result of epoch 27 / 40 mae 0.8764 corr 0.6814 f1 0.7916
2026-03-09 14:11:29,993 - utils.logger2026-03-09-14.10.11 - INFO - Cur epoch 28 loss TA:0.5110 TV:0.5220 VA:1.0188 CE:0.2890
2026-03-09 14:11:30,563 - utils.logger2026-03-09-14.10.11 - INFO - Cur epoch 28 loss TA:0.5395 TV:0.5570 VA:1.0638 CE:0.2139
2026-03-09 14:11:30,940 - utils.logger2026-03-09-14.10.11 - INFO - Cur epoch 28 loss TA:0.5536 TV:0.5745 VA:1.0728 CE:0.2593
2026-03-09 14:11:31,245 - utils.logger2026-03-09-14.10.11 - INFO - saving the model at the end of epoch 28, iters 784
2026-03-09 14:11:31,378 - utils.logger2026-03-09-14.10.11 - INFO - End of training epoch 28 / 40 	 Time Taken: 1 sec
2026-03-09 14:11:31,378 - utils.logger2026-03-09-14.10.11 - INFO - learning rate = 0.0001143
2026-03-09 14:11:31,856 - utils.logger2026-03-09-14.10.11 - INFO - Val result of epoch 28 / 40 mae 0.8151 corr 0.7332 f1 0.7958
2026-03-09 14:11:32,328 - utils.logger2026-03-09-14.10.11 - INFO - Tst result of epoch 28 / 40 mae 0.8620 corr 0.6874 f1 0.8055
2026-03-09 14:11:33,036 - utils.logger2026-03-09-14.10.11 - INFO - Cur epoch 29 loss TA:0.5312 TV:0.5307 VA:1.0412 CE:0.3165
2026-03-09 14:11:33,534 - utils.logger2026-03-09-14.10.11 - INFO - Cur epoch 29 loss TA:0.5583 TV:0.5668 VA:1.0629 CE:0.2421
2026-03-09 14:11:33,941 - utils.logger2026-03-09-14.10.11 - INFO - Cur epoch 29 loss TA:0.5616 TV:0.5740 VA:1.0593 CE:0.3055
2026-03-09 14:11:34,062 - utils.logger2026-03-09-14.10.11 - INFO - saving the model at the end of epoch 29, iters 812
2026-03-09 14:11:34,301 - utils.logger2026-03-09-14.10.11 - INFO - End of training epoch 29 / 40 	 Time Taken: 1 sec
2026-03-09 14:11:34,301 - utils.logger2026-03-09-14.10.11 - INFO - learning rate = 0.0001048
2026-03-09 14:11:34,724 - utils.logger2026-03-09-14.10.11 - INFO - Val result of epoch 29 / 40 mae 0.8196 corr 0.7221 f1 0.7831
2026-03-09 14:11:35,153 - utils.logger2026-03-09-14.10.11 - INFO - Tst result of epoch 29 / 40 mae 0.8729 corr 0.6713 f1 0.7778
2026-03-09 14:11:35,805 - utils.logger2026-03-09-14.10.11 - INFO - Cur epoch 30 loss TA:0.5402 TV:0.5429 VA:1.0713 CE:0.2897
2026-03-09 14:11:36,323 - utils.logger2026-03-09-14.10.11 - INFO - Cur epoch 30 loss TA:0.5348 TV:0.5433 VA:1.0258 CE:0.2414
2026-03-09 14:11:36,780 - utils.logger2026-03-09-14.10.11 - INFO - Cur epoch 30 loss TA:0.3057 TV:0.3283 VA:0.5079 CE:0.2609
2026-03-09 14:11:36,836 - utils.logger2026-03-09-14.10.11 - INFO - saving the model at the end of epoch 30, iters 840
2026-03-09 14:11:36,965 - utils.logger2026-03-09-14.10.11 - INFO - End of training epoch 30 / 40 	 Time Taken: 1 sec
2026-03-09 14:11:36,965 - utils.logger2026-03-09-14.10.11 - INFO - learning rate = 0.0000952
2026-03-09 14:11:37,432 - utils.logger2026-03-09-14.10.11 - INFO - Val result of epoch 30 / 40 mae 0.8080 corr 0.7385 f1 0.7921
2026-03-09 14:11:37,870 - utils.logger2026-03-09-14.10.11 - INFO - Tst result of epoch 30 / 40 mae 0.8682 corr 0.6803 f1 0.8010
2026-03-09 14:11:38,740 - utils.logger2026-03-09-14.10.11 - INFO - Cur epoch 31 loss TA:0.5408 TV:0.5503 VA:1.0481 CE:0.1949
2026-03-09 14:11:39,153 - utils.logger2026-03-09-14.10.11 - INFO - Cur epoch 31 loss TA:0.5161 TV:0.5285 VA:1.0104 CE:0.2778
2026-03-09 14:11:39,617 - utils.logger2026-03-09-14.10.11 - INFO - saving the model at the end of epoch 31, iters 868
2026-03-09 14:11:39,852 - utils.logger2026-03-09-14.10.11 - INFO - End of training epoch 31 / 40 	 Time Taken: 1 sec
2026-03-09 14:11:39,852 - utils.logger2026-03-09-14.10.11 - INFO - learning rate = 0.0000857
2026-03-09 14:11:40,298 - utils.logger2026-03-09-14.10.11 - INFO - Val result of epoch 31 / 40 mae 0.8110 corr 0.7355 f1 0.8069
2026-03-09 14:11:40,783 - utils.logger2026-03-09-14.10.11 - INFO - Tst result of epoch 31 / 40 mae 0.8718 corr 0.6743 f1 0.7829
2026-03-09 14:11:41,237 - utils.logger2026-03-09-14.10.11 - INFO - Cur epoch 32 loss TA:0.5092 TV:0.5212 VA:1.0137 CE:0.2227
2026-03-09 14:11:41,771 - utils.logger2026-03-09-14.10.11 - INFO - Cur epoch 32 loss TA:0.5157 TV:0.5231 VA:1.0178 CE:0.2895
2026-03-09 14:11:42,231 - utils.logger2026-03-09-14.10.11 - INFO - Cur epoch 32 loss TA:0.5218 TV:0.5411 VA:1.0440 CE:0.1551
2026-03-09 14:11:42,553 - utils.logger2026-03-09-14.10.11 - INFO - saving the model at the end of epoch 32, iters 896
2026-03-09 14:11:42,686 - utils.logger2026-03-09-14.10.11 - INFO - End of training epoch 32 / 40 	 Time Taken: 1 sec
2026-03-09 14:11:42,686 - utils.logger2026-03-09-14.10.11 - INFO - learning rate = 0.0000762
2026-03-09 14:11:43,108 - utils.logger2026-03-09-14.10.11 - INFO - Val result of epoch 32 / 40 mae 0.8118 corr 0.7415 f1 0.8058
2026-03-09 14:11:43,593 - utils.logger2026-03-09-14.10.11 - INFO - Tst result of epoch 32 / 40 mae 0.8649 corr 0.6863 f1 0.8010
2026-03-09 14:11:44,173 - utils.logger2026-03-09-14.10.11 - INFO - Cur epoch 33 loss TA:0.4949 TV:0.5066 VA:0.9834 CE:0.2194
2026-03-09 14:11:44,692 - utils.logger2026-03-09-14.10.11 - INFO - Cur epoch 33 loss TA:0.5219 TV:0.5265 VA:1.0051 CE:0.2148
2026-03-09 14:11:45,108 - utils.logger2026-03-09-14.10.11 - INFO - Cur epoch 33 loss TA:0.5395 TV:0.5536 VA:1.0374 CE:0.2244
2026-03-09 14:11:45,339 - utils.logger2026-03-09-14.10.11 - INFO - saving the model at the end of epoch 33, iters 924
2026-03-09 14:11:45,516 - utils.logger2026-03-09-14.10.11 - INFO - End of training epoch 33 / 40 	 Time Taken: 1 sec
2026-03-09 14:11:45,516 - utils.logger2026-03-09-14.10.11 - INFO - learning rate = 0.0000667
2026-03-09 14:11:45,928 - utils.logger2026-03-09-14.10.11 - INFO - Val result of epoch 33 / 40 mae 0.8112 corr 0.7474 f1 0.8097
2026-03-09 14:11:46,388 - utils.logger2026-03-09-14.10.11 - INFO - Tst result of epoch 33 / 40 mae 0.8690 corr 0.6892 f1 0.7962
2026-03-09 14:11:47,011 - utils.logger2026-03-09-14.10.11 - INFO - Cur epoch 34 loss TA:0.5363 TV:0.5360 VA:1.0252 CE:0.1695
2026-03-09 14:11:47,504 - utils.logger2026-03-09-14.10.11 - INFO - Cur epoch 34 loss TA:0.5279 TV:0.5419 VA:1.0095 CE:0.2423
2026-03-09 14:11:48,021 - utils.logger2026-03-09-14.10.11 - INFO - Cur epoch 34 loss TA:0.5317 TV:0.5400 VA:1.0570 CE:0.1813
2026-03-09 14:11:48,206 - utils.logger2026-03-09-14.10.11 - INFO - saving the model at the end of epoch 34, iters 952
2026-03-09 14:11:48,453 - utils.logger2026-03-09-14.10.11 - INFO - End of training epoch 34 / 40 	 Time Taken: 2 sec
2026-03-09 14:11:48,453 - utils.logger2026-03-09-14.10.11 - INFO - learning rate = 0.0000571
2026-03-09 14:11:48,942 - utils.logger2026-03-09-14.10.11 - INFO - Val result of epoch 34 / 40 mae 0.8034 corr 0.7439 f1 0.8058
2026-03-09 14:11:49,417 - utils.logger2026-03-09-14.10.11 - INFO - Tst result of epoch 34 / 40 mae 0.8598 corr 0.6888 f1 0.7964
2026-03-09 14:11:50,227 - utils.logger2026-03-09-14.10.11 - INFO - Cur epoch 35 loss TA:0.5288 TV:0.5320 VA:1.0121 CE:0.2920
2026-03-09 14:11:50,755 - utils.logger2026-03-09-14.10.11 - INFO - Cur epoch 35 loss TA:0.5141 TV:0.5294 VA:1.0366 CE:0.1971
2026-03-09 14:11:51,195 - utils.logger2026-03-09-14.10.11 - INFO - Cur epoch 35 loss TA:0.2593 TV:0.2879 VA:0.5250 CE:0.1268
2026-03-09 14:11:51,258 - utils.logger2026-03-09-14.10.11 - INFO - saving the model at the end of epoch 35, iters 980
2026-03-09 14:11:51,489 - utils.logger2026-03-09-14.10.11 - INFO - End of training epoch 35 / 40 	 Time Taken: 2 sec
2026-03-09 14:11:51,489 - utils.logger2026-03-09-14.10.11 - INFO - learning rate = 0.0000476
2026-03-09 14:11:51,916 - utils.logger2026-03-09-14.10.11 - INFO - Val result of epoch 35 / 40 mae 0.8115 corr 0.7401 f1 0.8142
2026-03-09 14:11:52,355 - utils.logger2026-03-09-14.10.11 - INFO - Tst result of epoch 35 / 40 mae 0.8635 corr 0.6870 f1 0.8009
2026-03-09 14:11:53,249 - utils.logger2026-03-09-14.10.11 - INFO - Cur epoch 36 loss TA:0.5245 TV:0.5283 VA:0.9930 CE:0.2253
2026-03-09 14:11:53,620 - utils.logger2026-03-09-14.10.11 - INFO - Cur epoch 36 loss TA:0.5187 TV:0.5204 VA:0.9933 CE:0.2192
2026-03-09 14:11:54,133 - utils.logger2026-03-09-14.10.11 - INFO - saving the model at the end of epoch 36, iters 1008
2026-03-09 14:11:54,234 - utils.logger2026-03-09-14.10.11 - INFO - End of training epoch 36 / 40 	 Time Taken: 1 sec
2026-03-09 14:11:54,234 - utils.logger2026-03-09-14.10.11 - INFO - learning rate = 0.0000381
2026-03-09 14:11:54,919 - utils.logger2026-03-09-14.10.11 - INFO - Val result of epoch 36 / 40 mae 0.7999 corr 0.7417 f1 0.8056
2026-03-09 14:11:55,593 - utils.logger2026-03-09-14.10.11 - INFO - Tst result of epoch 36 / 40 mae 0.8615 corr 0.6851 f1 0.7824
2026-03-09 14:11:56,287 - utils.logger2026-03-09-14.10.11 - INFO - Cur epoch 37 loss TA:0.5125 TV:0.5167 VA:0.9963 CE:0.1617
2026-03-09 14:11:56,890 - utils.logger2026-03-09-14.10.11 - INFO - Cur epoch 37 loss TA:0.5063 TV:0.5211 VA:1.0123 CE:0.2282
2026-03-09 14:11:57,512 - utils.logger2026-03-09-14.10.11 - INFO - Cur epoch 37 loss TA:0.5012 TV:0.5075 VA:1.0012 CE:0.1972
2026-03-09 14:11:58,097 - utils.logger2026-03-09-14.10.11 - INFO - saving the model at the end of epoch 37, iters 1036
2026-03-09 14:11:58,344 - utils.logger2026-03-09-14.10.11 - INFO - End of training epoch 37 / 40 	 Time Taken: 2 sec
2026-03-09 14:11:58,344 - utils.logger2026-03-09-14.10.11 - INFO - learning rate = 0.0000286
2026-03-09 14:11:58,877 - utils.logger2026-03-09-14.10.11 - INFO - Val result of epoch 37 / 40 mae 0.8146 corr 0.7395 f1 0.8049
2026-03-09 14:11:59,411 - utils.logger2026-03-09-14.10.11 - INFO - Tst result of epoch 37 / 40 mae 0.8713 corr 0.6885 f1 0.7917
2026-03-09 14:11:59,986 - utils.logger2026-03-09-14.10.11 - INFO - Cur epoch 38 loss TA:0.5220 TV:0.5286 VA:1.0189 CE:0.2077
2026-03-09 14:12:00,666 - utils.logger2026-03-09-14.10.11 - INFO - Cur epoch 38 loss TA:0.4986 TV:0.5061 VA:0.9865 CE:0.1620
2026-03-09 14:12:01,180 - utils.logger2026-03-09-14.10.11 - INFO - Cur epoch 38 loss TA:0.5250 TV:0.5284 VA:1.0106 CE:0.2095
2026-03-09 14:12:01,644 - utils.logger2026-03-09-14.10.11 - INFO - saving the model at the end of epoch 38, iters 1064
2026-03-09 14:12:01,914 - utils.logger2026-03-09-14.10.11 - INFO - End of training epoch 38 / 40 	 Time Taken: 2 sec
2026-03-09 14:12:01,914 - utils.logger2026-03-09-14.10.11 - INFO - learning rate = 0.0000190
2026-03-09 14:12:02,507 - utils.logger2026-03-09-14.10.11 - INFO - Val result of epoch 38 / 40 mae 0.8114 corr 0.7404 f1 0.8051
2026-03-09 14:12:03,247 - utils.logger2026-03-09-14.10.11 - INFO - Tst result of epoch 38 / 40 mae 0.8680 corr 0.6902 f1 0.7870
2026-03-09 14:12:04,399 - utils.logger2026-03-09-14.10.11 - INFO - Cur epoch 39 loss TA:0.5059 TV:0.5193 VA:1.0028 CE:0.1543
2026-03-09 14:12:05,154 - utils.logger2026-03-09-14.10.11 - INFO - Cur epoch 39 loss TA:0.4866 TV:0.4953 VA:0.9663 CE:0.1851
2026-03-09 14:12:06,053 - utils.logger2026-03-09-14.10.11 - INFO - Cur epoch 39 loss TA:0.5140 TV:0.5340 VA:0.9902 CE:0.2060
2026-03-09 14:12:06,272 - utils.logger2026-03-09-14.10.11 - INFO - saving the model at the end of epoch 39, iters 1092
2026-03-09 14:12:06,483 - utils.logger2026-03-09-14.10.11 - INFO - End of training epoch 39 / 40 	 Time Taken: 3 sec
2026-03-09 14:12:06,483 - utils.logger2026-03-09-14.10.11 - INFO - learning rate = 0.0000095
2026-03-09 14:12:07,272 - utils.logger2026-03-09-14.10.11 - INFO - Val result of epoch 39 / 40 mae 0.8104 corr 0.7388 f1 0.8095
2026-03-09 14:12:07,987 - utils.logger2026-03-09-14.10.11 - INFO - Tst result of epoch 39 / 40 mae 0.8668 corr 0.6878 f1 0.7962
2026-03-09 14:12:09,221 - utils.logger2026-03-09-14.10.11 - INFO - Cur epoch 40 loss TA:0.4989 TV:0.5082 VA:0.9943 CE:0.1667
2026-03-09 14:12:09,947 - utils.logger2026-03-09-14.10.11 - INFO - Cur epoch 40 loss TA:0.5196 TV:0.5281 VA:0.9817 CE:0.1856
2026-03-09 14:12:10,789 - utils.logger2026-03-09-14.10.11 - INFO - Cur epoch 40 loss TA:0.1802 TV:0.1850 VA:0.3597 CE:0.2083
2026-03-09 14:12:10,877 - utils.logger2026-03-09-14.10.11 - INFO - saving the model at the end of epoch 40, iters 1120
2026-03-09 14:12:11,140 - utils.logger2026-03-09-14.10.11 - INFO - End of training epoch 40 / 40 	 Time Taken: 3 sec
2026-03-09 14:12:11,140 - utils.logger2026-03-09-14.10.11 - INFO - learning rate = 0.0000000
2026-03-09 14:12:11,839 - utils.logger2026-03-09-14.10.11 - INFO - Val result of epoch 40 / 40 mae 0.8089 corr 0.7400 f1 0.8142
2026-03-09 14:12:12,590 - utils.logger2026-03-09-14.10.11 - INFO - Tst result of epoch 40 / 40 mae 0.8671 corr 0.6872 f1 0.7823
2026-03-09 14:12:12,591 - utils.logger2026-03-09-14.10.11 - INFO - Best eval epoch 19 found with MAE 0.849718
2026-03-09 14:12:12,591 - utils.logger2026-03-09-14.10.11 - INFO - Loading best model found on val set: epoch-19
2026-03-09 14:12:14,274 - utils.logger2026-03-09-14.10.11 - INFO - Tst result mae 0.8497 corr 0.6796 f1 0.7826
