2026-03-04 20:49:03,080 - utils.logger2026-03-04-20.49.03 - INFO - The number of training samples = 1750
2026-03-04 20:49:05,954 - utils.logger2026-03-04-20.49.03 - INFO - Cur epoch 1 loss TA:1.0358 TV:1.0368 VA:2.0757 CE:4.3971
2026-03-04 20:49:06,933 - utils.logger2026-03-04-20.49.03 - INFO - Cur epoch 1 loss TA:1.0358 TV:1.0368 VA:2.0702 CE:4.9084
2026-03-04 20:49:07,754 - utils.logger2026-03-04-20.49.03 - INFO - saving the model at the end of epoch 1, iters 28
2026-03-04 20:49:07,905 - utils.logger2026-03-04-20.49.03 - INFO - End of training epoch 1 / 40 	 Time Taken: 4 sec
2026-03-04 20:49:07,905 - utils.logger2026-03-04-20.49.03 - INFO - learning rate = 0.0002000
2026-03-04 20:49:08,445 - utils.logger2026-03-04-20.49.03 - INFO - Val result of epoch 1 / 40 acc 0.4688 MAE 0.1031 f1 0.5675
2026-03-04 20:49:09,007 - utils.logger2026-03-04-20.49.03 - INFO - Tst result of epoch 1 / 40 acc 0.4688 MAE 0.1031 f1 0.5675
2026-03-04 20:49:09,556 - utils.logger2026-03-04-20.49.03 - INFO - Cur epoch 2 loss TA:1.0338 TV:1.0352 VA:2.0659 CE:3.8382
2026-03-04 20:49:10,560 - utils.logger2026-03-04-20.49.03 - INFO - Cur epoch 2 loss TA:1.0343 TV:1.0347 VA:2.0654 CE:4.4657
2026-03-04 20:49:11,579 - utils.logger2026-03-04-20.49.03 - INFO - Cur epoch 2 loss TA:1.0328 TV:1.0337 VA:2.0629 CE:3.2458
2026-03-04 20:49:12,237 - utils.logger2026-03-04-20.49.03 - INFO - saving the model at the end of epoch 2, iters 56
2026-03-04 20:49:12,397 - utils.logger2026-03-04-20.49.03 - INFO - End of training epoch 2 / 40 	 Time Taken: 3 sec
2026-03-04 20:49:12,397 - utils.logger2026-03-04-20.49.03 - INFO - learning rate = 0.0002000
2026-03-04 20:49:12,961 - utils.logger2026-03-04-20.49.03 - INFO - Val result of epoch 2 / 40 acc 0.5536 MAE 0.2581 f1 0.5663
2026-03-04 20:49:13,503 - utils.logger2026-03-04-20.49.03 - INFO - Tst result of epoch 2 / 40 acc 0.5536 MAE 0.2581 f1 0.5663
2026-03-04 20:49:14,251 - utils.logger2026-03-04-20.49.03 - INFO - Cur epoch 3 loss TA:1.0268 TV:1.0279 VA:2.0526 CE:3.2365
2026-03-04 20:49:15,218 - utils.logger2026-03-04-20.49.03 - INFO - Cur epoch 3 loss TA:1.0186 TV:1.0232 VA:2.0446 CE:2.6501
2026-03-04 20:49:16,210 - utils.logger2026-03-04-20.49.03 - INFO - Cur epoch 3 loss TA:0.9962 TV:1.0091 VA:2.0114 CE:2.6653
2026-03-04 20:49:16,671 - utils.logger2026-03-04-20.49.03 - INFO - saving the model at the end of epoch 3, iters 84
2026-03-04 20:49:16,828 - utils.logger2026-03-04-20.49.03 - INFO - End of training epoch 3 / 40 	 Time Taken: 3 sec
2026-03-04 20:49:16,829 - utils.logger2026-03-04-20.49.03 - INFO - learning rate = 0.0002000
2026-03-04 20:49:17,601 - utils.logger2026-03-04-20.49.03 - INFO - Val result of epoch 3 / 40 acc 0.5625 MAE 0.2204 f1 0.5780
2026-03-04 20:49:18,342 - utils.logger2026-03-04-20.49.03 - INFO - Tst result of epoch 3 / 40 acc 0.5625 MAE 0.2204 f1 0.5780
2026-03-04 20:49:19,634 - utils.logger2026-03-04-20.49.03 - INFO - Cur epoch 4 loss TA:0.9743 TV:0.9773 VA:1.9593 CE:2.1977
2026-03-04 20:49:20,590 - utils.logger2026-03-04-20.49.03 - INFO - Cur epoch 4 loss TA:0.9700 TV:0.9746 VA:1.9639 CE:2.4823
2026-03-04 20:49:21,529 - utils.logger2026-03-04-20.49.03 - INFO - Cur epoch 4 loss TA:0.9526 TV:0.9512 VA:1.8968 CE:2.0304
2026-03-04 20:49:21,810 - utils.logger2026-03-04-20.49.03 - INFO - saving the model at the end of epoch 4, iters 112
2026-03-04 20:49:21,981 - utils.logger2026-03-04-20.49.03 - INFO - End of training epoch 4 / 40 	 Time Taken: 3 sec
2026-03-04 20:49:21,981 - utils.logger2026-03-04-20.49.03 - INFO - learning rate = 0.0002000
2026-03-04 20:49:22,497 - utils.logger2026-03-04-20.49.03 - INFO - Val result of epoch 4 / 40 acc 0.6205 MAE 0.3370 f1 0.6247
2026-03-04 20:49:23,074 - utils.logger2026-03-04-20.49.03 - INFO - Tst result of epoch 4 / 40 acc 0.6205 MAE 0.3370 f1 0.6247
2026-03-04 20:49:24,168 - utils.logger2026-03-04-20.49.03 - INFO - Cur epoch 5 loss TA:0.9253 TV:0.9312 VA:1.8612 CE:2.1162
2026-03-04 20:49:25,150 - utils.logger2026-03-04-20.49.03 - INFO - Cur epoch 5 loss TA:0.9359 TV:0.9325 VA:1.8756 CE:1.7321
2026-03-04 20:49:26,058 - utils.logger2026-03-04-20.49.03 - INFO - Cur epoch 5 loss TA:0.6289 TV:0.6314 VA:1.2565 CE:3.2234
2026-03-04 20:49:26,117 - utils.logger2026-03-04-20.49.03 - INFO - saving the model at the end of epoch 5, iters 140
2026-03-04 20:49:26,266 - utils.logger2026-03-04-20.49.03 - INFO - End of training epoch 5 / 40 	 Time Taken: 3 sec
2026-03-04 20:49:26,267 - utils.logger2026-03-04-20.49.03 - INFO - learning rate = 0.0002000
2026-03-04 20:49:26,782 - utils.logger2026-03-04-20.49.03 - INFO - Val result of epoch 5 / 40 acc 0.6116 MAE 0.4072 f1 0.6469
2026-03-04 20:49:27,288 - utils.logger2026-03-04-20.49.03 - INFO - Tst result of epoch 5 / 40 acc 0.6116 MAE 0.4072 f1 0.6469
2026-03-04 20:49:28,602 - utils.logger2026-03-04-20.49.03 - INFO - Cur epoch 6 loss TA:0.9059 TV:0.9147 VA:1.8451 CE:1.8106
2026-03-04 20:49:29,541 - utils.logger2026-03-04-20.49.03 - INFO - Cur epoch 6 loss TA:0.9146 TV:0.9159 VA:1.8313 CE:2.3723
2026-03-04 20:49:30,294 - utils.logger2026-03-04-20.49.03 - INFO - saving the model at the end of epoch 6, iters 168
2026-03-04 20:49:30,448 - utils.logger2026-03-04-20.49.03 - INFO - End of training epoch 6 / 40 	 Time Taken: 3 sec
2026-03-04 20:49:30,449 - utils.logger2026-03-04-20.49.03 - INFO - learning rate = 0.0002000
2026-03-04 20:49:30,987 - utils.logger2026-03-04-20.49.03 - INFO - Val result of epoch 6 / 40 acc 0.6652 MAE 0.4505 f1 0.6799
2026-03-04 20:49:31,469 - utils.logger2026-03-04-20.49.03 - INFO - Tst result of epoch 6 / 40 acc 0.6652 MAE 0.4505 f1 0.6799
2026-03-04 20:49:32,024 - utils.logger2026-03-04-20.49.03 - INFO - Cur epoch 7 loss TA:0.8984 TV:0.9002 VA:1.8186 CE:1.8213
2026-03-04 20:49:32,881 - utils.logger2026-03-04-20.49.03 - INFO - Cur epoch 7 loss TA:0.9021 TV:0.9113 VA:1.8347 CE:1.8389
2026-03-04 20:49:33,700 - utils.logger2026-03-04-20.49.03 - INFO - Cur epoch 7 loss TA:0.8897 TV:0.8901 VA:1.7834 CE:1.9547
2026-03-04 20:49:34,233 - utils.logger2026-03-04-20.49.03 - INFO - saving the model at the end of epoch 7, iters 196
2026-03-04 20:49:34,377 - utils.logger2026-03-04-20.49.03 - INFO - End of training epoch 7 / 40 	 Time Taken: 2 sec
2026-03-04 20:49:34,377 - utils.logger2026-03-04-20.49.03 - INFO - learning rate = 0.0002000
2026-03-04 20:49:34,874 - utils.logger2026-03-04-20.49.03 - INFO - Val result of epoch 7 / 40 acc 0.6786 MAE 0.5041 f1 0.6856
2026-03-04 20:49:35,367 - utils.logger2026-03-04-20.49.03 - INFO - Tst result of epoch 7 / 40 acc 0.6786 MAE 0.5041 f1 0.6856
2026-03-04 20:49:36,054 - utils.logger2026-03-04-20.49.03 - INFO - Cur epoch 8 loss TA:0.8840 TV:0.8842 VA:1.7788 CE:1.4127
2026-03-04 20:49:36,949 - utils.logger2026-03-04-20.49.03 - INFO - Cur epoch 8 loss TA:0.9058 TV:0.8956 VA:1.7800 CE:1.7706
2026-03-04 20:49:37,821 - utils.logger2026-03-04-20.49.03 - INFO - Cur epoch 8 loss TA:0.8788 TV:0.8640 VA:1.7271 CE:1.5386
2026-03-04 20:49:38,229 - utils.logger2026-03-04-20.49.03 - INFO - saving the model at the end of epoch 8, iters 224
2026-03-04 20:49:38,361 - utils.logger2026-03-04-20.49.03 - INFO - End of training epoch 8 / 40 	 Time Taken: 2 sec
2026-03-04 20:49:38,362 - utils.logger2026-03-04-20.49.03 - INFO - learning rate = 0.0002000
2026-03-04 20:49:38,891 - utils.logger2026-03-04-20.49.03 - INFO - Val result of epoch 8 / 40 acc 0.6518 MAE 0.5179 f1 0.6839
2026-03-04 20:49:39,382 - utils.logger2026-03-04-20.49.03 - INFO - Tst result of epoch 8 / 40 acc 0.6518 MAE 0.5179 f1 0.6839
2026-03-04 20:49:40,240 - utils.logger2026-03-04-20.49.03 - INFO - Cur epoch 9 loss TA:0.8908 TV:0.8677 VA:1.7292 CE:1.5707
2026-03-04 20:49:41,129 - utils.logger2026-03-04-20.49.03 - INFO - Cur epoch 9 loss TA:0.8622 TV:0.8673 VA:1.7075 CE:1.5645
2026-03-04 20:49:42,006 - utils.logger2026-03-04-20.49.03 - INFO - Cur epoch 9 loss TA:0.8527 TV:0.8880 VA:1.7503 CE:1.2366
2026-03-04 20:49:42,234 - utils.logger2026-03-04-20.49.03 - INFO - saving the model at the end of epoch 9, iters 252
2026-03-04 20:49:42,372 - utils.logger2026-03-04-20.49.03 - INFO - End of training epoch 9 / 40 	 Time Taken: 2 sec
2026-03-04 20:49:42,372 - utils.logger2026-03-04-20.49.03 - INFO - learning rate = 0.0002000
2026-03-04 20:49:42,881 - utils.logger2026-03-04-20.49.03 - INFO - Val result of epoch 9 / 40 acc 0.7054 MAE 0.5273 f1 0.7155
2026-03-04 20:49:43,378 - utils.logger2026-03-04-20.49.03 - INFO - Tst result of epoch 9 / 40 acc 0.7054 MAE 0.5273 f1 0.7155
2026-03-04 20:49:44,557 - utils.logger2026-03-04-20.49.03 - INFO - Cur epoch 10 loss TA:0.8604 TV:0.8701 VA:1.7193 CE:1.1129
2026-03-04 20:49:45,524 - utils.logger2026-03-04-20.49.03 - INFO - Cur epoch 10 loss TA:0.8458 TV:0.8410 VA:1.6886 CE:0.9440
2026-03-04 20:49:46,492 - utils.logger2026-03-04-20.49.03 - INFO - Cur epoch 10 loss TA:0.5617 TV:0.5920 VA:1.0951 CE:1.4825
2026-03-04 20:49:46,563 - utils.logger2026-03-04-20.49.03 - INFO - saving the model at the end of epoch 10, iters 280
2026-03-04 20:49:46,732 - utils.logger2026-03-04-20.49.03 - INFO - End of training epoch 10 / 40 	 Time Taken: 3 sec
2026-03-04 20:49:46,732 - utils.logger2026-03-04-20.49.03 - INFO - learning rate = 0.0002000
2026-03-04 20:49:47,337 - utils.logger2026-03-04-20.49.03 - INFO - Val result of epoch 10 / 40 acc 0.6741 MAE 0.5395 f1 0.7041
2026-03-04 20:49:47,897 - utils.logger2026-03-04-20.49.03 - INFO - Tst result of epoch 10 / 40 acc 0.6741 MAE 0.5395 f1 0.7041
2026-03-04 20:49:49,283 - utils.logger2026-03-04-20.49.03 - INFO - Cur epoch 11 loss TA:0.8609 TV:0.8536 VA:1.6945 CE:1.2184
2026-03-04 20:49:50,299 - utils.logger2026-03-04-20.49.03 - INFO - Cur epoch 11 loss TA:0.8514 TV:0.8496 VA:1.6706 CE:1.1665
2026-03-04 20:49:51,231 - utils.logger2026-03-04-20.49.03 - INFO - saving the model at the end of epoch 11, iters 308
2026-03-04 20:49:51,371 - utils.logger2026-03-04-20.49.03 - INFO - End of training epoch 11 / 40 	 Time Taken: 3 sec
2026-03-04 20:49:51,371 - utils.logger2026-03-04-20.49.03 - INFO - learning rate = 0.0002000
2026-03-04 20:49:51,931 - utils.logger2026-03-04-20.49.03 - INFO - Val result of epoch 11 / 40 acc 0.7188 MAE 0.5590 f1 0.7279
2026-03-04 20:49:52,523 - utils.logger2026-03-04-20.49.03 - INFO - Tst result of epoch 11 / 40 acc 0.7188 MAE 0.5590 f1 0.7279
2026-03-04 20:49:53,067 - utils.logger2026-03-04-20.49.03 - INFO - Cur epoch 12 loss TA:0.8227 TV:0.8368 VA:1.6867 CE:0.7606
2026-03-04 20:49:54,060 - utils.logger2026-03-04-20.49.03 - INFO - Cur epoch 12 loss TA:0.8177 TV:0.8228 VA:1.6242 CE:1.0965
2026-03-04 20:49:54,984 - utils.logger2026-03-04-20.49.03 - INFO - Cur epoch 12 loss TA:0.8230 TV:0.8316 VA:1.6930 CE:1.0375
2026-03-04 20:49:55,601 - utils.logger2026-03-04-20.49.03 - INFO - saving the model at the end of epoch 12, iters 336
2026-03-04 20:49:55,767 - utils.logger2026-03-04-20.49.03 - INFO - End of training epoch 12 / 40 	 Time Taken: 3 sec
2026-03-04 20:49:55,767 - utils.logger2026-03-04-20.49.03 - INFO - learning rate = 0.0002000
2026-03-04 20:49:56,308 - utils.logger2026-03-04-20.49.03 - INFO - Val result of epoch 12 / 40 acc 0.7277 MAE 0.5663 f1 0.7372
2026-03-04 20:49:56,872 - utils.logger2026-03-04-20.49.03 - INFO - Tst result of epoch 12 / 40 acc 0.7277 MAE 0.5663 f1 0.7372
2026-03-04 20:49:57,646 - utils.logger2026-03-04-20.49.03 - INFO - Cur epoch 13 loss TA:0.8246 TV:0.8460 VA:1.7121 CE:0.8876
2026-03-04 20:49:58,640 - utils.logger2026-03-04-20.49.03 - INFO - Cur epoch 13 loss TA:0.8084 TV:0.8363 VA:1.6069 CE:0.7977
2026-03-04 20:49:59,649 - utils.logger2026-03-04-20.49.03 - INFO - Cur epoch 13 loss TA:0.7954 TV:0.8109 VA:1.6453 CE:0.8326
2026-03-04 20:50:00,080 - utils.logger2026-03-04-20.49.03 - INFO - saving the model at the end of epoch 13, iters 364
2026-03-04 20:50:00,238 - utils.logger2026-03-04-20.49.03 - INFO - End of training epoch 13 / 40 	 Time Taken: 3 sec
2026-03-04 20:50:00,238 - utils.logger2026-03-04-20.49.03 - INFO - learning rate = 0.0002000
2026-03-04 20:50:00,780 - utils.logger2026-03-04-20.49.03 - INFO - Val result of epoch 13 / 40 acc 0.6786 MAE 0.5720 f1 0.6998
2026-03-04 20:50:01,311 - utils.logger2026-03-04-20.49.03 - INFO - Tst result of epoch 13 / 40 acc 0.6786 MAE 0.5720 f1 0.6998
2026-03-04 20:50:02,306 - utils.logger2026-03-04-20.49.03 - INFO - Cur epoch 14 loss TA:0.7922 TV:0.7883 VA:1.5645 CE:0.8466
2026-03-04 20:50:03,257 - utils.logger2026-03-04-20.49.03 - INFO - Cur epoch 14 loss TA:0.8259 TV:0.8403 VA:1.6010 CE:0.9436
2026-03-04 20:50:04,195 - utils.logger2026-03-04-20.49.03 - INFO - Cur epoch 14 loss TA:0.7705 TV:0.7934 VA:1.5599 CE:0.5966
2026-03-04 20:50:04,450 - utils.logger2026-03-04-20.49.03 - INFO - saving the model at the end of epoch 14, iters 392
2026-03-04 20:50:04,612 - utils.logger2026-03-04-20.49.03 - INFO - End of training epoch 14 / 40 	 Time Taken: 3 sec
2026-03-04 20:50:04,612 - utils.logger2026-03-04-20.49.03 - INFO - learning rate = 0.0002000
2026-03-04 20:50:05,122 - utils.logger2026-03-04-20.49.03 - INFO - Val result of epoch 14 / 40 acc 0.7054 MAE 0.5689 f1 0.7236
2026-03-04 20:50:05,623 - utils.logger2026-03-04-20.49.03 - INFO - Tst result of epoch 14 / 40 acc 0.7054 MAE 0.5689 f1 0.7236
2026-03-04 20:50:06,745 - utils.logger2026-03-04-20.49.03 - INFO - Cur epoch 15 loss TA:0.7978 TV:0.7875 VA:1.5482 CE:0.7442
2026-03-04 20:50:07,714 - utils.logger2026-03-04-20.49.03 - INFO - Cur epoch 15 loss TA:0.7692 TV:0.7988 VA:1.5685 CE:0.7046
2026-03-04 20:50:08,701 - utils.logger2026-03-04-20.49.03 - INFO - Cur epoch 15 loss TA:0.4586 TV:0.4916 VA:0.9480 CE:0.5757
2026-03-04 20:50:08,777 - utils.logger2026-03-04-20.49.03 - INFO - saving the model at the end of epoch 15, iters 420
2026-03-04 20:50:08,924 - utils.logger2026-03-04-20.49.03 - INFO - End of training epoch 15 / 40 	 Time Taken: 3 sec
2026-03-04 20:50:08,924 - utils.logger2026-03-04-20.49.03 - INFO - learning rate = 0.0002000
2026-03-04 20:50:09,505 - utils.logger2026-03-04-20.49.03 - INFO - Val result of epoch 15 / 40 acc 0.7098 MAE 0.5725 f1 0.7233
2026-03-04 20:50:10,076 - utils.logger2026-03-04-20.49.03 - INFO - Tst result of epoch 15 / 40 acc 0.7098 MAE 0.5725 f1 0.7233
2026-03-04 20:50:11,386 - utils.logger2026-03-04-20.49.03 - INFO - Cur epoch 16 loss TA:0.7759 TV:0.7608 VA:1.5813 CE:0.5514
2026-03-04 20:50:12,342 - utils.logger2026-03-04-20.49.03 - INFO - Cur epoch 16 loss TA:0.8205 TV:0.7911 VA:1.6011 CE:0.7038
2026-03-04 20:50:13,182 - utils.logger2026-03-04-20.49.03 - INFO - saving the model at the end of epoch 16, iters 448
2026-03-04 20:50:13,357 - utils.logger2026-03-04-20.49.03 - INFO - End of training epoch 16 / 40 	 Time Taken: 3 sec
2026-03-04 20:50:13,357 - utils.logger2026-03-04-20.49.03 - INFO - learning rate = 0.0002000
2026-03-04 20:50:13,909 - utils.logger2026-03-04-20.49.03 - INFO - Val result of epoch 16 / 40 acc 0.7277 MAE 0.5745 f1 0.7372
2026-03-04 20:50:14,446 - utils.logger2026-03-04-20.49.03 - INFO - Tst result of epoch 16 / 40 acc 0.7277 MAE 0.5745 f1 0.7372
2026-03-04 20:50:15,034 - utils.logger2026-03-04-20.49.03 - INFO - Cur epoch 17 loss TA:0.7762 TV:0.8083 VA:1.5556 CE:0.6609
2026-03-04 20:50:15,998 - utils.logger2026-03-04-20.49.03 - INFO - Cur epoch 17 loss TA:0.7668 TV:0.7793 VA:1.4837 CE:0.8158
2026-03-04 20:50:16,936 - utils.logger2026-03-04-20.49.03 - INFO - Cur epoch 17 loss TA:0.7834 TV:0.7673 VA:1.5522 CE:0.6283
2026-03-04 20:50:17,566 - utils.logger2026-03-04-20.49.03 - INFO - saving the model at the end of epoch 17, iters 476
2026-03-04 20:50:17,715 - utils.logger2026-03-04-20.49.03 - INFO - End of training epoch 17 / 40 	 Time Taken: 3 sec
2026-03-04 20:50:17,715 - utils.logger2026-03-04-20.49.03 - INFO - learning rate = 0.0002000
2026-03-04 20:50:18,247 - utils.logger2026-03-04-20.49.03 - INFO - Val result of epoch 17 / 40 acc 0.7098 MAE 0.5765 f1 0.7238
2026-03-04 20:50:18,772 - utils.logger2026-03-04-20.49.03 - INFO - Tst result of epoch 17 / 40 acc 0.7098 MAE 0.5765 f1 0.7238
2026-03-04 20:50:19,476 - utils.logger2026-03-04-20.49.03 - INFO - Cur epoch 18 loss TA:0.7524 TV:0.7346 VA:1.4907 CE:0.6376
2026-03-04 20:50:20,422 - utils.logger2026-03-04-20.49.03 - INFO - Cur epoch 18 loss TA:0.7457 TV:0.7675 VA:1.4904 CE:0.5528
2026-03-04 20:50:21,310 - utils.logger2026-03-04-20.49.03 - INFO - Cur epoch 18 loss TA:0.7577 TV:0.7783 VA:1.5153 CE:0.5293
2026-03-04 20:50:21,711 - utils.logger2026-03-04-20.49.03 - INFO - saving the model at the end of epoch 18, iters 504
2026-03-04 20:50:21,851 - utils.logger2026-03-04-20.49.03 - INFO - End of training epoch 18 / 40 	 Time Taken: 3 sec
2026-03-04 20:50:21,852 - utils.logger2026-03-04-20.49.03 - INFO - learning rate = 0.0002000
2026-03-04 20:50:22,397 - utils.logger2026-03-04-20.49.03 - INFO - Val result of epoch 18 / 40 acc 0.6786 MAE 0.5535 f1 0.6871
2026-03-04 20:50:22,912 - utils.logger2026-03-04-20.49.03 - INFO - Tst result of epoch 18 / 40 acc 0.6786 MAE 0.5535 f1 0.6871
2026-03-04 20:50:23,754 - utils.logger2026-03-04-20.49.03 - INFO - Cur epoch 19 loss TA:0.7346 TV:0.7383 VA:1.4792 CE:0.7008
2026-03-04 20:50:24,610 - utils.logger2026-03-04-20.49.03 - INFO - Cur epoch 19 loss TA:0.7756 TV:0.7615 VA:1.5256 CE:0.5525
2026-03-04 20:50:25,561 - utils.logger2026-03-04-20.49.03 - INFO - Cur epoch 19 loss TA:0.7328 TV:0.7038 VA:1.4639 CE:0.5224
2026-03-04 20:50:25,803 - utils.logger2026-03-04-20.49.03 - INFO - saving the model at the end of epoch 19, iters 532
2026-03-04 20:50:25,937 - utils.logger2026-03-04-20.49.03 - INFO - End of training epoch 19 / 40 	 Time Taken: 3 sec
2026-03-04 20:50:25,937 - utils.logger2026-03-04-20.49.03 - INFO - learning rate = 0.0002000
2026-03-04 20:50:26,515 - utils.logger2026-03-04-20.49.03 - INFO - Val result of epoch 19 / 40 acc 0.7232 MAE 0.5701 f1 0.7326
2026-03-04 20:50:27,073 - utils.logger2026-03-04-20.49.03 - INFO - Tst result of epoch 19 / 40 acc 0.7232 MAE 0.5701 f1 0.7326
2026-03-04 20:50:28,248 - utils.logger2026-03-04-20.49.03 - INFO - Cur epoch 20 loss TA:0.7217 TV:0.7259 VA:1.4600 CE:0.5651
2026-03-04 20:50:29,280 - utils.logger2026-03-04-20.49.03 - INFO - Cur epoch 20 loss TA:0.7846 TV:0.7981 VA:1.5653 CE:0.6843
2026-03-04 20:50:30,238 - utils.logger2026-03-04-20.49.03 - INFO - Cur epoch 20 loss TA:0.4875 TV:0.4550 VA:1.0597 CE:0.4839
2026-03-04 20:50:30,311 - utils.logger2026-03-04-20.49.03 - INFO - saving the model at the end of epoch 20, iters 560
2026-03-04 20:50:30,467 - utils.logger2026-03-04-20.49.03 - INFO - End of training epoch 20 / 40 	 Time Taken: 3 sec
2026-03-04 20:50:30,467 - utils.logger2026-03-04-20.49.03 - INFO - learning rate = 0.0002000
2026-03-04 20:50:31,022 - utils.logger2026-03-04-20.49.03 - INFO - Val result of epoch 20 / 40 acc 0.7009 MAE 0.5773 f1 0.7241
2026-03-04 20:50:31,590 - utils.logger2026-03-04-20.49.03 - INFO - Tst result of epoch 20 / 40 acc 0.7009 MAE 0.5773 f1 0.7241
2026-03-04 20:50:32,867 - utils.logger2026-03-04-20.49.03 - INFO - Cur epoch 21 loss TA:0.7270 TV:0.7397 VA:1.4510 CE:0.3306
2026-03-04 20:50:33,823 - utils.logger2026-03-04-20.49.03 - INFO - Cur epoch 21 loss TA:0.7040 TV:0.7388 VA:1.4831 CE:0.7175
2026-03-04 20:50:34,633 - utils.logger2026-03-04-20.49.03 - INFO - saving the model at the end of epoch 21, iters 588
2026-03-04 20:50:34,796 - utils.logger2026-03-04-20.49.03 - INFO - End of training epoch 21 / 40 	 Time Taken: 3 sec
2026-03-04 20:50:34,796 - utils.logger2026-03-04-20.49.03 - INFO - learning rate = 0.0002000
2026-03-04 20:50:35,352 - utils.logger2026-03-04-20.49.03 - INFO - Val result of epoch 21 / 40 acc 0.6875 MAE 0.5800 f1 0.7103
2026-03-04 20:50:35,911 - utils.logger2026-03-04-20.49.03 - INFO - Tst result of epoch 21 / 40 acc 0.6875 MAE 0.5800 f1 0.7103
2026-03-04 20:50:36,526 - utils.logger2026-03-04-20.49.03 - INFO - Cur epoch 22 loss TA:0.7321 TV:0.7540 VA:1.4382 CE:0.5673
2026-03-04 20:50:37,540 - utils.logger2026-03-04-20.49.03 - INFO - Cur epoch 22 loss TA:0.7476 TV:0.7460 VA:1.4534 CE:0.4835
2026-03-04 20:50:38,535 - utils.logger2026-03-04-20.49.03 - INFO - Cur epoch 22 loss TA:0.7569 TV:0.7685 VA:1.5166 CE:0.4450
2026-03-04 20:50:39,190 - utils.logger2026-03-04-20.49.03 - INFO - saving the model at the end of epoch 22, iters 616
2026-03-04 20:50:39,332 - utils.logger2026-03-04-20.49.03 - INFO - End of training epoch 22 / 40 	 Time Taken: 3 sec
2026-03-04 20:50:39,332 - utils.logger2026-03-04-20.49.03 - INFO - learning rate = 0.0002000
2026-03-04 20:50:39,926 - utils.logger2026-03-04-20.49.03 - INFO - Val result of epoch 22 / 40 acc 0.7321 MAE 0.5849 f1 0.7419
2026-03-04 20:50:40,487 - utils.logger2026-03-04-20.49.03 - INFO - Tst result of epoch 22 / 40 acc 0.7321 MAE 0.5849 f1 0.7419
2026-03-04 20:50:41,261 - utils.logger2026-03-04-20.49.03 - INFO - Cur epoch 23 loss TA:0.7193 TV:0.7244 VA:1.4123 CE:0.3474
2026-03-04 20:50:42,164 - utils.logger2026-03-04-20.49.03 - INFO - Cur epoch 23 loss TA:0.7355 TV:0.7293 VA:1.5014 CE:0.5433
2026-03-04 20:50:43,131 - utils.logger2026-03-04-20.49.03 - INFO - Cur epoch 23 loss TA:0.7129 TV:0.7236 VA:1.4914 CE:0.4546
2026-03-04 20:50:43,578 - utils.logger2026-03-04-20.49.03 - INFO - saving the model at the end of epoch 23, iters 644
2026-03-04 20:50:43,728 - utils.logger2026-03-04-20.49.03 - INFO - End of training epoch 23 / 40 	 Time Taken: 3 sec
2026-03-04 20:50:43,728 - utils.logger2026-03-04-20.49.03 - INFO - learning rate = 0.0002000
2026-03-04 20:50:44,299 - utils.logger2026-03-04-20.49.03 - INFO - Val result of epoch 23 / 40 acc 0.6920 MAE 0.5745 f1 0.7097
2026-03-04 20:50:44,864 - utils.logger2026-03-04-20.49.03 - INFO - Tst result of epoch 23 / 40 acc 0.6920 MAE 0.5745 f1 0.7097
2026-03-04 20:50:45,854 - utils.logger2026-03-04-20.49.03 - INFO - Cur epoch 24 loss TA:0.7234 TV:0.7457 VA:1.4630 CE:0.4706
2026-03-04 20:50:46,824 - utils.logger2026-03-04-20.49.03 - INFO - Cur epoch 24 loss TA:0.7093 TV:0.7209 VA:1.4225 CE:0.2853
2026-03-04 20:50:47,808 - utils.logger2026-03-04-20.49.03 - INFO - Cur epoch 24 loss TA:0.7077 TV:0.7047 VA:1.4328 CE:0.3903
2026-03-04 20:50:48,083 - utils.logger2026-03-04-20.49.03 - INFO - saving the model at the end of epoch 24, iters 672
2026-03-04 20:50:48,241 - utils.logger2026-03-04-20.49.03 - INFO - End of training epoch 24 / 40 	 Time Taken: 3 sec
2026-03-04 20:50:48,241 - utils.logger2026-03-04-20.49.03 - INFO - learning rate = 0.0002000
2026-03-04 20:50:48,823 - utils.logger2026-03-04-20.49.03 - INFO - Val result of epoch 24 / 40 acc 0.7366 MAE 0.6027 f1 0.7419
2026-03-04 20:50:49,397 - utils.logger2026-03-04-20.49.03 - INFO - Tst result of epoch 24 / 40 acc 0.7366 MAE 0.6027 f1 0.7419
2026-03-04 20:50:50,519 - utils.logger2026-03-04-20.49.03 - INFO - Cur epoch 25 loss TA:0.7434 TV:0.7111 VA:1.4552 CE:0.3285
2026-03-04 20:50:51,531 - utils.logger2026-03-04-20.49.03 - INFO - Cur epoch 25 loss TA:0.6823 TV:0.6836 VA:1.3825 CE:0.5014
2026-03-04 20:50:52,529 - utils.logger2026-03-04-20.49.03 - INFO - Cur epoch 25 loss TA:0.4390 TV:0.3999 VA:0.8991 CE:0.4762
2026-03-04 20:50:52,580 - utils.logger2026-03-04-20.49.03 - INFO - saving the model at the end of epoch 25, iters 700
2026-03-04 20:50:52,728 - utils.logger2026-03-04-20.49.03 - INFO - End of training epoch 25 / 40 	 Time Taken: 3 sec
2026-03-04 20:50:52,728 - utils.logger2026-03-04-20.49.03 - INFO - learning rate = 0.0002000
2026-03-04 20:50:53,300 - utils.logger2026-03-04-20.49.03 - INFO - Val result of epoch 25 / 40 acc 0.7188 MAE 0.5876 f1 0.7328
2026-03-04 20:50:53,875 - utils.logger2026-03-04-20.49.03 - INFO - Tst result of epoch 25 / 40 acc 0.7188 MAE 0.5876 f1 0.7328
2026-03-04 20:50:55,228 - utils.logger2026-03-04-20.49.03 - INFO - Cur epoch 26 loss TA:0.6830 TV:0.6758 VA:1.3951 CE:0.3995
2026-03-04 20:50:56,308 - utils.logger2026-03-04-20.49.03 - INFO - Cur epoch 26 loss TA:0.6774 TV:0.6713 VA:1.3258 CE:0.3276
2026-03-04 20:50:57,180 - utils.logger2026-03-04-20.49.03 - INFO - saving the model at the end of epoch 26, iters 728
2026-03-04 20:50:57,331 - utils.logger2026-03-04-20.49.03 - INFO - End of training epoch 26 / 40 	 Time Taken: 3 sec
2026-03-04 20:50:57,332 - utils.logger2026-03-04-20.49.03 - INFO - learning rate = 0.0002000
2026-03-04 20:50:57,873 - utils.logger2026-03-04-20.49.03 - INFO - Val result of epoch 26 / 40 acc 0.7143 MAE 0.5948 f1 0.7284
2026-03-04 20:50:58,394 - utils.logger2026-03-04-20.49.03 - INFO - Tst result of epoch 26 / 40 acc 0.7143 MAE 0.5948 f1 0.7284
2026-03-04 20:50:58,972 - utils.logger2026-03-04-20.49.03 - INFO - Cur epoch 27 loss TA:0.7181 TV:0.7197 VA:1.4651 CE:0.3744
2026-03-04 20:50:59,869 - utils.logger2026-03-04-20.49.03 - INFO - Cur epoch 27 loss TA:0.6581 TV:0.6670 VA:1.3439 CE:0.3463
2026-03-04 20:51:00,786 - utils.logger2026-03-04-20.49.03 - INFO - Cur epoch 27 loss TA:0.6869 TV:0.6989 VA:1.4402 CE:0.4040
2026-03-04 20:51:01,429 - utils.logger2026-03-04-20.49.03 - INFO - saving the model at the end of epoch 27, iters 756
2026-03-04 20:51:01,567 - utils.logger2026-03-04-20.49.03 - INFO - End of training epoch 27 / 40 	 Time Taken: 3 sec
2026-03-04 20:51:01,567 - utils.logger2026-03-04-20.49.03 - INFO - learning rate = 0.0002000
2026-03-04 20:51:02,066 - utils.logger2026-03-04-20.49.03 - INFO - Val result of epoch 27 / 40 acc 0.6741 MAE 0.5893 f1 0.6935
2026-03-04 20:51:02,566 - utils.logger2026-03-04-20.49.03 - INFO - Tst result of epoch 27 / 40 acc 0.6741 MAE 0.5893 f1 0.6935
2026-03-04 20:51:03,254 - utils.logger2026-03-04-20.49.03 - INFO - Cur epoch 28 loss TA:0.6697 TV:0.6852 VA:1.3769 CE:0.3233
2026-03-04 20:51:04,103 - utils.logger2026-03-04-20.49.03 - INFO - Cur epoch 28 loss TA:0.6528 TV:0.6550 VA:1.3321 CE:0.3035
2026-03-04 20:51:04,972 - utils.logger2026-03-04-20.49.03 - INFO - Cur epoch 28 loss TA:0.6912 TV:0.6992 VA:1.4222 CE:0.3414
2026-03-04 20:51:05,390 - utils.logger2026-03-04-20.49.03 - INFO - saving the model at the end of epoch 28, iters 784
2026-03-04 20:51:05,529 - utils.logger2026-03-04-20.49.03 - INFO - End of training epoch 28 / 40 	 Time Taken: 2 sec
2026-03-04 20:51:05,529 - utils.logger2026-03-04-20.49.03 - INFO - learning rate = 0.0002000
2026-03-04 20:51:06,079 - utils.logger2026-03-04-20.49.03 - INFO - Val result of epoch 28 / 40 acc 0.7188 MAE 0.5889 f1 0.7284
2026-03-04 20:51:06,575 - utils.logger2026-03-04-20.49.03 - INFO - Tst result of epoch 28 / 40 acc 0.7188 MAE 0.5889 f1 0.7284
2026-03-04 20:51:07,411 - utils.logger2026-03-04-20.49.03 - INFO - Cur epoch 29 loss TA:0.6867 TV:0.6600 VA:1.3508 CE:0.2449
2026-03-04 20:51:08,261 - utils.logger2026-03-04-20.49.03 - INFO - Cur epoch 29 loss TA:0.6832 TV:0.6787 VA:1.3648 CE:0.3246
2026-03-04 20:51:09,140 - utils.logger2026-03-04-20.49.03 - INFO - Cur epoch 29 loss TA:0.6887 TV:0.6794 VA:1.3788 CE:0.3093
2026-03-04 20:51:09,364 - utils.logger2026-03-04-20.49.03 - INFO - saving the model at the end of epoch 29, iters 812
2026-03-04 20:51:09,499 - utils.logger2026-03-04-20.49.03 - INFO - End of training epoch 29 / 40 	 Time Taken: 2 sec
2026-03-04 20:51:09,499 - utils.logger2026-03-04-20.49.03 - INFO - learning rate = 0.0002000
2026-03-04 20:51:10,016 - utils.logger2026-03-04-20.49.03 - INFO - Val result of epoch 29 / 40 acc 0.6920 MAE 0.5927 f1 0.7107
2026-03-04 20:51:10,527 - utils.logger2026-03-04-20.49.03 - INFO - Tst result of epoch 29 / 40 acc 0.6920 MAE 0.5927 f1 0.7107
2026-03-04 20:51:11,686 - utils.logger2026-03-04-20.49.03 - INFO - Cur epoch 30 loss TA:0.6560 TV:0.6851 VA:1.3482 CE:0.3886
2026-03-04 20:51:12,688 - utils.logger2026-03-04-20.49.03 - INFO - Cur epoch 30 loss TA:0.6467 TV:0.6648 VA:1.3109 CE:0.3726
2026-03-04 20:51:13,664 - utils.logger2026-03-04-20.49.03 - INFO - Cur epoch 30 loss TA:0.4420 TV:0.4068 VA:0.8318 CE:0.3443
2026-03-04 20:51:13,726 - utils.logger2026-03-04-20.49.03 - INFO - saving the model at the end of epoch 30, iters 840
2026-03-04 20:51:13,880 - utils.logger2026-03-04-20.49.03 - INFO - End of training epoch 30 / 40 	 Time Taken: 3 sec
2026-03-04 20:51:13,880 - utils.logger2026-03-04-20.49.03 - INFO - learning rate = 0.0001818
2026-03-04 20:51:14,377 - utils.logger2026-03-04-20.49.03 - INFO - Val result of epoch 30 / 40 acc 0.6875 MAE 0.5828 f1 0.7023
2026-03-04 20:51:14,915 - utils.logger2026-03-04-20.49.03 - INFO - Tst result of epoch 30 / 40 acc 0.6875 MAE 0.5828 f1 0.7023
2026-03-04 20:51:16,189 - utils.logger2026-03-04-20.49.03 - INFO - Cur epoch 31 loss TA:0.6883 TV:0.6982 VA:1.4218 CE:0.4111
2026-03-04 20:51:17,121 - utils.logger2026-03-04-20.49.03 - INFO - Cur epoch 31 loss TA:0.6558 TV:0.6610 VA:1.3147 CE:0.3031
2026-03-04 20:51:17,955 - utils.logger2026-03-04-20.49.03 - INFO - saving the model at the end of epoch 31, iters 868
2026-03-04 20:51:18,114 - utils.logger2026-03-04-20.49.03 - INFO - End of training epoch 31 / 40 	 Time Taken: 3 sec
2026-03-04 20:51:18,114 - utils.logger2026-03-04-20.49.03 - INFO - learning rate = 0.0001636
2026-03-04 20:51:18,671 - utils.logger2026-03-04-20.49.03 - INFO - Val result of epoch 31 / 40 acc 0.7277 MAE 0.6048 f1 0.7328
2026-03-04 20:51:19,223 - utils.logger2026-03-04-20.49.03 - INFO - Tst result of epoch 31 / 40 acc 0.7277 MAE 0.6048 f1 0.7328
2026-03-04 20:51:19,835 - utils.logger2026-03-04-20.49.03 - INFO - Cur epoch 32 loss TA:0.6684 TV:0.6641 VA:1.3803 CE:0.3882
2026-03-04 20:51:20,807 - utils.logger2026-03-04-20.49.03 - INFO - Cur epoch 32 loss TA:0.6529 TV:0.6616 VA:1.3476 CE:0.3925
2026-03-04 20:51:21,803 - utils.logger2026-03-04-20.49.03 - INFO - Cur epoch 32 loss TA:0.6633 TV:0.6681 VA:1.3243 CE:0.3620
2026-03-04 20:51:22,446 - utils.logger2026-03-04-20.49.03 - INFO - saving the model at the end of epoch 32, iters 896
2026-03-04 20:51:22,592 - utils.logger2026-03-04-20.49.03 - INFO - End of training epoch 32 / 40 	 Time Taken: 3 sec
2026-03-04 20:51:22,592 - utils.logger2026-03-04-20.49.03 - INFO - learning rate = 0.0001455
2026-03-04 20:51:23,115 - utils.logger2026-03-04-20.49.03 - INFO - Val result of epoch 32 / 40 acc 0.7411 MAE 0.6019 f1 0.7468
2026-03-04 20:51:23,643 - utils.logger2026-03-04-20.49.03 - INFO - Tst result of epoch 32 / 40 acc 0.7411 MAE 0.6019 f1 0.7468
2026-03-04 20:51:24,420 - utils.logger2026-03-04-20.49.03 - INFO - Cur epoch 33 loss TA:0.6243 TV:0.6306 VA:1.2749 CE:0.1838
2026-03-04 20:51:25,377 - utils.logger2026-03-04-20.49.03 - INFO - Cur epoch 33 loss TA:0.6554 TV:0.6676 VA:1.3518 CE:0.3545
2026-03-04 20:51:26,280 - utils.logger2026-03-04-20.49.03 - INFO - Cur epoch 33 loss TA:0.6527 TV:0.6533 VA:1.3139 CE:0.3440
2026-03-04 20:51:26,691 - utils.logger2026-03-04-20.49.03 - INFO - saving the model at the end of epoch 33, iters 924
2026-03-04 20:51:26,829 - utils.logger2026-03-04-20.49.03 - INFO - End of training epoch 33 / 40 	 Time Taken: 3 sec
2026-03-04 20:51:26,830 - utils.logger2026-03-04-20.49.03 - INFO - learning rate = 0.0001273
2026-03-04 20:51:27,393 - utils.logger2026-03-04-20.49.03 - INFO - Val result of epoch 33 / 40 acc 0.7366 MAE 0.5992 f1 0.7466
2026-03-04 20:51:27,941 - utils.logger2026-03-04-20.49.03 - INFO - Tst result of epoch 33 / 40 acc 0.7366 MAE 0.5992 f1 0.7466
2026-03-04 20:51:28,863 - utils.logger2026-03-04-20.49.03 - INFO - Cur epoch 34 loss TA:0.6599 TV:0.6703 VA:1.3781 CE:0.3481
2026-03-04 20:51:29,710 - utils.logger2026-03-04-20.49.03 - INFO - Cur epoch 34 loss TA:0.6438 TV:0.6570 VA:1.3366 CE:0.2892
2026-03-04 20:51:30,580 - utils.logger2026-03-04-20.49.03 - INFO - Cur epoch 34 loss TA:0.6439 TV:0.6368 VA:1.2408 CE:0.2924
2026-03-04 20:51:30,799 - utils.logger2026-03-04-20.49.03 - INFO - saving the model at the end of epoch 34, iters 952
2026-03-04 20:51:30,933 - utils.logger2026-03-04-20.49.03 - INFO - End of training epoch 34 / 40 	 Time Taken: 2 sec
2026-03-04 20:51:30,934 - utils.logger2026-03-04-20.49.03 - INFO - learning rate = 0.0001091
2026-03-04 20:51:31,482 - utils.logger2026-03-04-20.49.03 - INFO - Val result of epoch 34 / 40 acc 0.7232 MAE 0.5952 f1 0.7326
2026-03-04 20:51:32,002 - utils.logger2026-03-04-20.49.03 - INFO - Tst result of epoch 34 / 40 acc 0.7232 MAE 0.5952 f1 0.7326
2026-03-04 20:51:33,146 - utils.logger2026-03-04-20.49.03 - INFO - Cur epoch 35 loss TA:0.6420 TV:0.6452 VA:1.3017 CE:0.4037
2026-03-04 20:51:34,120 - utils.logger2026-03-04-20.49.03 - INFO - Cur epoch 35 loss TA:0.6529 TV:0.6386 VA:1.3374 CE:0.2305
2026-03-04 20:51:35,066 - utils.logger2026-03-04-20.49.03 - INFO - Cur epoch 35 loss TA:0.3406 TV:0.3631 VA:0.7177 CE:0.5480
2026-03-04 20:51:35,132 - utils.logger2026-03-04-20.49.03 - INFO - saving the model at the end of epoch 35, iters 980
2026-03-04 20:51:35,264 - utils.logger2026-03-04-20.49.03 - INFO - End of training epoch 35 / 40 	 Time Taken: 3 sec
2026-03-04 20:51:35,264 - utils.logger2026-03-04-20.49.03 - INFO - learning rate = 0.0000909
2026-03-04 20:51:35,808 - utils.logger2026-03-04-20.49.03 - INFO - Val result of epoch 35 / 40 acc 0.7366 MAE 0.5890 f1 0.7419
2026-03-04 20:51:36,309 - utils.logger2026-03-04-20.49.03 - INFO - Tst result of epoch 35 / 40 acc 0.7366 MAE 0.5890 f1 0.7419
2026-03-04 20:51:37,725 - utils.logger2026-03-04-20.49.03 - INFO - Cur epoch 36 loss TA:0.6380 TV:0.6268 VA:1.3025 CE:0.2403
2026-03-04 20:51:38,729 - utils.logger2026-03-04-20.49.03 - INFO - Cur epoch 36 loss TA:0.6739 TV:0.6506 VA:1.3231 CE:0.2543
2026-03-04 20:51:39,673 - utils.logger2026-03-04-20.49.03 - INFO - saving the model at the end of epoch 36, iters 1008
2026-03-04 20:51:39,844 - utils.logger2026-03-04-20.49.03 - INFO - End of training epoch 36 / 40 	 Time Taken: 3 sec
2026-03-04 20:51:39,844 - utils.logger2026-03-04-20.49.03 - INFO - learning rate = 0.0000727
2026-03-04 20:51:40,385 - utils.logger2026-03-04-20.49.03 - INFO - Val result of epoch 36 / 40 acc 0.7188 MAE 0.5906 f1 0.7284
2026-03-04 20:51:40,890 - utils.logger2026-03-04-20.49.03 - INFO - Tst result of epoch 36 / 40 acc 0.7188 MAE 0.5906 f1 0.7284
2026-03-04 20:51:41,431 - utils.logger2026-03-04-20.49.03 - INFO - Cur epoch 37 loss TA:0.6249 TV:0.6265 VA:1.2564 CE:0.2829
2026-03-04 20:51:42,326 - utils.logger2026-03-04-20.49.03 - INFO - Cur epoch 37 loss TA:0.6075 TV:0.6211 VA:1.2718 CE:0.2244
2026-03-04 20:51:43,250 - utils.logger2026-03-04-20.49.03 - INFO - Cur epoch 37 loss TA:0.6441 TV:0.6274 VA:1.2553 CE:0.2655
2026-03-04 20:51:43,842 - utils.logger2026-03-04-20.49.03 - INFO - saving the model at the end of epoch 37, iters 1036
2026-03-04 20:51:43,974 - utils.logger2026-03-04-20.49.03 - INFO - End of training epoch 37 / 40 	 Time Taken: 3 sec
2026-03-04 20:51:43,974 - utils.logger2026-03-04-20.49.03 - INFO - learning rate = 0.0000545
2026-03-04 20:51:44,486 - utils.logger2026-03-04-20.49.03 - INFO - Val result of epoch 37 / 40 acc 0.7188 MAE 0.5962 f1 0.7282
2026-03-04 20:51:44,963 - utils.logger2026-03-04-20.49.03 - INFO - Tst result of epoch 37 / 40 acc 0.7188 MAE 0.5962 f1 0.7282
2026-03-04 20:51:45,646 - utils.logger2026-03-04-20.49.03 - INFO - Cur epoch 38 loss TA:0.6005 TV:0.6156 VA:1.2467 CE:0.2101
2026-03-04 20:51:46,517 - utils.logger2026-03-04-20.49.03 - INFO - Cur epoch 38 loss TA:0.6687 TV:0.6552 VA:1.3404 CE:0.3245
2026-03-04 20:51:47,357 - utils.logger2026-03-04-20.49.03 - INFO - Cur epoch 38 loss TA:0.6227 TV:0.6123 VA:1.2870 CE:0.2484
2026-03-04 20:51:47,720 - utils.logger2026-03-04-20.49.03 - INFO - saving the model at the end of epoch 38, iters 1064
2026-03-04 20:51:47,855 - utils.logger2026-03-04-20.49.03 - INFO - End of training epoch 38 / 40 	 Time Taken: 2 sec
2026-03-04 20:51:47,855 - utils.logger2026-03-04-20.49.03 - INFO - learning rate = 0.0000364
2026-03-04 20:51:48,381 - utils.logger2026-03-04-20.49.03 - INFO - Val result of epoch 38 / 40 acc 0.7277 MAE 0.6063 f1 0.7374
2026-03-04 20:51:48,863 - utils.logger2026-03-04-20.49.03 - INFO - Tst result of epoch 38 / 40 acc 0.7277 MAE 0.6063 f1 0.7374
2026-03-04 20:51:49,735 - utils.logger2026-03-04-20.49.03 - INFO - Cur epoch 39 loss TA:0.6065 TV:0.6061 VA:1.2454 CE:0.1654
2026-03-04 20:51:50,584 - utils.logger2026-03-04-20.49.03 - INFO - Cur epoch 39 loss TA:0.6274 TV:0.6463 VA:1.2969 CE:0.2597
2026-03-04 20:51:51,386 - utils.logger2026-03-04-20.49.03 - INFO - Cur epoch 39 loss TA:0.6056 TV:0.6173 VA:1.2680 CE:0.2720
2026-03-04 20:51:51,605 - utils.logger2026-03-04-20.49.03 - INFO - saving the model at the end of epoch 39, iters 1092
2026-03-04 20:51:51,737 - utils.logger2026-03-04-20.49.03 - INFO - End of training epoch 39 / 40 	 Time Taken: 2 sec
2026-03-04 20:51:51,737 - utils.logger2026-03-04-20.49.03 - INFO - learning rate = 0.0000182
2026-03-04 20:51:52,266 - utils.logger2026-03-04-20.49.03 - INFO - Val result of epoch 39 / 40 acc 0.7232 MAE 0.6009 f1 0.7330
2026-03-04 20:51:52,756 - utils.logger2026-03-04-20.49.03 - INFO - Tst result of epoch 39 / 40 acc 0.7232 MAE 0.6009 f1 0.7330
2026-03-04 20:51:53,779 - utils.logger2026-03-04-20.49.03 - INFO - Cur epoch 40 loss TA:0.6092 TV:0.6046 VA:1.2140 CE:0.2277
2026-03-04 20:51:54,741 - utils.logger2026-03-04-20.49.03 - INFO - Cur epoch 40 loss TA:0.5943 TV:0.5922 VA:1.1917 CE:0.2011
2026-03-04 20:51:55,728 - utils.logger2026-03-04-20.49.03 - INFO - Cur epoch 40 loss TA:0.2560 TV:0.2521 VA:0.5200 CE:0.2828
2026-03-04 20:51:55,803 - utils.logger2026-03-04-20.49.03 - INFO - saving the model at the end of epoch 40, iters 1120
2026-03-04 20:51:55,936 - utils.logger2026-03-04-20.49.03 - INFO - End of training epoch 40 / 40 	 Time Taken: 3 sec
2026-03-04 20:51:55,936 - utils.logger2026-03-04-20.49.03 - INFO - learning rate = 0.0000000
2026-03-04 20:51:56,494 - utils.logger2026-03-04-20.49.03 - INFO - Val result of epoch 40 / 40 acc 0.7232 MAE 0.5996 f1 0.7330
2026-03-04 20:51:57,025 - utils.logger2026-03-04-20.49.03 - INFO - Tst result of epoch 40 / 40 acc 0.7232 MAE 0.5996 f1 0.7330
2026-03-04 20:51:57,025 - utils.logger2026-03-04-20.49.03 - INFO - Best eval epoch 32 found with f1 0.746781
