2026-03-04 21:13:24,678 - utils.logger2026-03-04-21.13.17 - INFO - The number of training samples = 1750
2026-03-04 21:13:24,678 - utils.logger2026-03-04-21.13.17 - INFO - The number of testing samples = 1344
2026-03-04 21:13:28,206 - utils.logger2026-03-04-21.13.17 - INFO - Cur epoch 1 loss CE:107.7379 mse:330.8483 consistent:166.0498
2026-03-04 21:13:29,227 - utils.logger2026-03-04-21.13.17 - INFO - Cur epoch 1 loss CE:13.0733 mse:62.5143 consistent:157.5855
2026-03-04 21:13:30,208 - utils.logger2026-03-04-21.13.17 - INFO - saving the model at the end of epoch 1, iters 28
2026-03-04 21:13:30,440 - utils.logger2026-03-04-21.13.17 - INFO - End of training epoch 1 / 40 	 Time Taken: 4 sec
2026-03-04 21:13:30,441 - utils.logger2026-03-04-21.13.17 - INFO - learning rate = 0.0002000
2026-03-04 21:13:32,776 - utils.logger2026-03-04-21.13.17 - INFO - Val result of epoch 1 / 40 mae 1.4694 corr -0.0029 f1 0.4882
2026-03-04 21:13:34,720 - utils.logger2026-03-04-21.13.17 - INFO - Tst result of epoch 1 / 40 mae 1.4579 corr -0.0047 f1 0.5123
2026-03-04 21:13:35,965 - utils.logger2026-03-04-21.13.17 - INFO - Cur epoch 2 loss CE:8.8500 mse:29.2170 consistent:149.8326
2026-03-04 21:13:36,940 - utils.logger2026-03-04-21.13.17 - INFO - Cur epoch 2 loss CE:7.6005 mse:14.0252 consistent:140.0852
2026-03-04 21:13:37,878 - utils.logger2026-03-04-21.13.17 - INFO - Cur epoch 2 loss CE:5.3409 mse:14.4669 consistent:134.0751
2026-03-04 21:13:38,612 - utils.logger2026-03-04-21.13.17 - INFO - saving the model at the end of epoch 2, iters 56
2026-03-04 21:13:38,833 - utils.logger2026-03-04-21.13.17 - INFO - End of training epoch 2 / 40 	 Time Taken: 4 sec
2026-03-04 21:13:38,834 - utils.logger2026-03-04-21.13.17 - INFO - learning rate = 0.0002000
2026-03-04 21:13:40,825 - utils.logger2026-03-04-21.13.17 - INFO - Val result of epoch 2 / 40 mae 1.3078 corr 0.0797 f1 0.5316
2026-03-04 21:13:42,791 - utils.logger2026-03-04-21.13.17 - INFO - Tst result of epoch 2 / 40 mae 1.3366 corr 0.0705 f1 0.5141
2026-03-04 21:13:44,134 - utils.logger2026-03-04-21.13.17 - INFO - Cur epoch 3 loss CE:4.8883 mse:11.6916 consistent:129.1516
2026-03-04 21:13:44,992 - utils.logger2026-03-04-21.13.17 - INFO - Cur epoch 3 loss CE:2.8089 mse:11.2710 consistent:128.8802
2026-03-04 21:13:45,942 - utils.logger2026-03-04-21.13.17 - INFO - Cur epoch 3 loss CE:3.1478 mse:11.6852 consistent:128.9092
2026-03-04 21:13:46,501 - utils.logger2026-03-04-21.13.17 - INFO - saving the model at the end of epoch 3, iters 84
2026-03-04 21:13:46,686 - utils.logger2026-03-04-21.13.17 - INFO - End of training epoch 3 / 40 	 Time Taken: 3 sec
2026-03-04 21:13:46,686 - utils.logger2026-03-04-21.13.17 - INFO - learning rate = 0.0002000
2026-03-04 21:13:48,633 - utils.logger2026-03-04-21.13.17 - INFO - Val result of epoch 3 / 40 mae 1.2591 corr 0.2872 f1 0.6033
2026-03-04 21:13:50,565 - utils.logger2026-03-04-21.13.17 - INFO - Tst result of epoch 3 / 40 mae 1.2837 corr 0.2762 f1 0.5932
2026-03-04 21:13:52,159 - utils.logger2026-03-04-21.13.17 - INFO - Cur epoch 4 loss CE:2.2917 mse:11.4777 consistent:128.7397
2026-03-04 21:13:53,111 - utils.logger2026-03-04-21.13.17 - INFO - Cur epoch 4 loss CE:2.7120 mse:11.2212 consistent:113.1613
2026-03-04 21:13:54,112 - utils.logger2026-03-04-21.13.17 - INFO - Cur epoch 4 loss CE:1.8397 mse:11.2951 consistent:120.1744
2026-03-04 21:13:54,459 - utils.logger2026-03-04-21.13.17 - INFO - saving the model at the end of epoch 4, iters 112
2026-03-04 21:13:54,666 - utils.logger2026-03-04-21.13.17 - INFO - End of training epoch 4 / 40 	 Time Taken: 4 sec
2026-03-04 21:13:54,667 - utils.logger2026-03-04-21.13.17 - INFO - learning rate = 0.0002000
2026-03-04 21:13:56,661 - utils.logger2026-03-04-21.13.17 - INFO - Val result of epoch 4 / 40 mae 1.2125 corr 0.3925 f1 0.6303
2026-03-04 21:13:58,665 - utils.logger2026-03-04-21.13.17 - INFO - Tst result of epoch 4 / 40 mae 1.2357 corr 0.4039 f1 0.6131
2026-03-04 21:14:00,471 - utils.logger2026-03-04-21.13.17 - INFO - Cur epoch 5 loss CE:3.5058 mse:20.5810 consistent:128.4200
2026-03-04 21:14:01,521 - utils.logger2026-03-04-21.13.17 - INFO - Cur epoch 5 loss CE:2.3326 mse:11.3914 consistent:116.5543
2026-03-04 21:14:02,516 - utils.logger2026-03-04-21.13.17 - INFO - Cur epoch 5 loss CE:1.5958 mse:11.6088 consistent:116.6998
2026-03-04 21:14:02,672 - utils.logger2026-03-04-21.13.17 - INFO - saving the model at the end of epoch 5, iters 140
2026-03-04 21:14:02,917 - utils.logger2026-03-04-21.13.17 - INFO - End of training epoch 5 / 40 	 Time Taken: 4 sec
2026-03-04 21:14:02,917 - utils.logger2026-03-04-21.13.17 - INFO - learning rate = 0.0002000
2026-03-04 21:14:04,957 - utils.logger2026-03-04-21.13.17 - INFO - Val result of epoch 5 / 40 mae 1.1858 corr 0.4106 f1 0.6412
2026-03-04 21:14:06,922 - utils.logger2026-03-04-21.13.17 - INFO - Tst result of epoch 5 / 40 mae 1.2015 corr 0.4548 f1 0.6288
2026-03-04 21:14:08,992 - utils.logger2026-03-04-21.13.17 - INFO - Cur epoch 6 loss CE:2.3519 mse:11.0884 consistent:113.5457
2026-03-04 21:14:09,980 - utils.logger2026-03-04-21.13.17 - INFO - Cur epoch 6 loss CE:2.3579 mse:10.7527 consistent:110.7099
2026-03-04 21:14:10,896 - utils.logger2026-03-04-21.13.17 - INFO - saving the model at the end of epoch 6, iters 168
2026-03-04 21:14:11,101 - utils.logger2026-03-04-21.13.17 - INFO - End of training epoch 6 / 40 	 Time Taken: 4 sec
2026-03-04 21:14:11,101 - utils.logger2026-03-04-21.13.17 - INFO - learning rate = 0.0002000
2026-03-04 21:14:13,097 - utils.logger2026-03-04-21.13.17 - INFO - Val result of epoch 6 / 40 mae 1.1522 corr 0.4269 f1 0.6526
2026-03-04 21:14:15,130 - utils.logger2026-03-04-21.13.17 - INFO - Tst result of epoch 6 / 40 mae 1.1666 corr 0.4704 f1 0.6437
2026-03-04 21:14:16,377 - utils.logger2026-03-04-21.13.17 - INFO - Cur epoch 7 loss CE:2.4405 mse:11.5951 consistent:118.1869
2026-03-04 21:14:17,338 - utils.logger2026-03-04-21.13.17 - INFO - Cur epoch 7 loss CE:1.9412 mse:10.6273 consistent:110.0652
2026-03-04 21:14:18,321 - utils.logger2026-03-04-21.13.17 - INFO - Cur epoch 7 loss CE:2.3776 mse:10.9164 consistent:112.5996
2026-03-04 21:14:19,089 - utils.logger2026-03-04-21.13.17 - INFO - saving the model at the end of epoch 7, iters 196
2026-03-04 21:14:19,282 - utils.logger2026-03-04-21.13.17 - INFO - End of training epoch 7 / 40 	 Time Taken: 4 sec
2026-03-04 21:14:19,282 - utils.logger2026-03-04-21.13.17 - INFO - learning rate = 0.0002000
2026-03-04 21:14:21,221 - utils.logger2026-03-04-21.13.17 - INFO - Val result of epoch 7 / 40 mae 1.1459 corr 0.4274 f1 0.6607
2026-03-04 21:14:23,209 - utils.logger2026-03-04-21.13.17 - INFO - Tst result of epoch 7 / 40 mae 1.1737 corr 0.4783 f1 0.6436
2026-03-04 21:14:24,622 - utils.logger2026-03-04-21.13.17 - INFO - Cur epoch 8 loss CE:2.1495 mse:11.9913 consistent:116.9561
2026-03-04 21:14:25,566 - utils.logger2026-03-04-21.13.17 - INFO - Cur epoch 8 loss CE:2.2120 mse:10.6576 consistent:111.5257
2026-03-04 21:14:26,440 - utils.logger2026-03-04-21.13.17 - INFO - Cur epoch 8 loss CE:1.6671 mse:11.3354 consistent:116.6150
2026-03-04 21:14:26,974 - utils.logger2026-03-04-21.13.17 - INFO - saving the model at the end of epoch 8, iters 224
2026-03-04 21:14:27,218 - utils.logger2026-03-04-21.13.17 - INFO - End of training epoch 8 / 40 	 Time Taken: 4 sec
2026-03-04 21:14:27,218 - utils.logger2026-03-04-21.13.17 - INFO - learning rate = 0.0002000
2026-03-04 21:14:29,149 - utils.logger2026-03-04-21.13.17 - INFO - Val result of epoch 8 / 40 mae 1.1313 corr 0.4475 f1 0.6626
2026-03-04 21:14:31,184 - utils.logger2026-03-04-21.13.17 - INFO - Tst result of epoch 8 / 40 mae 1.1558 corr 0.5025 f1 0.6432
2026-03-04 21:14:32,722 - utils.logger2026-03-04-21.13.17 - INFO - Cur epoch 9 loss CE:1.7075 mse:10.7112 consistent:107.3946
2026-03-04 21:14:33,658 - utils.logger2026-03-04-21.13.17 - INFO - Cur epoch 9 loss CE:2.2487 mse:11.3557 consistent:118.5083
2026-03-04 21:14:34,552 - utils.logger2026-03-04-21.13.17 - INFO - Cur epoch 9 loss CE:2.2850 mse:10.8682 consistent:115.1473
2026-03-04 21:14:34,885 - utils.logger2026-03-04-21.13.17 - INFO - saving the model at the end of epoch 9, iters 252
2026-03-04 21:14:35,075 - utils.logger2026-03-04-21.13.17 - INFO - End of training epoch 9 / 40 	 Time Taken: 3 sec
2026-03-04 21:14:35,075 - utils.logger2026-03-04-21.13.17 - INFO - learning rate = 0.0002000
2026-03-04 21:14:37,032 - utils.logger2026-03-04-21.13.17 - INFO - Val result of epoch 9 / 40 mae 1.1387 corr 0.4503 f1 0.6572
2026-03-04 21:14:38,949 - utils.logger2026-03-04-21.13.17 - INFO - Tst result of epoch 9 / 40 mae 1.1518 corr 0.4926 f1 0.6488
2026-03-04 21:14:40,780 - utils.logger2026-03-04-21.13.17 - INFO - Cur epoch 10 loss CE:2.0407 mse:11.4752 consistent:118.0716
2026-03-04 21:14:41,779 - utils.logger2026-03-04-21.13.17 - INFO - Cur epoch 10 loss CE:2.0430 mse:11.3128 consistent:115.2138
2026-03-04 21:14:42,774 - utils.logger2026-03-04-21.13.17 - INFO - Cur epoch 10 loss CE:2.4097 mse:11.0960 consistent:110.0187
2026-03-04 21:14:42,921 - utils.logger2026-03-04-21.13.17 - INFO - saving the model at the end of epoch 10, iters 280
2026-03-04 21:14:43,164 - utils.logger2026-03-04-21.13.17 - INFO - End of training epoch 10 / 40 	 Time Taken: 4 sec
2026-03-04 21:14:43,164 - utils.logger2026-03-04-21.13.17 - INFO - learning rate = 0.0002000
2026-03-04 21:14:45,275 - utils.logger2026-03-04-21.13.17 - INFO - Val result of epoch 10 / 40 mae 1.1434 corr 0.4521 f1 0.6413
2026-03-04 21:14:47,234 - utils.logger2026-03-04-21.13.17 - INFO - Tst result of epoch 10 / 40 mae 1.1367 corr 0.4848 f1 0.6470
2026-03-04 21:14:49,250 - utils.logger2026-03-04-21.13.17 - INFO - Cur epoch 11 loss CE:1.9389 mse:10.8518 consistent:110.0821
2026-03-04 21:14:50,220 - utils.logger2026-03-04-21.13.17 - INFO - Cur epoch 11 loss CE:1.7565 mse:10.5144 consistent:110.2938
2026-03-04 21:14:51,199 - utils.logger2026-03-04-21.13.17 - INFO - saving the model at the end of epoch 11, iters 308
2026-03-04 21:14:51,396 - utils.logger2026-03-04-21.13.17 - INFO - End of training epoch 11 / 40 	 Time Taken: 4 sec
2026-03-04 21:14:51,397 - utils.logger2026-03-04-21.13.17 - INFO - learning rate = 0.0002000
2026-03-04 21:14:53,461 - utils.logger2026-03-04-21.13.17 - INFO - Val result of epoch 11 / 40 mae 1.1220 corr 0.4568 f1 0.6568
2026-03-04 21:14:55,419 - utils.logger2026-03-04-21.13.17 - INFO - Tst result of epoch 11 / 40 mae 1.1244 corr 0.5000 f1 0.6567
2026-03-04 21:14:56,701 - utils.logger2026-03-04-21.13.17 - INFO - Cur epoch 12 loss CE:1.7137 mse:10.7618 consistent:113.3418
2026-03-04 21:14:57,711 - utils.logger2026-03-04-21.13.17 - INFO - Cur epoch 12 loss CE:2.2385 mse:11.0910 consistent:107.1590
2026-03-04 21:14:58,703 - utils.logger2026-03-04-21.13.17 - INFO - Cur epoch 12 loss CE:2.3358 mse:10.4893 consistent:106.9857
2026-03-04 21:14:59,452 - utils.logger2026-03-04-21.13.17 - INFO - saving the model at the end of epoch 12, iters 336
2026-03-04 21:14:59,656 - utils.logger2026-03-04-21.13.17 - INFO - End of training epoch 12 / 40 	 Time Taken: 4 sec
2026-03-04 21:14:59,656 - utils.logger2026-03-04-21.13.17 - INFO - learning rate = 0.0002000
2026-03-04 21:15:01,620 - utils.logger2026-03-04-21.13.17 - INFO - Val result of epoch 12 / 40 mae 1.1084 corr 0.4679 f1 0.6556
2026-03-04 21:15:03,634 - utils.logger2026-03-04-21.13.17 - INFO - Tst result of epoch 12 / 40 mae 1.0987 corr 0.4994 f1 0.6532
2026-03-04 21:15:05,087 - utils.logger2026-03-04-21.13.17 - INFO - Cur epoch 13 loss CE:1.3961 mse:10.2942 consistent:107.6454
2026-03-04 21:15:06,118 - utils.logger2026-03-04-21.13.17 - INFO - Cur epoch 13 loss CE:1.8352 mse:10.4846 consistent:103.5445
2026-03-04 21:15:07,319 - utils.logger2026-03-04-21.13.17 - INFO - Cur epoch 13 loss CE:1.6618 mse:10.8182 consistent:112.5612
2026-03-04 21:15:07,904 - utils.logger2026-03-04-21.13.17 - INFO - saving the model at the end of epoch 13, iters 364
2026-03-04 21:15:08,093 - utils.logger2026-03-04-21.13.17 - INFO - End of training epoch 13 / 40 	 Time Taken: 4 sec
2026-03-04 21:15:08,093 - utils.logger2026-03-04-21.13.17 - INFO - learning rate = 0.0002000
2026-03-04 21:15:10,045 - utils.logger2026-03-04-21.13.17 - INFO - Val result of epoch 13 / 40 mae 1.1039 corr 0.4678 f1 0.6496
2026-03-04 21:15:12,022 - utils.logger2026-03-04-21.13.17 - INFO - Tst result of epoch 13 / 40 mae 1.1021 corr 0.5043 f1 0.6523
2026-03-04 21:15:13,710 - utils.logger2026-03-04-21.13.17 - INFO - Cur epoch 14 loss CE:1.4778 mse:10.6580 consistent:106.4163
2026-03-04 21:15:14,619 - utils.logger2026-03-04-21.13.17 - INFO - Cur epoch 14 loss CE:2.0282 mse:10.7085 consistent:105.7965
2026-03-04 21:15:15,594 - utils.logger2026-03-04-21.13.17 - INFO - Cur epoch 14 loss CE:2.6291 mse:13.3525 consistent:118.9268
2026-03-04 21:15:15,941 - utils.logger2026-03-04-21.13.17 - INFO - saving the model at the end of epoch 14, iters 392
2026-03-04 21:15:16,136 - utils.logger2026-03-04-21.13.17 - INFO - End of training epoch 14 / 40 	 Time Taken: 4 sec
2026-03-04 21:15:16,136 - utils.logger2026-03-04-21.13.17 - INFO - learning rate = 0.0002000
2026-03-04 21:15:18,114 - utils.logger2026-03-04-21.13.17 - INFO - Val result of epoch 14 / 40 mae 1.1028 corr 0.4788 f1 0.6620
2026-03-04 21:15:20,056 - utils.logger2026-03-04-21.13.17 - INFO - Tst result of epoch 14 / 40 mae 1.1030 corr 0.5042 f1 0.6481
2026-03-04 21:15:21,810 - utils.logger2026-03-04-21.13.17 - INFO - Cur epoch 15 loss CE:1.9187 mse:9.9831 consistent:104.5139
2026-03-04 21:15:22,863 - utils.logger2026-03-04-21.13.17 - INFO - Cur epoch 15 loss CE:1.5379 mse:11.1793 consistent:118.3877
2026-03-04 21:15:23,839 - utils.logger2026-03-04-21.13.17 - INFO - Cur epoch 15 loss CE:1.1517 mse:11.1381 consistent:107.2855
2026-03-04 21:15:23,986 - utils.logger2026-03-04-21.13.17 - INFO - saving the model at the end of epoch 15, iters 420
2026-03-04 21:15:24,174 - utils.logger2026-03-04-21.13.17 - INFO - End of training epoch 15 / 40 	 Time Taken: 4 sec
2026-03-04 21:15:24,175 - utils.logger2026-03-04-21.13.17 - INFO - learning rate = 0.0002000
2026-03-04 21:15:26,200 - utils.logger2026-03-04-21.13.17 - INFO - Val result of epoch 15 / 40 mae 1.1235 corr 0.4526 f1 0.6635
2026-03-04 21:15:28,144 - utils.logger2026-03-04-21.13.17 - INFO - Tst result of epoch 15 / 40 mae 1.1231 corr 0.4847 f1 0.6501
2026-03-04 21:15:30,186 - utils.logger2026-03-04-21.13.17 - INFO - Cur epoch 16 loss CE:1.6189 mse:11.4419 consistent:114.8223
2026-03-04 21:15:31,218 - utils.logger2026-03-04-21.13.17 - INFO - Cur epoch 16 loss CE:2.1171 mse:10.5065 consistent:112.2261
2026-03-04 21:15:32,148 - utils.logger2026-03-04-21.13.17 - INFO - saving the model at the end of epoch 16, iters 448
2026-03-04 21:15:32,355 - utils.logger2026-03-04-21.13.17 - INFO - End of training epoch 16 / 40 	 Time Taken: 4 sec
2026-03-04 21:15:32,356 - utils.logger2026-03-04-21.13.17 - INFO - learning rate = 0.0002000
2026-03-04 21:15:34,391 - utils.logger2026-03-04-21.13.17 - INFO - Val result of epoch 16 / 40 mae 1.1160 corr 0.4599 f1 0.6530
2026-03-04 21:15:36,528 - utils.logger2026-03-04-21.13.17 - INFO - Tst result of epoch 16 / 40 mae 1.1092 corr 0.4864 f1 0.6576
2026-03-04 21:15:37,801 - utils.logger2026-03-04-21.13.17 - INFO - Cur epoch 17 loss CE:1.7740 mse:11.1491 consistent:112.7586
2026-03-04 21:15:38,888 - utils.logger2026-03-04-21.13.17 - INFO - Cur epoch 17 loss CE:1.5571 mse:11.0580 consistent:109.8415
2026-03-04 21:15:39,933 - utils.logger2026-03-04-21.13.17 - INFO - Cur epoch 17 loss CE:1.5984 mse:9.8704 consistent:99.7748
2026-03-04 21:15:40,715 - utils.logger2026-03-04-21.13.17 - INFO - saving the model at the end of epoch 17, iters 476
2026-03-04 21:15:40,936 - utils.logger2026-03-04-21.13.17 - INFO - End of training epoch 17 / 40 	 Time Taken: 4 sec
2026-03-04 21:15:40,936 - utils.logger2026-03-04-21.13.17 - INFO - learning rate = 0.0002000
2026-03-04 21:15:43,051 - utils.logger2026-03-04-21.13.17 - INFO - Val result of epoch 17 / 40 mae 1.1063 corr 0.4640 f1 0.6577
2026-03-04 21:15:45,023 - utils.logger2026-03-04-21.13.17 - INFO - Tst result of epoch 17 / 40 mae 1.1147 corr 0.5007 f1 0.6551
2026-03-04 21:15:46,466 - utils.logger2026-03-04-21.13.17 - INFO - Cur epoch 18 loss CE:1.3996 mse:10.3387 consistent:109.9912
2026-03-04 21:15:47,539 - utils.logger2026-03-04-21.13.17 - INFO - Cur epoch 18 loss CE:1.1728 mse:9.8284 consistent:99.1450
2026-03-04 21:15:48,647 - utils.logger2026-03-04-21.13.17 - INFO - Cur epoch 18 loss CE:2.0489 mse:10.1702 consistent:105.2430
2026-03-04 21:15:49,225 - utils.logger2026-03-04-21.13.17 - INFO - saving the model at the end of epoch 18, iters 504
2026-03-04 21:15:49,430 - utils.logger2026-03-04-21.13.17 - INFO - End of training epoch 18 / 40 	 Time Taken: 4 sec
2026-03-04 21:15:49,430 - utils.logger2026-03-04-21.13.17 - INFO - learning rate = 0.0002000
2026-03-04 21:15:51,447 - utils.logger2026-03-04-21.13.17 - INFO - Val result of epoch 18 / 40 mae 1.1140 corr 0.4546 f1 0.6643
2026-03-04 21:15:53,442 - utils.logger2026-03-04-21.13.17 - INFO - Tst result of epoch 18 / 40 mae 1.1216 corr 0.4898 f1 0.6654
2026-03-04 21:15:55,056 - utils.logger2026-03-04-21.13.17 - INFO - Cur epoch 19 loss CE:1.4842 mse:10.2403 consistent:114.8236
2026-03-04 21:15:56,043 - utils.logger2026-03-04-21.13.17 - INFO - Cur epoch 19 loss CE:1.5797 mse:10.0286 consistent:111.3017
2026-03-04 21:15:57,134 - utils.logger2026-03-04-21.13.17 - INFO - Cur epoch 19 loss CE:1.7005 mse:8.7365 consistent:102.8817
2026-03-04 21:15:57,486 - utils.logger2026-03-04-21.13.17 - INFO - saving the model at the end of epoch 19, iters 532
2026-03-04 21:15:57,712 - utils.logger2026-03-04-21.13.17 - INFO - End of training epoch 19 / 40 	 Time Taken: 4 sec
2026-03-04 21:15:57,713 - utils.logger2026-03-04-21.13.17 - INFO - learning rate = 0.0002000
2026-03-04 21:15:59,715 - utils.logger2026-03-04-21.13.17 - INFO - Val result of epoch 19 / 40 mae 1.1127 corr 0.4577 f1 0.6497
2026-03-04 21:16:01,690 - utils.logger2026-03-04-21.13.17 - INFO - Tst result of epoch 19 / 40 mae 1.1061 corr 0.5047 f1 0.6539
2026-03-04 21:16:03,487 - utils.logger2026-03-04-21.13.17 - INFO - Cur epoch 20 loss CE:1.6747 mse:8.1913 consistent:108.8700
2026-03-04 21:16:04,391 - utils.logger2026-03-04-21.13.17 - INFO - Cur epoch 20 loss CE:1.5990 mse:8.3022 consistent:109.7219
2026-03-04 21:16:05,371 - utils.logger2026-03-04-21.13.17 - INFO - Cur epoch 20 loss CE:1.2725 mse:6.6126 consistent:111.3045
2026-03-04 21:16:05,519 - utils.logger2026-03-04-21.13.17 - INFO - saving the model at the end of epoch 20, iters 560
2026-03-04 21:16:05,729 - utils.logger2026-03-04-21.13.17 - INFO - End of training epoch 20 / 40 	 Time Taken: 4 sec
2026-03-04 21:16:05,730 - utils.logger2026-03-04-21.13.17 - INFO - learning rate = 0.0001905
2026-03-04 21:16:07,690 - utils.logger2026-03-04-21.13.17 - INFO - Val result of epoch 20 / 40 mae 1.1171 corr 0.4655 f1 0.6629
2026-03-04 21:16:09,606 - utils.logger2026-03-04-21.13.17 - INFO - Tst result of epoch 20 / 40 mae 1.1265 corr 0.4931 f1 0.6540
2026-03-04 21:16:11,563 - utils.logger2026-03-04-21.13.17 - INFO - Cur epoch 21 loss CE:1.2569 mse:5.4446 consistent:107.9934
2026-03-04 21:16:12,489 - utils.logger2026-03-04-21.13.17 - INFO - Cur epoch 21 loss CE:1.6171 mse:4.6268 consistent:105.2676
2026-03-04 21:16:13,406 - utils.logger2026-03-04-21.13.17 - INFO - saving the model at the end of epoch 21, iters 588
2026-03-04 21:16:13,592 - utils.logger2026-03-04-21.13.17 - INFO - End of training epoch 21 / 40 	 Time Taken: 3 sec
2026-03-04 21:16:13,592 - utils.logger2026-03-04-21.13.17 - INFO - learning rate = 0.0001810
2026-03-04 21:16:15,614 - utils.logger2026-03-04-21.13.17 - INFO - Val result of epoch 21 / 40 mae 1.1224 corr 0.4655 f1 0.6614
2026-03-04 21:16:17,639 - utils.logger2026-03-04-21.13.17 - INFO - Tst result of epoch 21 / 40 mae 1.1399 corr 0.4898 f1 0.6532
2026-03-04 21:16:18,895 - utils.logger2026-03-04-21.13.17 - INFO - Cur epoch 22 loss CE:1.3436 mse:4.5273 consistent:114.1524
2026-03-04 21:16:19,881 - utils.logger2026-03-04-21.13.17 - INFO - Cur epoch 22 loss CE:1.6676 mse:3.9202 consistent:114.5058
2026-03-04 21:16:20,970 - utils.logger2026-03-04-21.13.17 - INFO - Cur epoch 22 loss CE:1.4149 mse:3.8644 consistent:102.3250
2026-03-04 21:16:21,793 - utils.logger2026-03-04-21.13.17 - INFO - saving the model at the end of epoch 22, iters 616
2026-03-04 21:16:21,996 - utils.logger2026-03-04-21.13.17 - INFO - End of training epoch 22 / 40 	 Time Taken: 4 sec
2026-03-04 21:16:21,996 - utils.logger2026-03-04-21.13.17 - INFO - learning rate = 0.0001714
2026-03-04 21:16:23,936 - utils.logger2026-03-04-21.13.17 - INFO - Val result of epoch 22 / 40 mae 1.1292 corr 0.4521 f1 0.6738
2026-03-04 21:16:25,940 - utils.logger2026-03-04-21.13.17 - INFO - Tst result of epoch 22 / 40 mae 1.1387 corr 0.5035 f1 0.6571
2026-03-04 21:16:27,332 - utils.logger2026-03-04-21.13.17 - INFO - Cur epoch 23 loss CE:1.3396 mse:3.2785 consistent:102.4360
2026-03-04 21:16:28,281 - utils.logger2026-03-04-21.13.17 - INFO - Cur epoch 23 loss CE:1.3586 mse:2.9584 consistent:108.1956
2026-03-04 21:16:29,248 - utils.logger2026-03-04-21.13.17 - INFO - Cur epoch 23 loss CE:1.6628 mse:2.6830 consistent:106.8638
2026-03-04 21:16:29,784 - utils.logger2026-03-04-21.13.17 - INFO - saving the model at the end of epoch 23, iters 644
2026-03-04 21:16:29,981 - utils.logger2026-03-04-21.13.17 - INFO - End of training epoch 23 / 40 	 Time Taken: 4 sec
2026-03-04 21:16:29,981 - utils.logger2026-03-04-21.13.17 - INFO - learning rate = 0.0001619
2026-03-04 21:16:31,947 - utils.logger2026-03-04-21.13.17 - INFO - Val result of epoch 23 / 40 mae 1.1209 corr 0.4653 f1 0.6617
2026-03-04 21:16:33,972 - utils.logger2026-03-04-21.13.17 - INFO - Tst result of epoch 23 / 40 mae 1.1233 corr 0.5098 f1 0.6674
2026-03-04 21:16:35,521 - utils.logger2026-03-04-21.13.17 - INFO - Cur epoch 24 loss CE:1.4897 mse:2.5819 consistent:110.3109
2026-03-04 21:16:36,489 - utils.logger2026-03-04-21.13.17 - INFO - Cur epoch 24 loss CE:1.6526 mse:2.3976 consistent:107.5479
2026-03-04 21:16:37,503 - utils.logger2026-03-04-21.13.17 - INFO - Cur epoch 24 loss CE:1.2712 mse:2.1898 consistent:105.9605
2026-03-04 21:16:37,852 - utils.logger2026-03-04-21.13.17 - INFO - saving the model at the end of epoch 24, iters 672
2026-03-04 21:16:38,104 - utils.logger2026-03-04-21.13.17 - INFO - End of training epoch 24 / 40 	 Time Taken: 4 sec
2026-03-04 21:16:38,105 - utils.logger2026-03-04-21.13.17 - INFO - learning rate = 0.0001524
2026-03-04 21:16:40,147 - utils.logger2026-03-04-21.13.17 - INFO - Val result of epoch 24 / 40 mae 1.1402 corr 0.4401 f1 0.6569
2026-03-04 21:16:42,118 - utils.logger2026-03-04-21.13.17 - INFO - Tst result of epoch 24 / 40 mae 1.1594 corr 0.4982 f1 0.6484
2026-03-04 21:16:44,027 - utils.logger2026-03-04-21.13.17 - INFO - Cur epoch 25 loss CE:1.3537 mse:2.1954 consistent:107.1185
2026-03-04 21:16:45,058 - utils.logger2026-03-04-21.13.17 - INFO - Cur epoch 25 loss CE:1.3566 mse:1.9738 consistent:108.6753
2026-03-04 21:16:46,156 - utils.logger2026-03-04-21.13.17 - INFO - Cur epoch 25 loss CE:1.5110 mse:1.8923 consistent:106.8643
2026-03-04 21:16:46,306 - utils.logger2026-03-04-21.13.17 - INFO - saving the model at the end of epoch 25, iters 700
2026-03-04 21:16:46,513 - utils.logger2026-03-04-21.13.17 - INFO - End of training epoch 25 / 40 	 Time Taken: 4 sec
2026-03-04 21:16:46,513 - utils.logger2026-03-04-21.13.17 - INFO - learning rate = 0.0001429
2026-03-04 21:16:48,524 - utils.logger2026-03-04-21.13.17 - INFO - Val result of epoch 25 / 40 mae 1.1325 corr 0.4511 f1 0.6616
2026-03-04 21:16:50,521 - utils.logger2026-03-04-21.13.17 - INFO - Tst result of epoch 25 / 40 mae 1.1297 corr 0.5141 f1 0.6692
2026-03-04 21:16:52,562 - utils.logger2026-03-04-21.13.17 - INFO - Cur epoch 26 loss CE:1.4261 mse:1.8571 consistent:109.0047
2026-03-04 21:16:53,512 - utils.logger2026-03-04-21.13.17 - INFO - Cur epoch 26 loss CE:1.7634 mse:2.0010 consistent:110.5128
2026-03-04 21:16:54,489 - utils.logger2026-03-04-21.13.17 - INFO - saving the model at the end of epoch 26, iters 728
2026-03-04 21:16:54,698 - utils.logger2026-03-04-21.13.17 - INFO - End of training epoch 26 / 40 	 Time Taken: 4 sec
2026-03-04 21:16:54,699 - utils.logger2026-03-04-21.13.17 - INFO - learning rate = 0.0001333
2026-03-04 21:16:56,637 - utils.logger2026-03-04-21.13.17 - INFO - Val result of epoch 26 / 40 mae 1.1245 corr 0.4543 f1 0.6628
2026-03-04 21:16:58,612 - utils.logger2026-03-04-21.13.17 - INFO - Tst result of epoch 26 / 40 mae 1.1401 corr 0.5005 f1 0.6536
2026-03-04 21:16:59,860 - utils.logger2026-03-04-21.13.17 - INFO - Cur epoch 27 loss CE:1.2173 mse:1.6566 consistent:100.3892
2026-03-04 21:17:00,799 - utils.logger2026-03-04-21.13.17 - INFO - Cur epoch 27 loss CE:1.8181 mse:1.7619 consistent:109.3891
2026-03-04 21:17:01,745 - utils.logger2026-03-04-21.13.17 - INFO - Cur epoch 27 loss CE:1.5410 mse:1.8932 consistent:109.6726
2026-03-04 21:17:02,419 - utils.logger2026-03-04-21.13.17 - INFO - saving the model at the end of epoch 27, iters 756
2026-03-04 21:17:02,615 - utils.logger2026-03-04-21.13.17 - INFO - End of training epoch 27 / 40 	 Time Taken: 4 sec
2026-03-04 21:17:02,615 - utils.logger2026-03-04-21.13.17 - INFO - learning rate = 0.0001238
2026-03-04 21:17:04,629 - utils.logger2026-03-04-21.13.17 - INFO - Val result of epoch 27 / 40 mae 1.1414 corr 0.4601 f1 0.6567
2026-03-04 21:17:06,543 - utils.logger2026-03-04-21.13.17 - INFO - Tst result of epoch 27 / 40 mae 1.1315 corr 0.5019 f1 0.6813
2026-03-04 21:17:08,029 - utils.logger2026-03-04-21.13.17 - INFO - Cur epoch 28 loss CE:1.7850 mse:1.7177 consistent:101.0721
2026-03-04 21:17:09,047 - utils.logger2026-03-04-21.13.17 - INFO - Cur epoch 28 loss CE:1.1145 mse:1.6633 consistent:109.7210
2026-03-04 21:17:10,063 - utils.logger2026-03-04-21.13.17 - INFO - Cur epoch 28 loss CE:1.3393 mse:1.6645 consistent:115.2493
2026-03-04 21:17:10,654 - utils.logger2026-03-04-21.13.17 - INFO - saving the model at the end of epoch 28, iters 784
2026-03-04 21:17:10,857 - utils.logger2026-03-04-21.13.17 - INFO - End of training epoch 28 / 40 	 Time Taken: 4 sec
2026-03-04 21:17:10,857 - utils.logger2026-03-04-21.13.17 - INFO - learning rate = 0.0001143
2026-03-04 21:17:12,839 - utils.logger2026-03-04-21.13.17 - INFO - Val result of epoch 28 / 40 mae 1.1097 corr 0.4676 f1 0.6725
2026-03-04 21:17:14,803 - utils.logger2026-03-04-21.13.17 - INFO - Tst result of epoch 28 / 40 mae 1.1177 corr 0.5221 f1 0.6684
2026-03-04 21:17:16,479 - utils.logger2026-03-04-21.13.17 - INFO - Cur epoch 29 loss CE:1.1367 mse:1.5238 consistent:95.6394
2026-03-04 21:17:17,534 - utils.logger2026-03-04-21.13.17 - INFO - Cur epoch 29 loss CE:1.3280 mse:1.6078 consistent:98.5596
2026-03-04 21:17:18,572 - utils.logger2026-03-04-21.13.17 - INFO - Cur epoch 29 loss CE:1.4254 mse:1.7004 consistent:110.5816
2026-03-04 21:17:18,929 - utils.logger2026-03-04-21.13.17 - INFO - saving the model at the end of epoch 29, iters 812
2026-03-04 21:17:19,130 - utils.logger2026-03-04-21.13.17 - INFO - End of training epoch 29 / 40 	 Time Taken: 4 sec
2026-03-04 21:17:19,131 - utils.logger2026-03-04-21.13.17 - INFO - learning rate = 0.0001048
2026-03-04 21:17:21,143 - utils.logger2026-03-04-21.13.17 - INFO - Val result of epoch 29 / 40 mae 1.1209 corr 0.4679 f1 0.6734
2026-03-04 21:17:23,166 - utils.logger2026-03-04-21.13.17 - INFO - Tst result of epoch 29 / 40 mae 1.1306 corr 0.5115 f1 0.6620
2026-03-04 21:17:24,974 - utils.logger2026-03-04-21.13.17 - INFO - Cur epoch 30 loss CE:1.5524 mse:1.4466 consistent:105.6537
2026-03-04 21:17:25,856 - utils.logger2026-03-04-21.13.17 - INFO - Cur epoch 30 loss CE:1.3340 mse:1.7661 consistent:110.8345
2026-03-04 21:17:26,717 - utils.logger2026-03-04-21.13.17 - INFO - Cur epoch 30 loss CE:1.2534 mse:1.4692 consistent:96.0145
2026-03-04 21:17:26,883 - utils.logger2026-03-04-21.13.17 - INFO - saving the model at the end of epoch 30, iters 840
2026-03-04 21:17:27,076 - utils.logger2026-03-04-21.13.17 - INFO - End of training epoch 30 / 40 	 Time Taken: 3 sec
2026-03-04 21:17:27,077 - utils.logger2026-03-04-21.13.17 - INFO - learning rate = 0.0000952
2026-03-04 21:17:29,013 - utils.logger2026-03-04-21.13.17 - INFO - Val result of epoch 30 / 40 mae 1.1229 corr 0.4495 f1 0.6625
2026-03-04 21:17:30,965 - utils.logger2026-03-04-21.13.17 - INFO - Tst result of epoch 30 / 40 mae 1.1405 corr 0.4945 f1 0.6330
2026-03-04 21:17:33,001 - utils.logger2026-03-04-21.13.17 - INFO - Cur epoch 31 loss CE:1.4034 mse:1.5444 consistent:108.9306
2026-03-04 21:17:34,070 - utils.logger2026-03-04-21.13.17 - INFO - Cur epoch 31 loss CE:1.0452 mse:1.4600 consistent:106.8799
2026-03-04 21:17:35,051 - utils.logger2026-03-04-21.13.17 - INFO - saving the model at the end of epoch 31, iters 868
2026-03-04 21:17:35,275 - utils.logger2026-03-04-21.13.17 - INFO - End of training epoch 31 / 40 	 Time Taken: 4 sec
2026-03-04 21:17:35,275 - utils.logger2026-03-04-21.13.17 - INFO - learning rate = 0.0000857
2026-03-04 21:17:37,239 - utils.logger2026-03-04-21.13.17 - INFO - Val result of epoch 31 / 40 mae 1.1238 corr 0.4582 f1 0.6673
2026-03-04 21:17:39,155 - utils.logger2026-03-04-21.13.17 - INFO - Tst result of epoch 31 / 40 mae 1.1477 corr 0.4903 f1 0.6411
2026-03-04 21:17:40,358 - utils.logger2026-03-04-21.13.17 - INFO - Cur epoch 32 loss CE:1.7427 mse:1.6368 consistent:109.3456
2026-03-04 21:17:41,324 - utils.logger2026-03-04-21.13.17 - INFO - Cur epoch 32 loss CE:1.3833 mse:1.4890 consistent:102.0588
2026-03-04 21:17:42,247 - utils.logger2026-03-04-21.13.17 - INFO - Cur epoch 32 loss CE:1.1599 mse:1.5733 consistent:111.8305
2026-03-04 21:17:42,925 - utils.logger2026-03-04-21.13.17 - INFO - saving the model at the end of epoch 32, iters 896
2026-03-04 21:17:43,107 - utils.logger2026-03-04-21.13.17 - INFO - End of training epoch 32 / 40 	 Time Taken: 3 sec
2026-03-04 21:17:43,107 - utils.logger2026-03-04-21.13.17 - INFO - learning rate = 0.0000762
2026-03-04 21:17:45,131 - utils.logger2026-03-04-21.13.17 - INFO - Val result of epoch 32 / 40 mae 1.1273 corr 0.4546 f1 0.6670
2026-03-04 21:17:47,061 - utils.logger2026-03-04-21.13.17 - INFO - Tst result of epoch 32 / 40 mae 1.1491 corr 0.4946 f1 0.6454
2026-03-04 21:17:48,438 - utils.logger2026-03-04-21.13.17 - INFO - Cur epoch 33 loss CE:0.9324 mse:1.3534 consistent:98.3500
2026-03-04 21:17:49,369 - utils.logger2026-03-04-21.13.17 - INFO - Cur epoch 33 loss CE:1.3574 mse:1.6715 consistent:105.0350
2026-03-04 21:17:50,278 - utils.logger2026-03-04-21.13.17 - INFO - Cur epoch 33 loss CE:0.7827 mse:1.4214 consistent:101.3880
2026-03-04 21:17:50,803 - utils.logger2026-03-04-21.13.17 - INFO - saving the model at the end of epoch 33, iters 924
2026-03-04 21:17:50,993 - utils.logger2026-03-04-21.13.17 - INFO - End of training epoch 33 / 40 	 Time Taken: 3 sec
2026-03-04 21:17:50,993 - utils.logger2026-03-04-21.13.17 - INFO - learning rate = 0.0000667
2026-03-04 21:17:52,985 - utils.logger2026-03-04-21.13.17 - INFO - Val result of epoch 33 / 40 mae 1.1309 corr 0.4509 f1 0.6657
2026-03-04 21:17:54,923 - utils.logger2026-03-04-21.13.17 - INFO - Tst result of epoch 33 / 40 mae 1.1483 corr 0.4899 f1 0.6425
2026-03-04 21:17:56,544 - utils.logger2026-03-04-21.13.17 - INFO - Cur epoch 34 loss CE:1.5642 mse:1.4001 consistent:102.5126
2026-03-04 21:17:57,493 - utils.logger2026-03-04-21.13.17 - INFO - Cur epoch 34 loss CE:1.4329 mse:1.4553 consistent:103.0239
2026-03-04 21:17:58,430 - utils.logger2026-03-04-21.13.17 - INFO - Cur epoch 34 loss CE:0.8423 mse:1.4698 consistent:104.0792
2026-03-04 21:17:58,787 - utils.logger2026-03-04-21.13.17 - INFO - saving the model at the end of epoch 34, iters 952
2026-03-04 21:17:58,992 - utils.logger2026-03-04-21.13.17 - INFO - End of training epoch 34 / 40 	 Time Taken: 4 sec
2026-03-04 21:17:58,993 - utils.logger2026-03-04-21.13.17 - INFO - learning rate = 0.0000571
2026-03-04 21:18:00,937 - utils.logger2026-03-04-21.13.17 - INFO - Val result of epoch 34 / 40 mae 1.1279 corr 0.4509 f1 0.6614
2026-03-04 21:18:02,900 - utils.logger2026-03-04-21.13.17 - INFO - Tst result of epoch 34 / 40 mae 1.1449 corr 0.4926 f1 0.6460
2026-03-04 21:18:04,732 - utils.logger2026-03-04-21.13.17 - INFO - Cur epoch 35 loss CE:1.2851 mse:1.4903 consistent:104.4763
2026-03-04 21:18:05,742 - utils.logger2026-03-04-21.13.17 - INFO - Cur epoch 35 loss CE:1.3420 mse:1.4009 consistent:112.2621
2026-03-04 21:18:06,741 - utils.logger2026-03-04-21.13.17 - INFO - Cur epoch 35 loss CE:0.8646 mse:1.3815 consistent:94.0531
2026-03-04 21:18:06,899 - utils.logger2026-03-04-21.13.17 - INFO - saving the model at the end of epoch 35, iters 980
2026-03-04 21:18:07,085 - utils.logger2026-03-04-21.13.17 - INFO - End of training epoch 35 / 40 	 Time Taken: 4 sec
2026-03-04 21:18:07,085 - utils.logger2026-03-04-21.13.17 - INFO - learning rate = 0.0000476
2026-03-04 21:18:09,112 - utils.logger2026-03-04-21.13.17 - INFO - Val result of epoch 35 / 40 mae 1.1388 corr 0.4455 f1 0.6649
2026-03-04 21:18:11,053 - utils.logger2026-03-04-21.13.17 - INFO - Tst result of epoch 35 / 40 mae 1.1631 corr 0.4919 f1 0.6379
2026-03-04 21:18:13,108 - utils.logger2026-03-04-21.13.17 - INFO - Cur epoch 36 loss CE:1.1473 mse:1.4746 consistent:102.5152
2026-03-04 21:18:14,107 - utils.logger2026-03-04-21.13.17 - INFO - Cur epoch 36 loss CE:1.1477 mse:1.4224 consistent:101.2386
2026-03-04 21:18:15,133 - utils.logger2026-03-04-21.13.17 - INFO - saving the model at the end of epoch 36, iters 1008
2026-03-04 21:18:15,356 - utils.logger2026-03-04-21.13.17 - INFO - End of training epoch 36 / 40 	 Time Taken: 4 sec
2026-03-04 21:18:15,356 - utils.logger2026-03-04-21.13.17 - INFO - learning rate = 0.0000381
2026-03-04 21:18:17,331 - utils.logger2026-03-04-21.13.17 - INFO - Val result of epoch 36 / 40 mae 1.1295 corr 0.4488 f1 0.6604
2026-03-04 21:18:19,322 - utils.logger2026-03-04-21.13.17 - INFO - Tst result of epoch 36 / 40 mae 1.1491 corr 0.4929 f1 0.6474
2026-03-04 21:18:20,598 - utils.logger2026-03-04-21.13.17 - INFO - Cur epoch 37 loss CE:1.1372 mse:1.4099 consistent:113.5277
2026-03-04 21:18:21,616 - utils.logger2026-03-04-21.13.17 - INFO - Cur epoch 37 loss CE:1.5083 mse:1.4805 consistent:108.3267
2026-03-04 21:18:22,649 - utils.logger2026-03-04-21.13.17 - INFO - Cur epoch 37 loss CE:1.3703 mse:1.4083 consistent:108.8181
2026-03-04 21:18:23,451 - utils.logger2026-03-04-21.13.17 - INFO - saving the model at the end of epoch 37, iters 1036
2026-03-04 21:18:23,640 - utils.logger2026-03-04-21.13.17 - INFO - End of training epoch 37 / 40 	 Time Taken: 4 sec
2026-03-04 21:18:23,640 - utils.logger2026-03-04-21.13.17 - INFO - learning rate = 0.0000286
2026-03-04 21:18:25,704 - utils.logger2026-03-04-21.13.17 - INFO - Val result of epoch 37 / 40 mae 1.1291 corr 0.4493 f1 0.6604
2026-03-04 21:18:27,629 - utils.logger2026-03-04-21.13.17 - INFO - Tst result of epoch 37 / 40 mae 1.1574 corr 0.4868 f1 0.6345
2026-03-04 21:18:29,034 - utils.logger2026-03-04-21.13.17 - INFO - Cur epoch 38 loss CE:1.1363 mse:1.3081 consistent:112.8104
2026-03-04 21:18:29,897 - utils.logger2026-03-04-21.13.17 - INFO - Cur epoch 38 loss CE:0.9991 mse:1.5316 consistent:107.2324
2026-03-04 21:18:30,839 - utils.logger2026-03-04-21.13.17 - INFO - Cur epoch 38 loss CE:1.1472 mse:1.4681 consistent:107.9817
2026-03-04 21:18:31,348 - utils.logger2026-03-04-21.13.17 - INFO - saving the model at the end of epoch 38, iters 1064
2026-03-04 21:18:31,531 - utils.logger2026-03-04-21.13.17 - INFO - End of training epoch 38 / 40 	 Time Taken: 3 sec
2026-03-04 21:18:31,532 - utils.logger2026-03-04-21.13.17 - INFO - learning rate = 0.0000190
2026-03-04 21:18:33,538 - utils.logger2026-03-04-21.13.17 - INFO - Val result of epoch 38 / 40 mae 1.1384 corr 0.4387 f1 0.6589
2026-03-04 21:18:35,436 - utils.logger2026-03-04-21.13.17 - INFO - Tst result of epoch 38 / 40 mae 1.1644 corr 0.4807 f1 0.6346
2026-03-04 21:18:37,014 - utils.logger2026-03-04-21.13.17 - INFO - Cur epoch 39 loss CE:0.9895 mse:1.3074 consistent:97.7645
2026-03-04 21:18:38,005 - utils.logger2026-03-04-21.13.17 - INFO - Cur epoch 39 loss CE:0.9859 mse:1.3888 consistent:102.0535
2026-03-04 21:18:39,013 - utils.logger2026-03-04-21.13.17 - INFO - Cur epoch 39 loss CE:1.3389 mse:1.5248 consistent:109.5610
2026-03-04 21:18:39,401 - utils.logger2026-03-04-21.13.17 - INFO - saving the model at the end of epoch 39, iters 1092
2026-03-04 21:18:39,616 - utils.logger2026-03-04-21.13.17 - INFO - End of training epoch 39 / 40 	 Time Taken: 4 sec
2026-03-04 21:18:39,616 - utils.logger2026-03-04-21.13.17 - INFO - learning rate = 0.0000095
2026-03-04 21:18:41,635 - utils.logger2026-03-04-21.13.17 - INFO - Val result of epoch 39 / 40 mae 1.1314 corr 0.4469 f1 0.6623
2026-03-04 21:18:43,635 - utils.logger2026-03-04-21.13.17 - INFO - Tst result of epoch 39 / 40 mae 1.1548 corr 0.4872 f1 0.6447
2026-03-04 21:18:45,470 - utils.logger2026-03-04-21.13.17 - INFO - Cur epoch 40 loss CE:1.2394 mse:1.4348 consistent:103.1373
2026-03-04 21:18:46,495 - utils.logger2026-03-04-21.13.17 - INFO - Cur epoch 40 loss CE:1.0098 mse:1.4308 consistent:105.8403
2026-03-04 21:18:47,588 - utils.logger2026-03-04-21.13.17 - INFO - Cur epoch 40 loss CE:1.2806 mse:1.4930 consistent:111.3887
2026-03-04 21:18:47,734 - utils.logger2026-03-04-21.13.17 - INFO - saving the model at the end of epoch 40, iters 1120
2026-03-04 21:18:47,931 - utils.logger2026-03-04-21.13.17 - INFO - End of training epoch 40 / 40 	 Time Taken: 4 sec
2026-03-04 21:18:47,931 - utils.logger2026-03-04-21.13.17 - INFO - learning rate = 0.0000000
2026-03-04 21:18:49,958 - utils.logger2026-03-04-21.13.17 - INFO - Val result of epoch 40 / 40 mae 1.1330 corr 0.4454 f1 0.6595
2026-03-04 21:18:51,908 - utils.logger2026-03-04-21.13.17 - INFO - Tst result of epoch 40 / 40 mae 1.1566 corr 0.4874 f1 0.6421
2026-03-04 21:18:51,908 - utils.logger2026-03-04-21.13.17 - INFO - Best eval epoch 12 found with MAE 1.098732
2026-03-04 21:18:51,908 - utils.logger2026-03-04-21.13.17 - INFO - Loading best model found on val set: epoch-12
2026-03-04 21:18:55,971 - utils.logger2026-03-04-21.13.17 - INFO - Tst result mae 1.0987 corr 0.4994 f1 0.6532
