2026-03-04 21:25:08,851 - utils.logger2026-03-04-21.25.01 - INFO - The number of training samples = 1750
2026-03-04 21:25:08,851 - utils.logger2026-03-04-21.25.01 - INFO - The number of testing samples = 1344
2026-03-04 21:25:12,611 - utils.logger2026-03-04-21.25.01 - INFO - Cur epoch 1 loss CE:78.6394 mse:226.8277 consistent:164.0540
2026-03-04 21:25:13,587 - utils.logger2026-03-04-21.25.01 - INFO - Cur epoch 1 loss CE:25.3685 mse:80.2928 consistent:164.3552
2026-03-04 21:25:14,572 - utils.logger2026-03-04-21.25.01 - INFO - saving the model at the end of epoch 1, iters 28
2026-03-04 21:25:14,770 - utils.logger2026-03-04-21.25.01 - INFO - End of training epoch 1 / 40 	 Time Taken: 5 sec
2026-03-04 21:25:14,770 - utils.logger2026-03-04-21.25.01 - INFO - learning rate = 0.0002000
2026-03-04 21:25:17,311 - utils.logger2026-03-04-21.25.01 - INFO - Val result of epoch 1 / 40 mae 1.2578 corr 0.0835 f1 0.5335
2026-03-04 21:25:19,448 - utils.logger2026-03-04-21.25.01 - INFO - Tst result of epoch 1 / 40 mae 1.4244 corr 0.0045 f1 0.5018
2026-03-04 21:25:20,759 - utils.logger2026-03-04-21.25.01 - INFO - Cur epoch 2 loss CE:9.2211 mse:35.7738 consistent:161.7298
2026-03-04 21:25:21,641 - utils.logger2026-03-04-21.25.01 - INFO - Cur epoch 2 loss CE:8.7911 mse:20.1368 consistent:144.5685
2026-03-04 21:25:22,477 - utils.logger2026-03-04-21.25.01 - INFO - Cur epoch 2 loss CE:3.8335 mse:13.2410 consistent:145.8168
2026-03-04 21:25:23,151 - utils.logger2026-03-04-21.25.01 - INFO - saving the model at the end of epoch 2, iters 56
2026-03-04 21:25:23,334 - utils.logger2026-03-04-21.25.01 - INFO - End of training epoch 2 / 40 	 Time Taken: 3 sec
2026-03-04 21:25:23,334 - utils.logger2026-03-04-21.25.01 - INFO - learning rate = 0.0002000
2026-03-04 21:25:25,359 - utils.logger2026-03-04-21.25.01 - INFO - Val result of epoch 2 / 40 mae 1.2392 corr -0.0082 f1 0.4970
2026-03-04 21:25:27,389 - utils.logger2026-03-04-21.25.01 - INFO - Tst result of epoch 2 / 40 mae 1.3800 corr 0.0220 f1 0.4841
2026-03-04 21:25:28,958 - utils.logger2026-03-04-21.25.01 - INFO - Cur epoch 3 loss CE:3.7778 mse:12.2530 consistent:125.1613
2026-03-04 21:25:29,896 - utils.logger2026-03-04-21.25.01 - INFO - Cur epoch 3 loss CE:3.7172 mse:11.5106 consistent:125.3336
2026-03-04 21:25:30,809 - utils.logger2026-03-04-21.25.01 - INFO - Cur epoch 3 loss CE:2.7867 mse:10.7425 consistent:126.6020
2026-03-04 21:25:31,349 - utils.logger2026-03-04-21.25.01 - INFO - saving the model at the end of epoch 3, iters 84
2026-03-04 21:25:31,545 - utils.logger2026-03-04-21.25.01 - INFO - End of training epoch 3 / 40 	 Time Taken: 4 sec
2026-03-04 21:25:31,545 - utils.logger2026-03-04-21.25.01 - INFO - learning rate = 0.0002000
2026-03-04 21:25:33,630 - utils.logger2026-03-04-21.25.01 - INFO - Val result of epoch 3 / 40 mae 1.1849 corr 0.1853 f1 0.5679
2026-03-04 21:25:35,646 - utils.logger2026-03-04-21.25.01 - INFO - Tst result of epoch 3 / 40 mae 1.3156 corr 0.2546 f1 0.5726
2026-03-04 21:25:37,378 - utils.logger2026-03-04-21.25.01 - INFO - Cur epoch 4 loss CE:3.3215 mse:9.9134 consistent:122.3795
2026-03-04 21:25:38,299 - utils.logger2026-03-04-21.25.01 - INFO - Cur epoch 4 loss CE:3.3089 mse:10.0797 consistent:127.3661
2026-03-04 21:25:39,326 - utils.logger2026-03-04-21.25.01 - INFO - Cur epoch 4 loss CE:3.0592 mse:9.8139 consistent:120.9232
2026-03-04 21:25:39,681 - utils.logger2026-03-04-21.25.01 - INFO - saving the model at the end of epoch 4, iters 112
2026-03-04 21:25:39,883 - utils.logger2026-03-04-21.25.01 - INFO - End of training epoch 4 / 40 	 Time Taken: 4 sec
2026-03-04 21:25:39,883 - utils.logger2026-03-04-21.25.01 - INFO - learning rate = 0.0002000
2026-03-04 21:25:41,922 - utils.logger2026-03-04-21.25.01 - INFO - Val result of epoch 4 / 40 mae 1.1473 corr 0.3168 f1 0.6015
2026-03-04 21:25:44,022 - utils.logger2026-03-04-21.25.01 - INFO - Tst result of epoch 4 / 40 mae 1.2569 corr 0.3848 f1 0.6140
2026-03-04 21:25:46,017 - utils.logger2026-03-04-21.25.01 - INFO - Cur epoch 5 loss CE:2.0556 mse:9.0297 consistent:121.5382
2026-03-04 21:25:46,965 - utils.logger2026-03-04-21.25.01 - INFO - Cur epoch 5 loss CE:2.5707 mse:8.8092 consistent:125.3390
2026-03-04 21:25:47,924 - utils.logger2026-03-04-21.25.01 - INFO - Cur epoch 5 loss CE:1.9184 mse:7.5431 consistent:120.3279
2026-03-04 21:25:48,091 - utils.logger2026-03-04-21.25.01 - INFO - saving the model at the end of epoch 5, iters 140
2026-03-04 21:25:48,312 - utils.logger2026-03-04-21.25.01 - INFO - End of training epoch 5 / 40 	 Time Taken: 4 sec
2026-03-04 21:25:48,312 - utils.logger2026-03-04-21.25.01 - INFO - learning rate = 0.0002000
2026-03-04 21:25:50,363 - utils.logger2026-03-04-21.25.01 - INFO - Val result of epoch 5 / 40 mae 1.1041 corr 0.3730 f1 0.6319
2026-03-04 21:25:52,501 - utils.logger2026-03-04-21.25.01 - INFO - Tst result of epoch 5 / 40 mae 1.1843 corr 0.4699 f1 0.6595
2026-03-04 21:25:54,700 - utils.logger2026-03-04-21.25.01 - INFO - Cur epoch 6 loss CE:2.2582 mse:7.2226 consistent:124.8957
2026-03-04 21:25:55,711 - utils.logger2026-03-04-21.25.01 - INFO - Cur epoch 6 loss CE:2.2417 mse:6.4259 consistent:119.4556
2026-03-04 21:25:56,726 - utils.logger2026-03-04-21.25.01 - INFO - saving the model at the end of epoch 6, iters 168
2026-03-04 21:25:56,934 - utils.logger2026-03-04-21.25.01 - INFO - End of training epoch 6 / 40 	 Time Taken: 4 sec
2026-03-04 21:25:56,935 - utils.logger2026-03-04-21.25.01 - INFO - learning rate = 0.0002000
2026-03-04 21:25:59,063 - utils.logger2026-03-04-21.25.01 - INFO - Val result of epoch 6 / 40 mae 1.0919 corr 0.4107 f1 0.6347
2026-03-04 21:26:01,099 - utils.logger2026-03-04-21.25.01 - INFO - Tst result of epoch 6 / 40 mae 1.1784 corr 0.4935 f1 0.6624
2026-03-04 21:26:02,401 - utils.logger2026-03-04-21.25.01 - INFO - Cur epoch 7 loss CE:1.9452 mse:5.8201 consistent:117.5545
2026-03-04 21:26:03,393 - utils.logger2026-03-04-21.25.01 - INFO - Cur epoch 7 loss CE:2.2673 mse:5.4707 consistent:115.7170
2026-03-04 21:26:04,354 - utils.logger2026-03-04-21.25.01 - INFO - Cur epoch 7 loss CE:2.2600 mse:4.9439 consistent:117.1944
2026-03-04 21:26:05,085 - utils.logger2026-03-04-21.25.01 - INFO - saving the model at the end of epoch 7, iters 196
2026-03-04 21:26:05,285 - utils.logger2026-03-04-21.25.01 - INFO - End of training epoch 7 / 40 	 Time Taken: 4 sec
2026-03-04 21:26:05,285 - utils.logger2026-03-04-21.25.01 - INFO - learning rate = 0.0002000
2026-03-04 21:26:07,302 - utils.logger2026-03-04-21.25.01 - INFO - Val result of epoch 7 / 40 mae 1.0916 corr 0.3917 f1 0.6276
2026-03-04 21:26:09,358 - utils.logger2026-03-04-21.25.01 - INFO - Tst result of epoch 7 / 40 mae 1.1773 corr 0.4813 f1 0.6490
2026-03-04 21:26:10,832 - utils.logger2026-03-04-21.25.01 - INFO - Cur epoch 8 loss CE:1.7593 mse:4.3636 consistent:117.1110
2026-03-04 21:26:11,717 - utils.logger2026-03-04-21.25.01 - INFO - Cur epoch 8 loss CE:2.2446 mse:3.6807 consistent:110.6530
2026-03-04 21:26:12,599 - utils.logger2026-03-04-21.25.01 - INFO - Cur epoch 8 loss CE:2.0514 mse:3.6160 consistent:119.5091
2026-03-04 21:26:13,125 - utils.logger2026-03-04-21.25.01 - INFO - saving the model at the end of epoch 8, iters 224
2026-03-04 21:26:13,311 - utils.logger2026-03-04-21.25.01 - INFO - End of training epoch 8 / 40 	 Time Taken: 3 sec
2026-03-04 21:26:13,311 - utils.logger2026-03-04-21.25.01 - INFO - learning rate = 0.0002000
2026-03-04 21:26:15,366 - utils.logger2026-03-04-21.25.01 - INFO - Val result of epoch 8 / 40 mae 1.0848 corr 0.4058 f1 0.6229
2026-03-04 21:26:17,416 - utils.logger2026-03-04-21.25.01 - INFO - Tst result of epoch 8 / 40 mae 1.1684 corr 0.4828 f1 0.6347
2026-03-04 21:26:19,107 - utils.logger2026-03-04-21.25.01 - INFO - Cur epoch 9 loss CE:2.2163 mse:3.3851 consistent:105.2394
2026-03-04 21:26:20,015 - utils.logger2026-03-04-21.25.01 - INFO - Cur epoch 9 loss CE:1.6601 mse:3.1107 consistent:111.8024
2026-03-04 21:26:20,996 - utils.logger2026-03-04-21.25.01 - INFO - Cur epoch 9 loss CE:2.3135 mse:2.7878 consistent:123.4956
2026-03-04 21:26:21,343 - utils.logger2026-03-04-21.25.01 - INFO - saving the model at the end of epoch 9, iters 252
2026-03-04 21:26:21,554 - utils.logger2026-03-04-21.25.01 - INFO - End of training epoch 9 / 40 	 Time Taken: 4 sec
2026-03-04 21:26:21,554 - utils.logger2026-03-04-21.25.01 - INFO - learning rate = 0.0002000
2026-03-04 21:26:23,643 - utils.logger2026-03-04-21.25.01 - INFO - Val result of epoch 9 / 40 mae 1.0636 corr 0.4148 f1 0.6363
2026-03-04 21:26:25,672 - utils.logger2026-03-04-21.25.01 - INFO - Tst result of epoch 9 / 40 mae 1.1288 corr 0.4899 f1 0.6431
2026-03-04 21:26:27,613 - utils.logger2026-03-04-21.25.01 - INFO - Cur epoch 10 loss CE:1.7328 mse:2.6074 consistent:111.2257
2026-03-04 21:26:28,590 - utils.logger2026-03-04-21.25.01 - INFO - Cur epoch 10 loss CE:1.8045 mse:2.4386 consistent:113.5299
2026-03-04 21:26:29,561 - utils.logger2026-03-04-21.25.01 - INFO - Cur epoch 10 loss CE:2.1239 mse:2.3633 consistent:105.8068
2026-03-04 21:26:29,720 - utils.logger2026-03-04-21.25.01 - INFO - saving the model at the end of epoch 10, iters 280
2026-03-04 21:26:29,920 - utils.logger2026-03-04-21.25.01 - INFO - End of training epoch 10 / 40 	 Time Taken: 4 sec
2026-03-04 21:26:29,921 - utils.logger2026-03-04-21.25.01 - INFO - learning rate = 0.0002000
2026-03-04 21:26:31,999 - utils.logger2026-03-04-21.25.01 - INFO - Val result of epoch 10 / 40 mae 1.0629 corr 0.4030 f1 0.6290
2026-03-04 21:26:34,139 - utils.logger2026-03-04-21.25.01 - INFO - Tst result of epoch 10 / 40 mae 1.1240 corr 0.4734 f1 0.6323
2026-03-04 21:26:36,225 - utils.logger2026-03-04-21.25.01 - INFO - Cur epoch 11 loss CE:1.8674 mse:2.4772 consistent:105.3981
2026-03-04 21:26:37,174 - utils.logger2026-03-04-21.25.01 - INFO - Cur epoch 11 loss CE:1.9754 mse:2.1981 consistent:105.1918
2026-03-04 21:26:38,105 - utils.logger2026-03-04-21.25.01 - INFO - saving the model at the end of epoch 11, iters 308
2026-03-04 21:26:38,320 - utils.logger2026-03-04-21.25.01 - INFO - End of training epoch 11 / 40 	 Time Taken: 4 sec
2026-03-04 21:26:38,320 - utils.logger2026-03-04-21.25.01 - INFO - learning rate = 0.0002000
2026-03-04 21:26:40,404 - utils.logger2026-03-04-21.25.01 - INFO - Val result of epoch 11 / 40 mae 1.0578 corr 0.4334 f1 0.6552
2026-03-04 21:26:42,538 - utils.logger2026-03-04-21.25.01 - INFO - Tst result of epoch 11 / 40 mae 1.1216 corr 0.5169 f1 0.6773
2026-03-04 21:26:43,923 - utils.logger2026-03-04-21.25.01 - INFO - Cur epoch 12 loss CE:2.4313 mse:2.0801 consistent:102.4902
2026-03-04 21:26:44,949 - utils.logger2026-03-04-21.25.01 - INFO - Cur epoch 12 loss CE:2.3708 mse:2.2650 consistent:109.4492
2026-03-04 21:26:45,978 - utils.logger2026-03-04-21.25.01 - INFO - Cur epoch 12 loss CE:2.2929 mse:2.1663 consistent:107.7312
2026-03-04 21:26:46,759 - utils.logger2026-03-04-21.25.01 - INFO - saving the model at the end of epoch 12, iters 336
2026-03-04 21:26:46,971 - utils.logger2026-03-04-21.25.01 - INFO - End of training epoch 12 / 40 	 Time Taken: 4 sec
2026-03-04 21:26:46,971 - utils.logger2026-03-04-21.25.01 - INFO - learning rate = 0.0002000
2026-03-04 21:26:49,091 - utils.logger2026-03-04-21.25.01 - INFO - Val result of epoch 12 / 40 mae 1.0485 corr 0.4396 f1 0.6625
2026-03-04 21:26:51,173 - utils.logger2026-03-04-21.25.01 - INFO - Tst result of epoch 12 / 40 mae 1.1138 corr 0.5094 f1 0.6701
2026-03-04 21:26:52,670 - utils.logger2026-03-04-21.25.01 - INFO - Cur epoch 13 loss CE:2.1484 mse:1.9200 consistent:119.6200
2026-03-04 21:26:53,650 - utils.logger2026-03-04-21.25.01 - INFO - Cur epoch 13 loss CE:2.0606 mse:2.0833 consistent:106.4563
2026-03-04 21:26:54,570 - utils.logger2026-03-04-21.25.01 - INFO - Cur epoch 13 loss CE:1.8698 mse:2.0250 consistent:113.0754
2026-03-04 21:26:55,100 - utils.logger2026-03-04-21.25.01 - INFO - saving the model at the end of epoch 13, iters 364
2026-03-04 21:26:55,276 - utils.logger2026-03-04-21.25.01 - INFO - End of training epoch 13 / 40 	 Time Taken: 4 sec
2026-03-04 21:26:55,277 - utils.logger2026-03-04-21.25.01 - INFO - learning rate = 0.0002000
2026-03-04 21:26:57,312 - utils.logger2026-03-04-21.25.01 - INFO - Val result of epoch 13 / 40 mae 1.0547 corr 0.4260 f1 0.6487
2026-03-04 21:26:59,441 - utils.logger2026-03-04-21.25.01 - INFO - Tst result of epoch 13 / 40 mae 1.1120 corr 0.4961 f1 0.6530
2026-03-04 21:27:01,099 - utils.logger2026-03-04-21.25.01 - INFO - Cur epoch 14 loss CE:1.6665 mse:1.8758 consistent:105.9759
2026-03-04 21:27:02,044 - utils.logger2026-03-04-21.25.01 - INFO - Cur epoch 14 loss CE:2.1624 mse:2.0297 consistent:103.3490
2026-03-04 21:27:02,916 - utils.logger2026-03-04-21.25.01 - INFO - Cur epoch 14 loss CE:2.0680 mse:2.1014 consistent:112.6010
2026-03-04 21:27:03,236 - utils.logger2026-03-04-21.25.01 - INFO - saving the model at the end of epoch 14, iters 392
2026-03-04 21:27:03,415 - utils.logger2026-03-04-21.25.01 - INFO - End of training epoch 14 / 40 	 Time Taken: 3 sec
2026-03-04 21:27:03,415 - utils.logger2026-03-04-21.25.01 - INFO - learning rate = 0.0002000
2026-03-04 21:27:05,468 - utils.logger2026-03-04-21.25.01 - INFO - Val result of epoch 14 / 40 mae 1.0540 corr 0.4252 f1 0.6760
2026-03-04 21:27:07,606 - utils.logger2026-03-04-21.25.01 - INFO - Tst result of epoch 14 / 40 mae 1.1046 corr 0.5042 f1 0.6783
2026-03-04 21:27:09,464 - utils.logger2026-03-04-21.25.01 - INFO - Cur epoch 15 loss CE:1.4266 mse:1.6871 consistent:102.8948
2026-03-04 21:27:10,379 - utils.logger2026-03-04-21.25.01 - INFO - Cur epoch 15 loss CE:1.7369 mse:1.7384 consistent:110.3976
2026-03-04 21:27:11,364 - utils.logger2026-03-04-21.25.01 - INFO - Cur epoch 15 loss CE:2.1861 mse:1.8424 consistent:117.2368
2026-03-04 21:27:11,535 - utils.logger2026-03-04-21.25.01 - INFO - saving the model at the end of epoch 15, iters 420
2026-03-04 21:27:11,716 - utils.logger2026-03-04-21.25.01 - INFO - End of training epoch 15 / 40 	 Time Taken: 4 sec
2026-03-04 21:27:11,717 - utils.logger2026-03-04-21.25.01 - INFO - learning rate = 0.0002000
2026-03-04 21:27:13,804 - utils.logger2026-03-04-21.25.01 - INFO - Val result of epoch 15 / 40 mae 1.0676 corr 0.4202 f1 0.6270
2026-03-04 21:27:15,917 - utils.logger2026-03-04-21.25.01 - INFO - Tst result of epoch 15 / 40 mae 1.1264 corr 0.4953 f1 0.6468
2026-03-04 21:27:18,129 - utils.logger2026-03-04-21.25.01 - INFO - Cur epoch 16 loss CE:1.7265 mse:1.7394 consistent:104.8638
2026-03-04 21:27:19,102 - utils.logger2026-03-04-21.25.01 - INFO - Cur epoch 16 loss CE:1.7301 mse:1.6594 consistent:107.6173
2026-03-04 21:27:20,027 - utils.logger2026-03-04-21.25.01 - INFO - saving the model at the end of epoch 16, iters 448
2026-03-04 21:27:20,237 - utils.logger2026-03-04-21.25.01 - INFO - End of training epoch 16 / 40 	 Time Taken: 4 sec
2026-03-04 21:27:20,237 - utils.logger2026-03-04-21.25.01 - INFO - learning rate = 0.0002000
2026-03-04 21:27:22,309 - utils.logger2026-03-04-21.25.01 - INFO - Val result of epoch 16 / 40 mae 1.0491 corr 0.4355 f1 0.6503
2026-03-04 21:27:24,464 - utils.logger2026-03-04-21.25.01 - INFO - Tst result of epoch 16 / 40 mae 1.1041 corr 0.5068 f1 0.6711
2026-03-04 21:27:25,773 - utils.logger2026-03-04-21.25.01 - INFO - Cur epoch 17 loss CE:1.4702 mse:1.7526 consistent:103.0248
2026-03-04 21:27:26,707 - utils.logger2026-03-04-21.25.01 - INFO - Cur epoch 17 loss CE:1.6270 mse:1.6865 consistent:101.8822
2026-03-04 21:27:27,647 - utils.logger2026-03-04-21.25.01 - INFO - Cur epoch 17 loss CE:1.4942 mse:1.6582 consistent:113.3446
2026-03-04 21:27:28,384 - utils.logger2026-03-04-21.25.01 - INFO - saving the model at the end of epoch 17, iters 476
2026-03-04 21:27:28,604 - utils.logger2026-03-04-21.25.01 - INFO - End of training epoch 17 / 40 	 Time Taken: 4 sec
2026-03-04 21:27:28,604 - utils.logger2026-03-04-21.25.01 - INFO - learning rate = 0.0002000
2026-03-04 21:27:30,666 - utils.logger2026-03-04-21.25.01 - INFO - Val result of epoch 17 / 40 mae 1.0652 corr 0.3992 f1 0.6341
2026-03-04 21:27:32,745 - utils.logger2026-03-04-21.25.01 - INFO - Tst result of epoch 17 / 40 mae 1.1044 corr 0.4789 f1 0.6655
2026-03-04 21:27:34,267 - utils.logger2026-03-04-21.25.01 - INFO - Cur epoch 18 loss CE:2.0032 mse:1.7212 consistent:111.5175
2026-03-04 21:27:35,243 - utils.logger2026-03-04-21.25.01 - INFO - Cur epoch 18 loss CE:1.4055 mse:1.7448 consistent:120.1817
2026-03-04 21:27:36,214 - utils.logger2026-03-04-21.25.01 - INFO - Cur epoch 18 loss CE:1.8533 mse:1.4956 consistent:104.1413
2026-03-04 21:27:36,735 - utils.logger2026-03-04-21.25.01 - INFO - saving the model at the end of epoch 18, iters 504
2026-03-04 21:27:36,941 - utils.logger2026-03-04-21.25.01 - INFO - End of training epoch 18 / 40 	 Time Taken: 4 sec
2026-03-04 21:27:36,942 - utils.logger2026-03-04-21.25.01 - INFO - learning rate = 0.0002000
2026-03-04 21:27:39,050 - utils.logger2026-03-04-21.25.01 - INFO - Val result of epoch 18 / 40 mae 1.0654 corr 0.4015 f1 0.6319
2026-03-04 21:27:41,072 - utils.logger2026-03-04-21.25.01 - INFO - Tst result of epoch 18 / 40 mae 1.1170 corr 0.4896 f1 0.6786
2026-03-04 21:27:42,765 - utils.logger2026-03-04-21.25.01 - INFO - Cur epoch 19 loss CE:2.2694 mse:1.6158 consistent:106.5379
2026-03-04 21:27:43,702 - utils.logger2026-03-04-21.25.01 - INFO - Cur epoch 19 loss CE:2.2100 mse:1.6458 consistent:108.4209
2026-03-04 21:27:44,656 - utils.logger2026-03-04-21.25.01 - INFO - Cur epoch 19 loss CE:1.8498 mse:1.6216 consistent:100.0658
2026-03-04 21:27:44,971 - utils.logger2026-03-04-21.25.01 - INFO - saving the model at the end of epoch 19, iters 532
2026-03-04 21:27:45,150 - utils.logger2026-03-04-21.25.01 - INFO - End of training epoch 19 / 40 	 Time Taken: 4 sec
2026-03-04 21:27:45,151 - utils.logger2026-03-04-21.25.01 - INFO - learning rate = 0.0002000
2026-03-04 21:27:47,185 - utils.logger2026-03-04-21.25.01 - INFO - Val result of epoch 19 / 40 mae 1.0549 corr 0.4137 f1 0.6537
2026-03-04 21:27:49,247 - utils.logger2026-03-04-21.25.01 - INFO - Tst result of epoch 19 / 40 mae 1.1027 corr 0.4937 f1 0.6704
2026-03-04 21:27:51,129 - utils.logger2026-03-04-21.25.01 - INFO - Cur epoch 20 loss CE:1.4733 mse:1.5992 consistent:109.1768
2026-03-04 21:27:52,039 - utils.logger2026-03-04-21.25.01 - INFO - Cur epoch 20 loss CE:1.7314 mse:1.5279 consistent:103.7300
2026-03-04 21:27:52,922 - utils.logger2026-03-04-21.25.01 - INFO - Cur epoch 20 loss CE:2.1305 mse:1.7298 consistent:119.5147
2026-03-04 21:27:53,094 - utils.logger2026-03-04-21.25.01 - INFO - saving the model at the end of epoch 20, iters 560
2026-03-04 21:27:53,275 - utils.logger2026-03-04-21.25.01 - INFO - End of training epoch 20 / 40 	 Time Taken: 4 sec
2026-03-04 21:27:53,276 - utils.logger2026-03-04-21.25.01 - INFO - learning rate = 0.0001905
2026-03-04 21:27:55,348 - utils.logger2026-03-04-21.25.01 - INFO - Val result of epoch 20 / 40 mae 1.0557 corr 0.4088 f1 0.6341
2026-03-04 21:27:57,401 - utils.logger2026-03-04-21.25.01 - INFO - Tst result of epoch 20 / 40 mae 1.1035 corr 0.5006 f1 0.6598
2026-03-04 21:27:59,503 - utils.logger2026-03-04-21.25.01 - INFO - Cur epoch 21 loss CE:1.9404 mse:1.5661 consistent:106.1751
2026-03-04 21:28:00,463 - utils.logger2026-03-04-21.25.01 - INFO - Cur epoch 21 loss CE:1.5889 mse:1.5551 consistent:98.6592
2026-03-04 21:28:01,397 - utils.logger2026-03-04-21.25.01 - INFO - saving the model at the end of epoch 21, iters 588
2026-03-04 21:28:01,586 - utils.logger2026-03-04-21.25.01 - INFO - End of training epoch 21 / 40 	 Time Taken: 4 sec
2026-03-04 21:28:01,586 - utils.logger2026-03-04-21.25.01 - INFO - learning rate = 0.0001810
2026-03-04 21:28:03,750 - utils.logger2026-03-04-21.25.01 - INFO - Val result of epoch 21 / 40 mae 1.0431 corr 0.4259 f1 0.6694
2026-03-04 21:28:05,816 - utils.logger2026-03-04-21.25.01 - INFO - Tst result of epoch 21 / 40 mae 1.0768 corr 0.5113 f1 0.7001
2026-03-04 21:28:07,198 - utils.logger2026-03-04-21.25.01 - INFO - Cur epoch 22 loss CE:1.6877 mse:1.6191 consistent:102.8346
2026-03-04 21:28:08,168 - utils.logger2026-03-04-21.25.01 - INFO - Cur epoch 22 loss CE:1.3575 mse:1.5506 consistent:102.3304
2026-03-04 21:28:09,178 - utils.logger2026-03-04-21.25.01 - INFO - Cur epoch 22 loss CE:1.5838 mse:1.6332 consistent:109.5241
2026-03-04 21:28:09,930 - utils.logger2026-03-04-21.25.01 - INFO - saving the model at the end of epoch 22, iters 616
2026-03-04 21:28:10,120 - utils.logger2026-03-04-21.25.01 - INFO - End of training epoch 22 / 40 	 Time Taken: 4 sec
2026-03-04 21:28:10,120 - utils.logger2026-03-04-21.25.01 - INFO - learning rate = 0.0001714
2026-03-04 21:28:12,199 - utils.logger2026-03-04-21.25.01 - INFO - Val result of epoch 22 / 40 mae 1.0644 corr 0.4142 f1 0.6577
2026-03-04 21:28:14,294 - utils.logger2026-03-04-21.25.01 - INFO - Tst result of epoch 22 / 40 mae 1.1023 corr 0.4915 f1 0.6880
2026-03-04 21:28:15,866 - utils.logger2026-03-04-21.25.01 - INFO - Cur epoch 23 loss CE:1.6557 mse:1.4235 consistent:94.9739
2026-03-04 21:28:16,853 - utils.logger2026-03-04-21.25.01 - INFO - Cur epoch 23 loss CE:1.5077 mse:1.4355 consistent:104.8813
2026-03-04 21:28:17,888 - utils.logger2026-03-04-21.25.01 - INFO - Cur epoch 23 loss CE:1.3333 mse:1.4641 consistent:96.6707
2026-03-04 21:28:18,467 - utils.logger2026-03-04-21.25.01 - INFO - saving the model at the end of epoch 23, iters 644
2026-03-04 21:28:18,658 - utils.logger2026-03-04-21.25.01 - INFO - End of training epoch 23 / 40 	 Time Taken: 4 sec
2026-03-04 21:28:18,659 - utils.logger2026-03-04-21.25.01 - INFO - learning rate = 0.0001619
2026-03-04 21:28:20,809 - utils.logger2026-03-04-21.25.01 - INFO - Val result of epoch 23 / 40 mae 1.0545 corr 0.4133 f1 0.6500
2026-03-04 21:28:22,930 - utils.logger2026-03-04-21.25.01 - INFO - Tst result of epoch 23 / 40 mae 1.1022 corr 0.4884 f1 0.6639
2026-03-04 21:28:24,697 - utils.logger2026-03-04-21.25.01 - INFO - Cur epoch 24 loss CE:1.5667 mse:1.4512 consistent:104.1378
2026-03-04 21:28:25,693 - utils.logger2026-03-04-21.25.01 - INFO - Cur epoch 24 loss CE:1.4045 mse:1.3578 consistent:100.6740
2026-03-04 21:28:26,688 - utils.logger2026-03-04-21.25.01 - INFO - Cur epoch 24 loss CE:1.2734 mse:1.4938 consistent:101.2035
2026-03-04 21:28:27,055 - utils.logger2026-03-04-21.25.01 - INFO - saving the model at the end of epoch 24, iters 672
2026-03-04 21:28:27,284 - utils.logger2026-03-04-21.25.01 - INFO - End of training epoch 24 / 40 	 Time Taken: 4 sec
2026-03-04 21:28:27,285 - utils.logger2026-03-04-21.25.01 - INFO - learning rate = 0.0001524
2026-03-04 21:28:29,386 - utils.logger2026-03-04-21.25.01 - INFO - Val result of epoch 24 / 40 mae 1.0725 corr 0.3871 f1 0.6292
2026-03-04 21:28:31,450 - utils.logger2026-03-04-21.25.01 - INFO - Tst result of epoch 24 / 40 mae 1.1256 corr 0.4609 f1 0.6607
2026-03-04 21:28:33,295 - utils.logger2026-03-04-21.25.01 - INFO - Cur epoch 25 loss CE:1.2811 mse:1.6608 consistent:104.8812
2026-03-04 21:28:34,186 - utils.logger2026-03-04-21.25.01 - INFO - Cur epoch 25 loss CE:1.2724 mse:1.4352 consistent:102.5071
2026-03-04 21:28:35,067 - utils.logger2026-03-04-21.25.01 - INFO - Cur epoch 25 loss CE:0.9688 mse:1.6301 consistent:101.9133
2026-03-04 21:28:35,226 - utils.logger2026-03-04-21.25.01 - INFO - saving the model at the end of epoch 25, iters 700
2026-03-04 21:28:35,421 - utils.logger2026-03-04-21.25.01 - INFO - End of training epoch 25 / 40 	 Time Taken: 3 sec
2026-03-04 21:28:35,421 - utils.logger2026-03-04-21.25.01 - INFO - learning rate = 0.0001429
2026-03-04 21:28:37,451 - utils.logger2026-03-04-21.25.01 - INFO - Val result of epoch 25 / 40 mae 1.0623 corr 0.4024 f1 0.6396
2026-03-04 21:28:39,460 - utils.logger2026-03-04-21.25.01 - INFO - Tst result of epoch 25 / 40 mae 1.1155 corr 0.4656 f1 0.6631
2026-03-04 21:28:41,431 - utils.logger2026-03-04-21.25.01 - INFO - Cur epoch 26 loss CE:1.1807 mse:1.4358 consistent:102.6044
2026-03-04 21:28:42,273 - utils.logger2026-03-04-21.25.01 - INFO - Cur epoch 26 loss CE:0.8438 mse:1.4119 consistent:104.8548
2026-03-04 21:28:43,190 - utils.logger2026-03-04-21.25.01 - INFO - saving the model at the end of epoch 26, iters 728
2026-03-04 21:28:43,414 - utils.logger2026-03-04-21.25.01 - INFO - End of training epoch 26 / 40 	 Time Taken: 3 sec
2026-03-04 21:28:43,415 - utils.logger2026-03-04-21.25.01 - INFO - learning rate = 0.0001333
2026-03-04 21:28:45,471 - utils.logger2026-03-04-21.25.01 - INFO - Val result of epoch 26 / 40 mae 1.0708 corr 0.4091 f1 0.6521
2026-03-04 21:28:47,539 - utils.logger2026-03-04-21.25.01 - INFO - Tst result of epoch 26 / 40 mae 1.1202 corr 0.4674 f1 0.6866
2026-03-04 21:28:48,885 - utils.logger2026-03-04-21.25.01 - INFO - Cur epoch 27 loss CE:1.2970 mse:1.3386 consistent:99.7736
2026-03-04 21:28:49,952 - utils.logger2026-03-04-21.25.01 - INFO - Cur epoch 27 loss CE:1.3117 mse:1.3183 consistent:104.8720
2026-03-04 21:28:50,967 - utils.logger2026-03-04-21.25.01 - INFO - Cur epoch 27 loss CE:1.5186 mse:1.5962 consistent:103.8711
2026-03-04 21:28:51,757 - utils.logger2026-03-04-21.25.01 - INFO - saving the model at the end of epoch 27, iters 756
2026-03-04 21:28:51,970 - utils.logger2026-03-04-21.25.01 - INFO - End of training epoch 27 / 40 	 Time Taken: 4 sec
2026-03-04 21:28:51,970 - utils.logger2026-03-04-21.25.01 - INFO - learning rate = 0.0001238
2026-03-04 21:28:54,034 - utils.logger2026-03-04-21.25.01 - INFO - Val result of epoch 27 / 40 mae 1.0552 corr 0.4201 f1 0.6584
2026-03-04 21:28:56,094 - utils.logger2026-03-04-21.25.01 - INFO - Tst result of epoch 27 / 40 mae 1.0984 corr 0.4938 f1 0.6865
2026-03-04 21:28:57,656 - utils.logger2026-03-04-21.25.01 - INFO - Cur epoch 28 loss CE:1.7603 mse:1.6182 consistent:114.0895
2026-03-04 21:28:58,613 - utils.logger2026-03-04-21.25.01 - INFO - Cur epoch 28 loss CE:1.3478 mse:1.4503 consistent:90.8404
2026-03-04 21:28:59,595 - utils.logger2026-03-04-21.25.01 - INFO - Cur epoch 28 loss CE:1.0504 mse:1.4538 consistent:98.8494
2026-03-04 21:29:00,144 - utils.logger2026-03-04-21.25.01 - INFO - saving the model at the end of epoch 28, iters 784
2026-03-04 21:29:00,353 - utils.logger2026-03-04-21.25.01 - INFO - End of training epoch 28 / 40 	 Time Taken: 4 sec
2026-03-04 21:29:00,354 - utils.logger2026-03-04-21.25.01 - INFO - learning rate = 0.0001143
2026-03-04 21:29:02,387 - utils.logger2026-03-04-21.25.01 - INFO - Val result of epoch 28 / 40 mae 1.0539 corr 0.4154 f1 0.6424
2026-03-04 21:29:04,442 - utils.logger2026-03-04-21.25.01 - INFO - Tst result of epoch 28 / 40 mae 1.1040 corr 0.4853 f1 0.6759
2026-03-04 21:29:06,172 - utils.logger2026-03-04-21.25.01 - INFO - Cur epoch 29 loss CE:1.1268 mse:1.4293 consistent:104.3685
2026-03-04 21:29:07,203 - utils.logger2026-03-04-21.25.01 - INFO - Cur epoch 29 loss CE:1.5930 mse:1.4647 consistent:103.8714
2026-03-04 21:29:08,219 - utils.logger2026-03-04-21.25.01 - INFO - Cur epoch 29 loss CE:1.3758 mse:1.4903 consistent:99.7626
2026-03-04 21:29:08,589 - utils.logger2026-03-04-21.25.01 - INFO - saving the model at the end of epoch 29, iters 812
2026-03-04 21:29:08,800 - utils.logger2026-03-04-21.25.01 - INFO - End of training epoch 29 / 40 	 Time Taken: 4 sec
2026-03-04 21:29:08,800 - utils.logger2026-03-04-21.25.01 - INFO - learning rate = 0.0001048
2026-03-04 21:29:10,850 - utils.logger2026-03-04-21.25.01 - INFO - Val result of epoch 29 / 40 mae 1.0827 corr 0.3870 f1 0.6374
2026-03-04 21:29:12,904 - utils.logger2026-03-04-21.25.01 - INFO - Tst result of epoch 29 / 40 mae 1.1254 corr 0.4636 f1 0.6774
2026-03-04 21:29:14,864 - utils.logger2026-03-04-21.25.01 - INFO - Cur epoch 30 loss CE:1.3597 mse:1.5417 consistent:105.4722
2026-03-04 21:29:15,820 - utils.logger2026-03-04-21.25.01 - INFO - Cur epoch 30 loss CE:1.1163 mse:1.6421 consistent:105.9241
2026-03-04 21:29:16,714 - utils.logger2026-03-04-21.25.01 - INFO - Cur epoch 30 loss CE:1.6217 mse:1.5337 consistent:107.1415
2026-03-04 21:29:16,872 - utils.logger2026-03-04-21.25.01 - INFO - saving the model at the end of epoch 30, iters 840
2026-03-04 21:29:17,072 - utils.logger2026-03-04-21.25.01 - INFO - End of training epoch 30 / 40 	 Time Taken: 4 sec
2026-03-04 21:29:17,072 - utils.logger2026-03-04-21.25.01 - INFO - learning rate = 0.0000952
2026-03-04 21:29:19,062 - utils.logger2026-03-04-21.25.01 - INFO - Val result of epoch 30 / 40 mae 1.0640 corr 0.4038 f1 0.6468
2026-03-04 21:29:21,096 - utils.logger2026-03-04-21.25.01 - INFO - Tst result of epoch 30 / 40 mae 1.0991 corr 0.4994 f1 0.6861
2026-03-04 21:29:23,194 - utils.logger2026-03-04-21.25.01 - INFO - Cur epoch 31 loss CE:1.2148 mse:1.4881 consistent:99.5113
2026-03-04 21:29:24,055 - utils.logger2026-03-04-21.25.01 - INFO - Cur epoch 31 loss CE:1.3132 mse:1.3986 consistent:99.7920
2026-03-04 21:29:25,006 - utils.logger2026-03-04-21.25.01 - INFO - saving the model at the end of epoch 31, iters 868
2026-03-04 21:29:25,200 - utils.logger2026-03-04-21.25.01 - INFO - End of training epoch 31 / 40 	 Time Taken: 4 sec
2026-03-04 21:29:25,200 - utils.logger2026-03-04-21.25.01 - INFO - learning rate = 0.0000857
2026-03-04 21:29:27,188 - utils.logger2026-03-04-21.25.01 - INFO - Val result of epoch 31 / 40 mae 1.0637 corr 0.4016 f1 0.6496
2026-03-04 21:29:29,191 - utils.logger2026-03-04-21.25.01 - INFO - Tst result of epoch 31 / 40 mae 1.1008 corr 0.4933 f1 0.6785
2026-03-04 21:29:30,505 - utils.logger2026-03-04-21.25.01 - INFO - Cur epoch 32 loss CE:1.3373 mse:1.5502 consistent:106.3798
2026-03-04 21:29:31,434 - utils.logger2026-03-04-21.25.01 - INFO - Cur epoch 32 loss CE:1.5405 mse:1.5823 consistent:92.8808
2026-03-04 21:29:32,353 - utils.logger2026-03-04-21.25.01 - INFO - Cur epoch 32 loss CE:1.0352 mse:1.4360 consistent:98.8043
2026-03-04 21:29:33,051 - utils.logger2026-03-04-21.25.01 - INFO - saving the model at the end of epoch 32, iters 896
2026-03-04 21:29:33,264 - utils.logger2026-03-04-21.25.01 - INFO - End of training epoch 32 / 40 	 Time Taken: 4 sec
2026-03-04 21:29:33,264 - utils.logger2026-03-04-21.25.01 - INFO - learning rate = 0.0000762
2026-03-04 21:29:35,304 - utils.logger2026-03-04-21.25.01 - INFO - Val result of epoch 32 / 40 mae 1.0619 corr 0.4071 f1 0.6521
2026-03-04 21:29:37,404 - utils.logger2026-03-04-21.25.01 - INFO - Tst result of epoch 32 / 40 mae 1.0919 corr 0.5072 f1 0.6904
2026-03-04 21:29:38,956 - utils.logger2026-03-04-21.25.01 - INFO - Cur epoch 33 loss CE:1.0125 mse:1.4699 consistent:105.4074
2026-03-04 21:29:39,956 - utils.logger2026-03-04-21.25.01 - INFO - Cur epoch 33 loss CE:0.9014 mse:1.3106 consistent:94.9302
2026-03-04 21:29:40,841 - utils.logger2026-03-04-21.25.01 - INFO - Cur epoch 33 loss CE:1.1921 mse:1.4186 consistent:108.3113
2026-03-04 21:29:41,379 - utils.logger2026-03-04-21.25.01 - INFO - saving the model at the end of epoch 33, iters 924
2026-03-04 21:29:41,560 - utils.logger2026-03-04-21.25.01 - INFO - End of training epoch 33 / 40 	 Time Taken: 4 sec
2026-03-04 21:29:41,560 - utils.logger2026-03-04-21.25.01 - INFO - learning rate = 0.0000667
2026-03-04 21:29:43,615 - utils.logger2026-03-04-21.25.01 - INFO - Val result of epoch 33 / 40 mae 1.0669 corr 0.4009 f1 0.6478
2026-03-04 21:29:45,704 - utils.logger2026-03-04-21.25.01 - INFO - Tst result of epoch 33 / 40 mae 1.1036 corr 0.4997 f1 0.7044
2026-03-04 21:29:47,470 - utils.logger2026-03-04-21.25.01 - INFO - Cur epoch 34 loss CE:0.9284 mse:1.3643 consistent:101.4543
2026-03-04 21:29:48,401 - utils.logger2026-03-04-21.25.01 - INFO - Cur epoch 34 loss CE:1.2297 mse:1.3864 consistent:103.8590
2026-03-04 21:29:49,364 - utils.logger2026-03-04-21.25.01 - INFO - Cur epoch 34 loss CE:1.2845 mse:1.3242 consistent:97.9916
2026-03-04 21:29:49,733 - utils.logger2026-03-04-21.25.01 - INFO - saving the model at the end of epoch 34, iters 952
2026-03-04 21:29:49,921 - utils.logger2026-03-04-21.25.01 - INFO - End of training epoch 34 / 40 	 Time Taken: 4 sec
2026-03-04 21:29:49,921 - utils.logger2026-03-04-21.25.01 - INFO - learning rate = 0.0000571
2026-03-04 21:29:52,008 - utils.logger2026-03-04-21.25.01 - INFO - Val result of epoch 34 / 40 mae 1.0871 corr 0.3816 f1 0.6424
2026-03-04 21:29:54,097 - utils.logger2026-03-04-21.25.01 - INFO - Tst result of epoch 34 / 40 mae 1.1226 corr 0.4700 f1 0.6907
2026-03-04 21:29:55,982 - utils.logger2026-03-04-21.25.01 - INFO - Cur epoch 35 loss CE:1.0101 mse:1.3776 consistent:100.5144
2026-03-04 21:29:56,943 - utils.logger2026-03-04-21.25.01 - INFO - Cur epoch 35 loss CE:1.2425 mse:1.4057 consistent:96.8474
2026-03-04 21:29:57,910 - utils.logger2026-03-04-21.25.01 - INFO - Cur epoch 35 loss CE:1.2692 mse:1.4902 consistent:92.9462
2026-03-04 21:29:58,083 - utils.logger2026-03-04-21.25.01 - INFO - saving the model at the end of epoch 35, iters 980
2026-03-04 21:29:58,265 - utils.logger2026-03-04-21.25.01 - INFO - End of training epoch 35 / 40 	 Time Taken: 4 sec
2026-03-04 21:29:58,266 - utils.logger2026-03-04-21.25.01 - INFO - learning rate = 0.0000476
2026-03-04 21:30:00,304 - utils.logger2026-03-04-21.25.01 - INFO - Val result of epoch 35 / 40 mae 1.0735 corr 0.3880 f1 0.6429
2026-03-04 21:30:02,408 - utils.logger2026-03-04-21.25.01 - INFO - Tst result of epoch 35 / 40 mae 1.1097 corr 0.4801 f1 0.6878
2026-03-04 21:30:04,443 - utils.logger2026-03-04-21.25.01 - INFO - Cur epoch 36 loss CE:1.2192 mse:1.4719 consistent:105.4204
2026-03-04 21:30:05,263 - utils.logger2026-03-04-21.25.01 - INFO - Cur epoch 36 loss CE:1.2003 mse:1.4471 consistent:101.9170
2026-03-04 21:30:06,138 - utils.logger2026-03-04-21.25.01 - INFO - saving the model at the end of epoch 36, iters 1008
2026-03-04 21:30:06,340 - utils.logger2026-03-04-21.25.01 - INFO - End of training epoch 36 / 40 	 Time Taken: 3 sec
2026-03-04 21:30:06,341 - utils.logger2026-03-04-21.25.01 - INFO - learning rate = 0.0000381
2026-03-04 21:30:08,332 - utils.logger2026-03-04-21.25.01 - INFO - Val result of epoch 36 / 40 mae 1.0667 corr 0.3956 f1 0.6452
2026-03-04 21:30:10,342 - utils.logger2026-03-04-21.25.01 - INFO - Tst result of epoch 36 / 40 mae 1.1048 corr 0.4907 f1 0.6858
2026-03-04 21:30:11,671 - utils.logger2026-03-04-21.25.01 - INFO - Cur epoch 37 loss CE:1.1581 mse:1.4188 consistent:106.2578
2026-03-04 21:30:12,639 - utils.logger2026-03-04-21.25.01 - INFO - Cur epoch 37 loss CE:1.0167 mse:1.4560 consistent:104.6609
2026-03-04 21:30:13,609 - utils.logger2026-03-04-21.25.01 - INFO - Cur epoch 37 loss CE:0.7071 mse:1.3636 consistent:102.1136
2026-03-04 21:30:14,325 - utils.logger2026-03-04-21.25.01 - INFO - saving the model at the end of epoch 37, iters 1036
2026-03-04 21:30:14,511 - utils.logger2026-03-04-21.25.01 - INFO - End of training epoch 37 / 40 	 Time Taken: 4 sec
2026-03-04 21:30:14,512 - utils.logger2026-03-04-21.25.01 - INFO - learning rate = 0.0000286
2026-03-04 21:30:16,570 - utils.logger2026-03-04-21.25.01 - INFO - Val result of epoch 37 / 40 mae 1.0774 corr 0.3847 f1 0.6514
2026-03-04 21:30:18,664 - utils.logger2026-03-04-21.25.01 - INFO - Tst result of epoch 37 / 40 mae 1.1107 corr 0.4822 f1 0.6847
2026-03-04 21:30:20,177 - utils.logger2026-03-04-21.25.01 - INFO - Cur epoch 38 loss CE:1.2828 mse:1.4187 consistent:97.3988
2026-03-04 21:30:21,171 - utils.logger2026-03-04-21.25.01 - INFO - Cur epoch 38 loss CE:1.1780 mse:1.5331 consistent:107.0132
2026-03-04 21:30:22,122 - utils.logger2026-03-04-21.25.01 - INFO - Cur epoch 38 loss CE:1.2254 mse:1.3113 consistent:104.3518
2026-03-04 21:30:22,675 - utils.logger2026-03-04-21.25.01 - INFO - saving the model at the end of epoch 38, iters 1064
2026-03-04 21:30:22,879 - utils.logger2026-03-04-21.25.01 - INFO - End of training epoch 38 / 40 	 Time Taken: 4 sec
2026-03-04 21:30:22,879 - utils.logger2026-03-04-21.25.01 - INFO - learning rate = 0.0000190
2026-03-04 21:30:24,909 - utils.logger2026-03-04-21.25.01 - INFO - Val result of epoch 38 / 40 mae 1.0754 corr 0.3874 f1 0.6523
2026-03-04 21:30:27,029 - utils.logger2026-03-04-21.25.01 - INFO - Tst result of epoch 38 / 40 mae 1.1060 corr 0.4894 f1 0.6880
2026-03-04 21:30:28,705 - utils.logger2026-03-04-21.25.01 - INFO - Cur epoch 39 loss CE:0.6523 mse:1.3602 consistent:95.0264
2026-03-04 21:30:29,631 - utils.logger2026-03-04-21.25.01 - INFO - Cur epoch 39 loss CE:0.9889 mse:1.3597 consistent:98.2735
2026-03-04 21:30:30,577 - utils.logger2026-03-04-21.25.01 - INFO - Cur epoch 39 loss CE:0.8263 mse:1.5033 consistent:104.3696
2026-03-04 21:30:30,910 - utils.logger2026-03-04-21.25.01 - INFO - saving the model at the end of epoch 39, iters 1092
2026-03-04 21:30:31,127 - utils.logger2026-03-04-21.25.01 - INFO - End of training epoch 39 / 40 	 Time Taken: 4 sec
2026-03-04 21:30:31,127 - utils.logger2026-03-04-21.25.01 - INFO - learning rate = 0.0000095
2026-03-04 21:30:33,209 - utils.logger2026-03-04-21.25.01 - INFO - Val result of epoch 39 / 40 mae 1.0741 corr 0.3879 f1 0.6503
2026-03-04 21:30:35,304 - utils.logger2026-03-04-21.25.01 - INFO - Tst result of epoch 39 / 40 mae 1.1070 corr 0.4892 f1 0.6915
2026-03-04 21:30:37,221 - utils.logger2026-03-04-21.25.01 - INFO - Cur epoch 40 loss CE:0.9719 mse:1.2972 consistent:105.0652
2026-03-04 21:30:38,105 - utils.logger2026-03-04-21.25.01 - INFO - Cur epoch 40 loss CE:0.8912 mse:1.3854 consistent:106.7740
2026-03-04 21:30:39,032 - utils.logger2026-03-04-21.25.01 - INFO - Cur epoch 40 loss CE:1.7001 mse:1.5826 consistent:103.3189
2026-03-04 21:30:39,189 - utils.logger2026-03-04-21.25.01 - INFO - saving the model at the end of epoch 40, iters 1120
2026-03-04 21:30:39,374 - utils.logger2026-03-04-21.25.01 - INFO - End of training epoch 40 / 40 	 Time Taken: 4 sec
2026-03-04 21:30:39,374 - utils.logger2026-03-04-21.25.01 - INFO - learning rate = 0.0000000
2026-03-04 21:30:41,409 - utils.logger2026-03-04-21.25.01 - INFO - Val result of epoch 40 / 40 mae 1.0750 corr 0.3871 f1 0.6527
2026-03-04 21:30:43,482 - utils.logger2026-03-04-21.25.01 - INFO - Tst result of epoch 40 / 40 mae 1.1065 corr 0.4909 f1 0.6908
2026-03-04 21:30:43,483 - utils.logger2026-03-04-21.25.01 - INFO - Best eval epoch 21 found with MAE 1.076789
2026-03-04 21:30:43,483 - utils.logger2026-03-04-21.25.01 - INFO - Loading best model found on val set: epoch-21
2026-03-04 21:30:47,680 - utils.logger2026-03-04-21.25.01 - INFO - Tst result mae 1.0768 corr 0.5113 f1 0.7001
