2026-03-09 11:14:07,000 - utils.logger2026-03-09-11.14.06 - INFO - The number of training samples = 1750
2026-03-09 11:14:09,538 - utils.logger2026-03-09-11.14.06 - INFO - Cur epoch 1 loss TA:1.0363 TV:1.0356 VA:2.0722 CE:4.1654
2026-03-09 11:14:10,116 - utils.logger2026-03-09-11.14.06 - INFO - Cur epoch 1 loss TA:1.0360 TV:1.0365 VA:2.0689 CE:3.1998
2026-03-09 11:14:10,643 - utils.logger2026-03-09-11.14.06 - INFO - saving the model at the end of epoch 1, iters 28
2026-03-09 11:14:11,027 - utils.logger2026-03-09-11.14.06 - INFO - End of training epoch 1 / 40 	 Time Taken: 3 sec
2026-03-09 11:14:11,027 - utils.logger2026-03-09-11.14.06 - INFO - learning rate = 0.0002000
2026-03-09 11:14:11,439 - utils.logger2026-03-09-11.14.06 - INFO - Val result of epoch 1 / 40 acc 0.6027 MAE 0.3026 f1 0.6389
2026-03-09 11:14:11,846 - utils.logger2026-03-09-11.14.06 - INFO - Tst result of epoch 1 / 40 acc 0.6027 MAE 0.3027 f1 0.6389
2026-03-09 11:14:12,350 - utils.logger2026-03-09-11.14.06 - INFO - Cur epoch 2 loss TA:1.0309 TV:1.0341 VA:2.0599 CE:2.9967
2026-03-09 11:14:13,368 - utils.logger2026-03-09-11.14.06 - INFO - Cur epoch 2 loss TA:1.0304 TV:1.0309 VA:2.0545 CE:2.9946
2026-03-09 11:14:13,982 - utils.logger2026-03-09-11.14.06 - INFO - Cur epoch 2 loss TA:1.0282 TV:1.0269 VA:2.0604 CE:2.0784
2026-03-09 11:14:14,401 - utils.logger2026-03-09-11.14.06 - INFO - saving the model at the end of epoch 2, iters 56
2026-03-09 11:14:14,557 - utils.logger2026-03-09-11.14.06 - INFO - End of training epoch 2 / 40 	 Time Taken: 2 sec
2026-03-09 11:14:14,557 - utils.logger2026-03-09-11.14.06 - INFO - learning rate = 0.0002000
2026-03-09 11:14:14,970 - utils.logger2026-03-09-11.14.06 - INFO - Val result of epoch 2 / 40 acc 0.6429 MAE 0.4856 f1 0.6625
2026-03-09 11:14:15,444 - utils.logger2026-03-09-11.14.06 - INFO - Tst result of epoch 2 / 40 acc 0.6429 MAE 0.4856 f1 0.6625
2026-03-09 11:14:16,018 - utils.logger2026-03-09-11.14.06 - INFO - Cur epoch 3 loss TA:1.0129 TV:1.0194 VA:2.0496 CE:2.3784
2026-03-09 11:14:16,666 - utils.logger2026-03-09-11.14.06 - INFO - Cur epoch 3 loss TA:1.0221 TV:1.0091 VA:2.0399 CE:2.6644
2026-03-09 11:14:17,235 - utils.logger2026-03-09-11.14.06 - INFO - Cur epoch 3 loss TA:1.0023 TV:0.9863 VA:2.0132 CE:1.8138
2026-03-09 11:14:17,599 - utils.logger2026-03-09-11.14.06 - INFO - saving the model at the end of epoch 3, iters 84
2026-03-09 11:14:17,919 - utils.logger2026-03-09-11.14.06 - INFO - End of training epoch 3 / 40 	 Time Taken: 2 sec
2026-03-09 11:14:17,920 - utils.logger2026-03-09-11.14.06 - INFO - learning rate = 0.0002000
2026-03-09 11:14:18,329 - utils.logger2026-03-09-11.14.06 - INFO - Val result of epoch 3 / 40 acc 0.6652 MAE 0.5374 f1 0.6785
2026-03-09 11:14:18,730 - utils.logger2026-03-09-11.14.06 - INFO - Tst result of epoch 3 / 40 acc 0.6652 MAE 0.5374 f1 0.6785
2026-03-09 11:14:19,365 - utils.logger2026-03-09-11.14.06 - INFO - Cur epoch 4 loss TA:0.9664 TV:0.9569 VA:1.9160 CE:1.8994
2026-03-09 11:14:20,117 - utils.logger2026-03-09-11.14.06 - INFO - Cur epoch 4 loss TA:0.9631 TV:0.9799 VA:1.9584 CE:1.8066
2026-03-09 11:14:20,721 - utils.logger2026-03-09-11.14.06 - INFO - Cur epoch 4 loss TA:0.9629 TV:0.9676 VA:1.9186 CE:1.7176
2026-03-09 11:14:20,889 - utils.logger2026-03-09-11.14.06 - INFO - saving the model at the end of epoch 4, iters 112
2026-03-09 11:14:21,098 - utils.logger2026-03-09-11.14.06 - INFO - End of training epoch 4 / 40 	 Time Taken: 2 sec
2026-03-09 11:14:21,098 - utils.logger2026-03-09-11.14.06 - INFO - learning rate = 0.0002000
2026-03-09 11:14:21,597 - utils.logger2026-03-09-11.14.06 - INFO - Val result of epoch 4 / 40 acc 0.7232 MAE 0.6053 f1 0.7337
2026-03-09 11:14:22,002 - utils.logger2026-03-09-11.14.06 - INFO - Tst result of epoch 4 / 40 acc 0.7232 MAE 0.6053 f1 0.7337
2026-03-09 11:14:22,767 - utils.logger2026-03-09-11.14.06 - INFO - Cur epoch 5 loss TA:0.9268 TV:0.9196 VA:1.8529 CE:1.6298
2026-03-09 11:14:23,389 - utils.logger2026-03-09-11.14.06 - INFO - Cur epoch 5 loss TA:0.9176 TV:0.9075 VA:1.8149 CE:1.5310
2026-03-09 11:14:23,944 - utils.logger2026-03-09-11.14.06 - INFO - Cur epoch 5 loss TA:0.6406 TV:0.6231 VA:1.2514 CE:1.4066
2026-03-09 11:14:24,020 - utils.logger2026-03-09-11.14.06 - INFO - saving the model at the end of epoch 5, iters 140
2026-03-09 11:14:24,242 - utils.logger2026-03-09-11.14.06 - INFO - End of training epoch 5 / 40 	 Time Taken: 2 sec
2026-03-09 11:14:24,243 - utils.logger2026-03-09-11.14.06 - INFO - learning rate = 0.0002000
2026-03-09 11:14:24,623 - utils.logger2026-03-09-11.14.06 - INFO - Val result of epoch 5 / 40 acc 0.7321 MAE 0.6255 f1 0.7431
2026-03-09 11:14:25,021 - utils.logger2026-03-09-11.14.06 - INFO - Tst result of epoch 5 / 40 acc 0.7321 MAE 0.6254 f1 0.7431
2026-03-09 11:14:25,823 - utils.logger2026-03-09-11.14.06 - INFO - Cur epoch 6 loss TA:0.8917 TV:0.9104 VA:1.7670 CE:1.5167
2026-03-09 11:14:26,434 - utils.logger2026-03-09-11.14.06 - INFO - Cur epoch 6 loss TA:0.9004 TV:0.8929 VA:1.7792 CE:1.4735
2026-03-09 11:14:26,935 - utils.logger2026-03-09-11.14.06 - INFO - saving the model at the end of epoch 6, iters 168
2026-03-09 11:14:27,030 - utils.logger2026-03-09-11.14.06 - INFO - End of training epoch 6 / 40 	 Time Taken: 2 sec
2026-03-09 11:14:27,030 - utils.logger2026-03-09-11.14.06 - INFO - learning rate = 0.0002000
2026-03-09 11:14:27,490 - utils.logger2026-03-09-11.14.06 - INFO - Val result of epoch 6 / 40 acc 0.7545 MAE 0.6534 f1 0.7662
2026-03-09 11:14:27,850 - utils.logger2026-03-09-11.14.06 - INFO - Tst result of epoch 6 / 40 acc 0.7545 MAE 0.6534 f1 0.7662
2026-03-09 11:14:28,266 - utils.logger2026-03-09-11.14.06 - INFO - Cur epoch 7 loss TA:0.8792 TV:0.8782 VA:1.7316 CE:1.5477
2026-03-09 11:14:28,843 - utils.logger2026-03-09-11.14.06 - INFO - Cur epoch 7 loss TA:0.8814 TV:0.8821 VA:1.7196 CE:1.1991
2026-03-09 11:14:29,431 - utils.logger2026-03-09-11.14.06 - INFO - Cur epoch 7 loss TA:0.8772 TV:0.8890 VA:1.7186 CE:1.6560
2026-03-09 11:14:29,793 - utils.logger2026-03-09-11.14.06 - INFO - saving the model at the end of epoch 7, iters 196
2026-03-09 11:14:29,967 - utils.logger2026-03-09-11.14.06 - INFO - End of training epoch 7 / 40 	 Time Taken: 2 sec
2026-03-09 11:14:29,967 - utils.logger2026-03-09-11.14.06 - INFO - learning rate = 0.0002000
2026-03-09 11:14:30,394 - utils.logger2026-03-09-11.14.06 - INFO - Val result of epoch 7 / 40 acc 0.7455 MAE 0.6617 f1 0.7573
2026-03-09 11:14:30,773 - utils.logger2026-03-09-11.14.06 - INFO - Tst result of epoch 7 / 40 acc 0.7455 MAE 0.6617 f1 0.7573
2026-03-09 11:14:31,311 - utils.logger2026-03-09-11.14.06 - INFO - Cur epoch 8 loss TA:0.8707 TV:0.8758 VA:1.6328 CE:1.0319
2026-03-09 11:14:31,882 - utils.logger2026-03-09-11.14.06 - INFO - Cur epoch 8 loss TA:0.8495 TV:0.8627 VA:1.6573 CE:1.1538
2026-03-09 11:14:32,491 - utils.logger2026-03-09-11.14.06 - INFO - Cur epoch 8 loss TA:0.8567 TV:0.8622 VA:1.6099 CE:1.2501
2026-03-09 11:14:32,739 - utils.logger2026-03-09-11.14.06 - INFO - saving the model at the end of epoch 8, iters 224
2026-03-09 11:14:32,945 - utils.logger2026-03-09-11.14.06 - INFO - End of training epoch 8 / 40 	 Time Taken: 2 sec
2026-03-09 11:14:32,945 - utils.logger2026-03-09-11.14.06 - INFO - learning rate = 0.0002000
2026-03-09 11:14:33,352 - utils.logger2026-03-09-11.14.06 - INFO - Val result of epoch 8 / 40 acc 0.7634 MAE 0.6602 f1 0.7767
2026-03-09 11:14:33,734 - utils.logger2026-03-09-11.14.06 - INFO - Tst result of epoch 8 / 40 acc 0.7634 MAE 0.6602 f1 0.7767
2026-03-09 11:14:34,404 - utils.logger2026-03-09-11.14.06 - INFO - Cur epoch 9 loss TA:0.8044 TV:0.8396 VA:1.5467 CE:0.8437
2026-03-09 11:14:35,023 - utils.logger2026-03-09-11.14.06 - INFO - Cur epoch 9 loss TA:0.8290 TV:0.8390 VA:1.6096 CE:1.0673
2026-03-09 11:14:35,604 - utils.logger2026-03-09-11.14.06 - INFO - Cur epoch 9 loss TA:0.8197 TV:0.8327 VA:1.5790 CE:1.1950
2026-03-09 11:14:35,893 - utils.logger2026-03-09-11.14.06 - INFO - saving the model at the end of epoch 9, iters 252
2026-03-09 11:14:36,340 - utils.logger2026-03-09-11.14.06 - INFO - End of training epoch 9 / 40 	 Time Taken: 2 sec
2026-03-09 11:14:36,340 - utils.logger2026-03-09-11.14.06 - INFO - learning rate = 0.0002000
2026-03-09 11:14:36,746 - utils.logger2026-03-09-11.14.06 - INFO - Val result of epoch 9 / 40 acc 0.7455 MAE 0.6596 f1 0.7617
2026-03-09 11:14:37,167 - utils.logger2026-03-09-11.14.06 - INFO - Tst result of epoch 9 / 40 acc 0.7455 MAE 0.6596 f1 0.7617
2026-03-09 11:14:38,263 - utils.logger2026-03-09-11.14.06 - INFO - Cur epoch 10 loss TA:0.7993 TV:0.8160 VA:1.4820 CE:1.0807
2026-03-09 11:14:38,915 - utils.logger2026-03-09-11.14.06 - INFO - Cur epoch 10 loss TA:0.7966 TV:0.8067 VA:1.5510 CE:1.5343
2026-03-09 11:14:39,523 - utils.logger2026-03-09-11.14.06 - INFO - Cur epoch 10 loss TA:0.5345 TV:0.5341 VA:0.9698 CE:0.9219
2026-03-09 11:14:39,569 - utils.logger2026-03-09-11.14.06 - INFO - saving the model at the end of epoch 10, iters 280
2026-03-09 11:14:39,677 - utils.logger2026-03-09-11.14.06 - INFO - End of training epoch 10 / 40 	 Time Taken: 2 sec
2026-03-09 11:14:39,677 - utils.logger2026-03-09-11.14.06 - INFO - learning rate = 0.0002000
2026-03-09 11:14:40,055 - utils.logger2026-03-09-11.14.06 - INFO - Val result of epoch 10 / 40 acc 0.7500 MAE 0.6595 f1 0.7668
2026-03-09 11:14:40,526 - utils.logger2026-03-09-11.14.06 - INFO - Tst result of epoch 10 / 40 acc 0.7500 MAE 0.6595 f1 0.7668
2026-03-09 11:14:41,519 - utils.logger2026-03-09-11.14.06 - INFO - Cur epoch 11 loss TA:0.8173 TV:0.7971 VA:1.4989 CE:1.0348
2026-03-09 11:14:42,116 - utils.logger2026-03-09-11.14.06 - INFO - Cur epoch 11 loss TA:0.7364 TV:0.7516 VA:1.4653 CE:0.8181
2026-03-09 11:14:42,684 - utils.logger2026-03-09-11.14.06 - INFO - saving the model at the end of epoch 11, iters 308
2026-03-09 11:14:42,965 - utils.logger2026-03-09-11.14.06 - INFO - End of training epoch 11 / 40 	 Time Taken: 2 sec
2026-03-09 11:14:42,965 - utils.logger2026-03-09-11.14.06 - INFO - learning rate = 0.0002000
2026-03-09 11:14:43,374 - utils.logger2026-03-09-11.14.06 - INFO - Val result of epoch 11 / 40 acc 0.7411 MAE 0.6657 f1 0.7569
2026-03-09 11:14:43,799 - utils.logger2026-03-09-11.14.06 - INFO - Tst result of epoch 11 / 40 acc 0.7411 MAE 0.6656 f1 0.7569
2026-03-09 11:14:44,225 - utils.logger2026-03-09-11.14.06 - INFO - Cur epoch 12 loss TA:0.7308 TV:0.7532 VA:1.4188 CE:0.5682
2026-03-09 11:14:45,106 - utils.logger2026-03-09-11.14.06 - INFO - Cur epoch 12 loss TA:0.7643 TV:0.7536 VA:1.4072 CE:0.7397
2026-03-09 11:14:46,221 - utils.logger2026-03-09-11.14.06 - INFO - Cur epoch 12 loss TA:0.7535 TV:0.7838 VA:1.3842 CE:0.7145
2026-03-09 11:14:46,920 - utils.logger2026-03-09-11.14.06 - INFO - saving the model at the end of epoch 12, iters 336
2026-03-09 11:14:47,339 - utils.logger2026-03-09-11.14.06 - INFO - End of training epoch 12 / 40 	 Time Taken: 3 sec
2026-03-09 11:14:47,339 - utils.logger2026-03-09-11.14.06 - INFO - learning rate = 0.0002000
2026-03-09 11:14:47,707 - utils.logger2026-03-09-11.14.06 - INFO - Val result of epoch 12 / 40 acc 0.7500 MAE 0.6722 f1 0.7618
2026-03-09 11:14:48,079 - utils.logger2026-03-09-11.14.06 - INFO - Tst result of epoch 12 / 40 acc 0.7500 MAE 0.6722 f1 0.7618
2026-03-09 11:14:48,661 - utils.logger2026-03-09-11.14.06 - INFO - Cur epoch 13 loss TA:0.7283 TV:0.7541 VA:1.3442 CE:0.5232
2026-03-09 11:14:49,331 - utils.logger2026-03-09-11.14.06 - INFO - Cur epoch 13 loss TA:0.7139 TV:0.7489 VA:1.3567 CE:0.7591
2026-03-09 11:14:50,101 - utils.logger2026-03-09-11.14.06 - INFO - Cur epoch 13 loss TA:0.7578 TV:0.7747 VA:1.3610 CE:0.6887
2026-03-09 11:14:50,362 - utils.logger2026-03-09-11.14.06 - INFO - saving the model at the end of epoch 13, iters 364
2026-03-09 11:14:50,564 - utils.logger2026-03-09-11.14.06 - INFO - End of training epoch 13 / 40 	 Time Taken: 2 sec
2026-03-09 11:14:50,564 - utils.logger2026-03-09-11.14.06 - INFO - learning rate = 0.0002000
2026-03-09 11:14:51,024 - utils.logger2026-03-09-11.14.06 - INFO - Val result of epoch 13 / 40 acc 0.7679 MAE 0.6746 f1 0.7851
2026-03-09 11:14:51,531 - utils.logger2026-03-09-11.14.06 - INFO - Tst result of epoch 13 / 40 acc 0.7679 MAE 0.6746 f1 0.7851
2026-03-09 11:14:52,371 - utils.logger2026-03-09-11.14.06 - INFO - Cur epoch 14 loss TA:0.7393 TV:0.7509 VA:1.3285 CE:0.7733
2026-03-09 11:14:53,012 - utils.logger2026-03-09-11.14.06 - INFO - Cur epoch 14 loss TA:0.7198 TV:0.7218 VA:1.3302 CE:0.6599
2026-03-09 11:14:53,584 - utils.logger2026-03-09-11.14.06 - INFO - Cur epoch 14 loss TA:0.7303 TV:0.7260 VA:1.3258 CE:0.5463
2026-03-09 11:14:53,800 - utils.logger2026-03-09-11.14.06 - INFO - saving the model at the end of epoch 14, iters 392
2026-03-09 11:14:54,194 - utils.logger2026-03-09-11.14.06 - INFO - End of training epoch 14 / 40 	 Time Taken: 2 sec
2026-03-09 11:14:54,195 - utils.logger2026-03-09-11.14.06 - INFO - learning rate = 0.0002000
2026-03-09 11:14:54,628 - utils.logger2026-03-09-11.14.06 - INFO - Val result of epoch 14 / 40 acc 0.7545 MAE 0.6630 f1 0.7710
2026-03-09 11:14:55,077 - utils.logger2026-03-09-11.14.06 - INFO - Tst result of epoch 14 / 40 acc 0.7545 MAE 0.6630 f1 0.7710
2026-03-09 11:14:56,178 - utils.logger2026-03-09-11.14.06 - INFO - Cur epoch 15 loss TA:0.6828 TV:0.7119 VA:1.3060 CE:0.4395
2026-03-09 11:14:56,998 - utils.logger2026-03-09-11.14.06 - INFO - Cur epoch 15 loss TA:0.6839 TV:0.6895 VA:1.2932 CE:0.4785
2026-03-09 11:14:57,553 - utils.logger2026-03-09-11.14.06 - INFO - Cur epoch 15 loss TA:0.4028 TV:0.4288 VA:0.7479 CE:0.6972
2026-03-09 11:14:57,622 - utils.logger2026-03-09-11.14.06 - INFO - saving the model at the end of epoch 15, iters 420
2026-03-09 11:14:57,822 - utils.logger2026-03-09-11.14.06 - INFO - End of training epoch 15 / 40 	 Time Taken: 2 sec
2026-03-09 11:14:57,822 - utils.logger2026-03-09-11.14.06 - INFO - learning rate = 0.0002000
2026-03-09 11:14:58,230 - utils.logger2026-03-09-11.14.06 - INFO - Val result of epoch 15 / 40 acc 0.7366 MAE 0.6629 f1 0.7571
2026-03-09 11:14:58,696 - utils.logger2026-03-09-11.14.06 - INFO - Tst result of epoch 15 / 40 acc 0.7366 MAE 0.6629 f1 0.7571
2026-03-09 11:14:59,732 - utils.logger2026-03-09-11.14.06 - INFO - Cur epoch 16 loss TA:0.6867 TV:0.7089 VA:1.2671 CE:0.4780
2026-03-09 11:15:00,393 - utils.logger2026-03-09-11.14.06 - INFO - Cur epoch 16 loss TA:0.6976 TV:0.7090 VA:1.2945 CE:0.5018
2026-03-09 11:15:00,950 - utils.logger2026-03-09-11.14.06 - INFO - saving the model at the end of epoch 16, iters 448
2026-03-09 11:15:01,247 - utils.logger2026-03-09-11.14.06 - INFO - End of training epoch 16 / 40 	 Time Taken: 2 sec
2026-03-09 11:15:01,247 - utils.logger2026-03-09-11.14.06 - INFO - learning rate = 0.0002000
2026-03-09 11:15:01,719 - utils.logger2026-03-09-11.14.06 - INFO - Val result of epoch 16 / 40 acc 0.7500 MAE 0.6677 f1 0.7616
2026-03-09 11:15:02,195 - utils.logger2026-03-09-11.14.06 - INFO - Tst result of epoch 16 / 40 acc 0.7500 MAE 0.6677 f1 0.7616
2026-03-09 11:15:02,654 - utils.logger2026-03-09-11.14.06 - INFO - Cur epoch 17 loss TA:0.6405 TV:0.6451 VA:1.1411 CE:0.2786
2026-03-09 11:15:03,303 - utils.logger2026-03-09-11.14.06 - INFO - Cur epoch 17 loss TA:0.6372 TV:0.6800 VA:1.1992 CE:0.4145
2026-03-09 11:15:04,268 - utils.logger2026-03-09-11.14.06 - INFO - Cur epoch 17 loss TA:0.6459 TV:0.6607 VA:1.2210 CE:0.4496
2026-03-09 11:15:04,970 - utils.logger2026-03-09-11.14.06 - INFO - saving the model at the end of epoch 17, iters 476
2026-03-09 11:15:05,502 - utils.logger2026-03-09-11.14.06 - INFO - End of training epoch 17 / 40 	 Time Taken: 3 sec
2026-03-09 11:15:05,502 - utils.logger2026-03-09-11.14.06 - INFO - learning rate = 0.0002000
2026-03-09 11:15:05,947 - utils.logger2026-03-09-11.14.06 - INFO - Val result of epoch 17 / 40 acc 0.7455 MAE 0.6708 f1 0.7616
2026-03-09 11:15:06,325 - utils.logger2026-03-09-11.14.06 - INFO - Tst result of epoch 17 / 40 acc 0.7455 MAE 0.6708 f1 0.7616
2026-03-09 11:15:06,781 - utils.logger2026-03-09-11.14.06 - INFO - Cur epoch 18 loss TA:0.6317 TV:0.6631 VA:1.1412 CE:0.4689
2026-03-09 11:15:07,387 - utils.logger2026-03-09-11.14.06 - INFO - Cur epoch 18 loss TA:0.6218 TV:0.6283 VA:1.1463 CE:0.4899
2026-03-09 11:15:08,023 - utils.logger2026-03-09-11.14.06 - INFO - Cur epoch 18 loss TA:0.6238 TV:0.6705 VA:1.2103 CE:0.3842
2026-03-09 11:15:08,441 - utils.logger2026-03-09-11.14.06 - INFO - saving the model at the end of epoch 18, iters 504
2026-03-09 11:15:08,721 - utils.logger2026-03-09-11.14.06 - INFO - End of training epoch 18 / 40 	 Time Taken: 2 sec
2026-03-09 11:15:08,721 - utils.logger2026-03-09-11.14.06 - INFO - learning rate = 0.0002000
2026-03-09 11:15:09,143 - utils.logger2026-03-09-11.14.06 - INFO - Val result of epoch 18 / 40 acc 0.7455 MAE 0.6475 f1 0.7480
2026-03-09 11:15:09,563 - utils.logger2026-03-09-11.14.06 - INFO - Tst result of epoch 18 / 40 acc 0.7455 MAE 0.6475 f1 0.7480
2026-03-09 11:15:10,349 - utils.logger2026-03-09-11.14.06 - INFO - Cur epoch 19 loss TA:0.6156 TV:0.6253 VA:1.1682 CE:0.2082
2026-03-09 11:15:11,047 - utils.logger2026-03-09-11.14.06 - INFO - Cur epoch 19 loss TA:0.6476 TV:0.6623 VA:1.1684 CE:0.3246
2026-03-09 11:15:11,641 - utils.logger2026-03-09-11.14.06 - INFO - Cur epoch 19 loss TA:0.6098 TV:0.6365 VA:1.1679 CE:0.3891
2026-03-09 11:15:11,791 - utils.logger2026-03-09-11.14.06 - INFO - saving the model at the end of epoch 19, iters 532
2026-03-09 11:15:12,008 - utils.logger2026-03-09-11.14.06 - INFO - End of training epoch 19 / 40 	 Time Taken: 2 sec
2026-03-09 11:15:12,008 - utils.logger2026-03-09-11.14.06 - INFO - learning rate = 0.0002000
2026-03-09 11:15:12,555 - utils.logger2026-03-09-11.14.06 - INFO - Val result of epoch 19 / 40 acc 0.7679 MAE 0.6687 f1 0.7851
2026-03-09 11:15:13,012 - utils.logger2026-03-09-11.14.06 - INFO - Tst result of epoch 19 / 40 acc 0.7679 MAE 0.6687 f1 0.7851
2026-03-09 11:15:14,149 - utils.logger2026-03-09-11.14.06 - INFO - Cur epoch 20 loss TA:0.6061 TV:0.6188 VA:1.1710 CE:0.3391
2026-03-09 11:15:15,209 - utils.logger2026-03-09-11.14.06 - INFO - Cur epoch 20 loss TA:0.6420 TV:0.6460 VA:1.1959 CE:0.4120
2026-03-09 11:15:15,832 - utils.logger2026-03-09-11.14.06 - INFO - Cur epoch 20 loss TA:0.3706 TV:0.3489 VA:0.6695 CE:0.2501
2026-03-09 11:15:15,893 - utils.logger2026-03-09-11.14.06 - INFO - saving the model at the end of epoch 20, iters 560
2026-03-09 11:15:16,025 - utils.logger2026-03-09-11.14.06 - INFO - End of training epoch 20 / 40 	 Time Taken: 3 sec
2026-03-09 11:15:16,025 - utils.logger2026-03-09-11.14.06 - INFO - learning rate = 0.0002000
2026-03-09 11:15:16,450 - utils.logger2026-03-09-11.14.06 - INFO - Val result of epoch 20 / 40 acc 0.7455 MAE 0.6590 f1 0.7569
2026-03-09 11:15:16,861 - utils.logger2026-03-09-11.14.06 - INFO - Tst result of epoch 20 / 40 acc 0.7455 MAE 0.6590 f1 0.7569
2026-03-09 11:15:17,993 - utils.logger2026-03-09-11.14.06 - INFO - Cur epoch 21 loss TA:0.6032 TV:0.6312 VA:1.1401 CE:0.2984
2026-03-09 11:15:18,562 - utils.logger2026-03-09-11.14.06 - INFO - Cur epoch 21 loss TA:0.6139 TV:0.6096 VA:1.1464 CE:0.3867
2026-03-09 11:15:19,105 - utils.logger2026-03-09-11.14.06 - INFO - saving the model at the end of epoch 21, iters 588
2026-03-09 11:15:19,319 - utils.logger2026-03-09-11.14.06 - INFO - End of training epoch 21 / 40 	 Time Taken: 2 sec
2026-03-09 11:15:19,319 - utils.logger2026-03-09-11.14.06 - INFO - learning rate = 0.0002000
2026-03-09 11:15:19,732 - utils.logger2026-03-09-11.14.06 - INFO - Val result of epoch 21 / 40 acc 0.7634 MAE 0.6575 f1 0.7709
2026-03-09 11:15:20,137 - utils.logger2026-03-09-11.14.06 - INFO - Tst result of epoch 21 / 40 acc 0.7634 MAE 0.6575 f1 0.7709
2026-03-09 11:15:20,545 - utils.logger2026-03-09-11.14.06 - INFO - Cur epoch 22 loss TA:0.5722 TV:0.5684 VA:1.0805 CE:0.3185
2026-03-09 11:15:21,184 - utils.logger2026-03-09-11.14.06 - INFO - Cur epoch 22 loss TA:0.6065 TV:0.6213 VA:1.1513 CE:0.3244
2026-03-09 11:15:22,103 - utils.logger2026-03-09-11.14.06 - INFO - Cur epoch 22 loss TA:0.5960 TV:0.6151 VA:1.1437 CE:0.2283
2026-03-09 11:15:22,792 - utils.logger2026-03-09-11.14.06 - INFO - saving the model at the end of epoch 22, iters 616
2026-03-09 11:15:23,192 - utils.logger2026-03-09-11.14.06 - INFO - End of training epoch 22 / 40 	 Time Taken: 3 sec
2026-03-09 11:15:23,193 - utils.logger2026-03-09-11.14.06 - INFO - learning rate = 0.0002000
2026-03-09 11:15:23,627 - utils.logger2026-03-09-11.14.06 - INFO - Val result of epoch 22 / 40 acc 0.7455 MAE 0.6604 f1 0.7573
2026-03-09 11:15:24,027 - utils.logger2026-03-09-11.14.06 - INFO - Tst result of epoch 22 / 40 acc 0.7455 MAE 0.6604 f1 0.7573
2026-03-09 11:15:24,513 - utils.logger2026-03-09-11.14.06 - INFO - Cur epoch 23 loss TA:0.5577 TV:0.5667 VA:1.0589 CE:0.2555
2026-03-09 11:15:25,045 - utils.logger2026-03-09-11.14.06 - INFO - Cur epoch 23 loss TA:0.5725 TV:0.5940 VA:1.0942 CE:0.3323
2026-03-09 11:15:25,584 - utils.logger2026-03-09-11.14.06 - INFO - Cur epoch 23 loss TA:0.5886 TV:0.5909 VA:1.1361 CE:0.4332
2026-03-09 11:15:25,872 - utils.logger2026-03-09-11.14.06 - INFO - saving the model at the end of epoch 23, iters 644
2026-03-09 11:15:26,086 - utils.logger2026-03-09-11.14.06 - INFO - End of training epoch 23 / 40 	 Time Taken: 2 sec
2026-03-09 11:15:26,087 - utils.logger2026-03-09-11.14.06 - INFO - learning rate = 0.0002000
2026-03-09 11:15:26,505 - utils.logger2026-03-09-11.14.06 - INFO - Val result of epoch 23 / 40 acc 0.7589 MAE 0.6562 f1 0.7664
2026-03-09 11:15:26,886 - utils.logger2026-03-09-11.14.06 - INFO - Tst result of epoch 23 / 40 acc 0.7589 MAE 0.6562 f1 0.7664
2026-03-09 11:15:27,451 - utils.logger2026-03-09-11.14.06 - INFO - Cur epoch 24 loss TA:0.5884 TV:0.5992 VA:1.1048 CE:0.3034
2026-03-09 11:15:28,207 - utils.logger2026-03-09-11.14.06 - INFO - Cur epoch 24 loss TA:0.5842 TV:0.5978 VA:1.1686 CE:0.2697
2026-03-09 11:15:28,850 - utils.logger2026-03-09-11.14.06 - INFO - Cur epoch 24 loss TA:0.5577 TV:0.5645 VA:1.0713 CE:0.3433
2026-03-09 11:15:29,012 - utils.logger2026-03-09-11.14.06 - INFO - saving the model at the end of epoch 24, iters 672
2026-03-09 11:15:29,207 - utils.logger2026-03-09-11.14.06 - INFO - End of training epoch 24 / 40 	 Time Taken: 2 sec
2026-03-09 11:15:29,207 - utils.logger2026-03-09-11.14.06 - INFO - learning rate = 0.0002000
2026-03-09 11:15:29,637 - utils.logger2026-03-09-11.14.06 - INFO - Val result of epoch 24 / 40 acc 0.7545 MAE 0.6648 f1 0.7663
2026-03-09 11:15:30,001 - utils.logger2026-03-09-11.14.06 - INFO - Tst result of epoch 24 / 40 acc 0.7545 MAE 0.6648 f1 0.7663
2026-03-09 11:15:31,128 - utils.logger2026-03-09-11.14.06 - INFO - Cur epoch 25 loss TA:0.5550 TV:0.5752 VA:1.1090 CE:0.3267
2026-03-09 11:15:32,227 - utils.logger2026-03-09-11.14.06 - INFO - Cur epoch 25 loss TA:0.5804 TV:0.5836 VA:1.0600 CE:0.4193
2026-03-09 11:15:32,856 - utils.logger2026-03-09-11.14.06 - INFO - Cur epoch 25 loss TA:0.3494 TV:0.3288 VA:0.5294 CE:0.2261
2026-03-09 11:15:32,909 - utils.logger2026-03-09-11.14.06 - INFO - saving the model at the end of epoch 25, iters 700
2026-03-09 11:15:33,065 - utils.logger2026-03-09-11.14.06 - INFO - End of training epoch 25 / 40 	 Time Taken: 3 sec
2026-03-09 11:15:33,066 - utils.logger2026-03-09-11.14.06 - INFO - learning rate = 0.0002000
2026-03-09 11:15:33,430 - utils.logger2026-03-09-11.14.06 - INFO - Val result of epoch 25 / 40 acc 0.7768 MAE 0.6624 f1 0.7810
2026-03-09 11:15:33,971 - utils.logger2026-03-09-11.14.06 - INFO - Tst result of epoch 25 / 40 acc 0.7768 MAE 0.6624 f1 0.7810
2026-03-09 11:15:35,117 - utils.logger2026-03-09-11.14.06 - INFO - Cur epoch 26 loss TA:0.5554 TV:0.5744 VA:1.0599 CE:0.3209
2026-03-09 11:15:35,685 - utils.logger2026-03-09-11.14.06 - INFO - Cur epoch 26 loss TA:0.5696 TV:0.5640 VA:1.0884 CE:0.3628
2026-03-09 11:15:36,247 - utils.logger2026-03-09-11.14.06 - INFO - saving the model at the end of epoch 26, iters 728
2026-03-09 11:15:36,352 - utils.logger2026-03-09-11.14.06 - INFO - End of training epoch 26 / 40 	 Time Taken: 2 sec
2026-03-09 11:15:36,353 - utils.logger2026-03-09-11.14.06 - INFO - learning rate = 0.0002000
2026-03-09 11:15:36,925 - utils.logger2026-03-09-11.14.06 - INFO - Val result of epoch 26 / 40 acc 0.7500 MAE 0.6639 f1 0.7662
2026-03-09 11:15:37,578 - utils.logger2026-03-09-11.14.06 - INFO - Tst result of epoch 26 / 40 acc 0.7500 MAE 0.6639 f1 0.7662
2026-03-09 11:15:38,135 - utils.logger2026-03-09-11.14.06 - INFO - Cur epoch 27 loss TA:0.5358 TV:0.5579 VA:1.0521 CE:0.2525
2026-03-09 11:15:38,739 - utils.logger2026-03-09-11.14.06 - INFO - Cur epoch 27 loss TA:0.5353 TV:0.5382 VA:1.0229 CE:0.2744
2026-03-09 11:15:39,495 - utils.logger2026-03-09-11.14.06 - INFO - Cur epoch 27 loss TA:0.5421 TV:0.5496 VA:1.0761 CE:0.3634
2026-03-09 11:15:40,066 - utils.logger2026-03-09-11.14.06 - INFO - saving the model at the end of epoch 27, iters 756
2026-03-09 11:15:40,325 - utils.logger2026-03-09-11.14.06 - INFO - End of training epoch 27 / 40 	 Time Taken: 2 sec
2026-03-09 11:15:40,325 - utils.logger2026-03-09-11.14.06 - INFO - learning rate = 0.0002000
2026-03-09 11:15:40,784 - utils.logger2026-03-09-11.14.06 - INFO - Val result of epoch 27 / 40 acc 0.7366 MAE 0.6540 f1 0.7432
2026-03-09 11:15:41,238 - utils.logger2026-03-09-11.14.06 - INFO - Tst result of epoch 27 / 40 acc 0.7366 MAE 0.6540 f1 0.7432
2026-03-09 11:15:41,910 - utils.logger2026-03-09-11.14.06 - INFO - Cur epoch 28 loss TA:0.5508 TV:0.5772 VA:1.0400 CE:0.2228
2026-03-09 11:15:42,887 - utils.logger2026-03-09-11.14.06 - INFO - Cur epoch 28 loss TA:0.5456 TV:0.5541 VA:1.0343 CE:0.3124
2026-03-09 11:15:43,499 - utils.logger2026-03-09-11.14.06 - INFO - Cur epoch 28 loss TA:0.5672 TV:0.5822 VA:1.1025 CE:0.2662
2026-03-09 11:15:43,795 - utils.logger2026-03-09-11.14.06 - INFO - saving the model at the end of epoch 28, iters 784
2026-03-09 11:15:43,922 - utils.logger2026-03-09-11.14.06 - INFO - End of training epoch 28 / 40 	 Time Taken: 2 sec
2026-03-09 11:15:43,922 - utils.logger2026-03-09-11.14.06 - INFO - learning rate = 0.0002000
2026-03-09 11:15:44,324 - utils.logger2026-03-09-11.14.06 - INFO - Val result of epoch 28 / 40 acc 0.7589 MAE 0.6741 f1 0.7756
2026-03-09 11:15:44,740 - utils.logger2026-03-09-11.14.06 - INFO - Tst result of epoch 28 / 40 acc 0.7589 MAE 0.6741 f1 0.7756
2026-03-09 11:15:45,600 - utils.logger2026-03-09-11.14.06 - INFO - Cur epoch 29 loss TA:0.5469 TV:0.5546 VA:1.0424 CE:0.3102
2026-03-09 11:15:46,257 - utils.logger2026-03-09-11.14.06 - INFO - Cur epoch 29 loss TA:0.5219 TV:0.5379 VA:1.0090 CE:0.2132
2026-03-09 11:15:46,825 - utils.logger2026-03-09-11.14.06 - INFO - Cur epoch 29 loss TA:0.5183 TV:0.5121 VA:1.0209 CE:0.1876
2026-03-09 11:15:47,008 - utils.logger2026-03-09-11.14.06 - INFO - saving the model at the end of epoch 29, iters 812
2026-03-09 11:15:47,172 - utils.logger2026-03-09-11.14.06 - INFO - End of training epoch 29 / 40 	 Time Taken: 2 sec
2026-03-09 11:15:47,173 - utils.logger2026-03-09-11.14.06 - INFO - learning rate = 0.0002000
2026-03-09 11:15:47,633 - utils.logger2026-03-09-11.14.06 - INFO - Val result of epoch 29 / 40 acc 0.7500 MAE 0.6651 f1 0.7617
2026-03-09 11:15:48,126 - utils.logger2026-03-09-11.14.06 - INFO - Tst result of epoch 29 / 40 acc 0.7500 MAE 0.6651 f1 0.7617
2026-03-09 11:15:48,968 - utils.logger2026-03-09-11.14.06 - INFO - Cur epoch 30 loss TA:0.5359 TV:0.5505 VA:1.0457 CE:0.2801
2026-03-09 11:15:49,635 - utils.logger2026-03-09-11.14.06 - INFO - Cur epoch 30 loss TA:0.5022 TV:0.5029 VA:0.9876 CE:0.2180
2026-03-09 11:15:50,670 - utils.logger2026-03-09-11.14.06 - INFO - Cur epoch 30 loss TA:0.2397 TV:0.2829 VA:0.4394 CE:0.2027
2026-03-09 11:15:50,750 - utils.logger2026-03-09-11.14.06 - INFO - saving the model at the end of epoch 30, iters 840
2026-03-09 11:15:51,212 - utils.logger2026-03-09-11.14.06 - INFO - End of training epoch 30 / 40 	 Time Taken: 3 sec
2026-03-09 11:15:51,213 - utils.logger2026-03-09-11.14.06 - INFO - learning rate = 0.0001818
2026-03-09 11:15:51,701 - utils.logger2026-03-09-11.14.06 - INFO - Val result of epoch 30 / 40 acc 0.7545 MAE 0.6716 f1 0.7710
2026-03-09 11:15:52,141 - utils.logger2026-03-09-11.14.06 - INFO - Tst result of epoch 30 / 40 acc 0.7545 MAE 0.6716 f1 0.7710
2026-03-09 11:15:53,057 - utils.logger2026-03-09-11.14.06 - INFO - Cur epoch 31 loss TA:0.5341 TV:0.5306 VA:1.0233 CE:0.3894
2026-03-09 11:15:53,714 - utils.logger2026-03-09-11.14.06 - INFO - Cur epoch 31 loss TA:0.5179 TV:0.5315 VA:1.0358 CE:0.2641
2026-03-09 11:15:54,236 - utils.logger2026-03-09-11.14.06 - INFO - saving the model at the end of epoch 31, iters 868
2026-03-09 11:15:54,414 - utils.logger2026-03-09-11.14.06 - INFO - End of training epoch 31 / 40 	 Time Taken: 2 sec
2026-03-09 11:15:54,414 - utils.logger2026-03-09-11.14.06 - INFO - learning rate = 0.0001636
2026-03-09 11:15:54,893 - utils.logger2026-03-09-11.14.06 - INFO - Val result of epoch 31 / 40 acc 0.7411 MAE 0.6699 f1 0.7569
2026-03-09 11:15:55,313 - utils.logger2026-03-09-11.14.06 - INFO - Tst result of epoch 31 / 40 acc 0.7411 MAE 0.6699 f1 0.7569
2026-03-09 11:15:55,821 - utils.logger2026-03-09-11.14.06 - INFO - Cur epoch 32 loss TA:0.5159 TV:0.5309 VA:0.9824 CE:0.2349
2026-03-09 11:15:56,397 - utils.logger2026-03-09-11.14.06 - INFO - Cur epoch 32 loss TA:0.5141 TV:0.5218 VA:1.0255 CE:0.2322
2026-03-09 11:15:57,095 - utils.logger2026-03-09-11.14.06 - INFO - Cur epoch 32 loss TA:0.5323 TV:0.5368 VA:1.0204 CE:0.2295
2026-03-09 11:15:57,712 - utils.logger2026-03-09-11.14.06 - INFO - saving the model at the end of epoch 32, iters 896
2026-03-09 11:15:58,032 - utils.logger2026-03-09-11.14.06 - INFO - End of training epoch 32 / 40 	 Time Taken: 2 sec
2026-03-09 11:15:58,032 - utils.logger2026-03-09-11.14.06 - INFO - learning rate = 0.0001455
2026-03-09 11:15:58,486 - utils.logger2026-03-09-11.14.06 - INFO - Val result of epoch 32 / 40 acc 0.7679 MAE 0.6680 f1 0.7758
2026-03-09 11:15:58,962 - utils.logger2026-03-09-11.14.06 - INFO - Tst result of epoch 32 / 40 acc 0.7679 MAE 0.6680 f1 0.7758
2026-03-09 11:15:59,732 - utils.logger2026-03-09-11.14.06 - INFO - Cur epoch 33 loss TA:0.5081 TV:0.5112 VA:0.9696 CE:0.2200
2026-03-09 11:16:00,801 - utils.logger2026-03-09-11.14.06 - INFO - Cur epoch 33 loss TA:0.5310 TV:0.5487 VA:1.0386 CE:0.2121
2026-03-09 11:16:01,889 - utils.logger2026-03-09-11.14.06 - INFO - Cur epoch 33 loss TA:0.5035 TV:0.5227 VA:1.0386 CE:0.2764
2026-03-09 11:16:02,353 - utils.logger2026-03-09-11.14.06 - INFO - saving the model at the end of epoch 33, iters 924
2026-03-09 11:16:02,575 - utils.logger2026-03-09-11.14.06 - INFO - End of training epoch 33 / 40 	 Time Taken: 3 sec
2026-03-09 11:16:02,575 - utils.logger2026-03-09-11.14.06 - INFO - learning rate = 0.0001273
2026-03-09 11:16:02,979 - utils.logger2026-03-09-11.14.06 - INFO - Val result of epoch 33 / 40 acc 0.7545 MAE 0.6789 f1 0.7618
2026-03-09 11:16:03,353 - utils.logger2026-03-09-11.14.06 - INFO - Tst result of epoch 33 / 40 acc 0.7545 MAE 0.6789 f1 0.7618
2026-03-09 11:16:03,991 - utils.logger2026-03-09-11.14.06 - INFO - Cur epoch 34 loss TA:0.5182 TV:0.5328 VA:1.0372 CE:0.1670
2026-03-09 11:16:04,801 - utils.logger2026-03-09-11.14.06 - INFO - Cur epoch 34 loss TA:0.5028 TV:0.5004 VA:0.9878 CE:0.2567
2026-03-09 11:16:05,416 - utils.logger2026-03-09-11.14.06 - INFO - Cur epoch 34 loss TA:0.4906 TV:0.5024 VA:0.9715 CE:0.2423
2026-03-09 11:16:05,618 - utils.logger2026-03-09-11.14.06 - INFO - saving the model at the end of epoch 34, iters 952
2026-03-09 11:16:05,731 - utils.logger2026-03-09-11.14.06 - INFO - End of training epoch 34 / 40 	 Time Taken: 2 sec
2026-03-09 11:16:05,731 - utils.logger2026-03-09-11.14.06 - INFO - learning rate = 0.0001091
2026-03-09 11:16:06,102 - utils.logger2026-03-09-11.14.06 - INFO - Val result of epoch 34 / 40 acc 0.7500 MAE 0.6755 f1 0.7666
2026-03-09 11:16:06,552 - utils.logger2026-03-09-11.14.06 - INFO - Tst result of epoch 34 / 40 acc 0.7500 MAE 0.6755 f1 0.7666
2026-03-09 11:16:07,374 - utils.logger2026-03-09-11.14.06 - INFO - Cur epoch 35 loss TA:0.5020 TV:0.5156 VA:0.9856 CE:0.2615
2026-03-09 11:16:07,979 - utils.logger2026-03-09-11.14.06 - INFO - Cur epoch 35 loss TA:0.4963 TV:0.5045 VA:0.9811 CE:0.1906
2026-03-09 11:16:08,607 - utils.logger2026-03-09-11.14.06 - INFO - Cur epoch 35 loss TA:0.2259 TV:0.2354 VA:0.4640 CE:0.2290
2026-03-09 11:16:08,671 - utils.logger2026-03-09-11.14.06 - INFO - saving the model at the end of epoch 35, iters 980
2026-03-09 11:16:09,148 - utils.logger2026-03-09-11.14.06 - INFO - End of training epoch 35 / 40 	 Time Taken: 2 sec
2026-03-09 11:16:09,148 - utils.logger2026-03-09-11.14.06 - INFO - learning rate = 0.0000909
2026-03-09 11:16:09,596 - utils.logger2026-03-09-11.14.06 - INFO - Val result of epoch 35 / 40 acc 0.7634 MAE 0.6699 f1 0.7671
2026-03-09 11:16:10,059 - utils.logger2026-03-09-11.14.06 - INFO - Tst result of epoch 35 / 40 acc 0.7634 MAE 0.6699 f1 0.7671
2026-03-09 11:16:11,352 - utils.logger2026-03-09-11.14.06 - INFO - Cur epoch 36 loss TA:0.4997 TV:0.5095 VA:0.9688 CE:0.1693
2026-03-09 11:16:11,963 - utils.logger2026-03-09-11.14.06 - INFO - Cur epoch 36 loss TA:0.4969 TV:0.5150 VA:0.9763 CE:0.2144
2026-03-09 11:16:12,500 - utils.logger2026-03-09-11.14.06 - INFO - saving the model at the end of epoch 36, iters 1008
2026-03-09 11:16:12,731 - utils.logger2026-03-09-11.14.06 - INFO - End of training epoch 36 / 40 	 Time Taken: 2 sec
2026-03-09 11:16:12,731 - utils.logger2026-03-09-11.14.06 - INFO - learning rate = 0.0000727
2026-03-09 11:16:13,169 - utils.logger2026-03-09-11.14.06 - INFO - Val result of epoch 36 / 40 acc 0.7545 MAE 0.6759 f1 0.7569
2026-03-09 11:16:13,634 - utils.logger2026-03-09-11.14.06 - INFO - Tst result of epoch 36 / 40 acc 0.7545 MAE 0.6759 f1 0.7569
2026-03-09 11:16:14,088 - utils.logger2026-03-09-11.14.06 - INFO - Cur epoch 37 loss TA:0.4906 TV:0.5011 VA:0.9789 CE:0.1853
2026-03-09 11:16:14,733 - utils.logger2026-03-09-11.14.06 - INFO - Cur epoch 37 loss TA:0.4930 TV:0.4928 VA:0.9998 CE:0.2143
2026-03-09 11:16:15,307 - utils.logger2026-03-09-11.14.06 - INFO - Cur epoch 37 loss TA:0.4898 TV:0.4966 VA:0.9890 CE:0.1786
2026-03-09 11:16:15,749 - utils.logger2026-03-09-11.14.06 - INFO - saving the model at the end of epoch 37, iters 1036
2026-03-09 11:16:16,090 - utils.logger2026-03-09-11.14.06 - INFO - End of training epoch 37 / 40 	 Time Taken: 2 sec
2026-03-09 11:16:16,091 - utils.logger2026-03-09-11.14.06 - INFO - learning rate = 0.0000545
2026-03-09 11:16:16,517 - utils.logger2026-03-09-11.14.06 - INFO - Val result of epoch 37 / 40 acc 0.7634 MAE 0.6765 f1 0.7667
2026-03-09 11:16:16,929 - utils.logger2026-03-09-11.14.06 - INFO - Tst result of epoch 37 / 40 acc 0.7634 MAE 0.6765 f1 0.7667
2026-03-09 11:16:17,395 - utils.logger2026-03-09-11.14.06 - INFO - Cur epoch 38 loss TA:0.4969 TV:0.5005 VA:0.9687 CE:0.1711
2026-03-09 11:16:18,143 - utils.logger2026-03-09-11.14.06 - INFO - Cur epoch 38 loss TA:0.4993 TV:0.4943 VA:0.9505 CE:0.2253
2026-03-09 11:16:19,169 - utils.logger2026-03-09-11.14.06 - INFO - Cur epoch 38 loss TA:0.5046 TV:0.5091 VA:0.9676 CE:0.1024
2026-03-09 11:16:19,630 - utils.logger2026-03-09-11.14.06 - INFO - saving the model at the end of epoch 38, iters 1064
2026-03-09 11:16:20,051 - utils.logger2026-03-09-11.14.06 - INFO - End of training epoch 38 / 40 	 Time Taken: 3 sec
2026-03-09 11:16:20,052 - utils.logger2026-03-09-11.14.06 - INFO - learning rate = 0.0000364
2026-03-09 11:16:20,460 - utils.logger2026-03-09-11.14.06 - INFO - Val result of epoch 38 / 40 acc 0.7679 MAE 0.6769 f1 0.7762
2026-03-09 11:16:20,915 - utils.logger2026-03-09-11.14.06 - INFO - Tst result of epoch 38 / 40 acc 0.7679 MAE 0.6769 f1 0.7762
2026-03-09 11:16:21,588 - utils.logger2026-03-09-11.14.06 - INFO - Cur epoch 39 loss TA:0.4947 TV:0.5046 VA:0.9711 CE:0.1753
2026-03-09 11:16:22,219 - utils.logger2026-03-09-11.14.06 - INFO - Cur epoch 39 loss TA:0.4859 TV:0.4870 VA:0.9252 CE:0.1299
2026-03-09 11:16:22,841 - utils.logger2026-03-09-11.14.06 - INFO - Cur epoch 39 loss TA:0.4944 TV:0.5014 VA:0.9887 CE:0.1241
2026-03-09 11:16:23,041 - utils.logger2026-03-09-11.14.06 - INFO - saving the model at the end of epoch 39, iters 1092
2026-03-09 11:16:23,350 - utils.logger2026-03-09-11.14.06 - INFO - End of training epoch 39 / 40 	 Time Taken: 2 sec
2026-03-09 11:16:23,350 - utils.logger2026-03-09-11.14.06 - INFO - learning rate = 0.0000182
2026-03-09 11:16:23,754 - utils.logger2026-03-09-11.14.06 - INFO - Val result of epoch 39 / 40 acc 0.7634 MAE 0.6731 f1 0.7669
2026-03-09 11:16:24,189 - utils.logger2026-03-09-11.14.06 - INFO - Tst result of epoch 39 / 40 acc 0.7634 MAE 0.6731 f1 0.7669
2026-03-09 11:16:24,973 - utils.logger2026-03-09-11.14.06 - INFO - Cur epoch 40 loss TA:0.4835 TV:0.4847 VA:0.9651 CE:0.1875
2026-03-09 11:16:25,803 - utils.logger2026-03-09-11.14.06 - INFO - Cur epoch 40 loss TA:0.4889 TV:0.4957 VA:0.9651 CE:0.1895
2026-03-09 11:16:26,414 - utils.logger2026-03-09-11.14.06 - INFO - Cur epoch 40 loss TA:0.2104 TV:0.2187 VA:0.3398 CE:0.1799
2026-03-09 11:16:26,462 - utils.logger2026-03-09-11.14.06 - INFO - saving the model at the end of epoch 40, iters 1120
2026-03-09 11:16:26,599 - utils.logger2026-03-09-11.14.06 - INFO - End of training epoch 40 / 40 	 Time Taken: 2 sec
2026-03-09 11:16:26,600 - utils.logger2026-03-09-11.14.06 - INFO - learning rate = 0.0000000
2026-03-09 11:16:26,999 - utils.logger2026-03-09-11.14.06 - INFO - Val result of epoch 40 / 40 acc 0.7679 MAE 0.6737 f1 0.7758
2026-03-09 11:16:27,391 - utils.logger2026-03-09-11.14.06 - INFO - Tst result of epoch 40 / 40 acc 0.7679 MAE 0.6737 f1 0.7758
2026-03-09 11:16:27,391 - utils.logger2026-03-09-11.14.06 - INFO - Best eval epoch 13 found with f1 0.785128
