2026-03-09 14:15:29,926 - utils.logger2026-03-09-14.15.29 - INFO - The number of training samples = 1750
2026-03-09 14:15:29,926 - utils.logger2026-03-09-14.15.29 - INFO - The number of testing samples = 224
2026-03-09 14:15:32,726 - utils.logger2026-03-09-14.15.29 - INFO - Cur epoch 1 loss TA:1.0352 TV:1.0367 VA:2.0723 CE:3.2914
2026-03-09 14:15:33,293 - utils.logger2026-03-09-14.15.29 - INFO - Cur epoch 1 loss TA:1.0360 TV:1.0341 VA:2.0671 CE:3.0585
2026-03-09 14:15:34,013 - utils.logger2026-03-09-14.15.29 - INFO - saving the model at the end of epoch 1, iters 28
2026-03-09 14:15:34,272 - utils.logger2026-03-09-14.15.29 - INFO - End of training epoch 1 / 40 	 Time Taken: 3 sec
2026-03-09 14:15:34,272 - utils.logger2026-03-09-14.15.29 - INFO - learning rate = 0.0002000
2026-03-09 14:15:34,912 - utils.logger2026-03-09-14.15.29 - INFO - Val result of epoch 1 / 40 mae 1.3583 corr 0.3528 f1 0.5918
2026-03-09 14:15:35,546 - utils.logger2026-03-09-14.15.29 - INFO - Tst result of epoch 1 / 40 mae 1.2098 corr 0.2501 f1 0.5865
2026-03-09 14:15:36,252 - utils.logger2026-03-09-14.15.29 - INFO - Cur epoch 2 loss TA:1.0350 TV:1.0311 VA:2.0683 CE:2.9104
2026-03-09 14:15:37,117 - utils.logger2026-03-09-14.15.29 - INFO - Cur epoch 2 loss TA:1.0314 TV:1.0230 VA:2.0627 CE:3.1420
2026-03-09 14:15:37,816 - utils.logger2026-03-09-14.15.29 - INFO - Cur epoch 2 loss TA:1.0226 TV:1.0188 VA:2.0554 CE:2.5989
2026-03-09 14:15:38,226 - utils.logger2026-03-09-14.15.29 - INFO - saving the model at the end of epoch 2, iters 56
2026-03-09 14:15:38,701 - utils.logger2026-03-09-14.15.29 - INFO - End of training epoch 2 / 40 	 Time Taken: 3 sec
2026-03-09 14:15:38,702 - utils.logger2026-03-09-14.15.29 - INFO - learning rate = 0.0002000
2026-03-09 14:15:39,279 - utils.logger2026-03-09-14.15.29 - INFO - Val result of epoch 2 / 40 mae 1.2860 corr 0.4410 f1 0.6822
2026-03-09 14:15:39,760 - utils.logger2026-03-09-14.15.29 - INFO - Tst result of epoch 2 / 40 mae 1.1552 corr 0.3702 f1 0.6517
2026-03-09 14:15:40,410 - utils.logger2026-03-09-14.15.29 - INFO - Cur epoch 3 loss TA:1.0119 TV:0.9919 VA:2.0106 CE:1.9890
2026-03-09 14:15:41,120 - utils.logger2026-03-09-14.15.29 - INFO - Cur epoch 3 loss TA:0.9952 TV:0.9637 VA:2.0012 CE:2.7333
2026-03-09 14:15:41,773 - utils.logger2026-03-09-14.15.29 - INFO - Cur epoch 3 loss TA:0.9835 TV:0.9679 VA:1.9701 CE:2.7075
2026-03-09 14:15:42,089 - utils.logger2026-03-09-14.15.29 - INFO - saving the model at the end of epoch 3, iters 84
2026-03-09 14:15:42,238 - utils.logger2026-03-09-14.15.29 - INFO - End of training epoch 3 / 40 	 Time Taken: 2 sec
2026-03-09 14:15:42,238 - utils.logger2026-03-09-14.15.29 - INFO - learning rate = 0.0002000
2026-03-09 14:15:42,964 - utils.logger2026-03-09-14.15.29 - INFO - Val result of epoch 3 / 40 mae 1.2097 corr 0.5383 f1 0.7103
2026-03-09 14:15:43,657 - utils.logger2026-03-09-14.15.29 - INFO - Tst result of epoch 3 / 40 mae 1.0891 corr 0.4963 f1 0.6907
2026-03-09 14:15:44,706 - utils.logger2026-03-09-14.15.29 - INFO - Cur epoch 4 loss TA:0.9506 TV:0.9469 VA:1.8830 CE:2.1072
2026-03-09 14:15:45,443 - utils.logger2026-03-09-14.15.29 - INFO - Cur epoch 4 loss TA:0.9552 TV:0.9408 VA:1.8875 CE:2.1244
2026-03-09 14:15:46,250 - utils.logger2026-03-09-14.15.29 - INFO - Cur epoch 4 loss TA:0.9478 TV:0.9408 VA:1.8561 CE:1.8426
2026-03-09 14:15:46,475 - utils.logger2026-03-09-14.15.29 - INFO - saving the model at the end of epoch 4, iters 112
2026-03-09 14:15:46,844 - utils.logger2026-03-09-14.15.29 - INFO - End of training epoch 4 / 40 	 Time Taken: 3 sec
2026-03-09 14:15:46,844 - utils.logger2026-03-09-14.15.29 - INFO - learning rate = 0.0002000
2026-03-09 14:15:47,635 - utils.logger2026-03-09-14.15.29 - INFO - Val result of epoch 4 / 40 mae 1.1248 corr 0.5874 f1 0.7395
2026-03-09 14:15:48,501 - utils.logger2026-03-09-14.15.29 - INFO - Tst result of epoch 4 / 40 mae 1.0177 corr 0.5463 f1 0.7544
2026-03-09 14:15:49,686 - utils.logger2026-03-09-14.15.29 - INFO - Cur epoch 5 loss TA:0.9305 TV:0.9222 VA:1.8109 CE:2.1733
2026-03-09 14:15:50,490 - utils.logger2026-03-09-14.15.29 - INFO - Cur epoch 5 loss TA:0.9201 TV:0.9131 VA:1.7831 CE:1.9037
2026-03-09 14:15:51,205 - utils.logger2026-03-09-14.15.29 - INFO - Cur epoch 5 loss TA:0.6777 TV:0.6939 VA:1.2431 CE:3.0625
2026-03-09 14:15:51,287 - utils.logger2026-03-09-14.15.29 - INFO - saving the model at the end of epoch 5, iters 140
2026-03-09 14:15:51,757 - utils.logger2026-03-09-14.15.29 - INFO - End of training epoch 5 / 40 	 Time Taken: 3 sec
2026-03-09 14:15:51,758 - utils.logger2026-03-09-14.15.29 - INFO - learning rate = 0.0002000
2026-03-09 14:15:52,466 - utils.logger2026-03-09-14.15.29 - INFO - Val result of epoch 5 / 40 mae 1.1512 corr 0.6406 f1 0.7076
2026-03-09 14:15:53,155 - utils.logger2026-03-09-14.15.29 - INFO - Tst result of epoch 5 / 40 mae 1.0522 corr 0.5761 f1 0.7007
2026-03-09 14:15:54,403 - utils.logger2026-03-09-14.15.29 - INFO - Cur epoch 6 loss TA:0.9189 TV:0.9013 VA:1.7332 CE:1.5153
2026-03-09 14:15:55,094 - utils.logger2026-03-09-14.15.29 - INFO - Cur epoch 6 loss TA:0.9065 TV:0.9086 VA:1.7557 CE:1.4594
2026-03-09 14:15:55,919 - utils.logger2026-03-09-14.15.29 - INFO - saving the model at the end of epoch 6, iters 168
2026-03-09 14:15:56,185 - utils.logger2026-03-09-14.15.29 - INFO - End of training epoch 6 / 40 	 Time Taken: 3 sec
2026-03-09 14:15:56,185 - utils.logger2026-03-09-14.15.29 - INFO - learning rate = 0.0002000
2026-03-09 14:15:56,913 - utils.logger2026-03-09-14.15.29 - INFO - Val result of epoch 6 / 40 mae 1.0596 corr 0.6624 f1 0.7547
2026-03-09 14:15:57,637 - utils.logger2026-03-09-14.15.29 - INFO - Tst result of epoch 6 / 40 mae 0.9697 corr 0.6050 f1 0.7324
2026-03-09 14:15:58,487 - utils.logger2026-03-09-14.15.29 - INFO - Cur epoch 7 loss TA:0.8704 TV:0.8833 VA:1.7017 CE:1.1640
2026-03-09 14:15:59,154 - utils.logger2026-03-09-14.15.29 - INFO - Cur epoch 7 loss TA:0.8793 TV:0.8895 VA:1.6999 CE:1.5711
2026-03-09 14:15:59,848 - utils.logger2026-03-09-14.15.29 - INFO - Cur epoch 7 loss TA:0.8692 TV:0.8808 VA:1.6938 CE:0.9980
2026-03-09 14:16:00,334 - utils.logger2026-03-09-14.15.29 - INFO - saving the model at the end of epoch 7, iters 196
2026-03-09 14:16:00,818 - utils.logger2026-03-09-14.15.29 - INFO - End of training epoch 7 / 40 	 Time Taken: 3 sec
2026-03-09 14:16:00,818 - utils.logger2026-03-09-14.15.29 - INFO - learning rate = 0.0002000
2026-03-09 14:16:01,501 - utils.logger2026-03-09-14.15.29 - INFO - Val result of epoch 7 / 40 mae 0.9750 corr 0.6670 f1 0.7758
2026-03-09 14:16:02,191 - utils.logger2026-03-09-14.15.29 - INFO - Tst result of epoch 7 / 40 mae 0.9076 corr 0.6044 f1 0.7529
2026-03-09 14:16:03,065 - utils.logger2026-03-09-14.15.29 - INFO - Cur epoch 8 loss TA:0.8564 TV:0.8725 VA:1.5932 CE:1.0621
2026-03-09 14:16:03,873 - utils.logger2026-03-09-14.15.29 - INFO - Cur epoch 8 loss TA:0.8304 TV:0.8404 VA:1.5793 CE:1.2333
2026-03-09 14:16:04,610 - utils.logger2026-03-09-14.15.29 - INFO - Cur epoch 8 loss TA:0.8749 TV:0.8765 VA:1.7133 CE:1.5520
2026-03-09 14:16:04,939 - utils.logger2026-03-09-14.15.29 - INFO - saving the model at the end of epoch 8, iters 224
2026-03-09 14:16:05,407 - utils.logger2026-03-09-14.15.29 - INFO - End of training epoch 8 / 40 	 Time Taken: 3 sec
2026-03-09 14:16:05,407 - utils.logger2026-03-09-14.15.29 - INFO - learning rate = 0.0002000
2026-03-09 14:16:06,104 - utils.logger2026-03-09-14.15.29 - INFO - Val result of epoch 8 / 40 mae 0.9386 corr 0.6707 f1 0.7758
2026-03-09 14:16:06,768 - utils.logger2026-03-09-14.15.29 - INFO - Tst result of epoch 8 / 40 mae 0.8774 corr 0.6172 f1 0.7681
2026-03-09 14:16:07,712 - utils.logger2026-03-09-14.15.29 - INFO - Cur epoch 9 loss TA:0.8103 TV:0.8307 VA:1.5455 CE:0.9913
2026-03-09 14:16:08,590 - utils.logger2026-03-09-14.15.29 - INFO - Cur epoch 9 loss TA:0.8138 TV:0.8265 VA:1.5495 CE:1.1885
2026-03-09 14:16:09,204 - utils.logger2026-03-09-14.15.29 - INFO - Cur epoch 9 loss TA:0.8105 TV:0.8230 VA:1.5453 CE:0.9192
2026-03-09 14:16:09,449 - utils.logger2026-03-09-14.15.29 - INFO - saving the model at the end of epoch 9, iters 252
2026-03-09 14:16:09,703 - utils.logger2026-03-09-14.15.29 - INFO - End of training epoch 9 / 40 	 Time Taken: 2 sec
2026-03-09 14:16:09,703 - utils.logger2026-03-09-14.15.29 - INFO - learning rate = 0.0002000
2026-03-09 14:16:10,393 - utils.logger2026-03-09-14.15.29 - INFO - Val result of epoch 9 / 40 mae 0.9598 corr 0.6757 f1 0.7759
2026-03-09 14:16:11,096 - utils.logger2026-03-09-14.15.29 - INFO - Tst result of epoch 9 / 40 mae 0.8963 corr 0.6119 f1 0.7483
2026-03-09 14:16:12,200 - utils.logger2026-03-09-14.15.29 - INFO - Cur epoch 10 loss TA:0.8007 TV:0.8214 VA:1.5585 CE:1.2061
2026-03-09 14:16:13,132 - utils.logger2026-03-09-14.15.29 - INFO - Cur epoch 10 loss TA:0.8152 TV:0.8426 VA:1.4859 CE:1.2500
2026-03-09 14:16:13,840 - utils.logger2026-03-09-14.15.29 - INFO - Cur epoch 10 loss TA:0.5340 TV:0.5555 VA:0.9659 CE:0.5571
2026-03-09 14:16:13,918 - utils.logger2026-03-09-14.15.29 - INFO - saving the model at the end of epoch 10, iters 280
2026-03-09 14:16:14,146 - utils.logger2026-03-09-14.15.29 - INFO - End of training epoch 10 / 40 	 Time Taken: 3 sec
2026-03-09 14:16:14,147 - utils.logger2026-03-09-14.15.29 - INFO - learning rate = 0.0002000
2026-03-09 14:16:14,858 - utils.logger2026-03-09-14.15.29 - INFO - Val result of epoch 10 / 40 mae 0.9917 corr 0.6801 f1 0.7769
2026-03-09 14:16:15,536 - utils.logger2026-03-09-14.15.29 - INFO - Tst result of epoch 10 / 40 mae 0.9139 corr 0.6174 f1 0.7396
2026-03-09 14:16:16,860 - utils.logger2026-03-09-14.15.29 - INFO - Cur epoch 11 loss TA:0.7847 TV:0.8166 VA:1.4712 CE:0.8679
2026-03-09 14:16:17,766 - utils.logger2026-03-09-14.15.29 - INFO - Cur epoch 11 loss TA:0.7862 TV:0.7817 VA:1.4662 CE:0.9011
2026-03-09 14:16:18,389 - utils.logger2026-03-09-14.15.29 - INFO - saving the model at the end of epoch 11, iters 308
2026-03-09 14:16:18,665 - utils.logger2026-03-09-14.15.29 - INFO - End of training epoch 11 / 40 	 Time Taken: 3 sec
2026-03-09 14:16:18,665 - utils.logger2026-03-09-14.15.29 - INFO - learning rate = 0.0002000
2026-03-09 14:16:19,313 - utils.logger2026-03-09-14.15.29 - INFO - Val result of epoch 11 / 40 mae 0.9989 corr 0.6799 f1 0.7718
2026-03-09 14:16:19,946 - utils.logger2026-03-09-14.15.29 - INFO - Tst result of epoch 11 / 40 mae 0.9083 corr 0.6285 f1 0.7450
2026-03-09 14:16:20,637 - utils.logger2026-03-09-14.15.29 - INFO - Cur epoch 12 loss TA:0.7298 TV:0.7469 VA:1.3303 CE:0.7149
2026-03-09 14:16:21,445 - utils.logger2026-03-09-14.15.29 - INFO - Cur epoch 12 loss TA:0.7711 TV:0.7898 VA:1.3888 CE:0.7129
2026-03-09 14:16:22,153 - utils.logger2026-03-09-14.15.29 - INFO - Cur epoch 12 loss TA:0.7723 TV:0.7723 VA:1.3800 CE:0.7040
2026-03-09 14:16:22,774 - utils.logger2026-03-09-14.15.29 - INFO - saving the model at the end of epoch 12, iters 336
2026-03-09 14:16:22,937 - utils.logger2026-03-09-14.15.29 - INFO - End of training epoch 12 / 40 	 Time Taken: 2 sec
2026-03-09 14:16:22,938 - utils.logger2026-03-09-14.15.29 - INFO - learning rate = 0.0002000
2026-03-09 14:16:23,646 - utils.logger2026-03-09-14.15.29 - INFO - Val result of epoch 12 / 40 mae 0.8977 corr 0.6803 f1 0.7682
2026-03-09 14:16:24,255 - utils.logger2026-03-09-14.15.29 - INFO - Tst result of epoch 12 / 40 mae 0.8612 corr 0.6411 f1 0.7901
2026-03-09 14:16:25,115 - utils.logger2026-03-09-14.15.29 - INFO - Cur epoch 13 loss TA:0.7462 TV:0.7572 VA:1.3516 CE:0.7511
2026-03-09 14:16:25,769 - utils.logger2026-03-09-14.15.29 - INFO - Cur epoch 13 loss TA:0.7205 TV:0.7462 VA:1.3524 CE:0.5274
2026-03-09 14:16:26,459 - utils.logger2026-03-09-14.15.29 - INFO - Cur epoch 13 loss TA:0.7315 TV:0.7503 VA:1.3634 CE:0.7969
2026-03-09 14:16:26,816 - utils.logger2026-03-09-14.15.29 - INFO - saving the model at the end of epoch 13, iters 364
2026-03-09 14:16:27,248 - utils.logger2026-03-09-14.15.29 - INFO - End of training epoch 13 / 40 	 Time Taken: 2 sec
2026-03-09 14:16:27,249 - utils.logger2026-03-09-14.15.29 - INFO - learning rate = 0.0002000
2026-03-09 14:16:27,927 - utils.logger2026-03-09-14.15.29 - INFO - Val result of epoch 13 / 40 mae 0.9053 corr 0.6831 f1 0.7485
2026-03-09 14:16:28,661 - utils.logger2026-03-09-14.15.29 - INFO - Tst result of epoch 13 / 40 mae 0.8575 corr 0.6465 f1 0.7800
2026-03-09 14:16:29,827 - utils.logger2026-03-09-14.15.29 - INFO - Cur epoch 14 loss TA:0.7215 TV:0.7219 VA:1.2819 CE:0.6048
2026-03-09 14:16:30,540 - utils.logger2026-03-09-14.15.29 - INFO - Cur epoch 14 loss TA:0.7063 TV:0.7458 VA:1.3631 CE:0.7384
2026-03-09 14:16:31,464 - utils.logger2026-03-09-14.15.29 - INFO - Cur epoch 14 loss TA:0.7304 TV:0.7680 VA:1.3953 CE:0.6878
2026-03-09 14:16:31,681 - utils.logger2026-03-09-14.15.29 - INFO - saving the model at the end of epoch 14, iters 392
2026-03-09 14:16:31,888 - utils.logger2026-03-09-14.15.29 - INFO - End of training epoch 14 / 40 	 Time Taken: 3 sec
2026-03-09 14:16:31,889 - utils.logger2026-03-09-14.15.29 - INFO - learning rate = 0.0002000
2026-03-09 14:16:32,559 - utils.logger2026-03-09-14.15.29 - INFO - Val result of epoch 14 / 40 mae 0.9414 corr 0.6684 f1 0.7617
2026-03-09 14:16:33,224 - utils.logger2026-03-09-14.15.29 - INFO - Tst result of epoch 14 / 40 mae 0.8772 corr 0.6263 f1 0.7825
2026-03-09 14:16:34,489 - utils.logger2026-03-09-14.15.29 - INFO - Cur epoch 15 loss TA:0.7386 TV:0.7697 VA:1.2956 CE:0.4046
2026-03-09 14:16:35,202 - utils.logger2026-03-09-14.15.29 - INFO - Cur epoch 15 loss TA:0.7160 TV:0.7261 VA:1.2894 CE:0.6516
2026-03-09 14:16:35,960 - utils.logger2026-03-09-14.15.29 - INFO - Cur epoch 15 loss TA:0.4400 TV:0.4200 VA:0.8649 CE:0.4063
2026-03-09 14:16:36,041 - utils.logger2026-03-09-14.15.29 - INFO - saving the model at the end of epoch 15, iters 420
2026-03-09 14:16:36,313 - utils.logger2026-03-09-14.15.29 - INFO - End of training epoch 15 / 40 	 Time Taken: 3 sec
2026-03-09 14:16:36,313 - utils.logger2026-03-09-14.15.29 - INFO - learning rate = 0.0002000
2026-03-09 14:16:36,949 - utils.logger2026-03-09-14.15.29 - INFO - Val result of epoch 15 / 40 mae 0.9139 corr 0.6622 f1 0.7488
2026-03-09 14:16:37,651 - utils.logger2026-03-09-14.15.29 - INFO - Tst result of epoch 15 / 40 mae 0.8559 corr 0.6379 f1 0.7833
2026-03-09 14:16:39,039 - utils.logger2026-03-09-14.15.29 - INFO - Cur epoch 16 loss TA:0.6670 TV:0.6761 VA:1.2387 CE:0.4715
2026-03-09 14:16:39,764 - utils.logger2026-03-09-14.15.29 - INFO - Cur epoch 16 loss TA:0.6955 TV:0.7024 VA:1.3275 CE:0.3697
2026-03-09 14:16:40,503 - utils.logger2026-03-09-14.15.29 - INFO - saving the model at the end of epoch 16, iters 448
2026-03-09 14:16:40,803 - utils.logger2026-03-09-14.15.29 - INFO - End of training epoch 16 / 40 	 Time Taken: 3 sec
2026-03-09 14:16:40,803 - utils.logger2026-03-09-14.15.29 - INFO - learning rate = 0.0002000
2026-03-09 14:16:41,487 - utils.logger2026-03-09-14.15.29 - INFO - Val result of epoch 16 / 40 mae 0.9546 corr 0.6862 f1 0.7902
2026-03-09 14:16:42,147 - utils.logger2026-03-09-14.15.29 - INFO - Tst result of epoch 16 / 40 mae 0.8871 corr 0.6317 f1 0.7536
2026-03-09 14:16:42,878 - utils.logger2026-03-09-14.15.29 - INFO - Cur epoch 17 loss TA:0.6761 TV:0.6847 VA:1.1913 CE:0.5039
2026-03-09 14:16:43,566 - utils.logger2026-03-09-14.15.29 - INFO - Cur epoch 17 loss TA:0.6979 TV:0.7311 VA:1.2324 CE:0.4167
2026-03-09 14:16:44,351 - utils.logger2026-03-09-14.15.29 - INFO - Cur epoch 17 loss TA:0.6708 TV:0.6751 VA:1.2268 CE:0.4253
2026-03-09 14:16:44,867 - utils.logger2026-03-09-14.15.29 - INFO - saving the model at the end of epoch 17, iters 476
2026-03-09 14:16:45,201 - utils.logger2026-03-09-14.15.29 - INFO - End of training epoch 17 / 40 	 Time Taken: 3 sec
2026-03-09 14:16:45,201 - utils.logger2026-03-09-14.15.29 - INFO - learning rate = 0.0002000
2026-03-09 14:16:45,883 - utils.logger2026-03-09-14.15.29 - INFO - Val result of epoch 17 / 40 mae 0.9400 corr 0.6847 f1 0.7902
2026-03-09 14:16:46,586 - utils.logger2026-03-09-14.15.29 - INFO - Tst result of epoch 17 / 40 mae 0.8678 corr 0.6398 f1 0.7487
2026-03-09 14:16:47,366 - utils.logger2026-03-09-14.15.29 - INFO - Cur epoch 18 loss TA:0.6377 TV:0.6401 VA:1.1718 CE:0.2894
2026-03-09 14:16:48,181 - utils.logger2026-03-09-14.15.29 - INFO - Cur epoch 18 loss TA:0.6824 TV:0.6779 VA:1.2151 CE:0.4117
2026-03-09 14:16:49,018 - utils.logger2026-03-09-14.15.29 - INFO - Cur epoch 18 loss TA:0.6650 TV:0.6655 VA:1.2354 CE:0.4047
2026-03-09 14:16:49,345 - utils.logger2026-03-09-14.15.29 - INFO - saving the model at the end of epoch 18, iters 504
2026-03-09 14:16:49,655 - utils.logger2026-03-09-14.15.29 - INFO - End of training epoch 18 / 40 	 Time Taken: 3 sec
2026-03-09 14:16:49,655 - utils.logger2026-03-09-14.15.29 - INFO - learning rate = 0.0002000
2026-03-09 14:16:50,358 - utils.logger2026-03-09-14.15.29 - INFO - Val result of epoch 18 / 40 mae 0.8776 corr 0.6889 f1 0.7621
2026-03-09 14:16:51,059 - utils.logger2026-03-09-14.15.29 - INFO - Tst result of epoch 18 / 40 mae 0.8401 corr 0.6439 f1 0.7741
2026-03-09 14:16:52,087 - utils.logger2026-03-09-14.15.29 - INFO - Cur epoch 19 loss TA:0.6924 TV:0.6795 VA:1.2000 CE:0.3922
2026-03-09 14:16:53,005 - utils.logger2026-03-09-14.15.29 - INFO - Cur epoch 19 loss TA:0.6675 TV:0.6834 VA:1.2345 CE:0.3746
2026-03-09 14:16:53,665 - utils.logger2026-03-09-14.15.29 - INFO - Cur epoch 19 loss TA:0.6398 TV:0.6621 VA:1.1771 CE:0.5036
2026-03-09 14:16:53,881 - utils.logger2026-03-09-14.15.29 - INFO - saving the model at the end of epoch 19, iters 532
2026-03-09 14:16:54,244 - utils.logger2026-03-09-14.15.29 - INFO - End of training epoch 19 / 40 	 Time Taken: 3 sec
2026-03-09 14:16:54,245 - utils.logger2026-03-09-14.15.29 - INFO - learning rate = 0.0002000
2026-03-09 14:16:54,948 - utils.logger2026-03-09-14.15.29 - INFO - Val result of epoch 19 / 40 mae 0.9797 corr 0.6739 f1 0.7535
2026-03-09 14:16:55,695 - utils.logger2026-03-09-14.15.29 - INFO - Tst result of epoch 19 / 40 mae 0.8895 corr 0.6314 f1 0.7390
2026-03-09 14:16:56,786 - utils.logger2026-03-09-14.15.29 - INFO - Cur epoch 20 loss TA:0.6392 TV:0.6473 VA:1.1325 CE:0.4113
2026-03-09 14:16:57,503 - utils.logger2026-03-09-14.15.29 - INFO - Cur epoch 20 loss TA:0.6131 TV:0.6266 VA:1.1607 CE:0.3811
2026-03-09 14:16:58,313 - utils.logger2026-03-09-14.15.29 - INFO - Cur epoch 20 loss TA:0.3958 TV:0.4361 VA:0.6119 CE:0.6474
2026-03-09 14:16:58,361 - utils.logger2026-03-09-14.15.29 - INFO - saving the model at the end of epoch 20, iters 560
2026-03-09 14:16:58,633 - utils.logger2026-03-09-14.15.29 - INFO - End of training epoch 20 / 40 	 Time Taken: 2 sec
2026-03-09 14:16:58,633 - utils.logger2026-03-09-14.15.29 - INFO - learning rate = 0.0001905
2026-03-09 14:16:59,083 - utils.logger2026-03-09-14.15.29 - INFO - Val result of epoch 20 / 40 mae 0.9074 corr 0.6774 f1 0.7758
2026-03-09 14:16:59,793 - utils.logger2026-03-09-14.15.29 - INFO - Tst result of epoch 20 / 40 mae 0.8570 corr 0.6336 f1 0.7485
2026-03-09 14:17:01,009 - utils.logger2026-03-09-14.15.29 - INFO - Cur epoch 21 loss TA:0.6332 TV:0.6360 VA:1.1668 CE:0.3700
2026-03-09 14:17:01,772 - utils.logger2026-03-09-14.15.29 - INFO - Cur epoch 21 loss TA:0.5853 TV:0.5952 VA:1.1219 CE:0.2723
2026-03-09 14:17:02,449 - utils.logger2026-03-09-14.15.29 - INFO - saving the model at the end of epoch 21, iters 588
2026-03-09 14:17:02,947 - utils.logger2026-03-09-14.15.29 - INFO - End of training epoch 21 / 40 	 Time Taken: 3 sec
2026-03-09 14:17:02,947 - utils.logger2026-03-09-14.15.29 - INFO - learning rate = 0.0001810
2026-03-09 14:17:03,560 - utils.logger2026-03-09-14.15.29 - INFO - Val result of epoch 21 / 40 mae 0.9490 corr 0.6746 f1 0.7712
2026-03-09 14:17:04,263 - utils.logger2026-03-09-14.15.29 - INFO - Tst result of epoch 21 / 40 mae 0.8809 corr 0.6255 f1 0.7480
2026-03-09 14:17:05,045 - utils.logger2026-03-09-14.15.29 - INFO - Cur epoch 22 loss TA:0.6408 TV:0.6442 VA:1.1226 CE:0.2833
2026-03-09 14:17:05,727 - utils.logger2026-03-09-14.15.29 - INFO - Cur epoch 22 loss TA:0.6012 TV:0.6289 VA:1.1430 CE:0.3293
2026-03-09 14:17:06,626 - utils.logger2026-03-09-14.15.29 - INFO - Cur epoch 22 loss TA:0.6317 TV:0.6440 VA:1.1536 CE:0.3018
2026-03-09 14:17:07,134 - utils.logger2026-03-09-14.15.29 - INFO - saving the model at the end of epoch 22, iters 616
2026-03-09 14:17:07,399 - utils.logger2026-03-09-14.15.29 - INFO - End of training epoch 22 / 40 	 Time Taken: 3 sec
2026-03-09 14:17:07,400 - utils.logger2026-03-09-14.15.29 - INFO - learning rate = 0.0001714
2026-03-09 14:17:08,086 - utils.logger2026-03-09-14.15.29 - INFO - Val result of epoch 22 / 40 mae 0.9456 corr 0.6962 f1 0.7814
2026-03-09 14:17:08,807 - utils.logger2026-03-09-14.15.29 - INFO - Tst result of epoch 22 / 40 mae 0.8919 corr 0.6323 f1 0.7437
2026-03-09 14:17:09,649 - utils.logger2026-03-09-14.15.29 - INFO - Cur epoch 23 loss TA:0.6097 TV:0.6291 VA:1.1118 CE:0.3401
2026-03-09 14:17:10,374 - utils.logger2026-03-09-14.15.29 - INFO - Cur epoch 23 loss TA:0.5831 TV:0.5945 VA:1.1403 CE:0.3287
2026-03-09 14:17:11,248 - utils.logger2026-03-09-14.15.29 - INFO - Cur epoch 23 loss TA:0.5794 TV:0.6057 VA:1.0875 CE:0.3623
2026-03-09 14:17:11,534 - utils.logger2026-03-09-14.15.29 - INFO - saving the model at the end of epoch 23, iters 644
2026-03-09 14:17:11,992 - utils.logger2026-03-09-14.15.29 - INFO - End of training epoch 23 / 40 	 Time Taken: 3 sec
2026-03-09 14:17:11,993 - utils.logger2026-03-09-14.15.29 - INFO - learning rate = 0.0001619
2026-03-09 14:17:12,720 - utils.logger2026-03-09-14.15.29 - INFO - Val result of epoch 23 / 40 mae 0.9113 corr 0.6830 f1 0.7757
2026-03-09 14:17:13,383 - utils.logger2026-03-09-14.15.29 - INFO - Tst result of epoch 23 / 40 mae 0.8698 corr 0.6375 f1 0.7582
2026-03-09 14:17:14,424 - utils.logger2026-03-09-14.15.29 - INFO - Cur epoch 24 loss TA:0.5980 TV:0.6037 VA:1.0837 CE:0.3361
2026-03-09 14:17:15,284 - utils.logger2026-03-09-14.15.29 - INFO - Cur epoch 24 loss TA:0.6003 TV:0.6055 VA:1.0906 CE:0.2346
2026-03-09 14:17:15,919 - utils.logger2026-03-09-14.15.29 - INFO - Cur epoch 24 loss TA:0.5720 TV:0.5772 VA:1.1034 CE:0.3820
2026-03-09 14:17:16,255 - utils.logger2026-03-09-14.15.29 - INFO - saving the model at the end of epoch 24, iters 672
2026-03-09 14:17:16,597 - utils.logger2026-03-09-14.15.29 - INFO - End of training epoch 24 / 40 	 Time Taken: 3 sec
2026-03-09 14:17:16,597 - utils.logger2026-03-09-14.15.29 - INFO - learning rate = 0.0001524
2026-03-09 14:17:17,285 - utils.logger2026-03-09-14.15.29 - INFO - Val result of epoch 24 / 40 mae 0.9629 corr 0.6748 f1 0.7663
2026-03-09 14:17:17,952 - utils.logger2026-03-09-14.15.29 - INFO - Tst result of epoch 24 / 40 mae 0.8991 corr 0.6276 f1 0.7432
2026-03-09 14:17:19,309 - utils.logger2026-03-09-14.15.29 - INFO - Cur epoch 25 loss TA:0.6232 TV:0.6291 VA:1.0996 CE:0.3300
2026-03-09 14:17:20,046 - utils.logger2026-03-09-14.15.29 - INFO - Cur epoch 25 loss TA:0.5767 TV:0.5699 VA:1.0983 CE:0.3294
2026-03-09 14:17:20,799 - utils.logger2026-03-09-14.15.29 - INFO - Cur epoch 25 loss TA:0.3333 TV:0.3520 VA:0.5453 CE:0.1068
2026-03-09 14:17:20,875 - utils.logger2026-03-09-14.15.29 - INFO - saving the model at the end of epoch 25, iters 700
2026-03-09 14:17:21,163 - utils.logger2026-03-09-14.15.29 - INFO - End of training epoch 25 / 40 	 Time Taken: 3 sec
2026-03-09 14:17:21,164 - utils.logger2026-03-09-14.15.29 - INFO - learning rate = 0.0001429
2026-03-09 14:17:21,932 - utils.logger2026-03-09-14.15.29 - INFO - Val result of epoch 25 / 40 mae 0.9447 corr 0.6869 f1 0.7803
2026-03-09 14:17:22,616 - utils.logger2026-03-09-14.15.29 - INFO - Tst result of epoch 25 / 40 mae 0.8804 corr 0.6408 f1 0.7432
2026-03-09 14:17:24,050 - utils.logger2026-03-09-14.15.29 - INFO - Cur epoch 26 loss TA:0.6077 TV:0.5969 VA:1.1472 CE:0.3684
2026-03-09 14:17:24,917 - utils.logger2026-03-09-14.15.29 - INFO - Cur epoch 26 loss TA:0.5650 TV:0.5887 VA:1.1076 CE:0.2798
2026-03-09 14:17:25,734 - utils.logger2026-03-09-14.15.29 - INFO - saving the model at the end of epoch 26, iters 728
2026-03-09 14:17:25,942 - utils.logger2026-03-09-14.15.29 - INFO - End of training epoch 26 / 40 	 Time Taken: 3 sec
2026-03-09 14:17:25,943 - utils.logger2026-03-09-14.15.29 - INFO - learning rate = 0.0001333
2026-03-09 14:17:26,740 - utils.logger2026-03-09-14.15.29 - INFO - Val result of epoch 26 / 40 mae 0.9456 corr 0.6723 f1 0.7756
2026-03-09 14:17:27,543 - utils.logger2026-03-09-14.15.29 - INFO - Tst result of epoch 26 / 40 mae 0.8602 corr 0.6538 f1 0.7529
2026-03-09 14:17:28,317 - utils.logger2026-03-09-14.15.29 - INFO - Cur epoch 27 loss TA:0.5952 TV:0.6163 VA:1.1044 CE:0.3496
2026-03-09 14:17:29,019 - utils.logger2026-03-09-14.15.29 - INFO - Cur epoch 27 loss TA:0.5452 TV:0.5632 VA:1.0476 CE:0.3159
2026-03-09 14:17:29,943 - utils.logger2026-03-09-14.15.29 - INFO - Cur epoch 27 loss TA:0.5680 TV:0.5893 VA:1.1040 CE:0.2520
2026-03-09 14:17:30,438 - utils.logger2026-03-09-14.15.29 - INFO - saving the model at the end of epoch 27, iters 756
2026-03-09 14:17:30,793 - utils.logger2026-03-09-14.15.29 - INFO - End of training epoch 27 / 40 	 Time Taken: 3 sec
2026-03-09 14:17:30,794 - utils.logger2026-03-09-14.15.29 - INFO - learning rate = 0.0001238
2026-03-09 14:17:31,475 - utils.logger2026-03-09-14.15.29 - INFO - Val result of epoch 27 / 40 mae 0.9372 corr 0.6801 f1 0.7945
2026-03-09 14:17:32,250 - utils.logger2026-03-09-14.15.29 - INFO - Tst result of epoch 27 / 40 mae 0.8685 corr 0.6446 f1 0.7577
2026-03-09 14:17:33,130 - utils.logger2026-03-09-14.15.29 - INFO - Cur epoch 28 loss TA:0.5457 TV:0.5589 VA:1.0699 CE:0.2248
2026-03-09 14:17:33,796 - utils.logger2026-03-09-14.15.29 - INFO - Cur epoch 28 loss TA:0.5501 TV:0.5567 VA:1.0475 CE:0.2133
2026-03-09 14:17:34,540 - utils.logger2026-03-09-14.15.29 - INFO - Cur epoch 28 loss TA:0.5735 TV:0.5857 VA:1.0614 CE:0.3558
2026-03-09 14:17:34,911 - utils.logger2026-03-09-14.15.29 - INFO - saving the model at the end of epoch 28, iters 784
2026-03-09 14:17:35,308 - utils.logger2026-03-09-14.15.29 - INFO - End of training epoch 28 / 40 	 Time Taken: 3 sec
2026-03-09 14:17:35,308 - utils.logger2026-03-09-14.15.29 - INFO - learning rate = 0.0001143
2026-03-09 14:17:35,994 - utils.logger2026-03-09-14.15.29 - INFO - Val result of epoch 28 / 40 mae 0.9494 corr 0.6808 f1 0.7763
2026-03-09 14:17:36,744 - utils.logger2026-03-09-14.15.29 - INFO - Tst result of epoch 28 / 40 mae 0.8890 corr 0.6290 f1 0.7440
2026-03-09 14:17:37,873 - utils.logger2026-03-09-14.15.29 - INFO - Cur epoch 29 loss TA:0.5525 TV:0.5644 VA:1.0509 CE:0.2142
2026-03-09 14:17:38,621 - utils.logger2026-03-09-14.15.29 - INFO - Cur epoch 29 loss TA:0.5708 TV:0.5675 VA:1.0438 CE:0.2314
2026-03-09 14:17:39,335 - utils.logger2026-03-09-14.15.29 - INFO - Cur epoch 29 loss TA:0.5680 TV:0.5725 VA:1.0893 CE:0.2981
2026-03-09 14:17:39,549 - utils.logger2026-03-09-14.15.29 - INFO - saving the model at the end of epoch 29, iters 812
2026-03-09 14:17:40,047 - utils.logger2026-03-09-14.15.29 - INFO - End of training epoch 29 / 40 	 Time Taken: 3 sec
2026-03-09 14:17:40,047 - utils.logger2026-03-09-14.15.29 - INFO - learning rate = 0.0001048
2026-03-09 14:17:40,765 - utils.logger2026-03-09-14.15.29 - INFO - Val result of epoch 29 / 40 mae 0.9338 corr 0.6829 f1 0.7757
2026-03-09 14:17:41,511 - utils.logger2026-03-09-14.15.29 - INFO - Tst result of epoch 29 / 40 mae 0.8735 corr 0.6406 f1 0.7383
2026-03-09 14:17:42,709 - utils.logger2026-03-09-14.15.29 - INFO - Cur epoch 30 loss TA:0.5516 TV:0.5490 VA:1.0625 CE:0.1919
2026-03-09 14:17:43,394 - utils.logger2026-03-09-14.15.29 - INFO - Cur epoch 30 loss TA:0.5758 TV:0.5845 VA:1.0637 CE:0.2348
2026-03-09 14:17:44,098 - utils.logger2026-03-09-14.15.29 - INFO - Cur epoch 30 loss TA:0.2185 TV:0.2431 VA:0.4432 CE:0.2987
2026-03-09 14:17:44,169 - utils.logger2026-03-09-14.15.29 - INFO - saving the model at the end of epoch 30, iters 840
2026-03-09 14:17:44,393 - utils.logger2026-03-09-14.15.29 - INFO - End of training epoch 30 / 40 	 Time Taken: 2 sec
2026-03-09 14:17:44,394 - utils.logger2026-03-09-14.15.29 - INFO - learning rate = 0.0000952
2026-03-09 14:17:45,124 - utils.logger2026-03-09-14.15.29 - INFO - Val result of epoch 30 / 40 mae 0.9221 corr 0.6795 f1 0.7664
2026-03-09 14:17:45,796 - utils.logger2026-03-09-14.15.29 - INFO - Tst result of epoch 30 / 40 mae 0.8647 corr 0.6455 f1 0.7535
2026-03-09 14:17:47,249 - utils.logger2026-03-09-14.15.29 - INFO - Cur epoch 31 loss TA:0.5216 TV:0.5447 VA:1.0316 CE:0.2262
2026-03-09 14:17:47,965 - utils.logger2026-03-09-14.15.29 - INFO - Cur epoch 31 loss TA:0.5257 TV:0.5412 VA:1.0239 CE:0.1841
2026-03-09 14:17:48,585 - utils.logger2026-03-09-14.15.29 - INFO - saving the model at the end of epoch 31, iters 868
2026-03-09 14:17:49,031 - utils.logger2026-03-09-14.15.29 - INFO - End of training epoch 31 / 40 	 Time Taken: 3 sec
2026-03-09 14:17:49,032 - utils.logger2026-03-09-14.15.29 - INFO - learning rate = 0.0000857
2026-03-09 14:17:49,811 - utils.logger2026-03-09-14.15.29 - INFO - Val result of epoch 31 / 40 mae 0.9092 corr 0.6796 f1 0.7526
2026-03-09 14:17:50,578 - utils.logger2026-03-09-14.15.29 - INFO - Tst result of epoch 31 / 40 mae 0.8503 corr 0.6539 f1 0.7687
2026-03-09 14:17:51,202 - utils.logger2026-03-09-14.15.29 - INFO - Cur epoch 32 loss TA:0.5295 TV:0.5461 VA:1.0225 CE:0.1994
2026-03-09 14:17:52,108 - utils.logger2026-03-09-14.15.29 - INFO - Cur epoch 32 loss TA:0.5641 TV:0.5735 VA:1.0715 CE:0.1880
2026-03-09 14:17:52,769 - utils.logger2026-03-09-14.15.29 - INFO - Cur epoch 32 loss TA:0.5448 TV:0.5508 VA:1.0568 CE:0.2406
2026-03-09 14:17:53,253 - utils.logger2026-03-09-14.15.29 - INFO - saving the model at the end of epoch 32, iters 896
2026-03-09 14:17:53,404 - utils.logger2026-03-09-14.15.29 - INFO - End of training epoch 32 / 40 	 Time Taken: 2 sec
2026-03-09 14:17:53,404 - utils.logger2026-03-09-14.15.29 - INFO - learning rate = 0.0000762
2026-03-09 14:17:54,000 - utils.logger2026-03-09-14.15.29 - INFO - Val result of epoch 32 / 40 mae 0.8933 corr 0.6808 f1 0.7665
2026-03-09 14:17:54,672 - utils.logger2026-03-09-14.15.29 - INFO - Tst result of epoch 32 / 40 mae 0.8436 corr 0.6553 f1 0.7737
2026-03-09 14:17:55,507 - utils.logger2026-03-09-14.15.29 - INFO - Cur epoch 33 loss TA:0.4850 TV:0.4971 VA:0.9824 CE:0.2493
2026-03-09 14:17:56,118 - utils.logger2026-03-09-14.15.29 - INFO - Cur epoch 33 loss TA:0.5283 TV:0.5369 VA:1.0390 CE:0.1785
2026-03-09 14:17:56,658 - utils.logger2026-03-09-14.15.29 - INFO - Cur epoch 33 loss TA:0.5142 TV:0.5258 VA:1.0117 CE:0.1895
2026-03-09 14:17:57,127 - utils.logger2026-03-09-14.15.29 - INFO - saving the model at the end of epoch 33, iters 924
2026-03-09 14:17:57,417 - utils.logger2026-03-09-14.15.29 - INFO - End of training epoch 33 / 40 	 Time Taken: 2 sec
2026-03-09 14:17:57,417 - utils.logger2026-03-09-14.15.29 - INFO - learning rate = 0.0000667
2026-03-09 14:17:58,139 - utils.logger2026-03-09-14.15.29 - INFO - Val result of epoch 33 / 40 mae 0.9335 corr 0.6867 f1 0.7897
2026-03-09 14:17:58,771 - utils.logger2026-03-09-14.15.29 - INFO - Tst result of epoch 33 / 40 mae 0.8738 corr 0.6478 f1 0.7529
2026-03-09 14:17:59,749 - utils.logger2026-03-09-14.15.29 - INFO - Cur epoch 34 loss TA:0.5323 TV:0.5441 VA:1.0069 CE:0.2670
2026-03-09 14:18:00,483 - utils.logger2026-03-09-14.15.29 - INFO - Cur epoch 34 loss TA:0.5257 TV:0.5384 VA:1.0484 CE:0.2692
2026-03-09 14:18:01,208 - utils.logger2026-03-09-14.15.29 - INFO - Cur epoch 34 loss TA:0.5225 TV:0.5360 VA:1.0120 CE:0.2106
2026-03-09 14:18:01,492 - utils.logger2026-03-09-14.15.29 - INFO - saving the model at the end of epoch 34, iters 952
2026-03-09 14:18:01,745 - utils.logger2026-03-09-14.15.29 - INFO - End of training epoch 34 / 40 	 Time Taken: 2 sec
2026-03-09 14:18:01,745 - utils.logger2026-03-09-14.15.29 - INFO - learning rate = 0.0000571
2026-03-09 14:18:02,401 - utils.logger2026-03-09-14.15.29 - INFO - Val result of epoch 34 / 40 mae 0.9038 corr 0.6825 f1 0.7853
2026-03-09 14:18:03,051 - utils.logger2026-03-09-14.15.29 - INFO - Tst result of epoch 34 / 40 mae 0.8542 corr 0.6534 f1 0.7637
2026-03-09 14:18:04,271 - utils.logger2026-03-09-14.15.29 - INFO - Cur epoch 35 loss TA:0.5173 TV:0.5266 VA:0.9970 CE:0.2061
2026-03-09 14:18:04,968 - utils.logger2026-03-09-14.15.29 - INFO - Cur epoch 35 loss TA:0.5161 TV:0.5209 VA:1.0284 CE:0.2113
2026-03-09 14:18:05,519 - utils.logger2026-03-09-14.15.29 - INFO - Cur epoch 35 loss TA:0.2979 TV:0.3154 VA:0.5729 CE:0.1580
2026-03-09 14:18:05,604 - utils.logger2026-03-09-14.15.29 - INFO - saving the model at the end of epoch 35, iters 980
2026-03-09 14:18:06,036 - utils.logger2026-03-09-14.15.29 - INFO - End of training epoch 35 / 40 	 Time Taken: 2 sec
2026-03-09 14:18:06,036 - utils.logger2026-03-09-14.15.29 - INFO - learning rate = 0.0000476
2026-03-09 14:18:06,800 - utils.logger2026-03-09-14.15.29 - INFO - Val result of epoch 35 / 40 mae 0.9291 corr 0.6802 f1 0.7663
2026-03-09 14:18:07,559 - utils.logger2026-03-09-14.15.29 - INFO - Tst result of epoch 35 / 40 mae 0.8619 corr 0.6519 f1 0.7481
2026-03-09 14:18:08,928 - utils.logger2026-03-09-14.15.29 - INFO - Cur epoch 36 loss TA:0.5081 TV:0.5247 VA:1.0120 CE:0.2107
2026-03-09 14:18:09,649 - utils.logger2026-03-09-14.15.29 - INFO - Cur epoch 36 loss TA:0.5346 TV:0.5488 VA:1.0159 CE:0.1546
2026-03-09 14:18:10,262 - utils.logger2026-03-09-14.15.29 - INFO - saving the model at the end of epoch 36, iters 1008
2026-03-09 14:18:10,575 - utils.logger2026-03-09-14.15.29 - INFO - End of training epoch 36 / 40 	 Time Taken: 3 sec
2026-03-09 14:18:10,576 - utils.logger2026-03-09-14.15.29 - INFO - learning rate = 0.0000381
2026-03-09 14:18:11,329 - utils.logger2026-03-09-14.15.29 - INFO - Val result of epoch 36 / 40 mae 0.9162 corr 0.6792 f1 0.7616
2026-03-09 14:18:12,077 - utils.logger2026-03-09-14.15.29 - INFO - Tst result of epoch 36 / 40 mae 0.8568 corr 0.6505 f1 0.7533
2026-03-09 14:18:12,771 - utils.logger2026-03-09-14.15.29 - INFO - Cur epoch 37 loss TA:0.5080 TV:0.5175 VA:0.9848 CE:0.2071
2026-03-09 14:18:13,481 - utils.logger2026-03-09-14.15.29 - INFO - Cur epoch 37 loss TA:0.4956 TV:0.5076 VA:0.9745 CE:0.1829
2026-03-09 14:18:14,284 - utils.logger2026-03-09-14.15.29 - INFO - Cur epoch 37 loss TA:0.5382 TV:0.5374 VA:1.0066 CE:0.1701
2026-03-09 14:18:14,707 - utils.logger2026-03-09-14.15.29 - INFO - saving the model at the end of epoch 37, iters 1036
2026-03-09 14:18:14,972 - utils.logger2026-03-09-14.15.29 - INFO - End of training epoch 37 / 40 	 Time Taken: 2 sec
2026-03-09 14:18:14,973 - utils.logger2026-03-09-14.15.29 - INFO - learning rate = 0.0000286
2026-03-09 14:18:15,414 - utils.logger2026-03-09-14.15.29 - INFO - Val result of epoch 37 / 40 mae 0.9068 corr 0.6802 f1 0.7569
2026-03-09 14:18:15,936 - utils.logger2026-03-09-14.15.29 - INFO - Tst result of epoch 37 / 40 mae 0.8510 corr 0.6521 f1 0.7582
2026-03-09 14:18:16,500 - utils.logger2026-03-09-14.15.29 - INFO - Cur epoch 38 loss TA:0.5187 TV:0.5249 VA:1.0243 CE:0.1949
2026-03-09 14:18:17,063 - utils.logger2026-03-09-14.15.29 - INFO - Cur epoch 38 loss TA:0.5494 TV:0.5427 VA:1.0351 CE:0.1768
2026-03-09 14:18:17,737 - utils.logger2026-03-09-14.15.29 - INFO - Cur epoch 38 loss TA:0.5111 TV:0.5213 VA:0.9753 CE:0.1885
2026-03-09 14:18:18,053 - utils.logger2026-03-09-14.15.29 - INFO - saving the model at the end of epoch 38, iters 1064
2026-03-09 14:18:18,337 - utils.logger2026-03-09-14.15.29 - INFO - End of training epoch 38 / 40 	 Time Taken: 2 sec
2026-03-09 14:18:18,337 - utils.logger2026-03-09-14.15.29 - INFO - learning rate = 0.0000190
2026-03-09 14:18:19,004 - utils.logger2026-03-09-14.15.29 - INFO - Val result of epoch 38 / 40 mae 0.9199 corr 0.6837 f1 0.7662
2026-03-09 14:18:19,655 - utils.logger2026-03-09-14.15.29 - INFO - Tst result of epoch 38 / 40 mae 0.8564 corr 0.6547 f1 0.7533
2026-03-09 14:18:20,864 - utils.logger2026-03-09-14.15.29 - INFO - Cur epoch 39 loss TA:0.5179 TV:0.5241 VA:0.9578 CE:0.1609
2026-03-09 14:18:21,525 - utils.logger2026-03-09-14.15.29 - INFO - Cur epoch 39 loss TA:0.5369 TV:0.5355 VA:1.0444 CE:0.1928
2026-03-09 14:18:22,152 - utils.logger2026-03-09-14.15.29 - INFO - Cur epoch 39 loss TA:0.5055 TV:0.5168 VA:0.9623 CE:0.2538
2026-03-09 14:18:22,369 - utils.logger2026-03-09-14.15.29 - INFO - saving the model at the end of epoch 39, iters 1092
2026-03-09 14:18:22,859 - utils.logger2026-03-09-14.15.29 - INFO - End of training epoch 39 / 40 	 Time Taken: 3 sec
2026-03-09 14:18:22,859 - utils.logger2026-03-09-14.15.29 - INFO - learning rate = 0.0000095
2026-03-09 14:18:23,559 - utils.logger2026-03-09-14.15.29 - INFO - Val result of epoch 39 / 40 mae 0.9184 corr 0.6833 f1 0.7662
2026-03-09 14:18:24,225 - utils.logger2026-03-09-14.15.29 - INFO - Tst result of epoch 39 / 40 mae 0.8557 corr 0.6550 f1 0.7582
2026-03-09 14:18:25,522 - utils.logger2026-03-09-14.15.29 - INFO - Cur epoch 40 loss TA:0.5290 TV:0.5279 VA:1.0310 CE:0.1406
2026-03-09 14:18:26,219 - utils.logger2026-03-09-14.15.29 - INFO - Cur epoch 40 loss TA:0.5287 TV:0.5354 VA:1.0171 CE:0.2691
2026-03-09 14:18:26,875 - utils.logger2026-03-09-14.15.29 - INFO - Cur epoch 40 loss TA:0.2559 TV:0.2581 VA:0.4640 CE:0.1730
2026-03-09 14:18:26,940 - utils.logger2026-03-09-14.15.29 - INFO - saving the model at the end of epoch 40, iters 1120
2026-03-09 14:18:27,285 - utils.logger2026-03-09-14.15.29 - INFO - End of training epoch 40 / 40 	 Time Taken: 3 sec
2026-03-09 14:18:27,286 - utils.logger2026-03-09-14.15.29 - INFO - learning rate = 0.0000000
2026-03-09 14:18:27,933 - utils.logger2026-03-09-14.15.29 - INFO - Val result of epoch 40 / 40 mae 0.9175 corr 0.6837 f1 0.7709
2026-03-09 14:18:28,652 - utils.logger2026-03-09-14.15.29 - INFO - Tst result of epoch 40 / 40 mae 0.8564 corr 0.6552 f1 0.7582
2026-03-09 14:18:28,653 - utils.logger2026-03-09-14.15.29 - INFO - Best eval epoch 18 found with MAE 0.840089
2026-03-09 14:18:28,653 - utils.logger2026-03-09-14.15.29 - INFO - Loading best model found on val set: epoch-18
2026-03-09 14:18:30,100 - utils.logger2026-03-09-14.15.29 - INFO - Tst result mae 0.8401 corr 0.6439 f1 0.7741
