2026-03-04 21:08:00,586 - utils.logger2026-03-04-21.07.54 - INFO - The number of training samples = 1750
2026-03-04 21:08:00,586 - utils.logger2026-03-04-21.07.54 - INFO - The number of testing samples = 1344
2026-03-04 21:08:04,520 - utils.logger2026-03-04-21.07.54 - INFO - Cur epoch 1 loss CE:58.6948 mse:258.6052 consistent:155.7317
2026-03-04 21:08:05,419 - utils.logger2026-03-04-21.07.54 - INFO - Cur epoch 1 loss CE:18.6005 mse:69.4679 consistent:153.4688
2026-03-04 21:08:06,348 - utils.logger2026-03-04-21.07.54 - INFO - saving the model at the end of epoch 1, iters 28
2026-03-04 21:08:06,537 - utils.logger2026-03-04-21.07.54 - INFO - End of training epoch 1 / 40 	 Time Taken: 4 sec
2026-03-04 21:08:06,538 - utils.logger2026-03-04-21.07.54 - INFO - learning rate = 0.0002000
2026-03-04 21:08:08,736 - utils.logger2026-03-04-21.07.54 - INFO - Val result of epoch 1 / 40 mae 1.4683 corr -0.0308 f1 0.4925
2026-03-04 21:08:10,547 - utils.logger2026-03-04-21.07.54 - INFO - Tst result of epoch 1 / 40 mae 1.6370 corr -0.0757 f1 0.4614
2026-03-04 21:08:11,572 - utils.logger2026-03-04-21.07.54 - INFO - Cur epoch 2 loss CE:7.0863 mse:32.7846 consistent:151.7391
2026-03-04 21:08:12,532 - utils.logger2026-03-04-21.07.54 - INFO - Cur epoch 2 loss CE:6.0156 mse:15.3412 consistent:137.7619
2026-03-04 21:08:13,518 - utils.logger2026-03-04-21.07.54 - INFO - Cur epoch 2 loss CE:3.6621 mse:12.3866 consistent:127.3733
2026-03-04 21:08:14,215 - utils.logger2026-03-04-21.07.54 - INFO - saving the model at the end of epoch 2, iters 56
2026-03-04 21:08:14,424 - utils.logger2026-03-04-21.07.54 - INFO - End of training epoch 2 / 40 	 Time Taken: 3 sec
2026-03-04 21:08:14,425 - utils.logger2026-03-04-21.07.54 - INFO - learning rate = 0.0002000
2026-03-04 21:08:16,194 - utils.logger2026-03-04-21.07.54 - INFO - Val result of epoch 2 / 40 mae 1.3294 corr 0.1021 f1 0.5263
2026-03-04 21:08:17,946 - utils.logger2026-03-04-21.07.54 - INFO - Tst result of epoch 2 / 40 mae 1.4072 corr 0.1140 f1 0.5201
2026-03-04 21:08:19,165 - utils.logger2026-03-04-21.07.54 - INFO - Cur epoch 3 loss CE:3.8490 mse:11.8025 consistent:108.5171
2026-03-04 21:08:20,272 - utils.logger2026-03-04-21.07.54 - INFO - Cur epoch 3 loss CE:3.8092 mse:12.6741 consistent:127.4815
2026-03-04 21:08:21,332 - utils.logger2026-03-04-21.07.54 - INFO - Cur epoch 3 loss CE:2.9247 mse:11.3238 consistent:119.9649
2026-03-04 21:08:21,892 - utils.logger2026-03-04-21.07.54 - INFO - saving the model at the end of epoch 3, iters 84
2026-03-04 21:08:22,103 - utils.logger2026-03-04-21.07.54 - INFO - End of training epoch 3 / 40 	 Time Taken: 4 sec
2026-03-04 21:08:22,104 - utils.logger2026-03-04-21.07.54 - INFO - learning rate = 0.0002000
2026-03-04 21:08:23,904 - utils.logger2026-03-04-21.07.54 - INFO - Val result of epoch 3 / 40 mae 1.3030 corr 0.2566 f1 0.5851
2026-03-04 21:08:25,708 - utils.logger2026-03-04-21.07.54 - INFO - Tst result of epoch 3 / 40 mae 1.3997 corr 0.2382 f1 0.5590
2026-03-04 21:08:27,139 - utils.logger2026-03-04-21.07.54 - INFO - Cur epoch 4 loss CE:2.5320 mse:11.5660 consistent:113.4195
2026-03-04 21:08:28,225 - utils.logger2026-03-04-21.07.54 - INFO - Cur epoch 4 loss CE:2.8756 mse:11.6621 consistent:115.7363
2026-03-04 21:08:29,298 - utils.logger2026-03-04-21.07.54 - INFO - Cur epoch 4 loss CE:2.3952 mse:11.7778 consistent:114.4067
2026-03-04 21:08:29,623 - utils.logger2026-03-04-21.07.54 - INFO - saving the model at the end of epoch 4, iters 112
2026-03-04 21:08:29,828 - utils.logger2026-03-04-21.07.54 - INFO - End of training epoch 4 / 40 	 Time Taken: 4 sec
2026-03-04 21:08:29,829 - utils.logger2026-03-04-21.07.54 - INFO - learning rate = 0.0002000
2026-03-04 21:08:31,635 - utils.logger2026-03-04-21.07.54 - INFO - Val result of epoch 4 / 40 mae 1.2689 corr 0.3692 f1 0.6014
2026-03-04 21:08:33,368 - utils.logger2026-03-04-21.07.54 - INFO - Tst result of epoch 4 / 40 mae 1.3838 corr 0.3333 f1 0.5588
2026-03-04 21:08:35,064 - utils.logger2026-03-04-21.07.54 - INFO - Cur epoch 5 loss CE:2.2494 mse:10.9624 consistent:122.7078
2026-03-04 21:08:36,086 - utils.logger2026-03-04-21.07.54 - INFO - Cur epoch 5 loss CE:3.0182 mse:9.5455 consistent:111.8498
2026-03-04 21:08:37,219 - utils.logger2026-03-04-21.07.54 - INFO - Cur epoch 5 loss CE:2.6796 mse:9.2736 consistent:121.3912
2026-03-04 21:08:37,339 - utils.logger2026-03-04-21.07.54 - INFO - saving the model at the end of epoch 5, iters 140
2026-03-04 21:08:37,563 - utils.logger2026-03-04-21.07.54 - INFO - End of training epoch 5 / 40 	 Time Taken: 4 sec
2026-03-04 21:08:37,563 - utils.logger2026-03-04-21.07.54 - INFO - learning rate = 0.0002000
2026-03-04 21:08:39,361 - utils.logger2026-03-04-21.07.54 - INFO - Val result of epoch 5 / 40 mae 1.2558 corr 0.3942 f1 0.5974
2026-03-04 21:08:41,108 - utils.logger2026-03-04-21.07.54 - INFO - Tst result of epoch 5 / 40 mae 1.3598 corr 0.3881 f1 0.5815
2026-03-04 21:08:42,994 - utils.logger2026-03-04-21.07.54 - INFO - Cur epoch 6 loss CE:1.9911 mse:7.4264 consistent:108.8253
2026-03-04 21:08:43,968 - utils.logger2026-03-04-21.07.54 - INFO - Cur epoch 6 loss CE:2.1521 mse:6.5039 consistent:108.8672
2026-03-04 21:08:44,913 - utils.logger2026-03-04-21.07.54 - INFO - saving the model at the end of epoch 6, iters 168
2026-03-04 21:08:45,117 - utils.logger2026-03-04-21.07.54 - INFO - End of training epoch 6 / 40 	 Time Taken: 4 sec
2026-03-04 21:08:45,118 - utils.logger2026-03-04-21.07.54 - INFO - learning rate = 0.0002000
2026-03-04 21:08:46,920 - utils.logger2026-03-04-21.07.54 - INFO - Val result of epoch 6 / 40 mae 1.2295 corr 0.4335 f1 0.6247
2026-03-04 21:08:48,720 - utils.logger2026-03-04-21.07.54 - INFO - Tst result of epoch 6 / 40 mae 1.3237 corr 0.4385 f1 0.6116
2026-03-04 21:08:49,788 - utils.logger2026-03-04-21.07.54 - INFO - Cur epoch 7 loss CE:2.1169 mse:5.9016 consistent:114.0947
2026-03-04 21:08:50,892 - utils.logger2026-03-04-21.07.54 - INFO - Cur epoch 7 loss CE:2.0191 mse:4.8681 consistent:112.4340
2026-03-04 21:08:51,872 - utils.logger2026-03-04-21.07.54 - INFO - Cur epoch 7 loss CE:1.5368 mse:4.0931 consistent:106.9371
2026-03-04 21:08:52,607 - utils.logger2026-03-04-21.07.54 - INFO - saving the model at the end of epoch 7, iters 196
2026-03-04 21:08:52,800 - utils.logger2026-03-04-21.07.54 - INFO - End of training epoch 7 / 40 	 Time Taken: 4 sec
2026-03-04 21:08:52,800 - utils.logger2026-03-04-21.07.54 - INFO - learning rate = 0.0002000
2026-03-04 21:08:54,601 - utils.logger2026-03-04-21.07.54 - INFO - Val result of epoch 7 / 40 mae 1.2502 corr 0.4097 f1 0.6014
2026-03-04 21:08:56,462 - utils.logger2026-03-04-21.07.54 - INFO - Tst result of epoch 7 / 40 mae 1.3811 corr 0.3892 f1 0.5758
2026-03-04 21:08:57,673 - utils.logger2026-03-04-21.07.54 - INFO - Cur epoch 8 loss CE:2.0756 mse:3.9923 consistent:107.0476
2026-03-04 21:08:58,633 - utils.logger2026-03-04-21.07.54 - INFO - Cur epoch 8 loss CE:1.7601 mse:3.4270 consistent:106.0222
2026-03-04 21:08:59,592 - utils.logger2026-03-04-21.07.54 - INFO - Cur epoch 8 loss CE:1.6225 mse:3.0607 consistent:102.1141
2026-03-04 21:09:00,104 - utils.logger2026-03-04-21.07.54 - INFO - saving the model at the end of epoch 8, iters 224
2026-03-04 21:09:00,289 - utils.logger2026-03-04-21.07.54 - INFO - End of training epoch 8 / 40 	 Time Taken: 3 sec
2026-03-04 21:09:00,289 - utils.logger2026-03-04-21.07.54 - INFO - learning rate = 0.0002000
2026-03-04 21:09:02,021 - utils.logger2026-03-04-21.07.54 - INFO - Val result of epoch 8 / 40 mae 1.1807 corr 0.4696 f1 0.6489
2026-03-04 21:09:03,779 - utils.logger2026-03-04-21.07.54 - INFO - Tst result of epoch 8 / 40 mae 1.2538 corr 0.4663 f1 0.6523
2026-03-04 21:09:05,233 - utils.logger2026-03-04-21.07.54 - INFO - Cur epoch 9 loss CE:2.0656 mse:2.6549 consistent:106.4724
2026-03-04 21:09:06,214 - utils.logger2026-03-04-21.07.54 - INFO - Cur epoch 9 loss CE:1.8940 mse:2.8219 consistent:107.5554
2026-03-04 21:09:07,201 - utils.logger2026-03-04-21.07.54 - INFO - Cur epoch 9 loss CE:2.2210 mse:2.5538 consistent:107.8922
2026-03-04 21:09:07,513 - utils.logger2026-03-04-21.07.54 - INFO - saving the model at the end of epoch 9, iters 252
2026-03-04 21:09:07,718 - utils.logger2026-03-04-21.07.54 - INFO - End of training epoch 9 / 40 	 Time Taken: 3 sec
2026-03-04 21:09:07,718 - utils.logger2026-03-04-21.07.54 - INFO - learning rate = 0.0002000
2026-03-04 21:09:09,502 - utils.logger2026-03-04-21.07.54 - INFO - Val result of epoch 9 / 40 mae 1.1818 corr 0.4851 f1 0.6485
2026-03-04 21:09:11,229 - utils.logger2026-03-04-21.07.54 - INFO - Tst result of epoch 9 / 40 mae 1.2682 corr 0.4792 f1 0.6297
2026-03-04 21:09:12,873 - utils.logger2026-03-04-21.07.54 - INFO - Cur epoch 10 loss CE:1.8630 mse:2.1995 consistent:112.1414
2026-03-04 21:09:13,947 - utils.logger2026-03-04-21.07.54 - INFO - Cur epoch 10 loss CE:2.1198 mse:2.2243 consistent:110.4469
2026-03-04 21:09:14,963 - utils.logger2026-03-04-21.07.54 - INFO - Cur epoch 10 loss CE:2.0089 mse:2.1090 consistent:113.7400
2026-03-04 21:09:15,098 - utils.logger2026-03-04-21.07.54 - INFO - saving the model at the end of epoch 10, iters 280
2026-03-04 21:09:15,319 - utils.logger2026-03-04-21.07.54 - INFO - End of training epoch 10 / 40 	 Time Taken: 4 sec
2026-03-04 21:09:15,319 - utils.logger2026-03-04-21.07.54 - INFO - learning rate = 0.0002000
2026-03-04 21:09:17,047 - utils.logger2026-03-04-21.07.54 - INFO - Val result of epoch 10 / 40 mae 1.1938 corr 0.4735 f1 0.6458
2026-03-04 21:09:18,853 - utils.logger2026-03-04-21.07.54 - INFO - Tst result of epoch 10 / 40 mae 1.2785 corr 0.4641 f1 0.6395
2026-03-04 21:09:20,741 - utils.logger2026-03-04-21.07.54 - INFO - Cur epoch 11 loss CE:2.2628 mse:2.0420 consistent:102.0980
2026-03-04 21:09:21,763 - utils.logger2026-03-04-21.07.54 - INFO - Cur epoch 11 loss CE:1.8111 mse:1.9143 consistent:109.1767
2026-03-04 21:09:22,687 - utils.logger2026-03-04-21.07.54 - INFO - saving the model at the end of epoch 11, iters 308
2026-03-04 21:09:22,874 - utils.logger2026-03-04-21.07.54 - INFO - End of training epoch 11 / 40 	 Time Taken: 4 sec
2026-03-04 21:09:22,875 - utils.logger2026-03-04-21.07.54 - INFO - learning rate = 0.0002000
2026-03-04 21:09:24,621 - utils.logger2026-03-04-21.07.54 - INFO - Val result of epoch 11 / 40 mae 1.1362 corr 0.5047 f1 0.6534
2026-03-04 21:09:26,421 - utils.logger2026-03-04-21.07.54 - INFO - Tst result of epoch 11 / 40 mae 1.2322 corr 0.4876 f1 0.6347
2026-03-04 21:09:27,476 - utils.logger2026-03-04-21.07.54 - INFO - Cur epoch 12 loss CE:1.8861 mse:1.9082 consistent:105.4481
2026-03-04 21:09:28,469 - utils.logger2026-03-04-21.07.54 - INFO - Cur epoch 12 loss CE:1.5715 mse:2.0501 consistent:108.3723
2026-03-04 21:09:29,530 - utils.logger2026-03-04-21.07.54 - INFO - Cur epoch 12 loss CE:2.0559 mse:1.8217 consistent:112.6930
2026-03-04 21:09:30,285 - utils.logger2026-03-04-21.07.54 - INFO - saving the model at the end of epoch 12, iters 336
2026-03-04 21:09:30,498 - utils.logger2026-03-04-21.07.54 - INFO - End of training epoch 12 / 40 	 Time Taken: 4 sec
2026-03-04 21:09:30,499 - utils.logger2026-03-04-21.07.54 - INFO - learning rate = 0.0002000
2026-03-04 21:09:32,324 - utils.logger2026-03-04-21.07.54 - INFO - Val result of epoch 12 / 40 mae 1.1792 corr 0.4796 f1 0.6337
2026-03-04 21:09:34,105 - utils.logger2026-03-04-21.07.54 - INFO - Tst result of epoch 12 / 40 mae 1.2966 corr 0.4586 f1 0.6191
2026-03-04 21:09:35,405 - utils.logger2026-03-04-21.07.54 - INFO - Cur epoch 13 loss CE:1.9274 mse:1.8395 consistent:112.2272
2026-03-04 21:09:36,455 - utils.logger2026-03-04-21.07.54 - INFO - Cur epoch 13 loss CE:1.4188 mse:1.7681 consistent:103.8811
2026-03-04 21:09:37,444 - utils.logger2026-03-04-21.07.54 - INFO - Cur epoch 13 loss CE:2.3477 mse:1.7297 consistent:102.9903
2026-03-04 21:09:37,969 - utils.logger2026-03-04-21.07.54 - INFO - saving the model at the end of epoch 13, iters 364
2026-03-04 21:09:38,163 - utils.logger2026-03-04-21.07.54 - INFO - End of training epoch 13 / 40 	 Time Taken: 4 sec
2026-03-04 21:09:38,163 - utils.logger2026-03-04-21.07.54 - INFO - learning rate = 0.0002000
2026-03-04 21:09:39,895 - utils.logger2026-03-04-21.07.54 - INFO - Val result of epoch 13 / 40 mae 1.1648 corr 0.4965 f1 0.6508
2026-03-04 21:09:41,760 - utils.logger2026-03-04-21.07.54 - INFO - Tst result of epoch 13 / 40 mae 1.2887 corr 0.4596 f1 0.6075
2026-03-04 21:09:43,157 - utils.logger2026-03-04-21.07.54 - INFO - Cur epoch 14 loss CE:1.8823 mse:1.7384 consistent:103.6523
2026-03-04 21:09:44,172 - utils.logger2026-03-04-21.07.54 - INFO - Cur epoch 14 loss CE:2.2082 mse:1.7644 consistent:101.3931
2026-03-04 21:09:45,172 - utils.logger2026-03-04-21.07.54 - INFO - Cur epoch 14 loss CE:1.7201 mse:1.6333 consistent:110.3419
2026-03-04 21:09:45,488 - utils.logger2026-03-04-21.07.54 - INFO - saving the model at the end of epoch 14, iters 392
2026-03-04 21:09:45,674 - utils.logger2026-03-04-21.07.54 - INFO - End of training epoch 14 / 40 	 Time Taken: 3 sec
2026-03-04 21:09:45,675 - utils.logger2026-03-04-21.07.54 - INFO - learning rate = 0.0002000
2026-03-04 21:09:47,389 - utils.logger2026-03-04-21.07.54 - INFO - Val result of epoch 14 / 40 mae 1.1559 corr 0.4930 f1 0.6408
2026-03-04 21:09:49,140 - utils.logger2026-03-04-21.07.54 - INFO - Tst result of epoch 14 / 40 mae 1.2289 corr 0.4690 f1 0.6522
2026-03-04 21:09:50,727 - utils.logger2026-03-04-21.07.54 - INFO - Cur epoch 15 loss CE:1.7074 mse:1.7234 consistent:109.8942
2026-03-04 21:09:51,751 - utils.logger2026-03-04-21.07.54 - INFO - Cur epoch 15 loss CE:2.0874 mse:1.6550 consistent:105.7749
2026-03-04 21:09:52,797 - utils.logger2026-03-04-21.07.54 - INFO - Cur epoch 15 loss CE:2.4987 mse:1.6339 consistent:104.7228
2026-03-04 21:09:52,914 - utils.logger2026-03-04-21.07.54 - INFO - saving the model at the end of epoch 15, iters 420
2026-03-04 21:09:53,103 - utils.logger2026-03-04-21.07.54 - INFO - End of training epoch 15 / 40 	 Time Taken: 3 sec
2026-03-04 21:09:53,103 - utils.logger2026-03-04-21.07.54 - INFO - learning rate = 0.0002000
2026-03-04 21:09:54,947 - utils.logger2026-03-04-21.07.54 - INFO - Val result of epoch 15 / 40 mae 1.1617 corr 0.4910 f1 0.6565
2026-03-04 21:09:56,727 - utils.logger2026-03-04-21.07.54 - INFO - Tst result of epoch 15 / 40 mae 1.2466 corr 0.4784 f1 0.6280
2026-03-04 21:09:58,610 - utils.logger2026-03-04-21.07.54 - INFO - Cur epoch 16 loss CE:1.6204 mse:1.4945 consistent:99.5335
2026-03-04 21:09:59,695 - utils.logger2026-03-04-21.07.54 - INFO - Cur epoch 16 loss CE:1.4044 mse:1.5475 consistent:107.8892
2026-03-04 21:10:00,686 - utils.logger2026-03-04-21.07.54 - INFO - saving the model at the end of epoch 16, iters 448
2026-03-04 21:10:00,896 - utils.logger2026-03-04-21.07.54 - INFO - End of training epoch 16 / 40 	 Time Taken: 4 sec
2026-03-04 21:10:00,896 - utils.logger2026-03-04-21.07.54 - INFO - learning rate = 0.0002000
2026-03-04 21:10:02,723 - utils.logger2026-03-04-21.07.54 - INFO - Val result of epoch 16 / 40 mae 1.1621 corr 0.5009 f1 0.6598
2026-03-04 21:10:04,566 - utils.logger2026-03-04-21.07.54 - INFO - Tst result of epoch 16 / 40 mae 1.2482 corr 0.4760 f1 0.6364
2026-03-04 21:10:05,610 - utils.logger2026-03-04-21.07.54 - INFO - Cur epoch 17 loss CE:1.6761 mse:1.6797 consistent:110.3998
2026-03-04 21:10:06,641 - utils.logger2026-03-04-21.07.54 - INFO - Cur epoch 17 loss CE:1.8837 mse:1.6507 consistent:112.2061
2026-03-04 21:10:07,633 - utils.logger2026-03-04-21.07.54 - INFO - Cur epoch 17 loss CE:1.2931 mse:1.6511 consistent:106.3148
2026-03-04 21:10:08,376 - utils.logger2026-03-04-21.07.54 - INFO - saving the model at the end of epoch 17, iters 476
2026-03-04 21:10:08,564 - utils.logger2026-03-04-21.07.54 - INFO - End of training epoch 17 / 40 	 Time Taken: 3 sec
2026-03-04 21:10:08,565 - utils.logger2026-03-04-21.07.54 - INFO - learning rate = 0.0002000
2026-03-04 21:10:10,311 - utils.logger2026-03-04-21.07.54 - INFO - Val result of epoch 17 / 40 mae 1.1810 corr 0.5025 f1 0.6551
2026-03-04 21:10:12,193 - utils.logger2026-03-04-21.07.54 - INFO - Tst result of epoch 17 / 40 mae 1.2870 corr 0.4940 f1 0.6135
2026-03-04 21:10:13,517 - utils.logger2026-03-04-21.07.54 - INFO - Cur epoch 18 loss CE:1.6949 mse:1.6495 consistent:103.1842
2026-03-04 21:10:14,525 - utils.logger2026-03-04-21.07.54 - INFO - Cur epoch 18 loss CE:1.7258 mse:1.4717 consistent:103.9326
2026-03-04 21:10:15,595 - utils.logger2026-03-04-21.07.54 - INFO - Cur epoch 18 loss CE:1.9193 mse:1.5647 consistent:112.8593
2026-03-04 21:10:16,142 - utils.logger2026-03-04-21.07.54 - INFO - saving the model at the end of epoch 18, iters 504
2026-03-04 21:10:16,333 - utils.logger2026-03-04-21.07.54 - INFO - End of training epoch 18 / 40 	 Time Taken: 4 sec
2026-03-04 21:10:16,334 - utils.logger2026-03-04-21.07.54 - INFO - learning rate = 0.0002000
2026-03-04 21:10:18,119 - utils.logger2026-03-04-21.07.54 - INFO - Val result of epoch 18 / 40 mae 1.1499 corr 0.4951 f1 0.6494
2026-03-04 21:10:19,947 - utils.logger2026-03-04-21.07.54 - INFO - Tst result of epoch 18 / 40 mae 1.2270 corr 0.4876 f1 0.6401
2026-03-04 21:10:21,381 - utils.logger2026-03-04-21.07.54 - INFO - Cur epoch 19 loss CE:1.7597 mse:1.5702 consistent:105.2636
2026-03-04 21:10:22,463 - utils.logger2026-03-04-21.07.54 - INFO - Cur epoch 19 loss CE:1.8520 mse:1.5432 consistent:104.6509
2026-03-04 21:10:23,523 - utils.logger2026-03-04-21.07.54 - INFO - Cur epoch 19 loss CE:2.4532 mse:1.6283 consistent:107.5410
2026-03-04 21:10:23,872 - utils.logger2026-03-04-21.07.54 - INFO - saving the model at the end of epoch 19, iters 532
2026-03-04 21:10:24,080 - utils.logger2026-03-04-21.07.54 - INFO - End of training epoch 19 / 40 	 Time Taken: 4 sec
2026-03-04 21:10:24,080 - utils.logger2026-03-04-21.07.54 - INFO - learning rate = 0.0002000
2026-03-04 21:10:25,871 - utils.logger2026-03-04-21.07.54 - INFO - Val result of epoch 19 / 40 mae 1.1498 corr 0.4986 f1 0.6521
2026-03-04 21:10:27,623 - utils.logger2026-03-04-21.07.54 - INFO - Tst result of epoch 19 / 40 mae 1.2290 corr 0.4768 f1 0.6408
2026-03-04 21:10:29,277 - utils.logger2026-03-04-21.07.54 - INFO - Cur epoch 20 loss CE:1.7586 mse:1.4564 consistent:93.6216
2026-03-04 21:10:30,293 - utils.logger2026-03-04-21.07.54 - INFO - Cur epoch 20 loss CE:1.5228 mse:1.5009 consistent:104.6239
2026-03-04 21:10:31,324 - utils.logger2026-03-04-21.07.54 - INFO - Cur epoch 20 loss CE:1.6796 mse:1.4468 consistent:117.2606
2026-03-04 21:10:31,455 - utils.logger2026-03-04-21.07.54 - INFO - saving the model at the end of epoch 20, iters 560
2026-03-04 21:10:31,652 - utils.logger2026-03-04-21.07.54 - INFO - End of training epoch 20 / 40 	 Time Taken: 4 sec
2026-03-04 21:10:31,653 - utils.logger2026-03-04-21.07.54 - INFO - learning rate = 0.0001905
2026-03-04 21:10:33,496 - utils.logger2026-03-04-21.07.54 - INFO - Val result of epoch 20 / 40 mae 1.1627 corr 0.5000 f1 0.6558
2026-03-04 21:10:35,313 - utils.logger2026-03-04-21.07.54 - INFO - Tst result of epoch 20 / 40 mae 1.2461 corr 0.4864 f1 0.6303
2026-03-04 21:10:37,120 - utils.logger2026-03-04-21.07.54 - INFO - Cur epoch 21 loss CE:1.5060 mse:1.5130 consistent:110.2382
2026-03-04 21:10:38,085 - utils.logger2026-03-04-21.07.54 - INFO - Cur epoch 21 loss CE:1.7298 mse:1.4562 consistent:105.0599
2026-03-04 21:10:39,016 - utils.logger2026-03-04-21.07.54 - INFO - saving the model at the end of epoch 21, iters 588
2026-03-04 21:10:39,204 - utils.logger2026-03-04-21.07.54 - INFO - End of training epoch 21 / 40 	 Time Taken: 3 sec
2026-03-04 21:10:39,204 - utils.logger2026-03-04-21.07.54 - INFO - learning rate = 0.0001810
2026-03-04 21:10:41,052 - utils.logger2026-03-04-21.07.54 - INFO - Val result of epoch 21 / 40 mae 1.1554 corr 0.5112 f1 0.6607
2026-03-04 21:10:42,867 - utils.logger2026-03-04-21.07.54 - INFO - Tst result of epoch 21 / 40 mae 1.2707 corr 0.4869 f1 0.6139
2026-03-04 21:10:43,990 - utils.logger2026-03-04-21.07.54 - INFO - Cur epoch 22 loss CE:1.6886 mse:1.4887 consistent:108.4690
2026-03-04 21:10:45,028 - utils.logger2026-03-04-21.07.54 - INFO - Cur epoch 22 loss CE:1.7237 mse:1.4516 consistent:102.3861
2026-03-04 21:10:46,031 - utils.logger2026-03-04-21.07.54 - INFO - Cur epoch 22 loss CE:1.5660 mse:1.4823 consistent:105.1964
2026-03-04 21:10:46,776 - utils.logger2026-03-04-21.07.54 - INFO - saving the model at the end of epoch 22, iters 616
2026-03-04 21:10:46,966 - utils.logger2026-03-04-21.07.54 - INFO - End of training epoch 22 / 40 	 Time Taken: 4 sec
2026-03-04 21:10:46,966 - utils.logger2026-03-04-21.07.54 - INFO - learning rate = 0.0001714
2026-03-04 21:10:48,773 - utils.logger2026-03-04-21.07.54 - INFO - Val result of epoch 22 / 40 mae 1.1495 corr 0.4925 f1 0.6371
2026-03-04 21:10:50,562 - utils.logger2026-03-04-21.07.54 - INFO - Tst result of epoch 22 / 40 mae 1.2517 corr 0.4745 f1 0.6256
2026-03-04 21:10:51,818 - utils.logger2026-03-04-21.07.54 - INFO - Cur epoch 23 loss CE:1.4113 mse:1.3585 consistent:96.1872
2026-03-04 21:10:52,776 - utils.logger2026-03-04-21.07.54 - INFO - Cur epoch 23 loss CE:1.4482 mse:1.4386 consistent:112.7469
2026-03-04 21:10:53,758 - utils.logger2026-03-04-21.07.54 - INFO - Cur epoch 23 loss CE:1.3728 mse:1.3221 consistent:104.5886
2026-03-04 21:10:54,296 - utils.logger2026-03-04-21.07.54 - INFO - saving the model at the end of epoch 23, iters 644
2026-03-04 21:10:54,501 - utils.logger2026-03-04-21.07.54 - INFO - End of training epoch 23 / 40 	 Time Taken: 3 sec
2026-03-04 21:10:54,501 - utils.logger2026-03-04-21.07.54 - INFO - learning rate = 0.0001619
2026-03-04 21:10:56,318 - utils.logger2026-03-04-21.07.54 - INFO - Val result of epoch 23 / 40 mae 1.1593 corr 0.4888 f1 0.6570
2026-03-04 21:10:58,136 - utils.logger2026-03-04-21.07.54 - INFO - Tst result of epoch 23 / 40 mae 1.2663 corr 0.4784 f1 0.6401
2026-03-04 21:10:59,653 - utils.logger2026-03-04-21.07.54 - INFO - Cur epoch 24 loss CE:1.5452 mse:1.4282 consistent:101.3074
2026-03-04 21:11:00,761 - utils.logger2026-03-04-21.07.54 - INFO - Cur epoch 24 loss CE:1.7269 mse:1.4766 consistent:103.8735
2026-03-04 21:11:01,843 - utils.logger2026-03-04-21.07.54 - INFO - Cur epoch 24 loss CE:1.7281 mse:1.3541 consistent:101.4709
2026-03-04 21:11:02,194 - utils.logger2026-03-04-21.07.54 - INFO - saving the model at the end of epoch 24, iters 672
2026-03-04 21:11:02,401 - utils.logger2026-03-04-21.07.54 - INFO - End of training epoch 24 / 40 	 Time Taken: 4 sec
2026-03-04 21:11:02,402 - utils.logger2026-03-04-21.07.54 - INFO - learning rate = 0.0001524
2026-03-04 21:11:04,213 - utils.logger2026-03-04-21.07.54 - INFO - Val result of epoch 24 / 40 mae 1.1610 corr 0.4950 f1 0.6492
2026-03-04 21:11:06,034 - utils.logger2026-03-04-21.07.54 - INFO - Tst result of epoch 24 / 40 mae 1.2765 corr 0.4760 f1 0.6186
2026-03-04 21:11:07,793 - utils.logger2026-03-04-21.07.54 - INFO - Cur epoch 25 loss CE:1.5417 mse:1.3765 consistent:108.8867
2026-03-04 21:11:08,811 - utils.logger2026-03-04-21.07.54 - INFO - Cur epoch 25 loss CE:1.4572 mse:1.3039 consistent:101.2587
2026-03-04 21:11:09,775 - utils.logger2026-03-04-21.07.54 - INFO - Cur epoch 25 loss CE:1.1849 mse:1.5604 consistent:100.4468
2026-03-04 21:11:09,896 - utils.logger2026-03-04-21.07.54 - INFO - saving the model at the end of epoch 25, iters 700
2026-03-04 21:11:10,090 - utils.logger2026-03-04-21.07.54 - INFO - End of training epoch 25 / 40 	 Time Taken: 4 sec
2026-03-04 21:11:10,090 - utils.logger2026-03-04-21.07.54 - INFO - learning rate = 0.0001429
2026-03-04 21:11:11,958 - utils.logger2026-03-04-21.07.54 - INFO - Val result of epoch 25 / 40 mae 1.2061 corr 0.4762 f1 0.6330
2026-03-04 21:11:13,749 - utils.logger2026-03-04-21.07.54 - INFO - Tst result of epoch 25 / 40 mae 1.3254 corr 0.4701 f1 0.6143
2026-03-04 21:11:15,551 - utils.logger2026-03-04-21.07.54 - INFO - Cur epoch 26 loss CE:1.7861 mse:1.5128 consistent:109.1386
2026-03-04 21:11:16,506 - utils.logger2026-03-04-21.07.54 - INFO - Cur epoch 26 loss CE:1.5869 mse:1.3455 consistent:106.9568
2026-03-04 21:11:17,391 - utils.logger2026-03-04-21.07.54 - INFO - saving the model at the end of epoch 26, iters 728
2026-03-04 21:11:17,576 - utils.logger2026-03-04-21.07.54 - INFO - End of training epoch 26 / 40 	 Time Taken: 3 sec
2026-03-04 21:11:17,576 - utils.logger2026-03-04-21.07.54 - INFO - learning rate = 0.0001333
2026-03-04 21:11:19,319 - utils.logger2026-03-04-21.07.54 - INFO - Val result of epoch 26 / 40 mae 1.1648 corr 0.4916 f1 0.6467
2026-03-04 21:11:21,142 - utils.logger2026-03-04-21.07.54 - INFO - Tst result of epoch 26 / 40 mae 1.2791 corr 0.4716 f1 0.6190
2026-03-04 21:11:22,186 - utils.logger2026-03-04-21.07.54 - INFO - Cur epoch 27 loss CE:1.1238 mse:1.3344 consistent:106.2902
2026-03-04 21:11:23,172 - utils.logger2026-03-04-21.07.54 - INFO - Cur epoch 27 loss CE:1.6581 mse:1.3968 consistent:107.7667
2026-03-04 21:11:24,123 - utils.logger2026-03-04-21.07.54 - INFO - Cur epoch 27 loss CE:2.0720 mse:1.4238 consistent:103.6674
2026-03-04 21:11:24,891 - utils.logger2026-03-04-21.07.54 - INFO - saving the model at the end of epoch 27, iters 756
2026-03-04 21:11:25,133 - utils.logger2026-03-04-21.07.54 - INFO - End of training epoch 27 / 40 	 Time Taken: 3 sec
2026-03-04 21:11:25,134 - utils.logger2026-03-04-21.07.54 - INFO - learning rate = 0.0001238
2026-03-04 21:11:26,897 - utils.logger2026-03-04-21.07.54 - INFO - Val result of epoch 27 / 40 mae 1.1920 corr 0.4841 f1 0.6410
2026-03-04 21:11:28,659 - utils.logger2026-03-04-21.07.54 - INFO - Tst result of epoch 27 / 40 mae 1.3126 corr 0.4607 f1 0.6106
2026-03-04 21:11:29,932 - utils.logger2026-03-04-21.07.54 - INFO - Cur epoch 28 loss CE:1.6572 mse:1.3890 consistent:102.0340
2026-03-04 21:11:31,041 - utils.logger2026-03-04-21.07.54 - INFO - Cur epoch 28 loss CE:1.6863 mse:1.3722 consistent:114.0544
2026-03-04 21:11:32,085 - utils.logger2026-03-04-21.07.54 - INFO - Cur epoch 28 loss CE:1.4339 mse:1.2890 consistent:105.6252
2026-03-04 21:11:32,642 - utils.logger2026-03-04-21.07.54 - INFO - saving the model at the end of epoch 28, iters 784
2026-03-04 21:11:32,892 - utils.logger2026-03-04-21.07.54 - INFO - End of training epoch 28 / 40 	 Time Taken: 4 sec
2026-03-04 21:11:32,892 - utils.logger2026-03-04-21.07.54 - INFO - learning rate = 0.0001143
2026-03-04 21:11:34,705 - utils.logger2026-03-04-21.07.54 - INFO - Val result of epoch 28 / 40 mae 1.1847 corr 0.4785 f1 0.6327
2026-03-04 21:11:36,468 - utils.logger2026-03-04-21.07.54 - INFO - Tst result of epoch 28 / 40 mae 1.3183 corr 0.4492 f1 0.6019
2026-03-04 21:11:37,950 - utils.logger2026-03-04-21.07.54 - INFO - Cur epoch 29 loss CE:1.2284 mse:1.2832 consistent:103.7729
2026-03-04 21:11:39,042 - utils.logger2026-03-04-21.07.54 - INFO - Cur epoch 29 loss CE:1.4964 mse:1.3434 consistent:105.2047
2026-03-04 21:11:40,117 - utils.logger2026-03-04-21.07.54 - INFO - Cur epoch 29 loss CE:1.2533 mse:1.3270 consistent:102.2774
2026-03-04 21:11:40,459 - utils.logger2026-03-04-21.07.54 - INFO - saving the model at the end of epoch 29, iters 812
2026-03-04 21:11:40,686 - utils.logger2026-03-04-21.07.54 - INFO - End of training epoch 29 / 40 	 Time Taken: 4 sec
2026-03-04 21:11:40,687 - utils.logger2026-03-04-21.07.54 - INFO - learning rate = 0.0001048
2026-03-04 21:11:42,542 - utils.logger2026-03-04-21.07.54 - INFO - Val result of epoch 29 / 40 mae 1.1746 corr 0.4947 f1 0.6481
2026-03-04 21:11:44,366 - utils.logger2026-03-04-21.07.54 - INFO - Tst result of epoch 29 / 40 mae 1.3024 corr 0.4606 f1 0.6136
2026-03-04 21:11:46,086 - utils.logger2026-03-04-21.07.54 - INFO - Cur epoch 30 loss CE:1.4735 mse:1.2722 consistent:106.2261
2026-03-04 21:11:47,110 - utils.logger2026-03-04-21.07.54 - INFO - Cur epoch 30 loss CE:1.3819 mse:1.2330 consistent:100.3639
2026-03-04 21:11:48,165 - utils.logger2026-03-04-21.07.54 - INFO - Cur epoch 30 loss CE:1.3464 mse:1.1919 consistent:107.2454
2026-03-04 21:11:48,312 - utils.logger2026-03-04-21.07.54 - INFO - saving the model at the end of epoch 30, iters 840
2026-03-04 21:11:48,517 - utils.logger2026-03-04-21.07.54 - INFO - End of training epoch 30 / 40 	 Time Taken: 4 sec
2026-03-04 21:11:48,517 - utils.logger2026-03-04-21.07.54 - INFO - learning rate = 0.0000952
2026-03-04 21:11:50,259 - utils.logger2026-03-04-21.07.54 - INFO - Val result of epoch 30 / 40 mae 1.1609 corr 0.4907 f1 0.6586
2026-03-04 21:11:52,074 - utils.logger2026-03-04-21.07.54 - INFO - Tst result of epoch 30 / 40 mae 1.2804 corr 0.4644 f1 0.6090
2026-03-04 21:11:54,068 - utils.logger2026-03-04-21.07.54 - INFO - Cur epoch 31 loss CE:1.3735 mse:1.3548 consistent:99.4069
2026-03-04 21:11:55,084 - utils.logger2026-03-04-21.07.54 - INFO - Cur epoch 31 loss CE:1.7978 mse:1.3503 consistent:112.3148
2026-03-04 21:11:56,017 - utils.logger2026-03-04-21.07.54 - INFO - saving the model at the end of epoch 31, iters 868
2026-03-04 21:11:56,218 - utils.logger2026-03-04-21.07.54 - INFO - End of training epoch 31 / 40 	 Time Taken: 4 sec
2026-03-04 21:11:56,219 - utils.logger2026-03-04-21.07.54 - INFO - learning rate = 0.0000857
2026-03-04 21:11:57,997 - utils.logger2026-03-04-21.07.54 - INFO - Val result of epoch 31 / 40 mae 1.2097 corr 0.4715 f1 0.6339
2026-03-04 21:11:59,776 - utils.logger2026-03-04-21.07.54 - INFO - Tst result of epoch 31 / 40 mae 1.3407 corr 0.4517 f1 0.6105
2026-03-04 21:12:00,848 - utils.logger2026-03-04-21.07.54 - INFO - Cur epoch 32 loss CE:1.4963 mse:1.3109 consistent:102.1075
2026-03-04 21:12:01,816 - utils.logger2026-03-04-21.07.54 - INFO - Cur epoch 32 loss CE:1.4990 mse:1.3156 consistent:109.2620
2026-03-04 21:12:02,785 - utils.logger2026-03-04-21.07.54 - INFO - Cur epoch 32 loss CE:1.1895 mse:1.3513 consistent:104.3641
2026-03-04 21:12:03,463 - utils.logger2026-03-04-21.07.54 - INFO - saving the model at the end of epoch 32, iters 896
2026-03-04 21:12:03,652 - utils.logger2026-03-04-21.07.54 - INFO - End of training epoch 32 / 40 	 Time Taken: 3 sec
2026-03-04 21:12:03,653 - utils.logger2026-03-04-21.07.54 - INFO - learning rate = 0.0000762
2026-03-04 21:12:05,416 - utils.logger2026-03-04-21.07.54 - INFO - Val result of epoch 32 / 40 mae 1.1982 corr 0.4825 f1 0.6447
2026-03-04 21:12:07,211 - utils.logger2026-03-04-21.07.54 - INFO - Tst result of epoch 32 / 40 mae 1.3292 corr 0.4623 f1 0.6050
2026-03-04 21:12:08,451 - utils.logger2026-03-04-21.07.54 - INFO - Cur epoch 33 loss CE:1.4146 mse:1.3396 consistent:104.1681
2026-03-04 21:12:09,445 - utils.logger2026-03-04-21.07.54 - INFO - Cur epoch 33 loss CE:1.1971 mse:1.2977 consistent:108.0437
2026-03-04 21:12:10,414 - utils.logger2026-03-04-21.07.54 - INFO - Cur epoch 33 loss CE:1.2237 mse:1.3540 consistent:103.7241
2026-03-04 21:12:10,935 - utils.logger2026-03-04-21.07.54 - INFO - saving the model at the end of epoch 33, iters 924
2026-03-04 21:12:11,128 - utils.logger2026-03-04-21.07.54 - INFO - End of training epoch 33 / 40 	 Time Taken: 3 sec
2026-03-04 21:12:11,129 - utils.logger2026-03-04-21.07.54 - INFO - learning rate = 0.0000667
2026-03-04 21:12:12,853 - utils.logger2026-03-04-21.07.54 - INFO - Val result of epoch 33 / 40 mae 1.2014 corr 0.4796 f1 0.6477
2026-03-04 21:12:14,650 - utils.logger2026-03-04-21.07.54 - INFO - Tst result of epoch 33 / 40 mae 1.3432 corr 0.4420 f1 0.5995
2026-03-04 21:12:16,101 - utils.logger2026-03-04-21.07.54 - INFO - Cur epoch 34 loss CE:1.2631 mse:1.2686 consistent:103.4296
2026-03-04 21:12:17,107 - utils.logger2026-03-04-21.07.54 - INFO - Cur epoch 34 loss CE:0.9642 mse:1.2390 consistent:105.4896
2026-03-04 21:12:18,140 - utils.logger2026-03-04-21.07.54 - INFO - Cur epoch 34 loss CE:0.8796 mse:1.3166 consistent:108.5596
2026-03-04 21:12:18,477 - utils.logger2026-03-04-21.07.54 - INFO - saving the model at the end of epoch 34, iters 952
2026-03-04 21:12:18,688 - utils.logger2026-03-04-21.07.54 - INFO - End of training epoch 34 / 40 	 Time Taken: 4 sec
2026-03-04 21:12:18,688 - utils.logger2026-03-04-21.07.54 - INFO - learning rate = 0.0000571
2026-03-04 21:12:20,447 - utils.logger2026-03-04-21.07.54 - INFO - Val result of epoch 34 / 40 mae 1.2020 corr 0.4663 f1 0.6376
2026-03-04 21:12:22,256 - utils.logger2026-03-04-21.07.54 - INFO - Tst result of epoch 34 / 40 mae 1.3402 corr 0.4411 f1 0.6052
2026-03-04 21:12:23,932 - utils.logger2026-03-04-21.07.54 - INFO - Cur epoch 35 loss CE:1.3854 mse:1.3126 consistent:106.3176
2026-03-04 21:12:25,010 - utils.logger2026-03-04-21.07.54 - INFO - Cur epoch 35 loss CE:1.0236 mse:1.3501 consistent:101.6546
2026-03-04 21:12:26,025 - utils.logger2026-03-04-21.07.54 - INFO - Cur epoch 35 loss CE:1.0169 mse:1.3597 consistent:115.8998
2026-03-04 21:12:26,177 - utils.logger2026-03-04-21.07.54 - INFO - saving the model at the end of epoch 35, iters 980
2026-03-04 21:12:26,383 - utils.logger2026-03-04-21.07.54 - INFO - End of training epoch 35 / 40 	 Time Taken: 4 sec
2026-03-04 21:12:26,383 - utils.logger2026-03-04-21.07.54 - INFO - learning rate = 0.0000476
2026-03-04 21:12:28,225 - utils.logger2026-03-04-21.07.54 - INFO - Val result of epoch 35 / 40 mae 1.1856 corr 0.4698 f1 0.6418
2026-03-04 21:12:30,085 - utils.logger2026-03-04-21.07.54 - INFO - Tst result of epoch 35 / 40 mae 1.3150 corr 0.4463 f1 0.6154
2026-03-04 21:12:32,011 - utils.logger2026-03-04-21.07.54 - INFO - Cur epoch 36 loss CE:1.0680 mse:1.2832 consistent:100.1048
2026-03-04 21:12:32,968 - utils.logger2026-03-04-21.07.54 - INFO - Cur epoch 36 loss CE:1.0075 mse:1.3041 consistent:97.8500
2026-03-04 21:12:33,897 - utils.logger2026-03-04-21.07.54 - INFO - saving the model at the end of epoch 36, iters 1008
2026-03-04 21:12:34,107 - utils.logger2026-03-04-21.07.54 - INFO - End of training epoch 36 / 40 	 Time Taken: 4 sec
2026-03-04 21:12:34,107 - utils.logger2026-03-04-21.07.54 - INFO - learning rate = 0.0000381
2026-03-04 21:12:35,918 - utils.logger2026-03-04-21.07.54 - INFO - Val result of epoch 36 / 40 mae 1.2117 corr 0.4587 f1 0.6343
2026-03-04 21:12:37,739 - utils.logger2026-03-04-21.07.54 - INFO - Tst result of epoch 36 / 40 mae 1.3516 corr 0.4378 f1 0.5964
2026-03-04 21:12:38,795 - utils.logger2026-03-04-21.07.54 - INFO - Cur epoch 37 loss CE:1.0991 mse:1.1819 consistent:102.4114
2026-03-04 21:12:39,853 - utils.logger2026-03-04-21.07.54 - INFO - Cur epoch 37 loss CE:1.0889 mse:1.4482 consistent:106.2261
2026-03-04 21:12:40,872 - utils.logger2026-03-04-21.07.54 - INFO - Cur epoch 37 loss CE:1.2181 mse:1.3394 consistent:107.9609
2026-03-04 21:12:41,655 - utils.logger2026-03-04-21.07.54 - INFO - saving the model at the end of epoch 37, iters 1036
2026-03-04 21:12:41,871 - utils.logger2026-03-04-21.07.54 - INFO - End of training epoch 37 / 40 	 Time Taken: 4 sec
2026-03-04 21:12:41,872 - utils.logger2026-03-04-21.07.54 - INFO - learning rate = 0.0000286
2026-03-04 21:12:43,654 - utils.logger2026-03-04-21.07.54 - INFO - Val result of epoch 37 / 40 mae 1.2075 corr 0.4704 f1 0.6450
2026-03-04 21:12:45,409 - utils.logger2026-03-04-21.07.54 - INFO - Tst result of epoch 37 / 40 mae 1.3465 corr 0.4454 f1 0.6048
2026-03-04 21:12:46,671 - utils.logger2026-03-04-21.07.54 - INFO - Cur epoch 38 loss CE:1.4094 mse:1.2802 consistent:107.5126
2026-03-04 21:12:47,701 - utils.logger2026-03-04-21.07.54 - INFO - Cur epoch 38 loss CE:1.0499 mse:1.2470 consistent:104.6429
2026-03-04 21:12:48,737 - utils.logger2026-03-04-21.07.54 - INFO - Cur epoch 38 loss CE:1.6361 mse:1.2396 consistent:102.1364
2026-03-04 21:12:49,288 - utils.logger2026-03-04-21.07.54 - INFO - saving the model at the end of epoch 38, iters 1064
2026-03-04 21:12:49,478 - utils.logger2026-03-04-21.07.54 - INFO - End of training epoch 38 / 40 	 Time Taken: 4 sec
2026-03-04 21:12:49,479 - utils.logger2026-03-04-21.07.54 - INFO - learning rate = 0.0000190
2026-03-04 21:12:51,217 - utils.logger2026-03-04-21.07.54 - INFO - Val result of epoch 38 / 40 mae 1.2109 corr 0.4659 f1 0.6404
2026-03-04 21:12:52,968 - utils.logger2026-03-04-21.07.54 - INFO - Tst result of epoch 38 / 40 mae 1.3496 corr 0.4426 f1 0.5980
2026-03-04 21:12:54,355 - utils.logger2026-03-04-21.07.54 - INFO - Cur epoch 39 loss CE:1.5653 mse:1.2372 consistent:100.5487
2026-03-04 21:12:55,311 - utils.logger2026-03-04-21.07.54 - INFO - Cur epoch 39 loss CE:1.0918 mse:1.1987 consistent:109.2893
2026-03-04 21:12:56,308 - utils.logger2026-03-04-21.07.54 - INFO - Cur epoch 39 loss CE:0.7094 mse:1.3267 consistent:106.9481
2026-03-04 21:12:56,603 - utils.logger2026-03-04-21.07.54 - INFO - saving the model at the end of epoch 39, iters 1092
2026-03-04 21:12:56,789 - utils.logger2026-03-04-21.07.54 - INFO - End of training epoch 39 / 40 	 Time Taken: 3 sec
2026-03-04 21:12:56,789 - utils.logger2026-03-04-21.07.54 - INFO - learning rate = 0.0000095
2026-03-04 21:12:58,511 - utils.logger2026-03-04-21.07.54 - INFO - Val result of epoch 39 / 40 mae 1.1978 corr 0.4610 f1 0.6335
2026-03-04 21:13:00,312 - utils.logger2026-03-04-21.07.54 - INFO - Tst result of epoch 39 / 40 mae 1.3261 corr 0.4469 f1 0.6131
2026-03-04 21:13:02,039 - utils.logger2026-03-04-21.07.54 - INFO - Cur epoch 40 loss CE:1.2195 mse:1.3032 consistent:116.7887
2026-03-04 21:13:03,109 - utils.logger2026-03-04-21.07.54 - INFO - Cur epoch 40 loss CE:0.8057 mse:1.2722 consistent:106.9611
2026-03-04 21:13:04,155 - utils.logger2026-03-04-21.07.54 - INFO - Cur epoch 40 loss CE:1.0597 mse:1.2221 consistent:101.0849
2026-03-04 21:13:04,303 - utils.logger2026-03-04-21.07.54 - INFO - saving the model at the end of epoch 40, iters 1120
2026-03-04 21:13:04,483 - utils.logger2026-03-04-21.07.54 - INFO - End of training epoch 40 / 40 	 Time Taken: 4 sec
2026-03-04 21:13:04,483 - utils.logger2026-03-04-21.07.54 - INFO - learning rate = 0.0000000
2026-03-04 21:13:06,276 - utils.logger2026-03-04-21.07.54 - INFO - Val result of epoch 40 / 40 mae 1.1978 corr 0.4645 f1 0.6364
2026-03-04 21:13:08,137 - utils.logger2026-03-04-21.07.54 - INFO - Tst result of epoch 40 / 40 mae 1.3275 corr 0.4477 f1 0.6101
2026-03-04 21:13:08,137 - utils.logger2026-03-04-21.07.54 - INFO - Best eval epoch 18 found with MAE 1.227019
2026-03-04 21:13:08,137 - utils.logger2026-03-04-21.07.54 - INFO - Loading best model found on val set: epoch-18
2026-03-04 21:13:11,849 - utils.logger2026-03-04-21.07.54 - INFO - Tst result mae 1.2270 corr 0.4876 f1 0.6401
