2026-03-09 14:41:29,556 - utils.logger2026-03-09-14.41.23 - INFO - The number of training samples = 1750
2026-03-09 14:41:29,556 - utils.logger2026-03-09-14.41.23 - INFO - The number of testing samples = 1344
2026-03-09 14:41:32,727 - utils.logger2026-03-09-14.41.23 - INFO - Cur epoch 1 loss CE:2.7186 mse:1.1903 consistent:3.6770
2026-03-09 14:41:33,354 - utils.logger2026-03-09-14.41.23 - INFO - Cur epoch 1 loss CE:2.3889 mse:0.7477 consistent:3.5034
2026-03-09 14:41:34,010 - utils.logger2026-03-09-14.41.23 - INFO - saving the model at the end of epoch 1, iters 28
2026-03-09 14:41:34,563 - utils.logger2026-03-09-14.41.23 - INFO - End of training epoch 1 / 40 	 Time Taken: 4 sec
2026-03-09 14:41:34,564 - utils.logger2026-03-09-14.41.23 - INFO - learning rate = 0.0002000
2026-03-09 14:41:36,513 - utils.logger2026-03-09-14.41.23 - INFO - Val result of epoch 1 / 40 mae 1.1534 corr 0.4533 f1 0.6393
2026-03-09 14:41:38,465 - utils.logger2026-03-09-14.41.23 - INFO - Tst result of epoch 1 / 40 mae 1.1477 corr 0.4827 f1 0.6340
2026-03-09 14:41:39,667 - utils.logger2026-03-09-14.41.23 - INFO - Cur epoch 2 loss CE:2.0811 mse:0.7970 consistent:3.6115
2026-03-09 14:41:40,431 - utils.logger2026-03-09-14.41.23 - INFO - Cur epoch 2 loss CE:1.8323 mse:0.6066 consistent:3.2547
2026-03-09 14:41:41,089 - utils.logger2026-03-09-14.41.23 - INFO - Cur epoch 2 loss CE:1.7943 mse:0.4699 consistent:2.9497
2026-03-09 14:41:41,603 - utils.logger2026-03-09-14.41.23 - INFO - saving the model at the end of epoch 2, iters 56
2026-03-09 14:41:42,103 - utils.logger2026-03-09-14.41.23 - INFO - End of training epoch 2 / 40 	 Time Taken: 3 sec
2026-03-09 14:41:42,104 - utils.logger2026-03-09-14.41.23 - INFO - learning rate = 0.0002000
2026-03-09 14:41:44,078 - utils.logger2026-03-09-14.41.23 - INFO - Val result of epoch 2 / 40 mae 1.1584 corr 0.4650 f1 0.6675
2026-03-09 14:41:45,955 - utils.logger2026-03-09-14.41.23 - INFO - Tst result of epoch 2 / 40 mae 1.1425 corr 0.4919 f1 0.6473
2026-03-09 14:41:47,362 - utils.logger2026-03-09-14.41.23 - INFO - Cur epoch 3 loss CE:1.8752 mse:0.5201 consistent:3.0907
2026-03-09 14:41:48,100 - utils.logger2026-03-09-14.41.23 - INFO - Cur epoch 3 loss CE:2.2265 mse:0.4519 consistent:2.9510
2026-03-09 14:41:48,771 - utils.logger2026-03-09-14.41.23 - INFO - Cur epoch 3 loss CE:1.7090 mse:0.5039 consistent:3.0757
2026-03-09 14:41:49,222 - utils.logger2026-03-09-14.41.23 - INFO - saving the model at the end of epoch 3, iters 84
2026-03-09 14:41:49,871 - utils.logger2026-03-09-14.41.23 - INFO - End of training epoch 3 / 40 	 Time Taken: 3 sec
2026-03-09 14:41:49,871 - utils.logger2026-03-09-14.41.23 - INFO - learning rate = 0.0002000
2026-03-09 14:41:51,816 - utils.logger2026-03-09-14.41.23 - INFO - Val result of epoch 3 / 40 mae 1.1234 corr 0.4715 f1 0.6684
2026-03-09 14:41:53,780 - utils.logger2026-03-09-14.41.23 - INFO - Tst result of epoch 3 / 40 mae 1.1030 corr 0.5051 f1 0.6340
2026-03-09 14:41:55,374 - utils.logger2026-03-09-14.41.23 - INFO - Cur epoch 4 loss CE:1.9113 mse:0.4984 consistent:2.9447
2026-03-09 14:41:56,026 - utils.logger2026-03-09-14.41.23 - INFO - Cur epoch 4 loss CE:1.2090 mse:0.3996 consistent:2.7473
2026-03-09 14:41:56,692 - utils.logger2026-03-09-14.41.23 - INFO - Cur epoch 4 loss CE:1.6032 mse:0.4466 consistent:2.6235
2026-03-09 14:41:57,035 - utils.logger2026-03-09-14.41.23 - INFO - saving the model at the end of epoch 4, iters 112
2026-03-09 14:41:57,794 - utils.logger2026-03-09-14.41.23 - INFO - End of training epoch 4 / 40 	 Time Taken: 4 sec
2026-03-09 14:41:57,794 - utils.logger2026-03-09-14.41.23 - INFO - learning rate = 0.0002000
2026-03-09 14:42:00,171 - utils.logger2026-03-09-14.41.23 - INFO - Val result of epoch 4 / 40 mae 1.2171 corr 0.4510 f1 0.6582
2026-03-09 14:42:02,363 - utils.logger2026-03-09-14.41.23 - INFO - Tst result of epoch 4 / 40 mae 1.1670 corr 0.4738 f1 0.6650
2026-03-09 14:42:04,143 - utils.logger2026-03-09-14.41.23 - INFO - Cur epoch 5 loss CE:1.9275 mse:0.4780 consistent:2.7073
2026-03-09 14:42:04,828 - utils.logger2026-03-09-14.41.23 - INFO - Cur epoch 5 loss CE:2.0247 mse:0.5194 consistent:3.0029
2026-03-09 14:42:05,509 - utils.logger2026-03-09-14.41.23 - INFO - Cur epoch 5 loss CE:2.1305 mse:0.4392 consistent:2.7057
2026-03-09 14:42:05,684 - utils.logger2026-03-09-14.41.23 - INFO - saving the model at the end of epoch 5, iters 140
2026-03-09 14:42:06,269 - utils.logger2026-03-09-14.41.23 - INFO - End of training epoch 5 / 40 	 Time Taken: 3 sec
2026-03-09 14:42:06,269 - utils.logger2026-03-09-14.41.23 - INFO - learning rate = 0.0002000
2026-03-09 14:42:08,357 - utils.logger2026-03-09-14.41.23 - INFO - Val result of epoch 5 / 40 mae 1.0999 corr 0.4756 f1 0.6620
2026-03-09 14:42:10,478 - utils.logger2026-03-09-14.41.23 - INFO - Tst result of epoch 5 / 40 mae 1.0933 corr 0.5068 f1 0.6626
2026-03-09 14:42:12,382 - utils.logger2026-03-09-14.41.23 - INFO - Cur epoch 6 loss CE:1.3398 mse:0.4093 consistent:2.4444
2026-03-09 14:42:13,061 - utils.logger2026-03-09-14.41.23 - INFO - Cur epoch 6 loss CE:2.1743 mse:0.5021 consistent:2.5526
2026-03-09 14:42:13,818 - utils.logger2026-03-09-14.41.23 - INFO - saving the model at the end of epoch 6, iters 168
2026-03-09 14:42:14,498 - utils.logger2026-03-09-14.41.23 - INFO - End of training epoch 6 / 40 	 Time Taken: 4 sec
2026-03-09 14:42:14,498 - utils.logger2026-03-09-14.41.23 - INFO - learning rate = 0.0002000
2026-03-09 14:42:16,687 - utils.logger2026-03-09-14.41.23 - INFO - Val result of epoch 6 / 40 mae 1.0919 corr 0.4784 f1 0.6806
2026-03-09 14:42:19,125 - utils.logger2026-03-09-14.41.23 - INFO - Tst result of epoch 6 / 40 mae 1.0889 corr 0.5101 f1 0.6591
2026-03-09 14:42:20,431 - utils.logger2026-03-09-14.41.23 - INFO - Cur epoch 7 loss CE:2.1022 mse:0.4966 consistent:2.8166
2026-03-09 14:42:21,123 - utils.logger2026-03-09-14.41.23 - INFO - Cur epoch 7 loss CE:1.5119 mse:0.3972 consistent:2.2553
2026-03-09 14:42:21,818 - utils.logger2026-03-09-14.41.23 - INFO - Cur epoch 7 loss CE:2.1757 mse:0.4413 consistent:2.7157
2026-03-09 14:42:22,409 - utils.logger2026-03-09-14.41.23 - INFO - saving the model at the end of epoch 7, iters 196
2026-03-09 14:42:22,840 - utils.logger2026-03-09-14.41.23 - INFO - End of training epoch 7 / 40 	 Time Taken: 3 sec
2026-03-09 14:42:22,840 - utils.logger2026-03-09-14.41.23 - INFO - learning rate = 0.0002000
2026-03-09 14:42:24,357 - utils.logger2026-03-09-14.41.23 - INFO - Val result of epoch 7 / 40 mae 1.1031 corr 0.4769 f1 0.6838
2026-03-09 14:42:26,040 - utils.logger2026-03-09-14.41.23 - INFO - Tst result of epoch 7 / 40 mae 1.0894 corr 0.5197 f1 0.6689
2026-03-09 14:42:27,511 - utils.logger2026-03-09-14.41.23 - INFO - Cur epoch 8 loss CE:1.6342 mse:0.4817 consistent:2.5195
2026-03-09 14:42:28,217 - utils.logger2026-03-09-14.41.23 - INFO - Cur epoch 8 loss CE:1.2622 mse:0.4097 consistent:2.4067
2026-03-09 14:42:28,943 - utils.logger2026-03-09-14.41.23 - INFO - Cur epoch 8 loss CE:1.9063 mse:0.5263 consistent:2.6658
2026-03-09 14:42:29,516 - utils.logger2026-03-09-14.41.23 - INFO - saving the model at the end of epoch 8, iters 224
2026-03-09 14:42:29,950 - utils.logger2026-03-09-14.41.23 - INFO - End of training epoch 8 / 40 	 Time Taken: 3 sec
2026-03-09 14:42:29,950 - utils.logger2026-03-09-14.41.23 - INFO - learning rate = 0.0002000
2026-03-09 14:42:32,163 - utils.logger2026-03-09-14.41.23 - INFO - Val result of epoch 8 / 40 mae 1.0979 corr 0.4688 f1 0.6982
2026-03-09 14:42:34,566 - utils.logger2026-03-09-14.41.23 - INFO - Tst result of epoch 8 / 40 mae 1.1093 corr 0.4976 f1 0.6455
2026-03-09 14:42:36,128 - utils.logger2026-03-09-14.41.23 - INFO - Cur epoch 9 loss CE:1.6863 mse:0.4026 consistent:2.2008
2026-03-09 14:42:36,933 - utils.logger2026-03-09-14.41.23 - INFO - Cur epoch 9 loss CE:2.2233 mse:0.4903 consistent:2.3274
2026-03-09 14:42:37,565 - utils.logger2026-03-09-14.41.23 - INFO - Cur epoch 9 loss CE:1.4988 mse:0.4067 consistent:2.2368
2026-03-09 14:42:37,903 - utils.logger2026-03-09-14.41.23 - INFO - saving the model at the end of epoch 9, iters 252
2026-03-09 14:42:38,647 - utils.logger2026-03-09-14.41.23 - INFO - End of training epoch 9 / 40 	 Time Taken: 4 sec
2026-03-09 14:42:38,648 - utils.logger2026-03-09-14.41.23 - INFO - learning rate = 0.0002000
2026-03-09 14:42:40,828 - utils.logger2026-03-09-14.41.23 - INFO - Val result of epoch 9 / 40 mae 1.1030 corr 0.4637 f1 0.6567
2026-03-09 14:42:42,902 - utils.logger2026-03-09-14.41.23 - INFO - Tst result of epoch 9 / 40 mae 1.1108 corr 0.4954 f1 0.6617
2026-03-09 14:42:44,601 - utils.logger2026-03-09-14.41.23 - INFO - Cur epoch 10 loss CE:1.7141 mse:0.3872 consistent:2.1427
2026-03-09 14:42:45,295 - utils.logger2026-03-09-14.41.23 - INFO - Cur epoch 10 loss CE:1.8766 mse:0.5143 consistent:2.4737
2026-03-09 14:42:45,958 - utils.logger2026-03-09-14.41.23 - INFO - Cur epoch 10 loss CE:1.3013 mse:0.3684 consistent:2.2985
2026-03-09 14:42:46,143 - utils.logger2026-03-09-14.41.23 - INFO - saving the model at the end of epoch 10, iters 280
2026-03-09 14:42:46,734 - utils.logger2026-03-09-14.41.23 - INFO - End of training epoch 10 / 40 	 Time Taken: 3 sec
2026-03-09 14:42:46,735 - utils.logger2026-03-09-14.41.23 - INFO - learning rate = 0.0002000
2026-03-09 14:42:48,880 - utils.logger2026-03-09-14.41.23 - INFO - Val result of epoch 10 / 40 mae 1.1251 corr 0.4568 f1 0.6638
2026-03-09 14:42:50,894 - utils.logger2026-03-09-14.41.23 - INFO - Tst result of epoch 10 / 40 mae 1.0798 corr 0.5078 f1 0.6537
2026-03-09 14:42:52,670 - utils.logger2026-03-09-14.41.23 - INFO - Cur epoch 11 loss CE:1.2132 mse:0.3602 consistent:2.1682
2026-03-09 14:42:53,333 - utils.logger2026-03-09-14.41.23 - INFO - Cur epoch 11 loss CE:2.1027 mse:0.4078 consistent:2.2538
2026-03-09 14:42:54,109 - utils.logger2026-03-09-14.41.23 - INFO - saving the model at the end of epoch 11, iters 308
2026-03-09 14:42:54,734 - utils.logger2026-03-09-14.41.23 - INFO - End of training epoch 11 / 40 	 Time Taken: 3 sec
2026-03-09 14:42:54,735 - utils.logger2026-03-09-14.41.23 - INFO - learning rate = 0.0002000
2026-03-09 14:42:56,794 - utils.logger2026-03-09-14.41.23 - INFO - Val result of epoch 11 / 40 mae 1.0829 corr 0.4840 f1 0.6858
2026-03-09 14:42:58,821 - utils.logger2026-03-09-14.41.23 - INFO - Tst result of epoch 11 / 40 mae 1.0895 corr 0.5097 f1 0.6517
2026-03-09 14:43:00,084 - utils.logger2026-03-09-14.41.23 - INFO - Cur epoch 12 loss CE:1.3999 mse:0.3653 consistent:2.0734
2026-03-09 14:43:00,792 - utils.logger2026-03-09-14.41.23 - INFO - Cur epoch 12 loss CE:1.5578 mse:0.4027 consistent:2.1396
2026-03-09 14:43:01,521 - utils.logger2026-03-09-14.41.23 - INFO - Cur epoch 12 loss CE:1.2456 mse:0.3667 consistent:2.1015
2026-03-09 14:43:02,127 - utils.logger2026-03-09-14.41.23 - INFO - saving the model at the end of epoch 12, iters 336
2026-03-09 14:43:02,878 - utils.logger2026-03-09-14.41.23 - INFO - End of training epoch 12 / 40 	 Time Taken: 4 sec
2026-03-09 14:43:02,878 - utils.logger2026-03-09-14.41.23 - INFO - learning rate = 0.0002000
2026-03-09 14:43:05,211 - utils.logger2026-03-09-14.41.23 - INFO - Val result of epoch 12 / 40 mae 1.0793 corr 0.5029 f1 0.7214
2026-03-09 14:43:07,272 - utils.logger2026-03-09-14.41.23 - INFO - Tst result of epoch 12 / 40 mae 1.1026 corr 0.5086 f1 0.6619
2026-03-09 14:43:08,686 - utils.logger2026-03-09-14.41.23 - INFO - Cur epoch 13 loss CE:1.3543 mse:0.3198 consistent:2.0530
2026-03-09 14:43:09,353 - utils.logger2026-03-09-14.41.23 - INFO - Cur epoch 13 loss CE:1.9147 mse:0.4535 consistent:2.0836
2026-03-09 14:43:10,023 - utils.logger2026-03-09-14.41.23 - INFO - Cur epoch 13 loss CE:1.6031 mse:0.3258 consistent:1.8146
2026-03-09 14:43:10,436 - utils.logger2026-03-09-14.41.23 - INFO - saving the model at the end of epoch 13, iters 364
2026-03-09 14:43:11,178 - utils.logger2026-03-09-14.41.23 - INFO - End of training epoch 13 / 40 	 Time Taken: 3 sec
2026-03-09 14:43:11,178 - utils.logger2026-03-09-14.41.23 - INFO - learning rate = 0.0002000
2026-03-09 14:43:13,210 - utils.logger2026-03-09-14.41.23 - INFO - Val result of epoch 13 / 40 mae 1.0802 corr 0.4954 f1 0.6776
2026-03-09 14:43:15,205 - utils.logger2026-03-09-14.41.23 - INFO - Tst result of epoch 13 / 40 mae 1.0900 corr 0.5084 f1 0.6644
2026-03-09 14:43:16,736 - utils.logger2026-03-09-14.41.23 - INFO - Cur epoch 14 loss CE:1.5976 mse:0.2953 consistent:1.7678
2026-03-09 14:43:17,351 - utils.logger2026-03-09-14.41.23 - INFO - Cur epoch 14 loss CE:1.5504 mse:0.3309 consistent:2.0349
2026-03-09 14:43:18,034 - utils.logger2026-03-09-14.41.23 - INFO - Cur epoch 14 loss CE:1.4726 mse:0.3278 consistent:1.9434
2026-03-09 14:43:18,400 - utils.logger2026-03-09-14.41.23 - INFO - saving the model at the end of epoch 14, iters 392
2026-03-09 14:43:18,853 - utils.logger2026-03-09-14.41.23 - INFO - End of training epoch 14 / 40 	 Time Taken: 3 sec
2026-03-09 14:43:18,853 - utils.logger2026-03-09-14.41.23 - INFO - learning rate = 0.0002000
2026-03-09 14:43:21,335 - utils.logger2026-03-09-14.41.23 - INFO - Val result of epoch 14 / 40 mae 1.0913 corr 0.4763 f1 0.6658
2026-03-09 14:43:23,959 - utils.logger2026-03-09-14.41.23 - INFO - Tst result of epoch 14 / 40 mae 1.0756 corr 0.5150 f1 0.6525
2026-03-09 14:43:26,349 - utils.logger2026-03-09-14.41.23 - INFO - Cur epoch 15 loss CE:1.7030 mse:0.4631 consistent:2.0219
2026-03-09 14:43:27,116 - utils.logger2026-03-09-14.41.23 - INFO - Cur epoch 15 loss CE:1.9257 mse:0.2937 consistent:1.8421
2026-03-09 14:43:27,872 - utils.logger2026-03-09-14.41.23 - INFO - Cur epoch 15 loss CE:2.1015 mse:0.3135 consistent:2.0977
2026-03-09 14:43:28,118 - utils.logger2026-03-09-14.41.23 - INFO - saving the model at the end of epoch 15, iters 420
2026-03-09 14:43:28,857 - utils.logger2026-03-09-14.41.23 - INFO - End of training epoch 15 / 40 	 Time Taken: 4 sec
2026-03-09 14:43:28,858 - utils.logger2026-03-09-14.41.23 - INFO - learning rate = 0.0002000
2026-03-09 14:43:31,336 - utils.logger2026-03-09-14.41.23 - INFO - Val result of epoch 15 / 40 mae 1.0699 corr 0.5073 f1 0.6812
2026-03-09 14:43:33,476 - utils.logger2026-03-09-14.41.23 - INFO - Tst result of epoch 15 / 40 mae 1.1135 corr 0.4979 f1 0.6585
2026-03-09 14:43:35,365 - utils.logger2026-03-09-14.41.23 - INFO - Cur epoch 16 loss CE:1.7494 mse:0.2995 consistent:1.6968
2026-03-09 14:43:36,021 - utils.logger2026-03-09-14.41.23 - INFO - Cur epoch 16 loss CE:1.2117 mse:0.2242 consistent:1.6530
2026-03-09 14:43:36,719 - utils.logger2026-03-09-14.41.23 - INFO - saving the model at the end of epoch 16, iters 448
2026-03-09 14:43:37,181 - utils.logger2026-03-09-14.41.23 - INFO - End of training epoch 16 / 40 	 Time Taken: 3 sec
2026-03-09 14:43:37,181 - utils.logger2026-03-09-14.41.23 - INFO - learning rate = 0.0002000
2026-03-09 14:43:39,279 - utils.logger2026-03-09-14.41.23 - INFO - Val result of epoch 16 / 40 mae 1.0674 corr 0.5060 f1 0.6812
2026-03-09 14:43:41,047 - utils.logger2026-03-09-14.41.23 - INFO - Tst result of epoch 16 / 40 mae 1.0986 corr 0.4931 f1 0.6521
2026-03-09 14:43:41,900 - utils.logger2026-03-09-14.41.23 - INFO - Cur epoch 17 loss CE:1.4380 mse:0.2806 consistent:1.7991
2026-03-09 14:43:42,494 - utils.logger2026-03-09-14.41.23 - INFO - Cur epoch 17 loss CE:1.1715 mse:0.2525 consistent:1.6572
2026-03-09 14:43:43,056 - utils.logger2026-03-09-14.41.23 - INFO - Cur epoch 17 loss CE:1.2819 mse:0.2753 consistent:1.9408
2026-03-09 14:43:43,478 - utils.logger2026-03-09-14.41.23 - INFO - saving the model at the end of epoch 17, iters 476
2026-03-09 14:43:43,950 - utils.logger2026-03-09-14.41.23 - INFO - End of training epoch 17 / 40 	 Time Taken: 2 sec
2026-03-09 14:43:43,951 - utils.logger2026-03-09-14.41.23 - INFO - learning rate = 0.0002000
2026-03-09 14:43:45,993 - utils.logger2026-03-09-14.41.23 - INFO - Val result of epoch 17 / 40 mae 1.0889 corr 0.4899 f1 0.6926
2026-03-09 14:43:48,135 - utils.logger2026-03-09-14.41.23 - INFO - Tst result of epoch 17 / 40 mae 1.0845 corr 0.4940 f1 0.6649
2026-03-09 14:43:49,893 - utils.logger2026-03-09-14.41.23 - INFO - Cur epoch 18 loss CE:1.4695 mse:0.2548 consistent:1.8250
2026-03-09 14:43:50,626 - utils.logger2026-03-09-14.41.23 - INFO - Cur epoch 18 loss CE:1.6074 mse:0.2764 consistent:1.8490
2026-03-09 14:43:51,374 - utils.logger2026-03-09-14.41.23 - INFO - Cur epoch 18 loss CE:1.6260 mse:0.2487 consistent:1.7288
2026-03-09 14:43:51,883 - utils.logger2026-03-09-14.41.23 - INFO - saving the model at the end of epoch 18, iters 504
2026-03-09 14:43:52,440 - utils.logger2026-03-09-14.41.23 - INFO - End of training epoch 18 / 40 	 Time Taken: 4 sec
2026-03-09 14:43:52,441 - utils.logger2026-03-09-14.41.23 - INFO - learning rate = 0.0002000
2026-03-09 14:43:54,672 - utils.logger2026-03-09-14.41.23 - INFO - Val result of epoch 18 / 40 mae 1.0909 corr 0.4914 f1 0.6920
2026-03-09 14:43:56,771 - utils.logger2026-03-09-14.41.23 - INFO - Tst result of epoch 18 / 40 mae 1.0852 corr 0.4871 f1 0.6747
2026-03-09 14:43:58,328 - utils.logger2026-03-09-14.41.23 - INFO - Cur epoch 19 loss CE:0.7245 mse:0.2166 consistent:1.6958
2026-03-09 14:43:59,023 - utils.logger2026-03-09-14.41.23 - INFO - Cur epoch 19 loss CE:1.3182 mse:0.2132 consistent:1.4619
2026-03-09 14:43:59,743 - utils.logger2026-03-09-14.41.23 - INFO - Cur epoch 19 loss CE:1.0023 mse:0.2215 consistent:1.5897
2026-03-09 14:44:00,177 - utils.logger2026-03-09-14.41.23 - INFO - saving the model at the end of epoch 19, iters 532
2026-03-09 14:44:00,865 - utils.logger2026-03-09-14.41.23 - INFO - End of training epoch 19 / 40 	 Time Taken: 4 sec
2026-03-09 14:44:00,865 - utils.logger2026-03-09-14.41.23 - INFO - learning rate = 0.0002000
2026-03-09 14:44:02,937 - utils.logger2026-03-09-14.41.23 - INFO - Val result of epoch 19 / 40 mae 1.0547 corr 0.5063 f1 0.7137
2026-03-09 14:44:04,959 - utils.logger2026-03-09-14.41.23 - INFO - Tst result of epoch 19 / 40 mae 1.1076 corr 0.4603 f1 0.6689
2026-03-09 14:44:06,631 - utils.logger2026-03-09-14.41.23 - INFO - Cur epoch 20 loss CE:1.4735 mse:0.2737 consistent:1.6779
2026-03-09 14:44:07,311 - utils.logger2026-03-09-14.41.23 - INFO - Cur epoch 20 loss CE:1.0168 mse:0.2026 consistent:1.6079
2026-03-09 14:44:07,974 - utils.logger2026-03-09-14.41.23 - INFO - Cur epoch 20 loss CE:0.8012 mse:0.1893 consistent:1.4410
2026-03-09 14:44:08,163 - utils.logger2026-03-09-14.41.23 - INFO - saving the model at the end of epoch 20, iters 560
2026-03-09 14:44:08,912 - utils.logger2026-03-09-14.41.23 - INFO - End of training epoch 20 / 40 	 Time Taken: 3 sec
2026-03-09 14:44:08,913 - utils.logger2026-03-09-14.41.23 - INFO - learning rate = 0.0001905
2026-03-09 14:44:11,069 - utils.logger2026-03-09-14.41.23 - INFO - Val result of epoch 20 / 40 mae 1.0698 corr 0.4873 f1 0.7005
2026-03-09 14:44:13,165 - utils.logger2026-03-09-14.41.23 - INFO - Tst result of epoch 20 / 40 mae 1.1041 corr 0.4602 f1 0.6767
2026-03-09 14:44:15,065 - utils.logger2026-03-09-14.41.23 - INFO - Cur epoch 21 loss CE:1.1118 mse:0.2063 consistent:1.6727
2026-03-09 14:44:15,688 - utils.logger2026-03-09-14.41.23 - INFO - Cur epoch 21 loss CE:1.1622 mse:0.2121 consistent:1.6067
2026-03-09 14:44:16,378 - utils.logger2026-03-09-14.41.23 - INFO - saving the model at the end of epoch 21, iters 588
2026-03-09 14:44:17,060 - utils.logger2026-03-09-14.41.23 - INFO - End of training epoch 21 / 40 	 Time Taken: 3 sec
2026-03-09 14:44:17,060 - utils.logger2026-03-09-14.41.23 - INFO - learning rate = 0.0001810
2026-03-09 14:44:19,407 - utils.logger2026-03-09-14.41.23 - INFO - Val result of epoch 21 / 40 mae 1.1105 corr 0.4467 f1 0.6768
2026-03-09 14:44:21,450 - utils.logger2026-03-09-14.41.23 - INFO - Tst result of epoch 21 / 40 mae 1.1965 corr 0.3865 f1 0.6541
2026-03-09 14:44:22,766 - utils.logger2026-03-09-14.41.23 - INFO - Cur epoch 22 loss CE:0.8182 mse:0.1897 consistent:1.5494
2026-03-09 14:44:23,453 - utils.logger2026-03-09-14.41.23 - INFO - Cur epoch 22 loss CE:0.5353 mse:0.1632 consistent:1.3379
2026-03-09 14:44:24,169 - utils.logger2026-03-09-14.41.23 - INFO - Cur epoch 22 loss CE:0.7718 mse:0.2058 consistent:1.4635
2026-03-09 14:44:24,979 - utils.logger2026-03-09-14.41.23 - INFO - saving the model at the end of epoch 22, iters 616
2026-03-09 14:44:25,305 - utils.logger2026-03-09-14.41.23 - INFO - End of training epoch 22 / 40 	 Time Taken: 3 sec
2026-03-09 14:44:25,305 - utils.logger2026-03-09-14.41.23 - INFO - learning rate = 0.0001714
2026-03-09 14:44:27,452 - utils.logger2026-03-09-14.41.23 - INFO - Val result of epoch 22 / 40 mae 1.0818 corr 0.4887 f1 0.6887
2026-03-09 14:44:29,454 - utils.logger2026-03-09-14.41.23 - INFO - Tst result of epoch 22 / 40 mae 1.1233 corr 0.4187 f1 0.6556
2026-03-09 14:44:30,822 - utils.logger2026-03-09-14.41.23 - INFO - Cur epoch 23 loss CE:0.9626 mse:0.2341 consistent:1.6194
2026-03-09 14:44:31,491 - utils.logger2026-03-09-14.41.23 - INFO - Cur epoch 23 loss CE:1.2092 mse:0.1949 consistent:1.4214
2026-03-09 14:44:32,150 - utils.logger2026-03-09-14.41.23 - INFO - Cur epoch 23 loss CE:1.3405 mse:0.2015 consistent:1.4589
2026-03-09 14:44:32,590 - utils.logger2026-03-09-14.41.23 - INFO - saving the model at the end of epoch 23, iters 644
2026-03-09 14:44:33,148 - utils.logger2026-03-09-14.41.23 - INFO - End of training epoch 23 / 40 	 Time Taken: 3 sec
2026-03-09 14:44:33,148 - utils.logger2026-03-09-14.41.23 - INFO - learning rate = 0.0001619
2026-03-09 14:44:35,241 - utils.logger2026-03-09-14.41.23 - INFO - Val result of epoch 23 / 40 mae 1.0620 corr 0.5120 f1 0.7109
2026-03-09 14:44:37,190 - utils.logger2026-03-09-14.41.23 - INFO - Tst result of epoch 23 / 40 mae 1.1025 corr 0.4440 f1 0.6629
2026-03-09 14:44:38,650 - utils.logger2026-03-09-14.41.23 - INFO - Cur epoch 24 loss CE:0.9631 mse:0.2350 consistent:1.5835
2026-03-09 14:44:39,310 - utils.logger2026-03-09-14.41.23 - INFO - Cur epoch 24 loss CE:1.1590 mse:0.1975 consistent:1.3929
2026-03-09 14:44:39,937 - utils.logger2026-03-09-14.41.23 - INFO - Cur epoch 24 loss CE:0.8634 mse:0.1878 consistent:1.2703
2026-03-09 14:44:40,283 - utils.logger2026-03-09-14.41.23 - INFO - saving the model at the end of epoch 24, iters 672
2026-03-09 14:44:40,875 - utils.logger2026-03-09-14.41.23 - INFO - End of training epoch 24 / 40 	 Time Taken: 3 sec
2026-03-09 14:44:40,875 - utils.logger2026-03-09-14.41.23 - INFO - learning rate = 0.0001524
2026-03-09 14:44:42,819 - utils.logger2026-03-09-14.41.23 - INFO - Val result of epoch 24 / 40 mae 1.0608 corr 0.4873 f1 0.7024
2026-03-09 14:44:44,980 - utils.logger2026-03-09-14.41.23 - INFO - Tst result of epoch 24 / 40 mae 1.1464 corr 0.4146 f1 0.6605
2026-03-09 14:44:46,606 - utils.logger2026-03-09-14.41.23 - INFO - Cur epoch 25 loss CE:1.0861 mse:0.2204 consistent:1.4287
2026-03-09 14:44:47,338 - utils.logger2026-03-09-14.41.23 - INFO - Cur epoch 25 loss CE:1.0459 mse:0.1950 consistent:1.4787
2026-03-09 14:44:47,885 - utils.logger2026-03-09-14.41.23 - INFO - Cur epoch 25 loss CE:0.8759 mse:0.1781 consistent:1.3621
2026-03-09 14:44:48,114 - utils.logger2026-03-09-14.41.23 - INFO - saving the model at the end of epoch 25, iters 700
2026-03-09 14:44:48,922 - utils.logger2026-03-09-14.41.23 - INFO - End of training epoch 25 / 40 	 Time Taken: 3 sec
2026-03-09 14:44:48,922 - utils.logger2026-03-09-14.41.23 - INFO - learning rate = 0.0001429
2026-03-09 14:44:50,960 - utils.logger2026-03-09-14.41.23 - INFO - Val result of epoch 25 / 40 mae 1.0653 corr 0.4844 f1 0.6897
2026-03-09 14:44:52,893 - utils.logger2026-03-09-14.41.23 - INFO - Tst result of epoch 25 / 40 mae 1.1500 corr 0.4019 f1 0.6508
2026-03-09 14:44:54,684 - utils.logger2026-03-09-14.41.23 - INFO - Cur epoch 26 loss CE:0.7267 mse:0.2191 consistent:1.4693
2026-03-09 14:44:55,317 - utils.logger2026-03-09-14.41.23 - INFO - Cur epoch 26 loss CE:1.0325 mse:0.2223 consistent:1.4304
2026-03-09 14:44:55,942 - utils.logger2026-03-09-14.41.23 - INFO - saving the model at the end of epoch 26, iters 728
2026-03-09 14:44:56,471 - utils.logger2026-03-09-14.41.23 - INFO - End of training epoch 26 / 40 	 Time Taken: 3 sec
2026-03-09 14:44:56,472 - utils.logger2026-03-09-14.41.23 - INFO - learning rate = 0.0001333
2026-03-09 14:44:58,444 - utils.logger2026-03-09-14.41.23 - INFO - Val result of epoch 26 / 40 mae 1.0622 corr 0.4910 f1 0.6969
2026-03-09 14:45:00,324 - utils.logger2026-03-09-14.41.23 - INFO - Tst result of epoch 26 / 40 mae 1.1629 corr 0.4036 f1 0.6516
2026-03-09 14:45:01,193 - utils.logger2026-03-09-14.41.23 - INFO - Cur epoch 27 loss CE:0.8502 mse:0.2040 consistent:1.4568
2026-03-09 14:45:01,799 - utils.logger2026-03-09-14.41.23 - INFO - Cur epoch 27 loss CE:0.7956 mse:0.1987 consistent:1.2329
2026-03-09 14:45:02,373 - utils.logger2026-03-09-14.41.23 - INFO - Cur epoch 27 loss CE:0.8157 mse:0.2004 consistent:1.4904
2026-03-09 14:45:02,824 - utils.logger2026-03-09-14.41.23 - INFO - saving the model at the end of epoch 27, iters 756
2026-03-09 14:45:03,200 - utils.logger2026-03-09-14.41.23 - INFO - End of training epoch 27 / 40 	 Time Taken: 2 sec
2026-03-09 14:45:03,200 - utils.logger2026-03-09-14.41.23 - INFO - learning rate = 0.0001238
2026-03-09 14:45:05,455 - utils.logger2026-03-09-14.41.23 - INFO - Val result of epoch 27 / 40 mae 1.0688 corr 0.4756 f1 0.7052
2026-03-09 14:45:07,696 - utils.logger2026-03-09-14.41.23 - INFO - Tst result of epoch 27 / 40 mae 1.1524 corr 0.3893 f1 0.6576
2026-03-09 14:45:09,223 - utils.logger2026-03-09-14.41.23 - INFO - Cur epoch 28 loss CE:0.8053 mse:0.1941 consistent:1.4156
2026-03-09 14:45:10,004 - utils.logger2026-03-09-14.41.23 - INFO - Cur epoch 28 loss CE:0.9343 mse:0.1950 consistent:1.4588
2026-03-09 14:45:10,601 - utils.logger2026-03-09-14.41.23 - INFO - Cur epoch 28 loss CE:0.7462 mse:0.2102 consistent:1.3182
2026-03-09 14:45:11,059 - utils.logger2026-03-09-14.41.23 - INFO - saving the model at the end of epoch 28, iters 784
2026-03-09 14:45:11,676 - utils.logger2026-03-09-14.41.23 - INFO - End of training epoch 28 / 40 	 Time Taken: 3 sec
2026-03-09 14:45:11,677 - utils.logger2026-03-09-14.41.23 - INFO - learning rate = 0.0001143
2026-03-09 14:45:13,745 - utils.logger2026-03-09-14.41.23 - INFO - Val result of epoch 28 / 40 mae 1.0725 corr 0.4828 f1 0.6924
2026-03-09 14:45:15,762 - utils.logger2026-03-09-14.41.23 - INFO - Tst result of epoch 28 / 40 mae 1.2086 corr 0.3944 f1 0.6522
2026-03-09 14:45:17,258 - utils.logger2026-03-09-14.41.23 - INFO - Cur epoch 29 loss CE:0.5318 mse:0.1895 consistent:1.3297
2026-03-09 14:45:18,004 - utils.logger2026-03-09-14.41.23 - INFO - Cur epoch 29 loss CE:0.8965 mse:0.2777 consistent:1.6271
2026-03-09 14:45:18,697 - utils.logger2026-03-09-14.41.23 - INFO - Cur epoch 29 loss CE:1.1390 mse:0.1964 consistent:1.2776
2026-03-09 14:45:19,013 - utils.logger2026-03-09-14.41.23 - INFO - saving the model at the end of epoch 29, iters 812
2026-03-09 14:45:19,694 - utils.logger2026-03-09-14.41.23 - INFO - End of training epoch 29 / 40 	 Time Taken: 3 sec
2026-03-09 14:45:19,695 - utils.logger2026-03-09-14.41.23 - INFO - learning rate = 0.0001048
2026-03-09 14:45:21,798 - utils.logger2026-03-09-14.41.23 - INFO - Val result of epoch 29 / 40 mae 1.0752 corr 0.4791 f1 0.6964
2026-03-09 14:45:23,858 - utils.logger2026-03-09-14.41.23 - INFO - Tst result of epoch 29 / 40 mae 1.2100 corr 0.3839 f1 0.6486
2026-03-09 14:45:25,647 - utils.logger2026-03-09-14.41.23 - INFO - Cur epoch 30 loss CE:0.7641 mse:0.1855 consistent:1.2561
2026-03-09 14:45:26,319 - utils.logger2026-03-09-14.41.23 - INFO - Cur epoch 30 loss CE:0.8329 mse:0.2357 consistent:1.3781
2026-03-09 14:45:27,080 - utils.logger2026-03-09-14.41.23 - INFO - Cur epoch 30 loss CE:0.7874 mse:0.1543 consistent:1.0858
2026-03-09 14:45:27,233 - utils.logger2026-03-09-14.41.23 - INFO - saving the model at the end of epoch 30, iters 840
2026-03-09 14:45:27,859 - utils.logger2026-03-09-14.41.23 - INFO - End of training epoch 30 / 40 	 Time Taken: 4 sec
2026-03-09 14:45:27,859 - utils.logger2026-03-09-14.41.23 - INFO - learning rate = 0.0000952
2026-03-09 14:45:30,023 - utils.logger2026-03-09-14.41.23 - INFO - Val result of epoch 30 / 40 mae 1.0698 corr 0.4744 f1 0.6988
2026-03-09 14:45:32,094 - utils.logger2026-03-09-14.41.23 - INFO - Tst result of epoch 30 / 40 mae 1.1740 corr 0.3844 f1 0.6521
2026-03-09 14:45:33,897 - utils.logger2026-03-09-14.41.23 - INFO - Cur epoch 31 loss CE:0.9066 mse:0.2096 consistent:1.2677
2026-03-09 14:45:34,557 - utils.logger2026-03-09-14.41.23 - INFO - Cur epoch 31 loss CE:0.5702 mse:0.2024 consistent:1.3805
2026-03-09 14:45:35,329 - utils.logger2026-03-09-14.41.23 - INFO - saving the model at the end of epoch 31, iters 868
2026-03-09 14:45:35,973 - utils.logger2026-03-09-14.41.23 - INFO - End of training epoch 31 / 40 	 Time Taken: 3 sec
2026-03-09 14:45:35,973 - utils.logger2026-03-09-14.41.23 - INFO - learning rate = 0.0000857
2026-03-09 14:45:38,090 - utils.logger2026-03-09-14.41.23 - INFO - Val result of epoch 31 / 40 mae 1.0800 corr 0.4711 f1 0.7001
2026-03-09 14:45:40,339 - utils.logger2026-03-09-14.41.23 - INFO - Tst result of epoch 31 / 40 mae 1.1505 corr 0.3864 f1 0.6549
2026-03-09 14:45:41,611 - utils.logger2026-03-09-14.41.23 - INFO - Cur epoch 32 loss CE:0.7844 mse:0.2099 consistent:1.2944
2026-03-09 14:45:42,310 - utils.logger2026-03-09-14.41.23 - INFO - Cur epoch 32 loss CE:0.5010 mse:0.1794 consistent:1.2171
2026-03-09 14:45:42,964 - utils.logger2026-03-09-14.41.23 - INFO - Cur epoch 32 loss CE:0.6231 mse:0.1630 consistent:1.1937
2026-03-09 14:45:43,653 - utils.logger2026-03-09-14.41.23 - INFO - saving the model at the end of epoch 32, iters 896
2026-03-09 14:45:44,179 - utils.logger2026-03-09-14.41.23 - INFO - End of training epoch 32 / 40 	 Time Taken: 3 sec
2026-03-09 14:45:44,179 - utils.logger2026-03-09-14.41.23 - INFO - learning rate = 0.0000762
2026-03-09 14:45:46,298 - utils.logger2026-03-09-14.41.23 - INFO - Val result of epoch 32 / 40 mae 1.0669 corr 0.4717 f1 0.7045
2026-03-09 14:45:48,383 - utils.logger2026-03-09-14.41.23 - INFO - Tst result of epoch 32 / 40 mae 1.1600 corr 0.3830 f1 0.6575
2026-03-09 14:45:49,824 - utils.logger2026-03-09-14.41.23 - INFO - Cur epoch 33 loss CE:0.6246 mse:0.1873 consistent:1.3225
2026-03-09 14:45:50,531 - utils.logger2026-03-09-14.41.23 - INFO - Cur epoch 33 loss CE:0.7455 mse:0.1821 consistent:1.2018
2026-03-09 14:45:51,299 - utils.logger2026-03-09-14.41.23 - INFO - Cur epoch 33 loss CE:0.5037 mse:0.1970 consistent:1.1591
2026-03-09 14:45:51,742 - utils.logger2026-03-09-14.41.23 - INFO - saving the model at the end of epoch 33, iters 924
2026-03-09 14:45:52,464 - utils.logger2026-03-09-14.41.23 - INFO - End of training epoch 33 / 40 	 Time Taken: 4 sec
2026-03-09 14:45:52,464 - utils.logger2026-03-09-14.41.23 - INFO - learning rate = 0.0000667
2026-03-09 14:45:54,768 - utils.logger2026-03-09-14.41.23 - INFO - Val result of epoch 33 / 40 mae 1.0696 corr 0.4821 f1 0.7070
2026-03-09 14:45:57,263 - utils.logger2026-03-09-14.41.23 - INFO - Tst result of epoch 33 / 40 mae 1.1532 corr 0.3937 f1 0.6548
2026-03-09 14:45:58,836 - utils.logger2026-03-09-14.41.23 - INFO - Cur epoch 34 loss CE:0.7881 mse:0.2318 consistent:1.2824
2026-03-09 14:45:59,704 - utils.logger2026-03-09-14.41.23 - INFO - Cur epoch 34 loss CE:0.5637 mse:0.1946 consistent:1.2607
2026-03-09 14:46:00,391 - utils.logger2026-03-09-14.41.23 - INFO - Cur epoch 34 loss CE:0.4599 mse:0.1953 consistent:1.3257
2026-03-09 14:46:00,743 - utils.logger2026-03-09-14.41.23 - INFO - saving the model at the end of epoch 34, iters 952
2026-03-09 14:46:01,503 - utils.logger2026-03-09-14.41.23 - INFO - End of training epoch 34 / 40 	 Time Taken: 4 sec
2026-03-09 14:46:01,503 - utils.logger2026-03-09-14.41.23 - INFO - learning rate = 0.0000571
2026-03-09 14:46:03,669 - utils.logger2026-03-09-14.41.23 - INFO - Val result of epoch 34 / 40 mae 1.0690 corr 0.4713 f1 0.7032
2026-03-09 14:46:05,980 - utils.logger2026-03-09-14.41.23 - INFO - Tst result of epoch 34 / 40 mae 1.1762 corr 0.3837 f1 0.6600
2026-03-09 14:46:07,888 - utils.logger2026-03-09-14.41.23 - INFO - Cur epoch 35 loss CE:0.6621 mse:0.1829 consistent:1.1420
2026-03-09 14:46:08,582 - utils.logger2026-03-09-14.41.23 - INFO - Cur epoch 35 loss CE:0.5351 mse:0.1759 consistent:1.1687
2026-03-09 14:46:09,247 - utils.logger2026-03-09-14.41.23 - INFO - Cur epoch 35 loss CE:0.8775 mse:0.2398 consistent:1.3773
2026-03-09 14:46:09,403 - utils.logger2026-03-09-14.41.23 - INFO - saving the model at the end of epoch 35, iters 980
2026-03-09 14:46:09,966 - utils.logger2026-03-09-14.41.23 - INFO - End of training epoch 35 / 40 	 Time Taken: 3 sec
2026-03-09 14:46:09,967 - utils.logger2026-03-09-14.41.23 - INFO - learning rate = 0.0000476
2026-03-09 14:46:12,039 - utils.logger2026-03-09-14.41.23 - INFO - Val result of epoch 35 / 40 mae 1.0743 corr 0.4716 f1 0.7044
2026-03-09 14:46:14,109 - utils.logger2026-03-09-14.41.23 - INFO - Tst result of epoch 35 / 40 mae 1.1805 corr 0.3708 f1 0.6506
2026-03-09 14:46:15,965 - utils.logger2026-03-09-14.41.23 - INFO - Cur epoch 36 loss CE:0.6358 mse:0.1668 consistent:1.1519
2026-03-09 14:46:16,753 - utils.logger2026-03-09-14.41.23 - INFO - Cur epoch 36 loss CE:0.7217 mse:0.2057 consistent:1.2582
2026-03-09 14:46:17,362 - utils.logger2026-03-09-14.41.23 - INFO - saving the model at the end of epoch 36, iters 1008
2026-03-09 14:46:17,927 - utils.logger2026-03-09-14.41.23 - INFO - End of training epoch 36 / 40 	 Time Taken: 3 sec
2026-03-09 14:46:17,927 - utils.logger2026-03-09-14.41.23 - INFO - learning rate = 0.0000381
2026-03-09 14:46:19,565 - utils.logger2026-03-09-14.41.23 - INFO - Val result of epoch 36 / 40 mae 1.0830 corr 0.4642 f1 0.6975
2026-03-09 14:46:21,895 - utils.logger2026-03-09-14.41.23 - INFO - Tst result of epoch 36 / 40 mae 1.1782 corr 0.3659 f1 0.6493
2026-03-09 14:46:23,235 - utils.logger2026-03-09-14.41.23 - INFO - Cur epoch 37 loss CE:0.8608 mse:0.1972 consistent:1.1928
2026-03-09 14:46:23,982 - utils.logger2026-03-09-14.41.23 - INFO - Cur epoch 37 loss CE:0.5270 mse:0.1813 consistent:1.1717
2026-03-09 14:46:24,674 - utils.logger2026-03-09-14.41.23 - INFO - Cur epoch 37 loss CE:0.5595 mse:0.1989 consistent:1.2480
2026-03-09 14:46:25,313 - utils.logger2026-03-09-14.41.23 - INFO - saving the model at the end of epoch 37, iters 1036
2026-03-09 14:46:25,931 - utils.logger2026-03-09-14.41.23 - INFO - End of training epoch 37 / 40 	 Time Taken: 4 sec
2026-03-09 14:46:25,931 - utils.logger2026-03-09-14.41.23 - INFO - learning rate = 0.0000286
2026-03-09 14:46:28,206 - utils.logger2026-03-09-14.41.23 - INFO - Val result of epoch 37 / 40 mae 1.0766 corr 0.4654 f1 0.6990
2026-03-09 14:46:30,634 - utils.logger2026-03-09-14.41.23 - INFO - Tst result of epoch 37 / 40 mae 1.1830 corr 0.3682 f1 0.6562
2026-03-09 14:46:32,133 - utils.logger2026-03-09-14.41.23 - INFO - Cur epoch 38 loss CE:0.6364 mse:0.1894 consistent:1.3137
2026-03-09 14:46:32,807 - utils.logger2026-03-09-14.41.23 - INFO - Cur epoch 38 loss CE:0.4120 mse:0.1736 consistent:1.2742
2026-03-09 14:46:33,453 - utils.logger2026-03-09-14.41.23 - INFO - Cur epoch 38 loss CE:0.7283 mse:0.2019 consistent:1.3465
2026-03-09 14:46:33,850 - utils.logger2026-03-09-14.41.23 - INFO - saving the model at the end of epoch 38, iters 1064
2026-03-09 14:46:34,592 - utils.logger2026-03-09-14.41.23 - INFO - End of training epoch 38 / 40 	 Time Taken: 3 sec
2026-03-09 14:46:34,592 - utils.logger2026-03-09-14.41.23 - INFO - learning rate = 0.0000190
2026-03-09 14:46:36,701 - utils.logger2026-03-09-14.41.23 - INFO - Val result of epoch 38 / 40 mae 1.0750 corr 0.4671 f1 0.6990
2026-03-09 14:46:38,962 - utils.logger2026-03-09-14.41.23 - INFO - Tst result of epoch 38 / 40 mae 1.1757 corr 0.3711 f1 0.6535
2026-03-09 14:46:40,518 - utils.logger2026-03-09-14.41.23 - INFO - Cur epoch 39 loss CE:0.5264 mse:0.1834 consistent:1.1936
2026-03-09 14:46:41,190 - utils.logger2026-03-09-14.41.23 - INFO - Cur epoch 39 loss CE:0.9106 mse:0.1827 consistent:1.2095
2026-03-09 14:46:41,857 - utils.logger2026-03-09-14.41.23 - INFO - Cur epoch 39 loss CE:0.6264 mse:0.1773 consistent:1.2249
2026-03-09 14:46:42,148 - utils.logger2026-03-09-14.41.23 - INFO - saving the model at the end of epoch 39, iters 1092
2026-03-09 14:46:42,868 - utils.logger2026-03-09-14.41.23 - INFO - End of training epoch 39 / 40 	 Time Taken: 3 sec
2026-03-09 14:46:42,868 - utils.logger2026-03-09-14.41.23 - INFO - learning rate = 0.0000095
2026-03-09 14:46:44,936 - utils.logger2026-03-09-14.41.23 - INFO - Val result of epoch 39 / 40 mae 1.0760 corr 0.4687 f1 0.6990
2026-03-09 14:46:47,262 - utils.logger2026-03-09-14.41.23 - INFO - Tst result of epoch 39 / 40 mae 1.1741 corr 0.3720 f1 0.6520
2026-03-09 14:46:49,279 - utils.logger2026-03-09-14.41.23 - INFO - Cur epoch 40 loss CE:0.4097 mse:0.1671 consistent:1.1325
2026-03-09 14:46:50,165 - utils.logger2026-03-09-14.41.23 - INFO - Cur epoch 40 loss CE:0.5063 mse:0.1594 consistent:1.1043
2026-03-09 14:46:50,849 - utils.logger2026-03-09-14.41.23 - INFO - Cur epoch 40 loss CE:0.4881 mse:0.1737 consistent:1.3561
2026-03-09 14:46:51,040 - utils.logger2026-03-09-14.41.23 - INFO - saving the model at the end of epoch 40, iters 1120
2026-03-09 14:46:51,714 - utils.logger2026-03-09-14.41.23 - INFO - End of training epoch 40 / 40 	 Time Taken: 4 sec
2026-03-09 14:46:51,714 - utils.logger2026-03-09-14.41.23 - INFO - learning rate = 0.0000000
2026-03-09 14:46:53,689 - utils.logger2026-03-09-14.41.23 - INFO - Val result of epoch 40 / 40 mae 1.0758 corr 0.4689 f1 0.7044
2026-03-09 14:46:55,729 - utils.logger2026-03-09-14.41.23 - INFO - Tst result of epoch 40 / 40 mae 1.1748 corr 0.3711 f1 0.6573
2026-03-09 14:46:55,729 - utils.logger2026-03-09-14.41.23 - INFO - Best eval epoch 14 found with MAE 1.075617
2026-03-09 14:46:55,729 - utils.logger2026-03-09-14.41.23 - INFO - Loading best model found on val set: epoch-14
2026-03-09 14:46:59,817 - utils.logger2026-03-09-14.41.23 - INFO - Tst result mae 1.0756 corr 0.5150 f1 0.6525
