2026-03-09 19:58:42,382 - utils.logger2026-03-09-19.58.38 - INFO - The number of training samples = 1750
2026-03-09 19:58:42,382 - utils.logger2026-03-09-19.58.38 - INFO - The number of testing samples = 1344
2026-03-09 19:58:44,288 - utils.logger2026-03-09-19.58.38 - INFO - Cur epoch 1 loss CE:2.0042 mse:1.6486 consistent:3.5639
2026-03-09 19:58:44,721 - utils.logger2026-03-09-19.58.38 - INFO - Cur epoch 1 loss CE:1.8014 mse:0.9841 consistent:3.4091
2026-03-09 19:58:45,210 - utils.logger2026-03-09-19.58.38 - INFO - saving the model at the end of epoch 1, iters 28
2026-03-09 19:58:45,596 - utils.logger2026-03-09-19.58.38 - INFO - End of training epoch 1 / 40 	 Time Taken: 2 sec
2026-03-09 19:58:45,596 - utils.logger2026-03-09-19.58.38 - INFO - learning rate = 0.0002000
2026-03-09 19:58:46,712 - utils.logger2026-03-09-19.58.38 - INFO - Val result of epoch 1 / 40 mae 1.1619 corr 0.4587 f1 0.6659
2026-03-09 19:58:47,801 - utils.logger2026-03-09-19.58.38 - INFO - Tst result of epoch 1 / 40 mae 1.1759 corr 0.4750 f1 0.6463
2026-03-09 19:58:48,426 - utils.logger2026-03-09-19.58.38 - INFO - Cur epoch 2 loss CE:2.2718 mse:0.7032 consistent:2.9469
2026-03-09 19:58:48,884 - utils.logger2026-03-09-19.58.38 - INFO - Cur epoch 2 loss CE:2.1571 mse:0.6237 consistent:3.1006
2026-03-09 19:58:49,390 - utils.logger2026-03-09-19.58.38 - INFO - Cur epoch 2 loss CE:1.6070 mse:0.5635 consistent:2.9221
2026-03-09 19:58:49,712 - utils.logger2026-03-09-19.58.38 - INFO - saving the model at the end of epoch 2, iters 56
2026-03-09 19:58:50,009 - utils.logger2026-03-09-19.58.38 - INFO - End of training epoch 2 / 40 	 Time Taken: 2 sec
2026-03-09 19:58:50,009 - utils.logger2026-03-09-19.58.38 - INFO - learning rate = 0.0002000
2026-03-09 19:58:51,116 - utils.logger2026-03-09-19.58.38 - INFO - Val result of epoch 2 / 40 mae 1.1420 corr 0.4789 f1 0.6585
2026-03-09 19:58:52,154 - utils.logger2026-03-09-19.58.38 - INFO - Tst result of epoch 2 / 40 mae 1.1021 corr 0.5079 f1 0.6728
2026-03-09 19:58:52,795 - utils.logger2026-03-09-19.58.38 - INFO - Cur epoch 3 loss CE:1.1570 mse:0.4844 consistent:2.8672
2026-03-09 19:58:53,304 - utils.logger2026-03-09-19.58.38 - INFO - Cur epoch 3 loss CE:1.8345 mse:0.4222 consistent:2.7393
2026-03-09 19:58:53,734 - utils.logger2026-03-09-19.58.38 - INFO - Cur epoch 3 loss CE:1.6642 mse:0.8562 consistent:2.9233
2026-03-09 19:58:54,020 - utils.logger2026-03-09-19.58.38 - INFO - saving the model at the end of epoch 3, iters 84
2026-03-09 19:58:54,286 - utils.logger2026-03-09-19.58.38 - INFO - End of training epoch 3 / 40 	 Time Taken: 2 sec
2026-03-09 19:58:54,286 - utils.logger2026-03-09-19.58.38 - INFO - learning rate = 0.0002000
2026-03-09 19:58:55,392 - utils.logger2026-03-09-19.58.38 - INFO - Val result of epoch 3 / 40 mae 1.1288 corr 0.4803 f1 0.6867
2026-03-09 19:58:56,470 - utils.logger2026-03-09-19.58.38 - INFO - Tst result of epoch 3 / 40 mae 1.1134 corr 0.4990 f1 0.6319
2026-03-09 19:58:57,273 - utils.logger2026-03-09-19.58.38 - INFO - Cur epoch 4 loss CE:1.2824 mse:0.4175 consistent:2.8121
2026-03-09 19:58:57,714 - utils.logger2026-03-09-19.58.38 - INFO - Cur epoch 4 loss CE:2.2161 mse:0.4611 consistent:2.7281
2026-03-09 19:58:58,204 - utils.logger2026-03-09-19.58.38 - INFO - Cur epoch 4 loss CE:1.7234 mse:0.5120 consistent:2.8580
2026-03-09 19:58:58,359 - utils.logger2026-03-09-19.58.38 - INFO - saving the model at the end of epoch 4, iters 112
2026-03-09 19:58:58,731 - utils.logger2026-03-09-19.58.38 - INFO - End of training epoch 4 / 40 	 Time Taken: 2 sec
2026-03-09 19:58:58,731 - utils.logger2026-03-09-19.58.38 - INFO - learning rate = 0.0002000
2026-03-09 19:58:59,799 - utils.logger2026-03-09-19.58.38 - INFO - Val result of epoch 4 / 40 mae 1.1338 corr 0.4834 f1 0.6689
2026-03-09 19:59:00,826 - utils.logger2026-03-09-19.58.38 - INFO - Tst result of epoch 4 / 40 mae 1.1410 corr 0.4929 f1 0.6436
2026-03-09 19:59:01,822 - utils.logger2026-03-09-19.58.38 - INFO - Cur epoch 5 loss CE:1.5406 mse:0.3919 consistent:2.6500
2026-03-09 19:59:02,270 - utils.logger2026-03-09-19.58.38 - INFO - Cur epoch 5 loss CE:1.3666 mse:0.3688 consistent:2.4475
2026-03-09 19:59:02,785 - utils.logger2026-03-09-19.58.38 - INFO - Cur epoch 5 loss CE:1.5847 mse:0.4179 consistent:2.5532
2026-03-09 19:59:02,876 - utils.logger2026-03-09-19.58.38 - INFO - saving the model at the end of epoch 5, iters 140
2026-03-09 19:59:03,239 - utils.logger2026-03-09-19.58.38 - INFO - End of training epoch 5 / 40 	 Time Taken: 2 sec
2026-03-09 19:59:03,239 - utils.logger2026-03-09-19.58.38 - INFO - learning rate = 0.0002000
2026-03-09 19:59:04,376 - utils.logger2026-03-09-19.58.38 - INFO - Val result of epoch 5 / 40 mae 1.1207 corr 0.4780 f1 0.6755
2026-03-09 19:59:05,463 - utils.logger2026-03-09-19.58.38 - INFO - Tst result of epoch 5 / 40 mae 1.1058 corr 0.5066 f1 0.6658
2026-03-09 19:59:06,387 - utils.logger2026-03-09-19.58.38 - INFO - Cur epoch 6 loss CE:1.3938 mse:0.4517 consistent:2.4420
2026-03-09 19:59:06,900 - utils.logger2026-03-09-19.58.38 - INFO - Cur epoch 6 loss CE:2.1242 mse:0.4291 consistent:2.4181
2026-03-09 19:59:07,288 - utils.logger2026-03-09-19.58.38 - INFO - saving the model at the end of epoch 6, iters 168
2026-03-09 19:59:07,622 - utils.logger2026-03-09-19.58.38 - INFO - End of training epoch 6 / 40 	 Time Taken: 2 sec
2026-03-09 19:59:07,622 - utils.logger2026-03-09-19.58.38 - INFO - learning rate = 0.0002000
2026-03-09 19:59:08,745 - utils.logger2026-03-09-19.58.38 - INFO - Val result of epoch 6 / 40 mae 1.0927 corr 0.4874 f1 0.6776
2026-03-09 19:59:09,872 - utils.logger2026-03-09-19.58.38 - INFO - Tst result of epoch 6 / 40 mae 1.1000 corr 0.4993 f1 0.6512
2026-03-09 19:59:10,470 - utils.logger2026-03-09-19.58.38 - INFO - Cur epoch 7 loss CE:1.3074 mse:0.3671 consistent:2.3346
2026-03-09 19:59:10,891 - utils.logger2026-03-09-19.58.38 - INFO - Cur epoch 7 loss CE:1.8701 mse:0.4158 consistent:2.2864
2026-03-09 19:59:11,403 - utils.logger2026-03-09-19.58.38 - INFO - Cur epoch 7 loss CE:1.4619 mse:0.3854 consistent:2.3475
2026-03-09 19:59:11,728 - utils.logger2026-03-09-19.58.38 - INFO - saving the model at the end of epoch 7, iters 196
2026-03-09 19:59:12,045 - utils.logger2026-03-09-19.58.38 - INFO - End of training epoch 7 / 40 	 Time Taken: 2 sec
2026-03-09 19:59:12,045 - utils.logger2026-03-09-19.58.38 - INFO - learning rate = 0.0002000
2026-03-09 19:59:13,130 - utils.logger2026-03-09-19.58.38 - INFO - Val result of epoch 7 / 40 mae 1.0922 corr 0.4822 f1 0.7035
2026-03-09 19:59:14,189 - utils.logger2026-03-09-19.58.38 - INFO - Tst result of epoch 7 / 40 mae 1.1177 corr 0.4994 f1 0.6428
2026-03-09 19:59:14,874 - utils.logger2026-03-09-19.58.38 - INFO - Cur epoch 8 loss CE:1.5383 mse:0.4116 consistent:2.4775
2026-03-09 19:59:15,323 - utils.logger2026-03-09-19.58.38 - INFO - Cur epoch 8 loss CE:1.8700 mse:0.4782 consistent:2.4144
2026-03-09 19:59:15,815 - utils.logger2026-03-09-19.58.38 - INFO - Cur epoch 8 loss CE:2.1966 mse:0.5082 consistent:2.3429
2026-03-09 19:59:16,057 - utils.logger2026-03-09-19.58.38 - INFO - saving the model at the end of epoch 8, iters 224
2026-03-09 19:59:16,390 - utils.logger2026-03-09-19.58.38 - INFO - End of training epoch 8 / 40 	 Time Taken: 2 sec
2026-03-09 19:59:16,390 - utils.logger2026-03-09-19.58.38 - INFO - learning rate = 0.0002000
2026-03-09 19:59:17,590 - utils.logger2026-03-09-19.58.38 - INFO - Val result of epoch 8 / 40 mae 1.1587 corr 0.4741 f1 0.6926
2026-03-09 19:59:18,792 - utils.logger2026-03-09-19.58.38 - INFO - Tst result of epoch 8 / 40 mae 1.1424 corr 0.4845 f1 0.6434
2026-03-09 19:59:19,649 - utils.logger2026-03-09-19.58.38 - INFO - Cur epoch 9 loss CE:1.5641 mse:0.4098 consistent:2.2518
2026-03-09 19:59:20,154 - utils.logger2026-03-09-19.58.38 - INFO - Cur epoch 9 loss CE:1.2776 mse:0.6313 consistent:2.2995
2026-03-09 19:59:20,652 - utils.logger2026-03-09-19.58.38 - INFO - Cur epoch 9 loss CE:1.9484 mse:0.4464 consistent:2.4172
2026-03-09 19:59:20,807 - utils.logger2026-03-09-19.58.38 - INFO - saving the model at the end of epoch 9, iters 252
2026-03-09 19:59:21,115 - utils.logger2026-03-09-19.58.38 - INFO - End of training epoch 9 / 40 	 Time Taken: 2 sec
2026-03-09 19:59:21,116 - utils.logger2026-03-09-19.58.38 - INFO - learning rate = 0.0002000
2026-03-09 19:59:22,154 - utils.logger2026-03-09-19.58.38 - INFO - Val result of epoch 9 / 40 mae 1.0855 corr 0.4892 f1 0.6838
2026-03-09 19:59:23,248 - utils.logger2026-03-09-19.58.38 - INFO - Tst result of epoch 9 / 40 mae 1.0891 corr 0.5006 f1 0.6671
2026-03-09 19:59:24,216 - utils.logger2026-03-09-19.58.38 - INFO - Cur epoch 10 loss CE:1.4977 mse:0.3707 consistent:2.2195
2026-03-09 19:59:24,639 - utils.logger2026-03-09-19.58.38 - INFO - Cur epoch 10 loss CE:1.5853 mse:0.4150 consistent:2.1139
2026-03-09 19:59:25,129 - utils.logger2026-03-09-19.58.38 - INFO - Cur epoch 10 loss CE:2.0736 mse:0.4632 consistent:2.2019
2026-03-09 19:59:25,196 - utils.logger2026-03-09-19.58.38 - INFO - saving the model at the end of epoch 10, iters 280
2026-03-09 19:59:25,564 - utils.logger2026-03-09-19.58.38 - INFO - End of training epoch 10 / 40 	 Time Taken: 2 sec
2026-03-09 19:59:25,564 - utils.logger2026-03-09-19.58.38 - INFO - learning rate = 0.0002000
2026-03-09 19:59:26,598 - utils.logger2026-03-09-19.58.38 - INFO - Val result of epoch 10 / 40 mae 1.1297 corr 0.4792 f1 0.6737
2026-03-09 19:59:27,670 - utils.logger2026-03-09-19.58.38 - INFO - Tst result of epoch 10 / 40 mae 1.1117 corr 0.4823 f1 0.6324
2026-03-09 19:59:28,654 - utils.logger2026-03-09-19.58.38 - INFO - Cur epoch 11 loss CE:1.4811 mse:0.3872 consistent:2.0271
2026-03-09 19:59:29,115 - utils.logger2026-03-09-19.58.38 - INFO - Cur epoch 11 loss CE:1.9359 mse:0.4743 consistent:2.1331
2026-03-09 19:59:29,575 - utils.logger2026-03-09-19.58.38 - INFO - saving the model at the end of epoch 11, iters 308
2026-03-09 19:59:29,937 - utils.logger2026-03-09-19.58.38 - INFO - End of training epoch 11 / 40 	 Time Taken: 2 sec
2026-03-09 19:59:29,937 - utils.logger2026-03-09-19.58.38 - INFO - learning rate = 0.0002000
2026-03-09 19:59:31,003 - utils.logger2026-03-09-19.58.38 - INFO - Val result of epoch 11 / 40 mae 1.0854 corr 0.4890 f1 0.6667
2026-03-09 19:59:32,122 - utils.logger2026-03-09-19.58.38 - INFO - Tst result of epoch 11 / 40 mae 1.0727 corr 0.5060 f1 0.6772
2026-03-09 19:59:32,699 - utils.logger2026-03-09-19.58.38 - INFO - Cur epoch 12 loss CE:1.9253 mse:0.4439 consistent:2.2517
2026-03-09 19:59:33,134 - utils.logger2026-03-09-19.58.38 - INFO - Cur epoch 12 loss CE:1.8818 mse:0.4487 consistent:2.0736
2026-03-09 19:59:33,640 - utils.logger2026-03-09-19.58.38 - INFO - Cur epoch 12 loss CE:1.3873 mse:0.3726 consistent:2.0436
2026-03-09 19:59:33,944 - utils.logger2026-03-09-19.58.38 - INFO - saving the model at the end of epoch 12, iters 336
2026-03-09 19:59:34,263 - utils.logger2026-03-09-19.58.38 - INFO - End of training epoch 12 / 40 	 Time Taken: 2 sec
2026-03-09 19:59:34,263 - utils.logger2026-03-09-19.58.38 - INFO - learning rate = 0.0002000
2026-03-09 19:59:35,327 - utils.logger2026-03-09-19.58.38 - INFO - Val result of epoch 12 / 40 mae 1.0873 corr 0.4940 f1 0.6997
2026-03-09 19:59:36,414 - utils.logger2026-03-09-19.58.38 - INFO - Tst result of epoch 12 / 40 mae 1.0760 corr 0.5066 f1 0.6481
2026-03-09 19:59:37,110 - utils.logger2026-03-09-19.58.38 - INFO - Cur epoch 13 loss CE:1.5420 mse:0.4731 consistent:2.0076
2026-03-09 19:59:37,588 - utils.logger2026-03-09-19.58.38 - INFO - Cur epoch 13 loss CE:1.3144 mse:0.4415 consistent:2.1019
2026-03-09 19:59:38,058 - utils.logger2026-03-09-19.58.38 - INFO - Cur epoch 13 loss CE:1.7518 mse:0.4873 consistent:2.0654
2026-03-09 19:59:38,306 - utils.logger2026-03-09-19.58.38 - INFO - saving the model at the end of epoch 13, iters 364
2026-03-09 19:59:38,587 - utils.logger2026-03-09-19.58.38 - INFO - End of training epoch 13 / 40 	 Time Taken: 2 sec
2026-03-09 19:59:38,587 - utils.logger2026-03-09-19.58.38 - INFO - learning rate = 0.0002000
2026-03-09 19:59:39,698 - utils.logger2026-03-09-19.58.38 - INFO - Val result of epoch 13 / 40 mae 1.0928 corr 0.4828 f1 0.6549
2026-03-09 19:59:40,776 - utils.logger2026-03-09-19.58.38 - INFO - Tst result of epoch 13 / 40 mae 1.1164 corr 0.4668 f1 0.6647
2026-03-09 19:59:41,517 - utils.logger2026-03-09-19.58.38 - INFO - Cur epoch 14 loss CE:1.5661 mse:0.4363 consistent:1.9225
2026-03-09 19:59:41,997 - utils.logger2026-03-09-19.58.38 - INFO - Cur epoch 14 loss CE:1.5538 mse:0.4452 consistent:2.0506
2026-03-09 19:59:42,449 - utils.logger2026-03-09-19.58.38 - INFO - Cur epoch 14 loss CE:1.3546 mse:0.3996 consistent:1.8696
2026-03-09 19:59:42,591 - utils.logger2026-03-09-19.58.38 - INFO - saving the model at the end of epoch 14, iters 392
2026-03-09 19:59:42,932 - utils.logger2026-03-09-19.58.38 - INFO - End of training epoch 14 / 40 	 Time Taken: 2 sec
2026-03-09 19:59:42,932 - utils.logger2026-03-09-19.58.38 - INFO - learning rate = 0.0002000
2026-03-09 19:59:44,001 - utils.logger2026-03-09-19.58.38 - INFO - Val result of epoch 14 / 40 mae 1.0727 corr 0.5035 f1 0.7059
2026-03-09 19:59:45,078 - utils.logger2026-03-09-19.58.38 - INFO - Tst result of epoch 14 / 40 mae 1.1006 corr 0.4808 f1 0.6643
2026-03-09 19:59:45,939 - utils.logger2026-03-09-19.58.38 - INFO - Cur epoch 15 loss CE:1.3625 mse:0.4453 consistent:1.9987
2026-03-09 19:59:46,402 - utils.logger2026-03-09-19.58.38 - INFO - Cur epoch 15 loss CE:1.7569 mse:0.4771 consistent:2.0816
2026-03-09 19:59:46,859 - utils.logger2026-03-09-19.58.38 - INFO - Cur epoch 15 loss CE:1.5809 mse:0.4359 consistent:2.0070
2026-03-09 19:59:46,923 - utils.logger2026-03-09-19.58.38 - INFO - saving the model at the end of epoch 15, iters 420
2026-03-09 19:59:47,289 - utils.logger2026-03-09-19.58.38 - INFO - End of training epoch 15 / 40 	 Time Taken: 2 sec
2026-03-09 19:59:47,289 - utils.logger2026-03-09-19.58.38 - INFO - learning rate = 0.0002000
2026-03-09 19:59:48,367 - utils.logger2026-03-09-19.58.38 - INFO - Val result of epoch 15 / 40 mae 1.0547 corr 0.5125 f1 0.6907
2026-03-09 19:59:49,445 - utils.logger2026-03-09-19.58.38 - INFO - Tst result of epoch 15 / 40 mae 1.1017 corr 0.4770 f1 0.6504
2026-03-09 19:59:50,419 - utils.logger2026-03-09-19.58.38 - INFO - Cur epoch 16 loss CE:1.1359 mse:0.3785 consistent:1.8304
2026-03-09 19:59:50,914 - utils.logger2026-03-09-19.58.38 - INFO - Cur epoch 16 loss CE:1.6041 mse:0.4306 consistent:1.7342
2026-03-09 19:59:51,345 - utils.logger2026-03-09-19.58.38 - INFO - saving the model at the end of epoch 16, iters 448
2026-03-09 19:59:51,693 - utils.logger2026-03-09-19.58.38 - INFO - End of training epoch 16 / 40 	 Time Taken: 2 sec
2026-03-09 19:59:51,693 - utils.logger2026-03-09-19.58.38 - INFO - learning rate = 0.0002000
2026-03-09 19:59:52,789 - utils.logger2026-03-09-19.58.38 - INFO - Val result of epoch 16 / 40 mae 1.0654 corr 0.5215 f1 0.7000
2026-03-09 19:59:53,948 - utils.logger2026-03-09-19.58.38 - INFO - Tst result of epoch 16 / 40 mae 1.0997 corr 0.4792 f1 0.6478
2026-03-09 19:59:54,601 - utils.logger2026-03-09-19.58.38 - INFO - Cur epoch 17 loss CE:1.1237 mse:0.3882 consistent:1.7569
2026-03-09 19:59:55,116 - utils.logger2026-03-09-19.58.38 - INFO - Cur epoch 17 loss CE:1.6699 mse:0.5264 consistent:1.9995
2026-03-09 19:59:55,525 - utils.logger2026-03-09-19.58.38 - INFO - Cur epoch 17 loss CE:1.1809 mse:0.4058 consistent:1.8724
2026-03-09 19:59:55,908 - utils.logger2026-03-09-19.58.38 - INFO - saving the model at the end of epoch 17, iters 476
2026-03-09 19:59:56,252 - utils.logger2026-03-09-19.58.38 - INFO - End of training epoch 17 / 40 	 Time Taken: 2 sec
2026-03-09 19:59:56,252 - utils.logger2026-03-09-19.58.38 - INFO - learning rate = 0.0002000
2026-03-09 19:59:57,379 - utils.logger2026-03-09-19.58.38 - INFO - Val result of epoch 17 / 40 mae 1.0549 corr 0.5242 f1 0.7106
2026-03-09 19:59:58,481 - utils.logger2026-03-09-19.58.38 - INFO - Tst result of epoch 17 / 40 mae 1.1003 corr 0.4635 f1 0.6460
2026-03-09 19:59:59,209 - utils.logger2026-03-09-19.58.38 - INFO - Cur epoch 18 loss CE:1.1502 mse:0.4246 consistent:1.7341
2026-03-09 19:59:59,654 - utils.logger2026-03-09-19.58.38 - INFO - Cur epoch 18 loss CE:1.3292 mse:0.4127 consistent:1.8173
2026-03-09 20:00:00,162 - utils.logger2026-03-09-19.58.38 - INFO - Cur epoch 18 loss CE:1.0610 mse:0.3802 consistent:1.5348
2026-03-09 20:00:00,386 - utils.logger2026-03-09-19.58.38 - INFO - saving the model at the end of epoch 18, iters 504
2026-03-09 20:00:00,737 - utils.logger2026-03-09-19.58.38 - INFO - End of training epoch 18 / 40 	 Time Taken: 2 sec
2026-03-09 20:00:00,738 - utils.logger2026-03-09-19.58.38 - INFO - learning rate = 0.0002000
2026-03-09 20:00:01,872 - utils.logger2026-03-09-19.58.38 - INFO - Val result of epoch 18 / 40 mae 1.0408 corr 0.5334 f1 0.7041
2026-03-09 20:00:03,057 - utils.logger2026-03-09-19.58.38 - INFO - Tst result of epoch 18 / 40 mae 1.1349 corr 0.4611 f1 0.6551
2026-03-09 20:00:03,816 - utils.logger2026-03-09-19.58.38 - INFO - Cur epoch 19 loss CE:1.0463 mse:0.3080 consistent:1.4766
2026-03-09 20:00:04,330 - utils.logger2026-03-09-19.58.38 - INFO - Cur epoch 19 loss CE:1.4854 mse:0.3946 consistent:1.7567
2026-03-09 20:00:04,747 - utils.logger2026-03-09-19.58.38 - INFO - Cur epoch 19 loss CE:1.3309 mse:0.4021 consistent:1.6463
2026-03-09 20:00:04,909 - utils.logger2026-03-09-19.58.38 - INFO - saving the model at the end of epoch 19, iters 532
2026-03-09 20:00:05,306 - utils.logger2026-03-09-19.58.38 - INFO - End of training epoch 19 / 40 	 Time Taken: 2 sec
2026-03-09 20:00:05,306 - utils.logger2026-03-09-19.58.38 - INFO - learning rate = 0.0002000
2026-03-09 20:00:06,525 - utils.logger2026-03-09-19.58.38 - INFO - Val result of epoch 19 / 40 mae 1.1939 corr 0.5090 f1 0.6685
2026-03-09 20:00:07,748 - utils.logger2026-03-09-19.58.38 - INFO - Tst result of epoch 19 / 40 mae 1.1783 corr 0.4219 f1 0.6633
2026-03-09 20:00:08,625 - utils.logger2026-03-09-19.58.38 - INFO - Cur epoch 20 loss CE:1.2125 mse:0.3647 consistent:1.7222
2026-03-09 20:00:09,156 - utils.logger2026-03-09-19.58.38 - INFO - Cur epoch 20 loss CE:1.0503 mse:0.3660 consistent:1.6753
2026-03-09 20:00:09,576 - utils.logger2026-03-09-19.58.38 - INFO - Cur epoch 20 loss CE:0.5410 mse:0.2884 consistent:1.5482
2026-03-09 20:00:09,672 - utils.logger2026-03-09-19.58.38 - INFO - saving the model at the end of epoch 20, iters 560
2026-03-09 20:00:09,938 - utils.logger2026-03-09-19.58.38 - INFO - End of training epoch 20 / 40 	 Time Taken: 2 sec
2026-03-09 20:00:09,938 - utils.logger2026-03-09-19.58.38 - INFO - learning rate = 0.0001905
2026-03-09 20:00:11,133 - utils.logger2026-03-09-19.58.38 - INFO - Val result of epoch 20 / 40 mae 1.1368 corr 0.4661 f1 0.6884
2026-03-09 20:00:12,354 - utils.logger2026-03-09-19.58.38 - INFO - Tst result of epoch 20 / 40 mae 1.1574 corr 0.3935 f1 0.6534
2026-03-09 20:00:13,399 - utils.logger2026-03-09-19.58.38 - INFO - Cur epoch 21 loss CE:1.3245 mse:0.4246 consistent:1.6127
2026-03-09 20:00:13,920 - utils.logger2026-03-09-19.58.38 - INFO - Cur epoch 21 loss CE:1.0162 mse:0.3224 consistent:1.4378
2026-03-09 20:00:14,378 - utils.logger2026-03-09-19.58.38 - INFO - saving the model at the end of epoch 21, iters 588
2026-03-09 20:00:14,633 - utils.logger2026-03-09-19.58.38 - INFO - End of training epoch 21 / 40 	 Time Taken: 2 sec
2026-03-09 20:00:14,634 - utils.logger2026-03-09-19.58.38 - INFO - learning rate = 0.0001810
2026-03-09 20:00:15,823 - utils.logger2026-03-09-19.58.38 - INFO - Val result of epoch 21 / 40 mae 1.1319 corr 0.5062 f1 0.6954
2026-03-09 20:00:17,006 - utils.logger2026-03-09-19.58.38 - INFO - Tst result of epoch 21 / 40 mae 1.1415 corr 0.4341 f1 0.6624
2026-03-09 20:00:17,612 - utils.logger2026-03-09-19.58.38 - INFO - Cur epoch 22 loss CE:1.1095 mse:0.4230 consistent:1.6378
2026-03-09 20:00:18,170 - utils.logger2026-03-09-19.58.38 - INFO - Cur epoch 22 loss CE:1.0688 mse:0.3322 consistent:1.4869
2026-03-09 20:00:18,729 - utils.logger2026-03-09-19.58.38 - INFO - Cur epoch 22 loss CE:1.1260 mse:0.3305 consistent:1.5107
2026-03-09 20:00:19,092 - utils.logger2026-03-09-19.58.38 - INFO - saving the model at the end of epoch 22, iters 616
2026-03-09 20:00:19,457 - utils.logger2026-03-09-19.58.38 - INFO - End of training epoch 22 / 40 	 Time Taken: 2 sec
2026-03-09 20:00:19,458 - utils.logger2026-03-09-19.58.38 - INFO - learning rate = 0.0001714
2026-03-09 20:00:20,569 - utils.logger2026-03-09-19.58.38 - INFO - Val result of epoch 22 / 40 mae 1.0728 corr 0.5146 f1 0.7198
2026-03-09 20:00:21,654 - utils.logger2026-03-09-19.58.38 - INFO - Tst result of epoch 22 / 40 mae 1.1522 corr 0.4237 f1 0.6506
2026-03-09 20:00:22,400 - utils.logger2026-03-09-19.58.38 - INFO - Cur epoch 23 loss CE:1.0490 mse:0.3128 consistent:1.5259
2026-03-09 20:00:22,928 - utils.logger2026-03-09-19.58.38 - INFO - Cur epoch 23 loss CE:0.8829 mse:0.3888 consistent:1.5246
2026-03-09 20:00:23,410 - utils.logger2026-03-09-19.58.38 - INFO - Cur epoch 23 loss CE:0.8018 mse:0.4028 consistent:1.5644
2026-03-09 20:00:23,728 - utils.logger2026-03-09-19.58.38 - INFO - saving the model at the end of epoch 23, iters 644
2026-03-09 20:00:23,978 - utils.logger2026-03-09-19.58.38 - INFO - End of training epoch 23 / 40 	 Time Taken: 2 sec
2026-03-09 20:00:23,978 - utils.logger2026-03-09-19.58.38 - INFO - learning rate = 0.0001619
2026-03-09 20:00:25,206 - utils.logger2026-03-09-19.58.38 - INFO - Val result of epoch 23 / 40 mae 1.1001 corr 0.4880 f1 0.7020
2026-03-09 20:00:26,340 - utils.logger2026-03-09-19.58.38 - INFO - Tst result of epoch 23 / 40 mae 1.1817 corr 0.3633 f1 0.6415
2026-03-09 20:00:27,194 - utils.logger2026-03-09-19.58.38 - INFO - Cur epoch 24 loss CE:0.9917 mse:0.3824 consistent:1.5419
2026-03-09 20:00:27,680 - utils.logger2026-03-09-19.58.38 - INFO - Cur epoch 24 loss CE:0.7959 mse:0.4283 consistent:1.4019
2026-03-09 20:00:28,187 - utils.logger2026-03-09-19.58.38 - INFO - Cur epoch 24 loss CE:0.8413 mse:0.3646 consistent:1.4925
2026-03-09 20:00:28,356 - utils.logger2026-03-09-19.58.38 - INFO - saving the model at the end of epoch 24, iters 672
2026-03-09 20:00:28,691 - utils.logger2026-03-09-19.58.38 - INFO - End of training epoch 24 / 40 	 Time Taken: 2 sec
2026-03-09 20:00:28,691 - utils.logger2026-03-09-19.58.38 - INFO - learning rate = 0.0001524
2026-03-09 20:00:29,917 - utils.logger2026-03-09-19.58.38 - INFO - Val result of epoch 24 / 40 mae 1.1574 corr 0.4953 f1 0.6910
2026-03-09 20:00:31,119 - utils.logger2026-03-09-19.58.38 - INFO - Tst result of epoch 24 / 40 mae 1.1672 corr 0.3969 f1 0.6651
2026-03-09 20:00:32,066 - utils.logger2026-03-09-19.58.38 - INFO - Cur epoch 25 loss CE:0.7033 mse:0.4113 consistent:1.4457
2026-03-09 20:00:32,574 - utils.logger2026-03-09-19.58.38 - INFO - Cur epoch 25 loss CE:0.7415 mse:0.3464 consistent:1.3851
2026-03-09 20:00:33,013 - utils.logger2026-03-09-19.58.38 - INFO - Cur epoch 25 loss CE:0.8152 mse:0.4002 consistent:1.4215
2026-03-09 20:00:33,081 - utils.logger2026-03-09-19.58.38 - INFO - saving the model at the end of epoch 25, iters 700
2026-03-09 20:00:33,433 - utils.logger2026-03-09-19.58.38 - INFO - End of training epoch 25 / 40 	 Time Taken: 2 sec
2026-03-09 20:00:33,433 - utils.logger2026-03-09-19.58.38 - INFO - learning rate = 0.0001429
2026-03-09 20:00:34,611 - utils.logger2026-03-09-19.58.38 - INFO - Val result of epoch 25 / 40 mae 1.0791 corr 0.5030 f1 0.7161
2026-03-09 20:00:35,870 - utils.logger2026-03-09-19.58.38 - INFO - Tst result of epoch 25 / 40 mae 1.1692 corr 0.4008 f1 0.6419
2026-03-09 20:00:36,947 - utils.logger2026-03-09-19.58.38 - INFO - Cur epoch 26 loss CE:0.8499 mse:0.3607 consistent:1.4184
2026-03-09 20:00:37,466 - utils.logger2026-03-09-19.58.38 - INFO - Cur epoch 26 loss CE:0.7258 mse:0.3438 consistent:1.4259
2026-03-09 20:00:37,993 - utils.logger2026-03-09-19.58.38 - INFO - saving the model at the end of epoch 26, iters 728
2026-03-09 20:00:38,377 - utils.logger2026-03-09-19.58.38 - INFO - End of training epoch 26 / 40 	 Time Taken: 2 sec
2026-03-09 20:00:38,378 - utils.logger2026-03-09-19.58.38 - INFO - learning rate = 0.0001333
2026-03-09 20:00:39,544 - utils.logger2026-03-09-19.58.38 - INFO - Val result of epoch 26 / 40 mae 1.0520 corr 0.5007 f1 0.7127
2026-03-09 20:00:40,643 - utils.logger2026-03-09-19.58.38 - INFO - Tst result of epoch 26 / 40 mae 1.1724 corr 0.3901 f1 0.6476
2026-03-09 20:00:41,348 - utils.logger2026-03-09-19.58.38 - INFO - Cur epoch 27 loss CE:0.7554 mse:0.3914 consistent:1.4373
2026-03-09 20:00:41,880 - utils.logger2026-03-09-19.58.38 - INFO - Cur epoch 27 loss CE:0.7139 mse:0.3513 consistent:1.3063
2026-03-09 20:00:42,344 - utils.logger2026-03-09-19.58.38 - INFO - Cur epoch 27 loss CE:0.7183 mse:0.3890 consistent:1.3340
2026-03-09 20:00:42,761 - utils.logger2026-03-09-19.58.38 - INFO - saving the model at the end of epoch 27, iters 756
2026-03-09 20:00:43,126 - utils.logger2026-03-09-19.58.38 - INFO - End of training epoch 27 / 40 	 Time Taken: 2 sec
2026-03-09 20:00:43,126 - utils.logger2026-03-09-19.58.38 - INFO - learning rate = 0.0001238
2026-03-09 20:00:44,267 - utils.logger2026-03-09-19.58.38 - INFO - Val result of epoch 27 / 40 mae 1.0591 corr 0.4946 f1 0.7160
2026-03-09 20:00:45,484 - utils.logger2026-03-09-19.58.38 - INFO - Tst result of epoch 27 / 40 mae 1.1637 corr 0.3788 f1 0.6583
2026-03-09 20:00:46,256 - utils.logger2026-03-09-19.58.38 - INFO - Cur epoch 28 loss CE:0.6583 mse:0.3848 consistent:1.4841
2026-03-09 20:00:46,760 - utils.logger2026-03-09-19.58.38 - INFO - Cur epoch 28 loss CE:0.8635 mse:0.4120 consistent:1.3802
2026-03-09 20:00:47,203 - utils.logger2026-03-09-19.58.38 - INFO - Cur epoch 28 loss CE:0.8809 mse:0.4076 consistent:1.4093
2026-03-09 20:00:47,490 - utils.logger2026-03-09-19.58.38 - INFO - saving the model at the end of epoch 28, iters 784
2026-03-09 20:00:47,747 - utils.logger2026-03-09-19.58.38 - INFO - End of training epoch 28 / 40 	 Time Taken: 2 sec
2026-03-09 20:00:47,747 - utils.logger2026-03-09-19.58.38 - INFO - learning rate = 0.0001143
2026-03-09 20:00:48,884 - utils.logger2026-03-09-19.58.38 - INFO - Val result of epoch 28 / 40 mae 1.0952 corr 0.4832 f1 0.7005
2026-03-09 20:00:50,011 - utils.logger2026-03-09-19.58.38 - INFO - Tst result of epoch 28 / 40 mae 1.2142 corr 0.3687 f1 0.6435
2026-03-09 20:00:50,782 - utils.logger2026-03-09-19.58.38 - INFO - Cur epoch 29 loss CE:0.7856 mse:0.4582 consistent:1.5052
2026-03-09 20:00:51,275 - utils.logger2026-03-09-19.58.38 - INFO - Cur epoch 29 loss CE:0.9192 mse:0.3492 consistent:1.2303
2026-03-09 20:00:51,716 - utils.logger2026-03-09-19.58.38 - INFO - Cur epoch 29 loss CE:0.8090 mse:0.3589 consistent:1.3208
2026-03-09 20:00:51,882 - utils.logger2026-03-09-19.58.38 - INFO - saving the model at the end of epoch 29, iters 812
2026-03-09 20:00:52,179 - utils.logger2026-03-09-19.58.38 - INFO - End of training epoch 29 / 40 	 Time Taken: 2 sec
2026-03-09 20:00:52,180 - utils.logger2026-03-09-19.58.38 - INFO - learning rate = 0.0001048
2026-03-09 20:00:53,286 - utils.logger2026-03-09-19.58.38 - INFO - Val result of epoch 29 / 40 mae 1.0687 corr 0.4903 f1 0.7147
2026-03-09 20:00:54,495 - utils.logger2026-03-09-19.58.38 - INFO - Tst result of epoch 29 / 40 mae 1.1606 corr 0.3852 f1 0.6533
2026-03-09 20:00:55,512 - utils.logger2026-03-09-19.58.38 - INFO - Cur epoch 30 loss CE:0.5471 mse:0.3205 consistent:1.1823
2026-03-09 20:00:55,927 - utils.logger2026-03-09-19.58.38 - INFO - Cur epoch 30 loss CE:0.6850 mse:0.4158 consistent:1.4792
2026-03-09 20:00:56,430 - utils.logger2026-03-09-19.58.38 - INFO - Cur epoch 30 loss CE:0.6927 mse:0.2844 consistent:1.0569
2026-03-09 20:00:56,530 - utils.logger2026-03-09-19.58.38 - INFO - saving the model at the end of epoch 30, iters 840
2026-03-09 20:00:56,886 - utils.logger2026-03-09-19.58.38 - INFO - End of training epoch 30 / 40 	 Time Taken: 2 sec
2026-03-09 20:00:56,886 - utils.logger2026-03-09-19.58.38 - INFO - learning rate = 0.0000952
2026-03-09 20:00:57,975 - utils.logger2026-03-09-19.58.38 - INFO - Val result of epoch 30 / 40 mae 1.0979 corr 0.4795 f1 0.7061
2026-03-09 20:00:59,079 - utils.logger2026-03-09-19.58.38 - INFO - Tst result of epoch 30 / 40 mae 1.1828 corr 0.3720 f1 0.6415
2026-03-09 20:01:00,085 - utils.logger2026-03-09-19.58.38 - INFO - Cur epoch 31 loss CE:0.4086 mse:0.3061 consistent:1.3226
2026-03-09 20:01:00,598 - utils.logger2026-03-09-19.58.38 - INFO - Cur epoch 31 loss CE:0.5588 mse:0.4279 consistent:1.4162
2026-03-09 20:01:01,017 - utils.logger2026-03-09-19.58.38 - INFO - saving the model at the end of epoch 31, iters 868
2026-03-09 20:01:01,369 - utils.logger2026-03-09-19.58.38 - INFO - End of training epoch 31 / 40 	 Time Taken: 2 sec
2026-03-09 20:01:01,369 - utils.logger2026-03-09-19.58.38 - INFO - learning rate = 0.0000857
2026-03-09 20:01:02,568 - utils.logger2026-03-09-19.58.38 - INFO - Val result of epoch 31 / 40 mae 1.0599 corr 0.4963 f1 0.7129
2026-03-09 20:01:03,747 - utils.logger2026-03-09-19.58.38 - INFO - Tst result of epoch 31 / 40 mae 1.1735 corr 0.3738 f1 0.6553
2026-03-09 20:01:04,332 - utils.logger2026-03-09-19.58.38 - INFO - Cur epoch 32 loss CE:0.5760 mse:0.3474 consistent:1.3055
2026-03-09 20:01:04,854 - utils.logger2026-03-09-19.58.38 - INFO - Cur epoch 32 loss CE:0.4915 mse:0.3698 consistent:1.3601
2026-03-09 20:01:05,278 - utils.logger2026-03-09-19.58.38 - INFO - Cur epoch 32 loss CE:0.8293 mse:0.3672 consistent:1.2478
2026-03-09 20:01:05,635 - utils.logger2026-03-09-19.58.38 - INFO - saving the model at the end of epoch 32, iters 896
2026-03-09 20:01:05,893 - utils.logger2026-03-09-19.58.38 - INFO - End of training epoch 32 / 40 	 Time Taken: 2 sec
2026-03-09 20:01:05,893 - utils.logger2026-03-09-19.58.38 - INFO - learning rate = 0.0000762
2026-03-09 20:01:07,002 - utils.logger2026-03-09-19.58.38 - INFO - Val result of epoch 32 / 40 mae 1.0471 corr 0.5050 f1 0.7083
2026-03-09 20:01:08,151 - utils.logger2026-03-09-19.58.38 - INFO - Tst result of epoch 32 / 40 mae 1.1745 corr 0.3798 f1 0.6465
2026-03-09 20:01:08,911 - utils.logger2026-03-09-19.58.38 - INFO - Cur epoch 33 loss CE:0.6189 mse:0.4565 consistent:1.4121
2026-03-09 20:01:09,379 - utils.logger2026-03-09-19.58.38 - INFO - Cur epoch 33 loss CE:0.7566 mse:0.4074 consistent:1.3109
2026-03-09 20:01:09,887 - utils.logger2026-03-09-19.58.38 - INFO - Cur epoch 33 loss CE:0.4953 mse:0.4501 consistent:1.5553
2026-03-09 20:01:10,138 - utils.logger2026-03-09-19.58.38 - INFO - saving the model at the end of epoch 33, iters 924
2026-03-09 20:01:10,501 - utils.logger2026-03-09-19.58.38 - INFO - End of training epoch 33 / 40 	 Time Taken: 2 sec
2026-03-09 20:01:10,501 - utils.logger2026-03-09-19.58.38 - INFO - learning rate = 0.0000667
2026-03-09 20:01:11,620 - utils.logger2026-03-09-19.58.38 - INFO - Val result of epoch 33 / 40 mae 1.0536 corr 0.5006 f1 0.7152
2026-03-09 20:01:12,741 - utils.logger2026-03-09-19.58.38 - INFO - Tst result of epoch 33 / 40 mae 1.1733 corr 0.3768 f1 0.6488
2026-03-09 20:01:13,629 - utils.logger2026-03-09-19.58.38 - INFO - Cur epoch 34 loss CE:0.4945 mse:0.3892 consistent:1.3007
2026-03-09 20:01:14,130 - utils.logger2026-03-09-19.58.38 - INFO - Cur epoch 34 loss CE:0.6711 mse:0.3656 consistent:1.2370
2026-03-09 20:01:14,610 - utils.logger2026-03-09-19.58.38 - INFO - Cur epoch 34 loss CE:0.9721 mse:0.4261 consistent:1.3865
2026-03-09 20:01:14,794 - utils.logger2026-03-09-19.58.38 - INFO - saving the model at the end of epoch 34, iters 952
2026-03-09 20:01:15,163 - utils.logger2026-03-09-19.58.38 - INFO - End of training epoch 34 / 40 	 Time Taken: 2 sec
2026-03-09 20:01:15,164 - utils.logger2026-03-09-19.58.38 - INFO - learning rate = 0.0000571
2026-03-09 20:01:16,303 - utils.logger2026-03-09-19.58.38 - INFO - Val result of epoch 34 / 40 mae 1.0597 corr 0.4953 f1 0.7106
2026-03-09 20:01:17,397 - utils.logger2026-03-09-19.58.38 - INFO - Tst result of epoch 34 / 40 mae 1.1781 corr 0.3658 f1 0.6450
2026-03-09 20:01:18,330 - utils.logger2026-03-09-19.58.38 - INFO - Cur epoch 35 loss CE:0.6838 mse:0.4222 consistent:1.2555
2026-03-09 20:01:18,858 - utils.logger2026-03-09-19.58.38 - INFO - Cur epoch 35 loss CE:0.6009 mse:0.3666 consistent:1.3231
2026-03-09 20:01:19,272 - utils.logger2026-03-09-19.58.38 - INFO - Cur epoch 35 loss CE:0.8220 mse:0.4287 consistent:1.3692
2026-03-09 20:01:19,358 - utils.logger2026-03-09-19.58.38 - INFO - saving the model at the end of epoch 35, iters 980
2026-03-09 20:01:19,654 - utils.logger2026-03-09-19.58.38 - INFO - End of training epoch 35 / 40 	 Time Taken: 2 sec
2026-03-09 20:01:19,655 - utils.logger2026-03-09-19.58.38 - INFO - learning rate = 0.0000476
2026-03-09 20:01:20,729 - utils.logger2026-03-09-19.58.38 - INFO - Val result of epoch 35 / 40 mae 1.0556 corr 0.4916 f1 0.7125
2026-03-09 20:01:21,847 - utils.logger2026-03-09-19.58.38 - INFO - Tst result of epoch 35 / 40 mae 1.2042 corr 0.3610 f1 0.6482
2026-03-09 20:01:22,864 - utils.logger2026-03-09-19.58.38 - INFO - Cur epoch 36 loss CE:0.9264 mse:0.3209 consistent:1.1656
2026-03-09 20:01:23,356 - utils.logger2026-03-09-19.58.38 - INFO - Cur epoch 36 loss CE:0.5912 mse:0.3504 consistent:1.2153
2026-03-09 20:01:23,781 - utils.logger2026-03-09-19.58.38 - INFO - saving the model at the end of epoch 36, iters 1008
2026-03-09 20:01:24,137 - utils.logger2026-03-09-19.58.38 - INFO - End of training epoch 36 / 40 	 Time Taken: 2 sec
2026-03-09 20:01:24,138 - utils.logger2026-03-09-19.58.38 - INFO - learning rate = 0.0000381
2026-03-09 20:01:25,231 - utils.logger2026-03-09-19.58.38 - INFO - Val result of epoch 36 / 40 mae 1.0680 corr 0.4886 f1 0.7138
2026-03-09 20:01:26,361 - utils.logger2026-03-09-19.58.38 - INFO - Tst result of epoch 36 / 40 mae 1.1824 corr 0.3650 f1 0.6447
2026-03-09 20:01:26,972 - utils.logger2026-03-09-19.58.38 - INFO - Cur epoch 37 loss CE:0.5922 mse:0.4588 consistent:1.3505
2026-03-09 20:01:27,412 - utils.logger2026-03-09-19.58.38 - INFO - Cur epoch 37 loss CE:0.4683 mse:0.3709 consistent:1.3244
2026-03-09 20:01:27,916 - utils.logger2026-03-09-19.58.38 - INFO - Cur epoch 37 loss CE:0.6331 mse:0.3708 consistent:1.1710
2026-03-09 20:01:28,229 - utils.logger2026-03-09-19.58.38 - INFO - saving the model at the end of epoch 37, iters 1036
2026-03-09 20:01:28,656 - utils.logger2026-03-09-19.58.38 - INFO - End of training epoch 37 / 40 	 Time Taken: 2 sec
2026-03-09 20:01:28,656 - utils.logger2026-03-09-19.58.38 - INFO - learning rate = 0.0000286
2026-03-09 20:01:29,741 - utils.logger2026-03-09-19.58.38 - INFO - Val result of epoch 37 / 40 mae 1.0684 corr 0.4821 f1 0.7100
2026-03-09 20:01:30,837 - utils.logger2026-03-09-19.58.38 - INFO - Tst result of epoch 37 / 40 mae 1.2074 corr 0.3511 f1 0.6518
2026-03-09 20:01:31,607 - utils.logger2026-03-09-19.58.38 - INFO - Cur epoch 38 loss CE:0.5156 mse:0.3870 consistent:1.2388
2026-03-09 20:01:32,114 - utils.logger2026-03-09-19.58.38 - INFO - Cur epoch 38 loss CE:0.4710 mse:0.3709 consistent:1.1958
2026-03-09 20:01:32,556 - utils.logger2026-03-09-19.58.38 - INFO - Cur epoch 38 loss CE:0.4419 mse:0.4576 consistent:1.4457
2026-03-09 20:01:32,791 - utils.logger2026-03-09-19.58.38 - INFO - saving the model at the end of epoch 38, iters 1064
2026-03-09 20:01:33,071 - utils.logger2026-03-09-19.58.38 - INFO - End of training epoch 38 / 40 	 Time Taken: 2 sec
2026-03-09 20:01:33,071 - utils.logger2026-03-09-19.58.38 - INFO - learning rate = 0.0000190
2026-03-09 20:01:34,190 - utils.logger2026-03-09-19.58.38 - INFO - Val result of epoch 38 / 40 mae 1.0815 corr 0.4845 f1 0.7041
2026-03-09 20:01:35,371 - utils.logger2026-03-09-19.58.38 - INFO - Tst result of epoch 38 / 40 mae 1.1798 corr 0.3652 f1 0.6516
2026-03-09 20:01:36,167 - utils.logger2026-03-09-19.58.38 - INFO - Cur epoch 39 loss CE:0.5188 mse:0.3927 consistent:1.2999
2026-03-09 20:01:36,650 - utils.logger2026-03-09-19.58.38 - INFO - Cur epoch 39 loss CE:0.4892 mse:0.3510 consistent:1.1721
2026-03-09 20:01:37,123 - utils.logger2026-03-09-19.58.38 - INFO - Cur epoch 39 loss CE:0.7763 mse:0.3925 consistent:1.3197
2026-03-09 20:01:37,309 - utils.logger2026-03-09-19.58.38 - INFO - saving the model at the end of epoch 39, iters 1092
2026-03-09 20:01:37,716 - utils.logger2026-03-09-19.58.38 - INFO - End of training epoch 39 / 40 	 Time Taken: 2 sec
2026-03-09 20:01:37,717 - utils.logger2026-03-09-19.58.38 - INFO - learning rate = 0.0000095
2026-03-09 20:01:38,951 - utils.logger2026-03-09-19.58.38 - INFO - Val result of epoch 39 / 40 mae 1.0809 corr 0.4876 f1 0.7071
2026-03-09 20:01:40,074 - utils.logger2026-03-09-19.58.38 - INFO - Tst result of epoch 39 / 40 mae 1.1853 corr 0.3641 f1 0.6493
2026-03-09 20:01:41,020 - utils.logger2026-03-09-19.58.38 - INFO - Cur epoch 40 loss CE:0.6312 mse:0.4485 consistent:1.3235
2026-03-09 20:01:41,502 - utils.logger2026-03-09-19.58.38 - INFO - Cur epoch 40 loss CE:0.4800 mse:0.3979 consistent:1.2414
2026-03-09 20:01:41,970 - utils.logger2026-03-09-19.58.38 - INFO - Cur epoch 40 loss CE:0.5284 mse:0.3874 consistent:1.3660
2026-03-09 20:01:42,075 - utils.logger2026-03-09-19.58.38 - INFO - saving the model at the end of epoch 40, iters 1120
2026-03-09 20:01:42,292 - utils.logger2026-03-09-19.58.38 - INFO - End of training epoch 40 / 40 	 Time Taken: 2 sec
2026-03-09 20:01:42,292 - utils.logger2026-03-09-19.58.38 - INFO - learning rate = 0.0000000
2026-03-09 20:01:43,477 - utils.logger2026-03-09-19.58.38 - INFO - Val result of epoch 40 / 40 mae 1.0670 corr 0.4885 f1 0.7098
2026-03-09 20:01:44,664 - utils.logger2026-03-09-19.58.38 - INFO - Tst result of epoch 40 / 40 mae 1.1935 corr 0.3606 f1 0.6522
2026-03-09 20:01:44,665 - utils.logger2026-03-09-19.58.38 - INFO - Best eval epoch 11 found with MAE 1.072675
2026-03-09 20:01:44,665 - utils.logger2026-03-09-19.58.38 - INFO - Loading best model found on val set: epoch-11
2026-03-09 20:01:47,140 - utils.logger2026-03-09-19.58.38 - INFO - Tst result mae 1.0727 corr 0.5060 f1 0.6772
