2026-03-04 20:52:03,156 - utils.logger2026-03-04-20.52.03 - INFO - The number of training samples = 1750
2026-03-04 20:52:05,885 - utils.logger2026-03-04-20.52.03 - INFO - Cur epoch 1 loss TA:1.0363 TV:1.0360 VA:2.0735 CE:6.0899
2026-03-04 20:52:06,795 - utils.logger2026-03-04-20.52.03 - INFO - Cur epoch 1 loss TA:1.0362 TV:1.0358 VA:2.0693 CE:5.4290
2026-03-04 20:52:07,605 - utils.logger2026-03-04-20.52.03 - INFO - saving the model at the end of epoch 1, iters 28
2026-03-04 20:52:07,738 - utils.logger2026-03-04-20.52.03 - INFO - End of training epoch 1 / 40 	 Time Taken: 3 sec
2026-03-04 20:52:07,738 - utils.logger2026-03-04-20.52.03 - INFO - learning rate = 0.0002000
2026-03-04 20:52:08,340 - utils.logger2026-03-04-20.52.03 - INFO - Val result of epoch 1 / 40 acc 0.5714 MAE 0.0644 f1 0.5992
2026-03-04 20:52:08,902 - utils.logger2026-03-04-20.52.03 - INFO - Tst result of epoch 1 / 40 acc 0.5714 MAE 0.0644 f1 0.5992
2026-03-04 20:52:09,452 - utils.logger2026-03-04-20.52.03 - INFO - Cur epoch 2 loss TA:1.0352 TV:1.0347 VA:2.0591 CE:3.3863
2026-03-04 20:52:10,412 - utils.logger2026-03-04-20.52.03 - INFO - Cur epoch 2 loss TA:1.0364 TV:1.0354 VA:2.0650 CE:3.3882
2026-03-04 20:52:11,359 - utils.logger2026-03-04-20.52.03 - INFO - Cur epoch 2 loss TA:1.0338 TV:1.0344 VA:2.0518 CE:2.5468
2026-03-04 20:52:12,013 - utils.logger2026-03-04-20.52.03 - INFO - saving the model at the end of epoch 2, iters 56
2026-03-04 20:52:12,187 - utils.logger2026-03-04-20.52.03 - INFO - End of training epoch 2 / 40 	 Time Taken: 3 sec
2026-03-04 20:52:12,187 - utils.logger2026-03-04-20.52.03 - INFO - learning rate = 0.0002000
2026-03-04 20:52:12,685 - utils.logger2026-03-04-20.52.03 - INFO - Val result of epoch 2 / 40 acc 0.6205 MAE 0.2743 f1 0.6385
2026-03-04 20:52:13,194 - utils.logger2026-03-04-20.52.03 - INFO - Tst result of epoch 2 / 40 acc 0.6205 MAE 0.2743 f1 0.6385
2026-03-04 20:52:13,912 - utils.logger2026-03-04-20.52.03 - INFO - Cur epoch 3 loss TA:1.0335 TV:1.0313 VA:2.0471 CE:3.3628
2026-03-04 20:52:14,842 - utils.logger2026-03-04-20.52.03 - INFO - Cur epoch 3 loss TA:1.0259 TV:1.0270 VA:2.0318 CE:2.9244
2026-03-04 20:52:15,657 - utils.logger2026-03-04-20.52.03 - INFO - Cur epoch 3 loss TA:1.0168 TV:1.0124 VA:2.0259 CE:2.5207
2026-03-04 20:52:16,030 - utils.logger2026-03-04-20.52.03 - INFO - saving the model at the end of epoch 3, iters 84
2026-03-04 20:52:16,174 - utils.logger2026-03-04-20.52.03 - INFO - End of training epoch 3 / 40 	 Time Taken: 2 sec
2026-03-04 20:52:16,174 - utils.logger2026-03-04-20.52.03 - INFO - learning rate = 0.0002000
2026-03-04 20:52:16,862 - utils.logger2026-03-04-20.52.03 - INFO - Val result of epoch 3 / 40 acc 0.6920 MAE 0.4161 f1 0.6902
2026-03-04 20:52:17,543 - utils.logger2026-03-04-20.52.03 - INFO - Tst result of epoch 3 / 40 acc 0.6920 MAE 0.4161 f1 0.6902
2026-03-04 20:52:18,765 - utils.logger2026-03-04-20.52.03 - INFO - Cur epoch 4 loss TA:0.9847 TV:0.9839 VA:1.9859 CE:2.3713
2026-03-04 20:52:19,613 - utils.logger2026-03-04-20.52.03 - INFO - Cur epoch 4 loss TA:0.9740 TV:0.9694 VA:1.8937 CE:2.2853
2026-03-04 20:52:20,445 - utils.logger2026-03-04-20.52.03 - INFO - Cur epoch 4 loss TA:0.9489 TV:0.9525 VA:1.8792 CE:2.5325
2026-03-04 20:52:20,691 - utils.logger2026-03-04-20.52.03 - INFO - saving the model at the end of epoch 4, iters 112
2026-03-04 20:52:20,831 - utils.logger2026-03-04-20.52.03 - INFO - End of training epoch 4 / 40 	 Time Taken: 3 sec
2026-03-04 20:52:20,831 - utils.logger2026-03-04-20.52.03 - INFO - learning rate = 0.0002000
2026-03-04 20:52:21,389 - utils.logger2026-03-04-20.52.03 - INFO - Val result of epoch 4 / 40 acc 0.7232 MAE 0.5394 f1 0.7274
2026-03-04 20:52:21,861 - utils.logger2026-03-04-20.52.03 - INFO - Tst result of epoch 4 / 40 acc 0.7232 MAE 0.5394 f1 0.7274
2026-03-04 20:52:22,891 - utils.logger2026-03-04-20.52.03 - INFO - Cur epoch 5 loss TA:0.9507 TV:0.9497 VA:1.8727 CE:1.8349
2026-03-04 20:52:23,788 - utils.logger2026-03-04-20.52.03 - INFO - Cur epoch 5 loss TA:0.9434 TV:0.9386 VA:1.8414 CE:2.4709
2026-03-04 20:52:24,640 - utils.logger2026-03-04-20.52.03 - INFO - Cur epoch 5 loss TA:0.6493 TV:0.6565 VA:1.2362 CE:1.6053
2026-03-04 20:52:24,701 - utils.logger2026-03-04-20.52.03 - INFO - saving the model at the end of epoch 5, iters 140
2026-03-04 20:52:24,838 - utils.logger2026-03-04-20.52.03 - INFO - End of training epoch 5 / 40 	 Time Taken: 2 sec
2026-03-04 20:52:24,839 - utils.logger2026-03-04-20.52.03 - INFO - learning rate = 0.0002000
2026-03-04 20:52:25,376 - utils.logger2026-03-04-20.52.03 - INFO - Val result of epoch 5 / 40 acc 0.7455 MAE 0.5416 f1 0.7552
2026-03-04 20:52:25,886 - utils.logger2026-03-04-20.52.03 - INFO - Tst result of epoch 5 / 40 acc 0.7455 MAE 0.5416 f1 0.7552
2026-03-04 20:52:27,027 - utils.logger2026-03-04-20.52.03 - INFO - Cur epoch 6 loss TA:0.9233 TV:0.9184 VA:1.8090 CE:1.6906
2026-03-04 20:52:27,885 - utils.logger2026-03-04-20.52.03 - INFO - Cur epoch 6 loss TA:0.9148 TV:0.9159 VA:1.8084 CE:1.1523
2026-03-04 20:52:28,642 - utils.logger2026-03-04-20.52.03 - INFO - saving the model at the end of epoch 6, iters 168
2026-03-04 20:52:28,783 - utils.logger2026-03-04-20.52.03 - INFO - End of training epoch 6 / 40 	 Time Taken: 2 sec
2026-03-04 20:52:28,784 - utils.logger2026-03-04-20.52.03 - INFO - learning rate = 0.0002000
2026-03-04 20:52:29,293 - utils.logger2026-03-04-20.52.03 - INFO - Val result of epoch 6 / 40 acc 0.7991 MAE 0.6044 f1 0.8030
2026-03-04 20:52:29,771 - utils.logger2026-03-04-20.52.03 - INFO - Tst result of epoch 6 / 40 acc 0.7991 MAE 0.6044 f1 0.8030
2026-03-04 20:52:30,270 - utils.logger2026-03-04-20.52.03 - INFO - Cur epoch 7 loss TA:0.9035 TV:0.9125 VA:1.7931 CE:2.1501
2026-03-04 20:52:31,116 - utils.logger2026-03-04-20.52.03 - INFO - Cur epoch 7 loss TA:0.9014 TV:0.8918 VA:1.7811 CE:1.7411
2026-03-04 20:52:31,896 - utils.logger2026-03-04-20.52.03 - INFO - Cur epoch 7 loss TA:0.9048 TV:0.9170 VA:1.8213 CE:0.9765
2026-03-04 20:52:32,494 - utils.logger2026-03-04-20.52.03 - INFO - saving the model at the end of epoch 7, iters 196
2026-03-04 20:52:32,637 - utils.logger2026-03-04-20.52.03 - INFO - End of training epoch 7 / 40 	 Time Taken: 2 sec
2026-03-04 20:52:32,637 - utils.logger2026-03-04-20.52.03 - INFO - learning rate = 0.0002000
2026-03-04 20:52:33,173 - utils.logger2026-03-04-20.52.03 - INFO - Val result of epoch 7 / 40 acc 0.7500 MAE 0.6052 f1 0.7745
2026-03-04 20:52:33,710 - utils.logger2026-03-04-20.52.03 - INFO - Tst result of epoch 7 / 40 acc 0.7500 MAE 0.6052 f1 0.7745
2026-03-04 20:52:34,381 - utils.logger2026-03-04-20.52.03 - INFO - Cur epoch 8 loss TA:0.8901 TV:0.8979 VA:1.7622 CE:1.4103
2026-03-04 20:52:35,189 - utils.logger2026-03-04-20.52.03 - INFO - Cur epoch 8 loss TA:0.8858 TV:0.9044 VA:1.7746 CE:1.0281
2026-03-04 20:52:36,043 - utils.logger2026-03-04-20.52.03 - INFO - Cur epoch 8 loss TA:0.9059 TV:0.8915 VA:1.7579 CE:1.2814
2026-03-04 20:52:36,425 - utils.logger2026-03-04-20.52.03 - INFO - saving the model at the end of epoch 8, iters 224
2026-03-04 20:52:36,573 - utils.logger2026-03-04-20.52.03 - INFO - End of training epoch 8 / 40 	 Time Taken: 2 sec
2026-03-04 20:52:36,573 - utils.logger2026-03-04-20.52.03 - INFO - learning rate = 0.0002000
2026-03-04 20:52:37,102 - utils.logger2026-03-04-20.52.03 - INFO - Val result of epoch 8 / 40 acc 0.7366 MAE 0.6095 f1 0.7565
2026-03-04 20:52:37,600 - utils.logger2026-03-04-20.52.03 - INFO - Tst result of epoch 8 / 40 acc 0.7366 MAE 0.6095 f1 0.7565
2026-03-04 20:52:38,458 - utils.logger2026-03-04-20.52.03 - INFO - Cur epoch 9 loss TA:0.8673 TV:0.8468 VA:1.7243 CE:1.0212
2026-03-04 20:52:39,289 - utils.logger2026-03-04-20.52.03 - INFO - Cur epoch 9 loss TA:0.8848 TV:0.8836 VA:1.7344 CE:0.9278
2026-03-04 20:52:40,214 - utils.logger2026-03-04-20.52.03 - INFO - Cur epoch 9 loss TA:0.8715 TV:0.8702 VA:1.7660 CE:1.5155
2026-03-04 20:52:40,455 - utils.logger2026-03-04-20.52.03 - INFO - saving the model at the end of epoch 9, iters 252
2026-03-04 20:52:40,643 - utils.logger2026-03-04-20.52.03 - INFO - End of training epoch 9 / 40 	 Time Taken: 3 sec
2026-03-04 20:52:40,643 - utils.logger2026-03-04-20.52.03 - INFO - learning rate = 0.0002000
2026-03-04 20:52:41,217 - utils.logger2026-03-04-20.52.03 - INFO - Val result of epoch 9 / 40 acc 0.7902 MAE 0.6300 f1 0.8036
2026-03-04 20:52:41,755 - utils.logger2026-03-04-20.52.03 - INFO - Tst result of epoch 9 / 40 acc 0.7902 MAE 0.6300 f1 0.8036
2026-03-04 20:52:42,796 - utils.logger2026-03-04-20.52.03 - INFO - Cur epoch 10 loss TA:0.8713 TV:0.8629 VA:1.6955 CE:0.9811
2026-03-04 20:52:43,608 - utils.logger2026-03-04-20.52.03 - INFO - Cur epoch 10 loss TA:0.8708 TV:0.8686 VA:1.7304 CE:0.8041
2026-03-04 20:52:44,476 - utils.logger2026-03-04-20.52.03 - INFO - Cur epoch 10 loss TA:0.5822 TV:0.5684 VA:1.0802 CE:0.9933
2026-03-04 20:52:44,541 - utils.logger2026-03-04-20.52.03 - INFO - saving the model at the end of epoch 10, iters 280
2026-03-04 20:52:44,679 - utils.logger2026-03-04-20.52.03 - INFO - End of training epoch 10 / 40 	 Time Taken: 2 sec
2026-03-04 20:52:44,679 - utils.logger2026-03-04-20.52.03 - INFO - learning rate = 0.0002000
2026-03-04 20:52:45,169 - utils.logger2026-03-04-20.52.03 - INFO - Val result of epoch 10 / 40 acc 0.7723 MAE 0.6344 f1 0.7812
2026-03-04 20:52:45,676 - utils.logger2026-03-04-20.52.03 - INFO - Tst result of epoch 10 / 40 acc 0.7723 MAE 0.6344 f1 0.7812
2026-03-04 20:52:46,839 - utils.logger2026-03-04-20.52.03 - INFO - Cur epoch 11 loss TA:0.8246 TV:0.8444 VA:1.6461 CE:0.9246
2026-03-04 20:52:47,662 - utils.logger2026-03-04-20.52.03 - INFO - Cur epoch 11 loss TA:0.8214 TV:0.8246 VA:1.5866 CE:1.0645
2026-03-04 20:52:48,322 - utils.logger2026-03-04-20.52.03 - INFO - saving the model at the end of epoch 11, iters 308
2026-03-04 20:52:48,465 - utils.logger2026-03-04-20.52.03 - INFO - End of training epoch 11 / 40 	 Time Taken: 2 sec
2026-03-04 20:52:48,465 - utils.logger2026-03-04-20.52.03 - INFO - learning rate = 0.0002000
2026-03-04 20:52:48,990 - utils.logger2026-03-04-20.52.03 - INFO - Val result of epoch 11 / 40 acc 0.7991 MAE 0.6357 f1 0.8164
2026-03-04 20:52:49,478 - utils.logger2026-03-04-20.52.03 - INFO - Tst result of epoch 11 / 40 acc 0.7991 MAE 0.6357 f1 0.8164
2026-03-04 20:52:49,991 - utils.logger2026-03-04-20.52.03 - INFO - Cur epoch 12 loss TA:0.8256 TV:0.8351 VA:1.6830 CE:0.6207
2026-03-04 20:52:50,828 - utils.logger2026-03-04-20.52.03 - INFO - Cur epoch 12 loss TA:0.8239 TV:0.8320 VA:1.6382 CE:0.8006
2026-03-04 20:52:51,717 - utils.logger2026-03-04-20.52.03 - INFO - Cur epoch 12 loss TA:0.8673 TV:0.8801 VA:1.6438 CE:0.6709
2026-03-04 20:52:52,298 - utils.logger2026-03-04-20.52.03 - INFO - saving the model at the end of epoch 12, iters 336
2026-03-04 20:52:52,473 - utils.logger2026-03-04-20.52.03 - INFO - End of training epoch 12 / 40 	 Time Taken: 2 sec
2026-03-04 20:52:52,474 - utils.logger2026-03-04-20.52.03 - INFO - learning rate = 0.0002000
2026-03-04 20:52:52,966 - utils.logger2026-03-04-20.52.03 - INFO - Val result of epoch 12 / 40 acc 0.7768 MAE 0.6343 f1 0.7894
2026-03-04 20:52:53,458 - utils.logger2026-03-04-20.52.03 - INFO - Tst result of epoch 12 / 40 acc 0.7768 MAE 0.6343 f1 0.7894
2026-03-04 20:52:54,163 - utils.logger2026-03-04-20.52.03 - INFO - Cur epoch 13 loss TA:0.8073 TV:0.7989 VA:1.5842 CE:0.7426
2026-03-04 20:52:54,970 - utils.logger2026-03-04-20.52.03 - INFO - Cur epoch 13 loss TA:0.8428 TV:0.8605 VA:1.6074 CE:0.9142
2026-03-04 20:52:55,767 - utils.logger2026-03-04-20.52.03 - INFO - Cur epoch 13 loss TA:0.8036 TV:0.8359 VA:1.5677 CE:1.0191
2026-03-04 20:52:56,144 - utils.logger2026-03-04-20.52.03 - INFO - saving the model at the end of epoch 13, iters 364
2026-03-04 20:52:56,297 - utils.logger2026-03-04-20.52.03 - INFO - End of training epoch 13 / 40 	 Time Taken: 2 sec
2026-03-04 20:52:56,297 - utils.logger2026-03-04-20.52.03 - INFO - learning rate = 0.0002000
2026-03-04 20:52:56,819 - utils.logger2026-03-04-20.52.03 - INFO - Val result of epoch 13 / 40 acc 0.7500 MAE 0.6222 f1 0.7670
2026-03-04 20:52:57,318 - utils.logger2026-03-04-20.52.03 - INFO - Tst result of epoch 13 / 40 acc 0.7500 MAE 0.6222 f1 0.7670
2026-03-04 20:52:58,095 - utils.logger2026-03-04-20.52.03 - INFO - Cur epoch 14 loss TA:0.8217 TV:0.8197 VA:1.5773 CE:0.8083
2026-03-04 20:52:58,876 - utils.logger2026-03-04-20.52.03 - INFO - Cur epoch 14 loss TA:0.7826 TV:0.7973 VA:1.5229 CE:0.8707
2026-03-04 20:52:59,748 - utils.logger2026-03-04-20.52.03 - INFO - Cur epoch 14 loss TA:0.7898 TV:0.8201 VA:1.5943 CE:0.7964
2026-03-04 20:52:59,981 - utils.logger2026-03-04-20.52.03 - INFO - saving the model at the end of epoch 14, iters 392
2026-03-04 20:53:00,118 - utils.logger2026-03-04-20.52.03 - INFO - End of training epoch 14 / 40 	 Time Taken: 2 sec
2026-03-04 20:53:00,119 - utils.logger2026-03-04-20.52.03 - INFO - learning rate = 0.0002000
2026-03-04 20:53:00,627 - utils.logger2026-03-04-20.52.03 - INFO - Val result of epoch 14 / 40 acc 0.7768 MAE 0.6227 f1 0.7883
2026-03-04 20:53:01,140 - utils.logger2026-03-04-20.52.03 - INFO - Tst result of epoch 14 / 40 acc 0.7768 MAE 0.6227 f1 0.7883
2026-03-04 20:53:02,183 - utils.logger2026-03-04-20.52.03 - INFO - Cur epoch 15 loss TA:0.7946 TV:0.8168 VA:1.5783 CE:0.5661
2026-03-04 20:53:03,027 - utils.logger2026-03-04-20.52.03 - INFO - Cur epoch 15 loss TA:0.8341 TV:0.8219 VA:1.5276 CE:0.7763
2026-03-04 20:53:03,858 - utils.logger2026-03-04-20.52.03 - INFO - Cur epoch 15 loss TA:0.4613 TV:0.4933 VA:0.9375 CE:0.4729
2026-03-04 20:53:03,926 - utils.logger2026-03-04-20.52.03 - INFO - saving the model at the end of epoch 15, iters 420
2026-03-04 20:53:04,069 - utils.logger2026-03-04-20.52.03 - INFO - End of training epoch 15 / 40 	 Time Taken: 2 sec
2026-03-04 20:53:04,069 - utils.logger2026-03-04-20.52.03 - INFO - learning rate = 0.0002000
2026-03-04 20:53:04,584 - utils.logger2026-03-04-20.52.03 - INFO - Val result of epoch 15 / 40 acc 0.7634 MAE 0.6340 f1 0.7763
2026-03-04 20:53:05,094 - utils.logger2026-03-04-20.52.03 - INFO - Tst result of epoch 15 / 40 acc 0.7634 MAE 0.6340 f1 0.7763
2026-03-04 20:53:06,257 - utils.logger2026-03-04-20.52.03 - INFO - Cur epoch 16 loss TA:0.7751 TV:0.7459 VA:1.5348 CE:0.5489
2026-03-04 20:53:07,108 - utils.logger2026-03-04-20.52.03 - INFO - Cur epoch 16 loss TA:0.8145 TV:0.7908 VA:1.5930 CE:0.5130
2026-03-04 20:53:07,824 - utils.logger2026-03-04-20.52.03 - INFO - saving the model at the end of epoch 16, iters 448
2026-03-04 20:53:07,960 - utils.logger2026-03-04-20.52.03 - INFO - End of training epoch 16 / 40 	 Time Taken: 2 sec
2026-03-04 20:53:07,960 - utils.logger2026-03-04-20.52.03 - INFO - learning rate = 0.0002000
2026-03-04 20:53:08,503 - utils.logger2026-03-04-20.52.03 - INFO - Val result of epoch 16 / 40 acc 0.7679 MAE 0.6245 f1 0.7763
2026-03-04 20:53:08,975 - utils.logger2026-03-04-20.52.03 - INFO - Tst result of epoch 16 / 40 acc 0.7679 MAE 0.6245 f1 0.7763
2026-03-04 20:53:09,473 - utils.logger2026-03-04-20.52.03 - INFO - Cur epoch 17 loss TA:0.7813 TV:0.7760 VA:1.5467 CE:0.6254
2026-03-04 20:53:10,316 - utils.logger2026-03-04-20.52.03 - INFO - Cur epoch 17 loss TA:0.7932 TV:0.7867 VA:1.5393 CE:0.6233
2026-03-04 20:53:11,133 - utils.logger2026-03-04-20.52.03 - INFO - Cur epoch 17 loss TA:0.7835 TV:0.7775 VA:1.5506 CE:0.9284
2026-03-04 20:53:11,650 - utils.logger2026-03-04-20.52.03 - INFO - saving the model at the end of epoch 17, iters 476
2026-03-04 20:53:11,783 - utils.logger2026-03-04-20.52.03 - INFO - End of training epoch 17 / 40 	 Time Taken: 2 sec
2026-03-04 20:53:11,783 - utils.logger2026-03-04-20.52.03 - INFO - learning rate = 0.0002000
2026-03-04 20:53:12,263 - utils.logger2026-03-04-20.52.03 - INFO - Val result of epoch 17 / 40 acc 0.7723 MAE 0.6190 f1 0.7846
2026-03-04 20:53:12,762 - utils.logger2026-03-04-20.52.03 - INFO - Tst result of epoch 17 / 40 acc 0.7723 MAE 0.6190 f1 0.7846
2026-03-04 20:53:13,469 - utils.logger2026-03-04-20.52.03 - INFO - Cur epoch 18 loss TA:0.7392 TV:0.7541 VA:1.4422 CE:0.5760
2026-03-04 20:53:14,311 - utils.logger2026-03-04-20.52.03 - INFO - Cur epoch 18 loss TA:0.7989 TV:0.7847 VA:1.5332 CE:0.5502
2026-03-04 20:53:15,084 - utils.logger2026-03-04-20.52.03 - INFO - Cur epoch 18 loss TA:0.7803 TV:0.7510 VA:1.5023 CE:0.6867
2026-03-04 20:53:15,458 - utils.logger2026-03-04-20.52.03 - INFO - saving the model at the end of epoch 18, iters 504
2026-03-04 20:53:15,641 - utils.logger2026-03-04-20.52.03 - INFO - End of training epoch 18 / 40 	 Time Taken: 2 sec
2026-03-04 20:53:15,642 - utils.logger2026-03-04-20.52.03 - INFO - learning rate = 0.0002000
2026-03-04 20:53:16,165 - utils.logger2026-03-04-20.52.03 - INFO - Val result of epoch 18 / 40 acc 0.7679 MAE 0.6327 f1 0.7846
2026-03-04 20:53:16,698 - utils.logger2026-03-04-20.52.03 - INFO - Tst result of epoch 18 / 40 acc 0.7679 MAE 0.6327 f1 0.7846
2026-03-04 20:53:17,528 - utils.logger2026-03-04-20.52.03 - INFO - Cur epoch 19 loss TA:0.7559 TV:0.8024 VA:1.4853 CE:0.4475
2026-03-04 20:53:18,324 - utils.logger2026-03-04-20.52.03 - INFO - Cur epoch 19 loss TA:0.7438 TV:0.7551 VA:1.4272 CE:0.4966
2026-03-04 20:53:19,138 - utils.logger2026-03-04-20.52.03 - INFO - Cur epoch 19 loss TA:0.7702 TV:0.7555 VA:1.5413 CE:0.4146
2026-03-04 20:53:19,345 - utils.logger2026-03-04-20.52.03 - INFO - saving the model at the end of epoch 19, iters 532
2026-03-04 20:53:19,483 - utils.logger2026-03-04-20.52.03 - INFO - End of training epoch 19 / 40 	 Time Taken: 2 sec
2026-03-04 20:53:19,483 - utils.logger2026-03-04-20.52.03 - INFO - learning rate = 0.0002000
2026-03-04 20:53:19,972 - utils.logger2026-03-04-20.52.03 - INFO - Val result of epoch 19 / 40 acc 0.7902 MAE 0.6197 f1 0.7985
2026-03-04 20:53:20,466 - utils.logger2026-03-04-20.52.03 - INFO - Tst result of epoch 19 / 40 acc 0.7902 MAE 0.6197 f1 0.7985
2026-03-04 20:53:21,438 - utils.logger2026-03-04-20.52.03 - INFO - Cur epoch 20 loss TA:0.7440 TV:0.7249 VA:1.4916 CE:0.6024
2026-03-04 20:53:22,355 - utils.logger2026-03-04-20.52.03 - INFO - Cur epoch 20 loss TA:0.7467 TV:0.7511 VA:1.4606 CE:0.6131
2026-03-04 20:53:23,142 - utils.logger2026-03-04-20.52.03 - INFO - Cur epoch 20 loss TA:0.4179 TV:0.4250 VA:0.8408 CE:0.4385
2026-03-04 20:53:23,202 - utils.logger2026-03-04-20.52.03 - INFO - saving the model at the end of epoch 20, iters 560
2026-03-04 20:53:23,336 - utils.logger2026-03-04-20.52.03 - INFO - End of training epoch 20 / 40 	 Time Taken: 2 sec
2026-03-04 20:53:23,336 - utils.logger2026-03-04-20.52.03 - INFO - learning rate = 0.0002000
2026-03-04 20:53:23,878 - utils.logger2026-03-04-20.52.03 - INFO - Val result of epoch 20 / 40 acc 0.7768 MAE 0.6317 f1 0.7846
2026-03-04 20:53:24,369 - utils.logger2026-03-04-20.52.03 - INFO - Tst result of epoch 20 / 40 acc 0.7768 MAE 0.6317 f1 0.7846
2026-03-04 20:53:25,569 - utils.logger2026-03-04-20.52.03 - INFO - Cur epoch 21 loss TA:0.6997 TV:0.7476 VA:1.4018 CE:0.5632
2026-03-04 20:53:26,408 - utils.logger2026-03-04-20.52.03 - INFO - Cur epoch 21 loss TA:0.7352 TV:0.7586 VA:1.5001 CE:0.4662
2026-03-04 20:53:27,095 - utils.logger2026-03-04-20.52.03 - INFO - saving the model at the end of epoch 21, iters 588
2026-03-04 20:53:27,235 - utils.logger2026-03-04-20.52.03 - INFO - End of training epoch 21 / 40 	 Time Taken: 2 sec
2026-03-04 20:53:27,235 - utils.logger2026-03-04-20.52.03 - INFO - learning rate = 0.0002000
2026-03-04 20:53:27,787 - utils.logger2026-03-04-20.52.03 - INFO - Val result of epoch 21 / 40 acc 0.7545 MAE 0.6251 f1 0.7662
2026-03-04 20:53:28,270 - utils.logger2026-03-04-20.52.03 - INFO - Tst result of epoch 21 / 40 acc 0.7545 MAE 0.6251 f1 0.7662
2026-03-04 20:53:28,779 - utils.logger2026-03-04-20.52.03 - INFO - Cur epoch 22 loss TA:0.7102 TV:0.7574 VA:1.4118 CE:0.5026
2026-03-04 20:53:29,642 - utils.logger2026-03-04-20.52.03 - INFO - Cur epoch 22 loss TA:0.7178 TV:0.7322 VA:1.4763 CE:0.5585
2026-03-04 20:53:30,564 - utils.logger2026-03-04-20.52.03 - INFO - Cur epoch 22 loss TA:0.7138 TV:0.7162 VA:1.4317 CE:0.5556
2026-03-04 20:53:31,217 - utils.logger2026-03-04-20.52.03 - INFO - saving the model at the end of epoch 22, iters 616
2026-03-04 20:53:31,356 - utils.logger2026-03-04-20.52.03 - INFO - End of training epoch 22 / 40 	 Time Taken: 3 sec
2026-03-04 20:53:31,356 - utils.logger2026-03-04-20.52.03 - INFO - learning rate = 0.0002000
2026-03-04 20:53:31,924 - utils.logger2026-03-04-20.52.03 - INFO - Val result of epoch 22 / 40 acc 0.7589 MAE 0.6182 f1 0.7763
2026-03-04 20:53:32,462 - utils.logger2026-03-04-20.52.03 - INFO - Tst result of epoch 22 / 40 acc 0.7589 MAE 0.6182 f1 0.7763
2026-03-04 20:53:33,241 - utils.logger2026-03-04-20.52.03 - INFO - Cur epoch 23 loss TA:0.7121 TV:0.7093 VA:1.4445 CE:0.4801
2026-03-04 20:53:34,147 - utils.logger2026-03-04-20.52.03 - INFO - Cur epoch 23 loss TA:0.6974 TV:0.7030 VA:1.3791 CE:0.3856
2026-03-04 20:53:35,070 - utils.logger2026-03-04-20.52.03 - INFO - Cur epoch 23 loss TA:0.7414 TV:0.7452 VA:1.4983 CE:0.4227
2026-03-04 20:53:35,522 - utils.logger2026-03-04-20.52.03 - INFO - saving the model at the end of epoch 23, iters 644
2026-03-04 20:53:35,707 - utils.logger2026-03-04-20.52.03 - INFO - End of training epoch 23 / 40 	 Time Taken: 3 sec
2026-03-04 20:53:35,707 - utils.logger2026-03-04-20.52.03 - INFO - learning rate = 0.0002000
2026-03-04 20:53:36,234 - utils.logger2026-03-04-20.52.03 - INFO - Val result of epoch 23 / 40 acc 0.7634 MAE 0.6154 f1 0.7837
2026-03-04 20:53:36,809 - utils.logger2026-03-04-20.52.03 - INFO - Tst result of epoch 23 / 40 acc 0.7634 MAE 0.6154 f1 0.7837
2026-03-04 20:53:37,793 - utils.logger2026-03-04-20.52.03 - INFO - Cur epoch 24 loss TA:0.6892 TV:0.7255 VA:1.4448 CE:0.6078
2026-03-04 20:53:38,741 - utils.logger2026-03-04-20.52.03 - INFO - Cur epoch 24 loss TA:0.7303 TV:0.7326 VA:1.4076 CE:0.3176
2026-03-04 20:53:39,695 - utils.logger2026-03-04-20.52.03 - INFO - Cur epoch 24 loss TA:0.7146 TV:0.7446 VA:1.4423 CE:0.4841
2026-03-04 20:53:39,961 - utils.logger2026-03-04-20.52.03 - INFO - saving the model at the end of epoch 24, iters 672
2026-03-04 20:53:40,125 - utils.logger2026-03-04-20.52.03 - INFO - End of training epoch 24 / 40 	 Time Taken: 3 sec
2026-03-04 20:53:40,126 - utils.logger2026-03-04-20.52.03 - INFO - learning rate = 0.0002000
2026-03-04 20:53:40,704 - utils.logger2026-03-04-20.52.03 - INFO - Val result of epoch 24 / 40 acc 0.7545 MAE 0.6202 f1 0.7746
2026-03-04 20:53:41,235 - utils.logger2026-03-04-20.52.03 - INFO - Tst result of epoch 24 / 40 acc 0.7545 MAE 0.6202 f1 0.7746
2026-03-04 20:53:42,433 - utils.logger2026-03-04-20.52.03 - INFO - Cur epoch 25 loss TA:0.7067 TV:0.7095 VA:1.3700 CE:0.3086
2026-03-04 20:53:43,354 - utils.logger2026-03-04-20.52.03 - INFO - Cur epoch 25 loss TA:0.7134 TV:0.7242 VA:1.3630 CE:0.4022
2026-03-04 20:53:44,316 - utils.logger2026-03-04-20.52.03 - INFO - Cur epoch 25 loss TA:0.4586 TV:0.4235 VA:0.8232 CE:0.3330
2026-03-04 20:53:44,399 - utils.logger2026-03-04-20.52.03 - INFO - saving the model at the end of epoch 25, iters 700
2026-03-04 20:53:44,533 - utils.logger2026-03-04-20.52.03 - INFO - End of training epoch 25 / 40 	 Time Taken: 3 sec
2026-03-04 20:53:44,534 - utils.logger2026-03-04-20.52.03 - INFO - learning rate = 0.0002000
2026-03-04 20:53:45,095 - utils.logger2026-03-04-20.52.03 - INFO - Val result of epoch 25 / 40 acc 0.7589 MAE 0.6222 f1 0.7752
2026-03-04 20:53:45,616 - utils.logger2026-03-04-20.52.03 - INFO - Tst result of epoch 25 / 40 acc 0.7589 MAE 0.6222 f1 0.7752
2026-03-04 20:53:46,893 - utils.logger2026-03-04-20.52.03 - INFO - Cur epoch 26 loss TA:0.6880 TV:0.6950 VA:1.3408 CE:0.2824
2026-03-04 20:53:47,814 - utils.logger2026-03-04-20.52.03 - INFO - Cur epoch 26 loss TA:0.6699 TV:0.6530 VA:1.3472 CE:0.3984
2026-03-04 20:53:48,611 - utils.logger2026-03-04-20.52.03 - INFO - saving the model at the end of epoch 26, iters 728
2026-03-04 20:53:48,778 - utils.logger2026-03-04-20.52.03 - INFO - End of training epoch 26 / 40 	 Time Taken: 3 sec
2026-03-04 20:53:48,778 - utils.logger2026-03-04-20.52.03 - INFO - learning rate = 0.0002000
2026-03-04 20:53:49,337 - utils.logger2026-03-04-20.52.03 - INFO - Val result of epoch 26 / 40 acc 0.7768 MAE 0.6302 f1 0.7937
2026-03-04 20:53:49,871 - utils.logger2026-03-04-20.52.03 - INFO - Tst result of epoch 26 / 40 acc 0.7768 MAE 0.6302 f1 0.7937
2026-03-04 20:53:50,443 - utils.logger2026-03-04-20.52.03 - INFO - Cur epoch 27 loss TA:0.6907 TV:0.7234 VA:1.3798 CE:0.3297
2026-03-04 20:53:51,245 - utils.logger2026-03-04-20.52.03 - INFO - Cur epoch 27 loss TA:0.6893 TV:0.6860 VA:1.3329 CE:0.3259
2026-03-04 20:53:52,093 - utils.logger2026-03-04-20.52.03 - INFO - Cur epoch 27 loss TA:0.7176 TV:0.7228 VA:1.4530 CE:0.3713
2026-03-04 20:53:52,747 - utils.logger2026-03-04-20.52.03 - INFO - saving the model at the end of epoch 27, iters 756
2026-03-04 20:53:52,891 - utils.logger2026-03-04-20.52.03 - INFO - End of training epoch 27 / 40 	 Time Taken: 3 sec
2026-03-04 20:53:52,891 - utils.logger2026-03-04-20.52.03 - INFO - learning rate = 0.0002000
2026-03-04 20:53:53,385 - utils.logger2026-03-04-20.52.03 - INFO - Val result of epoch 27 / 40 acc 0.7768 MAE 0.6284 f1 0.7891
2026-03-04 20:53:53,896 - utils.logger2026-03-04-20.52.03 - INFO - Tst result of epoch 27 / 40 acc 0.7768 MAE 0.6284 f1 0.7891
2026-03-04 20:53:54,558 - utils.logger2026-03-04-20.52.03 - INFO - Cur epoch 28 loss TA:0.6744 TV:0.6823 VA:1.3242 CE:0.3078
2026-03-04 20:53:55,343 - utils.logger2026-03-04-20.52.03 - INFO - Cur epoch 28 loss TA:0.6818 TV:0.6911 VA:1.3020 CE:0.5040
2026-03-04 20:53:56,130 - utils.logger2026-03-04-20.52.03 - INFO - Cur epoch 28 loss TA:0.6462 TV:0.6631 VA:1.3103 CE:0.4050
2026-03-04 20:53:56,490 - utils.logger2026-03-04-20.52.03 - INFO - saving the model at the end of epoch 28, iters 784
2026-03-04 20:53:56,630 - utils.logger2026-03-04-20.52.03 - INFO - End of training epoch 28 / 40 	 Time Taken: 2 sec
2026-03-04 20:53:56,630 - utils.logger2026-03-04-20.52.03 - INFO - learning rate = 0.0002000
2026-03-04 20:53:57,170 - utils.logger2026-03-04-20.52.03 - INFO - Val result of epoch 28 / 40 acc 0.7589 MAE 0.6182 f1 0.7719
2026-03-04 20:53:57,669 - utils.logger2026-03-04-20.52.03 - INFO - Tst result of epoch 28 / 40 acc 0.7589 MAE 0.6182 f1 0.7719
2026-03-04 20:53:58,504 - utils.logger2026-03-04-20.52.03 - INFO - Cur epoch 29 loss TA:0.6554 TV:0.6389 VA:1.2924 CE:0.4157
2026-03-04 20:53:59,410 - utils.logger2026-03-04-20.52.03 - INFO - Cur epoch 29 loss TA:0.6798 TV:0.6782 VA:1.3562 CE:0.4245
2026-03-04 20:54:00,255 - utils.logger2026-03-04-20.52.03 - INFO - Cur epoch 29 loss TA:0.6875 TV:0.6976 VA:1.3356 CE:0.2936
2026-03-04 20:54:00,483 - utils.logger2026-03-04-20.52.03 - INFO - saving the model at the end of epoch 29, iters 812
2026-03-04 20:54:00,624 - utils.logger2026-03-04-20.52.03 - INFO - End of training epoch 29 / 40 	 Time Taken: 2 sec
2026-03-04 20:54:00,624 - utils.logger2026-03-04-20.52.03 - INFO - learning rate = 0.0002000
2026-03-04 20:54:01,118 - utils.logger2026-03-04-20.52.03 - INFO - Val result of epoch 29 / 40 acc 0.7455 MAE 0.6299 f1 0.7572
2026-03-04 20:54:01,592 - utils.logger2026-03-04-20.52.03 - INFO - Tst result of epoch 29 / 40 acc 0.7455 MAE 0.6299 f1 0.7572
2026-03-04 20:54:02,577 - utils.logger2026-03-04-20.52.03 - INFO - Cur epoch 30 loss TA:0.6664 TV:0.6624 VA:1.3193 CE:0.4408
2026-03-04 20:54:03,417 - utils.logger2026-03-04-20.52.03 - INFO - Cur epoch 30 loss TA:0.6853 TV:0.6794 VA:1.3504 CE:0.3117
2026-03-04 20:54:04,250 - utils.logger2026-03-04-20.52.03 - INFO - Cur epoch 30 loss TA:0.3710 TV:0.3866 VA:0.7298 CE:0.2667
2026-03-04 20:54:04,310 - utils.logger2026-03-04-20.52.03 - INFO - saving the model at the end of epoch 30, iters 840
2026-03-04 20:54:04,452 - utils.logger2026-03-04-20.52.03 - INFO - End of training epoch 30 / 40 	 Time Taken: 2 sec
2026-03-04 20:54:04,452 - utils.logger2026-03-04-20.52.03 - INFO - learning rate = 0.0001818
2026-03-04 20:54:04,979 - utils.logger2026-03-04-20.52.03 - INFO - Val result of epoch 30 / 40 acc 0.7589 MAE 0.6281 f1 0.7710
2026-03-04 20:54:05,464 - utils.logger2026-03-04-20.52.03 - INFO - Tst result of epoch 30 / 40 acc 0.7589 MAE 0.6281 f1 0.7710
2026-03-04 20:54:06,634 - utils.logger2026-03-04-20.52.03 - INFO - Cur epoch 31 loss TA:0.6332 TV:0.6367 VA:1.2668 CE:0.3216
2026-03-04 20:54:07,488 - utils.logger2026-03-04-20.52.03 - INFO - Cur epoch 31 loss TA:0.6205 TV:0.6357 VA:1.2556 CE:0.2774
2026-03-04 20:54:08,183 - utils.logger2026-03-04-20.52.03 - INFO - saving the model at the end of epoch 31, iters 868
2026-03-04 20:54:08,323 - utils.logger2026-03-04-20.52.03 - INFO - End of training epoch 31 / 40 	 Time Taken: 2 sec
2026-03-04 20:54:08,323 - utils.logger2026-03-04-20.52.03 - INFO - learning rate = 0.0001636
2026-03-04 20:54:08,796 - utils.logger2026-03-04-20.52.03 - INFO - Val result of epoch 31 / 40 acc 0.7589 MAE 0.6390 f1 0.7729
2026-03-04 20:54:09,279 - utils.logger2026-03-04-20.52.03 - INFO - Tst result of epoch 31 / 40 acc 0.7589 MAE 0.6390 f1 0.7729
2026-03-04 20:54:09,776 - utils.logger2026-03-04-20.52.03 - INFO - Cur epoch 32 loss TA:0.6145 TV:0.6060 VA:1.2307 CE:0.2828
2026-03-04 20:54:10,613 - utils.logger2026-03-04-20.52.03 - INFO - Cur epoch 32 loss TA:0.6334 TV:0.6305 VA:1.3123 CE:0.4693
2026-03-04 20:54:11,493 - utils.logger2026-03-04-20.52.03 - INFO - Cur epoch 32 loss TA:0.6554 TV:0.6585 VA:1.2956 CE:0.3419
2026-03-04 20:54:12,079 - utils.logger2026-03-04-20.52.03 - INFO - saving the model at the end of epoch 32, iters 896
2026-03-04 20:54:12,232 - utils.logger2026-03-04-20.52.03 - INFO - End of training epoch 32 / 40 	 Time Taken: 2 sec
2026-03-04 20:54:12,232 - utils.logger2026-03-04-20.52.03 - INFO - learning rate = 0.0001455
2026-03-04 20:54:12,795 - utils.logger2026-03-04-20.52.03 - INFO - Val result of epoch 32 / 40 acc 0.7545 MAE 0.6378 f1 0.7749
2026-03-04 20:54:13,318 - utils.logger2026-03-04-20.52.03 - INFO - Tst result of epoch 32 / 40 acc 0.7545 MAE 0.6378 f1 0.7749
2026-03-04 20:54:13,977 - utils.logger2026-03-04-20.52.03 - INFO - Cur epoch 33 loss TA:0.6732 TV:0.6698 VA:1.3036 CE:0.3610
2026-03-04 20:54:14,788 - utils.logger2026-03-04-20.52.03 - INFO - Cur epoch 33 loss TA:0.6941 TV:0.6988 VA:1.3625 CE:0.3491
2026-03-04 20:54:15,627 - utils.logger2026-03-04-20.52.03 - INFO - Cur epoch 33 loss TA:0.6341 TV:0.6282 VA:1.2745 CE:0.2735
2026-03-04 20:54:16,004 - utils.logger2026-03-04-20.52.03 - INFO - saving the model at the end of epoch 33, iters 924
2026-03-04 20:54:16,135 - utils.logger2026-03-04-20.52.03 - INFO - End of training epoch 33 / 40 	 Time Taken: 2 sec
2026-03-04 20:54:16,136 - utils.logger2026-03-04-20.52.03 - INFO - learning rate = 0.0001273
2026-03-04 20:54:16,675 - utils.logger2026-03-04-20.52.03 - INFO - Val result of epoch 33 / 40 acc 0.7723 MAE 0.6286 f1 0.7849
2026-03-04 20:54:17,175 - utils.logger2026-03-04-20.52.03 - INFO - Tst result of epoch 33 / 40 acc 0.7723 MAE 0.6286 f1 0.7849
2026-03-04 20:54:18,021 - utils.logger2026-03-04-20.52.03 - INFO - Cur epoch 34 loss TA:0.6401 TV:0.6500 VA:1.2692 CE:0.2736
2026-03-04 20:54:18,871 - utils.logger2026-03-04-20.52.03 - INFO - Cur epoch 34 loss TA:0.6521 TV:0.6306 VA:1.2786 CE:0.1893
2026-03-04 20:54:19,726 - utils.logger2026-03-04-20.52.03 - INFO - Cur epoch 34 loss TA:0.6112 TV:0.6242 VA:1.2649 CE:0.3690
2026-03-04 20:54:19,955 - utils.logger2026-03-04-20.52.03 - INFO - saving the model at the end of epoch 34, iters 952
2026-03-04 20:54:20,086 - utils.logger2026-03-04-20.52.03 - INFO - End of training epoch 34 / 40 	 Time Taken: 2 sec
2026-03-04 20:54:20,087 - utils.logger2026-03-04-20.52.03 - INFO - learning rate = 0.0001091
2026-03-04 20:54:20,568 - utils.logger2026-03-04-20.52.03 - INFO - Val result of epoch 34 / 40 acc 0.7500 MAE 0.6354 f1 0.7650
2026-03-04 20:54:21,063 - utils.logger2026-03-04-20.52.03 - INFO - Tst result of epoch 34 / 40 acc 0.7500 MAE 0.6354 f1 0.7650
2026-03-04 20:54:22,067 - utils.logger2026-03-04-20.52.03 - INFO - Cur epoch 35 loss TA:0.6278 TV:0.6293 VA:1.2751 CE:0.2911
2026-03-04 20:54:22,862 - utils.logger2026-03-04-20.52.03 - INFO - Cur epoch 35 loss TA:0.6191 TV:0.6294 VA:1.2494 CE:0.2867
2026-03-04 20:54:23,653 - utils.logger2026-03-04-20.52.03 - INFO - Cur epoch 35 loss TA:0.3280 TV:0.3155 VA:0.7259 CE:0.2885
2026-03-04 20:54:23,706 - utils.logger2026-03-04-20.52.03 - INFO - saving the model at the end of epoch 35, iters 980
2026-03-04 20:54:23,845 - utils.logger2026-03-04-20.52.03 - INFO - End of training epoch 35 / 40 	 Time Taken: 2 sec
2026-03-04 20:54:23,845 - utils.logger2026-03-04-20.52.03 - INFO - learning rate = 0.0000909
2026-03-04 20:54:24,380 - utils.logger2026-03-04-20.52.03 - INFO - Val result of epoch 35 / 40 acc 0.7679 MAE 0.6372 f1 0.7800
2026-03-04 20:54:24,872 - utils.logger2026-03-04-20.52.03 - INFO - Tst result of epoch 35 / 40 acc 0.7679 MAE 0.6372 f1 0.7800
2026-03-04 20:54:26,017 - utils.logger2026-03-04-20.52.03 - INFO - Cur epoch 36 loss TA:0.6051 TV:0.5942 VA:1.1815 CE:0.2059
2026-03-04 20:54:26,845 - utils.logger2026-03-04-20.52.03 - INFO - Cur epoch 36 loss TA:0.6238 TV:0.6029 VA:1.2497 CE:0.1859
2026-03-04 20:54:27,571 - utils.logger2026-03-04-20.52.03 - INFO - saving the model at the end of epoch 36, iters 1008
2026-03-04 20:54:27,708 - utils.logger2026-03-04-20.52.03 - INFO - End of training epoch 36 / 40 	 Time Taken: 2 sec
2026-03-04 20:54:27,709 - utils.logger2026-03-04-20.52.03 - INFO - learning rate = 0.0000727
2026-03-04 20:54:28,202 - utils.logger2026-03-04-20.52.03 - INFO - Val result of epoch 36 / 40 acc 0.7634 MAE 0.6421 f1 0.7792
2026-03-04 20:54:28,668 - utils.logger2026-03-04-20.52.03 - INFO - Tst result of epoch 36 / 40 acc 0.7634 MAE 0.6421 f1 0.7792
2026-03-04 20:54:29,167 - utils.logger2026-03-04-20.52.03 - INFO - Cur epoch 37 loss TA:0.6029 TV:0.6165 VA:1.2180 CE:0.2808
2026-03-04 20:54:29,991 - utils.logger2026-03-04-20.52.03 - INFO - Cur epoch 37 loss TA:0.6125 TV:0.6025 VA:1.2070 CE:0.2780
2026-03-04 20:54:30,823 - utils.logger2026-03-04-20.52.03 - INFO - Cur epoch 37 loss TA:0.5989 TV:0.5926 VA:1.2138 CE:0.2305
2026-03-04 20:54:31,343 - utils.logger2026-03-04-20.52.03 - INFO - saving the model at the end of epoch 37, iters 1036
2026-03-04 20:54:31,486 - utils.logger2026-03-04-20.52.03 - INFO - End of training epoch 37 / 40 	 Time Taken: 2 sec
2026-03-04 20:54:31,487 - utils.logger2026-03-04-20.52.03 - INFO - learning rate = 0.0000545
2026-03-04 20:54:31,964 - utils.logger2026-03-04-20.52.03 - INFO - Val result of epoch 37 / 40 acc 0.7634 MAE 0.6400 f1 0.7795
2026-03-04 20:54:32,466 - utils.logger2026-03-04-20.52.03 - INFO - Tst result of epoch 37 / 40 acc 0.7634 MAE 0.6400 f1 0.7795
2026-03-04 20:54:33,128 - utils.logger2026-03-04-20.52.03 - INFO - Cur epoch 38 loss TA:0.5927 TV:0.6241 VA:1.2163 CE:0.1938
2026-03-04 20:54:33,915 - utils.logger2026-03-04-20.52.03 - INFO - Cur epoch 38 loss TA:0.6405 TV:0.6211 VA:1.3042 CE:0.2552
2026-03-04 20:54:34,720 - utils.logger2026-03-04-20.52.03 - INFO - Cur epoch 38 loss TA:0.5880 TV:0.6125 VA:1.2045 CE:0.3010
2026-03-04 20:54:35,068 - utils.logger2026-03-04-20.52.03 - INFO - saving the model at the end of epoch 38, iters 1064
2026-03-04 20:54:35,206 - utils.logger2026-03-04-20.52.03 - INFO - End of training epoch 38 / 40 	 Time Taken: 2 sec
2026-03-04 20:54:35,207 - utils.logger2026-03-04-20.52.03 - INFO - learning rate = 0.0000364
2026-03-04 20:54:35,707 - utils.logger2026-03-04-20.52.03 - INFO - Val result of epoch 38 / 40 acc 0.7589 MAE 0.6432 f1 0.7749
2026-03-04 20:54:36,216 - utils.logger2026-03-04-20.52.03 - INFO - Tst result of epoch 38 / 40 acc 0.7589 MAE 0.6432 f1 0.7749
2026-03-04 20:54:37,051 - utils.logger2026-03-04-20.52.03 - INFO - Cur epoch 39 loss TA:0.5940 TV:0.5927 VA:1.1753 CE:0.2295
2026-03-04 20:54:37,820 - utils.logger2026-03-04-20.52.03 - INFO - Cur epoch 39 loss TA:0.6116 TV:0.5956 VA:1.2186 CE:0.3006
2026-03-04 20:54:38,657 - utils.logger2026-03-04-20.52.03 - INFO - Cur epoch 39 loss TA:0.6109 TV:0.6088 VA:1.2528 CE:0.1502
2026-03-04 20:54:38,864 - utils.logger2026-03-04-20.52.03 - INFO - saving the model at the end of epoch 39, iters 1092
2026-03-04 20:54:39,001 - utils.logger2026-03-04-20.52.03 - INFO - End of training epoch 39 / 40 	 Time Taken: 2 sec
2026-03-04 20:54:39,002 - utils.logger2026-03-04-20.52.03 - INFO - learning rate = 0.0000182
2026-03-04 20:54:39,490 - utils.logger2026-03-04-20.52.03 - INFO - Val result of epoch 39 / 40 acc 0.7679 MAE 0.6411 f1 0.7797
2026-03-04 20:54:39,960 - utils.logger2026-03-04-20.52.03 - INFO - Tst result of epoch 39 / 40 acc 0.7679 MAE 0.6411 f1 0.7797
2026-03-04 20:54:40,946 - utils.logger2026-03-04-20.52.03 - INFO - Cur epoch 40 loss TA:0.5941 TV:0.6155 VA:1.1821 CE:0.2707
2026-03-04 20:54:41,726 - utils.logger2026-03-04-20.52.03 - INFO - Cur epoch 40 loss TA:0.5908 TV:0.6087 VA:1.2120 CE:0.1914
2026-03-04 20:54:42,562 - utils.logger2026-03-04-20.52.03 - INFO - Cur epoch 40 loss TA:0.2955 TV:0.2749 VA:0.5891 CE:0.0906
2026-03-04 20:54:42,618 - utils.logger2026-03-04-20.52.03 - INFO - saving the model at the end of epoch 40, iters 1120
2026-03-04 20:54:42,752 - utils.logger2026-03-04-20.52.03 - INFO - End of training epoch 40 / 40 	 Time Taken: 2 sec
2026-03-04 20:54:42,753 - utils.logger2026-03-04-20.52.03 - INFO - learning rate = 0.0000000
2026-03-04 20:54:43,265 - utils.logger2026-03-04-20.52.03 - INFO - Val result of epoch 40 / 40 acc 0.7679 MAE 0.6412 f1 0.7797
2026-03-04 20:54:43,767 - utils.logger2026-03-04-20.52.03 - INFO - Tst result of epoch 40 / 40 acc 0.7679 MAE 0.6412 f1 0.7797
2026-03-04 20:54:43,767 - utils.logger2026-03-04-20.52.03 - INFO - Best eval epoch 11 found with f1 0.816447
